#
# There is insufficient memory for the Java Runtime Environment to continue.
# Native memory allocation (malloc) failed to allocate 1770096 bytes for Chunk::new
# Possible reasons:
#   The system is out of physical RAM or swap space
#   The process is running with CompressedOops enabled, and the Java Heap may be blocking the growth of the native heap
# Possible solutions:
#   Reduce memory load on the system
#   Increase physical memory or swap space
#   Check if swap backing store is full
#   Decrease Java heap size (-Xmx/-Xms)
#   Decrease number of Java threads
#   Decrease Java thread stack sizes (-Xss)
#   Set larger code cache with -XX:ReservedCodeCacheSize=
#   JVM is running with Unscaled Compressed Oops mode in which the Java heap is
#     placed in the first 4GB address space. The Java Heap base address is the
#     maximum limit for the native heap growth. Please use -XX:HeapBaseMinAddress
#     to set the Java Heap base and to place the Java Heap above 4GB virtual address.
# This output file may be truncated or incomplete.
#
#  Out of Memory Error (./src/hotspot/share/memory/arena.cpp:197), pid=130036, tid=131012
#
# JRE version: OpenJDK Runtime Environment (11.0.13) (build 11.0.13+0-b1751.21-8125866)
# Java VM: OpenJDK 64-Bit Server VM (11.0.13+0-b1751.21-8125866, mixed mode, tiered, compressed oops, g1 gc, windows-amd64)
# No core dump will be written. Minidumps are not enabled by default on client versions of Windows
#

---------------  S U M M A R Y ------------

Command Line: --add-opens=java.base/java.util=ALL-UNNAMED --add-opens=java.base/java.lang=ALL-UNNAMED --add-opens=java.base/java.lang.invoke=ALL-UNNAMED --add-opens=java.base/java.util=ALL-UNNAMED --add-opens=java.prefs/java.util.prefs=ALL-UNNAMED --add-opens=java.prefs/java.util.prefs=ALL-UNNAMED --add-opens=java.base/java.nio.charset=ALL-UNNAMED --add-opens=java.base/java.net=ALL-UNNAMED --add-opens=java.base/java.util.concurrent.atomic=ALL-UNNAMED -Xmx2048m -Dfile.encoding=windows-1252 -Duser.country=IN -Duser.language=en -Duser.variant org.gradle.launcher.daemon.bootstrap.GradleDaemon 7.2

Host: AMD Ryzen 5 5500U with Radeon Graphics         , 12 cores, 5G,  Windows 11 , 64 bit Build 22000 (10.0.22000.1761)
Time: Thu May 11 23:34:57 2023 India Standard Time elapsed time: 8.485068 seconds (0d 0h 0m 8s)

---------------  T H R E A D  ---------------

Current thread (0x00000204d9099000):  JavaThread "C2 CompilerThread0" daemon [_thread_in_native, id=131012, stack(0x0000004187c00000,0x0000004187d00000)]


Current CompileTask:
C2:   8485 5208       4       groovy.lang.MetaClassImpl$1MOPIter::methodNameAction (325 bytes)

Stack: [0x0000004187c00000,0x0000004187d00000]
Native frames: (J=compiled Java code, j=interpreted, Vv=VM code, C=native code)
V  [jvm.dll+0x6100fa]
V  [jvm.dll+0x747090]
V  [jvm.dll+0x7486ad]
V  [jvm.dll+0x748d83]
V  [jvm.dll+0x24ab48]
V  [jvm.dll+0xc04dc]
V  [jvm.dll+0xc0a0c]
V  [jvm.dll+0x35eb5b]
V  [jvm.dll+0x32b833]
V  [jvm.dll+0x32ad2a]
V  [jvm.dll+0x2032b2]
V  [jvm.dll+0x202437]
V  [jvm.dll+0x188e01]
V  [jvm.dll+0x21106b]
V  [jvm.dll+0x20f8c1]
V  [jvm.dll+0x70de0f]
V  [jvm.dll+0x706a75]
V  [jvm.dll+0x60ed66]
C  [ucrtbase.dll+0x26c0c]
C  [KERNEL32.DLL+0x15590]
C  [ntdll.dll+0x485b]


---------------  P R O C E S S  ---------------

Threads class SMR info:
_java_thread_list=0x00000204ddfc15c0, length=165, elements={
0x00000204be7b4800, 0x00000204d9072000, 0x00000204d907d800, 0x00000204d9094800,
0x00000204d9095800, 0x00000204d9097000, 0x00000204d9099000, 0x00000204d909f800,
0x00000204d90aa800, 0x00000204d9b55000, 0x00000204dbba4800, 0x00000204db894000,
0x00000204dad84800, 0x00000204db4fc800, 0x00000204da576800, 0x00000204dba96000,
0x00000204dba4a800, 0x00000204dba7f000, 0x00000204dba4c000, 0x00000204dbc5f000,
0x00000204dbc5d800, 0x00000204dbc5b800, 0x00000204dbc5c800, 0x00000204dbc5b000,
0x00000204dbc5e000, 0x00000204dbc5f800, 0x00000204dbc60800, 0x00000204dbc61800,
0x00000204dd8af000, 0x00000204dd8af800, 0x00000204dd8ab800, 0x00000204dd8ac800,
0x00000204dd8ad000, 0x00000204dd8b5800, 0x00000204dd8b3000, 0x00000204dd8b3800,
0x00000204dd8b1800, 0x00000204dd8b6000, 0x00000204dd8b0800, 0x00000204dd8b4800,
0x00000204dd8b7000, 0x00000204dd8b8000, 0x00000204dd8b2000, 0x00000204dd8b8800,
0x00000204dd8b9800, 0x00000204dfed3000, 0x00000204dfed7000, 0x00000204dfed4800,
0x00000204dfed8000, 0x00000204dfed2800, 0x00000204dfed4000, 0x00000204dfedb000,
0x00000204dfed6800, 0x00000204dfed9000, 0x00000204dfed5800, 0x00000204dfedf800,
0x00000204dfed9800, 0x00000204dfedd000, 0x00000204dfee0000, 0x00000204dfeda800,
0x00000204dfede800, 0x00000204dfedd800, 0x00000204dfee1000, 0x00000204dfedc000,
0x00000204ddf73000, 0x00000204ddf71000, 0x00000204ddf73800, 0x00000204ddf74800,
0x00000204ddf75800, 0x00000204ddf76000, 0x00000204ddf72000, 0x00000204ddf78800,
0x00000204ddf79800, 0x00000204ddf7c800, 0x00000204ddf77000, 0x00000204ddf7d800,
0x00000204ddf78000, 0x00000204ddf7f000, 0x00000204ddf7e800, 0x00000204ddf80000,
0x00000204ddf7a000, 0x00000204ddf7b000, 0x00000204ddf7c000, 0x00000204dda76000,
0x00000204dda77000, 0x00000204dda74800, 0x00000204dda78000, 0x00000204dda72000,
0x00000204dda75800, 0x00000204dda78800, 0x00000204dda73000, 0x00000204dda79800,
0x00000204dda73800, 0x00000204dda7c800, 0x00000204dda7b000, 0x00000204dda7e800,
0x00000204dda80000, 0x00000204dda7a800, 0x00000204dda7d800, 0x00000204dda7f000,
0x00000204dda81000, 0x00000204dda7c000, 0x00000204dda97000, 0x00000204dda99800,
0x00000204dda96000, 0x00000204dda97800, 0x00000204dda98800, 0x00000204dda93800,
0x00000204dda94800, 0x00000204dda9a000, 0x00000204dda9b000, 0x00000204dda95000,
0x00000204dda9b800, 0x00000204dda9f000, 0x00000204dda9d800, 0x00000204dda9e000,
0x00000204ddaa1800, 0x00000204dda9c800, 0x00000204ddaa0000, 0x00000204ddaa2800,
0x00000204ddaa0800, 0x00000204e00b1000, 0x00000204e00b0000, 0x00000204e00ac000,
0x00000204e00ad000, 0x00000204e00ab800, 0x00000204e00ae800, 0x00000204e00af800,
0x00000204e00b2000, 0x00000204e00b2800, 0x00000204e00b3800, 0x00000204e00ae000,
0x00000204e00b7800, 0x00000204e00b8800, 0x00000204e00b7000, 0x00000204e00b9000,
0x00000204e00ba000, 0x00000204e00b4800, 0x00000204e00b5000, 0x00000204e00b6000,
0x00000204e007e000, 0x00000204e007f000, 0x00000204e0079000, 0x00000204e007c800,
0x00000204e007d000, 0x00000204e007f800, 0x00000204e007a000, 0x00000204e0080800,
0x00000204e007b000, 0x00000204e0081800, 0x00000204e007b800, 0x00000204e0086000,
0x00000204e0084000, 0x00000204e0084800, 0x00000204e0085800, 0x00000204e0087000,
0x00000204e0088000, 0x00000204e0082000, 0x00000204e0083000, 0x00000204ddce0800,
0x00000204ddce5800, 0x00000204ddce6800, 0x00000204ddce7000, 0x00000204ddce1800,
0x00000204ddce8000
}

Java Threads: ( => current thread )
  0x00000204be7b4800 JavaThread "main" [_thread_blocked, id=126476, stack(0x0000004187000000,0x0000004187100000)]
  0x00000204d9072000 JavaThread "Reference Handler" daemon [_thread_blocked, id=95300, stack(0x0000004187700000,0x0000004187800000)]
  0x00000204d907d800 JavaThread "Finalizer" daemon [_thread_blocked, id=108120, stack(0x0000004187800000,0x0000004187900000)]
  0x00000204d9094800 JavaThread "Signal Dispatcher" daemon [_thread_blocked, id=129280, stack(0x0000004187900000,0x0000004187a00000)]
  0x00000204d9095800 JavaThread "Attach Listener" daemon [_thread_blocked, id=99500, stack(0x0000004187a00000,0x0000004187b00000)]
  0x00000204d9097000 JavaThread "Service Thread" daemon [_thread_blocked, id=111516, stack(0x0000004187b00000,0x0000004187c00000)]
=>0x00000204d9099000 JavaThread "C2 CompilerThread0" daemon [_thread_in_native, id=131012, stack(0x0000004187c00000,0x0000004187d00000)]
  0x00000204d909f800 JavaThread "C1 CompilerThread0" daemon [_thread_blocked, id=116216, stack(0x0000004187d00000,0x0000004187e00000)]
  0x00000204d90aa800 JavaThread "Sweeper thread" daemon [_thread_blocked, id=130560, stack(0x0000004187e00000,0x0000004187f00000)]
  0x00000204d9b55000 JavaThread "Common-Cleaner" daemon [_thread_blocked, id=125184, stack(0x0000004187f00000,0x0000004188000000)]
  0x00000204dbba4800 JavaThread "Daemon health stats" [_thread_blocked, id=99512, stack(0x0000004188200000,0x0000004188300000)]
  0x00000204db894000 JavaThread "Incoming local TCP Connector on port 53583" [_thread_in_native, id=111016, stack(0x0000004188500000,0x0000004188600000)]
  0x00000204dad84800 JavaThread "Daemon periodic checks" [_thread_blocked, id=106632, stack(0x0000004188600000,0x0000004188700000)]
  0x00000204db4fc800 JavaThread "Daemon" [_thread_blocked, id=113748, stack(0x0000004188700000,0x0000004188800000)]
  0x00000204da576800 JavaThread "Handler for socket connection from /127.0.0.1:53583 to /127.0.0.1:53584" [_thread_in_native, id=111328, stack(0x0000004188800000,0x0000004188900000)]
  0x00000204dba96000 JavaThread "Cancel handler" [_thread_blocked, id=130236, stack(0x0000004188900000,0x0000004188a00000)]
  0x00000204dba4a800 JavaThread "Daemon worker" [_thread_in_native, id=113716, stack(0x0000004188a00000,0x0000004188b00000)]
  0x00000204dba7f000 JavaThread "Asynchronous log dispatcher for DefaultDaemonConnection: socket connection from /127.0.0.1:53583 to /127.0.0.1:53584" [_thread_blocked, id=97912, stack(0x0000004188b00000,0x0000004188c00000)]
  0x00000204dba4c000 JavaThread "Stdin handler" [_thread_blocked, id=108104, stack(0x0000004188c00000,0x0000004188d00000)]
  0x00000204dbc5f000 JavaThread "Daemon client event forwarder" [_thread_blocked, id=119316, stack(0x0000004188d00000,0x0000004188e00000)]
  0x00000204dbc5d800 JavaThread "Cache worker for journal cache (C:\Users\nraje\.gradle\caches\journal-1)" [_thread_blocked, id=106072, stack(0x0000004188e00000,0x0000004188f00000)]
  0x00000204dbc5b800 JavaThread "File lock request listener" [_thread_in_native, id=116488, stack(0x0000004188f00000,0x0000004189000000)]
  0x00000204dbc5c800 JavaThread "Cache worker for file hash cache (C:\Users\nraje\.gradle\caches\7.2\fileHashes)" [_thread_blocked, id=129664, stack(0x0000004189000000,0x0000004189100000)]
  0x00000204dbc5b000 JavaThread "Cache worker for file hash cache (C:\Users\nraje\AndroidStudioProjects\NOTEIT\.gradle\7.2\fileHashes)" [_thread_blocked, id=91416, stack(0x0000004189900000,0x0000004189a00000)]
  0x00000204dbc5e000 JavaThread "File watcher server" daemon [_thread_in_native, id=105296, stack(0x0000004189a00000,0x0000004189b00000)]
  0x00000204dbc5f800 JavaThread "File watcher consumer" daemon [_thread_blocked, id=130968, stack(0x0000004189b00000,0x0000004189c00000)]
  0x00000204dbc60800 JavaThread "Cache worker for checksums cache (C:\Users\nraje\AndroidStudioProjects\NOTEIT\.gradle\checksums)" [_thread_blocked, id=125992, stack(0x0000004189c00000,0x0000004189d00000)]
  0x00000204dbc61800 JavaThread "Cache worker for cache directory md-supplier (C:\Users\nraje\.gradle\caches\7.2\md-supplier)" [_thread_blocked, id=130944, stack(0x0000004189d00000,0x0000004189e00000)]
  0x00000204dd8af000 JavaThread "Cache worker for cache directory md-rule (C:\Users\nraje\.gradle\caches\7.2\md-rule)" [_thread_blocked, id=129708, stack(0x0000004189e00000,0x0000004189f00000)]
  0x00000204dd8af800 JavaThread "Cache worker for execution history cache (C:\Users\nraje\.gradle\caches\7.2\executionHistory)" [_thread_blocked, id=129244, stack(0x0000004189f00000,0x000000418a000000)]
  0x00000204dd8ab800 JavaThread "jar transforms" [_thread_blocked, id=128712, stack(0x000000418a000000,0x000000418a100000)]
  0x00000204dd8ac800 JavaThread "jar transforms Thread 2" [_thread_blocked, id=129508, stack(0x000000418a100000,0x000000418a200000)]
  0x00000204dd8ad000 JavaThread "Cache worker for file content cache (C:\Users\nraje\.gradle\caches\7.2\fileContent)" [_thread_blocked, id=117768, stack(0x000000418a200000,0x000000418a300000)]
  0x00000204dd8b5800 JavaThread "Cache worker for dependencies-accessors (C:\Users\nraje\AndroidStudioProjects\NOTEIT\.gradle\7.2\dependencies-accessors)" [_thread_blocked, id=99796, stack(0x000000418a300000,0x000000418a400000)]
  0x00000204dd8b3000 JavaThread "jar transforms Thread 3" [_thread_blocked, id=128744, stack(0x000000418a400000,0x000000418a500000)]
  0x00000204dd8b3800 JavaThread "Cache worker for Build Output Cleanup Cache (C:\Users\nraje\AndroidStudioProjects\NOTEIT\.gradle\buildOutputCleanup)" [_thread_blocked, id=110332, stack(0x000000418a500000,0x000000418a600000)]
  0x00000204dd8b1800 JavaThread "Unconstrained build operations" [_thread_blocked, id=76236, stack(0x000000418a600000,0x000000418a700000)]
  0x00000204dd8b6000 JavaThread "Unconstrained build operations Thread 2" [_thread_blocked, id=128508, stack(0x000000418a700000,0x000000418a800000)]
  0x00000204dd8b0800 JavaThread "Unconstrained build operations Thread 3" [_thread_blocked, id=82108, stack(0x000000418a800000,0x000000418a900000)]
  0x00000204dd8b4800 JavaThread "Unconstrained build operations Thread 4" [_thread_blocked, id=92932, stack(0x000000418a900000,0x000000418aa00000)]
  0x00000204dd8b7000 JavaThread "Unconstrained build operations Thread 5" [_thread_blocked, id=115220, stack(0x000000418aa00000,0x000000418ab00000)]
  0x00000204dd8b8000 JavaThread "Unconstrained build operations Thread 6" [_thread_blocked, id=130908, stack(0x000000418ab00000,0x000000418ac00000)]
  0x00000204dd8b2000 JavaThread "Unconstrained build operations Thread 7" [_thread_blocked, id=112916, stack(0x000000418ac00000,0x000000418ad00000)]
  0x00000204dd8b8800 JavaThread "Unconstrained build operations Thread 8" [_thread_blocked, id=130888, stack(0x000000418ad00000,0x000000418ae00000)]
  0x00000204dd8b9800 JavaThread "Unconstrained build operations Thread 9" [_thread_blocked, id=105380, stack(0x000000418ae00000,0x000000418af00000)]
  0x00000204dfed3000 JavaThread "Unconstrained build operations Thread 10" [_thread_blocked, id=128100, stack(0x000000418af00000,0x000000418b000000)]
  0x00000204dfed7000 JavaThread "Unconstrained build operations Thread 11" [_thread_blocked, id=127448, stack(0x000000418b000000,0x000000418b100000)]
  0x00000204dfed4800 JavaThread "Unconstrained build operations Thread 12" [_thread_blocked, id=87168, stack(0x000000418b100000,0x000000418b200000)]
  0x00000204dfed8000 JavaThread "Unconstrained build operations Thread 13" [_thread_blocked, id=120204, stack(0x000000418b200000,0x000000418b300000)]
  0x00000204dfed2800 JavaThread "Unconstrained build operations Thread 14" [_thread_blocked, id=117116, stack(0x000000418b300000,0x000000418b400000)]
  0x00000204dfed4000 JavaThread "Unconstrained build operations Thread 15" [_thread_blocked, id=122316, stack(0x000000418b400000,0x000000418b500000)]
  0x00000204dfedb000 JavaThread "Unconstrained build operations Thread 16" [_thread_blocked, id=126644, stack(0x000000418b500000,0x000000418b600000)]
  0x00000204dfed6800 JavaThread "Unconstrained build operations Thread 17" [_thread_blocked, id=110980, stack(0x000000418b600000,0x000000418b700000)]
  0x00000204dfed9000 JavaThread "Unconstrained build operations Thread 18" [_thread_blocked, id=108848, stack(0x000000418b700000,0x000000418b800000)]
  0x00000204dfed5800 JavaThread "Unconstrained build operations Thread 19" [_thread_blocked, id=130632, stack(0x000000418b800000,0x000000418b900000)]
  0x00000204dfedf800 JavaThread "Unconstrained build operations Thread 20" [_thread_blocked, id=123224, stack(0x000000418b900000,0x000000418ba00000)]
  0x00000204dfed9800 JavaThread "Unconstrained build operations Thread 21" [_thread_blocked, id=112316, stack(0x000000418ba00000,0x000000418bb00000)]
  0x00000204dfedd000 JavaThread "Unconstrained build operations Thread 22" [_thread_blocked, id=130200, stack(0x000000418bb00000,0x000000418bc00000)]
  0x00000204dfee0000 JavaThread "Unconstrained build operations Thread 23" [_thread_blocked, id=120552, stack(0x000000418bc00000,0x000000418bd00000)]
  0x00000204dfeda800 JavaThread "Unconstrained build operations Thread 24" [_thread_blocked, id=114840, stack(0x000000418bd00000,0x000000418be00000)]
  0x00000204dfede800 JavaThread "Unconstrained build operations Thread 25" [_thread_blocked, id=122096, stack(0x000000418be00000,0x000000418bf00000)]
  0x00000204dfedd800 JavaThread "Unconstrained build operations Thread 26" [_thread_blocked, id=130764, stack(0x000000418bf00000,0x000000418c000000)]
  0x00000204dfee1000 JavaThread "Unconstrained build operations Thread 27" [_thread_blocked, id=112072, stack(0x000000418c000000,0x000000418c100000)]
  0x00000204dfedc000 JavaThread "Unconstrained build operations Thread 28" [_thread_blocked, id=127916, stack(0x000000418c100000,0x000000418c200000)]
  0x00000204ddf73000 JavaThread "Unconstrained build operations Thread 29" [_thread_blocked, id=116308, stack(0x000000418c200000,0x000000418c300000)]
  0x00000204ddf71000 JavaThread "Unconstrained build operations Thread 30" [_thread_blocked, id=71168, stack(0x000000418c300000,0x000000418c400000)]
  0x00000204ddf73800 JavaThread "Unconstrained build operations Thread 31" [_thread_blocked, id=130352, stack(0x000000418c400000,0x000000418c500000)]
  0x00000204ddf74800 JavaThread "Unconstrained build operations Thread 32" [_thread_blocked, id=129960, stack(0x000000418c500000,0x000000418c600000)]
  0x00000204ddf75800 JavaThread "Unconstrained build operations Thread 33" [_thread_blocked, id=110372, stack(0x000000418c600000,0x000000418c700000)]
  0x00000204ddf76000 JavaThread "Unconstrained build operations Thread 34" [_thread_blocked, id=110960, stack(0x000000418c700000,0x000000418c800000)]
  0x00000204ddf72000 JavaThread "Unconstrained build operations Thread 35" [_thread_blocked, id=106184, stack(0x000000418c800000,0x000000418c900000)]
  0x00000204ddf78800 JavaThread "Unconstrained build operations Thread 36" [_thread_blocked, id=102748, stack(0x000000418c900000,0x000000418ca00000)]
  0x00000204ddf79800 JavaThread "Unconstrained build operations Thread 37" [_thread_blocked, id=128700, stack(0x000000418ca00000,0x000000418cb00000)]
  0x00000204ddf7c800 JavaThread "Unconstrained build operations Thread 38" [_thread_blocked, id=127864, stack(0x000000418cb00000,0x000000418cc00000)]
  0x00000204ddf77000 JavaThread "Unconstrained build operations Thread 39" [_thread_blocked, id=119984, stack(0x000000418cc00000,0x000000418cd00000)]
  0x00000204ddf7d800 JavaThread "Unconstrained build operations Thread 40" [_thread_blocked, id=87308, stack(0x000000418cd00000,0x000000418ce00000)]
  0x00000204ddf78000 JavaThread "Unconstrained build operations Thread 41" [_thread_blocked, id=115056, stack(0x000000418ce00000,0x000000418cf00000)]
  0x00000204ddf7f000 JavaThread "Unconstrained build operations Thread 42" [_thread_blocked, id=129672, stack(0x000000418cf00000,0x000000418d000000)]
  0x00000204ddf7e800 JavaThread "Unconstrained build operations Thread 43" [_thread_blocked, id=127752, stack(0x000000418d000000,0x000000418d100000)]
  0x00000204ddf80000 JavaThread "Unconstrained build operations Thread 44" [_thread_blocked, id=116448, stack(0x000000418d100000,0x000000418d200000)]
  0x00000204ddf7a000 JavaThread "Unconstrained build operations Thread 45" [_thread_blocked, id=128780, stack(0x000000418d200000,0x000000418d300000)]
  0x00000204ddf7b000 JavaThread "Unconstrained build operations Thread 46" [_thread_blocked, id=125480, stack(0x000000418d300000,0x000000418d400000)]
  0x00000204ddf7c000 JavaThread "Unconstrained build operations Thread 47" [_thread_blocked, id=129292, stack(0x000000418d400000,0x000000418d500000)]
  0x00000204dda76000 JavaThread "Unconstrained build operations Thread 48" [_thread_blocked, id=119232, stack(0x000000418d500000,0x000000418d600000)]
  0x00000204dda77000 JavaThread "Unconstrained build operations Thread 49" [_thread_blocked, id=97160, stack(0x000000418d600000,0x000000418d700000)]
  0x00000204dda74800 JavaThread "Unconstrained build operations Thread 50" [_thread_blocked, id=107192, stack(0x000000418d700000,0x000000418d800000)]
  0x00000204dda78000 JavaThread "Unconstrained build operations Thread 51" [_thread_blocked, id=127768, stack(0x000000418d800000,0x000000418d900000)]
  0x00000204dda72000 JavaThread "Unconstrained build operations Thread 52" [_thread_blocked, id=117616, stack(0x000000418d900000,0x000000418da00000)]
  0x00000204dda75800 JavaThread "Unconstrained build operations Thread 53" [_thread_blocked, id=116592, stack(0x000000418da00000,0x000000418db00000)]
  0x00000204dda78800 JavaThread "Unconstrained build operations Thread 54" [_thread_blocked, id=127272, stack(0x000000418db00000,0x000000418dc00000)]
  0x00000204dda73000 JavaThread "Unconstrained build operations Thread 55" [_thread_blocked, id=96992, stack(0x000000418dc00000,0x000000418dd00000)]
  0x00000204dda79800 JavaThread "Unconstrained build operations Thread 56" [_thread_blocked, id=130272, stack(0x000000418dd00000,0x000000418de00000)]
  0x00000204dda73800 JavaThread "Unconstrained build operations Thread 57" [_thread_blocked, id=107156, stack(0x000000418de00000,0x000000418df00000)]
  0x00000204dda7c800 JavaThread "Unconstrained build operations Thread 58" [_thread_blocked, id=112864, stack(0x000000418df00000,0x000000418e000000)]
  0x00000204dda7b000 JavaThread "Unconstrained build operations Thread 59" [_thread_blocked, id=128192, stack(0x000000418e000000,0x000000418e100000)]
  0x00000204dda7e800 JavaThread "Unconstrained build operations Thread 60" [_thread_blocked, id=123700, stack(0x000000418e100000,0x000000418e200000)]
  0x00000204dda80000 JavaThread "Unconstrained build operations Thread 61" [_thread_blocked, id=127332, stack(0x000000418e200000,0x000000418e300000)]
  0x00000204dda7a800 JavaThread "Unconstrained build operations Thread 62" [_thread_blocked, id=105932, stack(0x000000418e300000,0x000000418e400000)]
  0x00000204dda7d800 JavaThread "Unconstrained build operations Thread 63" [_thread_blocked, id=126576, stack(0x000000418e400000,0x000000418e500000)]
  0x00000204dda7f000 JavaThread "Unconstrained build operations Thread 64" [_thread_blocked, id=118792, stack(0x000000418e500000,0x000000418e600000)]
  0x00000204dda81000 JavaThread "Unconstrained build operations Thread 65" [_thread_blocked, id=117052, stack(0x000000418e600000,0x000000418e700000)]
  0x00000204dda7c000 JavaThread "Unconstrained build operations Thread 66" [_thread_blocked, id=130676, stack(0x000000418e700000,0x000000418e800000)]
  0x00000204dda97000 JavaThread "Unconstrained build operations Thread 67" [_thread_blocked, id=128684, stack(0x000000418e800000,0x000000418e900000)]
  0x00000204dda99800 JavaThread "Unconstrained build operations Thread 68" [_thread_blocked, id=127212, stack(0x000000418e900000,0x000000418ea00000)]
  0x00000204dda96000 JavaThread "Unconstrained build operations Thread 69" [_thread_blocked, id=116476, stack(0x000000418ea00000,0x000000418eb00000)]
  0x00000204dda97800 JavaThread "Unconstrained build operations Thread 70" [_thread_blocked, id=121068, stack(0x000000418eb00000,0x000000418ec00000)]
  0x00000204dda98800 JavaThread "Unconstrained build operations Thread 71" [_thread_blocked, id=116028, stack(0x000000418ec00000,0x000000418ed00000)]
  0x00000204dda93800 JavaThread "Unconstrained build operations Thread 72" [_thread_blocked, id=119960, stack(0x000000418ed00000,0x000000418ee00000)]
  0x00000204dda94800 JavaThread "Unconstrained build operations Thread 73" [_thread_blocked, id=113988, stack(0x000000418ee00000,0x000000418ef00000)]
  0x00000204dda9a000 JavaThread "Unconstrained build operations Thread 74" [_thread_blocked, id=126588, stack(0x000000418ef00000,0x000000418f000000)]
  0x00000204dda9b000 JavaThread "Unconstrained build operations Thread 75" [_thread_blocked, id=106452, stack(0x000000418f000000,0x000000418f100000)]
  0x00000204dda95000 JavaThread "Unconstrained build operations Thread 76" [_thread_blocked, id=99576, stack(0x000000418f100000,0x000000418f200000)]
  0x00000204dda9b800 JavaThread "Unconstrained build operations Thread 77" [_thread_blocked, id=119948, stack(0x000000418f200000,0x000000418f300000)]
  0x00000204dda9f000 JavaThread "Unconstrained build operations Thread 78" [_thread_blocked, id=92420, stack(0x000000418f300000,0x000000418f400000)]
  0x00000204dda9d800 JavaThread "Unconstrained build operations Thread 79" [_thread_blocked, id=125260, stack(0x000000418f400000,0x000000418f500000)]
  0x00000204dda9e000 JavaThread "Unconstrained build operations Thread 80" [_thread_blocked, id=107372, stack(0x000000418f500000,0x000000418f600000)]
  0x00000204ddaa1800 JavaThread "Unconstrained build operations Thread 81" [_thread_blocked, id=119176, stack(0x000000418f600000,0x000000418f700000)]
  0x00000204dda9c800 JavaThread "Unconstrained build operations Thread 82" [_thread_blocked, id=126284, stack(0x000000418f700000,0x000000418f800000)]
  0x00000204ddaa0000 JavaThread "Unconstrained build operations Thread 83" [_thread_blocked, id=122136, stack(0x000000418f800000,0x000000418f900000)]
  0x00000204ddaa2800 JavaThread "Unconstrained build operations Thread 84" [_thread_blocked, id=78444, stack(0x000000418f900000,0x000000418fa00000)]
  0x00000204ddaa0800 JavaThread "Unconstrained build operations Thread 85" [_thread_blocked, id=70312, stack(0x000000418fa00000,0x000000418fb00000)]
  0x00000204e00b1000 JavaThread "Unconstrained build operations Thread 86" [_thread_blocked, id=102336, stack(0x000000418fb00000,0x000000418fc00000)]
  0x00000204e00b0000 JavaThread "Unconstrained build operations Thread 87" [_thread_blocked, id=129228, stack(0x000000418fc00000,0x000000418fd00000)]
  0x00000204e00ac000 JavaThread "Unconstrained build operations Thread 88" [_thread_blocked, id=122896, stack(0x000000418fd00000,0x000000418fe00000)]
  0x00000204e00ad000 JavaThread "Unconstrained build operations Thread 89" [_thread_blocked, id=125964, stack(0x000000418fe00000,0x000000418ff00000)]
  0x00000204e00ab800 JavaThread "Unconstrained build operations Thread 90" [_thread_blocked, id=130220, stack(0x000000418ff00000,0x0000004190000000)]
  0x00000204e00ae800 JavaThread "Unconstrained build operations Thread 91" [_thread_blocked, id=113700, stack(0x0000004190000000,0x0000004190100000)]
  0x00000204e00af800 JavaThread "Unconstrained build operations Thread 92" [_thread_blocked, id=115996, stack(0x0000004190100000,0x0000004190200000)]
  0x00000204e00b2000 JavaThread "Unconstrained build operations Thread 93" [_thread_blocked, id=112804, stack(0x0000004190200000,0x0000004190300000)]
  0x00000204e00b2800 JavaThread "Unconstrained build operations Thread 94" [_thread_blocked, id=121524, stack(0x0000004190300000,0x0000004190400000)]
  0x00000204e00b3800 JavaThread "Unconstrained build operations Thread 95" [_thread_blocked, id=130264, stack(0x0000004190400000,0x0000004190500000)]
  0x00000204e00ae000 JavaThread "Unconstrained build operations Thread 96" [_thread_blocked, id=102884, stack(0x0000004190500000,0x0000004190600000)]
  0x00000204e00b7800 JavaThread "Unconstrained build operations Thread 97" [_thread_blocked, id=111236, stack(0x0000004190600000,0x0000004190700000)]
  0x00000204e00b8800 JavaThread "Unconstrained build operations Thread 98" [_thread_blocked, id=125652, stack(0x0000004190700000,0x0000004190800000)]
  0x00000204e00b7000 JavaThread "Unconstrained build operations Thread 99" [_thread_blocked, id=120036, stack(0x0000004190800000,0x0000004190900000)]
  0x00000204e00b9000 JavaThread "Unconstrained build operations Thread 100" [_thread_blocked, id=127568, stack(0x0000004190900000,0x0000004190a00000)]
  0x00000204e00ba000 JavaThread "Unconstrained build operations Thread 101" [_thread_blocked, id=111576, stack(0x0000004190a00000,0x0000004190b00000)]
  0x00000204e00b4800 JavaThread "Unconstrained build operations Thread 102" [_thread_blocked, id=130404, stack(0x0000004190b00000,0x0000004190c00000)]
  0x00000204e00b5000 JavaThread "Unconstrained build operations Thread 103" [_thread_blocked, id=112384, stack(0x0000004190c00000,0x0000004190d00000)]
  0x00000204e00b6000 JavaThread "Unconstrained build operations Thread 104" [_thread_blocked, id=108116, stack(0x0000004190d00000,0x0000004190e00000)]
  0x00000204e007e000 JavaThread "Unconstrained build operations Thread 105" [_thread_blocked, id=79168, stack(0x0000004190e00000,0x0000004190f00000)]
  0x00000204e007f000 JavaThread "Unconstrained build operations Thread 106" [_thread_blocked, id=126760, stack(0x0000004190f00000,0x0000004191000000)]
  0x00000204e0079000 JavaThread "Unconstrained build operations Thread 107" [_thread_blocked, id=117908, stack(0x0000004191000000,0x0000004191100000)]
  0x00000204e007c800 JavaThread "Unconstrained build operations Thread 108" [_thread_blocked, id=129164, stack(0x0000004191100000,0x0000004191200000)]
  0x00000204e007d000 JavaThread "Unconstrained build operations Thread 109" [_thread_blocked, id=121232, stack(0x0000004191200000,0x0000004191300000)]
  0x00000204e007f800 JavaThread "Unconstrained build operations Thread 110" [_thread_blocked, id=126052, stack(0x0000004191300000,0x0000004191400000)]
  0x00000204e007a000 JavaThread "Unconstrained build operations Thread 111" [_thread_blocked, id=107272, stack(0x0000004191400000,0x0000004191500000)]
  0x00000204e0080800 JavaThread "Unconstrained build operations Thread 112" [_thread_blocked, id=127200, stack(0x0000004191500000,0x0000004191600000)]
  0x00000204e007b000 JavaThread "Unconstrained build operations Thread 113" [_thread_blocked, id=111632, stack(0x0000004191600000,0x0000004191700000)]
  0x00000204e0081800 JavaThread "Unconstrained build operations Thread 114" [_thread_blocked, id=128808, stack(0x0000004191700000,0x0000004191800000)]
  0x00000204e007b800 JavaThread "Unconstrained build operations Thread 115" [_thread_blocked, id=100428, stack(0x0000004191800000,0x0000004191900000)]
  0x00000204e0086000 JavaThread "Unconstrained build operations Thread 116" [_thread_blocked, id=128384, stack(0x0000004191900000,0x0000004191a00000)]
  0x00000204e0084000 JavaThread "Unconstrained build operations Thread 117" [_thread_blocked, id=116204, stack(0x0000004191a00000,0x0000004191b00000)]
  0x00000204e0084800 JavaThread "Unconstrained build operations Thread 118" [_thread_blocked, id=130056, stack(0x0000004191b00000,0x0000004191c00000)]
  0x00000204e0085800 JavaThread "Unconstrained build operations Thread 119" [_thread_blocked, id=105944, stack(0x0000004191c00000,0x0000004191d00000)]
  0x00000204e0087000 JavaThread "Unconstrained build operations Thread 120" [_thread_blocked, id=122900, stack(0x0000004191d00000,0x0000004191e00000)]
  0x00000204e0088000 JavaThread "jar transforms Thread 4" [_thread_blocked, id=119124, stack(0x0000004191e00000,0x0000004191f00000)]
  0x00000204e0082000 JavaThread "jar transforms Thread 5" [_thread_blocked, id=106820, stack(0x0000004191f00000,0x0000004192000000)]
  0x00000204e0083000 JavaThread "jar transforms Thread 6" [_thread_blocked, id=122164, stack(0x0000004192000000,0x0000004192100000)]
  0x00000204ddce0800 JavaThread "jar transforms Thread 7" [_thread_blocked, id=7340, stack(0x0000004192100000,0x0000004192200000)]
  0x00000204ddce5800 JavaThread "jar transforms Thread 8" [_thread_blocked, id=118472, stack(0x0000004192200000,0x0000004192300000)]
  0x00000204ddce6800 JavaThread "jar transforms Thread 9" [_thread_blocked, id=128752, stack(0x0000004192300000,0x0000004192400000)]
  0x00000204ddce7000 JavaThread "jar transforms Thread 10" [_thread_blocked, id=127048, stack(0x0000004192400000,0x0000004192500000)]
  0x00000204ddce1800 JavaThread "jar transforms Thread 11" [_thread_blocked, id=107608, stack(0x0000004192500000,0x0000004192600000)]
  0x00000204ddce8000 JavaThread "jar transforms Thread 12" [_thread_blocked, id=89156, stack(0x0000004192600000,0x0000004192700000)]

Other Threads:
  0x00000204d906d800 VMThread "VM Thread" [stack: 0x0000004187600000,0x0000004187700000] [id=126604]
  0x00000204d9b97000 WatcherThread [stack: 0x0000004188000000,0x0000004188100000] [id=109908]
  0x00000204be7c9800 GCTaskThread "GC Thread#0" [stack: 0x0000004187100000,0x0000004187200000] [id=116392]
  0x00000204da5e4800 GCTaskThread "GC Thread#1" [stack: 0x0000004188100000,0x0000004188200000] [id=110296]
  0x00000204dbb74800 GCTaskThread "GC Thread#2" [stack: 0x0000004188300000,0x0000004188400000] [id=103884]
  0x00000204dbb5b800 GCTaskThread "GC Thread#3" [stack: 0x0000004188400000,0x0000004188500000] [id=115616]
  0x00000204dbc57800 GCTaskThread "GC Thread#4" [stack: 0x0000004189100000,0x0000004189200000] [id=127296]
  0x00000204dbdb7800 GCTaskThread "GC Thread#5" [stack: 0x0000004189200000,0x0000004189300000] [id=118464]
  0x00000204dbc5a000 GCTaskThread "GC Thread#6" [stack: 0x0000004189300000,0x0000004189400000] [id=126720]
  0x00000204dbd73000 GCTaskThread "GC Thread#7" [stack: 0x0000004189400000,0x0000004189500000] [id=128624]
  0x00000204dadf5000 GCTaskThread "GC Thread#8" [stack: 0x0000004189500000,0x0000004189600000] [id=127804]
  0x00000204dbdd8800 GCTaskThread "GC Thread#9" [stack: 0x0000004189600000,0x0000004189700000] [id=123688]
  0x00000204be7fc000 ConcurrentGCThread "G1 Main Marker" [stack: 0x0000004187200000,0x0000004187300000] [id=114944]
  0x00000204be7fd000 ConcurrentGCThread "G1 Conc#0" [stack: 0x0000004187300000,0x0000004187400000] [id=122628]
  0x00000204dc0e1000 ConcurrentGCThread "G1 Conc#1" [stack: 0x0000004189700000,0x0000004189800000] [id=120772]
  0x00000204dc0e2000 ConcurrentGCThread "G1 Conc#2" [stack: 0x0000004189800000,0x0000004189900000] [id=130364]
  0x00000204be88a800 ConcurrentGCThread "G1 Refine#0" [stack: 0x0000004187400000,0x0000004187500000] [id=126492]
  0x00000204be88d800 ConcurrentGCThread "G1 Young RemSet Sampling" [stack: 0x0000004187500000,0x0000004187600000] [id=86820]

Threads with active compile tasks:
C2 CompilerThread0   8523 5208       4       groovy.lang.MetaClassImpl$1MOPIter::methodNameAction (325 bytes)

VM state:not at safepoint (normal execution)

VM Mutex/Monitor currently owned by a thread: None

Heap address: 0x0000000080000000, size: 2048 MB, Compressed Oops mode: 32-bit
Narrow klass base: 0x0000000000000000, Narrow klass shift: 3
Compressed class space size: 1073741824 Address: 0x0000000100000000

Heap:
 garbage-first heap   total 96256K, used 42229K [0x0000000080000000, 0x0000000100000000)
  region size 1024K, 14 young (14336K), 5 survivors (5120K)
 Metaspace       used 47690K, capacity 48927K, committed 49104K, reserved 1091584K
  class space    used 6004K, capacity 6494K, committed 6528K, reserved 1048576K
Heap Regions: E=young(eden), S=young(survivor), O=old, HS=humongous(starts), HC=humongous(continues), CS=collection set, F=free, A=archive, TAMS=top-at-mark-start (previous, next)
|   0|0x0000000080000000, 0x0000000080100000, 0x0000000080100000|100%| O|  |TAMS 0x0000000080100000, 0x0000000080000000| Untracked 
|   1|0x0000000080100000, 0x0000000080200000, 0x0000000080200000|100%| O|  |TAMS 0x0000000080200000, 0x0000000080100000| Untracked 
|   2|0x0000000080200000, 0x0000000080300000, 0x0000000080300000|100%| O|  |TAMS 0x0000000080300000, 0x0000000080200000| Untracked 
|   3|0x0000000080300000, 0x0000000080400000, 0x0000000080400000|100%|HS|  |TAMS 0x0000000080400000, 0x0000000080300000| Complete 
|   4|0x0000000080400000, 0x0000000080500000, 0x0000000080500000|100%|HC|  |TAMS 0x0000000080500000, 0x0000000080400000| Complete 
|   5|0x0000000080500000, 0x0000000080600000, 0x0000000080600000|100%|HC|  |TAMS 0x0000000080600000, 0x0000000080500000| Complete 
|   6|0x0000000080600000, 0x0000000080700000, 0x0000000080700000|100%| O|  |TAMS 0x0000000080700000, 0x0000000080600000| Untracked 
|   7|0x0000000080700000, 0x0000000080800000, 0x0000000080800000|100%| O|  |TAMS 0x0000000080800000, 0x0000000080700000| Untracked 
|   8|0x0000000080800000, 0x0000000080900000, 0x0000000080900000|100%| O|  |TAMS 0x0000000080900000, 0x0000000080800000| Untracked 
|   9|0x0000000080900000, 0x0000000080a00000, 0x0000000080a00000|100%| O|  |TAMS 0x0000000080a00000, 0x0000000080900000| Untracked 
|  10|0x0000000080a00000, 0x0000000080b00000, 0x0000000080b00000|100%| O|  |TAMS 0x0000000080b00000, 0x0000000080a00000| Untracked 
|  11|0x0000000080b00000, 0x0000000080c00000, 0x0000000080c00000|100%| O|  |TAMS 0x0000000080c00000, 0x0000000080b00000| Untracked 
|  12|0x0000000080c00000, 0x0000000080d00000, 0x0000000080d00000|100%| O|  |TAMS 0x0000000080d00000, 0x0000000080c00000| Untracked 
|  13|0x0000000080d00000, 0x0000000080e00000, 0x0000000080e00000|100%| O|  |TAMS 0x0000000080e00000, 0x0000000080d00000| Untracked 
|  14|0x0000000080e00000, 0x0000000080f00000, 0x0000000080f00000|100%| O|  |TAMS 0x0000000080f00000, 0x0000000080e00000| Untracked 
|  15|0x0000000080f00000, 0x0000000081000000, 0x0000000081000000|100%| O|  |TAMS 0x0000000081000000, 0x0000000080f00000| Untracked 
|  16|0x0000000081000000, 0x0000000081100000, 0x0000000081100000|100%| O|  |TAMS 0x0000000081074200, 0x0000000081000000| Untracked 
|  17|0x0000000081100000, 0x0000000081200000, 0x0000000081200000|100%| O|  |TAMS 0x0000000081100000, 0x0000000081100000| Untracked 
|  18|0x0000000081200000, 0x0000000081300000, 0x0000000081300000|100%| O|  |TAMS 0x0000000081200000, 0x0000000081200000| Untracked 
|  19|0x0000000081300000, 0x0000000081400000, 0x0000000081400000|100%| O|  |TAMS 0x0000000081300000, 0x0000000081300000| Untracked 
|  20|0x0000000081400000, 0x0000000081500000, 0x0000000081500000|100%| O|  |TAMS 0x0000000081400000, 0x0000000081400000| Untracked 
|  21|0x0000000081500000, 0x0000000081600000, 0x0000000081600000|100%| O|  |TAMS 0x0000000081500000, 0x0000000081500000| Untracked 
|  22|0x0000000081600000, 0x0000000081700000, 0x0000000081700000|100%| O|  |TAMS 0x0000000081600000, 0x0000000081600000| Untracked 
|  23|0x0000000081700000, 0x0000000081800000, 0x0000000081800000|100%| O|  |TAMS 0x0000000081700000, 0x0000000081700000| Untracked 
|  24|0x0000000081800000, 0x0000000081900000, 0x0000000081900000|100%| O|  |TAMS 0x0000000081800000, 0x0000000081800000| Untracked 
|  25|0x0000000081900000, 0x0000000081a00000, 0x0000000081a00000|100%| O|  |TAMS 0x0000000081900000, 0x0000000081900000| Untracked 
|  26|0x0000000081a00000, 0x0000000081b00000, 0x0000000081b00000|100%| O|  |TAMS 0x0000000081a00000, 0x0000000081a00000| Untracked 
|  27|0x0000000081b00000, 0x0000000081b2d800, 0x0000000081c00000| 17%| O|  |TAMS 0x0000000081b00000, 0x0000000081b00000| Untracked 
|  28|0x0000000081c00000, 0x0000000081d00000, 0x0000000081d00000|100%|HS|  |TAMS 0x0000000081c00000, 0x0000000081c00000| Complete 
|  29|0x0000000081d00000, 0x0000000081e00000, 0x0000000081e00000|100%|HS|  |TAMS 0x0000000081d00000, 0x0000000081d00000| Complete 
|  30|0x0000000081e00000, 0x0000000081f00000, 0x0000000081f00000|100%|HS|  |TAMS 0x0000000081e00000, 0x0000000081e00000| Complete 
|  31|0x0000000081f00000, 0x0000000081f00000, 0x0000000082000000|  0%| F|  |TAMS 0x0000000081f00000, 0x0000000081f00000| Untracked 
|  32|0x0000000082000000, 0x0000000082000000, 0x0000000082100000|  0%| F|  |TAMS 0x0000000082000000, 0x0000000082000000| Untracked 
|  33|0x0000000082100000, 0x0000000082100000, 0x0000000082200000|  0%| F|  |TAMS 0x0000000082100000, 0x0000000082100000| Untracked 
|  34|0x0000000082200000, 0x0000000082200000, 0x0000000082300000|  0%| F|  |TAMS 0x0000000082200000, 0x0000000082200000| Untracked 
|  35|0x0000000082300000, 0x0000000082300000, 0x0000000082400000|  0%| F|  |TAMS 0x0000000082300000, 0x0000000082300000| Untracked 
|  36|0x0000000082400000, 0x0000000082400000, 0x0000000082500000|  0%| F|  |TAMS 0x0000000082400000, 0x0000000082400000| Untracked 
|  37|0x0000000082500000, 0x0000000082500000, 0x0000000082600000|  0%| F|  |TAMS 0x0000000082500000, 0x0000000082500000| Untracked 
|  38|0x0000000082600000, 0x0000000082600000, 0x0000000082700000|  0%| F|  |TAMS 0x0000000082600000, 0x0000000082600000| Untracked 
|  39|0x0000000082700000, 0x0000000082700000, 0x0000000082800000|  0%| F|  |TAMS 0x0000000082700000, 0x0000000082700000| Untracked 
|  40|0x0000000082800000, 0x0000000082800000, 0x0000000082900000|  0%| F|  |TAMS 0x0000000082800000, 0x0000000082800000| Untracked 
|  41|0x0000000082900000, 0x0000000082900000, 0x0000000082a00000|  0%| F|  |TAMS 0x0000000082900000, 0x0000000082900000| Untracked 
|  42|0x0000000082a00000, 0x0000000082a0fe80, 0x0000000082b00000|  6%| S|CS|TAMS 0x0000000082a00000, 0x0000000082a00000| Complete 
|  43|0x0000000082b00000, 0x0000000082c00000, 0x0000000082c00000|100%| S|CS|TAMS 0x0000000082b00000, 0x0000000082b00000| Complete 
|  44|0x0000000082c00000, 0x0000000082c00000, 0x0000000082d00000|  0%| F|  |TAMS 0x0000000082c00000, 0x0000000082c00000| Untracked 
|  45|0x0000000082d00000, 0x0000000082d00000, 0x0000000082e00000|  0%| F|  |TAMS 0x0000000082d00000, 0x0000000082d00000| Untracked 
|  46|0x0000000082e00000, 0x0000000082e00000, 0x0000000082f00000|  0%| F|  |TAMS 0x0000000082e00000, 0x0000000082e00000| Untracked 
|  47|0x0000000082f00000, 0x0000000082f00000, 0x0000000083000000|  0%| F|  |TAMS 0x0000000082f00000, 0x0000000082f00000| Untracked 
|  48|0x0000000083000000, 0x0000000083100000, 0x0000000083100000|100%| S|CS|TAMS 0x0000000083000000, 0x0000000083000000| Complete 
|  49|0x0000000083100000, 0x0000000083200000, 0x0000000083200000|100%| S|CS|TAMS 0x0000000083100000, 0x0000000083100000| Complete 
|  50|0x0000000083200000, 0x0000000083300000, 0x0000000083300000|100%| S|CS|TAMS 0x0000000083200000, 0x0000000083200000| Complete 
|  51|0x0000000083300000, 0x0000000083300000, 0x0000000083400000|  0%| F|  |TAMS 0x0000000083300000, 0x0000000083300000| Untracked 
|  52|0x0000000083400000, 0x0000000083400000, 0x0000000083500000|  0%| F|  |TAMS 0x0000000083400000, 0x0000000083400000| Untracked 
|  53|0x0000000083500000, 0x0000000083500000, 0x0000000083600000|  0%| F|  |TAMS 0x0000000083500000, 0x0000000083500000| Untracked 
|  54|0x0000000083600000, 0x0000000083600000, 0x0000000083700000|  0%| F|  |TAMS 0x0000000083600000, 0x0000000083600000| Untracked 
|  55|0x0000000083700000, 0x0000000083700000, 0x0000000083800000|  0%| F|  |TAMS 0x0000000083700000, 0x0000000083700000| Untracked 
|  56|0x0000000083800000, 0x0000000083800000, 0x0000000083900000|  0%| F|  |TAMS 0x0000000083800000, 0x0000000083800000| Untracked 
|  57|0x0000000083900000, 0x0000000083900000, 0x0000000083a00000|  0%| F|  |TAMS 0x0000000083900000, 0x0000000083900000| Untracked 
|  58|0x0000000083a00000, 0x0000000083a00000, 0x0000000083b00000|  0%| F|  |TAMS 0x0000000083a00000, 0x0000000083a00000| Untracked 
|  59|0x0000000083b00000, 0x0000000083b00000, 0x0000000083c00000|  0%| F|  |TAMS 0x0000000083b00000, 0x0000000083b00000| Untracked 
|  60|0x0000000083c00000, 0x0000000083c00000, 0x0000000083d00000|  0%| F|  |TAMS 0x0000000083c00000, 0x0000000083c00000| Untracked 
|  61|0x0000000083d00000, 0x0000000083d00000, 0x0000000083e00000|  0%| F|  |TAMS 0x0000000083d00000, 0x0000000083d00000| Untracked 
|  62|0x0000000083e00000, 0x0000000083e00000, 0x0000000083f00000|  0%| F|  |TAMS 0x0000000083e00000, 0x0000000083e00000| Untracked 
|  63|0x0000000083f00000, 0x0000000083f00000, 0x0000000084000000|  0%| F|  |TAMS 0x0000000083f00000, 0x0000000083f00000| Untracked 
|  64|0x0000000084000000, 0x0000000084000000, 0x0000000084100000|  0%| F|  |TAMS 0x0000000084000000, 0x0000000084000000| Untracked 
|  65|0x0000000084100000, 0x0000000084100000, 0x0000000084200000|  0%| F|  |TAMS 0x0000000084100000, 0x0000000084100000| Untracked 
|  66|0x0000000084200000, 0x0000000084200000, 0x0000000084300000|  0%| F|  |TAMS 0x0000000084200000, 0x0000000084200000| Untracked 
|  67|0x0000000084300000, 0x0000000084300000, 0x0000000084400000|  0%| F|  |TAMS 0x0000000084300000, 0x0000000084300000| Untracked 
|  68|0x0000000084400000, 0x0000000084400000, 0x0000000084500000|  0%| F|  |TAMS 0x0000000084400000, 0x0000000084400000| Untracked 
|  69|0x0000000084500000, 0x0000000084500000, 0x0000000084600000|  0%| F|  |TAMS 0x0000000084500000, 0x0000000084500000| Untracked 
|  70|0x0000000084600000, 0x0000000084600000, 0x0000000084700000|  0%| F|  |TAMS 0x0000000084600000, 0x0000000084600000| Untracked 
|  71|0x0000000084700000, 0x0000000084700000, 0x0000000084800000|  0%| F|  |TAMS 0x0000000084700000, 0x0000000084700000| Untracked 
|  72|0x0000000084800000, 0x0000000084800000, 0x0000000084900000|  0%| F|  |TAMS 0x0000000084800000, 0x0000000084800000| Untracked 
|  73|0x0000000084900000, 0x0000000084900000, 0x0000000084a00000|  0%| F|  |TAMS 0x0000000084900000, 0x0000000084900000| Untracked 
|  74|0x0000000084a00000, 0x0000000084a00000, 0x0000000084b00000|  0%| F|  |TAMS 0x0000000084a00000, 0x0000000084a00000| Untracked 
|  75|0x0000000084b00000, 0x0000000084b00000, 0x0000000084c00000|  0%| F|  |TAMS 0x0000000084b00000, 0x0000000084b00000| Untracked 
|  76|0x0000000084c00000, 0x0000000084c00000, 0x0000000084d00000|  0%| F|  |TAMS 0x0000000084c00000, 0x0000000084c00000| Untracked 
|  77|0x0000000084d00000, 0x0000000084d00000, 0x0000000084e00000|  0%| F|  |TAMS 0x0000000084d00000, 0x0000000084d00000| Untracked 
|  78|0x0000000084e00000, 0x0000000084e00000, 0x0000000084f00000|  0%| F|  |TAMS 0x0000000084e00000, 0x0000000084e00000| Untracked 
|  79|0x0000000084f00000, 0x0000000084f00000, 0x0000000085000000|  0%| F|  |TAMS 0x0000000084f00000, 0x0000000084f00000| Untracked 
|  80|0x0000000085000000, 0x0000000085000000, 0x0000000085100000|  0%| F|  |TAMS 0x0000000085000000, 0x0000000085000000| Untracked 
|  81|0x0000000085100000, 0x0000000085100000, 0x0000000085200000|  0%| F|  |TAMS 0x0000000085100000, 0x0000000085100000| Untracked 
|  82|0x0000000085200000, 0x0000000085200000, 0x0000000085300000|  0%| F|  |TAMS 0x0000000085200000, 0x0000000085200000| Untracked 
|  83|0x0000000085300000, 0x0000000085300000, 0x0000000085400000|  0%| F|  |TAMS 0x0000000085300000, 0x0000000085300000| Untracked 
|  84|0x0000000085400000, 0x0000000085400000, 0x0000000085500000|  0%| F|  |TAMS 0x0000000085400000, 0x0000000085400000| Untracked 
|  85|0x0000000085500000, 0x00000000855b64d0, 0x0000000085600000| 71%| E|  |TAMS 0x0000000085500000, 0x0000000085500000| Complete 
|  86|0x0000000085600000, 0x0000000085700000, 0x0000000085700000|100%| E|CS|TAMS 0x0000000085600000, 0x0000000085600000| Complete 
|  87|0x0000000085700000, 0x0000000085800000, 0x0000000085800000|100%| E|CS|TAMS 0x0000000085700000, 0x0000000085700000| Complete 
|  88|0x0000000085800000, 0x0000000085900000, 0x0000000085900000|100%| E|CS|TAMS 0x0000000085800000, 0x0000000085800000| Complete 
|  89|0x0000000085900000, 0x0000000085a00000, 0x0000000085a00000|100%| E|CS|TAMS 0x0000000085900000, 0x0000000085900000| Complete 
|  90|0x0000000085a00000, 0x0000000085b00000, 0x0000000085b00000|100%| E|CS|TAMS 0x0000000085a00000, 0x0000000085a00000| Complete 
|  91|0x0000000085b00000, 0x0000000085c00000, 0x0000000085c00000|100%| E|  |TAMS 0x0000000085b00000, 0x0000000085b00000| Complete 
|  92|0x0000000085c00000, 0x0000000085d00000, 0x0000000085d00000|100%| E|CS|TAMS 0x0000000085c00000, 0x0000000085c00000| Complete 
|  93|0x0000000085d00000, 0x0000000085e00000, 0x0000000085e00000|100%| E|CS|TAMS 0x0000000085d00000, 0x0000000085d00000| Complete 

Card table byte_map: [0x00000204d1c20000,0x00000204d2020000] _byte_map_base: 0x00000204d1820000

Marking Bits (Prev, Next): (CMBitMap*) 0x00000204be7f3468, (CMBitMap*) 0x00000204be7f34a0
 Prev Bits: [0x00000204d2420000, 0x00000204d4420000)
 Next Bits: [0x00000204d4420000, 0x00000204d6420000)

Polling page: 0x00000204bc7c0000

Metaspace:

Usage:
  Non-class:     41.44 MB capacity,    40.71 MB ( 98%) used,   620.39 KB (  1%) free+waste,   127.00 KB ( <1%) overhead. 
      Class:      6.34 MB capacity,     5.86 MB ( 92%) used,   428.93 KB (  7%) free+waste,    60.25 KB ( <1%) overhead. 
       Both:     47.78 MB capacity,    46.57 MB ( 97%) used,     1.02 MB (  2%) free+waste,   187.25 KB ( <1%) overhead. 

Virtual space:
  Non-class space:       42.00 MB reserved,      41.58 MB ( 99%) committed 
      Class space:        1.00 GB reserved,       6.38 MB ( <1%) committed 
             Both:        1.04 GB reserved,      47.95 MB (  4%) committed 

Chunk freelists:
   Non-Class:  15.00 KB
       Class:  0 bytes
        Both:  15.00 KB

MaxMetaspaceSize: 17179869184.00 GB
CompressedClassSpaceSize: 1.00 GB
Initial GC threshold: 20.80 MB
Current GC threshold: 58.88 MB
CDS: off

CodeHeap 'non-profiled nmethods': size=120000Kb used=2433Kb max_used=2433Kb free=117566Kb
 bounds [0x00000204c9da0000, 0x00000204ca010000, 0x00000204d12d0000]
CodeHeap 'profiled nmethods': size=120000Kb used=10551Kb max_used=10551Kb free=109448Kb
 bounds [0x00000204c2870000, 0x00000204c32c0000, 0x00000204c9da0000]
CodeHeap 'non-nmethods': size=5760Kb used=2288Kb max_used=2324Kb free=3471Kb
 bounds [0x00000204c22d0000, 0x00000204c2540000, 0x00000204c2870000]
 total_blobs=5973 nmethods=5188 adapters=697
 compilation: enabled
              stopped_count=0, restarted_count=0
 full_count=0

Compilation events (20 events):
Event: 8.454 Thread 0x00000204d909f800 5217   !   3       sun.nio.fs.WindowsPath::getPathForWin32Calls (138 bytes)
Event: 8.456 Thread 0x00000204d909f800 nmethod 5217 0x00000204c32b0d10 code [0x00000204c32b1020, 0x00000204c32b21b8]
Event: 8.457 Thread 0x00000204d909f800 5218   !   3       java.util.zip.ZipFile$Source::<init> (158 bytes)
Event: 8.458 Thread 0x00000204d909f800 nmethod 5218 0x00000204c32b2790 code [0x00000204c32b2b40, 0x00000204c32b4518]
Event: 8.462 Thread 0x00000204d909f800 5219       3       sun.nio.fs.NativeBuffers::getNativeBuffer (21 bytes)
Event: 8.462 Thread 0x00000204d909f800 nmethod 5219 0x00000204c32b4e90 code [0x00000204c32b5060, 0x00000204c32b5358]
Event: 8.464 Thread 0x00000204d909f800 5220       3       sun.nio.fs.WindowsPath::checkRead (17 bytes)
Event: 8.465 Thread 0x00000204d909f800 nmethod 5220 0x00000204c32b5490 code [0x00000204c32b56a0, 0x00000204c32b5d48]
Event: 8.473 Thread 0x00000204d909f800 5221       3       sun.nio.fs.WindowsFileSystemProvider::getFileAttributeView (132 bytes)
Event: 8.474 Thread 0x00000204d909f800 nmethod 5221 0x00000204c32b5f90 code [0x00000204c32b62c0, 0x00000204c32b76e8]
Event: 8.475 Thread 0x00000204d909f800 5222   !   3       sun.nio.fs.WindowsFileAttributes::get (214 bytes)
Event: 8.477 Thread 0x00000204d909f800 nmethod 5222 0x00000204c32b7d10 code [0x00000204c32b8220, 0x00000204c32ba368]
Event: 8.477 Thread 0x00000204d909f800 5223   !   3       sun.nio.fs.WindowsNativeDispatcher::GetFileAttributesEx (30 bytes)
Event: 8.477 Thread 0x00000204d909f800 nmethod 5223 0x00000204c32bb610 code [0x00000204c32bb800, 0x00000204c32bbad8]
Event: 8.477 Thread 0x00000204d909f800 5225       3       sun.nio.fs.WindowsFileAttributes::fromFileAttributeData (104 bytes)
Event: 8.478 Thread 0x00000204d909f800 nmethod 5225 0x00000204c32bbd10 code [0x00000204c32bbf00, 0x00000204c32bc3a8]
Event: 8.480 Thread 0x00000204d909f800 5226       3       sun.nio.fs.WindowsFileAttributeViews$Basic::readAttributes (5 bytes)
Event: 8.480 Thread 0x00000204d909f800 nmethod 5226 0x00000204c32bc610 code [0x00000204c32bc7c0, 0x00000204c32bc968]
Event: 8.480 Thread 0x00000204d909f800 5227   !   3       sun.nio.fs.WindowsFileAttributeViews$Basic::readAttributes (30 bytes)
Event: 8.481 Thread 0x00000204d909f800 nmethod 5227 0x00000204c32bca10 code [0x00000204c32bcc60, 0x00000204c32bd4a8]

GC Heap History (20 events):
Event: 1.423 GC heap before
{Heap before GC invocations=0 (full 0):
 garbage-first heap   total 96256K, used 29696K [0x0000000080000000, 0x0000000100000000)
  region size 1024K, 24 young (24576K), 0 survivors (0K)
 Metaspace       used 10236K, capacity 10499K, committed 10624K, reserved 1058816K
  class space    used 1054K, capacity 1141K, committed 1152K, reserved 1048576K
}
Event: 1.437 GC heap after
{Heap after GC invocations=1 (full 0):
 garbage-first heap   total 96256K, used 9624K [0x0000000080000000, 0x0000000100000000)
  region size 1024K, 3 young (3072K), 3 survivors (3072K)
 Metaspace       used 10236K, capacity 10499K, committed 10624K, reserved 1058816K
  class space    used 1054K, capacity 1141K, committed 1152K, reserved 1048576K
}
Event: 2.455 GC heap before
{Heap before GC invocations=1 (full 0):
 garbage-first heap   total 96256K, used 63896K [0x0000000080000000, 0x0000000100000000)
  region size 1024K, 56 young (57344K), 3 survivors (3072K)
 Metaspace       used 13629K, capacity 13953K, committed 14208K, reserved 1062912K
  class space    used 1484K, capacity 1591K, committed 1664K, reserved 1048576K
}
Event: 2.461 GC heap after
{Heap after GC invocations=2 (full 0):
 garbage-first heap   total 96256K, used 14854K [0x0000000080000000, 0x0000000100000000)
  region size 1024K, 7 young (7168K), 7 survivors (7168K)
 Metaspace       used 13629K, capacity 13953K, committed 14208K, reserved 1062912K
  class space    used 1484K, capacity 1591K, committed 1664K, reserved 1048576K
}
Event: 3.718 GC heap before
{Heap before GC invocations=2 (full 0):
 garbage-first heap   total 96256K, used 60934K [0x0000000080000000, 0x0000000100000000)
  region size 1024K, 53 young (54272K), 7 survivors (7168K)
 Metaspace       used 20776K, capacity 21197K, committed 21296K, reserved 1069056K
  class space    used 2516K, capacity 2671K, committed 2688K, reserved 1048576K
}
Event: 3.727 GC heap after
{Heap after GC invocations=3 (full 0):
 garbage-first heap   total 96256K, used 17209K [0x0000000080000000, 0x0000000100000000)
  region size 1024K, 3 young (3072K), 3 survivors (3072K)
 Metaspace       used 20776K, capacity 21197K, committed 21296K, reserved 1069056K
  class space    used 2516K, capacity 2671K, committed 2688K, reserved 1048576K
}
Event: 4.559 GC heap before
{Heap before GC invocations=4 (full 0):
 garbage-first heap   total 96256K, used 65337K [0x0000000080000000, 0x0000000100000000)
  region size 1024K, 50 young (51200K), 3 survivors (3072K)
 Metaspace       used 25644K, capacity 26215K, committed 26544K, reserved 1073152K
  class space    used 3290K, capacity 3473K, committed 3584K, reserved 1048576K
}
Event: 4.562 GC heap after
{Heap after GC invocations=5 (full 0):
 garbage-first heap   total 96256K, used 18908K [0x0000000080000000, 0x0000000100000000)
  region size 1024K, 4 young (4096K), 4 survivors (4096K)
 Metaspace       used 25644K, capacity 26215K, committed 26544K, reserved 1073152K
  class space    used 3290K, capacity 3473K, committed 3584K, reserved 1048576K
}
Event: 5.283 GC heap before
{Heap before GC invocations=5 (full 0):
 garbage-first heap   total 96256K, used 69084K [0x0000000080000000, 0x0000000100000000)
  region size 1024K, 53 young (54272K), 4 survivors (4096K)
 Metaspace       used 30549K, capacity 31189K, committed 31408K, reserved 1077248K
  class space    used 4037K, capacity 4306K, committed 4352K, reserved 1048576K
}
Event: 5.286 GC heap after
{Heap after GC invocations=6 (full 0):
 garbage-first heap   total 96256K, used 20389K [0x0000000080000000, 0x0000000100000000)
  region size 1024K, 4 young (4096K), 4 survivors (4096K)
 Metaspace       used 30549K, capacity 31189K, committed 31408K, reserved 1077248K
  class space    used 4037K, capacity 4306K, committed 4352K, reserved 1048576K
}
Event: 5.679 GC heap before
{Heap before GC invocations=6 (full 0):
 garbage-first heap   total 96256K, used 34725K [0x0000000080000000, 0x0000000100000000)
  region size 1024K, 19 young (19456K), 4 survivors (4096K)
 Metaspace       used 35022K, capacity 35794K, committed 35920K, reserved 1081344K
  class space    used 4487K, capacity 4799K, committed 4864K, reserved 1048576K
}
Event: 5.686 GC heap after
{Heap after GC invocations=7 (full 0):
 garbage-first heap   total 96256K, used 22779K [0x0000000080000000, 0x0000000100000000)
  region size 1024K, 6 young (6144K), 6 survivors (6144K)
 Metaspace       used 35022K, capacity 35794K, committed 35920K, reserved 1081344K
  class space    used 4487K, capacity 4799K, committed 4864K, reserved 1048576K
}
Event: 6.264 GC heap before
{Heap before GC invocations=8 (full 0):
 garbage-first heap   total 96256K, used 70907K [0x0000000080000000, 0x0000000100000000)
  region size 1024K, 51 young (52224K), 6 survivors (6144K)
 Metaspace       used 39186K, capacity 40054K, committed 40272K, reserved 1085440K
  class space    used 4942K, capacity 5277K, committed 5376K, reserved 1048576K
}
Event: 6.270 GC heap after
{Heap after GC invocations=9 (full 0):
 garbage-first heap   total 96256K, used 26782K [0x0000000080000000, 0x0000000100000000)
  region size 1024K, 7 young (7168K), 7 survivors (7168K)
 Metaspace       used 39186K, capacity 40054K, committed 40272K, reserved 1085440K
  class space    used 4942K, capacity 5277K, committed 5376K, reserved 1048576K
}
Event: 6.781 GC heap before
{Heap before GC invocations=9 (full 0):
 garbage-first heap   total 96256K, used 70814K [0x0000000080000000, 0x0000000100000000)
  region size 1024K, 50 young (51200K), 7 survivors (7168K)
 Metaspace       used 42991K, capacity 44014K, committed 44240K, reserved 1087488K
  class space    used 5390K, capacity 5757K, committed 5760K, reserved 1048576K
}
Event: 6.788 GC heap after
{Heap after GC invocations=10 (full 0):
 garbage-first heap   total 96256K, used 28292K [0x0000000080000000, 0x0000000100000000)
  region size 1024K, 3 young (3072K), 3 survivors (3072K)
 Metaspace       used 42991K, capacity 44014K, committed 44240K, reserved 1087488K
  class space    used 5390K, capacity 5757K, committed 5760K, reserved 1048576K
}
Event: 7.350 GC heap before
{Heap before GC invocations=10 (full 0):
 garbage-first heap   total 96256K, used 72324K [0x0000000080000000, 0x0000000100000000)
  region size 1024K, 46 young (47104K), 3 survivors (3072K)
 Metaspace       used 45976K, capacity 47132K, committed 47312K, reserved 1091584K
  class space    used 5829K, capacity 6264K, committed 6272K, reserved 1048576K
}
Event: 7.355 GC heap after
{Heap after GC invocations=11 (full 0):
 garbage-first heap   total 96256K, used 29583K [0x0000000080000000, 0x0000000100000000)
  region size 1024K, 4 young (4096K), 4 survivors (4096K)
 Metaspace       used 45976K, capacity 47132K, committed 47312K, reserved 1091584K
  class space    used 5829K, capacity 6264K, committed 6272K, reserved 1048576K
}
Event: 8.236 GC heap before
{Heap before GC invocations=11 (full 0):
 garbage-first heap   total 96256K, used 72591K [0x0000000080000000, 0x0000000100000000)
  region size 1024K, 47 young (48128K), 4 survivors (4096K)
 Metaspace       used 47526K, capacity 48835K, committed 49104K, reserved 1091584K
  class space    used 5991K, capacity 6487K, committed 6528K, reserved 1048576K
}
Event: 8.240 GC heap after
{Heap after GC invocations=12 (full 0):
 garbage-first heap   total 96256K, used 31989K [0x0000000080000000, 0x0000000100000000)
  region size 1024K, 5 young (5120K), 5 survivors (5120K)
 Metaspace       used 47526K, capacity 48835K, committed 49104K, reserved 1091584K
  class space    used 5991K, capacity 6487K, committed 6528K, reserved 1048576K
}

Deoptimization events (20 events):
Event: 8.099 Thread 0x00000204e00b4800 Uncommon trap: trap_request=0xffffffcc fr.pc=0x00000204c9fde278 relative=0x00000000000011d8
Event: 8.100 Thread 0x00000204e00b4800 Uncommon trap: reason=intrinsic_or_type_checked_inlining action=make_not_entrant pc=0x00000204c9fde278 method=java.util.ArrayList.toArray([Ljava/lang/Object;)[Ljava/lang/Object; @ 36 c2
Event: 8.100 Thread 0x00000204e00b4800 DEOPT PACKING pc=0x00000204c9fde278 sp=0x0000004190bfdde0
Event: 8.100 Thread 0x00000204e00b4800 DEOPT UNPACKING pc=0x00000204c231a1af sp=0x0000004190bfdd38 mode 2
Event: 8.128 Thread 0x00000204dfed2800 DEOPT PACKING pc=0x00000204c2ef3d74 sp=0x000000418b3fd100
Event: 8.128 Thread 0x00000204dfed2800 DEOPT UNPACKING pc=0x00000204c231a95e sp=0x000000418b3fc6a0 mode 0
Event: 8.224 Thread 0x00000204e0083000 DEOPT PACKING pc=0x00000204c2ef3d74 sp=0x00000041920fea10
Event: 8.224 Thread 0x00000204e0083000 DEOPT UNPACKING pc=0x00000204c231a95e sp=0x00000041920fdfb0 mode 0
Event: 8.318 Thread 0x00000204dbc5c800 DEOPT PACKING pc=0x00000204c2b9457a sp=0x00000041890fe210
Event: 8.318 Thread 0x00000204dbc5c800 DEOPT UNPACKING pc=0x00000204c231a95e sp=0x00000041890fd648 mode 0
Event: 8.336 Thread 0x00000204dba4a800 DEOPT PACKING pc=0x00000204c329ff71 sp=0x0000004188af9440
Event: 8.336 Thread 0x00000204dba4a800 DEOPT UNPACKING pc=0x00000204c231a95e sp=0x0000004188af8938 mode 0
Event: 8.408 Thread 0x00000204dba4a800 DEOPT PACKING pc=0x00000204c2ae045a sp=0x0000004188af15d0
Event: 8.408 Thread 0x00000204dba4a800 DEOPT UNPACKING pc=0x00000204c231a95e sp=0x0000004188af0a58 mode 0
Event: 8.409 Thread 0x00000204dba4a800 DEOPT PACKING pc=0x00000204c32aea84 sp=0x0000004188af1610
Event: 8.409 Thread 0x00000204dba4a800 DEOPT UNPACKING pc=0x00000204c231a95e sp=0x0000004188af0c00 mode 0
Event: 8.447 Thread 0x00000204dba4a800 DEOPT PACKING pc=0x00000204c32aea84 sp=0x0000004188af1610
Event: 8.447 Thread 0x00000204dba4a800 DEOPT UNPACKING pc=0x00000204c231a95e sp=0x0000004188af0c00 mode 0
Event: 8.471 Thread 0x00000204dba4a800 DEOPT PACKING pc=0x00000204c2ef3d74 sp=0x0000004188af1420
Event: 8.471 Thread 0x00000204dba4a800 DEOPT UNPACKING pc=0x00000204c231a95e sp=0x0000004188af09c0 mode 0

Classes redefined (0 events):
No events

Internal exceptions (20 events):
Event: 8.450 Thread 0x00000204dba4a800 Exception <a 'java/security/PrivilegedActionException'{0x000000008578e5b8}> (0x000000008578e5b8) thrown at [./src/hotspot/share/prims/jvm.cpp, line 1306]
Event: 8.450 Thread 0x00000204dba4a800 Exception <a 'java/security/PrivilegedActionException'{0x000000008578f878}> (0x000000008578f878) thrown at [./src/hotspot/share/prims/jvm.cpp, line 1306]
Event: 8.450 Thread 0x00000204dba4a800 Exception <a 'java/security/PrivilegedActionException'{0x00000000857924b8}> (0x00000000857924b8) thrown at [./src/hotspot/share/prims/jvm.cpp, line 1306]
Event: 8.450 Thread 0x00000204dba4a800 Exception <a 'java/security/PrivilegedActionException'{0x0000000085793778}> (0x0000000085793778) thrown at [./src/hotspot/share/prims/jvm.cpp, line 1306]
Event: 8.450 Thread 0x00000204dba4a800 Exception <a 'java/security/PrivilegedActionException'{0x00000000857963a8}> (0x00000000857963a8) thrown at [./src/hotspot/share/prims/jvm.cpp, line 1306]
Event: 8.450 Thread 0x00000204dba4a800 Exception <a 'java/security/PrivilegedActionException'{0x0000000085797668}> (0x0000000085797668) thrown at [./src/hotspot/share/prims/jvm.cpp, line 1306]
Event: 8.450 Thread 0x00000204dba4a800 Exception <a 'java/security/PrivilegedActionException'{0x000000008579a2d0}> (0x000000008579a2d0) thrown at [./src/hotspot/share/prims/jvm.cpp, line 1306]
Event: 8.450 Thread 0x00000204dba4a800 Exception <a 'java/security/PrivilegedActionException'{0x000000008579b590}> (0x000000008579b590) thrown at [./src/hotspot/share/prims/jvm.cpp, line 1306]
Event: 8.450 Thread 0x00000204dba4a800 Exception <a 'java/security/PrivilegedActionException'{0x000000008579e210}> (0x000000008579e210) thrown at [./src/hotspot/share/prims/jvm.cpp, line 1306]
Event: 8.450 Thread 0x00000204dba4a800 Exception <a 'java/security/PrivilegedActionException'{0x000000008579f4d0}> (0x000000008579f4d0) thrown at [./src/hotspot/share/prims/jvm.cpp, line 1306]
Event: 8.451 Thread 0x00000204dba4a800 Exception <a 'java/security/PrivilegedActionException'{0x00000000857a2308}> (0x00000000857a2308) thrown at [./src/hotspot/share/prims/jvm.cpp, line 1306]
Event: 8.451 Thread 0x00000204dba4a800 Exception <a 'java/security/PrivilegedActionException'{0x00000000857a35c8}> (0x00000000857a35c8) thrown at [./src/hotspot/share/prims/jvm.cpp, line 1306]
Event: 8.451 Thread 0x00000204dba4a800 Exception <a 'java/security/PrivilegedActionException'{0x00000000857a61f8}> (0x00000000857a61f8) thrown at [./src/hotspot/share/prims/jvm.cpp, line 1306]
Event: 8.451 Thread 0x00000204dba4a800 Exception <a 'java/security/PrivilegedActionException'{0x00000000857a74b8}> (0x00000000857a74b8) thrown at [./src/hotspot/share/prims/jvm.cpp, line 1306]
Event: 8.451 Thread 0x00000204dba4a800 Exception <a 'java/security/PrivilegedActionException'{0x00000000857aa138}> (0x00000000857aa138) thrown at [./src/hotspot/share/prims/jvm.cpp, line 1306]
Event: 8.451 Thread 0x00000204dba4a800 Exception <a 'java/security/PrivilegedActionException'{0x00000000857ab3f8}> (0x00000000857ab3f8) thrown at [./src/hotspot/share/prims/jvm.cpp, line 1306]
Event: 8.451 Thread 0x00000204dba4a800 Exception <a 'java/security/PrivilegedActionException'{0x00000000857ae090}> (0x00000000857ae090) thrown at [./src/hotspot/share/prims/jvm.cpp, line 1306]
Event: 8.451 Thread 0x00000204dba4a800 Exception <a 'java/security/PrivilegedActionException'{0x00000000857af350}> (0x00000000857af350) thrown at [./src/hotspot/share/prims/jvm.cpp, line 1306]
Event: 8.451 Thread 0x00000204dba4a800 Exception <a 'java/security/PrivilegedActionException'{0x00000000857b1f78}> (0x00000000857b1f78) thrown at [./src/hotspot/share/prims/jvm.cpp, line 1306]
Event: 8.451 Thread 0x00000204dba4a800 Exception <a 'java/security/PrivilegedActionException'{0x00000000857b3238}> (0x00000000857b3238) thrown at [./src/hotspot/share/prims/jvm.cpp, line 1306]

Events (20 events):
Event: 8.351 loading class groovy/runtime/metaclass/build_3bdha67alki8nluz5aoize98rMetaClass done
Event: 8.353 loading class build_3bdha67alki8nluz5aoize98rBeanInfo
Event: 8.353 loading class build_3bdha67alki8nluz5aoize98rBeanInfo done
Event: 8.353 loading class build_3bdha67alki8nluz5aoize98rBeanInfo
Event: 8.353 loading class build_3bdha67alki8nluz5aoize98rBeanInfo done
Event: 8.353 loading class build_3bdha67alki8nluz5aoize98rCustomizer
Event: 8.353 loading class build_3bdha67alki8nluz5aoize98rCustomizer done
Event: 8.353 loading class build_3bdha67alki8nluz5aoize98rCustomizer
Event: 8.353 loading class build_3bdha67alki8nluz5aoize98rCustomizer done
Event: 8.355 loading class groovy/runtime/metaclass/build_3bdha67alki8nluz5aoize98r$_run_closure1MetaClass
Event: 8.355 loading class groovy/runtime/metaclass/build_3bdha67alki8nluz5aoize98r$_run_closure1MetaClass done
Event: 8.356 loading class groovy/runtime/metaclass/org/gradle/api/internal/project/DefaultProject_DecoratedMetaClass
Event: 8.356 loading class groovy/runtime/metaclass/org/gradle/api/internal/project/DefaultProject_DecoratedMetaClass done
Event: 8.360 loading class org/gradle/api/internal/project/DefaultProject_DecoratedBeanInfo
Event: 8.360 loading class org/gradle/api/internal/project/DefaultProject_DecoratedBeanInfo done
Event: 8.360 loading class org/gradle/api/internal/project/DefaultProject_DecoratedBeanInfo
Event: 8.360 loading class org/gradle/api/internal/project/DefaultProject_DecoratedBeanInfo done
Event: 8.360 loading class org/gradle/api/internal/project/DefaultProject_DecoratedBeanInfo
Event: 8.360 loading class org/gradle/api/internal/project/DefaultProject_DecoratedBeanInfo done
Event: 8.476 Loaded shared library C:\Program Files\Android\Android Studio\jre\bin\nio.dll


Dynamic libraries:
0x00007ff6dd990000 - 0x00007ff6dd99a000 	C:\Program Files\Android\Android Studio\jre\bin\java.exe
0x00007ffbcb0c0000 - 0x00007ffbcb2c9000 	C:\Windows\SYSTEM32\ntdll.dll
0x00007ffbc9640000 - 0x00007ffbc96fe000 	C:\Windows\System32\KERNEL32.DLL
0x00007ffbc8800000 - 0x00007ffbc8b83000 	C:\Windows\System32\KERNELBASE.dll
0x00007ffbc8570000 - 0x00007ffbc8681000 	C:\Windows\System32\ucrtbase.dll
0x00007ffbbfc60000 - 0x00007ffbbfc79000 	C:\Program Files\Android\Android Studio\jre\bin\jli.dll
0x00007ffbbfb00000 - 0x00007ffbbfb17000 	C:\Program Files\Android\Android Studio\jre\bin\VCRUNTIME140.dll
0x00007ffbcab60000 - 0x00007ffbcad0d000 	C:\Windows\System32\USER32.dll
0x00007ffbc8b90000 - 0x00007ffbc8bb6000 	C:\Windows\System32\win32u.dll
0x00007ffbcad10000 - 0x00007ffbcad39000 	C:\Windows\System32\GDI32.dll
0x00007ffbaba20000 - 0x00007ffbabcc5000 	C:\Windows\WinSxS\amd64_microsoft.windows.common-controls_6595b64144ccf1df_6.0.22000.120_none_9d947278b86cc467\COMCTL32.dll
0x00007ffbc8bc0000 - 0x00007ffbc8cda000 	C:\Windows\System32\gdi32full.dll
0x00007ffbc8ce0000 - 0x00007ffbc8d7d000 	C:\Windows\System32\msvcp_win.dll
0x00007ffbc9b70000 - 0x00007ffbc9c13000 	C:\Windows\System32\msvcrt.dll
0x00007ffbc8fe0000 - 0x00007ffbc9011000 	C:\Windows\System32\IMM32.DLL
0x00007ffbba790000 - 0x00007ffbba82d000 	C:\Program Files\Android\Android Studio\jre\bin\msvcp140.dll
0x00007ffb70050000 - 0x00007ffb70b52000 	C:\Program Files\Android\Android Studio\jre\bin\server\jvm.dll
0x00007ffbcad40000 - 0x00007ffbcadee000 	C:\Windows\System32\ADVAPI32.dll
0x00007ffbc9e40000 - 0x00007ffbc9ede000 	C:\Windows\System32\sechost.dll
0x00007ffbca8e0000 - 0x00007ffbcaa01000 	C:\Windows\System32\RPCRT4.dll
0x00007ffbc2850000 - 0x00007ffbc2883000 	C:\Windows\SYSTEM32\WINMM.dll
0x00007ffbbf870000 - 0x00007ffbbf87a000 	C:\Windows\SYSTEM32\VERSION.dll
0x00007ffbc90d0000 - 0x00007ffbc90d8000 	C:\Windows\System32\PSAPI.DLL
0x00007ffba1790000 - 0x00007ffba1799000 	C:\Windows\SYSTEM32\WSOCK32.dll
0x00007ffbc90e0000 - 0x00007ffbc914f000 	C:\Windows\System32\ws2_32.DLL
0x00007ffbc75f0000 - 0x00007ffbc7608000 	C:\Windows\SYSTEM32\kernel.appcore.dll
0x00007ffb7f4d0000 - 0x00007ffb7f4e1000 	C:\Program Files\Android\Android Studio\jre\bin\verify.dll
0x00007ffbc6110000 - 0x00007ffbc6331000 	C:\Windows\SYSTEM32\DBGHELP.DLL
0x00007ffbb88a0000 - 0x00007ffbb88d1000 	C:\Windows\SYSTEM32\dbgcore.DLL
0x00007ffbc8eb0000 - 0x00007ffbc8f2f000 	C:\Windows\System32\bcryptPrimitives.dll
0x00007ffb7cc70000 - 0x00007ffb7cc99000 	C:\Program Files\Android\Android Studio\jre\bin\java.dll
0x00007ffb9d260000 - 0x00007ffb9d26b000 	C:\Program Files\Android\Android Studio\jre\bin\jimage.dll
0x00007ffb7bf90000 - 0x00007ffb7bfa8000 	C:\Program Files\Android\Android Studio\jre\bin\zip.dll
0x00007ffbca000000 - 0x00007ffbca7c5000 	C:\Windows\System32\SHELL32.dll
0x00007ffbc6650000 - 0x00007ffbc6eb4000 	C:\Windows\SYSTEM32\windows.storage.dll
0x00007ffbc92c0000 - 0x00007ffbc9636000 	C:\Windows\System32\combase.dll
0x00007ffbc64e0000 - 0x00007ffbc6647000 	C:\Windows\SYSTEM32\wintypes.dll
0x00007ffbca7d0000 - 0x00007ffbca8ba000 	C:\Windows\System32\SHCORE.dll
0x00007ffbc9c20000 - 0x00007ffbc9c7d000 	C:\Windows\System32\shlwapi.dll
0x00007ffbc84a0000 - 0x00007ffbc84c1000 	C:\Windows\SYSTEM32\profapi.dll
0x00007ffb7b570000 - 0x00007ffb7b58a000 	C:\Program Files\Android\Android Studio\jre\bin\net.dll
0x00007ffbc2f20000 - 0x00007ffbc3032000 	C:\Windows\SYSTEM32\WINHTTP.dll
0x00007ffbc7a90000 - 0x00007ffbc7af7000 	C:\Windows\system32\mswsock.dll
0x00007ffb76d30000 - 0x00007ffb76d44000 	C:\Program Files\Android\Android Studio\jre\bin\nio.dll
0x00007ffbaf700000 - 0x00007ffbaf727000 	C:\Users\nraje\.gradle\native\e1d6ef7f7dcc3fd88c89a11ec53ec762bb8ba0a96d01ffa2cd45eb1d1d8dd5c5\windows-amd64\native-platform.dll
0x00007ffbaee00000 - 0x00007ffbaef44000 	C:\Users\nraje\.gradle\native\5664cfc778a61ccfe75a443a1ab52a65af34e5dc3c78e0209fed803814484fcb\windows-amd64\native-platform-file-events.dll
0x00007ffb9d130000 - 0x00007ffb9d13a000 	C:\Program Files\Android\Android Studio\jre\bin\management.dll
0x00007ffb994d0000 - 0x00007ffb994dd000 	C:\Program Files\Android\Android Studio\jre\bin\management_ext.dll
0x00007ffbc7cf0000 - 0x00007ffbc7d08000 	C:\Windows\SYSTEM32\CRYPTSP.dll
0x00007ffbc7550000 - 0x00007ffbc7585000 	C:\Windows\system32\rsaenh.dll
0x00007ffbc7b90000 - 0x00007ffbc7bb9000 	C:\Windows\SYSTEM32\USERENV.dll
0x00007ffbc7ed0000 - 0x00007ffbc7ef7000 	C:\Windows\SYSTEM32\bcrypt.dll
0x00007ffbc7ce0000 - 0x00007ffbc7cec000 	C:\Windows\SYSTEM32\CRYPTBASE.dll
0x00007ffbc7110000 - 0x00007ffbc713d000 	C:\Windows\SYSTEM32\IPHLPAPI.DLL
0x00007ffbca8d0000 - 0x00007ffbca8d9000 	C:\Windows\System32\NSI.dll
0x00007ffbc2f00000 - 0x00007ffbc2f19000 	C:\Windows\SYSTEM32\dhcpcsvc6.DLL
0x00007ffbc3560000 - 0x00007ffbc357e000 	C:\Windows\SYSTEM32\dhcpcsvc.DLL
0x00007ffbc7140000 - 0x00007ffbc7228000 	C:\Windows\SYSTEM32\DNSAPI.dll

dbghelp: loaded successfully - version: 4.0.5 - missing functions: none
symbol engine: initialized successfully - sym options: 0x614 - pdb path: .;C:\Program Files\Android\Android Studio\jre\bin;C:\Windows\SYSTEM32;C:\Windows\WinSxS\amd64_microsoft.windows.common-controls_6595b64144ccf1df_6.0.22000.120_none_9d947278b86cc467;C:\Program Files\Android\Android Studio\jre\bin\server;C:\Users\nraje\.gradle\native\e1d6ef7f7dcc3fd88c89a11ec53ec762bb8ba0a96d01ffa2cd45eb1d1d8dd5c5\windows-amd64;C:\Users\nraje\.gradle\native\5664cfc778a61ccfe75a443a1ab52a65af34e5dc3c78e0209fed803814484fcb\windows-amd64

VM Arguments:
jvm_args: --add-opens=java.base/java.util=ALL-UNNAMED --add-opens=java.base/java.lang=ALL-UNNAMED --add-opens=java.base/java.lang.invoke=ALL-UNNAMED --add-opens=java.base/java.util=ALL-UNNAMED --add-opens=java.prefs/java.util.prefs=ALL-UNNAMED --add-opens=java.prefs/java.util.prefs=ALL-UNNAMED --add-opens=java.base/java.nio.charset=ALL-UNNAMED --add-opens=java.base/java.net=ALL-UNNAMED --add-opens=java.base/java.util.concurrent.atomic=ALL-UNNAMED -Xmx2048m -Dfile.encoding=windows-1252 -Duser.country=IN -Duser.language=en -Duser.variant 
java_command: org.gradle.launcher.daemon.bootstrap.GradleDaemon 7.2
java_class_path (initial): C:\Users\nraje\.gradle\wrapper\dists\gradle-7.2-all\260hg96vuh6ex27h9vo47iv4d\gradle-7.2\lib\gradle-launcher-7.2.jar
Launcher Type: SUN_STANDARD

[Global flags]
     intx CICompilerCount                          = 4                                         {product} {ergonomic}
     uint ConcGCThreads                            = 3                                         {product} {ergonomic}
     uint G1ConcRefinementThreads                  = 10                                        {product} {ergonomic}
   size_t G1HeapRegionSize                         = 1048576                                   {product} {ergonomic}
    uintx GCDrainStackTargetSize                   = 64                                        {product} {ergonomic}
   size_t InitialHeapSize                          = 98566144                                  {product} {ergonomic}
   size_t MarkStackSize                            = 4194304                                   {product} {ergonomic}
   size_t MaxHeapSize                              = 2147483648                                {product} {command line}
   size_t MaxNewSize                               = 1287651328                                {product} {ergonomic}
   size_t MinHeapDeltaBytes                        = 1048576                                   {product} {ergonomic}
    uintx NonNMethodCodeHeapSize                   = 5836300                                {pd product} {ergonomic}
    uintx NonProfiledCodeHeapSize                  = 122910970                              {pd product} {ergonomic}
    uintx ProfiledCodeHeapSize                     = 122910970                              {pd product} {ergonomic}
    uintx ReservedCodeCacheSize                    = 251658240                              {pd product} {ergonomic}
     bool SegmentedCodeCache                       = true                                      {product} {ergonomic}
     bool UseCompressedClassPointers               = true                                 {lp64_product} {ergonomic}
     bool UseCompressedOops                        = true                                 {lp64_product} {ergonomic}
     bool UseG1GC                                  = true                                      {product} {ergonomic}
     bool UseLargePagesIndividualAllocation        = false                                  {pd product} {ergonomic}

Logging:
Log output configuration:
 #0: stdout all=warning uptime,level,tags
 #1: stderr all=off uptime,level,tags

Environment Variables:
PATH=C:\Program Files\Common Files\Oracle\Java\javapath;C:\Program Files (x86)\Common Files\Oracle\Java\javapath;C:\Windows\system32;C:\Windows;C:\Windows\System32\Wbem;C:\Windows\System32\WindowsPowerShell\v1.0\;C:\Windows\System32\OpenSSH\;C:\Program Files\Git\cmd;C:\Users\nraje\AppData\Local\Microsoft\WindowsApps\python.exe;C:\Users\nraje\AppData\Local\Microsoft\WindowsApps\python.exe;C:\Users\nraje\AppData\Local\Microsoft\WindowsApps\;C:\Users\nraje\AppData\Local\Microsoft\WindowsApps\;C:\Users\nraje\AppData\Local\Microsoft\WindowsApps;;C:\Users\nraje\AppData\Local\Programs\Microsoft VS Code\bin
USERNAME=nraje
OS=Windows_NT
PROCESSOR_IDENTIFIER=AMD64 Family 23 Model 104 Stepping 1, AuthenticAMD



---------------  S Y S T E M  ---------------

OS: Windows 11 , 64 bit Build 22000 (10.0.22000.1761)
OS uptime: 11 days 4:38 hours

CPU:total 12 (initial active 12) (12 cores per cpu, 2 threads per core) family 23 model 104 stepping 1 microcode 0x0, cmov, cx8, fxsr, mmx, sse, sse2, sse3, ssse3, sse4.1, sse4.2, popcnt, avx, avx2, aes, clmul, mmxext, 3dnowpref, lzcnt, sse4a, ht, tsc, tscinvbit, tscinv, bmi1, bmi2, adx, sha, fma

Memory: 4k page, system-wide physical 6005M (44M free)
TotalPageFile size 24437M (AvailPageFile size 5M)
current process WorkingSet (physical memory assigned to process): 256M, peak: 256M
current process commit charge ("private bytes"): 299M, peak: 301M

vm_info: OpenJDK 64-Bit Server VM (11.0.13+0-b1751.21-8125866) for windows-amd64 JRE (11.0.13+0-b1751.21-8125866), built on Feb  2 2022 03:00:22 by "builder" with MS VC++ 14.0 (VS2015)

END.
