#
# There is insufficient memory for the Java Runtime Environment to continue.
# Native memory allocation (malloc) failed to allocate 2013456 bytes for Chunk::new
# Possible reasons:
#   The system is out of physical RAM or swap space
#   The process is running with CompressedOops enabled, and the Java Heap may be blocking the growth of the native heap
# Possible solutions:
#   Reduce memory load on the system
#   Increase physical memory or swap space
#   Check if swap backing store is full
#   Decrease Java heap size (-Xmx/-Xms)
#   Decrease number of Java threads
#   Decrease Java thread stack sizes (-Xss)
#   Set larger code cache with -XX:ReservedCodeCacheSize=
#   JVM is running with Unscaled Compressed Oops mode in which the Java heap is
#     placed in the first 4GB address space. The Java Heap base address is the
#     maximum limit for the native heap growth. Please use -XX:HeapBaseMinAddress
#     to set the Java Heap base and to place the Java Heap above 4GB virtual address.
# This output file may be truncated or incomplete.
#
#  Out of Memory Error (./src/hotspot/share/memory/arena.cpp:197), pid=128780, tid=125440
#
# JRE version: OpenJDK Runtime Environment (11.0.13) (build 11.0.13+0-b1751.21-8125866)
# Java VM: OpenJDK 64-Bit Server VM (11.0.13+0-b1751.21-8125866, mixed mode, tiered, compressed oops, g1 gc, windows-amd64)
# No core dump will be written. Minidumps are not enabled by default on client versions of Windows
#

---------------  S U M M A R Y ------------

Command Line: --add-opens=java.base/java.util=ALL-UNNAMED --add-opens=java.base/java.lang=ALL-UNNAMED --add-opens=java.base/java.lang.invoke=ALL-UNNAMED --add-opens=java.base/java.util=ALL-UNNAMED --add-opens=java.prefs/java.util.prefs=ALL-UNNAMED --add-opens=java.prefs/java.util.prefs=ALL-UNNAMED --add-opens=java.base/java.nio.charset=ALL-UNNAMED --add-opens=java.base/java.net=ALL-UNNAMED --add-opens=java.base/java.util.concurrent.atomic=ALL-UNNAMED -Xmx2048m -Dfile.encoding=windows-1252 -Duser.country=IN -Duser.language=en -Duser.variant org.gradle.launcher.daemon.bootstrap.GradleDaemon 7.2

Host: AMD Ryzen 5 5500U with Radeon Graphics         , 12 cores, 5G,  Windows 11 , 64 bit Build 22000 (10.0.22000.1761)
Time: Thu May 11 23:54:12 2023 India Standard Time elapsed time: 9.137686 seconds (0d 0h 0m 9s)

---------------  T H R E A D  ---------------

Current thread (0x00000280773b8800):  JavaThread "C2 CompilerThread0" daemon [_thread_in_native, id=125440, stack(0x000000eb39200000,0x000000eb39300000)]


Current CompileTask:
C2:   9137 5414       4       org.objectweb.asm.Frame::execute (2318 bytes)

Stack: [0x000000eb39200000,0x000000eb39300000]
Native frames: (J=compiled Java code, j=interpreted, Vv=VM code, C=native code)
V  [jvm.dll+0x6100fa]
V  [jvm.dll+0x747090]
V  [jvm.dll+0x7486ad]
V  [jvm.dll+0x748d83]
V  [jvm.dll+0x24ab48]
V  [jvm.dll+0xc04dc]
V  [jvm.dll+0xc0a0c]
V  [jvm.dll+0x35eb5b]
V  [jvm.dll+0x32b833]
V  [jvm.dll+0x32ad2a]
V  [jvm.dll+0x2032b2]
V  [jvm.dll+0x202437]
V  [jvm.dll+0x188e01]
V  [jvm.dll+0x21106b]
V  [jvm.dll+0x20f8c1]
V  [jvm.dll+0x70de0f]
V  [jvm.dll+0x706a75]
V  [jvm.dll+0x60ed66]
C  [ucrtbase.dll+0x26c0c]
C  [KERNEL32.DLL+0x15590]
C  [ntdll.dll+0x485b]


---------------  P R O C E S S  ---------------

Threads class SMR info:
_java_thread_list=0x000002807c8c87f0, length=165, elements={
0x000002805cab2800, 0x000002807738b800, 0x0000028077395000, 0x00000280773ad800,
0x00000280773ae800, 0x00000280773af800, 0x00000280773b8800, 0x00000280773bf000,
0x00000280773c4000, 0x0000028077e66000, 0x0000028079884800, 0x0000028079161800,
0x000002807a01e000, 0x0000028079197800, 0x000002807a019800, 0x000002807a085000,
0x0000028079cf7000, 0x000002807a008800, 0x0000028079f27800, 0x000002807a09a800,
0x000002807a09b800, 0x000002807a098000, 0x000002807a099800, 0x000002807a099000,
0x000002807a09c000, 0x000002807a09d000, 0x000002807a097800, 0x000002807a09e000,
0x000002807b906000, 0x000002807b902000, 0x000002807b903800, 0x000002807b904800,
0x000002807b905000, 0x000002807b902800, 0x000002807b907000, 0x000002807b901000,
0x000002807b90b000, 0x000002807b90b800, 0x000002807b909800, 0x000002807b90a000,
0x000002807b907800, 0x000002807b90c800, 0x000002807b90d800, 0x000002807b908800,
0x000002807b90f000, 0x000002807b90e000, 0x000002807a862000, 0x000002807a861800,
0x000002807a863000, 0x000002807a863800, 0x000002807a864800, 0x000002807a865800,
0x000002807a85f800, 0x000002807a866000, 0x000002807a860800, 0x000002807a86b000,
0x000002807a868800, 0x000002807a869800, 0x000002807a86c800, 0x000002807a867000,
0x000002807a86c000, 0x000002807a868000, 0x000002807a86e800, 0x000002807a86d800,
0x000002807a86a800, 0x000002807ddd8800, 0x000002807ddd9000, 0x000002807ddda000,
0x000002807dddd800, 0x000002807dddb000, 0x000002807dddb800, 0x000002807ddd7800,
0x000002807ddde000, 0x000002807dde2000, 0x000002807dddf000, 0x000002807dddc800,
0x000002807dde4800, 0x000002807dde5800, 0x000002807dde1800, 0x000002807dde3000,
0x000002807dde4000, 0x000002807dddf800, 0x000002807dde6000, 0x000002807dde0800,
0x000002807aa7f000, 0x000002807aa82000, 0x000002807aa80800, 0x000002807aa81800,
0x000002807aa84000, 0x000002807aa83000, 0x000002807aa80000, 0x000002807aa7e000,
0x000002807aa84800, 0x000002807aa85800, 0x000002807aa86800, 0x000002807aa87000,
0x000002807aa8a800, 0x000002807aa8b000, 0x000002807aa88000, 0x000002807aa89000,
0x000002807aa8d000, 0x000002807aa89800, 0x000002807aa8c000, 0x000002807dcf9000,
0x000002807dcfb000, 0x000002807dcfe000, 0x000002807dcfd000, 0x000002807dcfc800,
0x000002807dcfa000, 0x000002807dcf8800, 0x000002807dd01800, 0x000002807dcfb800,
0x000002807dcff800, 0x000002807dd02000, 0x000002807dd03800, 0x000002807dd03000,
0x000002807dd00800, 0x000002807dcff000, 0x000002807dd04800, 0x000002807dd06000,
0x000002807dd07000, 0x000002807dd05800, 0x000002807df6f800, 0x000002807df6d000,
0x000002807df6e000, 0x000002807df70800, 0x000002807df6c800, 0x000002807df6a800,
0x000002807df71800, 0x000002807df6b800, 0x000002807df6f000, 0x000002807df73800,
0x000002807df73000, 0x000002807df77000, 0x000002807df74800, 0x000002807df78000,
0x000002807df75800, 0x000002807df76000, 0x000002807df72000, 0x000002807df78800,
0x000002807df79800, 0x000002807dfbb000, 0x000002807dfba000, 0x000002807dfb9800,
0x000002807dfbb800, 0x000002807dfbc800, 0x000002807dfb7000, 0x000002807dfbd800,
0x000002807dfb7800, 0x000002807dfbe000, 0x000002807dfb8800, 0x000002807dfc0800,
0x000002807dfc2800, 0x000002807dfc1800, 0x000002807dfbf000, 0x000002807dfc3000,
0x000002807dfc5800, 0x000002807dfc4000, 0x000002807dfc4800, 0x000002807dfc0000,
0x000002807c8ae800, 0x000002807c8b0000, 0x000002807c8b1000, 0x000002807c8af800,
0x000002807c8ab800
}

Java Threads: ( => current thread )
  0x000002805cab2800 JavaThread "main" [_thread_blocked, id=128116, stack(0x000000eb38600000,0x000000eb38700000)]
  0x000002807738b800 JavaThread "Reference Handler" daemon [_thread_blocked, id=125812, stack(0x000000eb38d00000,0x000000eb38e00000)]
  0x0000028077395000 JavaThread "Finalizer" daemon [_thread_blocked, id=85220, stack(0x000000eb38e00000,0x000000eb38f00000)]
  0x00000280773ad800 JavaThread "Signal Dispatcher" daemon [_thread_blocked, id=129804, stack(0x000000eb38f00000,0x000000eb39000000)]
  0x00000280773ae800 JavaThread "Attach Listener" daemon [_thread_blocked, id=111988, stack(0x000000eb39000000,0x000000eb39100000)]
  0x00000280773af800 JavaThread "Service Thread" daemon [_thread_blocked, id=125960, stack(0x000000eb39100000,0x000000eb39200000)]
=>0x00000280773b8800 JavaThread "C2 CompilerThread0" daemon [_thread_in_native, id=125440, stack(0x000000eb39200000,0x000000eb39300000)]
  0x00000280773bf000 JavaThread "C1 CompilerThread0" daemon [_thread_blocked, id=48252, stack(0x000000eb39300000,0x000000eb39400000)]
  0x00000280773c4000 JavaThread "Sweeper thread" daemon [_thread_blocked, id=100884, stack(0x000000eb39400000,0x000000eb39500000)]
  0x0000028077e66000 JavaThread "Common-Cleaner" daemon [_thread_blocked, id=116572, stack(0x000000eb39500000,0x000000eb39600000)]
  0x0000028079884800 JavaThread "Daemon health stats" [_thread_blocked, id=126104, stack(0x000000eb39800000,0x000000eb39900000)]
  0x0000028079161800 JavaThread "Incoming local TCP Connector on port 53861" [_thread_in_native, id=127976, stack(0x000000eb39c00000,0x000000eb39d00000)]
  0x000002807a01e000 JavaThread "Daemon periodic checks" [_thread_blocked, id=126952, stack(0x000000eb39d00000,0x000000eb39e00000)]
  0x0000028079197800 JavaThread "Daemon" [_thread_blocked, id=128712, stack(0x000000eb39e00000,0x000000eb39f00000)]
  0x000002807a019800 JavaThread "Handler for socket connection from /127.0.0.1:53861 to /127.0.0.1:53862" [_thread_in_native, id=131044, stack(0x000000eb39f00000,0x000000eb3a000000)]
  0x000002807a085000 JavaThread "Cancel handler" [_thread_blocked, id=127084, stack(0x000000eb3a000000,0x000000eb3a100000)]
  0x0000028079cf7000 JavaThread "Daemon worker" [_thread_in_vm, id=124328, stack(0x000000eb3a100000,0x000000eb3a200000)]
  0x000002807a008800 JavaThread "Asynchronous log dispatcher for DefaultDaemonConnection: socket connection from /127.0.0.1:53861 to /127.0.0.1:53862" [_thread_blocked, id=130300, stack(0x000000eb3a200000,0x000000eb3a300000)]
  0x0000028079f27800 JavaThread "Stdin handler" [_thread_blocked, id=122136, stack(0x000000eb3a300000,0x000000eb3a400000)]
  0x000002807a09a800 JavaThread "Daemon client event forwarder" [_thread_blocked, id=54096, stack(0x000000eb3a400000,0x000000eb3a500000)]
  0x000002807a09b800 JavaThread "Cache worker for journal cache (C:\Users\nraje\.gradle\caches\journal-1)" [_thread_blocked, id=127064, stack(0x000000eb3a500000,0x000000eb3a600000)]
  0x000002807a098000 JavaThread "File lock request listener" [_thread_in_native, id=121480, stack(0x000000eb3a600000,0x000000eb3a700000)]
  0x000002807a099800 JavaThread "Cache worker for file hash cache (C:\Users\nraje\.gradle\caches\7.2\fileHashes)" [_thread_blocked, id=100008, stack(0x000000eb3a700000,0x000000eb3a800000)]
  0x000002807a099000 JavaThread "Cache worker for file hash cache (C:\Users\nraje\AndroidStudioProjects\NOTEIT\.gradle\7.2\fileHashes)" [_thread_blocked, id=126460, stack(0x000000eb3b000000,0x000000eb3b100000)]
  0x000002807a09c000 JavaThread "File watcher server" daemon [_thread_in_native, id=122096, stack(0x000000eb3b100000,0x000000eb3b200000)]
  0x000002807a09d000 JavaThread "File watcher consumer" daemon [_thread_blocked, id=130444, stack(0x000000eb3b200000,0x000000eb3b300000)]
  0x000002807a097800 JavaThread "Cache worker for checksums cache (C:\Users\nraje\AndroidStudioProjects\NOTEIT\.gradle\checksums)" [_thread_blocked, id=125520, stack(0x000000eb3b300000,0x000000eb3b400000)]
  0x000002807a09e000 JavaThread "Cache worker for cache directory md-supplier (C:\Users\nraje\.gradle\caches\7.2\md-supplier)" [_thread_blocked, id=93624, stack(0x000000eb3b400000,0x000000eb3b500000)]
  0x000002807b906000 JavaThread "Cache worker for cache directory md-rule (C:\Users\nraje\.gradle\caches\7.2\md-rule)" [_thread_blocked, id=107264, stack(0x000000eb3b500000,0x000000eb3b600000)]
  0x000002807b902000 JavaThread "Cache worker for execution history cache (C:\Users\nraje\.gradle\caches\7.2\executionHistory)" [_thread_blocked, id=130244, stack(0x000000eb3b600000,0x000000eb3b700000)]
  0x000002807b903800 JavaThread "jar transforms" [_thread_blocked, id=106060, stack(0x000000eb3b700000,0x000000eb3b800000)]
  0x000002807b904800 JavaThread "jar transforms Thread 2" [_thread_blocked, id=124808, stack(0x000000eb3b800000,0x000000eb3b900000)]
  0x000002807b905000 JavaThread "Cache worker for file content cache (C:\Users\nraje\.gradle\caches\7.2\fileContent)" [_thread_blocked, id=105596, stack(0x000000eb3b900000,0x000000eb3ba00000)]
  0x000002807b902800 JavaThread "Cache worker for dependencies-accessors (C:\Users\nraje\AndroidStudioProjects\NOTEIT\.gradle\7.2\dependencies-accessors)" [_thread_blocked, id=127200, stack(0x000000eb3ba00000,0x000000eb3bb00000)]
  0x000002807b907000 JavaThread "jar transforms Thread 3" [_thread_blocked, id=126512, stack(0x000000eb3bb00000,0x000000eb3bc00000)]
  0x000002807b901000 JavaThread "Cache worker for Build Output Cleanup Cache (C:\Users\nraje\AndroidStudioProjects\NOTEIT\.gradle\buildOutputCleanup)" [_thread_blocked, id=124700, stack(0x000000eb3bc00000,0x000000eb3bd00000)]
  0x000002807b90b000 JavaThread "Unconstrained build operations" [_thread_blocked, id=129376, stack(0x000000eb3bd00000,0x000000eb3be00000)]
  0x000002807b90b800 JavaThread "Unconstrained build operations Thread 2" [_thread_blocked, id=129144, stack(0x000000eb3be00000,0x000000eb3bf00000)]
  0x000002807b909800 JavaThread "Unconstrained build operations Thread 3" [_thread_blocked, id=117360, stack(0x000000eb3bf00000,0x000000eb3c000000)]
  0x000002807b90a000 JavaThread "Unconstrained build operations Thread 4" [_thread_blocked, id=106472, stack(0x000000eb3c000000,0x000000eb3c100000)]
  0x000002807b907800 JavaThread "Unconstrained build operations Thread 5" [_thread_blocked, id=125412, stack(0x000000eb3c100000,0x000000eb3c200000)]
  0x000002807b90c800 JavaThread "Unconstrained build operations Thread 6" [_thread_blocked, id=116244, stack(0x000000eb3c200000,0x000000eb3c300000)]
  0x000002807b90d800 JavaThread "Unconstrained build operations Thread 7" [_thread_blocked, id=106820, stack(0x000000eb3c300000,0x000000eb3c400000)]
  0x000002807b908800 JavaThread "Unconstrained build operations Thread 8" [_thread_blocked, id=97780, stack(0x000000eb3c400000,0x000000eb3c500000)]
  0x000002807b90f000 JavaThread "Unconstrained build operations Thread 9" [_thread_blocked, id=121088, stack(0x000000eb3c500000,0x000000eb3c600000)]
  0x000002807b90e000 JavaThread "Unconstrained build operations Thread 10" [_thread_blocked, id=129468, stack(0x000000eb3c600000,0x000000eb3c700000)]
  0x000002807a862000 JavaThread "Unconstrained build operations Thread 11" [_thread_blocked, id=130944, stack(0x000000eb3c700000,0x000000eb3c800000)]
  0x000002807a861800 JavaThread "Unconstrained build operations Thread 12" [_thread_blocked, id=104512, stack(0x000000eb3c800000,0x000000eb3c900000)]
  0x000002807a863000 JavaThread "Unconstrained build operations Thread 13" [_thread_blocked, id=110012, stack(0x000000eb3c900000,0x000000eb3ca00000)]
  0x000002807a863800 JavaThread "Unconstrained build operations Thread 14" [_thread_blocked, id=112864, stack(0x000000eb3ca00000,0x000000eb3cb00000)]
  0x000002807a864800 JavaThread "Unconstrained build operations Thread 15" [_thread_blocked, id=62640, stack(0x000000eb3cb00000,0x000000eb3cc00000)]
  0x000002807a865800 JavaThread "Unconstrained build operations Thread 16" [_thread_blocked, id=130656, stack(0x000000eb3cc00000,0x000000eb3cd00000)]
  0x000002807a85f800 JavaThread "Unconstrained build operations Thread 17" [_thread_blocked, id=96992, stack(0x000000eb3cd00000,0x000000eb3ce00000)]
  0x000002807a866000 JavaThread "Unconstrained build operations Thread 18" [_thread_blocked, id=111828, stack(0x000000eb3ce00000,0x000000eb3cf00000)]
  0x000002807a860800 JavaThread "Unconstrained build operations Thread 19" [_thread_blocked, id=127296, stack(0x000000eb3cf00000,0x000000eb3d000000)]
  0x000002807a86b000 JavaThread "Unconstrained build operations Thread 20" [_thread_blocked, id=130332, stack(0x000000eb3d000000,0x000000eb3d100000)]
  0x000002807a868800 JavaThread "Unconstrained build operations Thread 21" [_thread_blocked, id=118396, stack(0x000000eb3d100000,0x000000eb3d200000)]
  0x000002807a869800 JavaThread "Unconstrained build operations Thread 22" [_thread_blocked, id=119176, stack(0x000000eb3d200000,0x000000eb3d300000)]
  0x000002807a86c800 JavaThread "Unconstrained build operations Thread 23" [_thread_blocked, id=120828, stack(0x000000eb3d300000,0x000000eb3d400000)]
  0x000002807a867000 JavaThread "Unconstrained build operations Thread 24" [_thread_blocked, id=120452, stack(0x000000eb3d400000,0x000000eb3d500000)]
  0x000002807a86c000 JavaThread "Unconstrained build operations Thread 25" [_thread_blocked, id=120972, stack(0x000000eb3d500000,0x000000eb3d600000)]
  0x000002807a868000 JavaThread "Unconstrained build operations Thread 26" [_thread_blocked, id=99332, stack(0x000000eb3d600000,0x000000eb3d700000)]
  0x000002807a86e800 JavaThread "Unconstrained build operations Thread 27" [_thread_blocked, id=127800, stack(0x000000eb3d700000,0x000000eb3d800000)]
  0x000002807a86d800 JavaThread "Unconstrained build operations Thread 28" [_thread_blocked, id=116788, stack(0x000000eb3d800000,0x000000eb3d900000)]
  0x000002807a86a800 JavaThread "Unconstrained build operations Thread 29" [_thread_blocked, id=113156, stack(0x000000eb3d900000,0x000000eb3da00000)]
  0x000002807ddd8800 JavaThread "Unconstrained build operations Thread 30" [_thread_blocked, id=126204, stack(0x000000eb3da00000,0x000000eb3db00000)]
  0x000002807ddd9000 JavaThread "Unconstrained build operations Thread 31" [_thread_blocked, id=109732, stack(0x000000eb3db00000,0x000000eb3dc00000)]
  0x000002807ddda000 JavaThread "Unconstrained build operations Thread 32" [_thread_blocked, id=128028, stack(0x000000eb3dc00000,0x000000eb3dd00000)]
  0x000002807dddd800 JavaThread "Unconstrained build operations Thread 33" [_thread_blocked, id=127396, stack(0x000000eb3dd00000,0x000000eb3de00000)]
  0x000002807dddb000 JavaThread "Unconstrained build operations Thread 34" [_thread_blocked, id=127256, stack(0x000000eb3de00000,0x000000eb3df00000)]
  0x000002807dddb800 JavaThread "Unconstrained build operations Thread 35" [_thread_blocked, id=109516, stack(0x000000eb3df00000,0x000000eb3e000000)]
  0x000002807ddd7800 JavaThread "Unconstrained build operations Thread 36" [_thread_blocked, id=130844, stack(0x000000eb3e000000,0x000000eb3e100000)]
  0x000002807ddde000 JavaThread "Unconstrained build operations Thread 37" [_thread_blocked, id=122628, stack(0x000000eb3e100000,0x000000eb3e200000)]
  0x000002807dde2000 JavaThread "Unconstrained build operations Thread 38" [_thread_blocked, id=121988, stack(0x000000eb3e200000,0x000000eb3e300000)]
  0x000002807dddf000 JavaThread "Unconstrained build operations Thread 39" [_thread_blocked, id=119148, stack(0x000000eb3e300000,0x000000eb3e400000)]
  0x000002807dddc800 JavaThread "Unconstrained build operations Thread 40" [_thread_blocked, id=123232, stack(0x000000eb3e400000,0x000000eb3e500000)]
  0x000002807dde4800 JavaThread "Unconstrained build operations Thread 41" [_thread_blocked, id=112228, stack(0x000000eb3e500000,0x000000eb3e600000)]
  0x000002807dde5800 JavaThread "Unconstrained build operations Thread 42" [_thread_blocked, id=116748, stack(0x000000eb3e600000,0x000000eb3e700000)]
  0x000002807dde1800 JavaThread "Unconstrained build operations Thread 43" [_thread_blocked, id=107192, stack(0x000000eb3e700000,0x000000eb3e800000)]
  0x000002807dde3000 JavaThread "Unconstrained build operations Thread 44" [_thread_blocked, id=120940, stack(0x000000eb3e800000,0x000000eb3e900000)]
  0x000002807dde4000 JavaThread "Unconstrained build operations Thread 45" [_thread_blocked, id=116516, stack(0x000000eb3e900000,0x000000eb3ea00000)]
  0x000002807dddf800 JavaThread "Unconstrained build operations Thread 46" [_thread_blocked, id=129624, stack(0x000000eb3ea00000,0x000000eb3eb00000)]
  0x000002807dde6000 JavaThread "Unconstrained build operations Thread 47" [_thread_blocked, id=97160, stack(0x000000eb3eb00000,0x000000eb3ec00000)]
  0x000002807dde0800 JavaThread "Unconstrained build operations Thread 48" [_thread_blocked, id=128728, stack(0x000000eb3ec00000,0x000000eb3ed00000)]
  0x000002807aa7f000 JavaThread "Unconstrained build operations Thread 49" [_thread_blocked, id=127816, stack(0x000000eb3ed00000,0x000000eb3ee00000)]
  0x000002807aa82000 JavaThread "Unconstrained build operations Thread 50" [_thread_blocked, id=113440, stack(0x000000eb3ee00000,0x000000eb3ef00000)]
  0x000002807aa80800 JavaThread "Unconstrained build operations Thread 51" [_thread_blocked, id=119836, stack(0x000000eb3ef00000,0x000000eb3f000000)]
  0x000002807aa81800 JavaThread "Unconstrained build operations Thread 52" [_thread_blocked, id=120724, stack(0x000000eb3f000000,0x000000eb3f100000)]
  0x000002807aa84000 JavaThread "Unconstrained build operations Thread 53" [_thread_blocked, id=122204, stack(0x000000eb3f100000,0x000000eb3f200000)]
  0x000002807aa83000 JavaThread "Unconstrained build operations Thread 54" [_thread_blocked, id=124936, stack(0x000000eb3f200000,0x000000eb3f300000)]
  0x000002807aa80000 JavaThread "Unconstrained build operations Thread 55" [_thread_blocked, id=117316, stack(0x000000eb3f300000,0x000000eb3f400000)]
  0x000002807aa7e000 JavaThread "Unconstrained build operations Thread 56" [_thread_blocked, id=124272, stack(0x000000eb3f400000,0x000000eb3f500000)]
  0x000002807aa84800 JavaThread "Unconstrained build operations Thread 57" [_thread_blocked, id=131032, stack(0x000000eb3f500000,0x000000eb3f600000)]
  0x000002807aa85800 JavaThread "Unconstrained build operations Thread 58" [_thread_blocked, id=126572, stack(0x000000eb3f600000,0x000000eb3f700000)]
  0x000002807aa86800 JavaThread "Unconstrained build operations Thread 59" [_thread_blocked, id=126544, stack(0x000000eb3f700000,0x000000eb3f800000)]
  0x000002807aa87000 JavaThread "Unconstrained build operations Thread 60" [_thread_blocked, id=131004, stack(0x000000eb3f800000,0x000000eb3f900000)]
  0x000002807aa8a800 JavaThread "Unconstrained build operations Thread 61" [_thread_blocked, id=127984, stack(0x000000eb3f900000,0x000000eb3fa00000)]
  0x000002807aa8b000 JavaThread "Unconstrained build operations Thread 62" [_thread_blocked, id=131064, stack(0x000000eb3fa00000,0x000000eb3fb00000)]
  0x000002807aa88000 JavaThread "Unconstrained build operations Thread 63" [_thread_blocked, id=123252, stack(0x000000eb3fb00000,0x000000eb3fc00000)]
  0x000002807aa89000 JavaThread "Unconstrained build operations Thread 64" [_thread_blocked, id=79168, stack(0x000000eb3fc00000,0x000000eb3fd00000)]
  0x000002807aa8d000 JavaThread "Unconstrained build operations Thread 65" [_thread_blocked, id=125196, stack(0x000000eb3fd00000,0x000000eb3fe00000)]
  0x000002807aa89800 JavaThread "Unconstrained build operations Thread 66" [_thread_blocked, id=105556, stack(0x000000eb3fe00000,0x000000eb3ff00000)]
  0x000002807aa8c000 JavaThread "Unconstrained build operations Thread 67" [_thread_blocked, id=123236, stack(0x000000eb3ff00000,0x000000eb40000000)]
  0x000002807dcf9000 JavaThread "Unconstrained build operations Thread 68" [_thread_blocked, id=121880, stack(0x000000eb40000000,0x000000eb40100000)]
  0x000002807dcfb000 JavaThread "Unconstrained build operations Thread 69" [_thread_blocked, id=125564, stack(0x000000eb40100000,0x000000eb40200000)]
  0x000002807dcfe000 JavaThread "Unconstrained build operations Thread 70" [_thread_blocked, id=89380, stack(0x000000eb40200000,0x000000eb40300000)]
  0x000002807dcfd000 JavaThread "Unconstrained build operations Thread 71" [_thread_blocked, id=129164, stack(0x000000eb40300000,0x000000eb40400000)]
  0x000002807dcfc800 JavaThread "Unconstrained build operations Thread 72" [_thread_blocked, id=129204, stack(0x000000eb40400000,0x000000eb40500000)]
  0x000002807dcfa000 JavaThread "Unconstrained build operations Thread 73" [_thread_blocked, id=113988, stack(0x000000eb40500000,0x000000eb40600000)]
  0x000002807dcf8800 JavaThread "Unconstrained build operations Thread 74" [_thread_blocked, id=128404, stack(0x000000eb40600000,0x000000eb40700000)]
  0x000002807dd01800 JavaThread "Unconstrained build operations Thread 75" [_thread_blocked, id=124824, stack(0x000000eb40700000,0x000000eb40800000)]
  0x000002807dcfb800 JavaThread "Unconstrained build operations Thread 76" [_thread_blocked, id=108140, stack(0x000000eb40800000,0x000000eb40900000)]
  0x000002807dcff800 JavaThread "Unconstrained build operations Thread 77" [_thread_blocked, id=130792, stack(0x000000eb40900000,0x000000eb40a00000)]
  0x000002807dd02000 JavaThread "Unconstrained build operations Thread 78" [_thread_blocked, id=72772, stack(0x000000eb40a00000,0x000000eb40b00000)]
  0x000002807dd03800 JavaThread "Unconstrained build operations Thread 79" [_thread_blocked, id=102048, stack(0x000000eb40b00000,0x000000eb40c00000)]
  0x000002807dd03000 JavaThread "Unconstrained build operations Thread 80" [_thread_blocked, id=108276, stack(0x000000eb40c00000,0x000000eb40d00000)]
  0x000002807dd00800 JavaThread "Unconstrained build operations Thread 81" [_thread_blocked, id=109160, stack(0x000000eb40d00000,0x000000eb40e00000)]
  0x000002807dcff000 JavaThread "Unconstrained build operations Thread 82" [_thread_blocked, id=130676, stack(0x000000eb40e00000,0x000000eb40f00000)]
  0x000002807dd04800 JavaThread "Unconstrained build operations Thread 83" [_thread_blocked, id=124336, stack(0x000000eb40f00000,0x000000eb41000000)]
  0x000002807dd06000 JavaThread "Unconstrained build operations Thread 84" [_thread_blocked, id=119736, stack(0x000000eb41000000,0x000000eb41100000)]
  0x000002807dd07000 JavaThread "Unconstrained build operations Thread 85" [_thread_blocked, id=123208, stack(0x000000eb41100000,0x000000eb41200000)]
  0x000002807dd05800 JavaThread "Unconstrained build operations Thread 86" [_thread_blocked, id=115668, stack(0x000000eb41200000,0x000000eb41300000)]
  0x000002807df6f800 JavaThread "Unconstrained build operations Thread 87" [_thread_blocked, id=126232, stack(0x000000eb41300000,0x000000eb41400000)]
  0x000002807df6d000 JavaThread "Unconstrained build operations Thread 88" [_thread_blocked, id=121024, stack(0x000000eb41400000,0x000000eb41500000)]
  0x000002807df6e000 JavaThread "Unconstrained build operations Thread 89" [_thread_blocked, id=113100, stack(0x000000eb41500000,0x000000eb41600000)]
  0x000002807df70800 JavaThread "Unconstrained build operations Thread 90" [_thread_blocked, id=121696, stack(0x000000eb41600000,0x000000eb41700000)]
  0x000002807df6c800 JavaThread "Unconstrained build operations Thread 91" [_thread_blocked, id=117704, stack(0x000000eb41700000,0x000000eb41800000)]
  0x000002807df6a800 JavaThread "Unconstrained build operations Thread 92" [_thread_blocked, id=115684, stack(0x000000eb41800000,0x000000eb41900000)]
  0x000002807df71800 JavaThread "Unconstrained build operations Thread 93" [_thread_blocked, id=130544, stack(0x000000eb41900000,0x000000eb41a00000)]
  0x000002807df6b800 JavaThread "Unconstrained build operations Thread 94" [_thread_blocked, id=120468, stack(0x000000eb41a00000,0x000000eb41b00000)]
  0x000002807df6f000 JavaThread "Unconstrained build operations Thread 95" [_thread_blocked, id=124552, stack(0x000000eb41b00000,0x000000eb41c00000)]
  0x000002807df73800 JavaThread "Unconstrained build operations Thread 96" [_thread_blocked, id=115164, stack(0x000000eb41c00000,0x000000eb41d00000)]
  0x000002807df73000 JavaThread "Unconstrained build operations Thread 97" [_thread_blocked, id=121848, stack(0x000000eb41d00000,0x000000eb41e00000)]
  0x000002807df77000 JavaThread "Unconstrained build operations Thread 98" [_thread_blocked, id=125700, stack(0x000000eb41e00000,0x000000eb41f00000)]
  0x000002807df74800 JavaThread "Unconstrained build operations Thread 99" [_thread_blocked, id=128424, stack(0x000000eb41f00000,0x000000eb42000000)]
  0x000002807df78000 JavaThread "Unconstrained build operations Thread 100" [_thread_blocked, id=126212, stack(0x000000eb42000000,0x000000eb42100000)]
  0x000002807df75800 JavaThread "Unconstrained build operations Thread 101" [_thread_blocked, id=130536, stack(0x000000eb42100000,0x000000eb42200000)]
  0x000002807df76000 JavaThread "Unconstrained build operations Thread 102" [_thread_blocked, id=120568, stack(0x000000eb42200000,0x000000eb42300000)]
  0x000002807df72000 JavaThread "Unconstrained build operations Thread 103" [_thread_blocked, id=128104, stack(0x000000eb42300000,0x000000eb42400000)]
  0x000002807df78800 JavaThread "Unconstrained build operations Thread 104" [_thread_blocked, id=110304, stack(0x000000eb42400000,0x000000eb42500000)]
  0x000002807df79800 JavaThread "Unconstrained build operations Thread 105" [_thread_blocked, id=125972, stack(0x000000eb42500000,0x000000eb42600000)]
  0x000002807dfbb000 JavaThread "Unconstrained build operations Thread 106" [_thread_blocked, id=105620, stack(0x000000eb42600000,0x000000eb42700000)]
  0x000002807dfba000 JavaThread "Unconstrained build operations Thread 107" [_thread_blocked, id=122032, stack(0x000000eb42700000,0x000000eb42800000)]
  0x000002807dfb9800 JavaThread "Unconstrained build operations Thread 108" [_thread_blocked, id=103900, stack(0x000000eb42800000,0x000000eb42900000)]
  0x000002807dfbb800 JavaThread "Unconstrained build operations Thread 109" [_thread_blocked, id=124104, stack(0x000000eb42900000,0x000000eb42a00000)]
  0x000002807dfbc800 JavaThread "Unconstrained build operations Thread 110" [_thread_blocked, id=129388, stack(0x000000eb42a00000,0x000000eb42b00000)]
  0x000002807dfb7000 JavaThread "Unconstrained build operations Thread 111" [_thread_blocked, id=102884, stack(0x000000eb42b00000,0x000000eb42c00000)]
  0x000002807dfbd800 JavaThread "Unconstrained build operations Thread 112" [_thread_blocked, id=127804, stack(0x000000eb42c00000,0x000000eb42d00000)]
  0x000002807dfb7800 JavaThread "Unconstrained build operations Thread 113" [_thread_blocked, id=114212, stack(0x000000eb42d00000,0x000000eb42e00000)]
  0x000002807dfbe000 JavaThread "Unconstrained build operations Thread 114" [_thread_blocked, id=97204, stack(0x000000eb42e00000,0x000000eb42f00000)]
  0x000002807dfb8800 JavaThread "Unconstrained build operations Thread 115" [_thread_blocked, id=127456, stack(0x000000eb42f00000,0x000000eb43000000)]
  0x000002807dfc0800 JavaThread "Unconstrained build operations Thread 116" [_thread_blocked, id=129756, stack(0x000000eb43000000,0x000000eb43100000)]
  0x000002807dfc2800 JavaThread "Unconstrained build operations Thread 117" [_thread_blocked, id=118124, stack(0x000000eb43100000,0x000000eb43200000)]
  0x000002807dfc1800 JavaThread "Unconstrained build operations Thread 118" [_thread_blocked, id=131068, stack(0x000000eb43200000,0x000000eb43300000)]
  0x000002807dfbf000 JavaThread "Unconstrained build operations Thread 119" [_thread_blocked, id=87932, stack(0x000000eb43300000,0x000000eb43400000)]
  0x000002807dfc3000 JavaThread "Unconstrained build operations Thread 120" [_thread_blocked, id=130308, stack(0x000000eb43400000,0x000000eb43500000)]
  0x000002807dfc5800 JavaThread "jar transforms Thread 4" [_thread_blocked, id=130936, stack(0x000000eb43500000,0x000000eb43600000)]
  0x000002807dfc4000 JavaThread "jar transforms Thread 5" [_thread_blocked, id=114704, stack(0x000000eb43600000,0x000000eb43700000)]
  0x000002807dfc4800 JavaThread "jar transforms Thread 6" [_thread_blocked, id=125384, stack(0x000000eb43700000,0x000000eb43800000)]
  0x000002807dfc0000 JavaThread "jar transforms Thread 7" [_thread_blocked, id=130212, stack(0x000000eb43800000,0x000000eb43900000)]
  0x000002807c8ae800 JavaThread "jar transforms Thread 8" [_thread_blocked, id=111012, stack(0x000000eb43900000,0x000000eb43a00000)]
  0x000002807c8b0000 JavaThread "jar transforms Thread 9" [_thread_blocked, id=117616, stack(0x000000eb43a00000,0x000000eb43b00000)]
  0x000002807c8b1000 JavaThread "jar transforms Thread 10" [_thread_blocked, id=125292, stack(0x000000eb43b00000,0x000000eb43c00000)]
  0x000002807c8af800 JavaThread "jar transforms Thread 11" [_thread_blocked, id=127672, stack(0x000000eb43c00000,0x000000eb43d00000)]
  0x000002807c8ab800 JavaThread "jar transforms Thread 12" [_thread_blocked, id=117908, stack(0x000000eb43d00000,0x000000eb43e00000)]

Other Threads:
  0x0000028077387000 VMThread "VM Thread" [stack: 0x000000eb38c00000,0x000000eb38d00000] [id=106692]
  0x0000028077e7f000 WatcherThread [stack: 0x000000eb39600000,0x000000eb39700000] [id=129788]
  0x000002805cacd000 GCTaskThread "GC Thread#0" [stack: 0x000000eb38700000,0x000000eb38800000] [id=105932]
  0x00000280788cd800 GCTaskThread "GC Thread#1" [stack: 0x000000eb39700000,0x000000eb39800000] [id=121548]
  0x0000028078af0800 GCTaskThread "GC Thread#2" [stack: 0x000000eb39900000,0x000000eb39a00000] [id=125776]
  0x0000028079791800 GCTaskThread "GC Thread#3" [stack: 0x000000eb39a00000,0x000000eb39b00000] [id=121112]
  0x0000028079f5a000 GCTaskThread "GC Thread#4" [stack: 0x000000eb3a800000,0x000000eb3a900000] [id=124828]
  0x000002807a115000 GCTaskThread "GC Thread#5" [stack: 0x000000eb3a900000,0x000000eb3aa00000] [id=128896]
  0x0000028079895000 GCTaskThread "GC Thread#6" [stack: 0x000000eb3aa00000,0x000000eb3ab00000] [id=126644]
  0x0000028079fab800 GCTaskThread "GC Thread#7" [stack: 0x000000eb3ab00000,0x000000eb3ac00000] [id=130340]
  0x0000028079fac800 GCTaskThread "GC Thread#8" [stack: 0x000000eb3ac00000,0x000000eb3ad00000] [id=130168]
  0x000002807a0ed800 GCTaskThread "GC Thread#9" [stack: 0x000000eb3ad00000,0x000000eb3ae00000] [id=125260]
  0x000002805caff000 ConcurrentGCThread "G1 Main Marker" [stack: 0x000000eb38800000,0x000000eb38900000] [id=126564]
  0x000002805cb00000 ConcurrentGCThread "G1 Conc#0" [stack: 0x000000eb38900000,0x000000eb38a00000] [id=122328]
  0x000002807a2ad800 ConcurrentGCThread "G1 Conc#1" [stack: 0x000000eb3ae00000,0x000000eb3af00000] [id=57952]
  0x0000028079ed2800 ConcurrentGCThread "G1 Conc#2" [stack: 0x000000eb3af00000,0x000000eb3b000000] [id=107372]
  0x00000280771e1800 ConcurrentGCThread "G1 Refine#0" [stack: 0x000000eb38a00000,0x000000eb38b00000] [id=129832]
  0x000002807a08e800 ConcurrentGCThread "G1 Refine#1" [stack: 0x000000eb39b00000,0x000000eb39c00000] [id=99056]
  0x000002805cb82000 ConcurrentGCThread "G1 Young RemSet Sampling" [stack: 0x000000eb38b00000,0x000000eb38c00000] [id=116796]

Threads with active compile tasks:
C2 CompilerThread0   9176 5414       4       org.objectweb.asm.Frame::execute (2318 bytes)
C1 CompilerThread0   9176 5487       3       com.google.common.collect.Iterables::castOrCopyToCollection (24 bytes)

VM state:not at safepoint (normal execution)

VM Mutex/Monitor currently owned by a thread: None

Heap address: 0x0000000080000000, size: 2048 MB, Compressed Oops mode: 32-bit
Narrow klass base: 0x0000000000000000, Narrow klass shift: 3
Compressed class space size: 1073741824 Address: 0x0000000100000000

Heap:
 garbage-first heap   total 96256K, used 52962K [0x0000000080000000, 0x0000000100000000)
  region size 1024K, 15 young (15360K), 6 survivors (6144K)
 Metaspace       used 51793K, capacity 53296K, committed 53456K, reserved 1095680K
  class space    used 6520K, capacity 7039K, committed 7040K, reserved 1048576K
Heap Regions: E=young(eden), S=young(survivor), O=old, HS=humongous(starts), HC=humongous(continues), CS=collection set, F=free, A=archive, TAMS=top-at-mark-start (previous, next)
|   0|0x0000000080000000, 0x0000000080100000, 0x0000000080100000|100%| O|  |TAMS 0x0000000080100000, 0x0000000080000000| Untracked 
|   1|0x0000000080100000, 0x0000000080200000, 0x0000000080200000|100%| O|  |TAMS 0x0000000080200000, 0x0000000080100000| Untracked 
|   2|0x0000000080200000, 0x0000000080300000, 0x0000000080300000|100%| O|  |TAMS 0x0000000080300000, 0x0000000080200000| Untracked 
|   3|0x0000000080300000, 0x0000000080400000, 0x0000000080400000|100%|HS|  |TAMS 0x0000000080400000, 0x0000000080300000| Complete 
|   4|0x0000000080400000, 0x0000000080500000, 0x0000000080500000|100%|HC|  |TAMS 0x0000000080500000, 0x0000000080400000| Complete 
|   5|0x0000000080500000, 0x0000000080600000, 0x0000000080600000|100%|HC|  |TAMS 0x0000000080600000, 0x0000000080500000| Complete 
|   6|0x0000000080600000, 0x0000000080700000, 0x0000000080700000|100%| O|  |TAMS 0x0000000080700000, 0x0000000080600000| Untracked 
|   7|0x0000000080700000, 0x0000000080800000, 0x0000000080800000|100%| O|  |TAMS 0x0000000080800000, 0x0000000080700000| Untracked 
|   8|0x0000000080800000, 0x0000000080900000, 0x0000000080900000|100%| O|  |TAMS 0x0000000080900000, 0x0000000080800000| Untracked 
|   9|0x0000000080900000, 0x0000000080a00000, 0x0000000080a00000|100%| O|  |TAMS 0x0000000080a00000, 0x0000000080900000| Untracked 
|  10|0x0000000080a00000, 0x0000000080b00000, 0x0000000080b00000|100%| O|  |TAMS 0x0000000080b00000, 0x0000000080a00000| Untracked 
|  11|0x0000000080b00000, 0x0000000080c00000, 0x0000000080c00000|100%| O|  |TAMS 0x0000000080c00000, 0x0000000080b00000| Untracked 
|  12|0x0000000080c00000, 0x0000000080d00000, 0x0000000080d00000|100%| O|  |TAMS 0x0000000080d00000, 0x0000000080c00000| Untracked 
|  13|0x0000000080d00000, 0x0000000080e00000, 0x0000000080e00000|100%| O|  |TAMS 0x0000000080e00000, 0x0000000080d00000| Untracked 
|  14|0x0000000080e00000, 0x0000000080f00000, 0x0000000080f00000|100%| O|  |TAMS 0x0000000080f00000, 0x0000000080e00000| Untracked 
|  15|0x0000000080f00000, 0x0000000081000000, 0x0000000081000000|100%| O|  |TAMS 0x0000000081000000, 0x0000000080f00000| Untracked 
|  16|0x0000000081000000, 0x0000000081100000, 0x0000000081100000|100%| O|  |TAMS 0x00000000810e5200, 0x0000000081000000| Untracked 
|  17|0x0000000081100000, 0x0000000081200000, 0x0000000081200000|100%| O|  |TAMS 0x0000000081100000, 0x0000000081100000| Untracked 
|  18|0x0000000081200000, 0x0000000081300000, 0x0000000081300000|100%| O|  |TAMS 0x0000000081200000, 0x0000000081200000| Untracked 
|  19|0x0000000081300000, 0x0000000081400000, 0x0000000081400000|100%| O|  |TAMS 0x0000000081300000, 0x0000000081300000| Untracked 
|  20|0x0000000081400000, 0x0000000081500000, 0x0000000081500000|100%| O|  |TAMS 0x0000000081400000, 0x0000000081400000| Untracked 
|  21|0x0000000081500000, 0x0000000081600000, 0x0000000081600000|100%| O|  |TAMS 0x0000000081500000, 0x0000000081500000| Untracked 
|  22|0x0000000081600000, 0x0000000081700000, 0x0000000081700000|100%| O|  |TAMS 0x0000000081600000, 0x0000000081600000| Untracked 
|  23|0x0000000081700000, 0x0000000081800000, 0x0000000081800000|100%| O|  |TAMS 0x0000000081700000, 0x0000000081700000| Untracked 
|  24|0x0000000081800000, 0x0000000081900000, 0x0000000081900000|100%| O|  |TAMS 0x0000000081800000, 0x0000000081800000| Untracked 
|  25|0x0000000081900000, 0x0000000081a00000, 0x0000000081a00000|100%| O|  |TAMS 0x0000000081900000, 0x0000000081900000| Untracked 
|  26|0x0000000081a00000, 0x0000000081b00000, 0x0000000081b00000|100%| O|  |TAMS 0x0000000081a00000, 0x0000000081a00000| Untracked 
|  27|0x0000000081b00000, 0x0000000081c00000, 0x0000000081c00000|100%| O|  |TAMS 0x0000000081b00000, 0x0000000081b00000| Untracked 
|  28|0x0000000081c00000, 0x0000000081d00000, 0x0000000081d00000|100%|HS|  |TAMS 0x0000000081c00000, 0x0000000081c00000| Complete 
|  29|0x0000000081d00000, 0x0000000081e00000, 0x0000000081e00000|100%|HS|  |TAMS 0x0000000081d00000, 0x0000000081d00000| Complete 
|  30|0x0000000081e00000, 0x0000000081f00000, 0x0000000081f00000|100%|HS|  |TAMS 0x0000000081e00000, 0x0000000081e00000| Complete 
|  31|0x0000000081f00000, 0x0000000082000000, 0x0000000082000000|100%|HS|  |TAMS 0x0000000081f00000, 0x0000000081f00000| Complete 
|  32|0x0000000082000000, 0x0000000082100000, 0x0000000082100000|100%|HC|  |TAMS 0x0000000082000000, 0x0000000082000000| Complete 
|  33|0x0000000082100000, 0x0000000082200000, 0x0000000082200000|100%| O|  |TAMS 0x0000000082100000, 0x0000000082100000| Untracked 
|  34|0x0000000082200000, 0x0000000082300000, 0x0000000082300000|100%| O|  |TAMS 0x0000000082200000, 0x0000000082200000| Untracked 
|  35|0x0000000082300000, 0x0000000082400000, 0x0000000082400000|100%| O|  |TAMS 0x0000000082300000, 0x0000000082300000| Untracked 
|  36|0x0000000082400000, 0x0000000082500000, 0x0000000082500000|100%| O|  |TAMS 0x0000000082400000, 0x0000000082400000| Untracked 
|  37|0x0000000082500000, 0x00000000825b8a00, 0x0000000082600000| 72%| O|  |TAMS 0x0000000082500000, 0x0000000082500000| Untracked 
|  38|0x0000000082600000, 0x0000000082600000, 0x0000000082700000|  0%| F|  |TAMS 0x0000000082600000, 0x0000000082600000| Untracked 
|  39|0x0000000082700000, 0x0000000082700000, 0x0000000082800000|  0%| F|  |TAMS 0x0000000082700000, 0x0000000082700000| Untracked 
|  40|0x0000000082800000, 0x0000000082800000, 0x0000000082900000|  0%| F|  |TAMS 0x0000000082800000, 0x0000000082800000| Untracked 
|  41|0x0000000082900000, 0x0000000082a00000, 0x0000000082a00000|100%| S|CS|TAMS 0x0000000082900000, 0x0000000082900000| Complete 
|  42|0x0000000082a00000, 0x0000000082a00000, 0x0000000082b00000|  0%| F|  |TAMS 0x0000000082a00000, 0x0000000082a00000| Untracked 
|  43|0x0000000082b00000, 0x0000000082b00000, 0x0000000082c00000|  0%| F|  |TAMS 0x0000000082b00000, 0x0000000082b00000| Untracked 
|  44|0x0000000082c00000, 0x0000000082d00000, 0x0000000082d00000|100%| S|CS|TAMS 0x0000000082c00000, 0x0000000082c00000| Complete 
|  45|0x0000000082d00000, 0x0000000082e00000, 0x0000000082e00000|100%| S|CS|TAMS 0x0000000082d00000, 0x0000000082d00000| Complete 
|  46|0x0000000082e00000, 0x0000000082f00000, 0x0000000082f00000|100%| S|CS|TAMS 0x0000000082e00000, 0x0000000082e00000| Complete 
|  47|0x0000000082f00000, 0x0000000083000000, 0x0000000083000000|100%| S|CS|TAMS 0x0000000082f00000, 0x0000000082f00000| Complete 
|  48|0x0000000083000000, 0x0000000083000000, 0x0000000083100000|  0%| F|  |TAMS 0x0000000083000000, 0x0000000083000000| Untracked 
|  49|0x0000000083100000, 0x0000000083100000, 0x0000000083200000|  0%| F|  |TAMS 0x0000000083100000, 0x0000000083100000| Untracked 
|  50|0x0000000083200000, 0x0000000083200000, 0x0000000083300000|  0%| F|  |TAMS 0x0000000083200000, 0x0000000083200000| Untracked 
|  51|0x0000000083300000, 0x0000000083400000, 0x0000000083400000|100%| S|CS|TAMS 0x0000000083300000, 0x0000000083300000| Complete 
|  52|0x0000000083400000, 0x0000000083400000, 0x0000000083500000|  0%| F|  |TAMS 0x0000000083400000, 0x0000000083400000| Untracked 
|  53|0x0000000083500000, 0x0000000083500000, 0x0000000083600000|  0%| F|  |TAMS 0x0000000083500000, 0x0000000083500000| Untracked 
|  54|0x0000000083600000, 0x0000000083600000, 0x0000000083700000|  0%| F|  |TAMS 0x0000000083600000, 0x0000000083600000| Untracked 
|  55|0x0000000083700000, 0x0000000083700000, 0x0000000083800000|  0%| F|  |TAMS 0x0000000083700000, 0x0000000083700000| Untracked 
|  56|0x0000000083800000, 0x0000000083800000, 0x0000000083900000|  0%| F|  |TAMS 0x0000000083800000, 0x0000000083800000| Untracked 
|  57|0x0000000083900000, 0x0000000083900000, 0x0000000083a00000|  0%| F|  |TAMS 0x0000000083900000, 0x0000000083900000| Untracked 
|  58|0x0000000083a00000, 0x0000000083a00000, 0x0000000083b00000|  0%| F|  |TAMS 0x0000000083a00000, 0x0000000083a00000| Untracked 
|  59|0x0000000083b00000, 0x0000000083b00000, 0x0000000083c00000|  0%| F|  |TAMS 0x0000000083b00000, 0x0000000083b00000| Untracked 
|  60|0x0000000083c00000, 0x0000000083c00000, 0x0000000083d00000|  0%| F|  |TAMS 0x0000000083c00000, 0x0000000083c00000| Untracked 
|  61|0x0000000083d00000, 0x0000000083d00000, 0x0000000083e00000|  0%| F|  |TAMS 0x0000000083d00000, 0x0000000083d00000| Untracked 
|  62|0x0000000083e00000, 0x0000000083e00000, 0x0000000083f00000|  0%| F|  |TAMS 0x0000000083e00000, 0x0000000083e00000| Untracked 
|  63|0x0000000083f00000, 0x0000000083f00000, 0x0000000084000000|  0%| F|  |TAMS 0x0000000083f00000, 0x0000000083f00000| Untracked 
|  64|0x0000000084000000, 0x0000000084000000, 0x0000000084100000|  0%| F|  |TAMS 0x0000000084000000, 0x0000000084000000| Untracked 
|  65|0x0000000084100000, 0x0000000084100000, 0x0000000084200000|  0%| F|  |TAMS 0x0000000084100000, 0x0000000084100000| Untracked 
|  66|0x0000000084200000, 0x0000000084200000, 0x0000000084300000|  0%| F|  |TAMS 0x0000000084200000, 0x0000000084200000| Untracked 
|  67|0x0000000084300000, 0x0000000084300000, 0x0000000084400000|  0%| F|  |TAMS 0x0000000084300000, 0x0000000084300000| Untracked 
|  68|0x0000000084400000, 0x0000000084400000, 0x0000000084500000|  0%| F|  |TAMS 0x0000000084400000, 0x0000000084400000| Untracked 
|  69|0x0000000084500000, 0x0000000084500000, 0x0000000084600000|  0%| F|  |TAMS 0x0000000084500000, 0x0000000084500000| Untracked 
|  70|0x0000000084600000, 0x0000000084600000, 0x0000000084700000|  0%| F|  |TAMS 0x0000000084600000, 0x0000000084600000| Untracked 
|  71|0x0000000084700000, 0x0000000084700000, 0x0000000084800000|  0%| F|  |TAMS 0x0000000084700000, 0x0000000084700000| Untracked 
|  72|0x0000000084800000, 0x0000000084800000, 0x0000000084900000|  0%| F|  |TAMS 0x0000000084800000, 0x0000000084800000| Untracked 
|  73|0x0000000084900000, 0x0000000084900000, 0x0000000084a00000|  0%| F|  |TAMS 0x0000000084900000, 0x0000000084900000| Untracked 
|  74|0x0000000084a00000, 0x0000000084a00000, 0x0000000084b00000|  0%| F|  |TAMS 0x0000000084a00000, 0x0000000084a00000| Untracked 
|  75|0x0000000084b00000, 0x0000000084b00000, 0x0000000084c00000|  0%| F|  |TAMS 0x0000000084b00000, 0x0000000084b00000| Untracked 
|  76|0x0000000084c00000, 0x0000000084c00000, 0x0000000084d00000|  0%| F|  |TAMS 0x0000000084c00000, 0x0000000084c00000| Untracked 
|  77|0x0000000084d00000, 0x0000000084d00000, 0x0000000084e00000|  0%| F|  |TAMS 0x0000000084d00000, 0x0000000084d00000| Untracked 
|  78|0x0000000084e00000, 0x0000000084e00000, 0x0000000084f00000|  0%| F|  |TAMS 0x0000000084e00000, 0x0000000084e00000| Untracked 
|  79|0x0000000084f00000, 0x0000000084f00000, 0x0000000085000000|  0%| F|  |TAMS 0x0000000084f00000, 0x0000000084f00000| Untracked 
|  80|0x0000000085000000, 0x0000000085000000, 0x0000000085100000|  0%| F|  |TAMS 0x0000000085000000, 0x0000000085000000| Untracked 
|  81|0x0000000085100000, 0x0000000085100000, 0x0000000085200000|  0%| F|  |TAMS 0x0000000085100000, 0x0000000085100000| Untracked 
|  82|0x0000000085200000, 0x0000000085200000, 0x0000000085300000|  0%| F|  |TAMS 0x0000000085200000, 0x0000000085200000| Untracked 
|  83|0x0000000085300000, 0x0000000085300000, 0x0000000085400000|  0%| F|  |TAMS 0x0000000085300000, 0x0000000085300000| Untracked 
|  84|0x0000000085400000, 0x0000000085480af8, 0x0000000085500000| 50%| E|  |TAMS 0x0000000085400000, 0x0000000085400000| Complete 
|  85|0x0000000085500000, 0x0000000085600000, 0x0000000085600000|100%| E|CS|TAMS 0x0000000085500000, 0x0000000085500000| Complete 
|  86|0x0000000085600000, 0x0000000085700000, 0x0000000085700000|100%| E|CS|TAMS 0x0000000085600000, 0x0000000085600000| Complete 
|  87|0x0000000085700000, 0x0000000085800000, 0x0000000085800000|100%| E|CS|TAMS 0x0000000085700000, 0x0000000085700000| Complete 
|  88|0x0000000085800000, 0x0000000085900000, 0x0000000085900000|100%| E|CS|TAMS 0x0000000085800000, 0x0000000085800000| Complete 
|  89|0x0000000085900000, 0x0000000085a00000, 0x0000000085a00000|100%| E|CS|TAMS 0x0000000085900000, 0x0000000085900000| Complete 
|  90|0x0000000085a00000, 0x0000000085b00000, 0x0000000085b00000|100%| E|CS|TAMS 0x0000000085a00000, 0x0000000085a00000| Complete 
|  91|0x0000000085b00000, 0x0000000085c00000, 0x0000000085c00000|100%| E|CS|TAMS 0x0000000085b00000, 0x0000000085b00000| Complete 
|  92|0x0000000085c00000, 0x0000000085d00000, 0x0000000085d00000|100%| E|CS|TAMS 0x0000000085c00000, 0x0000000085c00000| Complete 
|  93|0x0000000085d00000, 0x0000000085e00000, 0x0000000085e00000|100%| E|CS|TAMS 0x0000000085d00000, 0x0000000085d00000| Complete 

Card table byte_map: [0x000002806ff30000,0x0000028070330000] _byte_map_base: 0x000002806fb30000

Marking Bits (Prev, Next): (CMBitMap*) 0x000002805caf5fc8, (CMBitMap*) 0x000002805caf6000
 Prev Bits: [0x0000028070730000, 0x0000028072730000)
 Next Bits: [0x0000028072730000, 0x0000028074730000)

Polling page: 0x000002805aa10000

Metaspace:

Usage:
  Non-class:     45.17 MB capacity,    44.22 MB ( 98%) used,   835.84 KB (  2%) free+waste,   136.88 KB ( <1%) overhead. 
      Class:      6.87 MB capacity,     6.37 MB ( 93%) used,   451.23 KB (  6%) free+waste,    64.75 KB ( <1%) overhead. 
       Both:     52.05 MB capacity,    50.59 MB ( 97%) used,     1.26 MB (  2%) free+waste,   201.63 KB ( <1%) overhead. 

Virtual space:
  Non-class space:       46.00 MB reserved,      45.33 MB ( 99%) committed 
      Class space:        1.00 GB reserved,       6.88 MB ( <1%) committed 
             Both:        1.04 GB reserved,      52.20 MB (  5%) committed 

Chunk freelists:
   Non-Class:  31.00 KB
       Class:  1.00 KB
        Both:  32.00 KB

MaxMetaspaceSize: 17179869184.00 GB
CompressedClassSpaceSize: 1.00 GB
Initial GC threshold: 20.80 MB
Current GC threshold: 58.88 MB
CDS: off

CodeHeap 'non-profiled nmethods': size=120000Kb used=2543Kb max_used=2543Kb free=117456Kb
 bounds [0x00000280680a0000, 0x0000028068320000, 0x000002806f5d0000]
CodeHeap 'profiled nmethods': size=120000Kb used=11387Kb max_used=11387Kb free=108612Kb
 bounds [0x0000028060b70000, 0x0000028061690000, 0x00000280680a0000]
CodeHeap 'non-nmethods': size=5760Kb used=2292Kb max_used=2329Kb free=3467Kb
 bounds [0x00000280605d0000, 0x0000028060840000, 0x0000028060b70000]
 total_blobs=6243 nmethods=5450 adapters=705
 compilation: enabled
              stopped_count=0, restarted_count=0
 full_count=0

Compilation events (20 events):
Event: 9.077 Thread 0x00000280773bf000 5437       3       com.google.common.collect.RegularImmutableMap::createEntrySet (13 bytes)
Event: 9.077 Thread 0x00000280773bf000 nmethod 5437 0x0000028061668290 code [0x00000280616684a0, 0x0000028061668a28]
Event: 9.077 Thread 0x00000280773bf000 5438       3       com.google.common.collect.ImmutableMapEntrySet$RegularEntrySet::<init> (10 bytes)
Event: 9.077 Thread 0x00000280773bf000 nmethod 5438 0x0000028061668c90 code [0x0000028061668e80, 0x0000028061669348]
Event: 9.078 Thread 0x00000280773bf000 5440       3       com.google.common.collect.RegularImmutableSet::size (6 bytes)
Event: 9.079 Thread 0x00000280773bf000 nmethod 5440 0x0000028061669510 code [0x00000280616696c0, 0x00000280616697d8]
Event: 9.079 Thread 0x00000280773bf000 5441   !   3       org.gradle.cache.internal.DefaultCrossBuildInMemoryCacheFactory$AbstractCrossBuildInMemoryCache::getIfPresent (20 bytes)
Event: 9.080 Thread 0x00000280773bf000 nmethod 5441 0x0000028061669890 code [0x0000028061669a60, 0x0000028061669d28]
Event: 9.080 Thread 0x00000280773bf000 5442       3       org.gradle.cache.internal.DefaultCrossBuildInMemoryCacheFactory$DefaultClassMap::getCacheScope (34 bytes)
Event: 9.080 Thread 0x00000280773bf000 nmethod 5442 0x0000028061669e90 code [0x000002806166a120, 0x000002806166afa8]
Event: 9.081 Thread 0x00000280773bf000 5443       3       org.gradle.internal.service.DefaultServiceRegistry::find (28 bytes)
Event: 9.081 Thread 0x00000280773bf000 nmethod 5443 0x000002806166b390 code [0x000002806166b5a0, 0x000002806166b8e8]
Event: 9.081 Thread 0x00000280773bf000 5444       3       org.gradle.internal.service.DefaultServiceRegistry::getService (13 bytes)
Event: 9.082 Thread 0x00000280773bf000 nmethod 5444 0x000002806166ba90 code [0x000002806166bc60, 0x000002806166bdd8]
Event: 9.082 Thread 0x00000280773bf000 5445       3       org.gradle.internal.instantiation.generator.AsmBackedClassGenerator::getDisplayNameForNext (21 bytes)
Event: 9.082 Thread 0x00000280773bf000 nmethod 5445 0x000002806166be90 code [0x000002806166c060, 0x000002806166c328]
Event: 9.134 Thread 0x00000280773bf000 5447       3       java.lang.WeakPairMap$Pair::equals (34 bytes)
Event: 9.135 Thread 0x00000280773bf000 nmethod 5447 0x000002806166c410 code [0x000002806166c5e0, 0x000002806166c958]
Event: 9.135 Thread 0x00000280773bf000 5448       3       java.lang.reflect.ProxyGenerator$PrimitiveTypeInfo::get (13 bytes)
Event: 9.135 Thread 0x00000280773bf000 nmethod 5448 0x000002806166ca90 code [0x000002806166cc60, 0x000002806166cf08]

GC Heap History (20 events):
Event: 2.623 GC heap before
{Heap before GC invocations=1 (full 0):
 garbage-first heap   total 96256K, used 63619K [0x0000000080000000, 0x0000000100000000)
  region size 1024K, 56 young (57344K), 3 survivors (3072K)
 Metaspace       used 13647K, capacity 14025K, committed 14208K, reserved 1062912K
  class space    used 1482K, capacity 1591K, committed 1664K, reserved 1048576K
}
Event: 2.629 GC heap after
{Heap after GC invocations=2 (full 0):
 garbage-first heap   total 96256K, used 14816K [0x0000000080000000, 0x0000000100000000)
  region size 1024K, 7 young (7168K), 7 survivors (7168K)
 Metaspace       used 13647K, capacity 14025K, committed 14208K, reserved 1062912K
  class space    used 1482K, capacity 1591K, committed 1664K, reserved 1048576K
}
Event: 3.873 GC heap before
{Heap before GC invocations=2 (full 0):
 garbage-first heap   total 96256K, used 59872K [0x0000000080000000, 0x0000000100000000)
  region size 1024K, 52 young (53248K), 7 survivors (7168K)
 Metaspace       used 20718K, capacity 21167K, committed 21296K, reserved 1069056K
  class space    used 2506K, capacity 2633K, committed 2688K, reserved 1048576K
}
Event: 3.881 GC heap after
{Heap after GC invocations=3 (full 0):
 garbage-first heap   total 96256K, used 17708K [0x0000000080000000, 0x0000000100000000)
  region size 1024K, 3 young (3072K), 3 survivors (3072K)
 Metaspace       used 20718K, capacity 21167K, committed 21296K, reserved 1069056K
  class space    used 2506K, capacity 2633K, committed 2688K, reserved 1048576K
}
Event: 4.753 GC heap before
{Heap before GC invocations=4 (full 0):
 garbage-first heap   total 96256K, used 65836K [0x0000000080000000, 0x0000000100000000)
  region size 1024K, 50 young (51200K), 3 survivors (3072K)
 Metaspace       used 25592K, capacity 26151K, committed 26288K, reserved 1073152K
  class space    used 3280K, capacity 3470K, committed 3584K, reserved 1048576K
}
Event: 4.756 GC heap after
{Heap after GC invocations=5 (full 0):
 garbage-first heap   total 96256K, used 19410K [0x0000000080000000, 0x0000000100000000)
  region size 1024K, 4 young (4096K), 4 survivors (4096K)
 Metaspace       used 25592K, capacity 26151K, committed 26288K, reserved 1073152K
  class space    used 3280K, capacity 3470K, committed 3584K, reserved 1048576K
}
Event: 5.568 GC heap before
{Heap before GC invocations=5 (full 0):
 garbage-first heap   total 96256K, used 68562K [0x0000000080000000, 0x0000000100000000)
  region size 1024K, 52 young (53248K), 4 survivors (4096K)
 Metaspace       used 30437K, capacity 31133K, committed 31408K, reserved 1077248K
  class space    used 4021K, capacity 4306K, committed 4352K, reserved 1048576K
}
Event: 5.573 GC heap after
{Heap after GC invocations=6 (full 0):
 garbage-first heap   total 96256K, used 20788K [0x0000000080000000, 0x0000000100000000)
  region size 1024K, 4 young (4096K), 4 survivors (4096K)
 Metaspace       used 30437K, capacity 31133K, committed 31408K, reserved 1077248K
  class space    used 4021K, capacity 4306K, committed 4352K, reserved 1048576K
}
Event: 5.993 GC heap before
{Heap before GC invocations=6 (full 0):
 garbage-first heap   total 96256K, used 35124K [0x0000000080000000, 0x0000000100000000)
  region size 1024K, 19 young (19456K), 4 survivors (4096K)
 Metaspace       used 35022K, capacity 35801K, committed 35920K, reserved 1081344K
  class space    used 4482K, capacity 4799K, committed 4864K, reserved 1048576K
}
Event: 5.999 GC heap after
{Heap after GC invocations=7 (full 0):
 garbage-first heap   total 96256K, used 23198K [0x0000000080000000, 0x0000000100000000)
  region size 1024K, 6 young (6144K), 6 survivors (6144K)
 Metaspace       used 35022K, capacity 35801K, committed 35920K, reserved 1081344K
  class space    used 4482K, capacity 4799K, committed 4864K, reserved 1048576K
}
Event: 6.562 GC heap before
{Heap before GC invocations=8 (full 0):
 garbage-first heap   total 96256K, used 71326K [0x0000000080000000, 0x0000000100000000)
  region size 1024K, 51 young (52224K), 6 survivors (6144K)
 Metaspace       used 39247K, capacity 40127K, committed 40272K, reserved 1085440K
  class space    used 4946K, capacity 5277K, committed 5376K, reserved 1048576K
}
Event: 6.568 GC heap after
{Heap after GC invocations=9 (full 0):
 garbage-first heap   total 96256K, used 27167K [0x0000000080000000, 0x0000000100000000)
  region size 1024K, 7 young (7168K), 7 survivors (7168K)
 Metaspace       used 39247K, capacity 40127K, committed 40272K, reserved 1085440K
  class space    used 4946K, capacity 5277K, committed 5376K, reserved 1048576K
}
Event: 7.112 GC heap before
{Heap before GC invocations=9 (full 0):
 garbage-first heap   total 96256K, used 70175K [0x0000000080000000, 0x0000000100000000)
  region size 1024K, 49 young (50176K), 7 survivors (7168K)
 Metaspace       used 43005K, capacity 44023K, committed 44240K, reserved 1087488K
  class space    used 5389K, capacity 5757K, committed 5760K, reserved 1048576K
}
Event: 7.117 GC heap after
{Heap after GC invocations=10 (full 0):
 garbage-first heap   total 96256K, used 28714K [0x0000000080000000, 0x0000000100000000)
  region size 1024K, 3 young (3072K), 3 survivors (3072K)
 Metaspace       used 43005K, capacity 44023K, committed 44240K, reserved 1087488K
  class space    used 5389K, capacity 5757K, committed 5760K, reserved 1048576K
}
Event: 7.575 GC heap before
{Heap before GC invocations=10 (full 0):
 garbage-first heap   total 96256K, used 72746K [0x0000000080000000, 0x0000000100000000)
  region size 1024K, 46 young (47104K), 3 survivors (3072K)
 Metaspace       used 46020K, capacity 47205K, committed 47312K, reserved 1091584K
  class space    used 5833K, capacity 6264K, committed 6272K, reserved 1048576K
}
Event: 7.578 GC heap after
{Heap after GC invocations=11 (full 0):
 garbage-first heap   total 96256K, used 29878K [0x0000000080000000, 0x0000000100000000)
  region size 1024K, 4 young (4096K), 4 survivors (4096K)
 Metaspace       used 46020K, capacity 47205K, committed 47312K, reserved 1091584K
  class space    used 5833K, capacity 6264K, committed 6272K, reserved 1048576K
}
Event: 8.252 GC heap before
{Heap before GC invocations=11 (full 0):
 garbage-first heap   total 96256K, used 73910K [0x0000000080000000, 0x0000000100000000)
  region size 1024K, 47 young (48128K), 4 survivors (4096K)
 Metaspace       used 47539K, capacity 48866K, committed 49104K, reserved 1091584K
  class space    used 5993K, capacity 6495K, committed 6528K, reserved 1048576K
}
Event: 8.256 GC heap after
{Heap after GC invocations=12 (full 0):
 garbage-first heap   total 96256K, used 32660K [0x0000000080000000, 0x0000000100000000)
  region size 1024K, 5 young (5120K), 5 survivors (5120K)
 Metaspace       used 47539K, capacity 48866K, committed 49104K, reserved 1091584K
  class space    used 5993K, capacity 6495K, committed 6528K, reserved 1048576K
}
Event: 9.041 GC heap before
{Heap before GC invocations=12 (full 0):
 garbage-first heap   total 96256K, used 79764K [0x0000000080000000, 0x0000000100000000)
  region size 1024K, 47 young (48128K), 5 survivors (5120K)
 Metaspace       used 50605K, capacity 52078K, committed 52432K, reserved 1095680K
  class space    used 6372K, capacity 6935K, committed 7040K, reserved 1048576K
}
Event: 9.046 GC heap after
{Heap after GC invocations=13 (full 0):
 garbage-first heap   total 96256K, used 44770K [0x0000000080000000, 0x0000000100000000)
  region size 1024K, 6 young (6144K), 6 survivors (6144K)
 Metaspace       used 50605K, capacity 52078K, committed 52432K, reserved 1095680K
  class space    used 6372K, capacity 6935K, committed 7040K, reserved 1048576K
}

Deoptimization events (20 events):
Event: 8.767 Thread 0x0000028079cf7000 DEOPT PACKING pc=0x00000280680fae3c sp=0x000000eb3a1f73b0
Event: 8.767 Thread 0x0000028079cf7000 DEOPT UNPACKING pc=0x000002806061a1af sp=0x000000eb3a1f7340 mode 2
Event: 8.784 Thread 0x0000028079cf7000 DEOPT PACKING pc=0x0000028061025bf9 sp=0x000000eb3a1f83a0
Event: 8.784 Thread 0x0000028079cf7000 DEOPT UNPACKING pc=0x000002806061a95e sp=0x000000eb3a1f7870 mode 0
Event: 8.937 Thread 0x0000028079cf7000 Uncommon trap: trap_request=0xffffff4d fr.pc=0x000002806823abd4 relative=0x00000000000006f4
Event: 8.938 Thread 0x0000028079cf7000 Uncommon trap: reason=unstable_if action=reinterpret pc=0x000002806823abd4 method=java.io.BufferedInputStream.read1([BII)I @ 22 c2
Event: 8.938 Thread 0x0000028079cf7000 DEOPT PACKING pc=0x000002806823abd4 sp=0x000000eb3a1f6d40
Event: 8.938 Thread 0x0000028079cf7000 DEOPT UNPACKING pc=0x000002806061a1af sp=0x000000eb3a1f6c68 mode 2
Event: 8.938 Thread 0x0000028079cf7000 Uncommon trap: trap_request=0xffffff4d fr.pc=0x0000028068240b24 relative=0x0000000000000164
Event: 8.938 Thread 0x0000028079cf7000 Uncommon trap: reason=unstable_if action=reinterpret pc=0x0000028068240b24 method=java.io.BufferedInputStream.read1([BII)I @ 22 c2
Event: 8.938 Thread 0x0000028079cf7000 DEOPT PACKING pc=0x0000028068240b24 sp=0x000000eb3a1f6ca0
Event: 8.938 Thread 0x0000028079cf7000 DEOPT UNPACKING pc=0x000002806061a1af sp=0x000000eb3a1f6c58 mode 2
Event: 8.963 Thread 0x0000028079cf7000 Uncommon trap: trap_request=0xffffff45 fr.pc=0x0000028068259244 relative=0x0000000000000da4
Event: 8.963 Thread 0x0000028079cf7000 Uncommon trap: reason=unstable_fused_if action=reinterpret pc=0x0000028068259244 method=org.objectweb.asm.ByteVector.putUTF8(Ljava/lang/String;)Lorg/objectweb/asm/ByteVector; @ 93 c2
Event: 8.963 Thread 0x0000028079cf7000 DEOPT PACKING pc=0x0000028068259244 sp=0x000000eb3a1f77c0
Event: 8.963 Thread 0x0000028079cf7000 DEOPT UNPACKING pc=0x000002806061a1af sp=0x000000eb3a1f7718 mode 2
Event: 8.999 Thread 0x0000028079cf7000 Uncommon trap: trap_request=0xffffff45 fr.pc=0x00000280681cb484 relative=0x0000000000000224
Event: 8.999 Thread 0x0000028079cf7000 Uncommon trap: reason=unstable_fused_if action=reinterpret pc=0x00000280681cb484 method=org.objectweb.asm.ByteVector.putUTF8(Ljava/lang/String;)Lorg/objectweb/asm/ByteVector; @ 93 c2
Event: 8.999 Thread 0x0000028079cf7000 DEOPT PACKING pc=0x00000280681cb484 sp=0x000000eb3a1f7ae0
Event: 8.999 Thread 0x0000028079cf7000 DEOPT UNPACKING pc=0x000002806061a1af sp=0x000000eb3a1f7a60 mode 2

Classes redefined (0 events):
No events

Internal exceptions (20 events):
Event: 8.694 Thread 0x0000028079cf7000 Exception <a 'java/lang/ClassNotFoundException'{0x000000008485aa38}: org/gradle/api/DefaultTaskCustomizer> (0x000000008485aa38) thrown at [./src/hotspot/share/classfile/systemDictionary.cpp, line 231]
Event: 8.697 Thread 0x0000028079cf7000 Exception <a 'java/lang/ClassNotFoundException'{0x00000000848dc500}: org/gradle/api/internal/ConventionTaskCustomizer> (0x00000000848dc500) thrown at [./src/hotspot/share/classfile/systemDictionary.cpp, line 231]
Event: 8.699 Thread 0x0000028079cf7000 Exception <a 'java/lang/ClassNotFoundException'{0x0000000084714a40}: org/gradle/api/tasks/DeleteCustomizer> (0x0000000084714a40) thrown at [./src/hotspot/share/classfile/systemDictionary.cpp, line 231]
Event: 8.700 Thread 0x0000028079cf7000 Exception <a 'java/lang/ClassNotFoundException'{0x0000000084753a00}: org/gradle/api/tasks/Delete_DecoratedCustomizer> (0x0000000084753a00) thrown at [./src/hotspot/share/classfile/systemDictionary.cpp, line 231]
Event: 8.725 Thread 0x0000028079cf7000 Exception <a 'java/lang/NoSuchMethodError'{0x0000000084667988}: 'long java.lang.invoke.DirectMethodHandle$Holder.invokeVirtual(java.lang.Object, java.lang.Object)'> (0x0000000084667988) thrown at [./src/hotspot/share/interpreter/linkResolver.cpp, line 773]
Event: 8.729 Thread 0x000002807a09a800 Exception <a 'java/lang/NoSuchMethodError'{0x0000000084504798}: <clinit>> (0x0000000084504798) thrown at [./src/hotspot/share/prims/jni.cpp, line 1366]
Event: 8.734 Thread 0x000002807a09a800 Exception <a 'java/lang/NoSuchMethodError'{0x0000000084522ae0}: <clinit>> (0x0000000084522ae0) thrown at [./src/hotspot/share/prims/jni.cpp, line 1366]
Event: 8.734 Thread 0x000002807a09a800 Exception <a 'java/lang/NoSuchMethodError'{0x0000000084523ec0}: <clinit>> (0x0000000084523ec0) thrown at [./src/hotspot/share/prims/jni.cpp, line 1366]
Event: 8.734 Thread 0x000002807a09a800 Exception <a 'java/lang/NoSuchMethodError'{0x00000000845251c8}: <clinit>> (0x00000000845251c8) thrown at [./src/hotspot/share/prims/jni.cpp, line 1366]
Event: 8.734 Thread 0x000002807a09a800 Exception <a 'java/lang/NoSuchMethodError'{0x00000000845261e8}: <clinit>> (0x00000000845261e8) thrown at [./src/hotspot/share/prims/jni.cpp, line 1366]
Event: 8.736 Thread 0x000002807a09a800 Exception <a 'java/lang/NoSuchMethodError'{0x0000000084538eb8}: <clinit>> (0x0000000084538eb8) thrown at [./src/hotspot/share/prims/jni.cpp, line 1366]
Event: 8.737 Thread 0x000002807a09a800 Exception <a 'java/lang/NoSuchMethodError'{0x0000000084543658}: <clinit>> (0x0000000084543658) thrown at [./src/hotspot/share/prims/jni.cpp, line 1366]
Event: 8.739 Thread 0x000002807a09a800 Exception <a 'java/lang/NoSuchMethodError'{0x0000000084557948}: <clinit>> (0x0000000084557948) thrown at [./src/hotspot/share/prims/jni.cpp, line 1366]
Event: 8.759 Thread 0x0000028079cf7000 Exception <a 'java/lang/ClassNotFoundException'{0x00000000845beb40}: build_2dful60i1ir9ud622o47h7hl3BeanInfo> (0x00000000845beb40) thrown at [./src/hotspot/share/classfile/systemDictionary.cpp, line 231]
Event: 8.759 Thread 0x0000028079cf7000 Exception <a 'java/lang/ClassNotFoundException'{0x00000000845c9af8}: build_2dful60i1ir9ud622o47h7hl3Customizer> (0x00000000845c9af8) thrown at [./src/hotspot/share/classfile/systemDictionary.cpp, line 231]
Event: 8.763 Thread 0x0000028079cf7000 Exception <a 'java/lang/ClassNotFoundException'{0x000000008442dc70}: org/gradle/api/internal/plugins/DefaultObjectConfigurationActionBeanInfo> (0x000000008442dc70) thrown at [./src/hotspot/share/classfile/systemDictionary.cpp, line 231]
Event: 8.764 Thread 0x0000028079cf7000 Exception <a 'java/lang/ClassNotFoundException'{0x0000000084460d80}: org/gradle/api/internal/plugins/DefaultObjectConfigurationActionCustomizer> (0x0000000084460d80) thrown at [./src/hotspot/share/classfile/systemDictionary.cpp, line 231]
Event: 8.954 Thread 0x0000028079cf7000 Exception <a 'java/lang/NoSuchMethodError'{0x00000000839fcad8}: 'java.lang.Object java.lang.invoke.DirectMethodHandle$Holder.invokeStatic(java.lang.Object, java.lang.Object, java.lang.Object, java.lang.Object, int)'> (0x00000000839fcad8) thrown at [./src/hotspot/share/interpreter/linkResolver.cpp, line 773]
Event: 8.954 Thread 0x0000028079cf7000 Exception <a 'java/lang/NoSuchMethodError'{0x00000000838019d8}: 'java.lang.Object java.lang.invoke.DirectMethodHandle$Holder.invokeSpecial(java.lang.Object, java.lang.Object, java.lang.Object, java.lang.Object, java.lang.Object, int)'> (0x00000000838019d8) thrown at [./src/hotspot/share/interpreter/linkResolver.cpp, line 773]
Event: 8.954 Thread 0x0000028079cf7000 Exception <a 'java/lang/NoSuchMethodError'{0x0000000083806018}: 'java.lang.Object java.lang.invoke.Invokers$Holder.linkToTargetMethod(java.lang.Object, java.lang.Object, java.lang.Object, int, java.lang.Object)'> (0x0000000083806018) thrown at [./src/hotspot/share/interpreter/linkResolver.cpp, line 773]

Events (20 events):
Event: 9.128 loading class com/google/gson/internal/bind/ReflectiveTypeAdapterFactory$Adapter
Event: 9.128 loading class com/google/gson/internal/bind/ReflectiveTypeAdapterFactory$Adapter done
Event: 9.129 loading class com/google/gson/internal/bind/ReflectiveTypeAdapterFactory$BoundField
Event: 9.129 loading class com/google/gson/internal/bind/ReflectiveTypeAdapterFactory$BoundField done
Event: 9.129 loading class com/google/gson/internal/bind/ReflectiveTypeAdapterFactory$1
Event: 9.129 loading class com/google/gson/internal/bind/ReflectiveTypeAdapterFactory$1 done
Event: 9.129 loading class com/android/tools/analytics/AnalyticsSettingsData
Event: 9.129 loading class com/android/tools/analytics/AnalyticsSettingsData done
Event: 9.130 loading class com/google/gson/internal/JsonReaderInternalAccess
Event: 9.130 loading class com/google/gson/internal/JsonReaderInternalAccess done
Event: 9.130 loading class com/google/gson/stream/JsonReader$1
Event: 9.130 loading class com/google/gson/stream/JsonReader$1 done
Event: 9.132 loading class com/google/gson/stream/JsonToken
Event: 9.132 loading class com/google/gson/stream/JsonToken done
Event: 9.133 loading class com/google/gson/annotations/JsonAdapter
Event: 9.133 loading class com/google/gson/annotations/JsonAdapter done
Event: 9.134 loading class jdk/internal/vm/annotation/ForceInline
Event: 9.134 loading class jdk/internal/vm/annotation/ForceInline done
Event: 9.135 loading class com/google/gson/internal/ConstructorConstructor$3
Event: 9.135 loading class com/google/gson/internal/ConstructorConstructor$3 done


Dynamic libraries:
0x00007ff6b7510000 - 0x00007ff6b751a000 	C:\Program Files\Android\Android Studio\jre\bin\java.exe
0x00007ffbcb0c0000 - 0x00007ffbcb2c9000 	C:\Windows\SYSTEM32\ntdll.dll
0x00007ffbc9640000 - 0x00007ffbc96fe000 	C:\Windows\System32\KERNEL32.DLL
0x00007ffbc8800000 - 0x00007ffbc8b83000 	C:\Windows\System32\KERNELBASE.dll
0x00007ffbc8570000 - 0x00007ffbc8681000 	C:\Windows\System32\ucrtbase.dll
0x00007ffbbfc60000 - 0x00007ffbbfc77000 	C:\Program Files\Android\Android Studio\jre\bin\VCRUNTIME140.dll
0x00007ffbbfb00000 - 0x00007ffbbfb19000 	C:\Program Files\Android\Android Studio\jre\bin\jli.dll
0x00007ffbcab60000 - 0x00007ffbcad0d000 	C:\Windows\System32\USER32.dll
0x00007ffbc8b90000 - 0x00007ffbc8bb6000 	C:\Windows\System32\win32u.dll
0x00007ffbcad10000 - 0x00007ffbcad39000 	C:\Windows\System32\GDI32.dll
0x00007ffbaba20000 - 0x00007ffbabcc5000 	C:\Windows\WinSxS\amd64_microsoft.windows.common-controls_6595b64144ccf1df_6.0.22000.120_none_9d947278b86cc467\COMCTL32.dll
0x00007ffbc8bc0000 - 0x00007ffbc8cda000 	C:\Windows\System32\gdi32full.dll
0x00007ffbc8ce0000 - 0x00007ffbc8d7d000 	C:\Windows\System32\msvcp_win.dll
0x00007ffbc9b70000 - 0x00007ffbc9c13000 	C:\Windows\System32\msvcrt.dll
0x00007ffbc8fe0000 - 0x00007ffbc9011000 	C:\Windows\System32\IMM32.DLL
0x00007ffbba820000 - 0x00007ffbba8bd000 	C:\Program Files\Android\Android Studio\jre\bin\msvcp140.dll
0x00007ffb70050000 - 0x00007ffb70b52000 	C:\Program Files\Android\Android Studio\jre\bin\server\jvm.dll
0x00007ffbcad40000 - 0x00007ffbcadee000 	C:\Windows\System32\ADVAPI32.dll
0x00007ffbc9e40000 - 0x00007ffbc9ede000 	C:\Windows\System32\sechost.dll
0x00007ffbca8e0000 - 0x00007ffbcaa01000 	C:\Windows\System32\RPCRT4.dll
0x00007ffbc90d0000 - 0x00007ffbc90d8000 	C:\Windows\System32\PSAPI.DLL
0x00007ffbbf870000 - 0x00007ffbbf87a000 	C:\Windows\SYSTEM32\VERSION.dll
0x00007ffbc2850000 - 0x00007ffbc2883000 	C:\Windows\SYSTEM32\WINMM.dll
0x00007ffba1790000 - 0x00007ffba1799000 	C:\Windows\SYSTEM32\WSOCK32.dll
0x00007ffbc90e0000 - 0x00007ffbc914f000 	C:\Windows\System32\WS2_32.dll
0x00007ffbc75f0000 - 0x00007ffbc7608000 	C:\Windows\SYSTEM32\kernel.appcore.dll
0x00007ffb7f4d0000 - 0x00007ffb7f4e1000 	C:\Program Files\Android\Android Studio\jre\bin\verify.dll
0x00007ffbc6110000 - 0x00007ffbc6331000 	C:\Windows\SYSTEM32\DBGHELP.DLL
0x00007ffbb88a0000 - 0x00007ffbb88d1000 	C:\Windows\SYSTEM32\dbgcore.DLL
0x00007ffbc8eb0000 - 0x00007ffbc8f2f000 	C:\Windows\System32\bcryptPrimitives.dll
0x00007ffb7cc70000 - 0x00007ffb7cc99000 	C:\Program Files\Android\Android Studio\jre\bin\java.dll
0x00007ffb9d260000 - 0x00007ffb9d26b000 	C:\Program Files\Android\Android Studio\jre\bin\jimage.dll
0x00007ffb7bf90000 - 0x00007ffb7bfa8000 	C:\Program Files\Android\Android Studio\jre\bin\zip.dll
0x00007ffbca000000 - 0x00007ffbca7c5000 	C:\Windows\System32\SHELL32.dll
0x00007ffbc6650000 - 0x00007ffbc6eb4000 	C:\Windows\SYSTEM32\windows.storage.dll
0x00007ffbc92c0000 - 0x00007ffbc9636000 	C:\Windows\System32\combase.dll
0x00007ffbc64e0000 - 0x00007ffbc6647000 	C:\Windows\SYSTEM32\wintypes.dll
0x00007ffbca7d0000 - 0x00007ffbca8ba000 	C:\Windows\System32\SHCORE.dll
0x00007ffbc9c20000 - 0x00007ffbc9c7d000 	C:\Windows\System32\shlwapi.dll
0x00007ffbc84a0000 - 0x00007ffbc84c1000 	C:\Windows\SYSTEM32\profapi.dll
0x00007ffb7b570000 - 0x00007ffb7b58a000 	C:\Program Files\Android\Android Studio\jre\bin\net.dll
0x00007ffbc2f20000 - 0x00007ffbc3032000 	C:\Windows\SYSTEM32\WINHTTP.dll
0x00007ffbc7a90000 - 0x00007ffbc7af7000 	C:\Windows\system32\mswsock.dll
0x00007ffb76d30000 - 0x00007ffb76d44000 	C:\Program Files\Android\Android Studio\jre\bin\nio.dll
0x00007ffbaf700000 - 0x00007ffbaf727000 	C:\Users\nraje\.gradle\native\e1d6ef7f7dcc3fd88c89a11ec53ec762bb8ba0a96d01ffa2cd45eb1d1d8dd5c5\windows-amd64\native-platform.dll
0x00007ffb93720000 - 0x00007ffb93864000 	C:\Users\nraje\.gradle\native\5664cfc778a61ccfe75a443a1ab52a65af34e5dc3c78e0209fed803814484fcb\windows-amd64\native-platform-file-events.dll
0x00007ffb9d130000 - 0x00007ffb9d13a000 	C:\Program Files\Android\Android Studio\jre\bin\management.dll
0x00007ffb994d0000 - 0x00007ffb994dd000 	C:\Program Files\Android\Android Studio\jre\bin\management_ext.dll
0x00007ffbc7cf0000 - 0x00007ffbc7d08000 	C:\Windows\SYSTEM32\CRYPTSP.dll
0x00007ffbc7550000 - 0x00007ffbc7585000 	C:\Windows\system32\rsaenh.dll
0x00007ffbc7b90000 - 0x00007ffbc7bb9000 	C:\Windows\SYSTEM32\USERENV.dll
0x00007ffbc7ed0000 - 0x00007ffbc7ef7000 	C:\Windows\SYSTEM32\bcrypt.dll
0x00007ffbc7ce0000 - 0x00007ffbc7cec000 	C:\Windows\SYSTEM32\CRYPTBASE.dll
0x00007ffbc7110000 - 0x00007ffbc713d000 	C:\Windows\SYSTEM32\IPHLPAPI.DLL
0x00007ffbca8d0000 - 0x00007ffbca8d9000 	C:\Windows\System32\NSI.dll
0x00007ffbc2f00000 - 0x00007ffbc2f19000 	C:\Windows\SYSTEM32\dhcpcsvc6.DLL
0x00007ffbc3560000 - 0x00007ffbc357e000 	C:\Windows\SYSTEM32\dhcpcsvc.DLL
0x00007ffbc7140000 - 0x00007ffbc7228000 	C:\Windows\SYSTEM32\DNSAPI.dll

dbghelp: loaded successfully - version: 4.0.5 - missing functions: none
symbol engine: initialized successfully - sym options: 0x614 - pdb path: .;C:\Program Files\Android\Android Studio\jre\bin;C:\Windows\SYSTEM32;C:\Windows\WinSxS\amd64_microsoft.windows.common-controls_6595b64144ccf1df_6.0.22000.120_none_9d947278b86cc467;C:\Program Files\Android\Android Studio\jre\bin\server;C:\Users\nraje\.gradle\native\e1d6ef7f7dcc3fd88c89a11ec53ec762bb8ba0a96d01ffa2cd45eb1d1d8dd5c5\windows-amd64;C:\Users\nraje\.gradle\native\5664cfc778a61ccfe75a443a1ab52a65af34e5dc3c78e0209fed803814484fcb\windows-amd64

VM Arguments:
jvm_args: --add-opens=java.base/java.util=ALL-UNNAMED --add-opens=java.base/java.lang=ALL-UNNAMED --add-opens=java.base/java.lang.invoke=ALL-UNNAMED --add-opens=java.base/java.util=ALL-UNNAMED --add-opens=java.prefs/java.util.prefs=ALL-UNNAMED --add-opens=java.prefs/java.util.prefs=ALL-UNNAMED --add-opens=java.base/java.nio.charset=ALL-UNNAMED --add-opens=java.base/java.net=ALL-UNNAMED --add-opens=java.base/java.util.concurrent.atomic=ALL-UNNAMED -Xmx2048m -Dfile.encoding=windows-1252 -Duser.country=IN -Duser.language=en -Duser.variant 
java_command: org.gradle.launcher.daemon.bootstrap.GradleDaemon 7.2
java_class_path (initial): C:\Users\nraje\.gradle\wrapper\dists\gradle-7.2-all\260hg96vuh6ex27h9vo47iv4d\gradle-7.2\lib\gradle-launcher-7.2.jar
Launcher Type: SUN_STANDARD

[Global flags]
     intx CICompilerCount                          = 4                                         {product} {ergonomic}
     uint ConcGCThreads                            = 3                                         {product} {ergonomic}
     uint G1ConcRefinementThreads                  = 10                                        {product} {ergonomic}
   size_t G1HeapRegionSize                         = 1048576                                   {product} {ergonomic}
    uintx GCDrainStackTargetSize                   = 64                                        {product} {ergonomic}
   size_t InitialHeapSize                          = 98566144                                  {product} {ergonomic}
   size_t MarkStackSize                            = 4194304                                   {product} {ergonomic}
   size_t MaxHeapSize                              = 2147483648                                {product} {command line}
   size_t MaxNewSize                               = 1287651328                                {product} {ergonomic}
   size_t MinHeapDeltaBytes                        = 1048576                                   {product} {ergonomic}
    uintx NonNMethodCodeHeapSize                   = 5836300                                {pd product} {ergonomic}
    uintx NonProfiledCodeHeapSize                  = 122910970                              {pd product} {ergonomic}
    uintx ProfiledCodeHeapSize                     = 122910970                              {pd product} {ergonomic}
    uintx ReservedCodeCacheSize                    = 251658240                              {pd product} {ergonomic}
     bool SegmentedCodeCache                       = true                                      {product} {ergonomic}
     bool UseCompressedClassPointers               = true                                 {lp64_product} {ergonomic}
     bool UseCompressedOops                        = true                                 {lp64_product} {ergonomic}
     bool UseG1GC                                  = true                                      {product} {ergonomic}
     bool UseLargePagesIndividualAllocation        = false                                  {pd product} {ergonomic}

Logging:
Log output configuration:
 #0: stdout all=warning uptime,level,tags
 #1: stderr all=off uptime,level,tags

Environment Variables:
PATH=C:\Program Files\Common Files\Oracle\Java\javapath;C:\Program Files (x86)\Common Files\Oracle\Java\javapath;C:\Windows\system32;C:\Windows;C:\Windows\System32\Wbem;C:\Windows\System32\WindowsPowerShell\v1.0\;C:\Windows\System32\OpenSSH\;C:\Program Files\Git\cmd;C:\Users\nraje\AppData\Local\Microsoft\WindowsApps\python.exe;C:\Users\nraje\AppData\Local\Microsoft\WindowsApps\python.exe;C:\Users\nraje\AppData\Local\Microsoft\WindowsApps\;C:\Users\nraje\AppData\Local\Microsoft\WindowsApps\;C:\Users\nraje\AppData\Local\Microsoft\WindowsApps;;C:\Users\nraje\AppData\Local\Programs\Microsoft VS Code\bin
USERNAME=nraje
OS=Windows_NT
PROCESSOR_IDENTIFIER=AMD64 Family 23 Model 104 Stepping 1, AuthenticAMD



---------------  S Y S T E M  ---------------

OS: Windows 11 , 64 bit Build 22000 (10.0.22000.1761)
OS uptime: 11 days 4:57 hours

CPU:total 12 (initial active 12) (12 cores per cpu, 2 threads per core) family 23 model 104 stepping 1 microcode 0x0, cmov, cx8, fxsr, mmx, sse, sse2, sse3, ssse3, sse4.1, sse4.2, popcnt, avx, avx2, aes, clmul, mmxext, 3dnowpref, lzcnt, sse4a, ht, tsc, tscinvbit, tscinv, bmi1, bmi2, adx, sha, fma

Memory: 4k page, system-wide physical 6005M (188M free)
TotalPageFile size 24437M (AvailPageFile size 7M)
current process WorkingSet (physical memory assigned to process): 269M, peak: 269M
current process commit charge ("private bytes"): 312M, peak: 314M

vm_info: OpenJDK 64-Bit Server VM (11.0.13+0-b1751.21-8125866) for windows-amd64 JRE (11.0.13+0-b1751.21-8125866), built on Feb  2 2022 03:00:22 by "builder" with MS VC++ 14.0 (VS2015)

END.
