#
# There is insufficient memory for the Java Runtime Environment to continue.
# Native memory allocation (malloc) failed to allocate 922576 bytes for Chunk::new
# Possible reasons:
#   The system is out of physical RAM or swap space
#   The process is running with CompressedOops enabled, and the Java Heap may be blocking the growth of the native heap
# Possible solutions:
#   Reduce memory load on the system
#   Increase physical memory or swap space
#   Check if swap backing store is full
#   Decrease Java heap size (-Xmx/-Xms)
#   Decrease number of Java threads
#   Decrease Java thread stack sizes (-Xss)
#   Set larger code cache with -XX:ReservedCodeCacheSize=
#   JVM is running with Unscaled Compressed Oops mode in which the Java heap is
#     placed in the first 4GB address space. The Java Heap base address is the
#     maximum limit for the native heap growth. Please use -XX:HeapBaseMinAddress
#     to set the Java Heap base and to place the Java Heap above 4GB virtual address.
# This output file may be truncated or incomplete.
#
#  Out of Memory Error (./src/hotspot/share/memory/arena.cpp:197), pid=127780, tid=130988
#
# JRE version: OpenJDK Runtime Environment (11.0.13) (build 11.0.13+0-b1751.21-8125866)
# Java VM: OpenJDK 64-Bit Server VM (11.0.13+0-b1751.21-8125866, mixed mode, tiered, compressed oops, g1 gc, windows-amd64)
# No core dump will be written. Minidumps are not enabled by default on client versions of Windows
#

---------------  S U M M A R Y ------------

Command Line: --add-opens=java.base/java.util=ALL-UNNAMED --add-opens=java.base/java.lang=ALL-UNNAMED --add-opens=java.base/java.lang.invoke=ALL-UNNAMED --add-opens=java.base/java.util=ALL-UNNAMED --add-opens=java.prefs/java.util.prefs=ALL-UNNAMED --add-opens=java.prefs/java.util.prefs=ALL-UNNAMED --add-opens=java.base/java.nio.charset=ALL-UNNAMED --add-opens=java.base/java.net=ALL-UNNAMED --add-opens=java.base/java.util.concurrent.atomic=ALL-UNNAMED -Xmx2048m -Dfile.encoding=windows-1252 -Duser.country=IN -Duser.language=en -Duser.variant org.gradle.launcher.daemon.bootstrap.GradleDaemon 7.2

Host: AMD Ryzen 5 5500U with Radeon Graphics         , 12 cores, 5G,  Windows 11 , 64 bit Build 22000 (10.0.22000.1761)
Time: Thu May 11 23:50:49 2023 India Standard Time elapsed time: 8.101795 seconds (0d 0h 0m 8s)

---------------  T H R E A D  ---------------

Current thread (0x000002829a907800):  JavaThread "C2 CompilerThread0" daemon [_thread_in_native, id=130988, stack(0x000000a7e1a00000,0x000000a7e1b00000)]


Current CompileTask:
C2:   8101 3569       4       org.codehaus.groovy.runtime.metaclass.MetaMethodIndex::addMethodToList (131 bytes)

Stack: [0x000000a7e1a00000,0x000000a7e1b00000]
Native frames: (J=compiled Java code, j=interpreted, Vv=VM code, C=native code)
V  [jvm.dll+0x6100fa]
V  [jvm.dll+0x747090]
V  [jvm.dll+0x7486ad]
V  [jvm.dll+0x748d83]
V  [jvm.dll+0x24ab48]
V  [jvm.dll+0xc04dc]
V  [jvm.dll+0xc0a0c]
V  [jvm.dll+0x2bfab4]
V  [jvm.dll+0x524238]
V  [jvm.dll+0x20491a]
V  [jvm.dll+0x2023c2]
V  [jvm.dll+0x188e01]
V  [jvm.dll+0x21106b]
V  [jvm.dll+0x20f8c1]
V  [jvm.dll+0x70de0f]
V  [jvm.dll+0x706a75]
V  [jvm.dll+0x60ed66]
C  [ucrtbase.dll+0x26c0c]
C  [KERNEL32.DLL+0x15590]
C  [ntdll.dll+0x485b]


---------------  P R O C E S S  ---------------

Threads class SMR info:
_java_thread_list=0x000002829efefb50, length=35, elements={
0x00000282ff67f000, 0x0000028299f72800, 0x0000028299f7e800, 0x000002829a903800,
0x000002829a904800, 0x000002829a906000, 0x000002829a907800, 0x000002829a910000,
0x0000028299f95000, 0x000002829aa42000, 0x000002829c3ec800, 0x000002829c3a4000,
0x000002829c971800, 0x000002829c94a000, 0x000002829c38d000, 0x000002829c9a8000,
0x000002829c997800, 0x000002829c999000, 0x000002829cd02800, 0x000002829ccfe000,
0x000002829cce2800, 0x000002829cce0000, 0x000002829cce2000, 0x000002829cce3800,
0x000002829ccde000, 0x000002829cce4800, 0x000002829ccde800, 0x000002829cce1000,
0x000002829ccdf800, 0x000002829d2f3000, 0x000002829d2f3800, 0x000002829d2f4800,
0x000002829d2f6000, 0x000002829d2fc800, 0x000002829d2f7000
}

Java Threads: ( => current thread )
  0x00000282ff67f000 JavaThread "main" [_thread_blocked, id=106236, stack(0x000000a7e0e00000,0x000000a7e0f00000)]
  0x0000028299f72800 JavaThread "Reference Handler" daemon [_thread_blocked, id=99064, stack(0x000000a7e1500000,0x000000a7e1600000)]
  0x0000028299f7e800 JavaThread "Finalizer" daemon [_thread_blocked, id=121848, stack(0x000000a7e1600000,0x000000a7e1700000)]
  0x000002829a903800 JavaThread "Signal Dispatcher" daemon [_thread_blocked, id=112256, stack(0x000000a7e1700000,0x000000a7e1800000)]
  0x000002829a904800 JavaThread "Attach Listener" daemon [_thread_blocked, id=127608, stack(0x000000a7e1800000,0x000000a7e1900000)]
  0x000002829a906000 JavaThread "Service Thread" daemon [_thread_blocked, id=127804, stack(0x000000a7e1900000,0x000000a7e1a00000)]
=>0x000002829a907800 JavaThread "C2 CompilerThread0" daemon [_thread_in_native, id=130988, stack(0x000000a7e1a00000,0x000000a7e1b00000)]
  0x000002829a910000 JavaThread "C1 CompilerThread0" daemon [_thread_blocked, id=128568, stack(0x000000a7e1b00000,0x000000a7e1c00000)]
  0x0000028299f95000 JavaThread "Sweeper thread" daemon [_thread_blocked, id=129756, stack(0x000000a7e1c00000,0x000000a7e1d00000)]
  0x000002829aa42000 JavaThread "Common-Cleaner" daemon [_thread_blocked, id=126760, stack(0x000000a7e1d00000,0x000000a7e1e00000)]
  0x000002829c3ec800 JavaThread "Daemon health stats" [_thread_blocked, id=118124, stack(0x000000a7e2000000,0x000000a7e2100000)]
  0x000002829c3a4000 JavaThread "Incoming local TCP Connector on port 53801" [_thread_in_native, id=129372, stack(0x000000a7e2300000,0x000000a7e2400000)]
  0x000002829c971800 JavaThread "Daemon periodic checks" [_thread_blocked, id=130308, stack(0x000000a7e2400000,0x000000a7e2500000)]
  0x000002829c94a000 JavaThread "Daemon" [_thread_blocked, id=112280, stack(0x000000a7e2500000,0x000000a7e2600000)]
  0x000002829c38d000 JavaThread "Handler for socket connection from /127.0.0.1:53801 to /127.0.0.1:53802" [_thread_in_native, id=120456, stack(0x000000a7e2600000,0x000000a7e2700000)]
  0x000002829c9a8000 JavaThread "Cancel handler" [_thread_blocked, id=120848, stack(0x000000a7e2700000,0x000000a7e2800000)]
  0x000002829c997800 JavaThread "Daemon worker" [_thread_in_Java, id=130388, stack(0x000000a7e2800000,0x000000a7e2900000)]
  0x000002829c999000 JavaThread "Asynchronous log dispatcher for DefaultDaemonConnection: socket connection from /127.0.0.1:53801 to /127.0.0.1:53802" [_thread_blocked, id=111012, stack(0x000000a7e2900000,0x000000a7e2a00000)]
  0x000002829cd02800 JavaThread "Stdin handler" [_thread_blocked, id=125384, stack(0x000000a7e2a00000,0x000000a7e2b00000)]
  0x000002829ccfe000 JavaThread "Daemon client event forwarder" [_thread_blocked, id=118056, stack(0x000000a7e2b00000,0x000000a7e2c00000)]
  0x000002829cce2800 JavaThread "Cache worker for journal cache (C:\Users\nraje\.gradle\caches\journal-1)" [_thread_blocked, id=130828, stack(0x000000a7e2c00000,0x000000a7e2d00000)]
  0x000002829cce0000 JavaThread "File lock request listener" [_thread_in_native, id=93076, stack(0x000000a7e2d00000,0x000000a7e2e00000)]
  0x000002829cce2000 JavaThread "Cache worker for file hash cache (C:\Users\nraje\.gradle\caches\7.2\fileHashes)" [_thread_blocked, id=116292, stack(0x000000a7e2e00000,0x000000a7e2f00000)]
  0x000002829cce3800 JavaThread "Cache worker for file hash cache (C:\Users\nraje\AndroidStudioProjects\NOTEIT\.gradle\7.2\fileHashes)" [_thread_blocked, id=97876, stack(0x000000a7e3700000,0x000000a7e3800000)]
  0x000002829ccde000 JavaThread "File watcher server" daemon [_thread_in_native, id=97208, stack(0x000000a7e3800000,0x000000a7e3900000)]
  0x000002829cce4800 JavaThread "File watcher consumer" daemon [_thread_blocked, id=109456, stack(0x000000a7e3900000,0x000000a7e3a00000)]
  0x000002829ccde800 JavaThread "Cache worker for checksums cache (C:\Users\nraje\AndroidStudioProjects\NOTEIT\.gradle\checksums)" [_thread_blocked, id=126276, stack(0x000000a7e3a00000,0x000000a7e3b00000)]
  0x000002829cce1000 JavaThread "Cache worker for cache directory md-supplier (C:\Users\nraje\.gradle\caches\7.2\md-supplier)" [_thread_blocked, id=119312, stack(0x000000a7e3b00000,0x000000a7e3c00000)]
  0x000002829ccdf800 JavaThread "Cache worker for cache directory md-rule (C:\Users\nraje\.gradle\caches\7.2\md-rule)" [_thread_blocked, id=112340, stack(0x000000a7e3c00000,0x000000a7e3d00000)]
  0x000002829d2f3000 JavaThread "Cache worker for execution history cache (C:\Users\nraje\.gradle\caches\7.2\executionHistory)" [_thread_blocked, id=116560, stack(0x000000a7e3d00000,0x000000a7e3e00000)]
  0x000002829d2f3800 JavaThread "jar transforms" [_thread_blocked, id=129800, stack(0x000000a7e3e00000,0x000000a7e3f00000)]
  0x000002829d2f4800 JavaThread "jar transforms Thread 2" [_thread_blocked, id=112020, stack(0x000000a7e3f00000,0x000000a7e4000000)]
  0x000002829d2f6000 JavaThread "Cache worker for file content cache (C:\Users\nraje\.gradle\caches\7.2\fileContent)" [_thread_blocked, id=106380, stack(0x000000a7e4000000,0x000000a7e4100000)]
  0x000002829d2fc800 JavaThread "Cache worker for dependencies-accessors (C:\Users\nraje\AndroidStudioProjects\NOTEIT\.gradle\7.2\dependencies-accessors)" [_thread_blocked, id=121596, stack(0x000000a7e4100000,0x000000a7e4200000)]
  0x000002829d2f7000 JavaThread "jar transforms Thread 3" [_thread_blocked, id=113556, stack(0x000000a7e4200000,0x000000a7e4300000)]

Other Threads:
  0x0000028299f6d800 VMThread "VM Thread" [stack: 0x000000a7e1400000,0x000000a7e1500000] [id=104860]
  0x000002829aa8d000 WatcherThread [stack: 0x000000a7e1e00000,0x000000a7e1f00000] [id=131028]
  0x00000282ff699800 GCTaskThread "GC Thread#0" [stack: 0x000000a7e0f00000,0x000000a7e1000000] [id=115164]
  0x000002829b7bd800 GCTaskThread "GC Thread#1" [stack: 0x000000a7e1f00000,0x000000a7e2000000] [id=130832]
  0x000002829c94b000 GCTaskThread "GC Thread#2" [stack: 0x000000a7e2100000,0x000000a7e2200000] [id=131068]
  0x000002829c950000 GCTaskThread "GC Thread#3" [stack: 0x000000a7e2200000,0x000000a7e2300000] [id=129660]
  0x000002829cb3d800 GCTaskThread "GC Thread#4" [stack: 0x000000a7e2f00000,0x000000a7e3000000] [id=129188]
  0x000002829cbfa000 GCTaskThread "GC Thread#5" [stack: 0x000000a7e3000000,0x000000a7e3100000] [id=83388]
  0x000002829cbfa800 GCTaskThread "GC Thread#6" [stack: 0x000000a7e3100000,0x000000a7e3200000] [id=97228]
  0x000002829cc66800 GCTaskThread "GC Thread#7" [stack: 0x000000a7e3200000,0x000000a7e3300000] [id=107844]
  0x000002829cc6b000 GCTaskThread "GC Thread#8" [stack: 0x000000a7e3300000,0x000000a7e3400000] [id=109812]
  0x000002829cc6b800 GCTaskThread "GC Thread#9" [stack: 0x000000a7e3400000,0x000000a7e3500000] [id=128620]
  0x00000282ff6cc800 ConcurrentGCThread "G1 Main Marker" [stack: 0x000000a7e1000000,0x000000a7e1100000] [id=124552]
  0x00000282ff6cd800 ConcurrentGCThread "G1 Conc#0" [stack: 0x000000a7e1100000,0x000000a7e1200000] [id=121560]
  0x000002829ccee000 ConcurrentGCThread "G1 Conc#1" [stack: 0x000000a7e3500000,0x000000a7e3600000] [id=100428]
  0x000002829c024800 ConcurrentGCThread "G1 Conc#2" [stack: 0x000000a7e3600000,0x000000a7e3700000] [id=128660]
  0x00000282ff75b800 ConcurrentGCThread "G1 Refine#0" [stack: 0x000000a7e1200000,0x000000a7e1300000] [id=127100]
  0x0000028299dc0800 ConcurrentGCThread "G1 Young RemSet Sampling" [stack: 0x000000a7e1300000,0x000000a7e1400000] [id=120192]

Threads with active compile tasks:
C2 CompilerThread0   8147 3569       4       org.codehaus.groovy.runtime.metaclass.MetaMethodIndex::addMethodToList (131 bytes)

VM state:not at safepoint (normal execution)

VM Mutex/Monitor currently owned by a thread: None

Heap address: 0x0000000080000000, size: 2048 MB, Compressed Oops mode: 32-bit
Narrow klass base: 0x0000000000000000, Narrow klass shift: 3
Compressed class space size: 1073741824 Address: 0x0000000100000000

Heap:
 garbage-first heap   total 96256K, used 29271K [0x0000000080000000, 0x0000000100000000)
  region size 1024K, 5 young (5120K), 3 survivors (3072K)
 Metaspace       used 42907K, capacity 43938K, committed 43984K, reserved 1087488K
  class space    used 5373K, capacity 5751K, committed 5760K, reserved 1048576K
Heap Regions: E=young(eden), S=young(survivor), O=old, HS=humongous(starts), HC=humongous(continues), CS=collection set, F=free, A=archive, TAMS=top-at-mark-start (previous, next)
|   0|0x0000000080000000, 0x0000000080100000, 0x0000000080100000|100%| O|  |TAMS 0x0000000080100000, 0x0000000080000000| Untracked 
|   1|0x0000000080100000, 0x0000000080200000, 0x0000000080200000|100%| O|  |TAMS 0x0000000080200000, 0x0000000080100000| Untracked 
|   2|0x0000000080200000, 0x0000000080300000, 0x0000000080300000|100%| O|  |TAMS 0x0000000080300000, 0x0000000080200000| Untracked 
|   3|0x0000000080300000, 0x0000000080400000, 0x0000000080400000|100%|HS|  |TAMS 0x0000000080400000, 0x0000000080300000| Complete 
|   4|0x0000000080400000, 0x0000000080500000, 0x0000000080500000|100%|HC|  |TAMS 0x0000000080500000, 0x0000000080400000| Complete 
|   5|0x0000000080500000, 0x0000000080600000, 0x0000000080600000|100%|HC|  |TAMS 0x0000000080600000, 0x0000000080500000| Complete 
|   6|0x0000000080600000, 0x0000000080700000, 0x0000000080700000|100%| O|  |TAMS 0x0000000080700000, 0x0000000080600000| Untracked 
|   7|0x0000000080700000, 0x0000000080800000, 0x0000000080800000|100%| O|  |TAMS 0x0000000080800000, 0x0000000080700000| Untracked 
|   8|0x0000000080800000, 0x0000000080900000, 0x0000000080900000|100%| O|  |TAMS 0x0000000080900000, 0x0000000080800000| Untracked 
|   9|0x0000000080900000, 0x0000000080a00000, 0x0000000080a00000|100%| O|  |TAMS 0x0000000080a00000, 0x0000000080900000| Untracked 
|  10|0x0000000080a00000, 0x0000000080b00000, 0x0000000080b00000|100%| O|  |TAMS 0x0000000080b00000, 0x0000000080a00000| Untracked 
|  11|0x0000000080b00000, 0x0000000080c00000, 0x0000000080c00000|100%| O|  |TAMS 0x0000000080c00000, 0x0000000080b00000| Untracked 
|  12|0x0000000080c00000, 0x0000000080d00000, 0x0000000080d00000|100%| O|  |TAMS 0x0000000080d00000, 0x0000000080c00000| Untracked 
|  13|0x0000000080d00000, 0x0000000080e00000, 0x0000000080e00000|100%| O|  |TAMS 0x0000000080e00000, 0x0000000080d00000| Untracked 
|  14|0x0000000080e00000, 0x0000000080f00000, 0x0000000080f00000|100%| O|  |TAMS 0x0000000080f00000, 0x0000000080e00000| Untracked 
|  15|0x0000000080f00000, 0x0000000081000000, 0x0000000081000000|100%| O|  |TAMS 0x0000000081000000, 0x0000000080f00000| Untracked 
|  16|0x0000000081000000, 0x0000000081100000, 0x0000000081100000|100%| O|  |TAMS 0x000000008105f200, 0x0000000081000000| Untracked 
|  17|0x0000000081100000, 0x0000000081100000, 0x0000000081200000|  0%| F|  |TAMS 0x0000000081100000, 0x0000000081100000| Untracked 
|  18|0x0000000081200000, 0x0000000081300000, 0x0000000081300000|100%| O|  |TAMS 0x0000000081200000, 0x0000000081200000| Untracked 
|  19|0x0000000081300000, 0x0000000081400000, 0x0000000081400000|100%| O|  |TAMS 0x0000000081300000, 0x0000000081300000| Untracked 
|  20|0x0000000081400000, 0x0000000081500000, 0x0000000081500000|100%| O|  |TAMS 0x0000000081400000, 0x0000000081400000| Untracked 
|  21|0x0000000081500000, 0x0000000081600000, 0x0000000081600000|100%| O|  |TAMS 0x0000000081500000, 0x0000000081500000| Untracked 
|  22|0x0000000081600000, 0x0000000081700000, 0x0000000081700000|100%| O|  |TAMS 0x0000000081600000, 0x0000000081600000| Untracked 
|  23|0x0000000081700000, 0x0000000081800000, 0x0000000081800000|100%| O|  |TAMS 0x0000000081700000, 0x0000000081700000| Untracked 
|  24|0x0000000081800000, 0x0000000081900000, 0x0000000081900000|100%| O|  |TAMS 0x0000000081800000, 0x0000000081800000| Untracked 
|  25|0x0000000081900000, 0x0000000081a00000, 0x0000000081a00000|100%| O|  |TAMS 0x0000000081900000, 0x0000000081900000| Untracked 
|  26|0x0000000081a00000, 0x0000000081a00000, 0x0000000081b00000|  0%| F|  |TAMS 0x0000000081a00000, 0x0000000081a00000| Untracked 
|  27|0x0000000081b00000, 0x0000000081b00000, 0x0000000081c00000|  0%| F|  |TAMS 0x0000000081b00000, 0x0000000081b00000| Untracked 
|  28|0x0000000081c00000, 0x0000000081c00000, 0x0000000081d00000|  0%| F|  |TAMS 0x0000000081c00000, 0x0000000081c00000| Untracked 
|  29|0x0000000081d00000, 0x0000000081d00000, 0x0000000081e00000|  0%| F|  |TAMS 0x0000000081d00000, 0x0000000081d00000| Untracked 
|  30|0x0000000081e00000, 0x0000000081e00000, 0x0000000081f00000|  0%| F|  |TAMS 0x0000000081e00000, 0x0000000081e00000| Untracked 
|  31|0x0000000081f00000, 0x0000000081f00000, 0x0000000082000000|  0%| F|  |TAMS 0x0000000081f00000, 0x0000000081f00000| Untracked 
|  32|0x0000000082000000, 0x0000000082000000, 0x0000000082100000|  0%| F|  |TAMS 0x0000000082000000, 0x0000000082000000| Untracked 
|  33|0x0000000082100000, 0x0000000082100000, 0x0000000082200000|  0%| F|  |TAMS 0x0000000082100000, 0x0000000082100000| Untracked 
|  34|0x0000000082200000, 0x0000000082200000, 0x0000000082300000|  0%| F|  |TAMS 0x0000000082200000, 0x0000000082200000| Untracked 
|  35|0x0000000082300000, 0x0000000082300000, 0x0000000082400000|  0%| F|  |TAMS 0x0000000082300000, 0x0000000082300000| Untracked 
|  36|0x0000000082400000, 0x0000000082400000, 0x0000000082500000|  0%| F|  |TAMS 0x0000000082400000, 0x0000000082400000| Untracked 
|  37|0x0000000082500000, 0x0000000082500000, 0x0000000082600000|  0%| F|  |TAMS 0x0000000082500000, 0x0000000082500000| Untracked 
|  38|0x0000000082600000, 0x0000000082600000, 0x0000000082700000|  0%| F|  |TAMS 0x0000000082600000, 0x0000000082600000| Untracked 
|  39|0x0000000082700000, 0x0000000082700000, 0x0000000082800000|  0%| F|  |TAMS 0x0000000082700000, 0x0000000082700000| Untracked 
|  40|0x0000000082800000, 0x0000000082800000, 0x0000000082900000|  0%| F|  |TAMS 0x0000000082800000, 0x0000000082800000| Untracked 
|  41|0x0000000082900000, 0x0000000082900000, 0x0000000082a00000|  0%| F|  |TAMS 0x0000000082900000, 0x0000000082900000| Untracked 
|  42|0x0000000082a00000, 0x0000000082a00000, 0x0000000082b00000|  0%| F|  |TAMS 0x0000000082a00000, 0x0000000082a00000| Untracked 
|  43|0x0000000082b00000, 0x0000000082b00000, 0x0000000082c00000|  0%| F|  |TAMS 0x0000000082b00000, 0x0000000082b00000| Untracked 
|  44|0x0000000082c00000, 0x0000000082c00000, 0x0000000082d00000|  0%| F|  |TAMS 0x0000000082c00000, 0x0000000082c00000| Untracked 
|  45|0x0000000082d00000, 0x0000000082d00000, 0x0000000082e00000|  0%| F|  |TAMS 0x0000000082d00000, 0x0000000082d00000| Untracked 
|  46|0x0000000082e00000, 0x0000000082e00000, 0x0000000082f00000|  0%| F|  |TAMS 0x0000000082e00000, 0x0000000082e00000| Untracked 
|  47|0x0000000082f00000, 0x0000000082f00000, 0x0000000083000000|  0%| F|  |TAMS 0x0000000082f00000, 0x0000000082f00000| Untracked 
|  48|0x0000000083000000, 0x0000000083000000, 0x0000000083100000|  0%| F|  |TAMS 0x0000000083000000, 0x0000000083000000| Untracked 
|  49|0x0000000083100000, 0x0000000083195c70, 0x0000000083200000| 58%| S|CS|TAMS 0x0000000083100000, 0x0000000083100000| Complete 
|  50|0x0000000083200000, 0x0000000083300000, 0x0000000083300000|100%| S|CS|TAMS 0x0000000083200000, 0x0000000083200000| Complete 
|  51|0x0000000083300000, 0x0000000083400000, 0x0000000083400000|100%| S|CS|TAMS 0x0000000083300000, 0x0000000083300000| Complete 
|  52|0x0000000083400000, 0x0000000083400000, 0x0000000083500000|  0%| F|  |TAMS 0x0000000083400000, 0x0000000083400000| Untracked 
|  53|0x0000000083500000, 0x0000000083500000, 0x0000000083600000|  0%| F|  |TAMS 0x0000000083500000, 0x0000000083500000| Untracked 
|  54|0x0000000083600000, 0x0000000083600000, 0x0000000083700000|  0%| F|  |TAMS 0x0000000083600000, 0x0000000083600000| Untracked 
|  55|0x0000000083700000, 0x0000000083700000, 0x0000000083800000|  0%| F|  |TAMS 0x0000000083700000, 0x0000000083700000| Untracked 
|  56|0x0000000083800000, 0x0000000083800000, 0x0000000083900000|  0%| F|  |TAMS 0x0000000083800000, 0x0000000083800000| Untracked 
|  57|0x0000000083900000, 0x0000000083900000, 0x0000000083a00000|  0%| F|  |TAMS 0x0000000083900000, 0x0000000083900000| Untracked 
|  58|0x0000000083a00000, 0x0000000083a00000, 0x0000000083b00000|  0%| F|  |TAMS 0x0000000083a00000, 0x0000000083a00000| Untracked 
|  59|0x0000000083b00000, 0x0000000083b00000, 0x0000000083c00000|  0%| F|  |TAMS 0x0000000083b00000, 0x0000000083b00000| Untracked 
|  60|0x0000000083c00000, 0x0000000083c00000, 0x0000000083d00000|  0%| F|  |TAMS 0x0000000083c00000, 0x0000000083c00000| Untracked 
|  61|0x0000000083d00000, 0x0000000083d00000, 0x0000000083e00000|  0%| F|  |TAMS 0x0000000083d00000, 0x0000000083d00000| Untracked 
|  62|0x0000000083e00000, 0x0000000083e00000, 0x0000000083f00000|  0%| F|  |TAMS 0x0000000083e00000, 0x0000000083e00000| Untracked 
|  63|0x0000000083f00000, 0x0000000083f00000, 0x0000000084000000|  0%| F|  |TAMS 0x0000000083f00000, 0x0000000083f00000| Untracked 
|  64|0x0000000084000000, 0x0000000084000000, 0x0000000084100000|  0%| F|  |TAMS 0x0000000084000000, 0x0000000084000000| Untracked 
|  65|0x0000000084100000, 0x0000000084100000, 0x0000000084200000|  0%| F|  |TAMS 0x0000000084100000, 0x0000000084100000| Untracked 
|  66|0x0000000084200000, 0x0000000084200000, 0x0000000084300000|  0%| F|  |TAMS 0x0000000084200000, 0x0000000084200000| Untracked 
|  67|0x0000000084300000, 0x0000000084300000, 0x0000000084400000|  0%| F|  |TAMS 0x0000000084300000, 0x0000000084300000| Untracked 
|  68|0x0000000084400000, 0x0000000084400000, 0x0000000084500000|  0%| F|  |TAMS 0x0000000084400000, 0x0000000084400000| Untracked 
|  69|0x0000000084500000, 0x0000000084500000, 0x0000000084600000|  0%| F|  |TAMS 0x0000000084500000, 0x0000000084500000| Untracked 
|  70|0x0000000084600000, 0x0000000084600000, 0x0000000084700000|  0%| F|  |TAMS 0x0000000084600000, 0x0000000084600000| Untracked 
|  71|0x0000000084700000, 0x0000000084700000, 0x0000000084800000|  0%| F|  |TAMS 0x0000000084700000, 0x0000000084700000| Untracked 
|  72|0x0000000084800000, 0x0000000084800000, 0x0000000084900000|  0%| F|  |TAMS 0x0000000084800000, 0x0000000084800000| Untracked 
|  73|0x0000000084900000, 0x0000000084900000, 0x0000000084a00000|  0%| F|  |TAMS 0x0000000084900000, 0x0000000084900000| Untracked 
|  74|0x0000000084a00000, 0x0000000084a00000, 0x0000000084b00000|  0%| F|  |TAMS 0x0000000084a00000, 0x0000000084a00000| Untracked 
|  75|0x0000000084b00000, 0x0000000084b00000, 0x0000000084c00000|  0%| F|  |TAMS 0x0000000084b00000, 0x0000000084b00000| Untracked 
|  76|0x0000000084c00000, 0x0000000084c00000, 0x0000000084d00000|  0%| F|  |TAMS 0x0000000084c00000, 0x0000000084c00000| Untracked 
|  77|0x0000000084d00000, 0x0000000084d00000, 0x0000000084e00000|  0%| F|  |TAMS 0x0000000084d00000, 0x0000000084d00000| Untracked 
|  78|0x0000000084e00000, 0x0000000084e00000, 0x0000000084f00000|  0%| F|  |TAMS 0x0000000084e00000, 0x0000000084e00000| Untracked 
|  79|0x0000000084f00000, 0x0000000084f00000, 0x0000000085000000|  0%| F|  |TAMS 0x0000000084f00000, 0x0000000084f00000| Untracked 
|  80|0x0000000085000000, 0x0000000085000000, 0x0000000085100000|  0%| F|  |TAMS 0x0000000085000000, 0x0000000085000000| Untracked 
|  81|0x0000000085100000, 0x0000000085100000, 0x0000000085200000|  0%| F|  |TAMS 0x0000000085100000, 0x0000000085100000| Untracked 
|  82|0x0000000085200000, 0x0000000085200000, 0x0000000085300000|  0%| F|  |TAMS 0x0000000085200000, 0x0000000085200000| Untracked 
|  83|0x0000000085300000, 0x0000000085300000, 0x0000000085400000|  0%| F|  |TAMS 0x0000000085300000, 0x0000000085300000| Untracked 
|  84|0x0000000085400000, 0x0000000085400000, 0x0000000085500000|  0%| F|  |TAMS 0x0000000085400000, 0x0000000085400000| Untracked 
|  85|0x0000000085500000, 0x0000000085500000, 0x0000000085600000|  0%| F|  |TAMS 0x0000000085500000, 0x0000000085500000| Untracked 
|  86|0x0000000085600000, 0x0000000085600000, 0x0000000085700000|  0%| F|  |TAMS 0x0000000085600000, 0x0000000085600000| Untracked 
|  87|0x0000000085700000, 0x0000000085700000, 0x0000000085800000|  0%| F|  |TAMS 0x0000000085700000, 0x0000000085700000| Untracked 
|  88|0x0000000085800000, 0x0000000085800000, 0x0000000085900000|  0%| F|  |TAMS 0x0000000085800000, 0x0000000085800000| Untracked 
|  89|0x0000000085900000, 0x0000000085900000, 0x0000000085a00000|  0%| F|  |TAMS 0x0000000085900000, 0x0000000085900000| Untracked 
|  90|0x0000000085a00000, 0x0000000085a00000, 0x0000000085b00000|  0%| F|  |TAMS 0x0000000085a00000, 0x0000000085a00000| Untracked 
|  91|0x0000000085b00000, 0x0000000085b00000, 0x0000000085c00000|  0%| F|  |TAMS 0x0000000085b00000, 0x0000000085b00000| Untracked 
|  92|0x0000000085c00000, 0x0000000085c80800, 0x0000000085d00000| 50%| E|  |TAMS 0x0000000085c00000, 0x0000000085c00000| Complete 
|  93|0x0000000085d00000, 0x0000000085e00000, 0x0000000085e00000|100%| E|CS|TAMS 0x0000000085d00000, 0x0000000085d00000| Complete 

Card table byte_map: [0x0000028292e40000,0x0000028293240000] _byte_map_base: 0x0000028292a40000

Marking Bits (Prev, Next): (CMBitMap*) 0x00000282ff6c3a08, (CMBitMap*) 0x00000282ff6c3a40
 Prev Bits: [0x0000028293640000, 0x0000028295640000)
 Next Bits: [0x0000028295640000, 0x0000028297640000)

Polling page: 0x00000282fd650000

Metaspace:

Usage:
  Non-class:     37.29 MB capacity,    36.68 MB ( 98%) used,   532.41 KB (  1%) free+waste,    99.38 KB ( <1%) overhead. 
      Class:      5.62 MB capacity,     5.25 MB ( 93%) used,   329.69 KB (  6%) free+waste,    47.06 KB ( <1%) overhead. 
       Both:     42.91 MB capacity,    41.93 MB ( 98%) used,   862.09 KB (  2%) free+waste,   146.44 KB ( <1%) overhead. 

Virtual space:
  Non-class space:       38.00 MB reserved,      37.33 MB ( 98%) committed 
      Class space:        1.00 GB reserved,       5.63 MB ( <1%) committed 
             Both:        1.04 GB reserved,      42.95 MB (  4%) committed 

Chunk freelists:
   Non-Class:  34.00 KB
       Class:  7.00 KB
        Both:  41.00 KB

MaxMetaspaceSize: 17179869184.00 GB
CompressedClassSpaceSize: 1.00 GB
Initial GC threshold: 20.80 MB
Current GC threshold: 58.88 MB
CDS: off

CodeHeap 'non-profiled nmethods': size=120000Kb used=1719Kb max_used=1719Kb free=118280Kb
 bounds [0x000002828b510000, 0x000002828b780000, 0x0000028292a40000]
CodeHeap 'profiled nmethods': size=120000Kb used=7852Kb max_used=7852Kb free=112147Kb
 bounds [0x0000028283fe0000, 0x0000028284790000, 0x000002828b510000]
CodeHeap 'non-nmethods': size=5760Kb used=2271Kb max_used=2310Kb free=3488Kb
 bounds [0x0000028283a40000, 0x0000028283cb0000, 0x0000028283fe0000]
 total_blobs=4386 nmethods=3621 adapters=677
 compilation: enabled
              stopped_count=0, restarted_count=0
 full_count=0

Compilation events (20 events):
Event: 8.086 Thread 0x000002829a910000 3612       3       java.lang.Class::getEnclosingClass (69 bytes)
Event: 8.087 Thread 0x000002829a910000 nmethod 3612 0x000002828477b210 code [0x000002828477b460, 0x000002828477baf8]
Event: 8.087 Thread 0x000002829a910000 3613       1       sun.reflect.generics.tree.MethodTypeSignature::getExceptionTypes (5 bytes)
Event: 8.087 Thread 0x000002829a910000 nmethod 3613 0x000002828b6bcc10 code [0x000002828b6bcdc0, 0x000002828b6bce78]
Event: 8.087 Thread 0x000002829a910000 3615       3       java.lang.reflect.Method::isSynthetic (5 bytes)
Event: 8.087 Thread 0x000002829a910000 nmethod 3615 0x000002828477bd90 code [0x000002828477bf60, 0x000002828477c198]
Event: 8.088 Thread 0x000002829a910000 3616       3       java.beans.Introspector::makeQualifiedMethodName (50 bytes)
Event: 8.089 Thread 0x000002829a910000 nmethod 3616 0x000002828477c290 code [0x000002828477c520, 0x000002828477cf88]
Event: 8.089 Thread 0x000002829a910000 3617       1       sun.reflect.generics.reflectiveObjects.LazyReflectiveObjectGenerator::getFactory (5 bytes)
Event: 8.089 Thread 0x000002829a910000 nmethod 3617 0x000002828b6bcf10 code [0x000002828b6bd0c0, 0x000002828b6bd178]
Event: 8.091 Thread 0x000002829a910000 3618       3       com.sun.beans.TypeResolver::erase (32 bytes)
Event: 8.092 Thread 0x000002829a910000 nmethod 3618 0x000002828477d410 code [0x000002828477d5e0, 0x000002828477d9e8]
Event: 8.092 Thread 0x000002829a910000 3619       3       java.util.Collections$UnmodifiableMap$UnmodifiableEntrySet$1::next (5 bytes)
Event: 8.092 Thread 0x000002829a910000 nmethod 3619 0x000002828477db90 code [0x000002828477dda0, 0x000002828477e498]
Event: 8.092 Thread 0x000002829a910000 3620       3       java.util.Collections$UnmodifiableMap$UnmodifiableEntrySet$1::next (20 bytes)
Event: 8.092 Thread 0x000002829a910000 nmethod 3620 0x000002828477e690 code [0x000002828477e8a0, 0x000002828477ef38]
Event: 8.093 Thread 0x000002829a910000 3621       3       java.beans.PropertyDescriptor::setPropertyType (9 bytes)
Event: 8.093 Thread 0x000002829a910000 nmethod 3621 0x000002828477f110 code [0x000002828477f300, 0x000002828477f688]
Event: 8.093 Thread 0x000002829a910000 3622       3       java.lang.Class::privateGetDeclaredFields (64 bytes)
Event: 8.093 Thread 0x000002829a910000 nmethod 3622 0x000002828477f810 code [0x000002828477fa40, 0x00000282847801b8]

GC Heap History (14 events):
Event: 1.795 GC heap before
{Heap before GC invocations=0 (full 0):
 garbage-first heap   total 96256K, used 29696K [0x0000000080000000, 0x0000000100000000)
  region size 1024K, 24 young (24576K), 0 survivors (0K)
 Metaspace       used 10250K, capacity 10499K, committed 10624K, reserved 1058816K
  class space    used 1054K, capacity 1141K, committed 1152K, reserved 1048576K
}
Event: 1.803 GC heap after
{Heap after GC invocations=1 (full 0):
 garbage-first heap   total 96256K, used 9296K [0x0000000080000000, 0x0000000100000000)
  region size 1024K, 3 young (3072K), 3 survivors (3072K)
 Metaspace       used 10250K, capacity 10499K, committed 10624K, reserved 1058816K
  class space    used 1054K, capacity 1141K, committed 1152K, reserved 1048576K
}
Event: 2.877 GC heap before
{Heap before GC invocations=1 (full 0):
 garbage-first heap   total 96256K, used 63568K [0x0000000080000000, 0x0000000100000000)
  region size 1024K, 56 young (57344K), 3 survivors (3072K)
 Metaspace       used 13647K, capacity 14017K, committed 14208K, reserved 1062912K
  class space    used 1482K, capacity 1591K, committed 1664K, reserved 1048576K
}
Event: 2.884 GC heap after
{Heap after GC invocations=2 (full 0):
 garbage-first heap   total 96256K, used 14806K [0x0000000080000000, 0x0000000100000000)
  region size 1024K, 7 young (7168K), 7 survivors (7168K)
 Metaspace       used 13647K, capacity 14017K, committed 14208K, reserved 1062912K
  class space    used 1482K, capacity 1591K, committed 1664K, reserved 1048576K
}
Event: 4.529 GC heap before
{Heap before GC invocations=2 (full 0):
 garbage-first heap   total 96256K, used 58838K [0x0000000080000000, 0x0000000100000000)
  region size 1024K, 51 young (52224K), 7 survivors (7168K)
 Metaspace       used 20713K, capacity 21159K, committed 21296K, reserved 1069056K
  class space    used 2505K, capacity 2633K, committed 2688K, reserved 1048576K
}
Event: 4.538 GC heap after
{Heap after GC invocations=3 (full 0):
 garbage-first heap   total 96256K, used 17085K [0x0000000080000000, 0x0000000100000000)
  region size 1024K, 3 young (3072K), 3 survivors (3072K)
 Metaspace       used 20713K, capacity 21159K, committed 21296K, reserved 1069056K
  class space    used 2505K, capacity 2633K, committed 2688K, reserved 1048576K
}
Event: 5.687 GC heap before
{Heap before GC invocations=4 (full 0):
 garbage-first heap   total 96256K, used 64189K [0x0000000080000000, 0x0000000100000000)
  region size 1024K, 49 young (50176K), 3 survivors (3072K)
 Metaspace       used 25649K, capacity 26220K, committed 26544K, reserved 1073152K
  class space    used 3290K, capacity 3475K, committed 3584K, reserved 1048576K
}
Event: 5.691 GC heap after
{Heap after GC invocations=5 (full 0):
 garbage-first heap   total 96256K, used 18814K [0x0000000080000000, 0x0000000100000000)
  region size 1024K, 4 young (4096K), 4 survivors (4096K)
 Metaspace       used 25649K, capacity 26220K, committed 26544K, reserved 1073152K
  class space    used 3290K, capacity 3475K, committed 3584K, reserved 1048576K
}
Event: 6.513 GC heap before
{Heap before GC invocations=5 (full 0):
 garbage-first heap   total 96256K, used 67966K [0x0000000080000000, 0x0000000100000000)
  region size 1024K, 52 young (53248K), 4 survivors (4096K)
 Metaspace       used 30647K, capacity 31349K, committed 31408K, reserved 1077248K
  class space    used 4042K, capacity 4338K, committed 4352K, reserved 1048576K
}
Event: 6.517 GC heap after
{Heap after GC invocations=6 (full 0):
 garbage-first heap   total 96256K, used 20437K [0x0000000080000000, 0x0000000100000000)
  region size 1024K, 4 young (4096K), 4 survivors (4096K)
 Metaspace       used 30647K, capacity 31349K, committed 31408K, reserved 1077248K
  class space    used 4042K, capacity 4338K, committed 4352K, reserved 1048576K
}
Event: 6.914 GC heap before
{Heap before GC invocations=6 (full 0):
 garbage-first heap   total 96256K, used 33749K [0x0000000080000000, 0x0000000100000000)
  region size 1024K, 18 young (18432K), 4 survivors (4096K)
 Metaspace       used 35026K, capacity 35794K, committed 35920K, reserved 1081344K
  class space    used 4483K, capacity 4799K, committed 4864K, reserved 1048576K
}
Event: 6.921 GC heap after
{Heap after GC invocations=7 (full 0):
 garbage-first heap   total 96256K, used 22666K [0x0000000080000000, 0x0000000100000000)
  region size 1024K, 6 young (6144K), 6 survivors (6144K)
 Metaspace       used 35026K, capacity 35794K, committed 35920K, reserved 1081344K
  class space    used 4483K, capacity 4799K, committed 4864K, reserved 1048576K
}
Event: 7.525 GC heap before
{Heap before GC invocations=8 (full 0):
 garbage-first heap   total 96256K, used 68746K [0x0000000080000000, 0x0000000100000000)
  region size 1024K, 49 young (50176K), 6 survivors (6144K)
 Metaspace       used 39099K, capacity 40020K, committed 40144K, reserved 1085440K
  class space    used 4914K, capacity 5244K, committed 5248K, reserved 1048576K
}
Event: 7.533 GC heap after
{Heap after GC invocations=9 (full 0):
 garbage-first heap   total 96256K, used 26697K [0x0000000080000000, 0x0000000100000000)
  region size 1024K, 7 young (7168K), 7 survivors (7168K)
 Metaspace       used 39099K, capacity 40020K, committed 40144K, reserved 1085440K
  class space    used 4914K, capacity 5244K, committed 5248K, reserved 1048576K
}

Deoptimization events (20 events):
Event: 7.787 Thread 0x000002829c997800 DEOPT PACKING pc=0x000002828b5e2884 sp=0x000000a7e28f8ec0
Event: 7.787 Thread 0x000002829c997800 DEOPT UNPACKING pc=0x0000028283a8a1af sp=0x000000a7e28f8e48 mode 2
Event: 7.787 Thread 0x000002829c997800 Uncommon trap: trap_request=0xffffff4d fr.pc=0x000002828b53ed14 relative=0x00000000000000d4
Event: 7.787 Thread 0x000002829c997800 Uncommon trap: reason=unstable_if action=reinterpret pc=0x000002828b53ed14 method=java.util.HashMap.hash(Ljava/lang/Object;)I @ 1 c2
Event: 7.787 Thread 0x000002829c997800 DEOPT PACKING pc=0x000002828b53ed14 sp=0x000000a7e28f8f30
Event: 7.787 Thread 0x000002829c997800 DEOPT UNPACKING pc=0x0000028283a8a1af sp=0x000000a7e28f8e70 mode 2
Event: 7.787 Thread 0x000002829c997800 Uncommon trap: trap_request=0xffffff4d fr.pc=0x000002828b66f9c4 relative=0x00000000000006c4
Event: 7.787 Thread 0x000002829c997800 Uncommon trap: reason=unstable_if action=reinterpret pc=0x000002828b66f9c4 method=java.util.HashMap.putVal(ILjava/lang/Object;Ljava/lang/Object;ZZ)Ljava/lang/Object; @ 85 c2
Event: 7.787 Thread 0x000002829c997800 DEOPT PACKING pc=0x000002828b66f9c4 sp=0x000000a7e28f8e60
Event: 7.787 Thread 0x000002829c997800 DEOPT UNPACKING pc=0x0000028283a8a1af sp=0x000000a7e28f8e18 mode 2
Event: 7.819 Thread 0x000002829c997800 Uncommon trap: trap_request=0xffffff4d fr.pc=0x000002828b645e88 relative=0x00000000000000e8
Event: 7.819 Thread 0x000002829c997800 Uncommon trap: reason=unstable_if action=reinterpret pc=0x000002828b645e88 method=org.objectweb.asm.ByteVector.putShort(I)Lorg/objectweb/asm/ByteVector; @ 13 c2
Event: 7.819 Thread 0x000002829c997800 DEOPT PACKING pc=0x000002828b645e88 sp=0x000000a7e28f93d0
Event: 7.819 Thread 0x000002829c997800 DEOPT UNPACKING pc=0x0000028283a8a1af sp=0x000000a7e28f9368 mode 2
Event: 7.947 Thread 0x000002829c997800 DEOPT PACKING pc=0x000002828449aaf9 sp=0x000000a7e28fa670
Event: 7.947 Thread 0x000002829c997800 DEOPT UNPACKING pc=0x0000028283a8a95e sp=0x000000a7e28f9b40 mode 0
Event: 7.974 Thread 0x000002829c997800 Uncommon trap: trap_request=0xffffff4d fr.pc=0x000002828b693a24 relative=0x0000000000005be4
Event: 7.974 Thread 0x000002829c997800 Uncommon trap: reason=unstable_if action=reinterpret pc=0x000002828b693a24 method=java.net.URLClassLoader.defineClass(Ljava/lang/String;Ljdk/internal/loader/Resource;)Ljava/lang/Class; @ 21 c2
Event: 7.974 Thread 0x000002829c997800 DEOPT PACKING pc=0x000002828b693a24 sp=0x000000a7e28f8bd0
Event: 7.974 Thread 0x000002829c997800 DEOPT UNPACKING pc=0x0000028283a8a1af sp=0x000000a7e28f8b98 mode 2

Classes redefined (0 events):
No events

Internal exceptions (20 events):
Event: 7.988 Thread 0x000002829c997800 Exception <a 'java/lang/ClassNotFoundException'{0x00000000841ce768}: groovy/lang/ClosureCustomizer> (0x00000000841ce768) thrown at [./src/hotspot/share/classfile/systemDictionary.cpp, line 231]
Event: 7.991 Thread 0x000002829c997800 Exception <a 'java/lang/ClassNotFoundException'{0x00000000840239a0}: groovy/lang/Closure$1Customizer> (0x00000000840239a0) thrown at [./src/hotspot/share/classfile/systemDictionary.cpp, line 231]
Event: 8.043 Thread 0x000002829c997800 Exception <a 'java/lang/ClassNotFoundException'{0x0000000083e3adb8}: org/gradle/internal/metaobject/ConfigureDelegateBeanInfo> (0x0000000083e3adb8) thrown at [./src/hotspot/share/classfile/systemDictionary.cpp, line 231]
Event: 8.043 Thread 0x000002829c997800 Exception <a 'java/lang/ClassNotFoundException'{0x0000000083e5ff68}: org/gradle/internal/metaobject/ConfigureDelegateCustomizer> (0x0000000083e5ff68) thrown at [./src/hotspot/share/classfile/systemDictionary.cpp, line 231]
Event: 8.048 Thread 0x000002829c997800 Exception <a 'java/lang/ClassNotFoundException'{0x0000000083ec4430}: org/gradle/api/internal/initialization/DefaultScriptHandlerBeanInfo> (0x0000000083ec4430) thrown at [./src/hotspot/share/classfile/systemDictionary.cpp, line 231]
Event: 8.049 Thread 0x000002829c997800 Exception <a 'java/lang/ClassNotFoundException'{0x0000000083eee2d0}: org/gradle/api/internal/initialization/DefaultScriptHandlerCustomizer> (0x0000000083eee2d0) thrown at [./src/hotspot/share/classfile/systemDictionary.cpp, line 231]
Event: 8.071 Thread 0x000002829c997800 Exception <a 'java/lang/ClassNotFoundException'{0x000000008394f1e8}: org/gradle/api/internal/artifacts/dsl/DefaultRepositoryHandler_DecoratedBeanInfo> (0x000000008394f1e8) thrown at [./src/hotspot/share/classfile/systemDictionary.cpp, line 231]
Event: 8.072 Thread 0x000002829c997800 Exception <a 'java/lang/ClassNotFoundException'{0x00000000839882b0}: org/gradle/api/internal/artifacts/dsl/DefaultRepositoryHandlerBeanInfo> (0x00000000839882b0) thrown at [./src/hotspot/share/classfile/systemDictionary.cpp, line 231]
Event: 8.073 Thread 0x000002829c997800 Exception <a 'java/lang/ClassNotFoundException'{0x00000000839c36c0}: org/gradle/api/internal/artifacts/DefaultArtifactRepositoryContainerBeanInfo> (0x00000000839c36c0) thrown at [./src/hotspot/share/classfile/systemDictionary.cpp, line 231]
Event: 8.073 Thread 0x000002829c997800 Exception <a 'java/lang/ClassNotFoundException'{0x00000000839ece30}: org/gradle/api/internal/DefaultNamedDomainObjectListBeanInfo> (0x00000000839ece30) thrown at [./src/hotspot/share/classfile/systemDictionary.cpp, line 231]
Event: 8.074 Thread 0x000002829c997800 Exception <a 'java/lang/ClassNotFoundException'{0x0000000083817d00}: org/gradle/api/internal/DefaultNamedDomainObjectCollectionBeanInfo> (0x0000000083817d00) thrown at [./src/hotspot/share/classfile/systemDictionary.cpp, line 231]
Event: 8.075 Thread 0x000002829c997800 Exception <a 'java/lang/ClassNotFoundException'{0x0000000083842040}: org/gradle/api/internal/DefaultDomainObjectCollectionBeanInfo> (0x0000000083842040) thrown at [./src/hotspot/share/classfile/systemDictionary.cpp, line 231]
Event: 8.075 Thread 0x000002829c997800 Exception <a 'java/lang/ClassNotFoundException'{0x0000000083847d90}: java/util/AbstractCollectionBeanInfo> (0x0000000083847d90) thrown at [./src/hotspot/share/classfile/systemDictionary.cpp, line 231]
Event: 8.075 Thread 0x000002829c997800 Exception <a 'java/lang/ClassNotFoundException'{0x000000008384d7a0}: java/util/AbstractCollectionCustomizer> (0x000000008384d7a0) thrown at [./src/hotspot/share/classfile/systemDictionary.cpp, line 231]
Event: 8.077 Thread 0x000002829c997800 Exception <a 'java/lang/ClassNotFoundException'{0x00000000838808c8}: org/gradle/api/internal/DefaultDomainObjectCollectionCustomizer> (0x00000000838808c8) thrown at [./src/hotspot/share/classfile/systemDictionary.cpp, line 231]
Event: 8.080 Thread 0x000002829c997800 Exception <a 'java/lang/ClassNotFoundException'{0x00000000838c8910}: org/gradle/api/internal/DefaultNamedDomainObjectCollectionCustomizer> (0x00000000838c8910) thrown at [./src/hotspot/share/classfile/systemDictionary.cpp, line 231]
Event: 8.084 Thread 0x000002829c997800 Exception <a 'java/lang/ClassNotFoundException'{0x0000000083724d68}: org/gradle/api/internal/DefaultNamedDomainObjectListCustomizer> (0x0000000083724d68) thrown at [./src/hotspot/share/classfile/systemDictionary.cpp, line 231]
Event: 8.087 Thread 0x000002829c997800 Exception <a 'java/lang/ClassNotFoundException'{0x0000000083779b10}: org/gradle/api/internal/artifacts/DefaultArtifactRepositoryContainerCustomizer> (0x0000000083779b10) thrown at [./src/hotspot/share/classfile/systemDictionary.cpp, line 231]
Event: 8.088 Thread 0x000002829c997800 Exception <a 'java/lang/ClassNotFoundException'{0x00000000837c40c8}: org/gradle/api/internal/artifacts/dsl/DefaultRepositoryHandlerCustomizer> (0x00000000837c40c8) thrown at [./src/hotspot/share/classfile/systemDictionary.cpp, line 231]
Event: 8.091 Thread 0x000002829c997800 Exception <a 'java/lang/ClassNotFoundException'{0x0000000083621248}: org/gradle/api/internal/artifacts/dsl/DefaultRepositoryHandler_DecoratedCustomizer> (0x0000000083621248) thrown at [./src/hotspot/share/classfile/systemDictionary.cpp, line 231]

Events (20 events):
Event: 8.091 loading class org/gradle/api/internal/artifacts/dsl/DefaultRepositoryHandler_DecoratedCustomizer
Event: 8.091 loading class org/gradle/api/internal/artifacts/dsl/DefaultRepositoryHandler_DecoratedCustomizer done
Event: 8.091 loading class org/gradle/api/internal/artifacts/dsl/DefaultRepositoryHandler_DecoratedCustomizer
Event: 8.091 loading class org/gradle/api/internal/artifacts/dsl/DefaultRepositoryHandler_DecoratedCustomizer done
Event: 8.093 loading class org/gradle/api/internal/artifacts/repositories/DefaultBaseRepositoryFactory$NamedMavenRepositoryDescriber
Event: 8.093 loading class org/gradle/api/internal/artifacts/repositories/DefaultBaseRepositoryFactory$NamedMavenRepositoryDescriber done
Event: 8.094 loading class org/gradle/api/internal/artifacts/repositories/DefaultMavenArtifactRepository
Event: 8.094 loading class org/gradle/api/internal/artifacts/repositories/DefaultMavenArtifactRepository done
Event: 8.096 loading class org/gradle/api/internal/artifacts/repositories/ResolutionAwareRepository
Event: 8.096 loading class org/gradle/api/internal/artifacts/repositories/ResolutionAwareRepository done
Event: 8.096 loading class org/gradle/api/internal/artifacts/repositories/PublicationAwareRepository
Event: 8.096 loading class org/gradle/api/internal/artifacts/repositories/PublicationAwareRepository done
Event: 8.097 loading class org/gradle/api/internal/artifacts/repositories/AbstractAuthenticationSupportedRepository
Event: 8.097 loading class org/gradle/api/internal/artifacts/repositories/AbstractAuthenticationSupportedRepository done
Event: 8.098 loading class org/gradle/internal/artifacts/repositories/AuthenticationSupportedInternal
Event: 8.098 loading class org/gradle/internal/artifacts/repositories/AuthenticationSupportedInternal done
Event: 8.099 loading class org/gradle/api/internal/artifacts/repositories/AbstractResolutionAwareArtifactRepository
Event: 8.099 loading class org/gradle/api/internal/artifacts/repositories/AbstractResolutionAwareArtifactRepository done
Event: 8.099 loading class org/gradle/api/internal/artifacts/repositories/AbstractArtifactRepository
Event: 8.099 loading class org/gradle/api/internal/artifacts/repositories/AbstractArtifactRepository done


Dynamic libraries:
0x00007ff7365c0000 - 0x00007ff7365ca000 	C:\Program Files\Android\Android Studio\jre\bin\java.exe
0x00007ffbcb0c0000 - 0x00007ffbcb2c9000 	C:\Windows\SYSTEM32\ntdll.dll
0x00007ffbc9640000 - 0x00007ffbc96fe000 	C:\Windows\System32\KERNEL32.DLL
0x00007ffbc8800000 - 0x00007ffbc8b83000 	C:\Windows\System32\KERNELBASE.dll
0x00007ffbc8570000 - 0x00007ffbc8681000 	C:\Windows\System32\ucrtbase.dll
0x00007ffbbfb00000 - 0x00007ffbbfb19000 	C:\Program Files\Android\Android Studio\jre\bin\jli.dll
0x00007ffbbfc60000 - 0x00007ffbbfc77000 	C:\Program Files\Android\Android Studio\jre\bin\VCRUNTIME140.dll
0x00007ffbcab60000 - 0x00007ffbcad0d000 	C:\Windows\System32\USER32.dll
0x00007ffbc8b90000 - 0x00007ffbc8bb6000 	C:\Windows\System32\win32u.dll
0x00007ffbaba20000 - 0x00007ffbabcc5000 	C:\Windows\WinSxS\amd64_microsoft.windows.common-controls_6595b64144ccf1df_6.0.22000.120_none_9d947278b86cc467\COMCTL32.dll
0x00007ffbcad10000 - 0x00007ffbcad39000 	C:\Windows\System32\GDI32.dll
0x00007ffbc9b70000 - 0x00007ffbc9c13000 	C:\Windows\System32\msvcrt.dll
0x00007ffbc8bc0000 - 0x00007ffbc8cda000 	C:\Windows\System32\gdi32full.dll
0x00007ffbc8ce0000 - 0x00007ffbc8d7d000 	C:\Windows\System32\msvcp_win.dll
0x00007ffbc8fe0000 - 0x00007ffbc9011000 	C:\Windows\System32\IMM32.DLL
0x00007ffbba820000 - 0x00007ffbba8bd000 	C:\Program Files\Android\Android Studio\jre\bin\msvcp140.dll
0x00007ffb70050000 - 0x00007ffb70b52000 	C:\Program Files\Android\Android Studio\jre\bin\server\jvm.dll
0x00007ffbcad40000 - 0x00007ffbcadee000 	C:\Windows\System32\ADVAPI32.dll
0x00007ffbc9e40000 - 0x00007ffbc9ede000 	C:\Windows\System32\sechost.dll
0x00007ffbca8e0000 - 0x00007ffbcaa01000 	C:\Windows\System32\RPCRT4.dll
0x00007ffbc90d0000 - 0x00007ffbc90d8000 	C:\Windows\System32\PSAPI.DLL
0x00007ffbc2850000 - 0x00007ffbc2883000 	C:\Windows\SYSTEM32\WINMM.dll
0x00007ffba1790000 - 0x00007ffba1799000 	C:\Windows\SYSTEM32\WSOCK32.dll
0x00007ffbc90e0000 - 0x00007ffbc914f000 	C:\Windows\System32\WS2_32.dll
0x00007ffbbf870000 - 0x00007ffbbf87a000 	C:\Windows\SYSTEM32\VERSION.dll
0x00007ffbc75f0000 - 0x00007ffbc7608000 	C:\Windows\SYSTEM32\kernel.appcore.dll
0x00007ffb7f4d0000 - 0x00007ffb7f4e1000 	C:\Program Files\Android\Android Studio\jre\bin\verify.dll
0x00007ffbc6110000 - 0x00007ffbc6331000 	C:\Windows\SYSTEM32\DBGHELP.DLL
0x00007ffbb88a0000 - 0x00007ffbb88d1000 	C:\Windows\SYSTEM32\dbgcore.DLL
0x00007ffbc8eb0000 - 0x00007ffbc8f2f000 	C:\Windows\System32\bcryptPrimitives.dll
0x00007ffb7cc70000 - 0x00007ffb7cc99000 	C:\Program Files\Android\Android Studio\jre\bin\java.dll
0x00007ffb9d260000 - 0x00007ffb9d26b000 	C:\Program Files\Android\Android Studio\jre\bin\jimage.dll
0x00007ffb7bf90000 - 0x00007ffb7bfa8000 	C:\Program Files\Android\Android Studio\jre\bin\zip.dll
0x00007ffbca000000 - 0x00007ffbca7c5000 	C:\Windows\System32\SHELL32.dll
0x00007ffbc6650000 - 0x00007ffbc6eb4000 	C:\Windows\SYSTEM32\windows.storage.dll
0x00007ffbc92c0000 - 0x00007ffbc9636000 	C:\Windows\System32\combase.dll
0x00007ffbc64e0000 - 0x00007ffbc6647000 	C:\Windows\SYSTEM32\wintypes.dll
0x00007ffbca7d0000 - 0x00007ffbca8ba000 	C:\Windows\System32\SHCORE.dll
0x00007ffbc9c20000 - 0x00007ffbc9c7d000 	C:\Windows\System32\shlwapi.dll
0x00007ffbc84a0000 - 0x00007ffbc84c1000 	C:\Windows\SYSTEM32\profapi.dll
0x00007ffb7b570000 - 0x00007ffb7b58a000 	C:\Program Files\Android\Android Studio\jre\bin\net.dll
0x00007ffbc2f20000 - 0x00007ffbc3032000 	C:\Windows\SYSTEM32\WINHTTP.dll
0x00007ffbc7a90000 - 0x00007ffbc7af7000 	C:\Windows\system32\mswsock.dll
0x00007ffb76d30000 - 0x00007ffb76d44000 	C:\Program Files\Android\Android Studio\jre\bin\nio.dll
0x00007ffbaf700000 - 0x00007ffbaf727000 	C:\Users\nraje\.gradle\native\e1d6ef7f7dcc3fd88c89a11ec53ec762bb8ba0a96d01ffa2cd45eb1d1d8dd5c5\windows-amd64\native-platform.dll
0x00007ffbaee00000 - 0x00007ffbaef44000 	C:\Users\nraje\.gradle\native\5664cfc778a61ccfe75a443a1ab52a65af34e5dc3c78e0209fed803814484fcb\windows-amd64\native-platform-file-events.dll
0x00007ffb9d130000 - 0x00007ffb9d13a000 	C:\Program Files\Android\Android Studio\jre\bin\management.dll
0x00007ffb994d0000 - 0x00007ffb994dd000 	C:\Program Files\Android\Android Studio\jre\bin\management_ext.dll
0x00007ffbc7cf0000 - 0x00007ffbc7d08000 	C:\Windows\SYSTEM32\CRYPTSP.dll
0x00007ffbc7550000 - 0x00007ffbc7585000 	C:\Windows\system32\rsaenh.dll
0x00007ffbc7b90000 - 0x00007ffbc7bb9000 	C:\Windows\SYSTEM32\USERENV.dll
0x00007ffbc7ed0000 - 0x00007ffbc7ef7000 	C:\Windows\SYSTEM32\bcrypt.dll
0x00007ffbc7ce0000 - 0x00007ffbc7cec000 	C:\Windows\SYSTEM32\CRYPTBASE.dll
0x00007ffbc7110000 - 0x00007ffbc713d000 	C:\Windows\SYSTEM32\IPHLPAPI.DLL
0x00007ffbca8d0000 - 0x00007ffbca8d9000 	C:\Windows\System32\NSI.dll
0x00007ffbc2f00000 - 0x00007ffbc2f19000 	C:\Windows\SYSTEM32\dhcpcsvc6.DLL
0x00007ffbc3560000 - 0x00007ffbc357e000 	C:\Windows\SYSTEM32\dhcpcsvc.DLL
0x00007ffbc7140000 - 0x00007ffbc7228000 	C:\Windows\SYSTEM32\DNSAPI.dll

dbghelp: loaded successfully - version: 4.0.5 - missing functions: none
symbol engine: initialized successfully - sym options: 0x614 - pdb path: .;C:\Program Files\Android\Android Studio\jre\bin;C:\Windows\SYSTEM32;C:\Windows\WinSxS\amd64_microsoft.windows.common-controls_6595b64144ccf1df_6.0.22000.120_none_9d947278b86cc467;C:\Program Files\Android\Android Studio\jre\bin\server;C:\Users\nraje\.gradle\native\e1d6ef7f7dcc3fd88c89a11ec53ec762bb8ba0a96d01ffa2cd45eb1d1d8dd5c5\windows-amd64;C:\Users\nraje\.gradle\native\5664cfc778a61ccfe75a443a1ab52a65af34e5dc3c78e0209fed803814484fcb\windows-amd64

VM Arguments:
jvm_args: --add-opens=java.base/java.util=ALL-UNNAMED --add-opens=java.base/java.lang=ALL-UNNAMED --add-opens=java.base/java.lang.invoke=ALL-UNNAMED --add-opens=java.base/java.util=ALL-UNNAMED --add-opens=java.prefs/java.util.prefs=ALL-UNNAMED --add-opens=java.prefs/java.util.prefs=ALL-UNNAMED --add-opens=java.base/java.nio.charset=ALL-UNNAMED --add-opens=java.base/java.net=ALL-UNNAMED --add-opens=java.base/java.util.concurrent.atomic=ALL-UNNAMED -Xmx2048m -Dfile.encoding=windows-1252 -Duser.country=IN -Duser.language=en -Duser.variant 
java_command: org.gradle.launcher.daemon.bootstrap.GradleDaemon 7.2
java_class_path (initial): C:\Users\nraje\.gradle\wrapper\dists\gradle-7.2-all\260hg96vuh6ex27h9vo47iv4d\gradle-7.2\lib\gradle-launcher-7.2.jar
Launcher Type: SUN_STANDARD

[Global flags]
     intx CICompilerCount                          = 4                                         {product} {ergonomic}
     uint ConcGCThreads                            = 3                                         {product} {ergonomic}
     uint G1ConcRefinementThreads                  = 10                                        {product} {ergonomic}
   size_t G1HeapRegionSize                         = 1048576                                   {product} {ergonomic}
    uintx GCDrainStackTargetSize                   = 64                                        {product} {ergonomic}
   size_t InitialHeapSize                          = 98566144                                  {product} {ergonomic}
   size_t MarkStackSize                            = 4194304                                   {product} {ergonomic}
   size_t MaxHeapSize                              = 2147483648                                {product} {command line}
   size_t MaxNewSize                               = 1287651328                                {product} {ergonomic}
   size_t MinHeapDeltaBytes                        = 1048576                                   {product} {ergonomic}
    uintx NonNMethodCodeHeapSize                   = 5836300                                {pd product} {ergonomic}
    uintx NonProfiledCodeHeapSize                  = 122910970                              {pd product} {ergonomic}
    uintx ProfiledCodeHeapSize                     = 122910970                              {pd product} {ergonomic}
    uintx ReservedCodeCacheSize                    = 251658240                              {pd product} {ergonomic}
     bool SegmentedCodeCache                       = true                                      {product} {ergonomic}
     bool UseCompressedClassPointers               = true                                 {lp64_product} {ergonomic}
     bool UseCompressedOops                        = true                                 {lp64_product} {ergonomic}
     bool UseG1GC                                  = true                                      {product} {ergonomic}
     bool UseLargePagesIndividualAllocation        = false                                  {pd product} {ergonomic}

Logging:
Log output configuration:
 #0: stdout all=warning uptime,level,tags
 #1: stderr all=off uptime,level,tags

Environment Variables:
PATH=C:\Program Files\Common Files\Oracle\Java\javapath;C:\Program Files (x86)\Common Files\Oracle\Java\javapath;C:\Windows\system32;C:\Windows;C:\Windows\System32\Wbem;C:\Windows\System32\WindowsPowerShell\v1.0\;C:\Windows\System32\OpenSSH\;C:\Program Files\Git\cmd;C:\Users\nraje\AppData\Local\Microsoft\WindowsApps\python.exe;C:\Users\nraje\AppData\Local\Microsoft\WindowsApps\python.exe;C:\Users\nraje\AppData\Local\Microsoft\WindowsApps\;C:\Users\nraje\AppData\Local\Microsoft\WindowsApps\;C:\Users\nraje\AppData\Local\Microsoft\WindowsApps;;C:\Users\nraje\AppData\Local\Programs\Microsoft VS Code\bin
USERNAME=nraje
OS=Windows_NT
PROCESSOR_IDENTIFIER=AMD64 Family 23 Model 104 Stepping 1, AuthenticAMD



---------------  S Y S T E M  ---------------

OS: Windows 11 , 64 bit Build 22000 (10.0.22000.1761)
OS uptime: 11 days 4:54 hours

CPU:total 12 (initial active 12) (12 cores per cpu, 2 threads per core) family 23 model 104 stepping 1 microcode 0x0, cmov, cx8, fxsr, mmx, sse, sse2, sse3, ssse3, sse4.1, sse4.2, popcnt, avx, avx2, aes, clmul, mmxext, 3dnowpref, lzcnt, sse4a, ht, tsc, tscinvbit, tscinv, bmi1, bmi2, adx, sha, fma

Memory: 4k page, system-wide physical 6005M (33M free)
TotalPageFile size 24437M (AvailPageFile size 2M)
current process WorkingSet (physical memory assigned to process): 228M, peak: 228M
current process commit charge ("private bytes"): 275M, peak: 276M

vm_info: OpenJDK 64-Bit Server VM (11.0.13+0-b1751.21-8125866) for windows-amd64 JRE (11.0.13+0-b1751.21-8125866), built on Feb  2 2022 03:00:22 by "builder" with MS VC++ 14.0 (VS2015)

END.
