#
# There is insufficient memory for the Java Runtime Environment to continue.
# Native memory allocation (mmap) failed to map 19922944 bytes for Failed to commit area from 0x0000000085e00000 to 0x0000000087100000 of length 19922944.
# Possible reasons:
#   The system is out of physical RAM or swap space
#   The process is running with CompressedOops enabled, and the Java Heap may be blocking the growth of the native heap
# Possible solutions:
#   Reduce memory load on the system
#   Increase physical memory or swap space
#   Check if swap backing store is full
#   Decrease Java heap size (-Xmx/-Xms)
#   Decrease number of Java threads
#   Decrease Java thread stack sizes (-Xss)
#   Set larger code cache with -XX:ReservedCodeCacheSize=
#   JVM is running with Unscaled Compressed Oops mode in which the Java heap is
#     placed in the first 4GB address space. The Java Heap base address is the
#     maximum limit for the native heap growth. Please use -XX:HeapBaseMinAddress
#     to set the Java Heap base and to place the Java Heap above 4GB virtual address.
# This output file may be truncated or incomplete.
#
#  Out of Memory Error (./src/hotspot/os/windows/os_windows.cpp:3619), pid=106432, tid=95488
#
# JRE version: OpenJDK Runtime Environment (11.0.13) (build 11.0.13+0-b1751.21-8125866)
# Java VM: OpenJDK 64-Bit Server VM (11.0.13+0-b1751.21-8125866, mixed mode, tiered, compressed oops, g1 gc, windows-amd64)
# No core dump will be written. Minidumps are not enabled by default on client versions of Windows
#

---------------  S U M M A R Y ------------

Command Line: --add-opens=java.base/java.util=ALL-UNNAMED --add-opens=java.base/java.lang=ALL-UNNAMED --add-opens=java.base/java.lang.invoke=ALL-UNNAMED --add-opens=java.base/java.util=ALL-UNNAMED --add-opens=java.prefs/java.util.prefs=ALL-UNNAMED --add-opens=java.prefs/java.util.prefs=ALL-UNNAMED --add-opens=java.base/java.nio.charset=ALL-UNNAMED --add-opens=java.base/java.net=ALL-UNNAMED --add-opens=java.base/java.util.concurrent.atomic=ALL-UNNAMED -Xmx2048m -Dfile.encoding=windows-1252 -Duser.country=IN -Duser.language=en -Duser.variant org.gradle.launcher.daemon.bootstrap.GradleDaemon 7.2

Host: AMD Ryzen 5 5500U with Radeon Graphics         , 12 cores, 5G,  Windows 11 , 64 bit Build 22000 (10.0.22000.1761)
Time: Fri May 12 01:31:02 2023 India Standard Time elapsed time: 13.800695 seconds (0d 0h 0m 13s)

---------------  T H R E A D  ---------------

Current thread (0x000001e02f4db800):  VMThread "VM Thread" [stack: 0x000000b255200000,0x000000b255300000] [id=95488]

Stack: [0x000000b255200000,0x000000b255300000]
[error occurred during error reporting (printing stack bounds), id 0xc0000005, EXCEPTION_ACCESS_VIOLATION (0xc0000005) at pc=0x000001e01872112d]

Native frames: (J=compiled Java code, j=interpreted, Vv=VM code, C=native code)
V  [jvm.dll+0x6100fa]
V  [jvm.dll+0x747090]
V  [jvm.dll+0x7486ad]
V  [jvm.dll+0x748ce5]
V  [jvm.dll+0x748c9b]
V  [jvm.dll+0x60f224]
V  [jvm.dll+0x60f9b8]
C  [ntdll.dll+0xa8aef]
C  [ntdll.dll+0x35b9a]
C  [ntdll.dll+0xa7afe]
C  0x000001e01872112d

VM_Operation (0x000000b2564f4d40): G1CollectForAllocation, mode: safepoint, requested by thread 0x000001e030300000


---------------  P R O C E S S  ---------------

Threads class SMR info:
_java_thread_list=0x000001e0347c8fd0, length=166, elements={
0x000001e014bfe000, 0x000001e02f4e0800, 0x000001e02f4ea000, 0x000001e02fe73800,
0x000001e02fe74800, 0x000001e02fe76000, 0x000001e02fe77000, 0x000001e02fe7a800,
0x000001e02f504000, 0x000001e02ffcd800, 0x000001e031653800, 0x000001e03100b800,
0x000001e031169000, 0x000001e03179f800, 0x000001e03123c800, 0x000001e0323a5000,
0x000001e030300000, 0x000001e03171d800, 0x000001e031743000, 0x000001e031e5a800,
0x000001e031e5b800, 0x000001e031e58000, 0x000001e031e5f000, 0x000001e031e59000,
0x000001e031e5e000, 0x000001e031e5d000, 0x000001e031e5c800, 0x000001e031e5a000,
0x000001e032603800, 0x000001e032607000, 0x000001e032602000, 0x000001e032604800,
0x000001e032603000, 0x000001e032606000, 0x000001e032601000, 0x000001e03260c000,
0x000001e03260d800, 0x000001e032607800, 0x000001e03260a000, 0x000001e03260c800,
0x000001e03260e800, 0x000001e032608800, 0x000001e032609800, 0x000001e03260f000,
0x000001e03260b000, 0x000001e032610000, 0x000001e03418c800, 0x000001e03418d800,
0x000001e034189000, 0x000001e03418e000, 0x000001e03418f000, 0x000001e034190000,
0x000001e03418a000, 0x000001e034190800, 0x000001e03418b000, 0x000001e034191800,
0x000001e03418b800, 0x000001e034192000, 0x000001e034195800, 0x000001e034194000,
0x000001e034194800, 0x000001e034197000, 0x000001e034196800, 0x000001e034198000,
0x000001e034193000, 0x000001e0341fd800, 0x000001e0341fe000, 0x000001e0341fb800,
0x000001e0341ff000, 0x000001e0341f9800, 0x000001e034200000, 0x000001e0341fa000,
0x000001e0341fc800, 0x000001e034200800, 0x000001e0341fb000, 0x000001e034202000,
0x000001e034207000, 0x000001e034203000, 0x000001e034201800, 0x000001e034206800,
0x000001e034208000, 0x000001e034204000, 0x000001e034204800, 0x000001e034205800,
0x000001e03420d800, 0x000001e03420e000, 0x000001e034209800, 0x000001e03420b800,
0x000001e03420c800, 0x000001e03420b000, 0x000001e03420a000, 0x000001e034210800,
0x000001e034211800, 0x000001e034212800, 0x000001e034210000, 0x000001e034213000,
0x000001e034214000, 0x000001e03420f000, 0x000001e034214800, 0x000001e034215800,
0x000001e034216800, 0x000001e034217000, 0x000001e034218000, 0x000001e03435e000,
0x000001e03435e800, 0x000001e03435d000, 0x000001e03435f800, 0x000001e034360800,
0x000001e034361000, 0x000001e034362000, 0x000001e03435c800, 0x000001e034367800,
0x000001e034366000, 0x000001e034365800, 0x000001e034363000, 0x000001e034368800,
0x000001e034369800, 0x000001e034363800, 0x000001e034367000, 0x000001e03436a000,
0x000001e034364800, 0x000001e03436b000, 0x000001e034590000, 0x000001e034592000,
0x000001e034590800, 0x000001e03458f000, 0x000001e034593000, 0x000001e034591800,
0x000001e034594000, 0x000001e03458e000, 0x000001e034595800, 0x000001e034594800,
0x000001e03459b000, 0x000001e034599800, 0x000001e034597000, 0x000001e03459a800,
0x000001e03459c000, 0x000001e034596800, 0x000001e03459d000, 0x000001e034599000,
0x000001e034598000, 0x000001e034633800, 0x000001e034632800, 0x000001e034634000,
0x000001e034635000, 0x000001e034636000, 0x000001e034636800, 0x000001e034637800,
0x000001e034631800, 0x000001e03463a800, 0x000001e034638800, 0x000001e03463b800,
0x000001e03463a000, 0x000001e03463c800, 0x000001e03463f000, 0x000001e034639000,
0x000001e034640800, 0x000001e03463d000, 0x000001e03463f800, 0x000001e03463e000,
0x000001e0345a3000, 0x000001e0345a2000, 0x000001e03459e000, 0x000001e0345a0800,
0x000001e03459f000, 0x000001e0345a1800
}

Java Threads: ( => current thread )
  0x000001e014bfe000 JavaThread "main" [_thread_blocked, id=119384, stack(0x000000b254c00000,0x000000b254d00000)]
  0x000001e02f4e0800 JavaThread "Reference Handler" daemon [_thread_blocked, id=127632, stack(0x000000b255300000,0x000000b255400000)]
  0x000001e02f4ea000 JavaThread "Finalizer" daemon [_thread_blocked, id=129092, stack(0x000000b255400000,0x000000b255500000)]
  0x000001e02fe73800 JavaThread "Signal Dispatcher" daemon [_thread_blocked, id=126012, stack(0x000000b255500000,0x000000b255600000)]
  0x000001e02fe74800 JavaThread "Attach Listener" daemon [_thread_blocked, id=125292, stack(0x000000b255600000,0x000000b255700000)]
  0x000001e02fe76000 JavaThread "Service Thread" daemon [_thread_blocked, id=111868, stack(0x000000b255700000,0x000000b255800000)]
  0x000001e02fe77000 JavaThread "C2 CompilerThread0" daemon [_thread_in_native, id=127628, stack(0x000000b255800000,0x000000b255900000)]
  0x000001e02fe7a800 JavaThread "C1 CompilerThread0" daemon [_thread_blocked, id=112156, stack(0x000000b255900000,0x000000b255a00000)]
  0x000001e02f504000 JavaThread "Sweeper thread" daemon [_thread_blocked, id=36688, stack(0x000000b255a00000,0x000000b255b00000)]
  0x000001e02ffcd800 JavaThread "Common-Cleaner" daemon [_thread_blocked, id=111352, stack(0x000000b255b00000,0x000000b255c00000)]
  0x000001e031653800 JavaThread "Daemon health stats" [_thread_blocked, id=130308, stack(0x000000b255e00000,0x000000b255f00000)]
  0x000001e03100b800 JavaThread "Incoming local TCP Connector on port 56343" [_thread_in_native, id=116988, stack(0x000000b255f00000,0x000000b256000000)]
  0x000001e031169000 JavaThread "Daemon periodic checks" [_thread_blocked, id=84412, stack(0x000000b256000000,0x000000b256100000)]
  0x000001e03179f800 JavaThread "Daemon" [_thread_blocked, id=123512, stack(0x000000b256100000,0x000000b256200000)]
  0x000001e03123c800 JavaThread "Handler for socket connection from /127.0.0.1:56343 to /127.0.0.1:56344" [_thread_in_native, id=122824, stack(0x000000b256200000,0x000000b256300000)]
  0x000001e0323a5000 JavaThread "Cancel handler" [_thread_blocked, id=116016, stack(0x000000b256300000,0x000000b256400000)]
  0x000001e030300000 JavaThread "Daemon worker" [_thread_blocked, id=131152, stack(0x000000b256400000,0x000000b256500000)]
  0x000001e03171d800 JavaThread "Asynchronous log dispatcher for DefaultDaemonConnection: socket connection from /127.0.0.1:56343 to /127.0.0.1:56344" [_thread_blocked, id=125820, stack(0x000000b256500000,0x000000b256600000)]
  0x000001e031743000 JavaThread "Stdin handler" [_thread_blocked, id=125868, stack(0x000000b256600000,0x000000b256700000)]
  0x000001e031e5a800 JavaThread "Daemon client event forwarder" [_thread_blocked, id=105324, stack(0x000000b256700000,0x000000b256800000)]
  0x000001e031e5b800 JavaThread "Cache worker for journal cache (C:\Users\nraje\AndroidStudioProjects\app2\NOTED---Notes-Application-for-Android-master\caches\journal-1)" [_thread_blocked, id=120468, stack(0x000000b256800000,0x000000b256900000)]
  0x000001e031e58000 JavaThread "File lock request listener" [_thread_in_native, id=120684, stack(0x000000b257100000,0x000000b257200000)]
  0x000001e031e5f000 JavaThread "Cache worker for file hash cache (C:\Users\nraje\AndroidStudioProjects\app2\NOTED---Notes-Application-for-Android-master\caches\7.2\fileHashes)" [_thread_blocked, id=121760, stack(0x000000b257200000,0x000000b257300000)]
  0x000001e031e59000 JavaThread "Cache worker for file hash cache (C:\Users\nraje\AndroidStudioProjects\NOTEIT\.gradle\7.2\fileHashes)" [_thread_blocked, id=119148, stack(0x000000b257500000,0x000000b257600000)]
  0x000001e031e5e000 JavaThread "File watcher server" daemon [_thread_in_native, id=113744, stack(0x000000b257600000,0x000000b257700000)]
  0x000001e031e5d000 JavaThread "File watcher consumer" daemon [_thread_blocked, id=128784, stack(0x000000b257700000,0x000000b257800000)]
  0x000001e031e5c800 JavaThread "Cache worker for checksums cache (C:\Users\nraje\AndroidStudioProjects\NOTEIT\.gradle\checksums)" [_thread_blocked, id=127848, stack(0x000000b257800000,0x000000b257900000)]
  0x000001e031e5a000 JavaThread "Cache worker for cache directory md-supplier (C:\Users\nraje\AndroidStudioProjects\app2\NOTED---Notes-Application-for-Android-master\caches\7.2\md-supplier)" [_thread_blocked, id=107264, stack(0x000000b257900000,0x000000b257a00000)]
  0x000001e032603800 JavaThread "Cache worker for cache directory md-rule (C:\Users\nraje\AndroidStudioProjects\app2\NOTED---Notes-Application-for-Android-master\caches\7.2\md-rule)" [_thread_blocked, id=123828, stack(0x000000b257a00000,0x000000b257b00000)]
  0x000001e032607000 JavaThread "Cache worker for execution history cache (C:\Users\nraje\AndroidStudioProjects\app2\NOTED---Notes-Application-for-Android-master\caches\7.2\executionHistory)" [_thread_blocked, id=119172, stack(0x000000b257b00000,0x000000b257c00000)]
  0x000001e032602000 JavaThread "jar transforms" [_thread_blocked, id=109776, stack(0x000000b257c00000,0x000000b257d00000)]
  0x000001e032604800 JavaThread "jar transforms Thread 2" [_thread_blocked, id=99132, stack(0x000000b257d00000,0x000000b257e00000)]
  0x000001e032603000 JavaThread "Cache worker for file content cache (C:\Users\nraje\AndroidStudioProjects\app2\NOTED---Notes-Application-for-Android-master\caches\7.2\fileContent)" [_thread_blocked, id=122228, stack(0x000000b257e00000,0x000000b257f00000)]
  0x000001e032606000 JavaThread "Cache worker for dependencies-accessors (C:\Users\nraje\AndroidStudioProjects\NOTEIT\.gradle\7.2\dependencies-accessors)" [_thread_blocked, id=121376, stack(0x000000b257f00000,0x000000b258000000)]
  0x000001e032601000 JavaThread "jar transforms Thread 3" [_thread_blocked, id=83700, stack(0x000000b258000000,0x000000b258100000)]
  0x000001e03260c000 JavaThread "Cache worker for Build Output Cleanup Cache (C:\Users\nraje\AndroidStudioProjects\NOTEIT\.gradle\buildOutputCleanup)" [_thread_blocked, id=127084, stack(0x000000b258100000,0x000000b258200000)]
  0x000001e03260d800 JavaThread "Unconstrained build operations" [_thread_blocked, id=130576, stack(0x000000b258200000,0x000000b258300000)]
  0x000001e032607800 JavaThread "Unconstrained build operations Thread 2" [_thread_blocked, id=117116, stack(0x000000b258300000,0x000000b258400000)]
  0x000001e03260a000 JavaThread "Unconstrained build operations Thread 3" [_thread_blocked, id=112412, stack(0x000000b258400000,0x000000b258500000)]
  0x000001e03260c800 JavaThread "Unconstrained build operations Thread 4" [_thread_blocked, id=108520, stack(0x000000b258500000,0x000000b258600000)]
  0x000001e03260e800 JavaThread "Unconstrained build operations Thread 5" [_thread_blocked, id=127812, stack(0x000000b258600000,0x000000b258700000)]
  0x000001e032608800 JavaThread "Unconstrained build operations Thread 6" [_thread_blocked, id=124172, stack(0x000000b258700000,0x000000b258800000)]
  0x000001e032609800 JavaThread "Unconstrained build operations Thread 7" [_thread_blocked, id=124436, stack(0x000000b258800000,0x000000b258900000)]
  0x000001e03260f000 JavaThread "Unconstrained build operations Thread 8" [_thread_blocked, id=121012, stack(0x000000b258900000,0x000000b258a00000)]
  0x000001e03260b000 JavaThread "Unconstrained build operations Thread 9" [_thread_blocked, id=128672, stack(0x000000b258a00000,0x000000b258b00000)]
  0x000001e032610000 JavaThread "Unconstrained build operations Thread 10" [_thread_blocked, id=119624, stack(0x000000b258b00000,0x000000b258c00000)]
  0x000001e03418c800 JavaThread "Unconstrained build operations Thread 11" [_thread_blocked, id=92492, stack(0x000000b258c00000,0x000000b258d00000)]
  0x000001e03418d800 JavaThread "Unconstrained build operations Thread 12" [_thread_blocked, id=117108, stack(0x000000b258d00000,0x000000b258e00000)]
  0x000001e034189000 JavaThread "Unconstrained build operations Thread 13" [_thread_blocked, id=122428, stack(0x000000b258e00000,0x000000b258f00000)]
  0x000001e03418e000 JavaThread "Unconstrained build operations Thread 14" [_thread_blocked, id=127272, stack(0x000000b258f00000,0x000000b259000000)]
  0x000001e03418f000 JavaThread "Unconstrained build operations Thread 15" [_thread_blocked, id=126304, stack(0x000000b259000000,0x000000b259100000)]
  0x000001e034190000 JavaThread "Unconstrained build operations Thread 16" [_thread_blocked, id=120776, stack(0x000000b259100000,0x000000b259200000)]
  0x000001e03418a000 JavaThread "Unconstrained build operations Thread 17" [_thread_blocked, id=131684, stack(0x000000b259200000,0x000000b259300000)]
  0x000001e034190800 JavaThread "Unconstrained build operations Thread 18" [_thread_blocked, id=112500, stack(0x000000b259300000,0x000000b259400000)]
  0x000001e03418b000 JavaThread "Unconstrained build operations Thread 19" [_thread_blocked, id=117244, stack(0x000000b259400000,0x000000b259500000)]
  0x000001e034191800 JavaThread "Unconstrained build operations Thread 20" [_thread_blocked, id=131564, stack(0x000000b259500000,0x000000b259600000)]
  0x000001e03418b800 JavaThread "Unconstrained build operations Thread 21" [_thread_blocked, id=131916, stack(0x000000b259600000,0x000000b259700000)]
  0x000001e034192000 JavaThread "Unconstrained build operations Thread 22" [_thread_blocked, id=105556, stack(0x000000b259700000,0x000000b259800000)]
  0x000001e034195800 JavaThread "Unconstrained build operations Thread 23" [_thread_blocked, id=128276, stack(0x000000b259800000,0x000000b259900000)]
  0x000001e034194000 JavaThread "Unconstrained build operations Thread 24" [_thread_blocked, id=125160, stack(0x000000b259900000,0x000000b259a00000)]
  0x000001e034194800 JavaThread "Unconstrained build operations Thread 25" [_thread_blocked, id=120948, stack(0x000000b259a00000,0x000000b259b00000)]
  0x000001e034197000 JavaThread "Unconstrained build operations Thread 26" [_thread_blocked, id=127536, stack(0x000000b259b00000,0x000000b259c00000)]
  0x000001e034196800 JavaThread "Unconstrained build operations Thread 27" [_thread_blocked, id=129852, stack(0x000000b259c00000,0x000000b259d00000)]
  0x000001e034198000 JavaThread "Unconstrained build operations Thread 28" [_thread_blocked, id=126804, stack(0x000000b259d00000,0x000000b259e00000)]
  0x000001e034193000 JavaThread "Unconstrained build operations Thread 29" [_thread_blocked, id=128028, stack(0x000000b259e00000,0x000000b259f00000)]
  0x000001e0341fd800 JavaThread "Unconstrained build operations Thread 30" [_thread_blocked, id=121624, stack(0x000000b259f00000,0x000000b25a000000)]
  0x000001e0341fe000 JavaThread "Unconstrained build operations Thread 31" [_thread_blocked, id=131464, stack(0x000000b25a000000,0x000000b25a100000)]
  0x000001e0341fb800 JavaThread "Unconstrained build operations Thread 32" [_thread_blocked, id=130904, stack(0x000000b25a100000,0x000000b25a200000)]
  0x000001e0341ff000 JavaThread "Unconstrained build operations Thread 33" [_thread_blocked, id=124696, stack(0x000000b25a200000,0x000000b25a300000)]
  0x000001e0341f9800 JavaThread "Unconstrained build operations Thread 34" [_thread_blocked, id=125628, stack(0x000000b25a300000,0x000000b25a400000)]
  0x000001e034200000 JavaThread "Unconstrained build operations Thread 35" [_thread_blocked, id=120576, stack(0x000000b25a400000,0x000000b25a500000)]
  0x000001e0341fa000 JavaThread "Unconstrained build operations Thread 36" [_thread_blocked, id=103404, stack(0x000000b25a500000,0x000000b25a600000)]
  0x000001e0341fc800 JavaThread "Unconstrained build operations Thread 37" [_thread_blocked, id=131736, stack(0x000000b25a600000,0x000000b25a700000)]
  0x000001e034200800 JavaThread "Unconstrained build operations Thread 38" [_thread_blocked, id=131116, stack(0x000000b25a700000,0x000000b25a800000)]
  0x000001e0341fb000 JavaThread "Unconstrained build operations Thread 39" [_thread_blocked, id=131796, stack(0x000000b25a800000,0x000000b25a900000)]
  0x000001e034202000 JavaThread "Unconstrained build operations Thread 40" [_thread_blocked, id=129264, stack(0x000000b25a900000,0x000000b25aa00000)]
  0x000001e034207000 JavaThread "Unconstrained build operations Thread 41" [_thread_blocked, id=126524, stack(0x000000b25aa00000,0x000000b25ab00000)]
  0x000001e034203000 JavaThread "Unconstrained build operations Thread 42" [_thread_blocked, id=127372, stack(0x000000b25ab00000,0x000000b25ac00000)]
  0x000001e034201800 JavaThread "Unconstrained build operations Thread 43" [_thread_blocked, id=130064, stack(0x000000b25ac00000,0x000000b25ad00000)]
  0x000001e034206800 JavaThread "Unconstrained build operations Thread 44" [_thread_blocked, id=121560, stack(0x000000b25ad00000,0x000000b25ae00000)]
  0x000001e034208000 JavaThread "Unconstrained build operations Thread 45" [_thread_blocked, id=100364, stack(0x000000b25ae00000,0x000000b25af00000)]
  0x000001e034204000 JavaThread "Unconstrained build operations Thread 46" [_thread_blocked, id=126548, stack(0x000000b25af00000,0x000000b25b000000)]
  0x000001e034204800 JavaThread "Unconstrained build operations Thread 47" [_thread_blocked, id=126540, stack(0x000000b25b000000,0x000000b25b100000)]
  0x000001e034205800 JavaThread "Unconstrained build operations Thread 48" [_thread_blocked, id=118436, stack(0x000000b25b100000,0x000000b25b200000)]
  0x000001e03420d800 JavaThread "Unconstrained build operations Thread 49" [_thread_blocked, id=119368, stack(0x000000b25b200000,0x000000b25b300000)]
  0x000001e03420e000 JavaThread "Unconstrained build operations Thread 50" [_thread_blocked, id=131200, stack(0x000000b25b300000,0x000000b25b400000)]
  0x000001e034209800 JavaThread "Unconstrained build operations Thread 51" [_thread_blocked, id=124604, stack(0x000000b25b400000,0x000000b25b500000)]
  0x000001e03420b800 JavaThread "Unconstrained build operations Thread 52" [_thread_blocked, id=126160, stack(0x000000b25b500000,0x000000b25b600000)]
  0x000001e03420c800 JavaThread "Unconstrained build operations Thread 53" [_thread_blocked, id=121500, stack(0x000000b25b600000,0x000000b25b700000)]
  0x000001e03420b000 JavaThread "Unconstrained build operations Thread 54" [_thread_blocked, id=119668, stack(0x000000b25b700000,0x000000b25b800000)]
  0x000001e03420a000 JavaThread "Unconstrained build operations Thread 55" [_thread_blocked, id=130868, stack(0x000000b25b800000,0x000000b25b900000)]
  0x000001e034210800 JavaThread "Unconstrained build operations Thread 56" [_thread_blocked, id=106928, stack(0x000000b25b900000,0x000000b25ba00000)]
  0x000001e034211800 JavaThread "Unconstrained build operations Thread 57" [_thread_blocked, id=126740, stack(0x000000b25ba00000,0x000000b25bb00000)]
  0x000001e034212800 JavaThread "Unconstrained build operations Thread 58" [_thread_blocked, id=116888, stack(0x000000b25bb00000,0x000000b25bc00000)]
  0x000001e034210000 JavaThread "Unconstrained build operations Thread 59" [_thread_blocked, id=130748, stack(0x000000b25bc00000,0x000000b25bd00000)]
  0x000001e034213000 JavaThread "Unconstrained build operations Thread 60" [_thread_blocked, id=111540, stack(0x000000b25bd00000,0x000000b25be00000)]
  0x000001e034214000 JavaThread "Unconstrained build operations Thread 61" [_thread_blocked, id=131144, stack(0x000000b25be00000,0x000000b25bf00000)]
  0x000001e03420f000 JavaThread "Unconstrained build operations Thread 62" [_thread_blocked, id=122984, stack(0x000000b25bf00000,0x000000b25c000000)]
  0x000001e034214800 JavaThread "Unconstrained build operations Thread 63" [_thread_blocked, id=125436, stack(0x000000b25c000000,0x000000b25c100000)]
  0x000001e034215800 JavaThread "Unconstrained build operations Thread 64" [_thread_blocked, id=126072, stack(0x000000b25c100000,0x000000b25c200000)]
  0x000001e034216800 JavaThread "Unconstrained build operations Thread 65" [_thread_blocked, id=103256, stack(0x000000b25c200000,0x000000b25c300000)]
  0x000001e034217000 JavaThread "Unconstrained build operations Thread 66" [_thread_blocked, id=130664, stack(0x000000b25c300000,0x000000b25c400000)]
  0x000001e034218000 JavaThread "Unconstrained build operations Thread 67" [_thread_blocked, id=111124, stack(0x000000b25c400000,0x000000b25c500000)]
  0x000001e03435e000 JavaThread "Unconstrained build operations Thread 68" [_thread_blocked, id=123136, stack(0x000000b25c500000,0x000000b25c600000)]
  0x000001e03435e800 JavaThread "Unconstrained build operations Thread 69" [_thread_blocked, id=130536, stack(0x000000b25c600000,0x000000b25c700000)]
  0x000001e03435d000 JavaThread "Unconstrained build operations Thread 70" [_thread_blocked, id=131968, stack(0x000000b25c700000,0x000000b25c800000)]
  0x000001e03435f800 JavaThread "Unconstrained build operations Thread 71" [_thread_blocked, id=116724, stack(0x000000b25c800000,0x000000b25c900000)]
  0x000001e034360800 JavaThread "Unconstrained build operations Thread 72" [_thread_blocked, id=129596, stack(0x000000b25c900000,0x000000b25ca00000)]
  0x000001e034361000 JavaThread "Unconstrained build operations Thread 73" [_thread_blocked, id=124036, stack(0x000000b25ca00000,0x000000b25cb00000)]
  0x000001e034362000 JavaThread "Unconstrained build operations Thread 74" [_thread_blocked, id=116272, stack(0x000000b25cb00000,0x000000b25cc00000)]
  0x000001e03435c800 JavaThread "Unconstrained build operations Thread 75" [_thread_blocked, id=97980, stack(0x000000b25cc00000,0x000000b25cd00000)]
  0x000001e034367800 JavaThread "Unconstrained build operations Thread 76" [_thread_blocked, id=100116, stack(0x000000b25cd00000,0x000000b25ce00000)]
  0x000001e034366000 JavaThread "Unconstrained build operations Thread 77" [_thread_blocked, id=129552, stack(0x000000b25ce00000,0x000000b25cf00000)]
  0x000001e034365800 JavaThread "Unconstrained build operations Thread 78" [_thread_blocked, id=126880, stack(0x000000b25cf00000,0x000000b25d000000)]
  0x000001e034363000 JavaThread "Unconstrained build operations Thread 79" [_thread_blocked, id=112968, stack(0x000000b25d000000,0x000000b25d100000)]
  0x000001e034368800 JavaThread "Unconstrained build operations Thread 80" [_thread_blocked, id=88508, stack(0x000000b25d100000,0x000000b25d200000)]
  0x000001e034369800 JavaThread "Unconstrained build operations Thread 81" [_thread_blocked, id=130444, stack(0x000000b25d200000,0x000000b25d300000)]
  0x000001e034363800 JavaThread "Unconstrained build operations Thread 82" [_thread_blocked, id=127444, stack(0x000000b25d300000,0x000000b25d400000)]
  0x000001e034367000 JavaThread "Unconstrained build operations Thread 83" [_thread_blocked, id=114692, stack(0x000000b25d400000,0x000000b25d500000)]
  0x000001e03436a000 JavaThread "Unconstrained build operations Thread 84" [_thread_blocked, id=130432, stack(0x000000b25d500000,0x000000b25d600000)]
  0x000001e034364800 JavaThread "Unconstrained build operations Thread 85" [_thread_blocked, id=121336, stack(0x000000b25d600000,0x000000b25d700000)]
  0x000001e03436b000 JavaThread "Unconstrained build operations Thread 86" [_thread_blocked, id=95048, stack(0x000000b25d700000,0x000000b25d800000)]
  0x000001e034590000 JavaThread "Unconstrained build operations Thread 87" [_thread_blocked, id=120808, stack(0x000000b25d800000,0x000000b25d900000)]
  0x000001e034592000 JavaThread "Unconstrained build operations Thread 88" [_thread_blocked, id=101264, stack(0x000000b25d900000,0x000000b25da00000)]
  0x000001e034590800 JavaThread "Unconstrained build operations Thread 89" [_thread_blocked, id=108072, stack(0x000000b25da00000,0x000000b25db00000)]
  0x000001e03458f000 JavaThread "Unconstrained build operations Thread 90" [_thread_blocked, id=111644, stack(0x000000b25db00000,0x000000b25dc00000)]
  0x000001e034593000 JavaThread "Unconstrained build operations Thread 91" [_thread_blocked, id=118728, stack(0x000000b25dc00000,0x000000b25dd00000)]
  0x000001e034591800 JavaThread "Unconstrained build operations Thread 92" [_thread_blocked, id=128684, stack(0x000000b25dd00000,0x000000b25de00000)]
  0x000001e034594000 JavaThread "Unconstrained build operations Thread 93" [_thread_blocked, id=129796, stack(0x000000b25de00000,0x000000b25df00000)]
  0x000001e03458e000 JavaThread "Unconstrained build operations Thread 94" [_thread_blocked, id=131620, stack(0x000000b25df00000,0x000000b25e000000)]
  0x000001e034595800 JavaThread "Unconstrained build operations Thread 95" [_thread_blocked, id=100428, stack(0x000000b25e000000,0x000000b25e100000)]
  0x000001e034594800 JavaThread "Unconstrained build operations Thread 96" [_thread_blocked, id=51112, stack(0x000000b25e100000,0x000000b25e200000)]
  0x000001e03459b000 JavaThread "Unconstrained build operations Thread 97" [_thread_blocked, id=126812, stack(0x000000b25e200000,0x000000b25e300000)]
  0x000001e034599800 JavaThread "Unconstrained build operations Thread 98" [_thread_blocked, id=129292, stack(0x000000b25e300000,0x000000b25e400000)]
  0x000001e034597000 JavaThread "Unconstrained build operations Thread 99" [_thread_blocked, id=122956, stack(0x000000b25e400000,0x000000b25e500000)]
  0x000001e03459a800 JavaThread "Unconstrained build operations Thread 100" [_thread_blocked, id=120924, stack(0x000000b25e500000,0x000000b25e600000)]
  0x000001e03459c000 JavaThread "Unconstrained build operations Thread 101" [_thread_blocked, id=129088, stack(0x000000b25e600000,0x000000b25e700000)]
  0x000001e034596800 JavaThread "Unconstrained build operations Thread 102" [_thread_blocked, id=129908, stack(0x000000b25e700000,0x000000b25e800000)]
  0x000001e03459d000 JavaThread "Unconstrained build operations Thread 103" [_thread_blocked, id=122184, stack(0x000000b25e800000,0x000000b25e900000)]
  0x000001e034599000 JavaThread "Unconstrained build operations Thread 104" [_thread_blocked, id=123712, stack(0x000000b25e900000,0x000000b25ea00000)]
  0x000001e034598000 JavaThread "Unconstrained build operations Thread 105" [_thread_blocked, id=120956, stack(0x000000b25ea00000,0x000000b25eb00000)]
  0x000001e034633800 JavaThread "Unconstrained build operations Thread 106" [_thread_blocked, id=127304, stack(0x000000b25eb00000,0x000000b25ec00000)]
  0x000001e034632800 JavaThread "Unconstrained build operations Thread 107" [_thread_blocked, id=120356, stack(0x000000b25ec00000,0x000000b25ed00000)]
  0x000001e034634000 JavaThread "Unconstrained build operations Thread 108" [_thread_blocked, id=102876, stack(0x000000b25ed00000,0x000000b25ee00000)]
  0x000001e034635000 JavaThread "Unconstrained build operations Thread 109" [_thread_blocked, id=129220, stack(0x000000b25ee00000,0x000000b25ef00000)]
  0x000001e034636000 JavaThread "Unconstrained build operations Thread 110" [_thread_blocked, id=96160, stack(0x000000b25ef00000,0x000000b25f000000)]
  0x000001e034636800 JavaThread "Unconstrained build operations Thread 111" [_thread_blocked, id=128808, stack(0x000000b25f000000,0x000000b25f100000)]
  0x000001e034637800 JavaThread "Unconstrained build operations Thread 112" [_thread_blocked, id=109924, stack(0x000000b25f100000,0x000000b25f200000)]
  0x000001e034631800 JavaThread "Unconstrained build operations Thread 113" [_thread_blocked, id=102184, stack(0x000000b25f200000,0x000000b25f300000)]
  0x000001e03463a800 JavaThread "Unconstrained build operations Thread 114" [_thread_blocked, id=129808, stack(0x000000b25f300000,0x000000b25f400000)]
  0x000001e034638800 JavaThread "Unconstrained build operations Thread 115" [_thread_blocked, id=131348, stack(0x000000b25f400000,0x000000b25f500000)]
  0x000001e03463b800 JavaThread "Unconstrained build operations Thread 116" [_thread_blocked, id=126644, stack(0x000000b25f500000,0x000000b25f600000)]
  0x000001e03463a000 JavaThread "Unconstrained build operations Thread 117" [_thread_blocked, id=123720, stack(0x000000b25f600000,0x000000b25f700000)]
  0x000001e03463c800 JavaThread "Unconstrained build operations Thread 118" [_thread_blocked, id=123560, stack(0x000000b25f700000,0x000000b25f800000)]
  0x000001e03463f000 JavaThread "Unconstrained build operations Thread 119" [_thread_blocked, id=130972, stack(0x000000b25f800000,0x000000b25f900000)]
  0x000001e034639000 JavaThread "Unconstrained build operations Thread 120" [_thread_blocked, id=126384, stack(0x000000b25f900000,0x000000b25fa00000)]
  0x000001e034640800 JavaThread "jar transforms Thread 4" [_thread_blocked, id=129824, stack(0x000000b25fa00000,0x000000b25fb00000)]
  0x000001e03463d000 JavaThread "jar transforms Thread 5" [_thread_blocked, id=131328, stack(0x000000b25fb00000,0x000000b25fc00000)]
  0x000001e03463f800 JavaThread "jar transforms Thread 6" [_thread_blocked, id=129412, stack(0x000000b25fc00000,0x000000b25fd00000)]
  0x000001e03463e000 JavaThread "jar transforms Thread 7" [_thread_blocked, id=114212, stack(0x000000b25fd00000,0x000000b25fe00000)]
  0x000001e0345a3000 JavaThread "jar transforms Thread 8" [_thread_blocked, id=115468, stack(0x000000b25fe00000,0x000000b25ff00000)]
  0x000001e0345a2000 JavaThread "jar transforms Thread 9" [_thread_blocked, id=131500, stack(0x000000b25ff00000,0x000000b260000000)]
  0x000001e03459e000 JavaThread "jar transforms Thread 10" [_thread_blocked, id=104116, stack(0x000000b260000000,0x000000b260100000)]
  0x000001e0345a0800 JavaThread "jar transforms Thread 11" [_thread_blocked, id=110512, stack(0x000000b260100000,0x000000b260200000)]
  0x000001e03459f000 JavaThread "jar transforms Thread 12" [_thread_blocked, id=125904, stack(0x000000b260200000,0x000000b260300000)]
  0x000001e0345a1800 JavaThread "Memory manager" [_thread_blocked, id=110820, stack(0x000000b260300000,0x000000b260400000)]

Other Threads:
=>0x000001e02f4db800 VMThread "VM Thread" [stack: 0x000000b255200000,0x000000b255300000] [id=95488]
  0x000001e030004000 WatcherThread [stack: 0x000000b255c00000,0x000000b255d00000] [id=110064]
  0x000001e014c18800 GCTaskThread "GC Thread#0" [stack: 0x000000b254d00000,0x000000b254e00000] [id=105380]
  0x000001e030b15000 GCTaskThread "GC Thread#1" [stack: 0x000000b255d00000,0x000000b255e00000] [id=128996]
  0x000001e032145000 GCTaskThread "GC Thread#2" [stack: 0x000000b256900000,0x000000b256a00000] [id=127392]
  0x000001e031fba800 GCTaskThread "GC Thread#3" [stack: 0x000000b256a00000,0x000000b256b00000] [id=129336]
  0x000001e031743800 GCTaskThread "GC Thread#4" [stack: 0x000000b256b00000,0x000000b256c00000] [id=114712]
  0x000001e0320e4800 GCTaskThread "GC Thread#5" [stack: 0x000000b256c00000,0x000000b256d00000] [id=124076]
  0x000001e032199000 GCTaskThread "GC Thread#6" [stack: 0x000000b256d00000,0x000000b256e00000] [id=119152]
  0x000001e031e72800 GCTaskThread "GC Thread#7" [stack: 0x000000b256e00000,0x000000b256f00000] [id=115156]
  0x000001e03172f000 GCTaskThread "GC Thread#8" [stack: 0x000000b256f00000,0x000000b257000000] [id=129520]
  0x000001e03172f800 GCTaskThread "GC Thread#9" [stack: 0x000000b257000000,0x000000b257100000] [id=130724]
  0x000001e014c49800 ConcurrentGCThread "G1 Main Marker" [stack: 0x000000b254e00000,0x000000b254f00000] [id=97912]
  0x000001e014c4b800 ConcurrentGCThread "G1 Conc#0" [stack: 0x000000b254f00000,0x000000b255000000] [id=83388]
  0x000001e032051800 ConcurrentGCThread "G1 Conc#1" [stack: 0x000000b257300000,0x000000b257400000] [id=130984]
  0x000001e0320a6000 ConcurrentGCThread "G1 Conc#2" [stack: 0x000000b257400000,0x000000b257500000] [id=106420]
  0x000001e014cd9800 ConcurrentGCThread "G1 Refine#0" [stack: 0x000000b255000000,0x000000b255100000] [id=129992]
  0x000001e014cdc800 ConcurrentGCThread "G1 Young RemSet Sampling" [stack: 0x000000b255100000,0x000000b255200000] [id=130348]

Threads with active compile tasks:
C2 CompilerThread0  13825 8078 %     4       org.gradle.internal.instantiation.generator.AbstractClassGenerator::inspectType @ 107 (560 bytes)

VM state:at safepoint (normal execution)

VM Mutex/Monitor currently owned by a thread:  ([mutex/lock_event])
[0x000001e012a2b890] Threads_lock - owner thread: 0x000001e02f4db800
[0x000001e012a2a210] Heap_lock - owner thread: 0x000001e030300000

Heap address: 0x0000000080000000, size: 2048 MB, Compressed Oops mode: 32-bit
Narrow klass base: 0x0000000000000000, Narrow klass shift: 3
Compressed class space size: 1073741824 Address: 0x0000000100000000

Heap:
 garbage-first heap   total 115712K, used 64826K [0x0000000080000000, 0x0000000100000000)
  region size 1024K, 3 young (3072K), 3 survivors (3072K)
 Metaspace       used 79266K, capacity 81204K, committed 81488K, reserved 1120256K
  class space    used 10156K, capacity 10888K, committed 11008K, reserved 1048576K
Heap Regions: E=young(eden), S=young(survivor), O=old, HS=humongous(starts), HC=humongous(continues), CS=collection set, F=free, A=archive, TAMS=top-at-mark-start (previous, next)
|   0|0x0000000080000000, 0x0000000080100000, 0x0000000080100000|100%| O|  |TAMS 0x0000000080100000, 0x0000000080000000| Untracked 
|   1|0x0000000080100000, 0x0000000080200000, 0x0000000080200000|100%| O|  |TAMS 0x0000000080200000, 0x0000000080100000| Untracked 
|   2|0x0000000080200000, 0x0000000080300000, 0x0000000080300000|100%| O|  |TAMS 0x0000000080300000, 0x0000000080200000| Untracked 
|   3|0x0000000080300000, 0x0000000080400000, 0x0000000080400000|100%|HS|  |TAMS 0x0000000080400000, 0x0000000080300000| Complete 
|   4|0x0000000080400000, 0x0000000080500000, 0x0000000080500000|100%|HC|  |TAMS 0x0000000080500000, 0x0000000080400000| Complete 
|   5|0x0000000080500000, 0x0000000080600000, 0x0000000080600000|100%|HC|  |TAMS 0x0000000080600000, 0x0000000080500000| Complete 
|   6|0x0000000080600000, 0x0000000080700000, 0x0000000080700000|100%| O|  |TAMS 0x0000000080700000, 0x0000000080600000| Untracked 
|   7|0x0000000080700000, 0x0000000080800000, 0x0000000080800000|100%| O|  |TAMS 0x0000000080800000, 0x0000000080700000| Untracked 
|   8|0x0000000080800000, 0x0000000080900000, 0x0000000080900000|100%| O|  |TAMS 0x0000000080900000, 0x0000000080800000| Untracked 
|   9|0x0000000080900000, 0x0000000080a00000, 0x0000000080a00000|100%| O|  |TAMS 0x0000000080a00000, 0x0000000080900000| Untracked 
|  10|0x0000000080a00000, 0x0000000080b00000, 0x0000000080b00000|100%| O|  |TAMS 0x0000000080b00000, 0x0000000080a00000| Untracked 
|  11|0x0000000080b00000, 0x0000000080c00000, 0x0000000080c00000|100%| O|  |TAMS 0x0000000080c00000, 0x0000000080b00000| Untracked 
|  12|0x0000000080c00000, 0x0000000080d00000, 0x0000000080d00000|100%| O|  |TAMS 0x0000000080d00000, 0x0000000080c00000| Untracked 
|  13|0x0000000080d00000, 0x0000000080e00000, 0x0000000080e00000|100%| O|  |TAMS 0x0000000080e00000, 0x0000000080d00000| Untracked 
|  14|0x0000000080e00000, 0x0000000080f00000, 0x0000000080f00000|100%| O|  |TAMS 0x0000000080f00000, 0x0000000080e00000| Untracked 
|  15|0x0000000080f00000, 0x0000000081000000, 0x0000000081000000|100%| O|  |TAMS 0x0000000081000000, 0x0000000080f00000| Untracked 
|  16|0x0000000081000000, 0x0000000081100000, 0x0000000081100000|100%| O|  |TAMS 0x0000000081100000, 0x0000000081000000| Untracked 
|  17|0x0000000081100000, 0x0000000081200000, 0x0000000081200000|100%| O|  |TAMS 0x0000000081200000, 0x0000000081100000| Untracked 
|  18|0x0000000081200000, 0x0000000081300000, 0x0000000081300000|100%| O|  |TAMS 0x0000000081300000, 0x0000000081200000| Untracked 
|  19|0x0000000081300000, 0x0000000081400000, 0x0000000081400000|100%| O|  |TAMS 0x0000000081400000, 0x0000000081300000| Untracked 
|  20|0x0000000081400000, 0x0000000081500000, 0x0000000081500000|100%| O|  |TAMS 0x0000000081500000, 0x0000000081400000| Untracked 
|  21|0x0000000081500000, 0x0000000081600000, 0x0000000081600000|100%| O|  |TAMS 0x0000000081600000, 0x0000000081500000| Untracked 
|  22|0x0000000081600000, 0x0000000081700000, 0x0000000081700000|100%| O|  |TAMS 0x0000000081700000, 0x0000000081600000| Untracked 
|  23|0x0000000081700000, 0x0000000081800000, 0x0000000081800000|100%| O|  |TAMS 0x0000000081800000, 0x0000000081700000| Untracked 
|  24|0x0000000081800000, 0x0000000081900000, 0x0000000081900000|100%| O|  |TAMS 0x0000000081900000, 0x0000000081800000| Untracked 
|  25|0x0000000081900000, 0x0000000081a00000, 0x0000000081a00000|100%| O|  |TAMS 0x0000000081a00000, 0x0000000081900000| Untracked 
|  26|0x0000000081a00000, 0x0000000081b00000, 0x0000000081b00000|100%| O|  |TAMS 0x0000000081b00000, 0x0000000081a00000| Untracked 
|  27|0x0000000081b00000, 0x0000000081c00000, 0x0000000081c00000|100%| O|  |TAMS 0x0000000081c00000, 0x0000000081b00000| Untracked 
|  28|0x0000000081c00000, 0x0000000081d00000, 0x0000000081d00000|100%|HS|  |TAMS 0x0000000081d00000, 0x0000000081c00000| Complete 
|  29|0x0000000081d00000, 0x0000000081e00000, 0x0000000081e00000|100%|HS|  |TAMS 0x0000000081e00000, 0x0000000081d00000| Complete 
|  30|0x0000000081e00000, 0x0000000081f00000, 0x0000000081f00000|100%|HS|  |TAMS 0x0000000081f00000, 0x0000000081e00000| Complete 
|  31|0x0000000081f00000, 0x0000000082000000, 0x0000000082000000|100%|HS|  |TAMS 0x0000000082000000, 0x0000000081f00000| Complete 
|  32|0x0000000082000000, 0x0000000082100000, 0x0000000082100000|100%|HC|  |TAMS 0x0000000082100000, 0x0000000082000000| Complete 
|  33|0x0000000082100000, 0x0000000082200000, 0x0000000082200000|100%| O|  |TAMS 0x0000000082200000, 0x0000000082100000| Untracked 
|  34|0x0000000082200000, 0x0000000082300000, 0x0000000082300000|100%| O|  |TAMS 0x0000000082300000, 0x0000000082200000| Untracked 
|  35|0x0000000082300000, 0x0000000082400000, 0x0000000082400000|100%| O|  |TAMS 0x0000000082400000, 0x0000000082300000| Untracked 
|  36|0x0000000082400000, 0x0000000082500000, 0x0000000082500000|100%| O|  |TAMS 0x0000000082500000, 0x0000000082400000| Untracked 
|  37|0x0000000082500000, 0x0000000082600000, 0x0000000082600000|100%| O|  |TAMS 0x0000000082600000, 0x0000000082500000| Untracked 
|  38|0x0000000082600000, 0x0000000082700000, 0x0000000082700000|100%| O|  |TAMS 0x0000000082700000, 0x0000000082600000| Untracked 
|  39|0x0000000082700000, 0x0000000082800000, 0x0000000082800000|100%| O|  |TAMS 0x0000000082800000, 0x0000000082700000| Untracked 
|  40|0x0000000082800000, 0x0000000082900000, 0x0000000082900000|100%| O|  |TAMS 0x0000000082900000, 0x0000000082800000| Untracked 
|  41|0x0000000082900000, 0x0000000082a00000, 0x0000000082a00000|100%| O|  |TAMS 0x0000000082a00000, 0x0000000082900000| Untracked 
|  42|0x0000000082a00000, 0x0000000082b00000, 0x0000000082b00000|100%| O|  |TAMS 0x0000000082b00000, 0x0000000082a00000| Untracked 
|  43|0x0000000082b00000, 0x0000000082c00000, 0x0000000082c00000|100%| O|  |TAMS 0x0000000082c00000, 0x0000000082b00000| Untracked 
|  44|0x0000000082c00000, 0x0000000082d00000, 0x0000000082d00000|100%| O|  |TAMS 0x0000000082d00000, 0x0000000082c00000| Untracked 
|  45|0x0000000082d00000, 0x0000000082e00000, 0x0000000082e00000|100%| O|  |TAMS 0x0000000082e00000, 0x0000000082d00000| Untracked 
|  46|0x0000000082e00000, 0x0000000082f00000, 0x0000000082f00000|100%| O|  |TAMS 0x0000000082f00000, 0x0000000082e00000| Untracked 
|  47|0x0000000082f00000, 0x0000000083000000, 0x0000000083000000|100%| O|  |TAMS 0x0000000083000000, 0x0000000082f00000| Untracked 
|  48|0x0000000083000000, 0x0000000083100000, 0x0000000083100000|100%| O|  |TAMS 0x0000000083100000, 0x0000000083000000| Untracked 
|  49|0x0000000083100000, 0x0000000083200000, 0x0000000083200000|100%| O|  |TAMS 0x0000000083200000, 0x0000000083100000| Untracked 
|  50|0x0000000083200000, 0x0000000083300000, 0x0000000083300000|100%| O|  |TAMS 0x0000000083300000, 0x0000000083200000| Untracked 
|  51|0x0000000083300000, 0x0000000083400000, 0x0000000083400000|100%| O|  |TAMS 0x0000000083400000, 0x0000000083300000| Untracked 
|  52|0x0000000083400000, 0x0000000083500000, 0x0000000083500000|100%| O|  |TAMS 0x0000000083500000, 0x0000000083400000| Untracked 
|  53|0x0000000083500000, 0x0000000083600000, 0x0000000083600000|100%| O|  |TAMS 0x0000000083600000, 0x0000000083500000| Untracked 
|  54|0x0000000083600000, 0x0000000083700000, 0x0000000083700000|100%| O|  |TAMS 0x0000000083700000, 0x0000000083600000| Untracked 
|  55|0x0000000083700000, 0x0000000083800000, 0x0000000083800000|100%| O|  |TAMS 0x0000000083800000, 0x0000000083700000| Untracked 
|  56|0x0000000083800000, 0x0000000083900000, 0x0000000083900000|100%| O|  |TAMS 0x0000000083900000, 0x0000000083800000| Untracked 
|  57|0x0000000083900000, 0x0000000083a00000, 0x0000000083a00000|100%| O|  |TAMS 0x0000000083a00000, 0x0000000083900000| Untracked 
|  58|0x0000000083a00000, 0x0000000083b00000, 0x0000000083b00000|100%| O|  |TAMS 0x0000000083b00000, 0x0000000083a00000| Untracked 
|  59|0x0000000083b00000, 0x0000000083c00000, 0x0000000083c00000|100%| O|  |TAMS 0x0000000083bc2a00, 0x0000000083b00000| Untracked 
|  60|0x0000000083c00000, 0x0000000083cf8a00, 0x0000000083d00000| 97%| O|  |TAMS 0x0000000083c00000, 0x0000000083c00000| Untracked 
|  61|0x0000000083d00000, 0x0000000083d00000, 0x0000000083e00000|  0%| F|  |TAMS 0x0000000083d00000, 0x0000000083d00000| Untracked 
|  62|0x0000000083e00000, 0x0000000083e00000, 0x0000000083f00000|  0%| F|  |TAMS 0x0000000083e00000, 0x0000000083e00000| Untracked 
|  63|0x0000000083f00000, 0x0000000083f00000, 0x0000000084000000|  0%| F|  |TAMS 0x0000000083f00000, 0x0000000083f00000| Untracked 
|  64|0x0000000084000000, 0x0000000084000000, 0x0000000084100000|  0%| F|  |TAMS 0x0000000084000000, 0x0000000084000000| Untracked 
|  65|0x0000000084100000, 0x0000000084100000, 0x0000000084200000|  0%| F|  |TAMS 0x0000000084100000, 0x0000000084100000| Untracked 
|  66|0x0000000084200000, 0x0000000084200000, 0x0000000084300000|  0%| F|  |TAMS 0x0000000084200000, 0x0000000084200000| Untracked 
|  67|0x0000000084300000, 0x0000000084300000, 0x0000000084400000|  0%| F|  |TAMS 0x0000000084300000, 0x0000000084300000| Untracked 
|  68|0x0000000084400000, 0x0000000084400000, 0x0000000084500000|  0%| F|  |TAMS 0x0000000084400000, 0x0000000084400000| Untracked 
|  69|0x0000000084500000, 0x0000000084500000, 0x0000000084600000|  0%| F|  |TAMS 0x0000000084500000, 0x0000000084500000| Untracked 
|  70|0x0000000084600000, 0x0000000084600000, 0x0000000084700000|  0%| F|  |TAMS 0x0000000084600000, 0x0000000084600000| Untracked 
|  71|0x0000000084700000, 0x0000000084756040, 0x0000000084800000| 33%| S|CS|TAMS 0x0000000084700000, 0x0000000084700000| Complete 
|  72|0x0000000084800000, 0x0000000084900000, 0x0000000084900000|100%| S|CS|TAMS 0x0000000084800000, 0x0000000084800000| Complete 
|  73|0x0000000084900000, 0x0000000084a00000, 0x0000000084a00000|100%| S|CS|TAMS 0x0000000084900000, 0x0000000084900000| Complete 
|  74|0x0000000084a00000, 0x0000000084a00000, 0x0000000084b00000|  0%| F|  |TAMS 0x0000000084a00000, 0x0000000084a00000| Untracked 
|  75|0x0000000084b00000, 0x0000000084b00000, 0x0000000084c00000|  0%| F|  |TAMS 0x0000000084b00000, 0x0000000084b00000| Untracked 
|  76|0x0000000084c00000, 0x0000000084c00000, 0x0000000084d00000|  0%| F|  |TAMS 0x0000000084c00000, 0x0000000084c00000| Untracked 
|  77|0x0000000084d00000, 0x0000000084d00000, 0x0000000084e00000|  0%| F|  |TAMS 0x0000000084d00000, 0x0000000084d00000| Untracked 
|  78|0x0000000084e00000, 0x0000000084e00000, 0x0000000084f00000|  0%| F|  |TAMS 0x0000000084e00000, 0x0000000084e00000| Untracked 
|  79|0x0000000084f00000, 0x0000000084f00000, 0x0000000085000000|  0%| F|  |TAMS 0x0000000084f00000, 0x0000000084f00000| Untracked 
|  80|0x0000000085000000, 0x0000000085000000, 0x0000000085100000|  0%| F|  |TAMS 0x0000000085000000, 0x0000000085000000| Untracked 
|  81|0x0000000085100000, 0x0000000085100000, 0x0000000085200000|  0%| F|  |TAMS 0x0000000085100000, 0x0000000085100000| Untracked 
|  82|0x0000000085200000, 0x0000000085200000, 0x0000000085300000|  0%| F|  |TAMS 0x0000000085200000, 0x0000000085200000| Untracked 
|  83|0x0000000085300000, 0x0000000085300000, 0x0000000085400000|  0%| F|  |TAMS 0x0000000085300000, 0x0000000085300000| Untracked 
|  84|0x0000000085400000, 0x0000000085400000, 0x0000000085500000|  0%| F|  |TAMS 0x0000000085400000, 0x0000000085400000| Untracked 
|  85|0x0000000085500000, 0x0000000085500000, 0x0000000085600000|  0%| F|  |TAMS 0x0000000085500000, 0x0000000085500000| Untracked 
|  86|0x0000000085600000, 0x0000000085600000, 0x0000000085700000|  0%| F|  |TAMS 0x0000000085600000, 0x0000000085600000| Untracked 
|  87|0x0000000085700000, 0x0000000085700000, 0x0000000085800000|  0%| F|  |TAMS 0x0000000085700000, 0x0000000085700000| Untracked 
|  88|0x0000000085800000, 0x0000000085800000, 0x0000000085900000|  0%| F|  |TAMS 0x0000000085800000, 0x0000000085800000| Untracked 
|  89|0x0000000085900000, 0x0000000085900000, 0x0000000085a00000|  0%| F|  |TAMS 0x0000000085900000, 0x0000000085900000| Untracked 
|  90|0x0000000085a00000, 0x0000000085a00000, 0x0000000085b00000|  0%| F|  |TAMS 0x0000000085a00000, 0x0000000085a00000| Untracked 
|  91|0x0000000085b00000, 0x0000000085b00000, 0x0000000085c00000|  0%| F|  |TAMS 0x0000000085b00000, 0x0000000085b00000| Untracked 
|  92|0x0000000085c00000, 0x0000000085c00000, 0x0000000085d00000|  0%| F|  |TAMS 0x0000000085c00000, 0x0000000085c00000| Untracked 
|  93|0x0000000085d00000, 0x0000000085d00000, 0x0000000085e00000|  0%| F|  |TAMS 0x0000000085d00000, 0x0000000085d00000| Untracked 

Card table byte_map: [0x000001e028080000,0x000001e028480000] _byte_map_base: 0x000001e027c80000

Marking Bits (Prev, Next): (CMBitMap*) 0x000001e014c40bb8, (CMBitMap*) 0x000001e014c40bf0
 Prev Bits: [0x000001e028880000, 0x000001e02a880000)
 Next Bits: [0x000001e02a880000, 0x000001e02c880000)

Polling page: 0x000001e012ba0000

Metaspace:

Usage:
  Non-class:     68.67 MB capacity,    67.49 MB ( 98%) used,  1006.88 KB (  1%) free+waste,   199.25 KB ( <1%) overhead. 
      Class:     10.63 MB capacity,     9.92 MB ( 93%) used,   639.61 KB (  6%) free+waste,    91.94 KB ( <1%) overhead. 
       Both:     79.30 MB capacity,    77.41 MB ( 98%) used,     1.61 MB (  2%) free+waste,   291.19 KB ( <1%) overhead. 

Virtual space:
  Non-class space:       70.00 MB reserved,      68.83 MB ( 98%) committed 
      Class space:        1.00 GB reserved,      10.75 MB (  1%) committed 
             Both:        1.07 GB reserved,      79.58 MB (  7%) committed 

Chunk freelists:
   Non-Class:  36.00 KB
       Class:  0 bytes
        Both:  36.00 KB

MaxMetaspaceSize: 17179869184.00 GB
CompressedClassSpaceSize: 1.00 GB
Initial GC threshold: 20.80 MB
Current GC threshold: 130.55 MB
CDS: off

CodeHeap 'non-profiled nmethods': size=120000Kb used=3994Kb max_used=3994Kb free=116005Kb
 bounds [0x000001e0201f0000, 0x000001e0205e0000, 0x000001e027720000]
CodeHeap 'profiled nmethods': size=120000Kb used=17215Kb max_used=17215Kb free=102784Kb
 bounds [0x000001e018cc0000, 0x000001e019d90000, 0x000001e0201f0000]
CodeHeap 'non-nmethods': size=5760Kb used=2359Kb max_used=2398Kb free=3400Kb
 bounds [0x000001e018720000, 0x000001e018990000, 0x000001e018cc0000]
 total_blobs=8942 nmethods=8063 adapters=791
 compilation: enabled
              stopped_count=0, restarted_count=0
 full_count=0

Compilation events (20 events):
Event: 13.769 Thread 0x000001e02fe7a800 8157   !   3       java.lang.invoke.MethodHandles$Lookup::defineClass (293 bytes)
Event: 13.771 Thread 0x000001e02fe7a800 nmethod 8157 0x000001e019d84110 code [0x000001e019d84600, 0x000001e019d86c88]
Event: 13.771 Thread 0x000001e02fe7a800 8158       3       org.apache.commons.io.FilenameUtils::doNormalize (534 bytes)
Event: 13.772 Thread 0x000001e02fe7a800 nmethod 8158 0x000001e019d87c90 code [0x000001e019d88000, 0x000001e019d89808]
Event: 13.772 Thread 0x000001e02fe7a800 8159       3       java.lang.StringLatin1::lastIndexOf (125 bytes)
Event: 13.772 Thread 0x000001e02fe7a800 nmethod 8159 0x000001e019d8a090 code [0x000001e019d8a280, 0x000001e019d8a6f8]
Event: 13.775 Thread 0x000001e02fe7a800 8160       3       java.util.HashMap$TreeNode::find (172 bytes)
Event: 13.776 Thread 0x000001e02fe7a800 nmethod 8160 0x000001e019d8a990 code [0x000001e019d8abe0, 0x000001e019d8b5d8]
Event: 13.776 Thread 0x000001e02fe7a800 8161   !   3       com.sun.proxy.$Proxy34::annotationType (29 bytes)
Event: 13.776 Thread 0x000001e02fe7a800 nmethod 8161 0x000001e019d8b910 code [0x000001e019d8bb00, 0x000001e019d8bed8]
Event: 13.778 Thread 0x000001e02fe7a800 8162   !   3       org.gradle.cache.internal.DefaultCrossBuildInMemoryCacheFactory$AbstractCrossBuildInMemoryCache::put (38 bytes)
Event: 13.778 Thread 0x000001e02fe7a800 nmethod 8162 0x000001e019d8c090 code [0x000001e019d8c260, 0x000001e019d8c6b8]
Event: 13.786 Thread 0x000001e02fe7a800 8163       3       com.sun.proxy.$Proxy16::<init> (6 bytes)
Event: 13.786 Thread 0x000001e02fe7a800 nmethod 8163 0x000001e019d8c890 code [0x000001e019d8ca60, 0x000001e019d8cde8]
Event: 13.790 Thread 0x000001e02fe7a800 8166       3       java.lang.invoke.InvokerBytecodeGenerator::cpPatches (121 bytes)
Event: 13.792 Thread 0x000001e02fe7a800 nmethod 8166 0x000001e019d8cf90 code [0x000001e019d8d320, 0x000001e019d8ea78]
Event: 13.792 Thread 0x000001e02fe7a800 8165       3       java.lang.invoke.InvokerBytecodeGenerator::maybeDump (33 bytes)
Event: 13.792 Thread 0x000001e02fe7a800 nmethod 8165 0x000001e019d8f310 code [0x000001e019d8f4c0, 0x000001e019d8f5d8]
Event: 13.792 Thread 0x000001e02fe7a800 8167   !   3       java.lang.invoke.InvokerBytecodeGenerator::resolveInvokerMember (41 bytes)
Event: 13.793 Thread 0x000001e02fe7a800 nmethod 8167 0x000001e019d8f690 code [0x000001e019d8f880, 0x000001e019d8fbc8]

GC Heap History (20 events):
Event: 11.068 GC heap after
{Heap after GC invocations=22 (full 0):
 garbage-first heap   total 96256K, used 50131K [0x0000000080000000, 0x0000000100000000)
  region size 1024K, 3 young (3072K), 3 survivors (3072K)
 Metaspace       used 63227K, capacity 64894K, committed 65232K, reserved 1105920K
  class space    used 7894K, capacity 8490K, committed 8576K, reserved 1048576K
}
Event: 11.489 GC heap before
{Heap before GC invocations=23 (full 0):
 garbage-first heap   total 96256K, used 77779K [0x0000000080000000, 0x0000000100000000)
  region size 1024K, 31 young (31744K), 3 survivors (3072K)
 Metaspace       used 66848K, capacity 68603K, committed 68816K, reserved 1110016K
  class space    used 8360K, capacity 9002K, committed 9088K, reserved 1048576K
}
Event: 11.493 GC heap after
{Heap after GC invocations=24 (full 0):
 garbage-first heap   total 96256K, used 54303K [0x0000000080000000, 0x0000000100000000)
  region size 1024K, 4 young (4096K), 4 survivors (4096K)
 Metaspace       used 66848K, capacity 68603K, committed 68816K, reserved 1110016K
  class space    used 8360K, capacity 9002K, committed 9088K, reserved 1048576K
}
Event: 11.902 GC heap before
{Heap before GC invocations=24 (full 0):
 garbage-first heap   total 96256K, used 77855K [0x0000000080000000, 0x0000000100000000)
  region size 1024K, 27 young (27648K), 4 survivors (4096K)
 Metaspace       used 69037K, capacity 70842K, committed 71120K, reserved 1112064K
  class space    used 8621K, capacity 9296K, committed 9344K, reserved 1048576K
}
Event: 11.908 GC heap after
{Heap after GC invocations=25 (full 0):
 garbage-first heap   total 96256K, used 55479K [0x0000000080000000, 0x0000000100000000)
  region size 1024K, 2 young (2048K), 2 survivors (2048K)
 Metaspace       used 69037K, capacity 70842K, committed 71120K, reserved 1112064K
  class space    used 8621K, capacity 9296K, committed 9344K, reserved 1048576K
}
Event: 12.134 GC heap before
{Heap before GC invocations=26 (full 0):
 garbage-first heap   total 96256K, used 69815K [0x0000000080000000, 0x0000000100000000)
  region size 1024K, 18 young (18432K), 2 survivors (2048K)
 Metaspace       used 70272K, capacity 71986K, committed 72272K, reserved 1112064K
  class space    used 8779K, capacity 9398K, committed 9472K, reserved 1048576K
}
Event: 12.137 GC heap after
{Heap after GC invocations=27 (full 0):
 garbage-first heap   total 96256K, used 56450K [0x0000000080000000, 0x0000000100000000)
  region size 1024K, 3 young (3072K), 3 survivors (3072K)
 Metaspace       used 70272K, capacity 71986K, committed 72272K, reserved 1112064K
  class space    used 8779K, capacity 9398K, committed 9472K, reserved 1048576K
}
Event: 12.351 GC heap before
{Heap before GC invocations=28 (full 0):
 garbage-first heap   total 96256K, used 77954K [0x0000000080000000, 0x0000000100000000)
  region size 1024K, 23 young (23552K), 3 survivors (3072K)
 Metaspace       used 71087K, capacity 72896K, committed 73168K, reserved 1114112K
  class space    used 8907K, capacity 9569K, committed 9600K, reserved 1048576K
}
Event: 12.354 GC heap after
{Heap after GC invocations=29 (full 0):
 garbage-first heap   total 96256K, used 57810K [0x0000000080000000, 0x0000000100000000)
  region size 1024K, 3 young (3072K), 3 survivors (3072K)
 Metaspace       used 71087K, capacity 72896K, committed 73168K, reserved 1114112K
  class space    used 8907K, capacity 9569K, committed 9600K, reserved 1048576K
}
Event: 12.441 GC heap before
{Heap before GC invocations=29 (full 0):
 garbage-first heap   total 96256K, used 77266K [0x0000000080000000, 0x0000000100000000)
  region size 1024K, 22 young (22528K), 3 survivors (3072K)
 Metaspace       used 71137K, capacity 72992K, committed 73296K, reserved 1114112K
  class space    used 8913K, capacity 9601K, committed 9728K, reserved 1048576K
}
Event: 12.445 GC heap after
{Heap after GC invocations=30 (full 0):
 garbage-first heap   total 96256K, used 59349K [0x0000000080000000, 0x0000000100000000)
  region size 1024K, 3 young (3072K), 3 survivors (3072K)
 Metaspace       used 71137K, capacity 72992K, committed 73296K, reserved 1114112K
  class space    used 8913K, capacity 9601K, committed 9728K, reserved 1048576K
}
Event: 12.636 GC heap before
{Heap before GC invocations=31 (full 0):
 garbage-first heap   total 96256K, used 78805K [0x0000000080000000, 0x0000000100000000)
  region size 1024K, 22 young (22528K), 3 survivors (3072K)
 Metaspace       used 72163K, capacity 73869K, committed 74064K, reserved 1114112K
  class space    used 9020K, capacity 9700K, committed 9728K, reserved 1048576K
}
Event: 12.638 GC heap after
{Heap after GC invocations=32 (full 0):
 garbage-first heap   total 96256K, used 60433K [0x0000000080000000, 0x0000000100000000)
  region size 1024K, 1 young (1024K), 1 survivors (1024K)
 Metaspace       used 72163K, capacity 73869K, committed 74064K, reserved 1114112K
  class space    used 9020K, capacity 9700K, committed 9728K, reserved 1048576K
}
Event: 12.960 GC heap before
{Heap before GC invocations=32 (full 0):
 garbage-first heap   total 96256K, used 78865K [0x0000000080000000, 0x0000000100000000)
  region size 1024K, 19 young (19456K), 1 survivors (1024K)
 Metaspace       used 74319K, capacity 76091K, committed 76240K, reserved 1116160K
  class space    used 9379K, capacity 10058K, committed 10112K, reserved 1048576K
}
Event: 12.962 GC heap after
{Heap after GC invocations=33 (full 0):
 garbage-first heap   total 96256K, used 61184K [0x0000000080000000, 0x0000000100000000)
  region size 1024K, 2 young (2048K), 2 survivors (2048K)
 Metaspace       used 74319K, capacity 76091K, committed 76240K, reserved 1116160K
  class space    used 9379K, capacity 10058K, committed 10112K, reserved 1048576K
}
Event: 13.339 GC heap before
{Heap before GC invocations=34 (full 0):
 garbage-first heap   total 96256K, used 78592K [0x0000000080000000, 0x0000000100000000)
  region size 1024K, 20 young (20480K), 2 survivors (2048K)
 Metaspace       used 76567K, capacity 78355K, committed 78672K, reserved 1118208K
  class space    used 9765K, capacity 10422K, committed 10496K, reserved 1048576K
}
Event: 13.342 GC heap after
{Heap after GC invocations=35 (full 0):
 garbage-first heap   total 96256K, used 62472K [0x0000000080000000, 0x0000000100000000)
  region size 1024K, 3 young (3072K), 3 survivors (3072K)
 Metaspace       used 76567K, capacity 78355K, committed 78672K, reserved 1118208K
  class space    used 9765K, capacity 10422K, committed 10496K, reserved 1048576K
}
Event: 13.576 GC heap before
{Heap before GC invocations=35 (full 0):
 garbage-first heap   total 96256K, used 79880K [0x0000000080000000, 0x0000000100000000)
  region size 1024K, 20 young (20480K), 3 survivors (3072K)
 Metaspace       used 78047K, capacity 79822K, committed 79952K, reserved 1118208K
  class space    used 9977K, capacity 10693K, committed 10752K, reserved 1048576K
}
Event: 13.580 GC heap after
{Heap after GC invocations=36 (full 0):
 garbage-first heap   total 96256K, used 63724K [0x0000000080000000, 0x0000000100000000)
  region size 1024K, 3 young (3072K), 3 survivors (3072K)
 Metaspace       used 78047K, capacity 79822K, committed 79952K, reserved 1118208K
  class space    used 9977K, capacity 10693K, committed 10752K, reserved 1048576K
}
Event: 13.793 GC heap before
{Heap before GC invocations=37 (full 0):
 garbage-first heap   total 96256K, used 81132K [0x0000000080000000, 0x0000000100000000)
  region size 1024K, 20 young (20480K), 3 survivors (3072K)
 Metaspace       used 79266K, capacity 81204K, committed 81488K, reserved 1120256K
  class space    used 10156K, capacity 10888K, committed 11008K, reserved 1048576K
}

Deoptimization events (20 events):
Event: 13.639 Thread 0x000001e030300000 DEOPT PACKING pc=0x000001e0204c5d0c sp=0x000000b2564f8c50
Event: 13.639 Thread 0x000001e030300000 DEOPT UNPACKING pc=0x000001e01876a1af sp=0x000000b2564f8c40 mode 2
Event: 13.639 Thread 0x000001e030300000 Uncommon trap: trap_request=0xffffffde fr.pc=0x000001e0204a472c relative=0x000000000000170c
Event: 13.639 Thread 0x000001e030300000 Uncommon trap: reason=class_check action=maybe_recompile pc=0x000001e0204a472c method=java.util.HashMap$TreeNode.find(ILjava/lang/Object;Ljava/lang/Class;)Ljava/util/HashMap$TreeNode; @ 68 c2
Event: 13.639 Thread 0x000001e030300000 DEOPT PACKING pc=0x000001e0204a472c sp=0x000000b2564f8e20
Event: 13.639 Thread 0x000001e030300000 DEOPT UNPACKING pc=0x000001e01876a1af sp=0x000000b2564f8cf8 mode 2
Event: 13.733 Thread 0x000001e030300000 Uncommon trap: trap_request=0xffffffd6 fr.pc=0x000001e0205d1384 relative=0x00000000000007c4
Event: 13.733 Thread 0x000001e030300000 Uncommon trap: reason=array_check action=maybe_recompile pc=0x000001e0205d1384 method=java.util.TimSort.binarySort([Ljava/lang/Object;IIILjava/util/Comparator;)V @ 193 c2
Event: 13.733 Thread 0x000001e030300000 DEOPT PACKING pc=0x000001e0205d1384 sp=0x000000b2564f99d0
Event: 13.733 Thread 0x000001e030300000 DEOPT UNPACKING pc=0x000001e01876a1af sp=0x000000b2564f9978 mode 2
Event: 13.734 Thread 0x000001e030300000 Uncommon trap: trap_request=0xffffffd6 fr.pc=0x000001e0205d1384 relative=0x00000000000007c4
Event: 13.734 Thread 0x000001e030300000 Uncommon trap: reason=array_check action=maybe_recompile pc=0x000001e0205d1384 method=java.util.TimSort.binarySort([Ljava/lang/Object;IIILjava/util/Comparator;)V @ 193 c2
Event: 13.734 Thread 0x000001e030300000 DEOPT PACKING pc=0x000001e0205d1384 sp=0x000000b2564f9ec0
Event: 13.734 Thread 0x000001e030300000 DEOPT UNPACKING pc=0x000001e01876a1af sp=0x000000b2564f9e68 mode 2
Event: 13.768 Thread 0x000001e030300000 DEOPT PACKING pc=0x000001e019472544 sp=0x000000b2564f7a60
Event: 13.768 Thread 0x000001e030300000 DEOPT UNPACKING pc=0x000001e01876a95e sp=0x000000b2564f6e98 mode 0
Event: 13.768 Thread 0x000001e030300000 DEOPT PACKING pc=0x000001e01947264c sp=0x000000b2564f7ad0
Event: 13.768 Thread 0x000001e030300000 DEOPT UNPACKING pc=0x000001e01876a95e sp=0x000000b2564f6f70 mode 0
Event: 13.768 Thread 0x000001e030300000 DEOPT PACKING pc=0x000001e0198d57d4 sp=0x000000b2564f7b40
Event: 13.768 Thread 0x000001e030300000 DEOPT UNPACKING pc=0x000001e01876a95e sp=0x000000b2564f6f40 mode 0

Classes redefined (0 events):
No events

Internal exceptions (20 events):
Event: 12.458 Thread 0x000001e030300000 Exception <a 'java/lang/ClassNotFoundException'{0x0000000085b79138}: org/gradle/api/internal/file/AbstractFileCollectionBeanInfo> (0x0000000085b79138) thrown at [./src/hotspot/share/classfile/systemDictionary.cpp, line 231]
Event: 12.459 Thread 0x000001e030300000 Exception <a 'java/lang/ClassNotFoundException'{0x0000000085bac160}: org/gradle/api/internal/file/AbstractFileCollectionCustomizer> (0x0000000085bac160) thrown at [./src/hotspot/share/classfile/systemDictionary.cpp, line 231]
Event: 12.460 Thread 0x000001e030300000 Exception <a 'java/lang/ClassNotFoundException'{0x0000000085bf14a8}: org/gradle/api/internal/file/CompositeFileCollectionCustomizer> (0x0000000085bf14a8) thrown at [./src/hotspot/share/classfile/systemDictionary.cpp, line 231]
Event: 12.461 Thread 0x000001e030300000 Exception <a 'java/lang/ClassNotFoundException'{0x0000000085a2a988}: org/gradle/api/internal/file/CompositeFileTreeCustomizer> (0x0000000085a2a988) thrown at [./src/hotspot/share/classfile/systemDictionary.cpp, line 231]
Event: 12.462 Thread 0x000001e030300000 Exception <a 'java/lang/ClassNotFoundException'{0x0000000085a6f030}: org/gradle/api/internal/file/collections/DefaultConfigurableFileTreeCustomizer> (0x0000000085a6f030) thrown at [./src/hotspot/share/classfile/systemDictionary.cpp, line 231]
Event: 12.468 Thread 0x000001e030300000 Exception <a 'java/lang/ClassNotFoundException'{0x000000008595bf70}: groovy/lang/GString$1BeanInfo> (0x000000008595bf70) thrown at [./src/hotspot/share/classfile/systemDictionary.cpp, line 231]
Event: 12.469 Thread 0x000001e030300000 Exception <a 'java/lang/ClassNotFoundException'{0x0000000085997be0}: groovy/lang/GStringBeanInfo> (0x0000000085997be0) thrown at [./src/hotspot/share/classfile/systemDictionary.cpp, line 231]
Event: 12.470 Thread 0x000001e030300000 Exception <a 'java/lang/ClassNotFoundException'{0x00000000859d39e8}: groovy/lang/GStringCustomizer> (0x00000000859d39e8) thrown at [./src/hotspot/share/classfile/systemDictionary.cpp, line 231]
Event: 12.471 Thread 0x000001e030300000 Exception <a 'java/lang/ClassNotFoundException'{0x0000000085819a80}: groovy/lang/GString$1Customizer> (0x0000000085819a80) thrown at [./src/hotspot/share/classfile/systemDictionary.cpp, line 231]
Event: 12.489 Thread 0x000001e030300000 Exception <a 'java/lang/ClassNotFoundException'{0x00000000855d3f40}: org/codehaus/groovy/runtime/GStringImplBeanInfo> (0x00000000855d3f40) thrown at [./src/hotspot/share/classfile/systemDictionary.cpp, line 231]
Event: 12.496 Thread 0x000001e030300000 Exception <a 'java/lang/ClassNotFoundException'{0x000000008528ec50}: org/codehaus/groovy/runtime/GStringImplCustomizer> (0x000000008528ec50) thrown at [./src/hotspot/share/classfile/systemDictionary.cpp, line 231]
Event: 13.059 Thread 0x000001e031169000 Implicit null exception at 0x000001e020226f74 to 0x000001e0202274f0
Event: 13.414 Thread 0x000001e030300000 Exception <a 'java/lang/ClassNotFoundException'{0x000000008589f830}: com/android/build/gradle/internal/api/ApkVariantOutputImpl_DecoratedBeanInfo> (0x000000008589f830) thrown at [./src/hotspot/share/classfile/systemDictionary.cpp, line 231]
Event: 13.415 Thread 0x000001e030300000 Exception <a 'java/lang/ClassNotFoundException'{0x00000000858ba2d0}: com/android/build/gradle/internal/api/ApkVariantOutputImplBeanInfo> (0x00000000858ba2d0) thrown at [./src/hotspot/share/classfile/systemDictionary.cpp, line 231]
Event: 13.415 Thread 0x000001e030300000 Exception <a 'java/lang/ClassNotFoundException'{0x00000000858d5340}: com/android/build/gradle/internal/api/BaseVariantOutputImplBeanInfo> (0x00000000858d5340) thrown at [./src/hotspot/share/classfile/systemDictionary.cpp, line 231]
Event: 13.415 Thread 0x000001e030300000 Exception <a 'java/lang/ClassNotFoundException'{0x00000000858f0418}: com/android/build/gradle/internal/api/BaseVariantOutputImplCustomizer> (0x00000000858f0418) thrown at [./src/hotspot/share/classfile/systemDictionary.cpp, line 231]
Event: 13.416 Thread 0x000001e030300000 Exception <a 'java/lang/ClassNotFoundException'{0x000000008571e010}: com/android/build/gradle/internal/api/ApkVariantOutputImplCustomizer> (0x000000008571e010) thrown at [./src/hotspot/share/classfile/systemDictionary.cpp, line 231]
Event: 13.417 Thread 0x000001e030300000 Exception <a 'java/lang/ClassNotFoundException'{0x0000000085747ca8}: com/android/build/gradle/internal/api/ApkVariantOutputImpl_DecoratedCustomizer> (0x0000000085747ca8) thrown at [./src/hotspot/share/classfile/systemDictionary.cpp, line 231]
Event: 13.435 Thread 0x000001e030300000 Exception <a 'java/lang/NoClassDefFoundError'{0x00000000856e8da8}: org/jetbrains/kotlin/gradle/plugin/KotlinBasePluginWrapper> (0x00000000856e8da8) thrown at [./src/hotspot/share/classfile/systemDictionary.cpp, line 220]
Event: 13.791 Thread 0x000001e030300000 Exception <a 'java/lang/NoSuchMethodError'{0x0000000084de7ce8}: 'java.lang.Object java.lang.invoke.Invokers$Holder.linkToTargetMethod(java.lang.Object, int, java.lang.Object)'> (0x0000000084de7ce8) thrown at [./src/hotspot/share/interpreter/linkResolver.cpp, line 773]

Events (20 events):
Event: 13.791 Executing VM operation: RevokeBias done
Event: 13.791 loading class org/gradle/api/internal/file/copy/DefaultCopySpec$DefaultCopySpecAddress
Event: 13.791 loading class org/gradle/api/internal/file/copy/DefaultCopySpec$DefaultCopySpecAddress done
Event: 13.792 loading class org/gradle/api/internal/file/copy/CopySpecInternal$CopySpecAddress
Event: 13.792 loading class org/gradle/api/internal/file/copy/CopySpecInternal$CopySpecAddress done
Event: 13.792 loading class org/gradle/api/internal/file/copy/DefaultCopySpec
Event: 13.792 loading class org/gradle/api/internal/file/copy/DefaultCopySpec done
Event: 13.793 loading class org/gradle/api/file/FileTree
Event: 13.793 loading class org/gradle/api/file/FileTree done
Event: 13.793 loading class org/gradle/api/file/FileTree
Event: 13.793 loading class org/gradle/api/file/FileTree done
Event: 13.793 loading class org/gradle/api/internal/file/copy/CopySpecResolver
Event: 13.793 loading class org/gradle/api/internal/file/copy/CopySpecResolver done
Event: 13.793 loading class org/gradle/api/internal/file/copy/CopySpecResolver
Event: 13.793 loading class org/gradle/api/internal/file/copy/CopySpecResolver done
Event: 13.793 loading class org/gradle/api/internal/file/copy/CopySpecResolver
Event: 13.793 loading class org/gradle/api/internal/file/copy/CopySpecResolver done
Event: 13.793 loading class org/gradle/api/internal/tasks/DefaultTaskInputs$4
Event: 13.793 loading class org/gradle/api/internal/tasks/DefaultTaskInputs$4 done
Event: 13.793 Executing VM operation: G1CollectForAllocation


Dynamic libraries:
0x00007ff6d91f0000 - 0x00007ff6d91fa000 	C:\Program Files\Android\Android Studio\jre\bin\java.exe
0x00007ffbcb0c0000 - 0x00007ffbcb2c9000 	C:\Windows\SYSTEM32\ntdll.dll
0x00007ffbc9640000 - 0x00007ffbc96fe000 	C:\Windows\System32\KERNEL32.DLL
0x00007ffbc8800000 - 0x00007ffbc8b83000 	C:\Windows\System32\KERNELBASE.dll
0x00007ffbc8570000 - 0x00007ffbc8681000 	C:\Windows\System32\ucrtbase.dll
0x00007ffb9f840000 - 0x00007ffb9f857000 	C:\Program Files\Android\Android Studio\jre\bin\VCRUNTIME140.dll
0x00007ffb9dc00000 - 0x00007ffb9dc19000 	C:\Program Files\Android\Android Studio\jre\bin\jli.dll
0x00007ffbcab60000 - 0x00007ffbcad0d000 	C:\Windows\System32\USER32.dll
0x00007ffbc8b90000 - 0x00007ffbc8bb6000 	C:\Windows\System32\win32u.dll
0x00007ffbcad10000 - 0x00007ffbcad39000 	C:\Windows\System32\GDI32.dll
0x00007ffbc8bc0000 - 0x00007ffbc8cda000 	C:\Windows\System32\gdi32full.dll
0x00007ffbc8ce0000 - 0x00007ffbc8d7d000 	C:\Windows\System32\msvcp_win.dll
0x00007ffbaba20000 - 0x00007ffbabcc5000 	C:\Windows\WinSxS\amd64_microsoft.windows.common-controls_6595b64144ccf1df_6.0.22000.120_none_9d947278b86cc467\COMCTL32.dll
0x00007ffbc9b70000 - 0x00007ffbc9c13000 	C:\Windows\System32\msvcrt.dll
0x00007ffbc8fe0000 - 0x00007ffbc9011000 	C:\Windows\System32\IMM32.DLL
0x00007ffb69ef0000 - 0x00007ffb69f8d000 	C:\Program Files\Android\Android Studio\jre\bin\msvcp140.dll
0x00007ffb387e0000 - 0x00007ffb392e2000 	C:\Program Files\Android\Android Studio\jre\bin\server\jvm.dll
0x00007ffbcad40000 - 0x00007ffbcadee000 	C:\Windows\System32\ADVAPI32.dll
0x00007ffbc9e40000 - 0x00007ffbc9ede000 	C:\Windows\System32\sechost.dll
0x00007ffbca8e0000 - 0x00007ffbcaa01000 	C:\Windows\System32\RPCRT4.dll
0x00007ffbc90d0000 - 0x00007ffbc90d8000 	C:\Windows\System32\PSAPI.DLL
0x00007ffbbf870000 - 0x00007ffbbf87a000 	C:\Windows\SYSTEM32\VERSION.dll
0x00007ffbc2850000 - 0x00007ffbc2883000 	C:\Windows\SYSTEM32\WINMM.dll
0x00007ffbbfaa0000 - 0x00007ffbbfaa9000 	C:\Windows\SYSTEM32\WSOCK32.dll
0x00007ffbc90e0000 - 0x00007ffbc914f000 	C:\Windows\System32\ws2_32.DLL
0x00007ffbc75f0000 - 0x00007ffbc7608000 	C:\Windows\SYSTEM32\kernel.appcore.dll
0x00007ffbaf060000 - 0x00007ffbaf071000 	C:\Program Files\Android\Android Studio\jre\bin\verify.dll
0x00007ffbc6110000 - 0x00007ffbc6331000 	C:\Windows\SYSTEM32\DBGHELP.DLL
0x00007ffbb88a0000 - 0x00007ffbb88d1000 	C:\Windows\SYSTEM32\dbgcore.DLL
0x00007ffbc8eb0000 - 0x00007ffbc8f2f000 	C:\Windows\System32\bcryptPrimitives.dll
0x00007ffba2c10000 - 0x00007ffba2c39000 	C:\Program Files\Android\Android Studio\jre\bin\java.dll
0x00007ffbaf930000 - 0x00007ffbaf93b000 	C:\Program Files\Android\Android Studio\jre\bin\jimage.dll
0x00007ffb9f7b0000 - 0x00007ffb9f7c8000 	C:\Program Files\Android\Android Studio\jre\bin\zip.dll
0x00007ffbca000000 - 0x00007ffbca7c5000 	C:\Windows\System32\SHELL32.dll
0x00007ffbc6650000 - 0x00007ffbc6eb4000 	C:\Windows\SYSTEM32\windows.storage.dll
0x00007ffbc92c0000 - 0x00007ffbc9636000 	C:\Windows\System32\combase.dll
0x00007ffbc64e0000 - 0x00007ffbc6647000 	C:\Windows\SYSTEM32\wintypes.dll
0x00007ffbca7d0000 - 0x00007ffbca8ba000 	C:\Windows\System32\SHCORE.dll
0x00007ffbc9c20000 - 0x00007ffbc9c7d000 	C:\Windows\System32\shlwapi.dll
0x00007ffbc84a0000 - 0x00007ffbc84c1000 	C:\Windows\SYSTEM32\profapi.dll
0x00007ffb9e680000 - 0x00007ffb9e69a000 	C:\Program Files\Android\Android Studio\jre\bin\net.dll
0x00007ffbc2f20000 - 0x00007ffbc3032000 	C:\Windows\SYSTEM32\WINHTTP.dll
0x00007ffbc7a90000 - 0x00007ffbc7af7000 	C:\Windows\system32\mswsock.dll
0x00007ffb9dea0000 - 0x00007ffb9deb4000 	C:\Program Files\Android\Android Studio\jre\bin\nio.dll
0x00007ffbbf8a0000 - 0x00007ffbbf8c7000 	C:\Users\nraje\AndroidStudioProjects\app2\NOTED---Notes-Application-for-Android-master\native\e1d6ef7f7dcc3fd88c89a11ec53ec762bb8ba0a96d01ffa2cd45eb1d1d8dd5c5\windows-amd64\native-platform.dll
0x00007ffb62460000 - 0x00007ffb625a4000 	C:\Users\nraje\AndroidStudioProjects\app2\NOTED---Notes-Application-for-Android-master\native\5664cfc778a61ccfe75a443a1ab52a65af34e5dc3c78e0209fed803814484fcb\windows-amd64\native-platform-file-events.dll
0x00007ffbaf0d0000 - 0x00007ffbaf0da000 	C:\Program Files\Android\Android Studio\jre\bin\management.dll
0x00007ffba7480000 - 0x00007ffba748d000 	C:\Program Files\Android\Android Studio\jre\bin\management_ext.dll
0x00007ffbc7cf0000 - 0x00007ffbc7d08000 	C:\Windows\SYSTEM32\CRYPTSP.dll
0x00007ffbc7550000 - 0x00007ffbc7585000 	C:\Windows\system32\rsaenh.dll
0x00007ffbc7b90000 - 0x00007ffbc7bb9000 	C:\Windows\SYSTEM32\USERENV.dll
0x00007ffbc7ed0000 - 0x00007ffbc7ef7000 	C:\Windows\SYSTEM32\bcrypt.dll
0x00007ffbc7ce0000 - 0x00007ffbc7cec000 	C:\Windows\SYSTEM32\CRYPTBASE.dll
0x00007ffbc7110000 - 0x00007ffbc713d000 	C:\Windows\SYSTEM32\IPHLPAPI.DLL
0x00007ffbca8d0000 - 0x00007ffbca8d9000 	C:\Windows\System32\NSI.dll
0x00007ffbc2f00000 - 0x00007ffbc2f19000 	C:\Windows\SYSTEM32\dhcpcsvc6.DLL
0x00007ffbc3560000 - 0x00007ffbc357e000 	C:\Windows\SYSTEM32\dhcpcsvc.DLL
0x00007ffbc7140000 - 0x00007ffbc7228000 	C:\Windows\SYSTEM32\DNSAPI.dll

dbghelp: loaded successfully - version: 4.0.5 - missing functions: none
symbol engine: initialized successfully - sym options: 0x614 - pdb path: .;C:\Program Files\Android\Android Studio\jre\bin;C:\Windows\SYSTEM32;C:\Windows\WinSxS\amd64_microsoft.windows.common-controls_6595b64144ccf1df_6.0.22000.120_none_9d947278b86cc467;C:\Program Files\Android\Android Studio\jre\bin\server;C:\Users\nraje\AndroidStudioProjects\app2\NOTED---Notes-Application-for-Android-master\native\e1d6ef7f7dcc3fd88c89a11ec53ec762bb8ba0a96d01ffa2cd45eb1d1d8dd5c5\windows-amd64;C:\Users\nraje\AndroidStudioProjects\app2\NOTED---Notes-Application-for-Android-master\native\5664cfc778a61ccfe75a443a1ab52a65af34e5dc3c78e0209fed803814484fcb\windows-amd64

VM Arguments:
jvm_args: --add-opens=java.base/java.util=ALL-UNNAMED --add-opens=java.base/java.lang=ALL-UNNAMED --add-opens=java.base/java.lang.invoke=ALL-UNNAMED --add-opens=java.base/java.util=ALL-UNNAMED --add-opens=java.prefs/java.util.prefs=ALL-UNNAMED --add-opens=java.prefs/java.util.prefs=ALL-UNNAMED --add-opens=java.base/java.nio.charset=ALL-UNNAMED --add-opens=java.base/java.net=ALL-UNNAMED --add-opens=java.base/java.util.concurrent.atomic=ALL-UNNAMED -Xmx2048m -Dfile.encoding=windows-1252 -Duser.country=IN -Duser.language=en -Duser.variant 
java_command: org.gradle.launcher.daemon.bootstrap.GradleDaemon 7.2
java_class_path (initial): C:\Users\nraje\AndroidStudioProjects\app2\NOTED---Notes-Application-for-Android-master\wrapper\dists\gradle-7.2-all\260hg96vuh6ex27h9vo47iv4d\gradle-7.2\lib\gradle-launcher-7.2.jar
Launcher Type: SUN_STANDARD

[Global flags]
     intx CICompilerCount                          = 4                                         {product} {ergonomic}
     uint ConcGCThreads                            = 3                                         {product} {ergonomic}
     uint G1ConcRefinementThreads                  = 10                                        {product} {ergonomic}
   size_t G1HeapRegionSize                         = 1048576                                   {product} {ergonomic}
    uintx GCDrainStackTargetSize                   = 64                                        {product} {ergonomic}
   size_t InitialHeapSize                          = 98566144                                  {product} {ergonomic}
   size_t MarkStackSize                            = 4194304                                   {product} {ergonomic}
   size_t MaxHeapSize                              = 2147483648                                {product} {command line}
   size_t MaxNewSize                               = 1287651328                                {product} {ergonomic}
   size_t MinHeapDeltaBytes                        = 1048576                                   {product} {ergonomic}
    uintx NonNMethodCodeHeapSize                   = 5836300                                {pd product} {ergonomic}
    uintx NonProfiledCodeHeapSize                  = 122910970                              {pd product} {ergonomic}
    uintx ProfiledCodeHeapSize                     = 122910970                              {pd product} {ergonomic}
    uintx ReservedCodeCacheSize                    = 251658240                              {pd product} {ergonomic}
     bool SegmentedCodeCache                       = true                                      {product} {ergonomic}
     bool UseCompressedClassPointers               = true                                 {lp64_product} {ergonomic}
     bool UseCompressedOops                        = true                                 {lp64_product} {ergonomic}
     bool UseG1GC                                  = true                                      {product} {ergonomic}
     bool UseLargePagesIndividualAllocation        = false                                  {pd product} {ergonomic}

Logging:
Log output configuration:
 #0: stdout all=warning uptime,level,tags
 #1: stderr all=off uptime,level,tags

Environment Variables:
PATH=C:\Program Files\Common Files\Oracle\Java\javapath;C:\Program Files (x86)\Common Files\Oracle\Java\javapath;C:\Windows\system32;C:\Windows;C:\Windows\System32\Wbem;C:\Windows\System32\WindowsPowerShell\v1.0\;C:\Windows\System32\OpenSSH\;C:\Program Files\Git\cmd;C:\Users\nraje\AppData\Local\Microsoft\WindowsApps\python.exe;C:\Users\nraje\AppData\Local\Microsoft\WindowsApps\python.exe;C:\Users\nraje\AppData\Local\Microsoft\WindowsApps\;C:\Users\nraje\AppData\Local\Microsoft\WindowsApps\;C:\Users\nraje\AppData\Local\Microsoft\WindowsApps;;C:\Users\nraje\AppData\Local\Programs\Microsoft VS Code\bin
USERNAME=nraje
OS=Windows_NT
PROCESSOR_IDENTIFIER=AMD64 Family 23 Model 104 Stepping 1, AuthenticAMD



---------------  S Y S T E M  ---------------

OS: Windows 11 , 64 bit Build 22000 (10.0.22000.1761)
OS uptime: 11 days 6:34 hours

CPU:total 12 (initial active 12) (12 cores per cpu, 2 threads per core) family 23 model 104 stepping 1 microcode 0x0, cmov, cx8, fxsr, mmx, sse, sse2, sse3, ssse3, sse4.1, sse4.2, popcnt, avx, avx2, aes, clmul, mmxext, 3dnowpref, lzcnt, sse4a, ht, tsc, tscinvbit, tscinv, bmi1, bmi2, adx, sha, fma

Memory: 4k page, system-wide physical 6005M (65M free)
TotalPageFile size 24437M (AvailPageFile size 21M)
current process WorkingSet (physical memory assigned to process): 315M, peak: 317M
current process commit charge ("private bytes"): 358M, peak: 379M

vm_info: OpenJDK 64-Bit Server VM (11.0.13+0-b1751.21-8125866) for windows-amd64 JRE (11.0.13+0-b1751.21-8125866), built on Feb  2 2022 03:00:22 by "builder" with MS VC++ 14.0 (VS2015)

END.
