#
# There is insufficient memory for the Java Runtime Environment to continue.
# Native memory allocation (malloc) failed to allocate 1187856 bytes for Chunk::new
# Possible reasons:
#   The system is out of physical RAM or swap space
#   The process is running with CompressedOops enabled, and the Java Heap may be blocking the growth of the native heap
# Possible solutions:
#   Reduce memory load on the system
#   Increase physical memory or swap space
#   Check if swap backing store is full
#   Decrease Java heap size (-Xmx/-Xms)
#   Decrease number of Java threads
#   Decrease Java thread stack sizes (-Xss)
#   Set larger code cache with -XX:ReservedCodeCacheSize=
#   JVM is running with Unscaled Compressed Oops mode in which the Java heap is
#     placed in the first 4GB address space. The Java Heap base address is the
#     maximum limit for the native heap growth. Please use -XX:HeapBaseMinAddress
#     to set the Java Heap base and to place the Java Heap above 4GB virtual address.
# This output file may be truncated or incomplete.
#
#  Out of Memory Error (./src/hotspot/share/memory/arena.cpp:197), pid=69692, tid=82968
#
# JRE version: OpenJDK Runtime Environment (11.0.13) (build 11.0.13+0-b1751.21-8125866)
# Java VM: OpenJDK 64-Bit Server VM (11.0.13+0-b1751.21-8125866, mixed mode, tiered, compressed oops, g1 gc, windows-amd64)
# No core dump will be written. Minidumps are not enabled by default on client versions of Windows
#

---------------  S U M M A R Y ------------

Command Line: --add-opens=java.base/java.util=ALL-UNNAMED --add-opens=java.base/java.lang=ALL-UNNAMED --add-opens=java.base/java.lang.invoke=ALL-UNNAMED --add-opens=java.base/java.util=ALL-UNNAMED --add-opens=java.prefs/java.util.prefs=ALL-UNNAMED --add-opens=java.prefs/java.util.prefs=ALL-UNNAMED --add-opens=java.base/java.nio.charset=ALL-UNNAMED --add-opens=java.base/java.net=ALL-UNNAMED --add-opens=java.base/java.util.concurrent.atomic=ALL-UNNAMED -Xmx2048m -Dfile.encoding=windows-1252 -Duser.country=IN -Duser.language=en -Duser.variant org.gradle.launcher.daemon.bootstrap.GradleDaemon 7.2

Host: AMD Ryzen 5 5500U with Radeon Graphics         , 12 cores, 5G,  Windows 11 , 64 bit Build 22000 (10.0.22000.1761)
Time: Thu May 11 23:29:04 2023 India Standard Time elapsed time: 9.663290 seconds (0d 0h 0m 9s)

---------------  T H R E A D  ---------------

Current thread (0x00000212b37b7000):  JavaThread "C2 CompilerThread0" daemon [_thread_in_native, id=82968, stack(0x0000006aa4700000,0x0000006aa4800000)]


Current CompileTask:
C2:   9663 5173       4       org.codehaus.groovy.reflection.CachedMethod::compareToCachedMethod (160 bytes)

Stack: [0x0000006aa4700000,0x0000006aa4800000]
Native frames: (J=compiled Java code, j=interpreted, Vv=VM code, C=native code)
V  [jvm.dll+0x6100fa]
V  [jvm.dll+0x747090]
V  [jvm.dll+0x7486ad]
V  [jvm.dll+0x748d83]
V  [jvm.dll+0x24ab48]
V  [jvm.dll+0xc04dc]
V  [jvm.dll+0xc0a0c]
V  [jvm.dll+0x35eb5b]
V  [jvm.dll+0x19d9bc]
V  [jvm.dll+0x2033be]
V  [jvm.dll+0x202437]
V  [jvm.dll+0x188e01]
V  [jvm.dll+0x21106b]
V  [jvm.dll+0x20f8c1]
V  [jvm.dll+0x70de0f]
V  [jvm.dll+0x706a75]
V  [jvm.dll+0x60ed66]
C  [ucrtbase.dll+0x26c0c]
C  [KERNEL32.DLL+0x15590]
C  [ntdll.dll+0x485b]


---------------  P R O C E S S  ---------------

Threads class SMR info:
_java_thread_list=0x00000212b5f6dd60, length=165, elements={
0x000002129854d800, 0x00000212b2e25000, 0x00000212b2e2e000, 0x00000212b37b3800,
0x00000212b37b4800, 0x00000212b37b6000, 0x00000212b37b7000, 0x00000212b37b9000,
0x00000212b37c2000, 0x00000212b3906800, 0x00000212b500d800, 0x00000212b45d5800,
0x00000212b5787800, 0x00000212b4fb4800, 0x00000212b5277800, 0x00000212b5aa1000,
0x00000212b58a2800, 0x00000212b5a2b000, 0x00000212b5aa2000, 0x00000212b5a0d800,
0x00000212b5a08800, 0x00000212b5a0f000, 0x00000212b5a0b000, 0x00000212b5a0c800,
0x00000212b5a0a000, 0x00000212b5a09800, 0x00000212b5a0c000, 0x00000212b5a0e000,
0x00000212b6607800, 0x00000212b6608000, 0x00000212b660e000, 0x00000212b660b800,
0x00000212b660e800, 0x00000212b660a800, 0x00000212b660c000, 0x00000212b6609800,
0x00000212b6612800, 0x00000212b660d000, 0x00000212b6610000, 0x00000212b6614800,
0x00000212b6615000, 0x00000212b6613800, 0x00000212b660f800, 0x00000212b6611000,
0x00000212b6612000, 0x00000212b6616000, 0x00000212b8125000, 0x00000212b8122800,
0x00000212b8123800, 0x00000212b8126000, 0x00000212b8120000, 0x00000212b8126800,
0x00000212b8124800, 0x00000212b8121000, 0x00000212b8127800, 0x00000212b8122000,
0x00000212b812d800, 0x00000212b812c800, 0x00000212b8128800, 0x00000212b8129000,
0x00000212b812e000, 0x00000212b812b000, 0x00000212b812f000, 0x00000212b812a000,
0x00000212b812b800, 0x00000212b982e000, 0x00000212b9829000, 0x00000212b982a000,
0x00000212b982c800, 0x00000212b9828800, 0x00000212b9830000, 0x00000212b982b000,
0x00000212b982f000, 0x00000212b9830800, 0x00000212b982d800, 0x00000212b9831800,
0x00000212b982b800, 0x00000212b9834000, 0x00000212b9833000, 0x00000212b9837000,
0x00000212b9832000, 0x00000212b9834800, 0x00000212b9835800, 0x00000212b9836800,
0x00000212b82fe000, 0x00000212b8300000, 0x00000212b8304000, 0x00000212b8304800,
0x00000212b82ff000, 0x00000212b8302800, 0x00000212b8305800, 0x00000212b8306800,
0x00000212b8303000, 0x00000212b8300800, 0x00000212b8307000, 0x00000212b8301800,
0x00000212b8308000, 0x00000212b830b000, 0x00000212b830c000, 0x00000212b830d000,
0x00000212b8309800, 0x00000212b8309000, 0x00000212b830a800, 0x00000212b995c000,
0x00000212b995d000, 0x00000212b995e800, 0x00000212b995f800, 0x00000212b995e000,
0x00000212b9961000, 0x00000212b9960800, 0x00000212b995b800, 0x00000212b9965000,
0x00000212b9966000, 0x00000212b9963800, 0x00000212b9962000, 0x00000212b9967000,
0x00000212b9967800, 0x00000212b9964800, 0x00000212b9968800, 0x00000212b9962800,
0x00000212b9969800, 0x00000212b996a000, 0x00000212b98e9000, 0x00000212b98e8000,
0x00000212b98ea000, 0x00000212b98e4000, 0x00000212b98ea800, 0x00000212b98e5000,
0x00000212b98e6800, 0x00000212b98eb800, 0x00000212b98e5800, 0x00000212b98ec000,
0x00000212b98ed000, 0x00000212b98e7800, 0x00000212b98f1000, 0x00000212b98f2000,
0x00000212b98f2800, 0x00000212b98f0800, 0x00000212b98ee000, 0x00000212b98ef800,
0x00000212b98ee800, 0x00000212b98cd000, 0x00000212b98cf000, 0x00000212b98d2000,
0x00000212b98cf800, 0x00000212b98d0800, 0x00000212b98cc800, 0x00000212b98d1800,
0x00000212b98d3000, 0x00000212b98d3800, 0x00000212b98ce000, 0x00000212b98da000,
0x00000212b98d7000, 0x00000212b98d6000, 0x00000212b98d8000, 0x00000212b98d8800,
0x00000212b98d9800, 0x00000212b98d5800, 0x00000212b98d4800, 0x00000212b98db000,
0x00000212b983d800, 0x00000212b9840000, 0x00000212b983c000, 0x00000212b983e800,
0x00000212b983f800
}

Java Threads: ( => current thread )
  0x000002129854d800 JavaThread "main" [_thread_blocked, id=128412, stack(0x0000006aa3b00000,0x0000006aa3c00000)]
  0x00000212b2e25000 JavaThread "Reference Handler" daemon [_thread_blocked, id=126104, stack(0x0000006aa4200000,0x0000006aa4300000)]
  0x00000212b2e2e000 JavaThread "Finalizer" daemon [_thread_blocked, id=126644, stack(0x0000006aa4300000,0x0000006aa4400000)]
  0x00000212b37b3800 JavaThread "Signal Dispatcher" daemon [_thread_blocked, id=105268, stack(0x0000006aa4400000,0x0000006aa4500000)]
  0x00000212b37b4800 JavaThread "Attach Listener" daemon [_thread_blocked, id=130764, stack(0x0000006aa4500000,0x0000006aa4600000)]
  0x00000212b37b6000 JavaThread "Service Thread" daemon [_thread_blocked, id=123224, stack(0x0000006aa4600000,0x0000006aa4700000)]
=>0x00000212b37b7000 JavaThread "C2 CompilerThread0" daemon [_thread_in_native, id=82968, stack(0x0000006aa4700000,0x0000006aa4800000)]
  0x00000212b37b9000 JavaThread "C1 CompilerThread0" daemon [_thread_in_native, id=114840, stack(0x0000006aa4800000,0x0000006aa4900000)]
  0x00000212b37c2000 JavaThread "Sweeper thread" daemon [_thread_blocked, id=126788, stack(0x0000006aa4900000,0x0000006aa4a00000)]
  0x00000212b3906800 JavaThread "Common-Cleaner" daemon [_thread_blocked, id=128100, stack(0x0000006aa4a00000,0x0000006aa4b00000)]
  0x00000212b500d800 JavaThread "Daemon health stats" [_thread_blocked, id=111988, stack(0x0000006aa4d00000,0x0000006aa4e00000)]
  0x00000212b45d5800 JavaThread "Incoming local TCP Connector on port 53435" [_thread_in_native, id=127172, stack(0x0000006aa5100000,0x0000006aa5200000)]
  0x00000212b5787800 JavaThread "Daemon periodic checks" [_thread_blocked, id=130592, stack(0x0000006aa5200000,0x0000006aa5300000)]
  0x00000212b4fb4800 JavaThread "Daemon" [_thread_blocked, id=119004, stack(0x0000006aa5300000,0x0000006aa5400000)]
  0x00000212b5277800 JavaThread "Handler for socket connection from /127.0.0.1:53435 to /127.0.0.1:53437" [_thread_in_native, id=98652, stack(0x0000006aa5400000,0x0000006aa5500000)]
  0x00000212b5aa1000 JavaThread "Cancel handler" [_thread_blocked, id=110960, stack(0x0000006aa5500000,0x0000006aa5600000)]
  0x00000212b58a2800 JavaThread "Daemon worker" [_thread_in_vm, id=113588, stack(0x0000006aa5600000,0x0000006aa5700000)]
  0x00000212b5a2b000 JavaThread "Asynchronous log dispatcher for DefaultDaemonConnection: socket connection from /127.0.0.1:53435 to /127.0.0.1:53437" [_thread_blocked, id=125368, stack(0x0000006aa5700000,0x0000006aa5800000)]
  0x00000212b5aa2000 JavaThread "Stdin handler" [_thread_blocked, id=127712, stack(0x0000006aa5800000,0x0000006aa5900000)]
  0x00000212b5a0d800 JavaThread "Daemon client event forwarder" [_thread_blocked, id=123232, stack(0x0000006aa5900000,0x0000006aa5a00000)]
  0x00000212b5a08800 JavaThread "Cache worker for journal cache (C:\Users\nraje\.gradle\caches\journal-1)" [_thread_blocked, id=130888, stack(0x0000006aa5a00000,0x0000006aa5b00000)]
  0x00000212b5a0f000 JavaThread "File lock request listener" [_thread_in_native, id=122956, stack(0x0000006aa5b00000,0x0000006aa5c00000)]
  0x00000212b5a0b000 JavaThread "Cache worker for file hash cache (C:\Users\nraje\.gradle\caches\7.2\fileHashes)" [_thread_blocked, id=115996, stack(0x0000006aa5c00000,0x0000006aa5d00000)]
  0x00000212b5a0c800 JavaThread "Cache worker for file hash cache (C:\Users\nraje\AndroidStudioProjects\NOTEIT\.gradle\7.2\fileHashes)" [_thread_blocked, id=113888, stack(0x0000006aa6500000,0x0000006aa6600000)]
  0x00000212b5a0a000 JavaThread "File watcher server" daemon [_thread_in_native, id=125876, stack(0x0000006aa6600000,0x0000006aa6700000)]
  0x00000212b5a09800 JavaThread "File watcher consumer" daemon [_thread_blocked, id=130220, stack(0x0000006aa6700000,0x0000006aa6800000)]
  0x00000212b5a0c000 JavaThread "Cache worker for checksums cache (C:\Users\nraje\AndroidStudioProjects\NOTEIT\.gradle\checksums)" [_thread_blocked, id=110356, stack(0x0000006aa6800000,0x0000006aa6900000)]
  0x00000212b5a0e000 JavaThread "Cache worker for cache directory md-supplier (C:\Users\nraje\.gradle\caches\7.2\md-supplier)" [_thread_blocked, id=130652, stack(0x0000006aa6900000,0x0000006aa6a00000)]
  0x00000212b6607800 JavaThread "Cache worker for cache directory md-rule (C:\Users\nraje\.gradle\caches\7.2\md-rule)" [_thread_blocked, id=114856, stack(0x0000006aa6a00000,0x0000006aa6b00000)]
  0x00000212b6608000 JavaThread "Cache worker for execution history cache (C:\Users\nraje\.gradle\caches\7.2\executionHistory)" [_thread_blocked, id=126760, stack(0x0000006aa6b00000,0x0000006aa6c00000)]
  0x00000212b660e000 JavaThread "jar transforms" [_thread_blocked, id=130332, stack(0x0000006aa6c00000,0x0000006aa6d00000)]
  0x00000212b660b800 JavaThread "jar transforms Thread 2" [_thread_blocked, id=90868, stack(0x0000006aa6d00000,0x0000006aa6e00000)]
  0x00000212b660e800 JavaThread "Cache worker for file content cache (C:\Users\nraje\.gradle\caches\7.2\fileContent)" [_thread_blocked, id=82156, stack(0x0000006aa6e00000,0x0000006aa6f00000)]
  0x00000212b660a800 JavaThread "Cache worker for dependencies-accessors (C:\Users\nraje\AndroidStudioProjects\NOTEIT\.gradle\7.2\dependencies-accessors)" [_thread_blocked, id=130948, stack(0x0000006aa6f00000,0x0000006aa7000000)]
  0x00000212b660c000 JavaThread "jar transforms Thread 3" [_thread_blocked, id=108380, stack(0x0000006aa7000000,0x0000006aa7100000)]
  0x00000212b6609800 JavaThread "Cache worker for Build Output Cleanup Cache (C:\Users\nraje\AndroidStudioProjects\NOTEIT\.gradle\buildOutputCleanup)" [_thread_blocked, id=123236, stack(0x0000006aa7100000,0x0000006aa7200000)]
  0x00000212b6612800 JavaThread "Unconstrained build operations" [_thread_blocked, id=127416, stack(0x0000006aa7200000,0x0000006aa7300000)]
  0x00000212b660d000 JavaThread "Unconstrained build operations Thread 2" [_thread_blocked, id=103368, stack(0x0000006aa7300000,0x0000006aa7400000)]
  0x00000212b6610000 JavaThread "Unconstrained build operations Thread 3" [_thread_blocked, id=105932, stack(0x0000006aa7400000,0x0000006aa7500000)]
  0x00000212b6614800 JavaThread "Unconstrained build operations Thread 4" [_thread_blocked, id=130584, stack(0x0000006aa7500000,0x0000006aa7600000)]
  0x00000212b6615000 JavaThread "Unconstrained build operations Thread 5" [_thread_blocked, id=128880, stack(0x0000006aa7600000,0x0000006aa7700000)]
  0x00000212b6613800 JavaThread "Unconstrained build operations Thread 6" [_thread_blocked, id=129244, stack(0x0000006aa7700000,0x0000006aa7800000)]
  0x00000212b660f800 JavaThread "Unconstrained build operations Thread 7" [_thread_blocked, id=122164, stack(0x0000006aa7800000,0x0000006aa7900000)]
  0x00000212b6611000 JavaThread "Unconstrained build operations Thread 8" [_thread_blocked, id=7340, stack(0x0000006aa7900000,0x0000006aa7a00000)]
  0x00000212b6612000 JavaThread "Unconstrained build operations Thread 9" [_thread_blocked, id=96880, stack(0x0000006aa7a00000,0x0000006aa7b00000)]
  0x00000212b6616000 JavaThread "Unconstrained build operations Thread 10" [_thread_blocked, id=99576, stack(0x0000006aa7b00000,0x0000006aa7c00000)]
  0x00000212b8125000 JavaThread "Unconstrained build operations Thread 11" [_thread_blocked, id=126588, stack(0x0000006aa7c00000,0x0000006aa7d00000)]
  0x00000212b8122800 JavaThread "Unconstrained build operations Thread 12" [_thread_blocked, id=126852, stack(0x0000006aa7d00000,0x0000006aa7e00000)]
  0x00000212b8123800 JavaThread "Unconstrained build operations Thread 13" [_thread_blocked, id=119108, stack(0x0000006aa7e00000,0x0000006aa7f00000)]
  0x00000212b8126000 JavaThread "Unconstrained build operations Thread 14" [_thread_blocked, id=125688, stack(0x0000006aa7f00000,0x0000006aa8000000)]
  0x00000212b8120000 JavaThread "Unconstrained build operations Thread 15" [_thread_blocked, id=110204, stack(0x0000006aa8000000,0x0000006aa8100000)]
  0x00000212b8126800 JavaThread "Unconstrained build operations Thread 16" [_thread_blocked, id=112728, stack(0x0000006aa8100000,0x0000006aa8200000)]
  0x00000212b8124800 JavaThread "Unconstrained build operations Thread 17" [_thread_blocked, id=108828, stack(0x0000006aa8200000,0x0000006aa8300000)]
  0x00000212b8121000 JavaThread "Unconstrained build operations Thread 18" [_thread_blocked, id=124552, stack(0x0000006aa8300000,0x0000006aa8400000)]
  0x00000212b8127800 JavaThread "Unconstrained build operations Thread 19" [_thread_blocked, id=130620, stack(0x0000006aa8400000,0x0000006aa8500000)]
  0x00000212b8122000 JavaThread "Unconstrained build operations Thread 20" [_thread_blocked, id=130648, stack(0x0000006aa8500000,0x0000006aa8600000)]
  0x00000212b812d800 JavaThread "Unconstrained build operations Thread 21" [_thread_blocked, id=131020, stack(0x0000006aa8600000,0x0000006aa8700000)]
  0x00000212b812c800 JavaThread "Unconstrained build operations Thread 22" [_thread_blocked, id=106716, stack(0x0000006aa8700000,0x0000006aa8800000)]
  0x00000212b8128800 JavaThread "Unconstrained build operations Thread 23" [_thread_blocked, id=125600, stack(0x0000006aa8800000,0x0000006aa8900000)]
  0x00000212b8129000 JavaThread "Unconstrained build operations Thread 24" [_thread_blocked, id=121112, stack(0x0000006aa8900000,0x0000006aa8a00000)]
  0x00000212b812e000 JavaThread "Unconstrained build operations Thread 25" [_thread_blocked, id=97208, stack(0x0000006aa8a00000,0x0000006aa8b00000)]
  0x00000212b812b000 JavaThread "Unconstrained build operations Thread 26" [_thread_blocked, id=107544, stack(0x0000006aa8b00000,0x0000006aa8c00000)]
  0x00000212b812f000 JavaThread "Unconstrained build operations Thread 27" [_thread_blocked, id=121896, stack(0x0000006aa8c00000,0x0000006aa8d00000)]
  0x00000212b812a000 JavaThread "Unconstrained build operations Thread 28" [_thread_blocked, id=130052, stack(0x0000006aa8d00000,0x0000006aa8e00000)]
  0x00000212b812b800 JavaThread "Unconstrained build operations Thread 29" [_thread_blocked, id=129188, stack(0x0000006aa8e00000,0x0000006aa8f00000)]
  0x00000212b982e000 JavaThread "Unconstrained build operations Thread 30" [_thread_blocked, id=108848, stack(0x0000006aa8f00000,0x0000006aa9000000)]
  0x00000212b9829000 JavaThread "Unconstrained build operations Thread 31" [_thread_blocked, id=120540, stack(0x0000006aa9000000,0x0000006aa9100000)]
  0x00000212b982a000 JavaThread "Unconstrained build operations Thread 32" [_thread_blocked, id=106180, stack(0x0000006aa9100000,0x0000006aa9200000)]
  0x00000212b982c800 JavaThread "Unconstrained build operations Thread 33" [_thread_blocked, id=111244, stack(0x0000006aa9200000,0x0000006aa9300000)]
  0x00000212b9828800 JavaThread "Unconstrained build operations Thread 34" [_thread_blocked, id=130376, stack(0x0000006aa9300000,0x0000006aa9400000)]
  0x00000212b9830000 JavaThread "Unconstrained build operations Thread 35" [_thread_blocked, id=118936, stack(0x0000006aa9400000,0x0000006aa9500000)]
  0x00000212b982b000 JavaThread "Unconstrained build operations Thread 36" [_thread_blocked, id=88728, stack(0x0000006aa9500000,0x0000006aa9600000)]
  0x00000212b982f000 JavaThread "Unconstrained build operations Thread 37" [_thread_blocked, id=129932, stack(0x0000006aa9600000,0x0000006aa9700000)]
  0x00000212b9830800 JavaThread "Unconstrained build operations Thread 38" [_thread_blocked, id=123340, stack(0x0000006aa9700000,0x0000006aa9800000)]
  0x00000212b982d800 JavaThread "Unconstrained build operations Thread 39" [_thread_blocked, id=127752, stack(0x0000006aa9800000,0x0000006aa9900000)]
  0x00000212b9831800 JavaThread "Unconstrained build operations Thread 40" [_thread_blocked, id=87216, stack(0x0000006aa9900000,0x0000006aa9a00000)]
  0x00000212b982b800 JavaThread "Unconstrained build operations Thread 41" [_thread_blocked, id=129676, stack(0x0000006aa9a00000,0x0000006aa9b00000)]
  0x00000212b9834000 JavaThread "Unconstrained build operations Thread 42" [_thread_blocked, id=118472, stack(0x0000006aa9b00000,0x0000006aa9c00000)]
  0x00000212b9833000 JavaThread "Unconstrained build operations Thread 43" [_thread_blocked, id=123024, stack(0x0000006aa9c00000,0x0000006aa9d00000)]
  0x00000212b9837000 JavaThread "Unconstrained build operations Thread 44" [_thread_blocked, id=129324, stack(0x0000006aa9d00000,0x0000006aa9e00000)]
  0x00000212b9832000 JavaThread "Unconstrained build operations Thread 45" [_thread_blocked, id=127388, stack(0x0000006aa9e00000,0x0000006aa9f00000)]
  0x00000212b9834800 JavaThread "Unconstrained build operations Thread 46" [_thread_blocked, id=127740, stack(0x0000006aa9f00000,0x0000006aaa000000)]
  0x00000212b9835800 JavaThread "Unconstrained build operations Thread 47" [_thread_blocked, id=88824, stack(0x0000006aaa000000,0x0000006aaa100000)]
  0x00000212b9836800 JavaThread "Unconstrained build operations Thread 48" [_thread_blocked, id=115304, stack(0x0000006aaa100000,0x0000006aaa200000)]
  0x00000212b82fe000 JavaThread "Unconstrained build operations Thread 49" [_thread_blocked, id=117116, stack(0x0000006aaa200000,0x0000006aaa300000)]
  0x00000212b8300000 JavaThread "Unconstrained build operations Thread 50" [_thread_blocked, id=87168, stack(0x0000006aaa300000,0x0000006aaa400000)]
  0x00000212b8304000 JavaThread "Unconstrained build operations Thread 51" [_thread_blocked, id=127768, stack(0x0000006aaa400000,0x0000006aaa500000)]
  0x00000212b8304800 JavaThread "Unconstrained build operations Thread 52" [_thread_blocked, id=86408, stack(0x0000006aaa500000,0x0000006aaa600000)]
  0x00000212b82ff000 JavaThread "Unconstrained build operations Thread 53" [_thread_blocked, id=116592, stack(0x0000006aaa600000,0x0000006aaa700000)]
  0x00000212b8302800 JavaThread "Unconstrained build operations Thread 54" [_thread_blocked, id=121432, stack(0x0000006aaa700000,0x0000006aaa800000)]
  0x00000212b8305800 JavaThread "Unconstrained build operations Thread 55" [_thread_blocked, id=119460, stack(0x0000006aaa800000,0x0000006aaa900000)]
  0x00000212b8306800 JavaThread "Unconstrained build operations Thread 56" [_thread_blocked, id=129800, stack(0x0000006aaa900000,0x0000006aaaa00000)]
  0x00000212b8303000 JavaThread "Unconstrained build operations Thread 57" [_thread_blocked, id=120204, stack(0x0000006aaaa00000,0x0000006aaab00000)]
  0x00000212b8300800 JavaThread "Unconstrained build operations Thread 58" [_thread_blocked, id=120300, stack(0x0000006aaab00000,0x0000006aaac00000)]
  0x00000212b8307000 JavaThread "Unconstrained build operations Thread 59" [_thread_blocked, id=119692, stack(0x0000006aaac00000,0x0000006aaad00000)]
  0x00000212b8301800 JavaThread "Unconstrained build operations Thread 60" [_thread_blocked, id=9604, stack(0x0000006aaad00000,0x0000006aaae00000)]
  0x00000212b8308000 JavaThread "Unconstrained build operations Thread 61" [_thread_blocked, id=48252, stack(0x0000006aaae00000,0x0000006aaaf00000)]
  0x00000212b830b000 JavaThread "Unconstrained build operations Thread 62" [_thread_blocked, id=118124, stack(0x0000006aaaf00000,0x0000006aab000000)]
  0x00000212b830c000 JavaThread "Unconstrained build operations Thread 63" [_thread_blocked, id=127356, stack(0x0000006aab000000,0x0000006aab100000)]
  0x00000212b830d000 JavaThread "Unconstrained build operations Thread 64" [_thread_blocked, id=118696, stack(0x0000006aab100000,0x0000006aab200000)]
  0x00000212b8309800 JavaThread "Unconstrained build operations Thread 65" [_thread_blocked, id=117092, stack(0x0000006aab200000,0x0000006aab300000)]
  0x00000212b8309000 JavaThread "Unconstrained build operations Thread 66" [_thread_blocked, id=123960, stack(0x0000006aab300000,0x0000006aab400000)]
  0x00000212b830a800 JavaThread "Unconstrained build operations Thread 67" [_thread_blocked, id=130604, stack(0x0000006aab400000,0x0000006aab500000)]
  0x00000212b995c000 JavaThread "Unconstrained build operations Thread 68" [_thread_blocked, id=116380, stack(0x0000006aab500000,0x0000006aab600000)]
  0x00000212b995d000 JavaThread "Unconstrained build operations Thread 69" [_thread_blocked, id=122520, stack(0x0000006aab600000,0x0000006aab700000)]
  0x00000212b995e800 JavaThread "Unconstrained build operations Thread 70" [_thread_blocked, id=127800, stack(0x0000006aab700000,0x0000006aab800000)]
  0x00000212b995f800 JavaThread "Unconstrained build operations Thread 71" [_thread_blocked, id=95420, stack(0x0000006aab800000,0x0000006aab900000)]
  0x00000212b995e000 JavaThread "Unconstrained build operations Thread 72" [_thread_blocked, id=121848, stack(0x0000006aab900000,0x0000006aaba00000)]
  0x00000212b9961000 JavaThread "Unconstrained build operations Thread 73" [_thread_blocked, id=118488, stack(0x0000006aaba00000,0x0000006aabb00000)]
  0x00000212b9960800 JavaThread "Unconstrained build operations Thread 74" [_thread_blocked, id=102936, stack(0x0000006aabb00000,0x0000006aabc00000)]
  0x00000212b995b800 JavaThread "Unconstrained build operations Thread 75" [_thread_blocked, id=106452, stack(0x0000006aabc00000,0x0000006aabd00000)]
  0x00000212b9965000 JavaThread "Unconstrained build operations Thread 76" [_thread_blocked, id=121900, stack(0x0000006aabd00000,0x0000006aabe00000)]
  0x00000212b9966000 JavaThread "Unconstrained build operations Thread 77" [_thread_blocked, id=118112, stack(0x0000006aabe00000,0x0000006aabf00000)]
  0x00000212b9963800 JavaThread "Unconstrained build operations Thread 78" [_thread_blocked, id=130788, stack(0x0000006aabf00000,0x0000006aac000000)]
  0x00000212b9962000 JavaThread "Unconstrained build operations Thread 79" [_thread_blocked, id=125480, stack(0x0000006aac000000,0x0000006aac100000)]
  0x00000212b9967000 JavaThread "Unconstrained build operations Thread 80" [_thread_blocked, id=126460, stack(0x0000006aac100000,0x0000006aac200000)]
  0x00000212b9967800 JavaThread "Unconstrained build operations Thread 81" [_thread_blocked, id=126712, stack(0x0000006aac200000,0x0000006aac300000)]
  0x00000212b9964800 JavaThread "Unconstrained build operations Thread 82" [_thread_blocked, id=110332, stack(0x0000006aac300000,0x0000006aac400000)]
  0x00000212b9968800 JavaThread "Unconstrained build operations Thread 83" [_thread_blocked, id=112644, stack(0x0000006aac400000,0x0000006aac500000)]
  0x00000212b9962800 JavaThread "Unconstrained build operations Thread 84" [_thread_blocked, id=110980, stack(0x0000006aac500000,0x0000006aac600000)]
  0x00000212b9969800 JavaThread "Unconstrained build operations Thread 85" [_thread_blocked, id=122400, stack(0x0000006aac600000,0x0000006aac700000)]
  0x00000212b996a000 JavaThread "Unconstrained build operations Thread 86" [_thread_blocked, id=130632, stack(0x0000006aac700000,0x0000006aac800000)]
  0x00000212b98e9000 JavaThread "Unconstrained build operations Thread 87" [_thread_blocked, id=127568, stack(0x0000006aac800000,0x0000006aac900000)]
  0x00000212b98e8000 JavaThread "Unconstrained build operations Thread 88" [_thread_blocked, id=102048, stack(0x0000006aac900000,0x0000006aaca00000)]
  0x00000212b98ea000 JavaThread "Unconstrained build operations Thread 89" [_thread_blocked, id=105716, stack(0x0000006aaca00000,0x0000006aacb00000)]
  0x00000212b98e4000 JavaThread "Unconstrained build operations Thread 90" [_thread_blocked, id=91776, stack(0x0000006aacb00000,0x0000006aacc00000)]
  0x00000212b98ea800 JavaThread "Unconstrained build operations Thread 91" [_thread_blocked, id=129812, stack(0x0000006aacc00000,0x0000006aacd00000)]
  0x00000212b98e5000 JavaThread "Unconstrained build operations Thread 92" [_thread_blocked, id=112620, stack(0x0000006aacd00000,0x0000006aace00000)]
  0x00000212b98e6800 JavaThread "Unconstrained build operations Thread 93" [_thread_blocked, id=109160, stack(0x0000006aace00000,0x0000006aacf00000)]
  0x00000212b98eb800 JavaThread "Unconstrained build operations Thread 94" [_thread_blocked, id=131052, stack(0x0000006aacf00000,0x0000006aad000000)]
  0x00000212b98e5800 JavaThread "Unconstrained build operations Thread 95" [_thread_blocked, id=120036, stack(0x0000006aad000000,0x0000006aad100000)]
  0x00000212b98ec000 JavaThread "Unconstrained build operations Thread 96" [_thread_blocked, id=100076, stack(0x0000006aad100000,0x0000006aad200000)]
  0x00000212b98ed000 JavaThread "Unconstrained build operations Thread 97" [_thread_blocked, id=126576, stack(0x0000006aad200000,0x0000006aad300000)]
  0x00000212b98e7800 JavaThread "Unconstrained build operations Thread 98" [_thread_blocked, id=76236, stack(0x0000006aad300000,0x0000006aad400000)]
  0x00000212b98f1000 JavaThread "Unconstrained build operations Thread 99" [_thread_blocked, id=53972, stack(0x0000006aad400000,0x0000006aad500000)]
  0x00000212b98f2000 JavaThread "Unconstrained build operations Thread 100" [_thread_blocked, id=130572, stack(0x0000006aad500000,0x0000006aad600000)]
  0x00000212b98f2800 JavaThread "Unconstrained build operations Thread 101" [_thread_blocked, id=130112, stack(0x0000006aad600000,0x0000006aad700000)]
  0x00000212b98f0800 JavaThread "Unconstrained build operations Thread 102" [_thread_blocked, id=129376, stack(0x0000006aad700000,0x0000006aad800000)]
  0x00000212b98ee000 JavaThread "Unconstrained build operations Thread 103" [_thread_blocked, id=112772, stack(0x0000006aad800000,0x0000006aad900000)]
  0x00000212b98ef800 JavaThread "Unconstrained build operations Thread 104" [_thread_blocked, id=130084, stack(0x0000006aad900000,0x0000006aada00000)]
  0x00000212b98ee800 JavaThread "Unconstrained build operations Thread 105" [_thread_blocked, id=109456, stack(0x0000006aada00000,0x0000006aadb00000)]
  0x00000212b98cd000 JavaThread "Unconstrained build operations Thread 106" [_thread_blocked, id=120252, stack(0x0000006aadb00000,0x0000006aadc00000)]
  0x00000212b98cf000 JavaThread "Unconstrained build operations Thread 107" [_thread_blocked, id=126616, stack(0x0000006aadc00000,0x0000006aadd00000)]
  0x00000212b98d2000 JavaThread "Unconstrained build operations Thread 108" [_thread_blocked, id=130064, stack(0x0000006aadd00000,0x0000006aade00000)]
  0x00000212b98cf800 JavaThread "Unconstrained build operations Thread 109" [_thread_blocked, id=121480, stack(0x0000006aade00000,0x0000006aadf00000)]
  0x00000212b98d0800 JavaThread "Unconstrained build operations Thread 110" [_thread_blocked, id=65056, stack(0x0000006aadf00000,0x0000006aae000000)]
  0x00000212b98cc800 JavaThread "Unconstrained build operations Thread 111" [_thread_blocked, id=128488, stack(0x0000006aae000000,0x0000006aae100000)]
  0x00000212b98d1800 JavaThread "Unconstrained build operations Thread 112" [_thread_blocked, id=130768, stack(0x0000006aae100000,0x0000006aae200000)]
  0x00000212b98d3000 JavaThread "Unconstrained build operations Thread 113" [_thread_blocked, id=128908, stack(0x0000006aae200000,0x0000006aae300000)]
  0x00000212b98d3800 JavaThread "Unconstrained build operations Thread 114" [_thread_blocked, id=128916, stack(0x0000006aae300000,0x0000006aae400000)]
  0x00000212b98ce000 JavaThread "Unconstrained build operations Thread 115" [_thread_blocked, id=125808, stack(0x0000006aae400000,0x0000006aae500000)]
  0x00000212b98da000 JavaThread "Unconstrained build operations Thread 116" [_thread_blocked, id=124328, stack(0x0000006aae500000,0x0000006aae600000)]
  0x00000212b98d7000 JavaThread "Unconstrained build operations Thread 117" [_thread_blocked, id=130612, stack(0x0000006aae600000,0x0000006aae700000)]
  0x00000212b98d6000 JavaThread "Unconstrained build operations Thread 118" [_thread_blocked, id=105136, stack(0x0000006aae700000,0x0000006aae800000)]
  0x00000212b98d8000 JavaThread "Unconstrained build operations Thread 119" [_thread_blocked, id=112968, stack(0x0000006aae800000,0x0000006aae900000)]
  0x00000212b98d8800 JavaThread "Unconstrained build operations Thread 120" [_thread_blocked, id=112444, stack(0x0000006aae900000,0x0000006aaea00000)]
  0x00000212b98d9800 JavaThread "jar transforms Thread 4" [_thread_blocked, id=131032, stack(0x0000006aaea00000,0x0000006aaeb00000)]
  0x00000212b98d5800 JavaThread "jar transforms Thread 5" [_thread_blocked, id=118768, stack(0x0000006aaeb00000,0x0000006aaec00000)]
  0x00000212b98d4800 JavaThread "jar transforms Thread 6" [_thread_blocked, id=100396, stack(0x0000006aaec00000,0x0000006aaed00000)]
  0x00000212b98db000 JavaThread "jar transforms Thread 7" [_thread_blocked, id=123272, stack(0x0000006aaed00000,0x0000006aaee00000)]
  0x00000212b983d800 JavaThread "jar transforms Thread 8" [_thread_blocked, id=107564, stack(0x0000006aaee00000,0x0000006aaef00000)]
  0x00000212b9840000 JavaThread "jar transforms Thread 9" [_thread_blocked, id=115352, stack(0x0000006aaef00000,0x0000006aaf000000)]
  0x00000212b983c000 JavaThread "jar transforms Thread 10" [_thread_blocked, id=108120, stack(0x0000006aaf000000,0x0000006aaf100000)]
  0x00000212b983e800 JavaThread "jar transforms Thread 11" [_thread_blocked, id=127608, stack(0x0000006aaf100000,0x0000006aaf200000)]
  0x00000212b983f800 JavaThread "jar transforms Thread 12" [_thread_blocked, id=90020, stack(0x0000006aaf200000,0x0000006aaf300000)]

Other Threads:
  0x00000212b2e20000 VMThread "VM Thread" [stack: 0x0000006aa4100000,0x0000006aa4200000] [id=129480]
  0x00000212b3936800 WatcherThread [stack: 0x0000006aa4b00000,0x0000006aa4c00000] [id=120468]
  0x0000021298567000 GCTaskThread "GC Thread#0" [stack: 0x0000006aa3c00000,0x0000006aa3d00000] [id=103816]
  0x00000212b435f800 GCTaskThread "GC Thread#1" [stack: 0x0000006aa4c00000,0x0000006aa4d00000] [id=130828]
  0x00000212b5142000 GCTaskThread "GC Thread#2" [stack: 0x0000006aa4e00000,0x0000006aa4f00000] [id=116572]
  0x00000212b5056800 GCTaskThread "GC Thread#3" [stack: 0x0000006aa4f00000,0x0000006aa5000000] [id=118640]
  0x00000212b5f75800 GCTaskThread "GC Thread#4" [stack: 0x0000006aa5d00000,0x0000006aa5e00000] [id=78200]
  0x00000212b5f76000 GCTaskThread "GC Thread#5" [stack: 0x0000006aa5e00000,0x0000006aa5f00000] [id=114968]
  0x00000212b5f76800 GCTaskThread "GC Thread#6" [stack: 0x0000006aa5f00000,0x0000006aa6000000] [id=130100]
  0x00000212b5f77800 GCTaskThread "GC Thread#7" [stack: 0x0000006aa6000000,0x0000006aa6100000] [id=117776]
  0x00000212b5c84000 GCTaskThread "GC Thread#8" [stack: 0x0000006aa6100000,0x0000006aa6200000] [id=122896]
  0x00000212b5c85000 GCTaskThread "GC Thread#9" [stack: 0x0000006aa6200000,0x0000006aa6300000] [id=125652]
  0x000002129859a000 ConcurrentGCThread "G1 Main Marker" [stack: 0x0000006aa3d00000,0x0000006aa3e00000] [id=128540]
  0x000002129859b000 ConcurrentGCThread "G1 Conc#0" [stack: 0x0000006aa3e00000,0x0000006aa3f00000] [id=115416]
  0x00000212b5c42000 ConcurrentGCThread "G1 Conc#1" [stack: 0x0000006aa6300000,0x0000006aa6400000] [id=79168]
  0x00000212b5c43800 ConcurrentGCThread "G1 Conc#2" [stack: 0x0000006aa6400000,0x0000006aa6500000] [id=87308]
  0x000002129862a000 ConcurrentGCThread "G1 Refine#0" [stack: 0x0000006aa3f00000,0x0000006aa4000000] [id=122496]
  0x00000212b4fc5800 ConcurrentGCThread "G1 Refine#1" [stack: 0x0000006aa5000000,0x0000006aa5100000] [id=71168]
  0x000002129862d000 ConcurrentGCThread "G1 Young RemSet Sampling" [stack: 0x0000006aa4000000,0x0000006aa4100000] [id=118268]

Threads with active compile tasks:
C2 CompilerThread0   9704 5173       4       org.codehaus.groovy.reflection.CachedMethod::compareToCachedMethod (160 bytes)

VM state:not at safepoint (normal execution)

VM Mutex/Monitor currently owned by a thread: None

Heap address: 0x0000000080000000, size: 2048 MB, Compressed Oops mode: 32-bit
Narrow klass base: 0x0000000000000000, Narrow klass shift: 3
Compressed class space size: 1073741824 Address: 0x0000000100000000

Heap:
 garbage-first heap   total 96256K, used 72362K [0x0000000080000000, 0x0000000100000000)
  region size 1024K, 40 young (40960K), 5 survivors (5120K)
 Metaspace       used 50060K, capacity 51591K, committed 51792K, reserved 1093632K
  class space    used 6322K, capacity 6881K, committed 6912K, reserved 1048576K
Heap Regions: E=young(eden), S=young(survivor), O=old, HS=humongous(starts), HC=humongous(continues), CS=collection set, F=free, A=archive, TAMS=top-at-mark-start (previous, next)
|   0|0x0000000080000000, 0x0000000080100000, 0x0000000080100000|100%| O|  |TAMS 0x0000000080100000, 0x0000000080000000| Untracked 
|   1|0x0000000080100000, 0x0000000080200000, 0x0000000080200000|100%| O|  |TAMS 0x0000000080200000, 0x0000000080100000| Untracked 
|   2|0x0000000080200000, 0x0000000080300000, 0x0000000080300000|100%| O|  |TAMS 0x0000000080300000, 0x0000000080200000| Untracked 
|   3|0x0000000080300000, 0x0000000080400000, 0x0000000080400000|100%|HS|  |TAMS 0x0000000080400000, 0x0000000080300000| Complete 
|   4|0x0000000080400000, 0x0000000080500000, 0x0000000080500000|100%|HC|  |TAMS 0x0000000080500000, 0x0000000080400000| Complete 
|   5|0x0000000080500000, 0x0000000080600000, 0x0000000080600000|100%|HC|  |TAMS 0x0000000080600000, 0x0000000080500000| Complete 
|   6|0x0000000080600000, 0x0000000080700000, 0x0000000080700000|100%| O|  |TAMS 0x0000000080700000, 0x0000000080600000| Untracked 
|   7|0x0000000080700000, 0x0000000080800000, 0x0000000080800000|100%| O|  |TAMS 0x0000000080800000, 0x0000000080700000| Untracked 
|   8|0x0000000080800000, 0x0000000080900000, 0x0000000080900000|100%| O|  |TAMS 0x0000000080900000, 0x0000000080800000| Untracked 
|   9|0x0000000080900000, 0x0000000080a00000, 0x0000000080a00000|100%| O|  |TAMS 0x0000000080a00000, 0x0000000080900000| Untracked 
|  10|0x0000000080a00000, 0x0000000080b00000, 0x0000000080b00000|100%| O|  |TAMS 0x0000000080b00000, 0x0000000080a00000| Untracked 
|  11|0x0000000080b00000, 0x0000000080c00000, 0x0000000080c00000|100%| O|  |TAMS 0x0000000080c00000, 0x0000000080b00000| Untracked 
|  12|0x0000000080c00000, 0x0000000080d00000, 0x0000000080d00000|100%| O|  |TAMS 0x0000000080d00000, 0x0000000080c00000| Untracked 
|  13|0x0000000080d00000, 0x0000000080e00000, 0x0000000080e00000|100%| O|  |TAMS 0x0000000080e00000, 0x0000000080d00000| Untracked 
|  14|0x0000000080e00000, 0x0000000080f00000, 0x0000000080f00000|100%| O|  |TAMS 0x0000000080f00000, 0x0000000080e00000| Untracked 
|  15|0x0000000080f00000, 0x0000000081000000, 0x0000000081000000|100%| O|  |TAMS 0x0000000081000000, 0x0000000080f00000| Untracked 
|  16|0x0000000081000000, 0x0000000081100000, 0x0000000081100000|100%| O|  |TAMS 0x000000008109d400, 0x0000000081000000| Untracked 
|  17|0x0000000081100000, 0x0000000081200000, 0x0000000081200000|100%| O|  |TAMS 0x0000000081100000, 0x0000000081100000| Untracked 
|  18|0x0000000081200000, 0x0000000081300000, 0x0000000081300000|100%| O|  |TAMS 0x0000000081200000, 0x0000000081200000| Untracked 
|  19|0x0000000081300000, 0x0000000081400000, 0x0000000081400000|100%| O|  |TAMS 0x0000000081300000, 0x0000000081300000| Untracked 
|  20|0x0000000081400000, 0x0000000081500000, 0x0000000081500000|100%| O|  |TAMS 0x0000000081400000, 0x0000000081400000| Untracked 
|  21|0x0000000081500000, 0x0000000081600000, 0x0000000081600000|100%| O|  |TAMS 0x0000000081500000, 0x0000000081500000| Untracked 
|  22|0x0000000081600000, 0x0000000081700000, 0x0000000081700000|100%| O|  |TAMS 0x0000000081600000, 0x0000000081600000| Untracked 
|  23|0x0000000081700000, 0x0000000081800000, 0x0000000081800000|100%| O|  |TAMS 0x0000000081700000, 0x0000000081700000| Untracked 
|  24|0x0000000081800000, 0x0000000081900000, 0x0000000081900000|100%| O|  |TAMS 0x0000000081800000, 0x0000000081800000| Untracked 
|  25|0x0000000081900000, 0x0000000081a00000, 0x0000000081a00000|100%| O|  |TAMS 0x0000000081900000, 0x0000000081900000| Untracked 
|  26|0x0000000081a00000, 0x0000000081b00000, 0x0000000081b00000|100%| O|  |TAMS 0x0000000081a00000, 0x0000000081a00000| Untracked 
|  27|0x0000000081b00000, 0x0000000081b5b600, 0x0000000081c00000| 35%| O|  |TAMS 0x0000000081b00000, 0x0000000081b00000| Untracked 
|  28|0x0000000081c00000, 0x0000000081d00000, 0x0000000081d00000|100%|HS|  |TAMS 0x0000000081c00000, 0x0000000081c00000| Complete 
|  29|0x0000000081d00000, 0x0000000081e00000, 0x0000000081e00000|100%|HS|  |TAMS 0x0000000081d00000, 0x0000000081d00000| Complete 
|  30|0x0000000081e00000, 0x0000000081f00000, 0x0000000081f00000|100%|HS|  |TAMS 0x0000000081e00000, 0x0000000081e00000| Complete 
|  31|0x0000000081f00000, 0x0000000082000000, 0x0000000082000000|100%|HS|  |TAMS 0x0000000081f00000, 0x0000000081f00000| Complete 
|  32|0x0000000082000000, 0x0000000082100000, 0x0000000082100000|100%|HC|  |TAMS 0x0000000082000000, 0x0000000082000000| Complete 
|  33|0x0000000082100000, 0x0000000082100000, 0x0000000082200000|  0%| F|  |TAMS 0x0000000082100000, 0x0000000082100000| Untracked 
|  34|0x0000000082200000, 0x0000000082200000, 0x0000000082300000|  0%| F|  |TAMS 0x0000000082200000, 0x0000000082200000| Untracked 
|  35|0x0000000082300000, 0x0000000082300000, 0x0000000082400000|  0%| F|  |TAMS 0x0000000082300000, 0x0000000082300000| Untracked 
|  36|0x0000000082400000, 0x0000000082400000, 0x0000000082500000|  0%| F|  |TAMS 0x0000000082400000, 0x0000000082400000| Untracked 
|  37|0x0000000082500000, 0x0000000082500000, 0x0000000082600000|  0%| F|  |TAMS 0x0000000082500000, 0x0000000082500000| Untracked 
|  38|0x0000000082600000, 0x0000000082600000, 0x0000000082700000|  0%| F|  |TAMS 0x0000000082600000, 0x0000000082600000| Untracked 
|  39|0x0000000082700000, 0x0000000082700000, 0x0000000082800000|  0%| F|  |TAMS 0x0000000082700000, 0x0000000082700000| Untracked 
|  40|0x0000000082800000, 0x0000000082800000, 0x0000000082900000|  0%| F|  |TAMS 0x0000000082800000, 0x0000000082800000| Untracked 
|  41|0x0000000082900000, 0x000000008294f2b8, 0x0000000082a00000| 30%| S|CS|TAMS 0x0000000082900000, 0x0000000082900000| Complete 
|  42|0x0000000082a00000, 0x0000000082b00000, 0x0000000082b00000|100%| S|CS|TAMS 0x0000000082a00000, 0x0000000082a00000| Complete 
|  43|0x0000000082b00000, 0x0000000082c00000, 0x0000000082c00000|100%| S|CS|TAMS 0x0000000082b00000, 0x0000000082b00000| Complete 
|  44|0x0000000082c00000, 0x0000000082c00000, 0x0000000082d00000|  0%| F|  |TAMS 0x0000000082c00000, 0x0000000082c00000| Untracked 
|  45|0x0000000082d00000, 0x0000000082d00000, 0x0000000082e00000|  0%| F|  |TAMS 0x0000000082d00000, 0x0000000082d00000| Untracked 
|  46|0x0000000082e00000, 0x0000000082e00000, 0x0000000082f00000|  0%| F|  |TAMS 0x0000000082e00000, 0x0000000082e00000| Untracked 
|  47|0x0000000082f00000, 0x0000000082f00000, 0x0000000083000000|  0%| F|  |TAMS 0x0000000082f00000, 0x0000000082f00000| Untracked 
|  48|0x0000000083000000, 0x0000000083100000, 0x0000000083100000|100%| S|CS|TAMS 0x0000000083000000, 0x0000000083000000| Complete 
|  49|0x0000000083100000, 0x0000000083200000, 0x0000000083200000|100%| S|CS|TAMS 0x0000000083100000, 0x0000000083100000| Complete 
|  50|0x0000000083200000, 0x0000000083200000, 0x0000000083300000|  0%| F|  |TAMS 0x0000000083200000, 0x0000000083200000| Untracked 
|  51|0x0000000083300000, 0x0000000083300000, 0x0000000083400000|  0%| F|  |TAMS 0x0000000083300000, 0x0000000083300000| Untracked 
|  52|0x0000000083400000, 0x0000000083400000, 0x0000000083500000|  0%| F|  |TAMS 0x0000000083400000, 0x0000000083400000| Untracked 
|  53|0x0000000083500000, 0x0000000083500000, 0x0000000083600000|  0%| F|  |TAMS 0x0000000083500000, 0x0000000083500000| Untracked 
|  54|0x0000000083600000, 0x0000000083600000, 0x0000000083700000|  0%| F|  |TAMS 0x0000000083600000, 0x0000000083600000| Untracked 
|  55|0x0000000083700000, 0x0000000083700000, 0x0000000083800000|  0%| F|  |TAMS 0x0000000083700000, 0x0000000083700000| Untracked 
|  56|0x0000000083800000, 0x0000000083800000, 0x0000000083900000|  0%| F|  |TAMS 0x0000000083800000, 0x0000000083800000| Untracked 
|  57|0x0000000083900000, 0x0000000083900000, 0x0000000083a00000|  0%| F|  |TAMS 0x0000000083900000, 0x0000000083900000| Untracked 
|  58|0x0000000083a00000, 0x0000000083a00000, 0x0000000083b00000|  0%| F|  |TAMS 0x0000000083a00000, 0x0000000083a00000| Untracked 
|  59|0x0000000083b00000, 0x0000000083b982b8, 0x0000000083c00000| 59%| E|  |TAMS 0x0000000083b00000, 0x0000000083b00000| Complete 
|  60|0x0000000083c00000, 0x0000000083d00000, 0x0000000083d00000|100%| E|CS|TAMS 0x0000000083c00000, 0x0000000083c00000| Complete 
|  61|0x0000000083d00000, 0x0000000083e00000, 0x0000000083e00000|100%| E|CS|TAMS 0x0000000083d00000, 0x0000000083d00000| Complete 
|  62|0x0000000083e00000, 0x0000000083f00000, 0x0000000083f00000|100%| E|CS|TAMS 0x0000000083e00000, 0x0000000083e00000| Complete 
|  63|0x0000000083f00000, 0x0000000084000000, 0x0000000084000000|100%| E|CS|TAMS 0x0000000083f00000, 0x0000000083f00000| Complete 
|  64|0x0000000084000000, 0x0000000084100000, 0x0000000084100000|100%| E|CS|TAMS 0x0000000084000000, 0x0000000084000000| Complete 
|  65|0x0000000084100000, 0x0000000084200000, 0x0000000084200000|100%| E|CS|TAMS 0x0000000084100000, 0x0000000084100000| Complete 
|  66|0x0000000084200000, 0x0000000084300000, 0x0000000084300000|100%| E|CS|TAMS 0x0000000084200000, 0x0000000084200000| Complete 
|  67|0x0000000084300000, 0x0000000084400000, 0x0000000084400000|100%| E|CS|TAMS 0x0000000084300000, 0x0000000084300000| Complete 
|  68|0x0000000084400000, 0x0000000084500000, 0x0000000084500000|100%| E|CS|TAMS 0x0000000084400000, 0x0000000084400000| Complete 
|  69|0x0000000084500000, 0x0000000084600000, 0x0000000084600000|100%| E|CS|TAMS 0x0000000084500000, 0x0000000084500000| Complete 
|  70|0x0000000084600000, 0x0000000084700000, 0x0000000084700000|100%| E|CS|TAMS 0x0000000084600000, 0x0000000084600000| Complete 
|  71|0x0000000084700000, 0x0000000084800000, 0x0000000084800000|100%| E|CS|TAMS 0x0000000084700000, 0x0000000084700000| Complete 
|  72|0x0000000084800000, 0x0000000084900000, 0x0000000084900000|100%| E|CS|TAMS 0x0000000084800000, 0x0000000084800000| Complete 
|  73|0x0000000084900000, 0x0000000084a00000, 0x0000000084a00000|100%| E|CS|TAMS 0x0000000084900000, 0x0000000084900000| Complete 
|  74|0x0000000084a00000, 0x0000000084b00000, 0x0000000084b00000|100%| E|CS|TAMS 0x0000000084a00000, 0x0000000084a00000| Complete 
|  75|0x0000000084b00000, 0x0000000084c00000, 0x0000000084c00000|100%| E|CS|TAMS 0x0000000084b00000, 0x0000000084b00000| Complete 
|  76|0x0000000084c00000, 0x0000000084d00000, 0x0000000084d00000|100%| E|CS|TAMS 0x0000000084c00000, 0x0000000084c00000| Complete 
|  77|0x0000000084d00000, 0x0000000084e00000, 0x0000000084e00000|100%| E|CS|TAMS 0x0000000084d00000, 0x0000000084d00000| Complete 
|  78|0x0000000084e00000, 0x0000000084f00000, 0x0000000084f00000|100%| E|CS|TAMS 0x0000000084e00000, 0x0000000084e00000| Complete 
|  79|0x0000000084f00000, 0x0000000085000000, 0x0000000085000000|100%| E|CS|TAMS 0x0000000084f00000, 0x0000000084f00000| Complete 
|  80|0x0000000085000000, 0x0000000085100000, 0x0000000085100000|100%| E|CS|TAMS 0x0000000085000000, 0x0000000085000000| Complete 
|  81|0x0000000085100000, 0x0000000085200000, 0x0000000085200000|100%| E|CS|TAMS 0x0000000085100000, 0x0000000085100000| Complete 
|  82|0x0000000085200000, 0x0000000085300000, 0x0000000085300000|100%| E|CS|TAMS 0x0000000085200000, 0x0000000085200000| Complete 
|  83|0x0000000085300000, 0x0000000085400000, 0x0000000085400000|100%| E|CS|TAMS 0x0000000085300000, 0x0000000085300000| Complete 
|  84|0x0000000085400000, 0x0000000085500000, 0x0000000085500000|100%| E|CS|TAMS 0x0000000085400000, 0x0000000085400000| Complete 
|  85|0x0000000085500000, 0x0000000085600000, 0x0000000085600000|100%| E|CS|TAMS 0x0000000085500000, 0x0000000085500000| Complete 
|  86|0x0000000085600000, 0x0000000085700000, 0x0000000085700000|100%| E|CS|TAMS 0x0000000085600000, 0x0000000085600000| Complete 
|  87|0x0000000085700000, 0x0000000085800000, 0x0000000085800000|100%| E|CS|TAMS 0x0000000085700000, 0x0000000085700000| Complete 
|  88|0x0000000085800000, 0x0000000085900000, 0x0000000085900000|100%| E|CS|TAMS 0x0000000085800000, 0x0000000085800000| Complete 
|  89|0x0000000085900000, 0x0000000085a00000, 0x0000000085a00000|100%| E|CS|TAMS 0x0000000085900000, 0x0000000085900000| Complete 
|  90|0x0000000085a00000, 0x0000000085b00000, 0x0000000085b00000|100%| E|CS|TAMS 0x0000000085a00000, 0x0000000085a00000| Complete 
|  91|0x0000000085b00000, 0x0000000085c00000, 0x0000000085c00000|100%| E|CS|TAMS 0x0000000085b00000, 0x0000000085b00000| Complete 
|  92|0x0000000085c00000, 0x0000000085d00000, 0x0000000085d00000|100%| E|CS|TAMS 0x0000000085c00000, 0x0000000085c00000| Complete 
|  93|0x0000000085d00000, 0x0000000085e00000, 0x0000000085e00000|100%| E|CS|TAMS 0x0000000085d00000, 0x0000000085d00000| Complete 

Card table byte_map: [0x00000212ab9c0000,0x00000212abdc0000] _byte_map_base: 0x00000212ab5c0000

Marking Bits (Prev, Next): (CMBitMap*) 0x0000021298591238, (CMBitMap*) 0x0000021298591270
 Prev Bits: [0x00000212ac1c0000, 0x00000212ae1c0000)
 Next Bits: [0x00000212ae1c0000, 0x00000212b01c0000)

Polling page: 0x0000021297d30000

Metaspace:

Usage:
  Non-class:     43.72 MB capacity,    42.79 MB ( 98%) used,   825.41 KB (  2%) free+waste,   135.69 KB ( <1%) overhead. 
      Class:      6.72 MB capacity,     6.17 MB ( 92%) used,   493.65 KB (  7%) free+waste,    64.56 KB ( <1%) overhead. 
       Both:     50.44 MB capacity,    48.96 MB ( 97%) used,     1.29 MB (  3%) free+waste,   200.25 KB ( <1%) overhead. 

Virtual space:
  Non-class space:       44.00 MB reserved,      43.83 MB (>99%) committed 
      Class space:        1.00 GB reserved,       6.75 MB ( <1%) committed 
             Both:        1.04 GB reserved,      50.58 MB (  5%) committed 

Chunk freelists:
   Non-Class:  42.00 KB
       Class:  0 bytes
        Both:  42.00 KB

MaxMetaspaceSize: 17179869184.00 GB
CompressedClassSpaceSize: 1.00 GB
Initial GC threshold: 20.80 MB
Current GC threshold: 58.88 MB
CDS: off

CodeHeap 'non-profiled nmethods': size=120000Kb used=2477Kb max_used=2477Kb free=117522Kb
 bounds [0x00000212a3b40000, 0x00000212a3db0000, 0x00000212ab070000]
CodeHeap 'profiled nmethods': size=120000Kb used=10816Kb max_used=10816Kb free=109183Kb
 bounds [0x000002129c610000, 0x000002129d0b0000, 0x00000212a3b40000]
CodeHeap 'non-nmethods': size=5760Kb used=2288Kb max_used=2329Kb free=3471Kb
 bounds [0x000002129c070000, 0x000002129c2e0000, 0x000002129c610000]
 total_blobs=6095 nmethods=5307 adapters=700
 compilation: enabled
              stopped_count=0, restarted_count=0
 full_count=0

Compilation events (20 events):
Event: 9.597 Thread 0x00000212b37b9000 5335       3       java.security.PermissionCollection::<init> (5 bytes)
Event: 9.597 Thread 0x00000212b37b9000 nmethod 5335 0x000002129d086810 code [0x000002129d0869c0, 0x000002129d086b18]
Event: 9.600 Thread 0x00000212b37b9000 5336       3       com.google.common.collect.MapMakerInternalMap$StrongKeyWeakValueSegment::maybeDrainReferenceQueues (9 bytes)
Event: 9.600 Thread 0x00000212b37b9000 nmethod 5336 0x000002129d086c10 code [0x000002129d086dc0, 0x000002129d086f68]
Event: 9.600 Thread 0x00000212b37b9000 5337       3       com.google.common.collect.MapMakerInternalMap$Segment::drainValueReferenceQueue (42 bytes)
Event: 9.600 Thread 0x00000212b37b9000 nmethod 5337 0x000002129d087010 code [0x000002129d087260, 0x000002129d087ce8]
Event: 9.601 Thread 0x00000212b37b9000 5338       3       com.google.common.collect.MapMakerInternalMap$StrongKeyWeakValueEntry$Helper::setValue (14 bytes)
Event: 9.601 Thread 0x00000212b37b9000 nmethod 5338 0x000002129d088090 code [0x000002129d0882a0, 0x000002129d088958]
Event: 9.605 Thread 0x00000212b37b9000 5339   !   3       org.gradle.internal.classloader.FilteringClassLoader::loadClass (62 bytes)
Event: 9.605 Thread 0x00000212b37b9000 nmethod 5339 0x000002129d088c10 code [0x000002129d088ee0, 0x000002129d089ce8]
Event: 9.607 Thread 0x00000212b37b9000 5340       3       java.lang.ClassLoader::findClass (9 bytes)
Event: 9.607 Thread 0x00000212b37b9000 nmethod 5340 0x000002129d08a210 code [0x000002129d08a3c0, 0x000002129d08a548]
Event: 9.646 Thread 0x00000212b37b9000 5341   !   3       com.google.common.collect.MapMakerInternalMap$Segment::runLockedCleanup (34 bytes)
Event: 9.647 Thread 0x00000212b37b9000 nmethod 5341 0x000002129d08a610 code [0x000002129d08a820, 0x000002129d08adf8]
Event: 9.656 Thread 0x00000212b37b9000 5342   !   3       com.google.common.collect.MapMakerInternalMap$Segment::get (58 bytes)
Event: 9.656 Thread 0x00000212b37b9000 nmethod 5342 0x000002129d08b010 code [0x000002129d08b2e0, 0x000002129d08c5c8]
Event: 9.656 Thread 0x00000212b37b9000 5343       3       com.google.common.collect.MapMakerInternalMap$Segment::getLiveEntry (7 bytes)
Event: 9.657 Thread 0x00000212b37b9000 nmethod 5343 0x000002129d08cc90 code [0x000002129d08ce40, 0x000002129d08cfe8]
Event: 9.657 Thread 0x00000212b37b9000 5344       3       com.google.common.collect.MapMakerInternalMap$Segment::postReadCleanup (18 bytes)
Event: 9.657 Thread 0x00000212b37b9000 nmethod 5344 0x000002129d08d090 code [0x000002129d08d260, 0x000002129d08d5a8]

GC Heap History (20 events):
Event: 1.912 GC heap before
{Heap before GC invocations=0 (full 0):
 garbage-first heap   total 96256K, used 29696K [0x0000000080000000, 0x0000000100000000)
  region size 1024K, 24 young (24576K), 0 survivors (0K)
 Metaspace       used 10242K, capacity 10499K, committed 10624K, reserved 1058816K
  class space    used 1054K, capacity 1141K, committed 1152K, reserved 1048576K
}
Event: 1.921 GC heap after
{Heap after GC invocations=1 (full 0):
 garbage-first heap   total 96256K, used 9118K [0x0000000080000000, 0x0000000100000000)
  region size 1024K, 3 young (3072K), 3 survivors (3072K)
 Metaspace       used 10242K, capacity 10499K, committed 10624K, reserved 1058816K
  class space    used 1054K, capacity 1141K, committed 1152K, reserved 1048576K
}
Event: 3.125 GC heap before
{Heap before GC invocations=1 (full 0):
 garbage-first heap   total 96256K, used 63390K [0x0000000080000000, 0x0000000100000000)
  region size 1024K, 56 young (57344K), 3 survivors (3072K)
 Metaspace       used 13634K, capacity 14017K, committed 14208K, reserved 1062912K
  class space    used 1483K, capacity 1591K, committed 1664K, reserved 1048576K
}
Event: 3.134 GC heap after
{Heap after GC invocations=2 (full 0):
 garbage-first heap   total 96256K, used 14958K [0x0000000080000000, 0x0000000100000000)
  region size 1024K, 7 young (7168K), 7 survivors (7168K)
 Metaspace       used 13634K, capacity 14017K, committed 14208K, reserved 1062912K
  class space    used 1483K, capacity 1591K, committed 1664K, reserved 1048576K
}
Event: 4.866 GC heap before
{Heap before GC invocations=2 (full 0):
 garbage-first heap   total 96256K, used 58990K [0x0000000080000000, 0x0000000100000000)
  region size 1024K, 51 young (52224K), 7 survivors (7168K)
 Metaspace       used 20711K, capacity 21159K, committed 21296K, reserved 1069056K
  class space    used 2506K, capacity 2633K, committed 2688K, reserved 1048576K
}
Event: 4.878 GC heap after
{Heap after GC invocations=3 (full 0):
 garbage-first heap   total 96256K, used 17424K [0x0000000080000000, 0x0000000100000000)
  region size 1024K, 3 young (3072K), 3 survivors (3072K)
 Metaspace       used 20711K, capacity 21159K, committed 21296K, reserved 1069056K
  class space    used 2506K, capacity 2633K, committed 2688K, reserved 1048576K
}
Event: 5.739 GC heap before
{Heap before GC invocations=4 (full 0):
 garbage-first heap   total 96256K, used 64528K [0x0000000080000000, 0x0000000100000000)
  region size 1024K, 49 young (50176K), 3 survivors (3072K)
 Metaspace       used 25647K, capacity 26220K, committed 26544K, reserved 1073152K
  class space    used 3290K, capacity 3475K, committed 3584K, reserved 1048576K
}
Event: 5.743 GC heap after
{Heap after GC invocations=5 (full 0):
 garbage-first heap   total 96256K, used 19172K [0x0000000080000000, 0x0000000100000000)
  region size 1024K, 4 young (4096K), 4 survivors (4096K)
 Metaspace       used 25647K, capacity 26220K, committed 26544K, reserved 1073152K
  class space    used 3290K, capacity 3475K, committed 3584K, reserved 1048576K
}
Event: 6.503 GC heap before
{Heap before GC invocations=5 (full 0):
 garbage-first heap   total 96256K, used 68324K [0x0000000080000000, 0x0000000100000000)
  region size 1024K, 52 young (53248K), 4 survivors (4096K)
 Metaspace       used 30546K, capacity 31253K, committed 31408K, reserved 1077248K
  class space    used 4035K, capacity 4306K, committed 4352K, reserved 1048576K
}
Event: 6.508 GC heap after
{Heap after GC invocations=6 (full 0):
 garbage-first heap   total 96256K, used 20418K [0x0000000080000000, 0x0000000100000000)
  region size 1024K, 4 young (4096K), 4 survivors (4096K)
 Metaspace       used 30546K, capacity 31253K, committed 31408K, reserved 1077248K
  class space    used 4035K, capacity 4306K, committed 4352K, reserved 1048576K
}
Event: 6.879 GC heap before
{Heap before GC invocations=6 (full 0):
 garbage-first heap   total 96256K, used 33730K [0x0000000080000000, 0x0000000100000000)
  region size 1024K, 18 young (18432K), 4 survivors (4096K)
 Metaspace       used 35011K, capacity 35793K, committed 35920K, reserved 1081344K
  class space    used 4485K, capacity 4799K, committed 4864K, reserved 1048576K
}
Event: 6.886 GC heap after
{Heap after GC invocations=7 (full 0):
 garbage-first heap   total 96256K, used 22753K [0x0000000080000000, 0x0000000100000000)
  region size 1024K, 6 young (6144K), 6 survivors (6144K)
 Metaspace       used 35011K, capacity 35793K, committed 35920K, reserved 1081344K
  class space    used 4485K, capacity 4799K, committed 4864K, reserved 1048576K
}
Event: 7.403 GC heap before
{Heap before GC invocations=8 (full 0):
 garbage-first heap   total 96256K, used 70881K [0x0000000080000000, 0x0000000100000000)
  region size 1024K, 51 young (52224K), 6 survivors (6144K)
 Metaspace       used 39227K, capacity 40119K, committed 40272K, reserved 1085440K
  class space    used 4946K, capacity 5277K, committed 5376K, reserved 1048576K
}
Event: 7.412 GC heap after
{Heap after GC invocations=9 (full 0):
 garbage-first heap   total 96256K, used 26926K [0x0000000080000000, 0x0000000100000000)
  region size 1024K, 7 young (7168K), 7 survivors (7168K)
 Metaspace       used 39227K, capacity 40119K, committed 40272K, reserved 1085440K
  class space    used 4946K, capacity 5277K, committed 5376K, reserved 1048576K
}
Event: 7.883 GC heap before
{Heap before GC invocations=9 (full 0):
 garbage-first heap   total 96256K, used 71982K [0x0000000080000000, 0x0000000100000000)
  region size 1024K, 50 young (51200K), 7 survivors (7168K)
 Metaspace       used 42995K, capacity 44015K, committed 44240K, reserved 1087488K
  class space    used 5389K, capacity 5757K, committed 5760K, reserved 1048576K
}
Event: 7.888 GC heap after
{Heap after GC invocations=10 (full 0):
 garbage-first heap   total 96256K, used 28686K [0x0000000080000000, 0x0000000100000000)
  region size 1024K, 3 young (3072K), 3 survivors (3072K)
 Metaspace       used 42995K, capacity 44015K, committed 44240K, reserved 1087488K
  class space    used 5389K, capacity 5757K, committed 5760K, reserved 1048576K
}
Event: 8.320 GC heap before
{Heap before GC invocations=10 (full 0):
 garbage-first heap   total 96256K, used 72718K [0x0000000080000000, 0x0000000100000000)
  region size 1024K, 46 young (47104K), 3 survivors (3072K)
 Metaspace       used 46101K, capacity 47355K, committed 47696K, reserved 1091584K
  class space    used 5844K, capacity 6297K, committed 6400K, reserved 1048576K
}
Event: 8.325 GC heap after
{Heap after GC invocations=11 (full 0):
 garbage-first heap   total 96256K, used 29552K [0x0000000080000000, 0x0000000100000000)
  region size 1024K, 4 young (4096K), 4 survivors (4096K)
 Metaspace       used 46101K, capacity 47355K, committed 47696K, reserved 1091584K
  class space    used 5844K, capacity 6297K, committed 6400K, reserved 1048576K
}
Event: 9.044 GC heap before
{Heap before GC invocations=11 (full 0):
 garbage-first heap   total 96256K, used 74608K [0x0000000080000000, 0x0000000100000000)
  region size 1024K, 48 young (49152K), 4 survivors (4096K)
 Metaspace       used 47676K, capacity 48970K, committed 49104K, reserved 1091584K
  class space    used 6010K, capacity 6510K, committed 6528K, reserved 1048576K
}
Event: 9.049 GC heap after
{Heap after GC invocations=12 (full 0):
 garbage-first heap   total 96256K, used 32426K [0x0000000080000000, 0x0000000100000000)
  region size 1024K, 5 young (5120K), 5 survivors (5120K)
 Metaspace       used 47676K, capacity 48970K, committed 49104K, reserved 1091584K
  class space    used 6010K, capacity 6510K, committed 6528K, reserved 1048576K
}

Deoptimization events (20 events):
Event: 9.079 Thread 0x00000212b58a2800 DEOPT PACKING pc=0x000002129c94deda sp=0x0000006aa56f1ad0
Event: 9.079 Thread 0x00000212b58a2800 DEOPT UNPACKING pc=0x000002129c0ba95e sp=0x0000006aa56f0f68 mode 0
Event: 9.097 Thread 0x00000212b58a2800 DEOPT PACKING pc=0x000002129d008504 sp=0x0000006aa56f19f0
Event: 9.097 Thread 0x00000212b58a2800 DEOPT UNPACKING pc=0x000002129c0ba95e sp=0x0000006aa56f0fe0 mode 0
Event: 9.156 Thread 0x00000212b58a2800 DEOPT PACKING pc=0x000002129d008504 sp=0x0000006aa56f1960
Event: 9.156 Thread 0x00000212b58a2800 DEOPT UNPACKING pc=0x000002129c0ba95e sp=0x0000006aa56f0f38 mode 0
Event: 9.194 Thread 0x00000212b58a2800 DEOPT PACKING pc=0x000002129d008504 sp=0x0000006aa56f1960
Event: 9.194 Thread 0x00000212b58a2800 DEOPT UNPACKING pc=0x000002129c0ba95e sp=0x0000006aa56f0f38 mode 0
Event: 9.233 Thread 0x00000212b58a2800 DEOPT PACKING pc=0x000002129d008504 sp=0x0000006aa56f1830
Event: 9.233 Thread 0x00000212b58a2800 DEOPT UNPACKING pc=0x000002129c0ba95e sp=0x0000006aa56f0e08 mode 0
Event: 9.286 Thread 0x00000212b58a2800 DEOPT PACKING pc=0x000002129d008504 sp=0x0000006aa56f1830
Event: 9.286 Thread 0x00000212b58a2800 DEOPT UNPACKING pc=0x000002129c0ba95e sp=0x0000006aa56f0e08 mode 0
Event: 9.456 Thread 0x00000212b58a2800 Uncommon trap: trap_request=0xffffff4d fr.pc=0x00000212a3d3309c relative=0x000000000000007c
Event: 9.456 Thread 0x00000212b58a2800 Uncommon trap: reason=unstable_if action=reinterpret pc=0x00000212a3d3309c method=java.util.Spliterator.getExactSizeIfKnown()J @ 9 c2
Event: 9.456 Thread 0x00000212b58a2800 DEOPT PACKING pc=0x00000212a3d3309c sp=0x0000006aa56fb140
Event: 9.456 Thread 0x00000212b58a2800 DEOPT UNPACKING pc=0x000002129c0ba1af sp=0x0000006aa56fb0d8 mode 2
Event: 9.491 Thread 0x00000212b58a2800 Uncommon trap: trap_request=0xffffff4d fr.pc=0x00000212a3b97984 relative=0x00000000000005a4
Event: 9.491 Thread 0x00000212b58a2800 Uncommon trap: reason=unstable_if action=reinterpret pc=0x00000212a3b97984 method=java.util.jar.Manifest$FastInputStream.readLine([BII)I @ 130 c2
Event: 9.491 Thread 0x00000212b58a2800 DEOPT PACKING pc=0x00000212a3b97984 sp=0x0000006aa56f77a0
Event: 9.491 Thread 0x00000212b58a2800 DEOPT UNPACKING pc=0x000002129c0ba1af sp=0x0000006aa56f7730 mode 2

Classes redefined (0 events):
No events

Internal exceptions (20 events):
Event: 9.432 Thread 0x00000212b58a2800 Exception <a 'java/lang/ClassNotFoundException'{0x0000000084c09020}: org/gradle/api/DefaultTaskBeanInfo> (0x0000000084c09020) thrown at [./src/hotspot/share/classfile/systemDictionary.cpp, line 231]
Event: 9.432 Thread 0x00000212b58a2800 Exception <a 'java/lang/ClassNotFoundException'{0x0000000084c36770}: org/gradle/api/internal/AbstractTaskBeanInfo> (0x0000000084c36770) thrown at [./src/hotspot/share/classfile/systemDictionary.cpp, line 231]
Event: 9.433 Thread 0x00000212b58a2800 Exception <a 'java/lang/ClassNotFoundException'{0x0000000084c645d8}: org/gradle/api/internal/AbstractTaskCustomizer> (0x0000000084c645d8) thrown at [./src/hotspot/share/classfile/systemDictionary.cpp, line 231]
Event: 9.435 Thread 0x00000212b58a2800 Exception <a 'java/lang/ClassNotFoundException'{0x0000000084cd6d28}: org/gradle/api/DefaultTaskCustomizer> (0x0000000084cd6d28) thrown at [./src/hotspot/share/classfile/systemDictionary.cpp, line 231]
Event: 9.438 Thread 0x00000212b58a2800 Exception <a 'java/lang/ClassNotFoundException'{0x0000000084b58a20}: org/gradle/api/internal/ConventionTaskCustomizer> (0x0000000084b58a20) thrown at [./src/hotspot/share/classfile/systemDictionary.cpp, line 231]
Event: 9.439 Thread 0x00000212b58a2800 Exception <a 'java/lang/ClassNotFoundException'{0x0000000084b90cb0}: org/gradle/api/tasks/DeleteCustomizer> (0x0000000084b90cb0) thrown at [./src/hotspot/share/classfile/systemDictionary.cpp, line 231]
Event: 9.440 Thread 0x00000212b58a2800 Exception <a 'java/lang/ClassNotFoundException'{0x0000000084bcfc70}: org/gradle/api/tasks/Delete_DecoratedCustomizer> (0x0000000084bcfc70) thrown at [./src/hotspot/share/classfile/systemDictionary.cpp, line 231]
Event: 9.455 Thread 0x00000212b58a2800 Exception <a 'java/lang/NoSuchMethodError'{0x0000000084ae3390}: 'long java.lang.invoke.DirectMethodHandle$Holder.invokeVirtual(java.lang.Object, java.lang.Object)'> (0x0000000084ae3390) thrown at [./src/hotspot/share/interpreter/linkResolver.cpp, line 773]
Event: 9.458 Thread 0x00000212b5a0d800 Exception <a 'java/lang/NoSuchMethodError'{0x000000008498aae8}: <clinit>> (0x000000008498aae8) thrown at [./src/hotspot/share/prims/jni.cpp, line 1366]
Event: 9.463 Thread 0x00000212b5a0d800 Exception <a 'java/lang/NoSuchMethodError'{0x00000000849a8e40}: <clinit>> (0x00000000849a8e40) thrown at [./src/hotspot/share/prims/jni.cpp, line 1366]
Event: 9.463 Thread 0x00000212b5a0d800 Exception <a 'java/lang/NoSuchMethodError'{0x00000000849aa1b0}: <clinit>> (0x00000000849aa1b0) thrown at [./src/hotspot/share/prims/jni.cpp, line 1366]
Event: 9.463 Thread 0x00000212b5a0d800 Exception <a 'java/lang/NoSuchMethodError'{0x00000000849ab4b8}: <clinit>> (0x00000000849ab4b8) thrown at [./src/hotspot/share/prims/jni.cpp, line 1366]
Event: 9.463 Thread 0x00000212b5a0d800 Exception <a 'java/lang/NoSuchMethodError'{0x00000000849ac4d8}: <clinit>> (0x00000000849ac4d8) thrown at [./src/hotspot/share/prims/jni.cpp, line 1366]
Event: 9.465 Thread 0x00000212b5a0d800 Exception <a 'java/lang/NoSuchMethodError'{0x00000000849bf168}: <clinit>> (0x00000000849bf168) thrown at [./src/hotspot/share/prims/jni.cpp, line 1366]
Event: 9.465 Thread 0x00000212b5a0d800 Exception <a 'java/lang/NoSuchMethodError'{0x00000000849c99a8}: <clinit>> (0x00000000849c99a8) thrown at [./src/hotspot/share/prims/jni.cpp, line 1366]
Event: 9.467 Thread 0x00000212b5a0d800 Exception <a 'java/lang/NoSuchMethodError'{0x00000000849ddc68}: <clinit>> (0x00000000849ddc68) thrown at [./src/hotspot/share/prims/jni.cpp, line 1366]
Event: 9.483 Thread 0x00000212b58a2800 Exception <a 'java/lang/ClassNotFoundException'{0x000000008483f1f0}: build_2dful60i1ir9ud622o47h7hl3BeanInfo> (0x000000008483f1f0) thrown at [./src/hotspot/share/classfile/systemDictionary.cpp, line 231]
Event: 9.483 Thread 0x00000212b58a2800 Exception <a 'java/lang/ClassNotFoundException'{0x000000008484a1a8}: build_2dful60i1ir9ud622o47h7hl3Customizer> (0x000000008484a1a8) thrown at [./src/hotspot/share/classfile/systemDictionary.cpp, line 231]
Event: 9.487 Thread 0x00000212b58a2800 Exception <a 'java/lang/ClassNotFoundException'{0x00000000848ae0c0}: org/gradle/api/internal/plugins/DefaultObjectConfigurationActionBeanInfo> (0x00000000848ae0c0) thrown at [./src/hotspot/share/classfile/systemDictionary.cpp, line 231]
Event: 9.488 Thread 0x00000212b58a2800 Exception <a 'java/lang/ClassNotFoundException'{0x00000000848e11d0}: org/gradle/api/internal/plugins/DefaultObjectConfigurationActionCustomizer> (0x00000000848e11d0) thrown at [./src/hotspot/share/classfile/systemDictionary.cpp, line 231]

Events (20 events):
Event: 9.653 loading class com/android/build/api/variant/HasTestFixtures
Event: 9.653 loading class com/android/build/api/variant/HasTestFixtures done
Event: 9.654 loading class com/android/build/gradle/internal/component/ApplicationCreationConfig
Event: 9.654 loading class com/android/build/gradle/internal/component/ApplicationCreationConfig done
Event: 9.654 loading class com/android/build/gradle/internal/component/ApkCreationConfig
Event: 9.654 loading class com/android/build/gradle/internal/component/ApkCreationConfig done
Event: 9.654 loading class com/android/build/gradle/internal/component/ConsumableCreationConfig
Event: 9.654 loading class com/android/build/gradle/internal/component/ConsumableCreationConfig done
Event: 9.655 loading class com/android/build/gradle/internal/component/VariantCreationConfig
Event: 9.655 loading class com/android/build/gradle/internal/component/VariantCreationConfig done
Event: 9.655 loading class com/android/build/gradle/internal/component/ComponentCreationConfig
Event: 9.655 loading class com/android/build/gradle/internal/component/ComponentCreationConfig done
Event: 9.655 loading class com/android/build/api/variant/impl/HasAndroidTest
Event: 9.655 loading class com/android/build/api/variant/impl/HasAndroidTest done
Event: 9.656 loading class com/android/build/api/variant/impl/HasTestFixtures
Event: 9.656 loading class com/android/build/api/variant/impl/HasTestFixtures done
Event: 9.657 loading class com/android/build/api/variant/impl/VariantImpl
Event: 9.657 loading class com/android/build/api/variant/impl/VariantImpl done
Event: 9.659 loading class com/android/build/api/component/impl/ComponentImpl
Event: 9.659 loading class com/android/build/api/component/impl/ComponentImpl done


Dynamic libraries:
0x00007ff716220000 - 0x00007ff71622a000 	C:\Program Files\Android\Android Studio\jre\bin\java.exe
0x00007ffbcb0c0000 - 0x00007ffbcb2c9000 	C:\Windows\SYSTEM32\ntdll.dll
0x00007ffbc9640000 - 0x00007ffbc96fe000 	C:\Windows\System32\KERNEL32.DLL
0x00007ffbc8800000 - 0x00007ffbc8b83000 	C:\Windows\System32\KERNELBASE.dll
0x00007ffbc8570000 - 0x00007ffbc8681000 	C:\Windows\System32\ucrtbase.dll
0x00007ffbc47b0000 - 0x00007ffbc47c9000 	C:\Program Files\Android\Android Studio\jre\bin\jli.dll
0x00007ffbbf8d0000 - 0x00007ffbbf8e7000 	C:\Program Files\Android\Android Studio\jre\bin\VCRUNTIME140.dll
0x00007ffbcab60000 - 0x00007ffbcad0d000 	C:\Windows\System32\USER32.dll
0x00007ffbc8b90000 - 0x00007ffbc8bb6000 	C:\Windows\System32\win32u.dll
0x00007ffbcad10000 - 0x00007ffbcad39000 	C:\Windows\System32\GDI32.dll
0x00007ffbc8bc0000 - 0x00007ffbc8cda000 	C:\Windows\System32\gdi32full.dll
0x00007ffbc8ce0000 - 0x00007ffbc8d7d000 	C:\Windows\System32\msvcp_win.dll
0x00007ffbaba20000 - 0x00007ffbabcc5000 	C:\Windows\WinSxS\amd64_microsoft.windows.common-controls_6595b64144ccf1df_6.0.22000.120_none_9d947278b86cc467\COMCTL32.dll
0x00007ffbc9b70000 - 0x00007ffbc9c13000 	C:\Windows\System32\msvcrt.dll
0x00007ffbc8fe0000 - 0x00007ffbc9011000 	C:\Windows\System32\IMM32.DLL
0x00007ffbba820000 - 0x00007ffbba8bd000 	C:\Program Files\Android\Android Studio\jre\bin\msvcp140.dll
0x00007ffb70050000 - 0x00007ffb70b52000 	C:\Program Files\Android\Android Studio\jre\bin\server\jvm.dll
0x00007ffbcad40000 - 0x00007ffbcadee000 	C:\Windows\System32\ADVAPI32.dll
0x00007ffbc9e40000 - 0x00007ffbc9ede000 	C:\Windows\System32\sechost.dll
0x00007ffbca8e0000 - 0x00007ffbcaa01000 	C:\Windows\System32\RPCRT4.dll
0x00007ffbc90d0000 - 0x00007ffbc90d8000 	C:\Windows\System32\PSAPI.DLL
0x00007ffbbf870000 - 0x00007ffbbf87a000 	C:\Windows\SYSTEM32\VERSION.dll
0x00007ffbc2850000 - 0x00007ffbc2883000 	C:\Windows\SYSTEM32\WINMM.dll
0x00007ffba1790000 - 0x00007ffba1799000 	C:\Windows\SYSTEM32\WSOCK32.dll
0x00007ffbc90e0000 - 0x00007ffbc914f000 	C:\Windows\System32\WS2_32.dll
0x00007ffbc75f0000 - 0x00007ffbc7608000 	C:\Windows\SYSTEM32\kernel.appcore.dll
0x00007ffb7f4d0000 - 0x00007ffb7f4e1000 	C:\Program Files\Android\Android Studio\jre\bin\verify.dll
0x00007ffbc6110000 - 0x00007ffbc6331000 	C:\Windows\SYSTEM32\DBGHELP.DLL
0x00007ffbb88a0000 - 0x00007ffbb88d1000 	C:\Windows\SYSTEM32\dbgcore.DLL
0x00007ffbc8eb0000 - 0x00007ffbc8f2f000 	C:\Windows\System32\bcryptPrimitives.dll
0x00007ffb7cc70000 - 0x00007ffb7cc99000 	C:\Program Files\Android\Android Studio\jre\bin\java.dll
0x00007ffb9d260000 - 0x00007ffb9d26b000 	C:\Program Files\Android\Android Studio\jre\bin\jimage.dll
0x00007ffb7bf90000 - 0x00007ffb7bfa8000 	C:\Program Files\Android\Android Studio\jre\bin\zip.dll
0x00007ffbca000000 - 0x00007ffbca7c5000 	C:\Windows\System32\SHELL32.dll
0x00007ffbc6650000 - 0x00007ffbc6eb4000 	C:\Windows\SYSTEM32\windows.storage.dll
0x00007ffbc92c0000 - 0x00007ffbc9636000 	C:\Windows\System32\combase.dll
0x00007ffbc64e0000 - 0x00007ffbc6647000 	C:\Windows\SYSTEM32\wintypes.dll
0x00007ffbca7d0000 - 0x00007ffbca8ba000 	C:\Windows\System32\SHCORE.dll
0x00007ffbc9c20000 - 0x00007ffbc9c7d000 	C:\Windows\System32\shlwapi.dll
0x00007ffbc84a0000 - 0x00007ffbc84c1000 	C:\Windows\SYSTEM32\profapi.dll
0x00007ffb7b570000 - 0x00007ffb7b58a000 	C:\Program Files\Android\Android Studio\jre\bin\net.dll
0x00007ffbc2f20000 - 0x00007ffbc3032000 	C:\Windows\SYSTEM32\WINHTTP.dll
0x00007ffbc7a90000 - 0x00007ffbc7af7000 	C:\Windows\system32\mswsock.dll
0x00007ffb76d30000 - 0x00007ffb76d44000 	C:\Program Files\Android\Android Studio\jre\bin\nio.dll
0x00007ffbaf700000 - 0x00007ffbaf727000 	C:\Users\nraje\.gradle\native\e1d6ef7f7dcc3fd88c89a11ec53ec762bb8ba0a96d01ffa2cd45eb1d1d8dd5c5\windows-amd64\native-platform.dll
0x00007ffb93720000 - 0x00007ffb93864000 	C:\Users\nraje\.gradle\native\5664cfc778a61ccfe75a443a1ab52a65af34e5dc3c78e0209fed803814484fcb\windows-amd64\native-platform-file-events.dll
0x00007ffb9d130000 - 0x00007ffb9d13a000 	C:\Program Files\Android\Android Studio\jre\bin\management.dll
0x00007ffb994d0000 - 0x00007ffb994dd000 	C:\Program Files\Android\Android Studio\jre\bin\management_ext.dll
0x00007ffbc7cf0000 - 0x00007ffbc7d08000 	C:\Windows\SYSTEM32\CRYPTSP.dll
0x00007ffbc7550000 - 0x00007ffbc7585000 	C:\Windows\system32\rsaenh.dll
0x00007ffbc7b90000 - 0x00007ffbc7bb9000 	C:\Windows\SYSTEM32\USERENV.dll
0x00007ffbc7ed0000 - 0x00007ffbc7ef7000 	C:\Windows\SYSTEM32\bcrypt.dll
0x00007ffbc7ce0000 - 0x00007ffbc7cec000 	C:\Windows\SYSTEM32\CRYPTBASE.dll
0x00007ffbc7110000 - 0x00007ffbc713d000 	C:\Windows\SYSTEM32\IPHLPAPI.DLL
0x00007ffbca8d0000 - 0x00007ffbca8d9000 	C:\Windows\System32\NSI.dll
0x00007ffbc2f00000 - 0x00007ffbc2f19000 	C:\Windows\SYSTEM32\dhcpcsvc6.DLL
0x00007ffbc3560000 - 0x00007ffbc357e000 	C:\Windows\SYSTEM32\dhcpcsvc.DLL
0x00007ffbc7140000 - 0x00007ffbc7228000 	C:\Windows\SYSTEM32\DNSAPI.dll

dbghelp: loaded successfully - version: 4.0.5 - missing functions: none
symbol engine: initialized successfully - sym options: 0x614 - pdb path: .;C:\Program Files\Android\Android Studio\jre\bin;C:\Windows\SYSTEM32;C:\Windows\WinSxS\amd64_microsoft.windows.common-controls_6595b64144ccf1df_6.0.22000.120_none_9d947278b86cc467;C:\Program Files\Android\Android Studio\jre\bin\server;C:\Users\nraje\.gradle\native\e1d6ef7f7dcc3fd88c89a11ec53ec762bb8ba0a96d01ffa2cd45eb1d1d8dd5c5\windows-amd64;C:\Users\nraje\.gradle\native\5664cfc778a61ccfe75a443a1ab52a65af34e5dc3c78e0209fed803814484fcb\windows-amd64

VM Arguments:
jvm_args: --add-opens=java.base/java.util=ALL-UNNAMED --add-opens=java.base/java.lang=ALL-UNNAMED --add-opens=java.base/java.lang.invoke=ALL-UNNAMED --add-opens=java.base/java.util=ALL-UNNAMED --add-opens=java.prefs/java.util.prefs=ALL-UNNAMED --add-opens=java.prefs/java.util.prefs=ALL-UNNAMED --add-opens=java.base/java.nio.charset=ALL-UNNAMED --add-opens=java.base/java.net=ALL-UNNAMED --add-opens=java.base/java.util.concurrent.atomic=ALL-UNNAMED -Xmx2048m -Dfile.encoding=windows-1252 -Duser.country=IN -Duser.language=en -Duser.variant 
java_command: org.gradle.launcher.daemon.bootstrap.GradleDaemon 7.2
java_class_path (initial): C:\Users\nraje\.gradle\wrapper\dists\gradle-7.2-all\260hg96vuh6ex27h9vo47iv4d\gradle-7.2\lib\gradle-launcher-7.2.jar
Launcher Type: SUN_STANDARD

[Global flags]
     intx CICompilerCount                          = 4                                         {product} {ergonomic}
     uint ConcGCThreads                            = 3                                         {product} {ergonomic}
     uint G1ConcRefinementThreads                  = 10                                        {product} {ergonomic}
   size_t G1HeapRegionSize                         = 1048576                                   {product} {ergonomic}
    uintx GCDrainStackTargetSize                   = 64                                        {product} {ergonomic}
   size_t InitialHeapSize                          = 98566144                                  {product} {ergonomic}
   size_t MarkStackSize                            = 4194304                                   {product} {ergonomic}
   size_t MaxHeapSize                              = 2147483648                                {product} {command line}
   size_t MaxNewSize                               = 1287651328                                {product} {ergonomic}
   size_t MinHeapDeltaBytes                        = 1048576                                   {product} {ergonomic}
    uintx NonNMethodCodeHeapSize                   = 5836300                                {pd product} {ergonomic}
    uintx NonProfiledCodeHeapSize                  = 122910970                              {pd product} {ergonomic}
    uintx ProfiledCodeHeapSize                     = 122910970                              {pd product} {ergonomic}
    uintx ReservedCodeCacheSize                    = 251658240                              {pd product} {ergonomic}
     bool SegmentedCodeCache                       = true                                      {product} {ergonomic}
     bool UseCompressedClassPointers               = true                                 {lp64_product} {ergonomic}
     bool UseCompressedOops                        = true                                 {lp64_product} {ergonomic}
     bool UseG1GC                                  = true                                      {product} {ergonomic}
     bool UseLargePagesIndividualAllocation        = false                                  {pd product} {ergonomic}

Logging:
Log output configuration:
 #0: stdout all=warning uptime,level,tags
 #1: stderr all=off uptime,level,tags

Environment Variables:
PATH=C:\Program Files\Common Files\Oracle\Java\javapath;C:\Program Files (x86)\Common Files\Oracle\Java\javapath;C:\Windows\system32;C:\Windows;C:\Windows\System32\Wbem;C:\Windows\System32\WindowsPowerShell\v1.0\;C:\Windows\System32\OpenSSH\;C:\Program Files\Git\cmd;C:\Users\nraje\AppData\Local\Microsoft\WindowsApps\python.exe;C:\Users\nraje\AppData\Local\Microsoft\WindowsApps\python.exe;C:\Users\nraje\AppData\Local\Microsoft\WindowsApps\;C:\Users\nraje\AppData\Local\Microsoft\WindowsApps\;C:\Users\nraje\AppData\Local\Microsoft\WindowsApps;;C:\Users\nraje\AppData\Local\Programs\Microsoft VS Code\bin
USERNAME=nraje
OS=Windows_NT
PROCESSOR_IDENTIFIER=AMD64 Family 23 Model 104 Stepping 1, AuthenticAMD



---------------  S Y S T E M  ---------------

OS: Windows 11 , 64 bit Build 22000 (10.0.22000.1761)
OS uptime: 11 days 4:32 hours

CPU:total 12 (initial active 12) (12 cores per cpu, 2 threads per core) family 23 model 104 stepping 1 microcode 0x0, cmov, cx8, fxsr, mmx, sse, sse2, sse3, ssse3, sse4.1, sse4.2, popcnt, avx, avx2, aes, clmul, mmxext, 3dnowpref, lzcnt, sse4a, ht, tsc, tscinvbit, tscinv, bmi1, bmi2, adx, sha, fma

Memory: 4k page, system-wide physical 6005M (175M free)
TotalPageFile size 24437M (AvailPageFile size 4M)
current process WorkingSet (physical memory assigned to process): 260M, peak: 260M
current process commit charge ("private bytes"): 309M, peak: 310M

vm_info: OpenJDK 64-Bit Server VM (11.0.13+0-b1751.21-8125866) for windows-amd64 JRE (11.0.13+0-b1751.21-8125866), built on Feb  2 2022 03:00:22 by "builder" with MS VC++ 14.0 (VS2015)

END.
