#
# There is insufficient memory for the Java Runtime Environment to continue.
# Native memory allocation (malloc) failed to allocate 1645136 bytes for Chunk::new
# Possible reasons:
#   The system is out of physical RAM or swap space
#   The process is running with CompressedOops enabled, and the Java Heap may be blocking the growth of the native heap
# Possible solutions:
#   Reduce memory load on the system
#   Increase physical memory or swap space
#   Check if swap backing store is full
#   Decrease Java heap size (-Xmx/-Xms)
#   Decrease number of Java threads
#   Decrease Java thread stack sizes (-Xss)
#   Set larger code cache with -XX:ReservedCodeCacheSize=
#   JVM is running with Unscaled Compressed Oops mode in which the Java heap is
#     placed in the first 4GB address space. The Java Heap base address is the
#     maximum limit for the native heap growth. Please use -XX:HeapBaseMinAddress
#     to set the Java Heap base and to place the Java Heap above 4GB virtual address.
# This output file may be truncated or incomplete.
#
#  Out of Memory Error (./src/hotspot/share/memory/arena.cpp:197), pid=124944, tid=128700
#
# JRE version: OpenJDK Runtime Environment (11.0.13) (build 11.0.13+0-b1751.21-8125866)
# Java VM: OpenJDK 64-Bit Server VM (11.0.13+0-b1751.21-8125866, mixed mode, tiered, compressed oops, g1 gc, windows-amd64)
# No core dump will be written. Minidumps are not enabled by default on client versions of Windows
#

---------------  S U M M A R Y ------------

Command Line: --add-opens=java.base/java.util=ALL-UNNAMED --add-opens=java.base/java.lang=ALL-UNNAMED --add-opens=java.base/java.lang.invoke=ALL-UNNAMED --add-opens=java.base/java.util=ALL-UNNAMED --add-opens=java.prefs/java.util.prefs=ALL-UNNAMED --add-opens=java.prefs/java.util.prefs=ALL-UNNAMED --add-opens=java.base/java.nio.charset=ALL-UNNAMED --add-opens=java.base/java.net=ALL-UNNAMED --add-opens=java.base/java.util.concurrent.atomic=ALL-UNNAMED -Xmx2048m -Dfile.encoding=windows-1252 -Duser.country=IN -Duser.language=en -Duser.variant org.gradle.launcher.daemon.bootstrap.GradleDaemon 7.2

Host: AMD Ryzen 5 5500U with Radeon Graphics         , 12 cores, 5G,  Windows 11 , 64 bit Build 22000 (10.0.22000.1761)
Time: Thu May 11 23:23:22 2023 India Standard Time elapsed time: 9.775734 seconds (0d 0h 0m 9s)

---------------  T H R E A D  ---------------

Current thread (0x0000015cdb4f7000):  JavaThread "C2 CompilerThread0" daemon [_thread_in_native, id=128700, stack(0x00000055bda00000,0x00000055bdb00000)]


Current CompileTask:
C2:   9776 5325       4       org.codehaus.groovy.runtime.metaclass.MetaMethodIndex::isMatchingMethod (61 bytes)

Stack: [0x00000055bda00000,0x00000055bdb00000]
Native frames: (J=compiled Java code, j=interpreted, Vv=VM code, C=native code)
V  [jvm.dll+0x6100fa]
V  [jvm.dll+0x747090]
V  [jvm.dll+0x7486ad]
V  [jvm.dll+0x748d83]
V  [jvm.dll+0x24ab48]
V  [jvm.dll+0xc04dc]
V  [jvm.dll+0xc0a0c]
V  [jvm.dll+0x35eb5b]
V  [jvm.dll+0x32b833]
V  [jvm.dll+0x32ad2a]
V  [jvm.dll+0x2032b2]
V  [jvm.dll+0x202437]
V  [jvm.dll+0x188e01]
V  [jvm.dll+0x21106b]
V  [jvm.dll+0x20f8c1]
V  [jvm.dll+0x70de0f]
V  [jvm.dll+0x706a75]
V  [jvm.dll+0x60ed66]
C  [ucrtbase.dll+0x26c0c]
C  [KERNEL32.DLL+0x15590]
C  [ntdll.dll+0x485b]


---------------  P R O C E S S  ---------------

Threads class SMR info:
_java_thread_list=0x0000015ce021ca50, length=165, elements={
0x0000015cc02a3800, 0x0000015cdab6b000, 0x0000015cdab76000, 0x0000015cdb4f4000,
0x0000015cdb4f5000, 0x0000015cdb4f6000, 0x0000015cdb4f7000, 0x0000015cdb502800,
0x0000015cdab92800, 0x0000015cdb646000, 0x0000015cdcedb000, 0x0000015cdc522800,
0x0000015cdd650800, 0x0000015cdc898000, 0x0000015cddc34000, 0x0000015cdc339800,
0x0000015cdd719800, 0x0000015cdc4a1000, 0x0000015cdd4c6000, 0x0000015cdd820800,
0x0000015cdd81f000, 0x0000015cdd81d800, 0x0000015cdd821800, 0x0000015cdd822800,
0x0000015cdd820000, 0x0000015cdd823000, 0x0000015cdd824000, 0x0000015cdd81e000,
0x0000015cdfa29000, 0x0000015cdfa2a800, 0x0000015cdfa2f800, 0x0000015cdfa2b800,
0x0000015cdfa29800, 0x0000015cdfa31000, 0x0000015cdfa30000, 0x0000015cdfa32000,
0x0000015cdfa32800, 0x0000015cdfa2d000, 0x0000015cdfa33800, 0x0000015cdfa2e000,
0x0000015cdfa34800, 0x0000015cdfa2e800, 0x0000015cdfa37800, 0x0000015cdfa35000,
0x0000015cdfa36000, 0x0000015cdfa37000, 0x0000015cdf562000, 0x0000015cdf55d000,
0x0000015cdf561000, 0x0000015cdf55c000, 0x0000015cdf563000, 0x0000015cdf563800,
0x0000015cdf55e800, 0x0000015cdf55e000, 0x0000015cdf55f800, 0x0000015cdf564800,
0x0000015cdf565000, 0x0000015cdf566000, 0x0000015cdf560800, 0x0000015cdf56a000,
0x0000015cdf56b000, 0x0000015cdf567000, 0x0000015cdf567800, 0x0000015cdf568800,
0x0000015cdf569800, 0x0000015cdff69800, 0x0000015cdff6a000, 0x0000015cdff6e000,
0x0000015cdff68800, 0x0000015cdff6d800, 0x0000015cdff6f000, 0x0000015cdff70000,
0x0000015cdff6c000, 0x0000015cdff70800, 0x0000015cdff6c800, 0x0000015cdff6b000,
0x0000015cdff73000, 0x0000015cdff75800, 0x0000015cdff72800, 0x0000015cdff74000,
0x0000015cdff75000, 0x0000015cdff71800, 0x0000015cdff77000, 0x0000015cdff76800,
0x0000015cdfb12000, 0x0000015cdfb11000, 0x0000015cdfb0c000, 0x0000015cdfb12800,
0x0000015cdfb0e800, 0x0000015cdfb0d000, 0x0000015cdfb13800, 0x0000015cdfb0d800,
0x0000015cdfb15000, 0x0000015cdfb14000, 0x0000015cdfb0f800, 0x0000015cdfb16000,
0x0000015cdfb10000, 0x0000015cdfb16800, 0x0000015cdfb17800, 0x0000015cdfb1a000,
0x0000015cdfb1b000, 0x0000015cdfb18800, 0x0000015cdfb19000, 0x0000015ce0166800,
0x0000015ce0168000, 0x0000015ce0169000, 0x0000015ce0163000, 0x0000015ce0165000,
0x0000015ce0165800, 0x0000015ce0167800, 0x0000015ce0169800, 0x0000015ce0164000,
0x0000015ce016e000, 0x0000015ce016f800, 0x0000015ce016c000, 0x0000015ce016e800,
0x0000015ce0170000, 0x0000015ce016a800, 0x0000015ce0171000, 0x0000015ce016b800,
0x0000015ce0172000, 0x0000015ce016d000, 0x0000015ce0200000, 0x0000015ce0200800,
0x0000015ce01fc800, 0x0000015ce01fb000, 0x0000015ce01fb800, 0x0000015ce0203000,
0x0000015ce0201800, 0x0000015ce01fd800, 0x0000015ce0202000, 0x0000015ce01ff000,
0x0000015ce0204000, 0x0000015ce01fe000, 0x0000015ce0207000, 0x0000015ce0205800,
0x0000015ce0206800, 0x0000015ce0208000, 0x0000015ce0208800, 0x0000015ce0209800,
0x0000015ce0204800, 0x0000015ce0100000, 0x0000015ce0102800, 0x0000015ce0103800,
0x0000015ce0102000, 0x0000015ce00fe000, 0x0000015ce0101000, 0x0000015ce0104800,
0x0000015ce00fe800, 0x0000015ce0105000, 0x0000015ce00ff800, 0x0000015ce0109000,
0x0000015ce010a000, 0x0000015ce010b000, 0x0000015ce0106000, 0x0000015ce010b800,
0x0000015ce0108800, 0x0000015ce0107000, 0x0000015ce010c800, 0x0000015ce0107800,
0x0000015ce01ba000, 0x0000015ce01b6000, 0x0000015ce01b7000, 0x0000015ce01b8800,
0x0000015ce01bd800
}

Java Threads: ( => current thread )
  0x0000015cc02a3800 JavaThread "main" [_thread_blocked, id=118176, stack(0x00000055bce00000,0x00000055bcf00000)]
  0x0000015cdab6b000 JavaThread "Reference Handler" daemon [_thread_blocked, id=120440, stack(0x00000055bd500000,0x00000055bd600000)]
  0x0000015cdab76000 JavaThread "Finalizer" daemon [_thread_blocked, id=124744, stack(0x00000055bd600000,0x00000055bd700000)]
  0x0000015cdb4f4000 JavaThread "Signal Dispatcher" daemon [_thread_blocked, id=119092, stack(0x00000055bd700000,0x00000055bd800000)]
  0x0000015cdb4f5000 JavaThread "Attach Listener" daemon [_thread_blocked, id=122284, stack(0x00000055bd800000,0x00000055bd900000)]
  0x0000015cdb4f6000 JavaThread "Service Thread" daemon [_thread_blocked, id=131068, stack(0x00000055bd900000,0x00000055bda00000)]
=>0x0000015cdb4f7000 JavaThread "C2 CompilerThread0" daemon [_thread_in_native, id=128700, stack(0x00000055bda00000,0x00000055bdb00000)]
  0x0000015cdb502800 JavaThread "C1 CompilerThread0" daemon [_thread_blocked, id=125700, stack(0x00000055bdb00000,0x00000055bdc00000)]
  0x0000015cdab92800 JavaThread "Sweeper thread" daemon [_thread_blocked, id=129284, stack(0x00000055bdc00000,0x00000055bdd00000)]
  0x0000015cdb646000 JavaThread "Common-Cleaner" daemon [_thread_blocked, id=127048, stack(0x00000055bdd00000,0x00000055bde00000)]
  0x0000015cdcedb000 JavaThread "Daemon health stats" [_thread_blocked, id=124980, stack(0x00000055be000000,0x00000055be100000)]
  0x0000015cdc522800 JavaThread "Incoming local TCP Connector on port 53201" [_thread_in_native, id=117768, stack(0x00000055be300000,0x00000055be400000)]
  0x0000015cdd650800 JavaThread "Daemon periodic checks" [_thread_blocked, id=126816, stack(0x00000055be400000,0x00000055be500000)]
  0x0000015cdc898000 JavaThread "Daemon" [_thread_blocked, id=127248, stack(0x00000055be500000,0x00000055be600000)]
  0x0000015cddc34000 JavaThread "Handler for socket connection from /127.0.0.1:53201 to /127.0.0.1:53202" [_thread_in_native, id=130748, stack(0x00000055be600000,0x00000055be700000)]
  0x0000015cdc339800 JavaThread "Cancel handler" [_thread_blocked, id=117052, stack(0x00000055be700000,0x00000055be800000)]
  0x0000015cdd719800 JavaThread "Daemon worker" [_thread_in_Java, id=78444, stack(0x00000055be800000,0x00000055be900000)]
  0x0000015cdc4a1000 JavaThread "Asynchronous log dispatcher for DefaultDaemonConnection: socket connection from /127.0.0.1:53201 to /127.0.0.1:53202" [_thread_blocked, id=110980, stack(0x00000055be900000,0x00000055bea00000)]
  0x0000015cdd4c6000 JavaThread "Stdin handler" [_thread_blocked, id=115668, stack(0x00000055bea00000,0x00000055beb00000)]
  0x0000015cdd820800 JavaThread "Daemon client event forwarder" [_thread_blocked, id=130776, stack(0x00000055beb00000,0x00000055bec00000)]
  0x0000015cdd81f000 JavaThread "Cache worker for journal cache (C:\Users\nraje\.gradle\caches\journal-1)" [_thread_blocked, id=126052, stack(0x00000055bec00000,0x00000055bed00000)]
  0x0000015cdd81d800 JavaThread "File lock request listener" [_thread_in_native, id=128044, stack(0x00000055bed00000,0x00000055bee00000)]
  0x0000015cdd821800 JavaThread "Cache worker for file hash cache (C:\Users\nraje\.gradle\caches\7.2\fileHashes)" [_thread_blocked, id=121024, stack(0x00000055bee00000,0x00000055bef00000)]
  0x0000015cdd822800 JavaThread "Cache worker for file hash cache (C:\Users\nraje\AndroidStudioProjects\NOTEIT\.gradle\7.2\fileHashes)" [_thread_blocked, id=128104, stack(0x00000055bf700000,0x00000055bf800000)]
  0x0000015cdd820000 JavaThread "File watcher server" daemon [_thread_in_native, id=123564, stack(0x00000055bf800000,0x00000055bf900000)]
  0x0000015cdd823000 JavaThread "File watcher consumer" daemon [_thread_blocked, id=120116, stack(0x00000055bf900000,0x00000055bfa00000)]
  0x0000015cdd824000 JavaThread "Cache worker for checksums cache (C:\Users\nraje\AndroidStudioProjects\NOTEIT\.gradle\checksums)" [_thread_blocked, id=125708, stack(0x00000055bfa00000,0x00000055bfb00000)]
  0x0000015cdd81e000 JavaThread "Cache worker for cache directory md-supplier (C:\Users\nraje\.gradle\caches\7.2\md-supplier)" [_thread_blocked, id=81992, stack(0x00000055bfb00000,0x00000055bfc00000)]
  0x0000015cdfa29000 JavaThread "Cache worker for cache directory md-rule (C:\Users\nraje\.gradle\caches\7.2\md-rule)" [_thread_blocked, id=116360, stack(0x00000055bfc00000,0x00000055bfd00000)]
  0x0000015cdfa2a800 JavaThread "Cache worker for execution history cache (C:\Users\nraje\.gradle\caches\7.2\executionHistory)" [_thread_blocked, id=130928, stack(0x00000055bfd00000,0x00000055bfe00000)]
  0x0000015cdfa2f800 JavaThread "jar transforms" [_thread_blocked, id=128836, stack(0x00000055bfe00000,0x00000055bff00000)]
  0x0000015cdfa2b800 JavaThread "jar transforms Thread 2" [_thread_blocked, id=130136, stack(0x00000055bff00000,0x00000055c0000000)]
  0x0000015cdfa29800 JavaThread "Cache worker for file content cache (C:\Users\nraje\.gradle\caches\7.2\fileContent)" [_thread_blocked, id=104872, stack(0x00000055c0000000,0x00000055c0100000)]
  0x0000015cdfa31000 JavaThread "Cache worker for dependencies-accessors (C:\Users\nraje\AndroidStudioProjects\NOTEIT\.gradle\7.2\dependencies-accessors)" [_thread_blocked, id=128752, stack(0x00000055c0100000,0x00000055c0200000)]
  0x0000015cdfa30000 JavaThread "jar transforms Thread 3" [_thread_blocked, id=115932, stack(0x00000055c0200000,0x00000055c0300000)]
  0x0000015cdfa32000 JavaThread "Cache worker for Build Output Cleanup Cache (C:\Users\nraje\AndroidStudioProjects\NOTEIT\.gradle\buildOutputCleanup)" [_thread_blocked, id=112768, stack(0x00000055c0300000,0x00000055c0400000)]
  0x0000015cdfa32800 JavaThread "Unconstrained build operations" [_thread_blocked, id=99500, stack(0x00000055c0400000,0x00000055c0500000)]
  0x0000015cdfa2d000 JavaThread "Unconstrained build operations Thread 2" [_thread_blocked, id=130404, stack(0x00000055c0500000,0x00000055c0600000)]
  0x0000015cdfa33800 JavaThread "Unconstrained build operations Thread 3" [_thread_blocked, id=129632, stack(0x00000055c0600000,0x00000055c0700000)]
  0x0000015cdfa2e000 JavaThread "Unconstrained build operations Thread 4" [_thread_blocked, id=125028, stack(0x00000055c0700000,0x00000055c0800000)]
  0x0000015cdfa34800 JavaThread "Unconstrained build operations Thread 5" [_thread_blocked, id=123252, stack(0x00000055c0800000,0x00000055c0900000)]
  0x0000015cdfa2e800 JavaThread "Unconstrained build operations Thread 6" [_thread_blocked, id=112384, stack(0x00000055c0900000,0x00000055c0a00000)]
  0x0000015cdfa37800 JavaThread "Unconstrained build operations Thread 7" [_thread_blocked, id=102852, stack(0x00000055c0a00000,0x00000055c0b00000)]
  0x0000015cdfa35000 JavaThread "Unconstrained build operations Thread 8" [_thread_blocked, id=129264, stack(0x00000055c0b00000,0x00000055c0c00000)]
  0x0000015cdfa36000 JavaThread "Unconstrained build operations Thread 9" [_thread_blocked, id=128008, stack(0x00000055c0c00000,0x00000055c0d00000)]
  0x0000015cdfa37000 JavaThread "Unconstrained build operations Thread 10" [_thread_blocked, id=96172, stack(0x00000055c0d00000,0x00000055c0e00000)]
  0x0000015cdf562000 JavaThread "Unconstrained build operations Thread 11" [_thread_blocked, id=110268, stack(0x00000055c0e00000,0x00000055c0f00000)]
  0x0000015cdf55d000 JavaThread "Unconstrained build operations Thread 12" [_thread_blocked, id=126056, stack(0x00000055c0f00000,0x00000055c1000000)]
  0x0000015cdf561000 JavaThread "Unconstrained build operations Thread 13" [_thread_blocked, id=126792, stack(0x00000055c1000000,0x00000055c1100000)]
  0x0000015cdf55c000 JavaThread "Unconstrained build operations Thread 14" [_thread_blocked, id=122096, stack(0x00000055c1100000,0x00000055c1200000)]
  0x0000015cdf563000 JavaThread "Unconstrained build operations Thread 15" [_thread_blocked, id=119152, stack(0x00000055c1200000,0x00000055c1300000)]
  0x0000015cdf563800 JavaThread "Unconstrained build operations Thread 16" [_thread_blocked, id=117824, stack(0x00000055c1300000,0x00000055c1400000)]
  0x0000015cdf55e800 JavaThread "Unconstrained build operations Thread 17" [_thread_blocked, id=105296, stack(0x00000055c1400000,0x00000055c1500000)]
  0x0000015cdf55e000 JavaThread "Unconstrained build operations Thread 18" [_thread_blocked, id=130484, stack(0x00000055c1500000,0x00000055c1600000)]
  0x0000015cdf55f800 JavaThread "Unconstrained build operations Thread 19" [_thread_blocked, id=129480, stack(0x00000055c1600000,0x00000055c1700000)]
  0x0000015cdf564800 JavaThread "Unconstrained build operations Thread 20" [_thread_blocked, id=130956, stack(0x00000055c1700000,0x00000055c1800000)]
  0x0000015cdf565000 JavaThread "Unconstrained build operations Thread 21" [_thread_blocked, id=99436, stack(0x00000055c1800000,0x00000055c1900000)]
  0x0000015cdf566000 JavaThread "Unconstrained build operations Thread 22" [_thread_blocked, id=116788, stack(0x00000055c1900000,0x00000055c1a00000)]
  0x0000015cdf560800 JavaThread "Unconstrained build operations Thread 23" [_thread_blocked, id=129372, stack(0x00000055c1a00000,0x00000055c1b00000)]
  0x0000015cdf56a000 JavaThread "Unconstrained build operations Thread 24" [_thread_blocked, id=123492, stack(0x00000055c1b00000,0x00000055c1c00000)]
  0x0000015cdf56b000 JavaThread "Unconstrained build operations Thread 25" [_thread_blocked, id=129908, stack(0x00000055c1c00000,0x00000055c1d00000)]
  0x0000015cdf567000 JavaThread "Unconstrained build operations Thread 26" [_thread_blocked, id=130764, stack(0x00000055c1d00000,0x00000055c1e00000)]
  0x0000015cdf567800 JavaThread "Unconstrained build operations Thread 27" [_thread_blocked, id=128420, stack(0x00000055c1e00000,0x00000055c1f00000)]
  0x0000015cdf568800 JavaThread "Unconstrained build operations Thread 28" [_thread_blocked, id=128784, stack(0x00000055c1f00000,0x00000055c2000000)]
  0x0000015cdf569800 JavaThread "Unconstrained build operations Thread 29" [_thread_blocked, id=130012, stack(0x00000055c2000000,0x00000055c2100000)]
  0x0000015cdff69800 JavaThread "Unconstrained build operations Thread 30" [_thread_blocked, id=121452, stack(0x00000055c2100000,0x00000055c2200000)]
  0x0000015cdff6a000 JavaThread "Unconstrained build operations Thread 31" [_thread_blocked, id=119916, stack(0x00000055c2200000,0x00000055c2300000)]
  0x0000015cdff6e000 JavaThread "Unconstrained build operations Thread 32" [_thread_blocked, id=124172, stack(0x00000055c2300000,0x00000055c2400000)]
  0x0000015cdff68800 JavaThread "Unconstrained build operations Thread 33" [_thread_blocked, id=126404, stack(0x00000055c2400000,0x00000055c2500000)]
  0x0000015cdff6d800 JavaThread "Unconstrained build operations Thread 34" [_thread_blocked, id=126532, stack(0x00000055c2500000,0x00000055c2600000)]
  0x0000015cdff6f000 JavaThread "Unconstrained build operations Thread 35" [_thread_blocked, id=87932, stack(0x00000055c2600000,0x00000055c2700000)]
  0x0000015cdff70000 JavaThread "Unconstrained build operations Thread 36" [_thread_blocked, id=130936, stack(0x00000055c2700000,0x00000055c2800000)]
  0x0000015cdff6c000 JavaThread "Unconstrained build operations Thread 37" [_thread_blocked, id=129920, stack(0x00000055c2800000,0x00000055c2900000)]
  0x0000015cdff70800 JavaThread "Unconstrained build operations Thread 38" [_thread_blocked, id=93036, stack(0x00000055c2900000,0x00000055c2a00000)]
  0x0000015cdff6c800 JavaThread "Unconstrained build operations Thread 39" [_thread_blocked, id=114256, stack(0x00000055c2a00000,0x00000055c2b00000)]
  0x0000015cdff6b000 JavaThread "Unconstrained build operations Thread 40" [_thread_blocked, id=99488, stack(0x00000055c2b00000,0x00000055c2c00000)]
  0x0000015cdff73000 JavaThread "Unconstrained build operations Thread 41" [_thread_blocked, id=120568, stack(0x00000055c2c00000,0x00000055c2d00000)]
  0x0000015cdff75800 JavaThread "Unconstrained build operations Thread 42" [_thread_blocked, id=100768, stack(0x00000055c2d00000,0x00000055c2e00000)]
  0x0000015cdff72800 JavaThread "Unconstrained build operations Thread 43" [_thread_blocked, id=126564, stack(0x00000055c2e00000,0x00000055c2f00000)]
  0x0000015cdff74000 JavaThread "Unconstrained build operations Thread 44" [_thread_blocked, id=89380, stack(0x00000055c2f00000,0x00000055c3000000)]
  0x0000015cdff75000 JavaThread "Unconstrained build operations Thread 45" [_thread_blocked, id=120496, stack(0x00000055c3000000,0x00000055c3100000)]
  0x0000015cdff71800 JavaThread "Unconstrained build operations Thread 46" [_thread_blocked, id=122904, stack(0x00000055c3100000,0x00000055c3200000)]
  0x0000015cdff77000 JavaThread "Unconstrained build operations Thread 47" [_thread_blocked, id=111164, stack(0x00000055c3200000,0x00000055c3300000)]
  0x0000015cdff76800 JavaThread "Unconstrained build operations Thread 48" [_thread_blocked, id=127912, stack(0x00000055c3300000,0x00000055c3400000)]
  0x0000015cdfb12000 JavaThread "Unconstrained build operations Thread 49" [_thread_blocked, id=128100, stack(0x00000055c3400000,0x00000055c3500000)]
  0x0000015cdfb11000 JavaThread "Unconstrained build operations Thread 50" [_thread_blocked, id=110064, stack(0x00000055c3500000,0x00000055c3600000)]
  0x0000015cdfb0c000 JavaThread "Unconstrained build operations Thread 51" [_thread_blocked, id=128380, stack(0x00000055c3600000,0x00000055c3700000)]
  0x0000015cdfb12800 JavaThread "Unconstrained build operations Thread 52" [_thread_blocked, id=108144, stack(0x00000055c3700000,0x00000055c3800000)]
  0x0000015cdfb0e800 JavaThread "Unconstrained build operations Thread 53" [_thread_blocked, id=126000, stack(0x00000055c3800000,0x00000055c3900000)]
  0x0000015cdfb0d000 JavaThread "Unconstrained build operations Thread 54" [_thread_blocked, id=130428, stack(0x00000055c3900000,0x00000055c3a00000)]
  0x0000015cdfb13800 JavaThread "Unconstrained build operations Thread 55" [_thread_blocked, id=126576, stack(0x00000055c3a00000,0x00000055c3b00000)]
  0x0000015cdfb0d800 JavaThread "Unconstrained build operations Thread 56" [_thread_blocked, id=129192, stack(0x00000055c3b00000,0x00000055c3c00000)]
  0x0000015cdfb15000 JavaThread "Unconstrained build operations Thread 57" [_thread_blocked, id=126592, stack(0x00000055c3c00000,0x00000055c3d00000)]
  0x0000015cdfb14000 JavaThread "Unconstrained build operations Thread 58" [_thread_blocked, id=112100, stack(0x00000055c3d00000,0x00000055c3e00000)]
  0x0000015cdfb0f800 JavaThread "Unconstrained build operations Thread 59" [_thread_blocked, id=82904, stack(0x00000055c3e00000,0x00000055c3f00000)]
  0x0000015cdfb16000 JavaThread "Unconstrained build operations Thread 60" [_thread_blocked, id=124252, stack(0x00000055c3f00000,0x00000055c4000000)]
  0x0000015cdfb10000 JavaThread "Unconstrained build operations Thread 61" [_thread_blocked, id=119820, stack(0x00000055c4000000,0x00000055c4100000)]
  0x0000015cdfb16800 JavaThread "Unconstrained build operations Thread 62" [_thread_blocked, id=128496, stack(0x00000055c4100000,0x00000055c4200000)]
  0x0000015cdfb17800 JavaThread "Unconstrained build operations Thread 63" [_thread_blocked, id=115884, stack(0x00000055c4200000,0x00000055c4300000)]
  0x0000015cdfb1a000 JavaThread "Unconstrained build operations Thread 64" [_thread_blocked, id=130172, stack(0x00000055c4300000,0x00000055c4400000)]
  0x0000015cdfb1b000 JavaThread "Unconstrained build operations Thread 65" [_thread_blocked, id=128872, stack(0x00000055c4400000,0x00000055c4500000)]
  0x0000015cdfb18800 JavaThread "Unconstrained build operations Thread 66" [_thread_blocked, id=127272, stack(0x00000055c4500000,0x00000055c4600000)]
  0x0000015cdfb19000 JavaThread "Unconstrained build operations Thread 67" [_thread_blocked, id=123136, stack(0x00000055c4600000,0x00000055c4700000)]
  0x0000015ce0166800 JavaThread "Unconstrained build operations Thread 68" [_thread_blocked, id=124024, stack(0x00000055c4700000,0x00000055c4800000)]
  0x0000015ce0168000 JavaThread "Unconstrained build operations Thread 69" [_thread_blocked, id=125964, stack(0x00000055c4800000,0x00000055c4900000)]
  0x0000015ce0169000 JavaThread "Unconstrained build operations Thread 70" [_thread_blocked, id=129168, stack(0x00000055c4900000,0x00000055c4a00000)]
  0x0000015ce0163000 JavaThread "Unconstrained build operations Thread 71" [_thread_blocked, id=83844, stack(0x00000055c4a00000,0x00000055c4b00000)]
  0x0000015ce0165000 JavaThread "Unconstrained build operations Thread 72" [_thread_blocked, id=130228, stack(0x00000055c4b00000,0x00000055c4c00000)]
  0x0000015ce0165800 JavaThread "Unconstrained build operations Thread 73" [_thread_blocked, id=130372, stack(0x00000055c4c00000,0x00000055c4d00000)]
  0x0000015ce0167800 JavaThread "Unconstrained build operations Thread 74" [_thread_blocked, id=119316, stack(0x00000055c4d00000,0x00000055c4e00000)]
  0x0000015ce0169800 JavaThread "Unconstrained build operations Thread 75" [_thread_blocked, id=95300, stack(0x00000055c4e00000,0x00000055c4f00000)]
  0x0000015ce0164000 JavaThread "Unconstrained build operations Thread 76" [_thread_blocked, id=94608, stack(0x00000055c4f00000,0x00000055c5000000)]
  0x0000015ce016e000 JavaThread "Unconstrained build operations Thread 77" [_thread_blocked, id=126420, stack(0x00000055c5000000,0x00000055c5100000)]
  0x0000015ce016f800 JavaThread "Unconstrained build operations Thread 78" [_thread_blocked, id=122436, stack(0x00000055c5100000,0x00000055c5200000)]
  0x0000015ce016c000 JavaThread "Unconstrained build operations Thread 79" [_thread_blocked, id=99892, stack(0x00000055c5200000,0x00000055c5300000)]
  0x0000015ce016e800 JavaThread "Unconstrained build operations Thread 80" [_thread_blocked, id=130976, stack(0x00000055c5300000,0x00000055c5400000)]
  0x0000015ce0170000 JavaThread "Unconstrained build operations Thread 81" [_thread_blocked, id=128276, stack(0x00000055c5400000,0x00000055c5500000)]
  0x0000015ce016a800 JavaThread "Unconstrained build operations Thread 82" [_thread_blocked, id=115724, stack(0x00000055c5500000,0x00000055c5600000)]
  0x0000015ce0171000 JavaThread "Unconstrained build operations Thread 83" [_thread_blocked, id=110844, stack(0x00000055c5600000,0x00000055c5700000)]
  0x0000015ce016b800 JavaThread "Unconstrained build operations Thread 84" [_thread_blocked, id=128164, stack(0x00000055c5700000,0x00000055c5800000)]
  0x0000015ce0172000 JavaThread "Unconstrained build operations Thread 85" [_thread_blocked, id=124820, stack(0x00000055c5800000,0x00000055c5900000)]
  0x0000015ce016d000 JavaThread "Unconstrained build operations Thread 86" [_thread_blocked, id=130056, stack(0x00000055c5900000,0x00000055c5a00000)]
  0x0000015ce0200000 JavaThread "Unconstrained build operations Thread 87" [_thread_blocked, id=125972, stack(0x00000055c5a00000,0x00000055c5b00000)]
  0x0000015ce0200800 JavaThread "Unconstrained build operations Thread 88" [_thread_blocked, id=129612, stack(0x00000055c5b00000,0x00000055c5c00000)]
  0x0000015ce01fc800 JavaThread "Unconstrained build operations Thread 89" [_thread_blocked, id=126700, stack(0x00000055c5c00000,0x00000055c5d00000)]
  0x0000015ce01fb000 JavaThread "Unconstrained build operations Thread 90" [_thread_blocked, id=122264, stack(0x00000055c5d00000,0x00000055c5e00000)]
  0x0000015ce01fb800 JavaThread "Unconstrained build operations Thread 91" [_thread_blocked, id=120288, stack(0x00000055c5e00000,0x00000055c5f00000)]
  0x0000015ce0203000 JavaThread "Unconstrained build operations Thread 92" [_thread_blocked, id=106992, stack(0x00000055c5f00000,0x00000055c6000000)]
  0x0000015ce0201800 JavaThread "Unconstrained build operations Thread 93" [_thread_blocked, id=109388, stack(0x00000055c6000000,0x00000055c6100000)]
  0x0000015ce01fd800 JavaThread "Unconstrained build operations Thread 94" [_thread_blocked, id=107744, stack(0x00000055c6100000,0x00000055c6200000)]
  0x0000015ce0202000 JavaThread "Unconstrained build operations Thread 95" [_thread_blocked, id=130548, stack(0x00000055c6200000,0x00000055c6300000)]
  0x0000015ce01ff000 JavaThread "Unconstrained build operations Thread 96" [_thread_blocked, id=122136, stack(0x00000055c6300000,0x00000055c6400000)]
  0x0000015ce0204000 JavaThread "Unconstrained build operations Thread 97" [_thread_blocked, id=105784, stack(0x00000055c6400000,0x00000055c6500000)]
  0x0000015ce01fe000 JavaThread "Unconstrained build operations Thread 98" [_thread_blocked, id=111228, stack(0x00000055c6500000,0x00000055c6600000)]
  0x0000015ce0207000 JavaThread "Unconstrained build operations Thread 99" [_thread_blocked, id=126604, stack(0x00000055c6600000,0x00000055c6700000)]
  0x0000015ce0205800 JavaThread "Unconstrained build operations Thread 100" [_thread_blocked, id=111828, stack(0x00000055c6700000,0x00000055c6800000)]
  0x0000015ce0206800 JavaThread "Unconstrained build operations Thread 101" [_thread_blocked, id=126720, stack(0x00000055c6800000,0x00000055c6900000)]
  0x0000015ce0208000 JavaThread "Unconstrained build operations Thread 102" [_thread_blocked, id=110372, stack(0x00000055c6900000,0x00000055c6a00000)]
  0x0000015ce0208800 JavaThread "Unconstrained build operations Thread 103" [_thread_blocked, id=120468, stack(0x00000055c6a00000,0x00000055c6b00000)]
  0x0000015ce0209800 JavaThread "Unconstrained build operations Thread 104" [_thread_blocked, id=121068, stack(0x00000055c6b00000,0x00000055c6c00000)]
  0x0000015ce0204800 JavaThread "Unconstrained build operations Thread 105" [_thread_blocked, id=125448, stack(0x00000055c6c00000,0x00000055c6d00000)]
  0x0000015ce0100000 JavaThread "Unconstrained build operations Thread 106" [_thread_blocked, id=127652, stack(0x00000055c6d00000,0x00000055c6e00000)]
  0x0000015ce0102800 JavaThread "Unconstrained build operations Thread 107" [_thread_blocked, id=120972, stack(0x00000055c6e00000,0x00000055c6f00000)]
  0x0000015ce0103800 JavaThread "Unconstrained build operations Thread 108" [_thread_blocked, id=120256, stack(0x00000055c6f00000,0x00000055c7000000)]
  0x0000015ce0102000 JavaThread "Unconstrained build operations Thread 109" [_thread_blocked, id=111724, stack(0x00000055c7000000,0x00000055c7100000)]
  0x0000015ce00fe000 JavaThread "Unconstrained build operations Thread 110" [_thread_blocked, id=99796, stack(0x00000055c7100000,0x00000055c7200000)]
  0x0000015ce0101000 JavaThread "Unconstrained build operations Thread 111" [_thread_blocked, id=125436, stack(0x00000055c7200000,0x00000055c7300000)]
  0x0000015ce0104800 JavaThread "Unconstrained build operations Thread 112" [_thread_blocked, id=88244, stack(0x00000055c7300000,0x00000055c7400000)]
  0x0000015ce00fe800 JavaThread "Unconstrained build operations Thread 113" [_thread_blocked, id=124244, stack(0x00000055c7400000,0x00000055c7500000)]
  0x0000015ce0105000 JavaThread "Unconstrained build operations Thread 114" [_thread_blocked, id=124376, stack(0x00000055c7500000,0x00000055c7600000)]
  0x0000015ce00ff800 JavaThread "Unconstrained build operations Thread 115" [_thread_blocked, id=114928, stack(0x00000055c7600000,0x00000055c7700000)]
  0x0000015ce0109000 JavaThread "Unconstrained build operations Thread 116" [_thread_blocked, id=120724, stack(0x00000055c7700000,0x00000055c7800000)]
  0x0000015ce010a000 JavaThread "Unconstrained build operations Thread 117" [_thread_blocked, id=114744, stack(0x00000055c7800000,0x00000055c7900000)]
  0x0000015ce010b000 JavaThread "Unconstrained build operations Thread 118" [_thread_blocked, id=111012, stack(0x00000055c7900000,0x00000055c7a00000)]
  0x0000015ce0106000 JavaThread "Unconstrained build operations Thread 119" [_thread_blocked, id=115776, stack(0x00000055c7a00000,0x00000055c7b00000)]
  0x0000015ce010b800 JavaThread "Unconstrained build operations Thread 120" [_thread_blocked, id=109776, stack(0x00000055c7b00000,0x00000055c7c00000)]
  0x0000015ce0108800 JavaThread "jar transforms Thread 4" [_thread_blocked, id=118180, stack(0x00000055c7c00000,0x00000055c7d00000)]
  0x0000015ce0107000 JavaThread "jar transforms Thread 5" [_thread_blocked, id=129164, stack(0x00000055c7d00000,0x00000055c7e00000)]
  0x0000015ce010c800 JavaThread "jar transforms Thread 6" [_thread_blocked, id=119736, stack(0x00000055c7e00000,0x00000055c7f00000)]
  0x0000015ce0107800 JavaThread "jar transforms Thread 7" [_thread_blocked, id=105592, stack(0x00000055c7f00000,0x00000055c8000000)]
  0x0000015ce01ba000 JavaThread "jar transforms Thread 8" [_thread_blocked, id=126684, stack(0x00000055c8000000,0x00000055c8100000)]
  0x0000015ce01b6000 JavaThread "jar transforms Thread 9" [_thread_blocked, id=127588, stack(0x00000055c8100000,0x00000055c8200000)]
  0x0000015ce01b7000 JavaThread "jar transforms Thread 10" [_thread_blocked, id=124272, stack(0x00000055c8200000,0x00000055c8300000)]
  0x0000015ce01b8800 JavaThread "jar transforms Thread 11" [_thread_blocked, id=117068, stack(0x00000055c8300000,0x00000055c8400000)]
  0x0000015ce01bd800 JavaThread "jar transforms Thread 12" [_thread_blocked, id=71840, stack(0x00000055c8400000,0x00000055c8500000)]

Other Threads:
  0x0000015cdab66000 VMThread "VM Thread" [stack: 0x00000055bd400000,0x00000055bd500000] [id=122328]
  0x0000015cdb673000 WatcherThread [stack: 0x00000055bde00000,0x00000055bdf00000] [id=107464]
  0x0000015cc02bd800 GCTaskThread "GC Thread#0" [stack: 0x00000055bcf00000,0x00000055bd000000] [id=130912]
  0x0000015cdba19800 GCTaskThread "GC Thread#1" [stack: 0x00000055bdf00000,0x00000055be000000] [id=97228]
  0x0000015cdd075800 GCTaskThread "GC Thread#2" [stack: 0x00000055be100000,0x00000055be200000] [id=122064]
  0x0000015cdc0c1800 GCTaskThread "GC Thread#3" [stack: 0x00000055be200000,0x00000055be300000] [id=86416]
  0x0000015cdd9d9800 GCTaskThread "GC Thread#4" [stack: 0x00000055bef00000,0x00000055bf000000] [id=123028]
  0x0000015cdd9da000 GCTaskThread "GC Thread#5" [stack: 0x00000055bf000000,0x00000055bf100000] [id=129684]
  0x0000015cdd9db000 GCTaskThread "GC Thread#6" [stack: 0x00000055bf100000,0x00000055bf200000] [id=127780]
  0x0000015cddb04800 GCTaskThread "GC Thread#7" [stack: 0x00000055bf200000,0x00000055bf300000] [id=129468]
  0x0000015cddb05000 GCTaskThread "GC Thread#8" [stack: 0x00000055bf300000,0x00000055bf400000] [id=120180]
  0x0000015cddb06000 GCTaskThread "GC Thread#9" [stack: 0x00000055bf400000,0x00000055bf500000] [id=128992]
  0x0000015cc02ef800 ConcurrentGCThread "G1 Main Marker" [stack: 0x00000055bd000000,0x00000055bd100000] [id=100364]
  0x0000015cc02f0800 ConcurrentGCThread "G1 Conc#0" [stack: 0x00000055bd100000,0x00000055bd200000] [id=106384]
  0x0000015cdd5e8800 ConcurrentGCThread "G1 Conc#1" [stack: 0x00000055bf500000,0x00000055bf600000] [id=129288]
  0x0000015cdc521800 ConcurrentGCThread "G1 Conc#2" [stack: 0x00000055bf600000,0x00000055bf700000] [id=129752]
  0x0000015cda9c1800 ConcurrentGCThread "G1 Refine#0" [stack: 0x00000055bd200000,0x00000055bd300000] [id=119360]
  0x0000015cc0372800 ConcurrentGCThread "G1 Young RemSet Sampling" [stack: 0x00000055bd300000,0x00000055bd400000] [id=120960]

Threads with active compile tasks:
C2 CompilerThread0   9829 5325       4       org.codehaus.groovy.runtime.metaclass.MetaMethodIndex::isMatchingMethod (61 bytes)

VM state:not at safepoint (normal execution)

VM Mutex/Monitor currently owned by a thread: None

Heap address: 0x0000000080000000, size: 2048 MB, Compressed Oops mode: 32-bit
Narrow klass base: 0x0000000000000000, Narrow klass shift: 3
Compressed class space size: 1073741824 Address: 0x0000000100000000

Heap:
 garbage-first heap   total 96256K, used 65651K [0x0000000080000000, 0x0000000100000000)
  region size 1024K, 33 young (33792K), 5 survivors (5120K)
 Metaspace       used 49418K, capacity 50879K, committed 51152K, reserved 1093632K
  class space    used 6216K, capacity 6749K, committed 6784K, reserved 1048576K
Heap Regions: E=young(eden), S=young(survivor), O=old, HS=humongous(starts), HC=humongous(continues), CS=collection set, F=free, A=archive, TAMS=top-at-mark-start (previous, next)
|   0|0x0000000080000000, 0x0000000080100000, 0x0000000080100000|100%| O|  |TAMS 0x0000000080100000, 0x0000000080000000| Untracked 
|   1|0x0000000080100000, 0x0000000080200000, 0x0000000080200000|100%| O|  |TAMS 0x0000000080200000, 0x0000000080100000| Untracked 
|   2|0x0000000080200000, 0x0000000080300000, 0x0000000080300000|100%| O|  |TAMS 0x0000000080300000, 0x0000000080200000| Untracked 
|   3|0x0000000080300000, 0x0000000080400000, 0x0000000080400000|100%|HS|  |TAMS 0x0000000080400000, 0x0000000080300000| Complete 
|   4|0x0000000080400000, 0x0000000080500000, 0x0000000080500000|100%|HC|  |TAMS 0x0000000080500000, 0x0000000080400000| Complete 
|   5|0x0000000080500000, 0x0000000080600000, 0x0000000080600000|100%|HC|  |TAMS 0x0000000080600000, 0x0000000080500000| Complete 
|   6|0x0000000080600000, 0x0000000080700000, 0x0000000080700000|100%| O|  |TAMS 0x0000000080700000, 0x0000000080600000| Untracked 
|   7|0x0000000080700000, 0x0000000080800000, 0x0000000080800000|100%| O|  |TAMS 0x0000000080800000, 0x0000000080700000| Untracked 
|   8|0x0000000080800000, 0x0000000080900000, 0x0000000080900000|100%| O|  |TAMS 0x0000000080900000, 0x0000000080800000| Untracked 
|   9|0x0000000080900000, 0x0000000080a00000, 0x0000000080a00000|100%| O|  |TAMS 0x0000000080a00000, 0x0000000080900000| Untracked 
|  10|0x0000000080a00000, 0x0000000080b00000, 0x0000000080b00000|100%| O|  |TAMS 0x0000000080b00000, 0x0000000080a00000| Untracked 
|  11|0x0000000080b00000, 0x0000000080c00000, 0x0000000080c00000|100%| O|  |TAMS 0x0000000080c00000, 0x0000000080b00000| Untracked 
|  12|0x0000000080c00000, 0x0000000080d00000, 0x0000000080d00000|100%| O|  |TAMS 0x0000000080d00000, 0x0000000080c00000| Untracked 
|  13|0x0000000080d00000, 0x0000000080e00000, 0x0000000080e00000|100%| O|  |TAMS 0x0000000080e00000, 0x0000000080d00000| Untracked 
|  14|0x0000000080e00000, 0x0000000080f00000, 0x0000000080f00000|100%| O|  |TAMS 0x0000000080f00000, 0x0000000080e00000| Untracked 
|  15|0x0000000080f00000, 0x0000000081000000, 0x0000000081000000|100%| O|  |TAMS 0x0000000081000000, 0x0000000080f00000| Untracked 
|  16|0x0000000081000000, 0x0000000081100000, 0x0000000081100000|100%| O|  |TAMS 0x0000000081065c00, 0x0000000081000000| Untracked 
|  17|0x0000000081100000, 0x0000000081200000, 0x0000000081200000|100%|HS|  |TAMS 0x0000000081100000, 0x0000000081100000| Complete 
|  18|0x0000000081200000, 0x0000000081300000, 0x0000000081300000|100%| O|  |TAMS 0x0000000081200000, 0x0000000081200000| Untracked 
|  19|0x0000000081300000, 0x0000000081400000, 0x0000000081400000|100%| O|  |TAMS 0x0000000081300000, 0x0000000081300000| Untracked 
|  20|0x0000000081400000, 0x0000000081500000, 0x0000000081500000|100%| O|  |TAMS 0x0000000081400000, 0x0000000081400000| Untracked 
|  21|0x0000000081500000, 0x0000000081600000, 0x0000000081600000|100%| O|  |TAMS 0x0000000081500000, 0x0000000081500000| Untracked 
|  22|0x0000000081600000, 0x0000000081700000, 0x0000000081700000|100%| O|  |TAMS 0x0000000081600000, 0x0000000081600000| Untracked 
|  23|0x0000000081700000, 0x0000000081800000, 0x0000000081800000|100%| O|  |TAMS 0x0000000081700000, 0x0000000081700000| Untracked 
|  24|0x0000000081800000, 0x0000000081900000, 0x0000000081900000|100%| O|  |TAMS 0x0000000081800000, 0x0000000081800000| Untracked 
|  25|0x0000000081900000, 0x0000000081a00000, 0x0000000081a00000|100%| O|  |TAMS 0x0000000081900000, 0x0000000081900000| Untracked 
|  26|0x0000000081a00000, 0x0000000081b00000, 0x0000000081b00000|100%| O|  |TAMS 0x0000000081a00000, 0x0000000081a00000| Untracked 
|  27|0x0000000081b00000, 0x0000000081c00000, 0x0000000081c00000|100%|HS|  |TAMS 0x0000000081b00000, 0x0000000081b00000| Complete 
|  28|0x0000000081c00000, 0x0000000081d00000, 0x0000000081d00000|100%| O|  |TAMS 0x0000000081c00000, 0x0000000081c00000| Untracked 
|  29|0x0000000081d00000, 0x0000000081d1ce00, 0x0000000081e00000| 11%| O|  |TAMS 0x0000000081d00000, 0x0000000081d00000| Untracked 
|  30|0x0000000081e00000, 0x0000000081f00000, 0x0000000081f00000|100%|HS|  |TAMS 0x0000000081e00000, 0x0000000081e00000| Complete 
|  31|0x0000000081f00000, 0x0000000082000000, 0x0000000082000000|100%|HS|  |TAMS 0x0000000081f00000, 0x0000000081f00000| Complete 
|  32|0x0000000082000000, 0x0000000082100000, 0x0000000082100000|100%|HC|  |TAMS 0x0000000082000000, 0x0000000082000000| Complete 
|  33|0x0000000082100000, 0x0000000082100000, 0x0000000082200000|  0%| F|  |TAMS 0x0000000082100000, 0x0000000082100000| Untracked 
|  34|0x0000000082200000, 0x0000000082200000, 0x0000000082300000|  0%| F|  |TAMS 0x0000000082200000, 0x0000000082200000| Untracked 
|  35|0x0000000082300000, 0x0000000082300000, 0x0000000082400000|  0%| F|  |TAMS 0x0000000082300000, 0x0000000082300000| Untracked 
|  36|0x0000000082400000, 0x0000000082400000, 0x0000000082500000|  0%| F|  |TAMS 0x0000000082400000, 0x0000000082400000| Untracked 
|  37|0x0000000082500000, 0x0000000082500000, 0x0000000082600000|  0%| F|  |TAMS 0x0000000082500000, 0x0000000082500000| Untracked 
|  38|0x0000000082600000, 0x0000000082600000, 0x0000000082700000|  0%| F|  |TAMS 0x0000000082600000, 0x0000000082600000| Untracked 
|  39|0x0000000082700000, 0x0000000082700000, 0x0000000082800000|  0%| F|  |TAMS 0x0000000082700000, 0x0000000082700000| Untracked 
|  40|0x0000000082800000, 0x0000000082800000, 0x0000000082900000|  0%| F|  |TAMS 0x0000000082800000, 0x0000000082800000| Untracked 
|  41|0x0000000082900000, 0x0000000082a00000, 0x0000000082a00000|100%| S|CS|TAMS 0x0000000082900000, 0x0000000082900000| Complete 
|  42|0x0000000082a00000, 0x0000000082b00000, 0x0000000082b00000|100%| S|CS|TAMS 0x0000000082a00000, 0x0000000082a00000| Complete 
|  43|0x0000000082b00000, 0x0000000082b00000, 0x0000000082c00000|  0%| F|  |TAMS 0x0000000082b00000, 0x0000000082b00000| Untracked 
|  44|0x0000000082c00000, 0x0000000082c00000, 0x0000000082d00000|  0%| F|  |TAMS 0x0000000082c00000, 0x0000000082c00000| Untracked 
|  45|0x0000000082d00000, 0x0000000082d00000, 0x0000000082e00000|  0%| F|  |TAMS 0x0000000082d00000, 0x0000000082d00000| Untracked 
|  46|0x0000000082e00000, 0x0000000082e00000, 0x0000000082f00000|  0%| F|  |TAMS 0x0000000082e00000, 0x0000000082e00000| Untracked 
|  47|0x0000000082f00000, 0x0000000083000000, 0x0000000083000000|100%| S|CS|TAMS 0x0000000082f00000, 0x0000000082f00000| Complete 
|  48|0x0000000083000000, 0x0000000083100000, 0x0000000083100000|100%| S|CS|TAMS 0x0000000083000000, 0x0000000083000000| Complete 
|  49|0x0000000083100000, 0x0000000083200000, 0x0000000083200000|100%| S|CS|TAMS 0x0000000083100000, 0x0000000083100000| Complete 
|  50|0x0000000083200000, 0x0000000083200000, 0x0000000083300000|  0%| F|  |TAMS 0x0000000083200000, 0x0000000083200000| Untracked 
|  51|0x0000000083300000, 0x0000000083300000, 0x0000000083400000|  0%| F|  |TAMS 0x0000000083300000, 0x0000000083300000| Untracked 
|  52|0x0000000083400000, 0x0000000083400000, 0x0000000083500000|  0%| F|  |TAMS 0x0000000083400000, 0x0000000083400000| Untracked 
|  53|0x0000000083500000, 0x0000000083500000, 0x0000000083600000|  0%| F|  |TAMS 0x0000000083500000, 0x0000000083500000| Untracked 
|  54|0x0000000083600000, 0x0000000083600000, 0x0000000083700000|  0%| F|  |TAMS 0x0000000083600000, 0x0000000083600000| Untracked 
|  55|0x0000000083700000, 0x0000000083700000, 0x0000000083800000|  0%| F|  |TAMS 0x0000000083700000, 0x0000000083700000| Untracked 
|  56|0x0000000083800000, 0x0000000083800000, 0x0000000083900000|  0%| F|  |TAMS 0x0000000083800000, 0x0000000083800000| Untracked 
|  57|0x0000000083900000, 0x0000000083900000, 0x0000000083a00000|  0%| F|  |TAMS 0x0000000083900000, 0x0000000083900000| Untracked 
|  58|0x0000000083a00000, 0x0000000083a00000, 0x0000000083b00000|  0%| F|  |TAMS 0x0000000083a00000, 0x0000000083a00000| Untracked 
|  59|0x0000000083b00000, 0x0000000083b00000, 0x0000000083c00000|  0%| F|  |TAMS 0x0000000083b00000, 0x0000000083b00000| Untracked 
|  60|0x0000000083c00000, 0x0000000083c00000, 0x0000000083d00000|  0%| F|  |TAMS 0x0000000083c00000, 0x0000000083c00000| Untracked 
|  61|0x0000000083d00000, 0x0000000083d00000, 0x0000000083e00000|  0%| F|  |TAMS 0x0000000083d00000, 0x0000000083d00000| Untracked 
|  62|0x0000000083e00000, 0x0000000083e00000, 0x0000000083f00000|  0%| F|  |TAMS 0x0000000083e00000, 0x0000000083e00000| Untracked 
|  63|0x0000000083f00000, 0x0000000083f00000, 0x0000000084000000|  0%| F|  |TAMS 0x0000000083f00000, 0x0000000083f00000| Untracked 
|  64|0x0000000084000000, 0x0000000084000000, 0x0000000084100000|  0%| F|  |TAMS 0x0000000084000000, 0x0000000084000000| Untracked 
|  65|0x0000000084100000, 0x0000000084100000, 0x0000000084200000|  0%| F|  |TAMS 0x0000000084100000, 0x0000000084100000| Untracked 
|  66|0x0000000084200000, 0x0000000084280800, 0x0000000084300000| 50%| E|  |TAMS 0x0000000084200000, 0x0000000084200000| Complete 
|  67|0x0000000084300000, 0x0000000084400000, 0x0000000084400000|100%| E|CS|TAMS 0x0000000084300000, 0x0000000084300000| Complete 
|  68|0x0000000084400000, 0x0000000084500000, 0x0000000084500000|100%| E|CS|TAMS 0x0000000084400000, 0x0000000084400000| Complete 
|  69|0x0000000084500000, 0x0000000084600000, 0x0000000084600000|100%| E|CS|TAMS 0x0000000084500000, 0x0000000084500000| Complete 
|  70|0x0000000084600000, 0x0000000084700000, 0x0000000084700000|100%| E|CS|TAMS 0x0000000084600000, 0x0000000084600000| Complete 
|  71|0x0000000084700000, 0x0000000084800000, 0x0000000084800000|100%| E|CS|TAMS 0x0000000084700000, 0x0000000084700000| Complete 
|  72|0x0000000084800000, 0x0000000084900000, 0x0000000084900000|100%| E|CS|TAMS 0x0000000084800000, 0x0000000084800000| Complete 
|  73|0x0000000084900000, 0x0000000084a00000, 0x0000000084a00000|100%| E|CS|TAMS 0x0000000084900000, 0x0000000084900000| Complete 
|  74|0x0000000084a00000, 0x0000000084b00000, 0x0000000084b00000|100%| E|CS|TAMS 0x0000000084a00000, 0x0000000084a00000| Complete 
|  75|0x0000000084b00000, 0x0000000084c00000, 0x0000000084c00000|100%| E|CS|TAMS 0x0000000084b00000, 0x0000000084b00000| Complete 
|  76|0x0000000084c00000, 0x0000000084d00000, 0x0000000084d00000|100%| E|CS|TAMS 0x0000000084c00000, 0x0000000084c00000| Complete 
|  77|0x0000000084d00000, 0x0000000084e00000, 0x0000000084e00000|100%| E|CS|TAMS 0x0000000084d00000, 0x0000000084d00000| Complete 
|  78|0x0000000084e00000, 0x0000000084f00000, 0x0000000084f00000|100%| E|CS|TAMS 0x0000000084e00000, 0x0000000084e00000| Complete 
|  79|0x0000000084f00000, 0x0000000085000000, 0x0000000085000000|100%| E|CS|TAMS 0x0000000084f00000, 0x0000000084f00000| Complete 
|  80|0x0000000085000000, 0x0000000085100000, 0x0000000085100000|100%| E|CS|TAMS 0x0000000085000000, 0x0000000085000000| Complete 
|  81|0x0000000085100000, 0x0000000085200000, 0x0000000085200000|100%| E|CS|TAMS 0x0000000085100000, 0x0000000085100000| Complete 
|  82|0x0000000085200000, 0x0000000085300000, 0x0000000085300000|100%| E|CS|TAMS 0x0000000085200000, 0x0000000085200000| Complete 
|  83|0x0000000085300000, 0x0000000085400000, 0x0000000085400000|100%| E|CS|TAMS 0x0000000085300000, 0x0000000085300000| Complete 
|  84|0x0000000085400000, 0x0000000085500000, 0x0000000085500000|100%| E|CS|TAMS 0x0000000085400000, 0x0000000085400000| Complete 
|  85|0x0000000085500000, 0x0000000085600000, 0x0000000085600000|100%| E|CS|TAMS 0x0000000085500000, 0x0000000085500000| Complete 
|  86|0x0000000085600000, 0x0000000085700000, 0x0000000085700000|100%| E|CS|TAMS 0x0000000085600000, 0x0000000085600000| Complete 
|  87|0x0000000085700000, 0x0000000085800000, 0x0000000085800000|100%| E|CS|TAMS 0x0000000085700000, 0x0000000085700000| Complete 
|  88|0x0000000085800000, 0x0000000085900000, 0x0000000085900000|100%| E|CS|TAMS 0x0000000085800000, 0x0000000085800000| Complete 
|  89|0x0000000085900000, 0x0000000085a00000, 0x0000000085a00000|100%| E|CS|TAMS 0x0000000085900000, 0x0000000085900000| Complete 
|  90|0x0000000085a00000, 0x0000000085b00000, 0x0000000085b00000|100%| E|CS|TAMS 0x0000000085a00000, 0x0000000085a00000| Complete 
|  91|0x0000000085b00000, 0x0000000085c00000, 0x0000000085c00000|100%| E|CS|TAMS 0x0000000085b00000, 0x0000000085b00000| Complete 
|  92|0x0000000085c00000, 0x0000000085d00000, 0x0000000085d00000|100%| E|CS|TAMS 0x0000000085c00000, 0x0000000085c00000| Complete 
|  93|0x0000000085d00000, 0x0000000085e00000, 0x0000000085e00000|100%| E|CS|TAMS 0x0000000085d00000, 0x0000000085d00000| Complete 

Card table byte_map: [0x0000015cd3710000,0x0000015cd3b10000] _byte_map_base: 0x0000015cd3310000

Marking Bits (Prev, Next): (CMBitMap*) 0x0000015cc02e6de8, (CMBitMap*) 0x0000015cc02e6e20
 Prev Bits: [0x0000015cd3f10000, 0x0000015cd5f10000)
 Next Bits: [0x0000015cd5f10000, 0x0000015cd7f10000)

Polling page: 0x0000015cbfa80000

Metaspace:

Usage:
  Non-class:     43.10 MB capacity,    42.19 MB ( 98%) used,   794.87 KB (  2%) free+waste,   130.88 KB ( <1%) overhead. 
      Class:      6.59 MB capacity,     6.07 MB ( 92%) used,   469.34 KB (  7%) free+waste,    62.13 KB ( <1%) overhead. 
       Both:     49.69 MB capacity,    48.26 MB ( 97%) used,     1.23 MB (  2%) free+waste,   193.00 KB ( <1%) overhead. 

Virtual space:
  Non-class space:       44.00 MB reserved,      43.33 MB ( 98%) committed 
      Class space:        1.00 GB reserved,       6.63 MB ( <1%) committed 
             Both:        1.04 GB reserved,      49.95 MB (  5%) committed 

Chunk freelists:
   Non-Class:  46.00 KB
       Class:  3.00 KB
        Both:  49.00 KB

MaxMetaspaceSize: 17179869184.00 GB
CompressedClassSpaceSize: 1.00 GB
Initial GC threshold: 20.80 MB
Current GC threshold: 58.88 MB
CDS: off

CodeHeap 'non-profiled nmethods': size=120000Kb used=2594Kb max_used=2594Kb free=117405Kb
 bounds [0x0000015ccb890000, 0x0000015ccbb20000, 0x0000015cd2dc0000]
CodeHeap 'profiled nmethods': size=120000Kb used=11087Kb max_used=11087Kb free=108912Kb
 bounds [0x0000015cc4360000, 0x0000015cc4e40000, 0x0000015ccb890000]
CodeHeap 'non-nmethods': size=5760Kb used=2289Kb max_used=2330Kb free=3470Kb
 bounds [0x0000015cc3dc0000, 0x0000015cc4030000, 0x0000015cc4360000]
 total_blobs=6144 nmethods=5356 adapters=700
 compilation: enabled
              stopped_count=0, restarted_count=0
 full_count=0

Compilation events (20 events):
Event: 9.688 Thread 0x0000015cdb502800 5382       3       java.util.regex.Pattern::range (292 bytes)
Event: 9.690 Thread 0x0000015cdb502800 nmethod 5382 0x0000015cc4e21390 code [0x0000015cc4e21840, 0x0000015cc4e23ac8]
Event: 9.690 Thread 0x0000015cdb502800 5383       3       java.util.jar.Manifest$FastInputStream::readLine (296 bytes)
Event: 9.691 Thread 0x0000015cdb502800 nmethod 5383 0x0000015cc4e24690 code [0x0000015cc4e248c0, 0x0000015cc4e251a8]
Event: 9.692 Thread 0x0000015cdb502800 5384       3       com.google.common.collect.MapMakerInternalMap$StrongKeyWeakValueSegment::self (5 bytes)
Event: 9.692 Thread 0x0000015cdb502800 nmethod 5384 0x0000015cc4e25510 code [0x0000015cc4e256c0, 0x0000015cc4e25818]
Event: 9.692 Thread 0x0000015cdb502800 5385       3       com.google.common.collect.MapMakerInternalMap$StrongKeyWeakValueSegment::self (2 bytes)
Event: 9.692 Thread 0x0000015cdb502800 nmethod 5385 0x0000015cc4e25910 code [0x0000015cc4e25ac0, 0x0000015cc4e25bb8]
Event: 9.705 Thread 0x0000015cdb502800 5386       3       com.google.common.collect.MapMakerInternalMap$Segment::getEntry (80 bytes)
Event: 9.707 Thread 0x0000015cdb502800 nmethod 5386 0x0000015cc4e25c90 code [0x0000015cc4e26000, 0x0000015cc4e277a8]
Event: 9.712 Thread 0x0000015cdb502800 5388       3       org.gradle.internal.util.Trie::find (135 bytes)
Event: 9.713 Thread 0x0000015cdb502800 nmethod 5388 0x0000015cc4e27f10 code [0x0000015cc4e28140, 0x0000015cc4e28898]
Event: 9.713 Thread 0x0000015cdb502800 5387       3       org.gradle.internal.classloader.FilteringClassLoader$TrieSet::find (9 bytes)
Event: 9.713 Thread 0x0000015cdb502800 nmethod 5387 0x0000015cc4e28b10 code [0x0000015cc4e28cc0, 0x0000015cc4e28e08]
Event: 9.736 Thread 0x0000015cdb502800 5389       1       com.google.common.collect.MapMakerInternalMap$AbstractStrongKeyEntry::getKey (5 bytes)
Event: 9.736 Thread 0x0000015cdb502800 nmethod 5389 0x0000015ccbb18590 code [0x0000015ccbb18740, 0x0000015ccbb187f8]
Event: 9.758 Thread 0x0000015cdb502800 5391   !   3       com.google.common.collect.MapMakerInternalMap$Segment::put (298 bytes)
Event: 9.761 Thread 0x0000015cdb502800 nmethod 5391 0x0000015cc4e28f10 code [0x0000015cc4e29560, 0x0000015cc4e2cd18]
Event: 9.761 Thread 0x0000015cdb502800 5390       3       com.google.common.collect.MapMakerInternalMap::putIfAbsent (29 bytes)
Event: 9.762 Thread 0x0000015cdb502800 nmethod 5390 0x0000015cc4e2e890 code [0x0000015cc4e2eac0, 0x0000015cc4e2f1e8]

GC Heap History (20 events):
Event: 1.471 GC heap before
{Heap before GC invocations=0 (full 0):
 garbage-first heap   total 96256K, used 29696K [0x0000000080000000, 0x0000000100000000)
  region size 1024K, 24 young (24576K), 0 survivors (0K)
 Metaspace       used 10259K, capacity 10499K, committed 10624K, reserved 1058816K
  class space    used 1055K, capacity 1141K, committed 1152K, reserved 1048576K
}
Event: 1.482 GC heap after
{Heap after GC invocations=1 (full 0):
 garbage-first heap   total 96256K, used 9299K [0x0000000080000000, 0x0000000100000000)
  region size 1024K, 3 young (3072K), 3 survivors (3072K)
 Metaspace       used 10259K, capacity 10499K, committed 10624K, reserved 1058816K
  class space    used 1055K, capacity 1141K, committed 1152K, reserved 1048576K
}
Event: 2.658 GC heap before
{Heap before GC invocations=1 (full 0):
 garbage-first heap   total 96256K, used 63571K [0x0000000080000000, 0x0000000100000000)
  region size 1024K, 56 young (57344K), 3 survivors (3072K)
 Metaspace       used 13666K, capacity 14017K, committed 14208K, reserved 1062912K
  class space    used 1488K, capacity 1591K, committed 1664K, reserved 1048576K
}
Event: 2.665 GC heap after
{Heap after GC invocations=2 (full 0):
 garbage-first heap   total 96256K, used 14904K [0x0000000080000000, 0x0000000100000000)
  region size 1024K, 7 young (7168K), 7 survivors (7168K)
 Metaspace       used 13666K, capacity 14017K, committed 14208K, reserved 1062912K
  class space    used 1488K, capacity 1591K, committed 1664K, reserved 1048576K
}
Event: 4.256 GC heap before
{Heap before GC invocations=2 (full 0):
 garbage-first heap   total 96256K, used 59960K [0x0000000080000000, 0x0000000100000000)
  region size 1024K, 52 young (53248K), 7 survivors (7168K)
 Metaspace       used 20717K, capacity 21159K, committed 21296K, reserved 1069056K
  class space    used 2508K, capacity 2633K, committed 2688K, reserved 1048576K
}
Event: 4.268 GC heap after
{Heap after GC invocations=3 (full 0):
 garbage-first heap   total 96256K, used 17167K [0x0000000080000000, 0x0000000100000000)
  region size 1024K, 3 young (3072K), 3 survivors (3072K)
 Metaspace       used 20717K, capacity 21159K, committed 21296K, reserved 1069056K
  class space    used 2508K, capacity 2633K, committed 2688K, reserved 1048576K
}
Event: 5.194 GC heap before
{Heap before GC invocations=4 (full 0):
 garbage-first heap   total 96256K, used 64271K [0x0000000080000000, 0x0000000100000000)
  region size 1024K, 49 young (50176K), 3 survivors (3072K)
 Metaspace       used 25560K, capacity 26140K, committed 26288K, reserved 1073152K
  class space    used 3273K, capacity 3469K, committed 3584K, reserved 1048576K
}
Event: 5.202 GC heap after
{Heap after GC invocations=5 (full 0):
 garbage-first heap   total 96256K, used 18843K [0x0000000080000000, 0x0000000100000000)
  region size 1024K, 4 young (4096K), 4 survivors (4096K)
 Metaspace       used 25560K, capacity 26140K, committed 26288K, reserved 1073152K
  class space    used 3273K, capacity 3469K, committed 3584K, reserved 1048576K
}
Event: 6.101 GC heap before
{Heap before GC invocations=5 (full 0):
 garbage-first heap   total 96256K, used 67995K [0x0000000080000000, 0x0000000100000000)
  region size 1024K, 52 young (53248K), 4 survivors (4096K)
 Metaspace       used 30087K, capacity 30773K, committed 30896K, reserved 1075200K
  class space    used 3986K, capacity 4274K, committed 4352K, reserved 1048576K
}
Event: 6.106 GC heap after
{Heap after GC invocations=6 (full 0):
 garbage-first heap   total 96256K, used 20420K [0x0000000080000000, 0x0000000100000000)
  region size 1024K, 4 young (4096K), 4 survivors (4096K)
 Metaspace       used 30087K, capacity 30773K, committed 30896K, reserved 1075200K
  class space    used 3986K, capacity 4274K, committed 4352K, reserved 1048576K
}
Event: 6.500 GC heap before
{Heap before GC invocations=6 (full 0):
 garbage-first heap   total 96256K, used 36804K [0x0000000080000000, 0x0000000100000000)
  region size 1024K, 21 young (21504K), 4 survivors (4096K)
 Metaspace       used 35030K, capacity 35793K, committed 35920K, reserved 1081344K
  class space    used 4487K, capacity 4799K, committed 4864K, reserved 1048576K
}
Event: 6.506 GC heap after
{Heap after GC invocations=7 (full 0):
 garbage-first heap   total 96256K, used 22566K [0x0000000080000000, 0x0000000100000000)
  region size 1024K, 6 young (6144K), 6 survivors (6144K)
 Metaspace       used 35030K, capacity 35793K, committed 35920K, reserved 1081344K
  class space    used 4487K, capacity 4799K, committed 4864K, reserved 1048576K
}
Event: 7.045 GC heap before
{Heap before GC invocations=8 (full 0):
 garbage-first heap   total 96256K, used 71718K [0x0000000080000000, 0x0000000100000000)
  region size 1024K, 52 young (53248K), 6 survivors (6144K)
 Metaspace       used 39259K, capacity 40119K, committed 40272K, reserved 1085440K
  class space    used 4951K, capacity 5277K, committed 5376K, reserved 1048576K
}
Event: 7.052 GC heap after
{Heap after GC invocations=9 (full 0):
 garbage-first heap   total 96256K, used 26633K [0x0000000080000000, 0x0000000100000000)
  region size 1024K, 7 young (7168K), 7 survivors (7168K)
 Metaspace       used 39259K, capacity 40119K, committed 40272K, reserved 1085440K
  class space    used 4951K, capacity 5277K, committed 5376K, reserved 1048576K
}
Event: 7.589 GC heap before
{Heap before GC invocations=9 (full 0):
 garbage-first heap   total 96256K, used 71689K [0x0000000080000000, 0x0000000100000000)
  region size 1024K, 51 young (52224K), 7 survivors (7168K)
 Metaspace       used 43032K, capacity 44015K, committed 44240K, reserved 1087488K
  class space    used 5394K, capacity 5757K, committed 5760K, reserved 1048576K
}
Event: 7.596 GC heap after
{Heap after GC invocations=10 (full 0):
 garbage-first heap   total 96256K, used 28471K [0x0000000080000000, 0x0000000100000000)
  region size 1024K, 3 young (3072K), 3 survivors (3072K)
 Metaspace       used 43032K, capacity 44015K, committed 44240K, reserved 1087488K
  class space    used 5394K, capacity 5757K, committed 5760K, reserved 1048576K
}
Event: 8.215 GC heap before
{Heap before GC invocations=10 (full 0):
 garbage-first heap   total 96256K, used 73527K [0x0000000080000000, 0x0000000100000000)
  region size 1024K, 47 young (48128K), 3 survivors (3072K)
 Metaspace       used 46208K, capacity 47362K, committed 47696K, reserved 1091584K
  class space    used 5857K, capacity 6299K, committed 6400K, reserved 1048576K
}
Event: 8.219 GC heap after
{Heap after GC invocations=11 (full 0):
 garbage-first heap   total 96256K, used 29561K [0x0000000080000000, 0x0000000100000000)
  region size 1024K, 4 young (4096K), 4 survivors (4096K)
 Metaspace       used 46208K, capacity 47362K, committed 47696K, reserved 1091584K
  class space    used 5857K, capacity 6299K, committed 6400K, reserved 1048576K
}
Event: 9.106 GC heap before
{Heap before GC invocations=11 (full 0):
 garbage-first heap   total 96256K, used 76665K [0x0000000080000000, 0x0000000100000000)
  region size 1024K, 48 young (49152K), 4 survivors (4096K)
 Metaspace       used 47677K, capacity 48967K, committed 49104K, reserved 1091584K
  class space    used 6001K, capacity 6486K, committed 6528K, reserved 1048576K
}
Event: 9.110 GC heap after
{Heap after GC invocations=12 (full 0):
 garbage-first heap   total 96256K, used 34931K [0x0000000080000000, 0x0000000100000000)
  region size 1024K, 5 young (5120K), 5 survivors (5120K)
 Metaspace       used 47677K, capacity 48967K, committed 49104K, reserved 1091584K
  class space    used 6001K, capacity 6486K, committed 6528K, reserved 1048576K
}

Deoptimization events (20 events):
Event: 9.203 Thread 0x0000015cdd719800 DEOPT PACKING pc=0x0000015cc4da5c84 sp=0x00000055be8f1bb0
Event: 9.203 Thread 0x0000015cdd719800 DEOPT UNPACKING pc=0x0000015cc3e0a95e sp=0x00000055be8f1188 mode 0
Event: 9.247 Thread 0x0000015cdd719800 DEOPT PACKING pc=0x0000015cc4da5c84 sp=0x00000055be8f1bb0
Event: 9.247 Thread 0x0000015cdd719800 DEOPT UNPACKING pc=0x0000015cc3e0a95e sp=0x00000055be8f1188 mode 0
Event: 9.285 Thread 0x0000015cdd719800 DEOPT PACKING pc=0x0000015cc46a385a sp=0x00000055be8f1a40
Event: 9.286 Thread 0x0000015cdd719800 DEOPT UNPACKING pc=0x0000015cc3e0a95e sp=0x00000055be8f0ec8 mode 0
Event: 9.294 Thread 0x0000015cdd719800 DEOPT PACKING pc=0x0000015cc4da5c84 sp=0x00000055be8f1a80
Event: 9.294 Thread 0x0000015cdd719800 DEOPT UNPACKING pc=0x0000015cc3e0a95e sp=0x00000055be8f1058 mode 0
Event: 9.386 Thread 0x0000015cdd719800 DEOPT PACKING pc=0x0000015cc4da5c84 sp=0x00000055be8f1a80
Event: 9.386 Thread 0x0000015cdd719800 DEOPT UNPACKING pc=0x0000015cc3e0a95e sp=0x00000055be8f1058 mode 0
Event: 9.405 Thread 0x0000015cdd719800 DEOPT PACKING pc=0x0000015cc45ebe17 sp=0x00000055be8f1bd0
Event: 9.406 Thread 0x0000015cdd719800 DEOPT UNPACKING pc=0x0000015cc3e0a95e sp=0x00000055be8f1158 mode 0
Event: 9.505 Thread 0x0000015cdd719800 Uncommon trap: trap_request=0xffffff4d fr.pc=0x0000015ccbae2c10 relative=0x00000000000001d0
Event: 9.505 Thread 0x0000015cdd719800 Uncommon trap: reason=unstable_if action=reinterpret pc=0x0000015ccbae2c10 method=com.google.common.collect.RegularImmutableMap.get(Ljava/lang/Object;[Lcom/google/common/collect/ImmutableMapEntry;I)Ljava/lang/Object; @ 5 c2
Event: 9.505 Thread 0x0000015cdd719800 DEOPT PACKING pc=0x0000015ccbae2c10 sp=0x00000055be8f7e80
Event: 9.505 Thread 0x0000015cdd719800 DEOPT UNPACKING pc=0x0000015cc3e0a1af sp=0x00000055be8f7da8 mode 2
Event: 9.651 Thread 0x0000015cdd719800 Uncommon trap: trap_request=0xffffff4d fr.pc=0x0000015ccb8eaabc relative=0x000000000000055c
Event: 9.651 Thread 0x0000015cdd719800 Uncommon trap: reason=unstable_if action=reinterpret pc=0x0000015ccb8eaabc method=java.util.jar.Manifest$FastInputStream.readLine([BII)I @ 130 c2
Event: 9.651 Thread 0x0000015cdd719800 DEOPT PACKING pc=0x0000015ccb8eaabc sp=0x00000055be8f79f0
Event: 9.651 Thread 0x0000015cdd719800 DEOPT UNPACKING pc=0x0000015cc3e0a1af sp=0x00000055be8f7980 mode 2

Classes redefined (0 events):
No events

Internal exceptions (20 events):
Event: 9.545 Thread 0x0000015cdd719800 Exception <a 'java/lang/ClassNotFoundException'{0x0000000084fb64f0}: org/gradle/api/DefaultTaskBeanInfo> (0x0000000084fb64f0) thrown at [./src/hotspot/share/classfile/systemDictionary.cpp, line 231]
Event: 9.545 Thread 0x0000015cdd719800 Exception <a 'java/lang/ClassNotFoundException'{0x0000000084fe3c40}: org/gradle/api/internal/AbstractTaskBeanInfo> (0x0000000084fe3c40) thrown at [./src/hotspot/share/classfile/systemDictionary.cpp, line 231]
Event: 9.546 Thread 0x0000015cdd719800 Exception <a 'java/lang/ClassNotFoundException'{0x0000000084e11f80}: org/gradle/api/internal/AbstractTaskCustomizer> (0x0000000084e11f80) thrown at [./src/hotspot/share/classfile/systemDictionary.cpp, line 231]
Event: 9.551 Thread 0x0000015cdd719800 Exception <a 'java/lang/ClassNotFoundException'{0x0000000084e84708}: org/gradle/api/DefaultTaskCustomizer> (0x0000000084e84708) thrown at [./src/hotspot/share/classfile/systemDictionary.cpp, line 231]
Event: 9.555 Thread 0x0000015cdd719800 Exception <a 'java/lang/ClassNotFoundException'{0x0000000084d06408}: org/gradle/api/internal/ConventionTaskCustomizer> (0x0000000084d06408) thrown at [./src/hotspot/share/classfile/systemDictionary.cpp, line 231]
Event: 9.557 Thread 0x0000015cdd719800 Exception <a 'java/lang/ClassNotFoundException'{0x0000000084d3e450}: org/gradle/api/tasks/DeleteCustomizer> (0x0000000084d3e450) thrown at [./src/hotspot/share/classfile/systemDictionary.cpp, line 231]
Event: 9.559 Thread 0x0000015cdd719800 Exception <a 'java/lang/ClassNotFoundException'{0x0000000084d7d410}: org/gradle/api/tasks/Delete_DecoratedCustomizer> (0x0000000084d7d410) thrown at [./src/hotspot/share/classfile/systemDictionary.cpp, line 231]
Event: 9.593 Thread 0x0000015cdd719800 Exception <a 'java/lang/NoSuchMethodError'{0x0000000084c925c0}: 'long java.lang.invoke.DirectMethodHandle$Holder.invokeVirtual(java.lang.Object, java.lang.Object)'> (0x0000000084c925c0) thrown at [./src/hotspot/share/interpreter/linkResolver.cpp, line 773]
Event: 9.598 Thread 0x0000015cdd820800 Exception <a 'java/lang/NoSuchMethodError'{0x0000000084b04be8}: <clinit>> (0x0000000084b04be8) thrown at [./src/hotspot/share/prims/jni.cpp, line 1366]
Event: 9.604 Thread 0x0000015cdd820800 Exception <a 'java/lang/NoSuchMethodError'{0x0000000084b22f50}: <clinit>> (0x0000000084b22f50) thrown at [./src/hotspot/share/prims/jni.cpp, line 1366]
Event: 9.604 Thread 0x0000015cdd820800 Exception <a 'java/lang/NoSuchMethodError'{0x0000000084b24060}: <clinit>> (0x0000000084b24060) thrown at [./src/hotspot/share/prims/jni.cpp, line 1366]
Event: 9.604 Thread 0x0000015cdd820800 Exception <a 'java/lang/NoSuchMethodError'{0x0000000084b25368}: <clinit>> (0x0000000084b25368) thrown at [./src/hotspot/share/prims/jni.cpp, line 1366]
Event: 9.604 Thread 0x0000015cdd820800 Exception <a 'java/lang/NoSuchMethodError'{0x0000000084b265d8}: <clinit>> (0x0000000084b265d8) thrown at [./src/hotspot/share/prims/jni.cpp, line 1366]
Event: 9.606 Thread 0x0000015cdd820800 Exception <a 'java/lang/NoSuchMethodError'{0x0000000084b390e0}: <clinit>> (0x0000000084b390e0) thrown at [./src/hotspot/share/prims/jni.cpp, line 1366]
Event: 9.607 Thread 0x0000015cdd820800 Exception <a 'java/lang/NoSuchMethodError'{0x0000000084b43ba8}: <clinit>> (0x0000000084b43ba8) thrown at [./src/hotspot/share/prims/jni.cpp, line 1366]
Event: 9.610 Thread 0x0000015cdd820800 Exception <a 'java/lang/NoSuchMethodError'{0x0000000084b57c60}: <clinit>> (0x0000000084b57c60) thrown at [./src/hotspot/share/prims/jni.cpp, line 1366]
Event: 9.639 Thread 0x0000015cdd719800 Exception <a 'java/lang/ClassNotFoundException'{0x0000000084bec300}: build_2dful60i1ir9ud622o47h7hl3BeanInfo> (0x0000000084bec300) thrown at [./src/hotspot/share/classfile/systemDictionary.cpp, line 231]
Event: 9.639 Thread 0x0000015cdd719800 Exception <a 'java/lang/ClassNotFoundException'{0x0000000084bf72b8}: build_2dful60i1ir9ud622o47h7hl3Customizer> (0x0000000084bf72b8) thrown at [./src/hotspot/share/classfile/systemDictionary.cpp, line 231]
Event: 9.644 Thread 0x0000015cdd719800 Exception <a 'java/lang/ClassNotFoundException'{0x0000000084a5b420}: org/gradle/api/internal/plugins/DefaultObjectConfigurationActionBeanInfo> (0x0000000084a5b420) thrown at [./src/hotspot/share/classfile/systemDictionary.cpp, line 231]
Event: 9.645 Thread 0x0000015cdd719800 Exception <a 'java/lang/ClassNotFoundException'{0x0000000084a92438}: org/gradle/api/internal/plugins/DefaultObjectConfigurationActionCustomizer> (0x0000000084a92438) thrown at [./src/hotspot/share/classfile/systemDictionary.cpp, line 231]

Events (20 events):
Event: 9.764 loading class com/android/build/gradle/internal/errors/DeprecationReporter
Event: 9.764 loading class com/android/build/gradle/internal/errors/DeprecationReporter done
Event: 9.764 loading class org/gradle/tooling/provider/model/ToolingModelBuilder
Event: 9.764 loading class org/gradle/tooling/provider/model/ToolingModelBuilder done
Event: 9.765 loading class org/gradle/api/tasks/StopExecutionException
Event: 9.765 loading class org/gradle/api/tasks/StopExecutionException done
Event: 9.765 loading class org/gradle/api/tasks/StopExecutionException
Event: 9.765 loading class org/gradle/api/tasks/StopExecutionException done
Event: 9.765 loading class com/android/build/gradle/internal/BadPluginException
Event: 9.765 loading class com/android/build/gradle/internal/BadPluginException done
Event: 9.766 loading class org/gradle/api/GradleException
Event: 9.766 loading class org/gradle/api/GradleException done
Event: 9.766 loading class com/android/build/gradle/internal/variant/VariantModel
Event: 9.766 loading class com/android/build/gradle/internal/variant/VariantModel done
Event: 9.767 loading class com/android/build/gradle/internal/dsl/AbstractPublishing
Event: 9.767 loading class com/android/build/gradle/internal/dsl/AbstractPublishing done
Event: 9.768 loading class com/android/build/gradle/internal/dsl/ApplicationPublishingImpl
Event: 9.768 loading class com/android/build/gradle/internal/dsl/ApplicationPublishingImpl done
Event: 9.770 loading class com/android/build/api/dsl/ApplicationPublishing
Event: 9.770 loading class com/android/build/api/dsl/ApplicationPublishing done


Dynamic libraries:
0x00007ff7e3ac0000 - 0x00007ff7e3aca000 	C:\Program Files\Android\Android Studio\jre\bin\java.exe
0x00007ffbcb0c0000 - 0x00007ffbcb2c9000 	C:\Windows\SYSTEM32\ntdll.dll
0x00007ffbc9640000 - 0x00007ffbc96fe000 	C:\Windows\System32\KERNEL32.DLL
0x00007ffbc8800000 - 0x00007ffbc8b83000 	C:\Windows\System32\KERNELBASE.dll
0x00007ffbc8570000 - 0x00007ffbc8681000 	C:\Windows\System32\ucrtbase.dll
0x00007ffbbf7f0000 - 0x00007ffbbf809000 	C:\Program Files\Android\Android Studio\jre\bin\jli.dll
0x00007ffbba830000 - 0x00007ffbba847000 	C:\Program Files\Android\Android Studio\jre\bin\VCRUNTIME140.dll
0x00007ffbcab60000 - 0x00007ffbcad0d000 	C:\Windows\System32\USER32.dll
0x00007ffbc8b90000 - 0x00007ffbc8bb6000 	C:\Windows\System32\win32u.dll
0x00007ffbcad10000 - 0x00007ffbcad39000 	C:\Windows\System32\GDI32.dll
0x00007ffbc8bc0000 - 0x00007ffbc8cda000 	C:\Windows\System32\gdi32full.dll
0x00007ffbc8ce0000 - 0x00007ffbc8d7d000 	C:\Windows\System32\msvcp_win.dll
0x00007ffbaba20000 - 0x00007ffbabcc5000 	C:\Windows\WinSxS\amd64_microsoft.windows.common-controls_6595b64144ccf1df_6.0.22000.120_none_9d947278b86cc467\COMCTL32.dll
0x00007ffbc9b70000 - 0x00007ffbc9c13000 	C:\Windows\System32\msvcrt.dll
0x00007ffbc8fe0000 - 0x00007ffbc9011000 	C:\Windows\System32\IMM32.DLL
0x00007ffbaf470000 - 0x00007ffbaf50d000 	C:\Program Files\Android\Android Studio\jre\bin\msvcp140.dll
0x00007ffb70050000 - 0x00007ffb70b52000 	C:\Program Files\Android\Android Studio\jre\bin\server\jvm.dll
0x00007ffbcad40000 - 0x00007ffbcadee000 	C:\Windows\System32\ADVAPI32.dll
0x00007ffbc9e40000 - 0x00007ffbc9ede000 	C:\Windows\System32\sechost.dll
0x00007ffbca8e0000 - 0x00007ffbcaa01000 	C:\Windows\System32\RPCRT4.dll
0x00007ffbc90d0000 - 0x00007ffbc90d8000 	C:\Windows\System32\PSAPI.DLL
0x00007ffbc2850000 - 0x00007ffbc2883000 	C:\Windows\SYSTEM32\WINMM.dll
0x00007ffba1790000 - 0x00007ffba1799000 	C:\Windows\SYSTEM32\WSOCK32.dll
0x00007ffbc90e0000 - 0x00007ffbc914f000 	C:\Windows\System32\WS2_32.dll
0x00007ffbbf870000 - 0x00007ffbbf87a000 	C:\Windows\SYSTEM32\VERSION.dll
0x00007ffbc75f0000 - 0x00007ffbc7608000 	C:\Windows\SYSTEM32\kernel.appcore.dll
0x00007ffb7f4d0000 - 0x00007ffb7f4e1000 	C:\Program Files\Android\Android Studio\jre\bin\verify.dll
0x00007ffbc6110000 - 0x00007ffbc6331000 	C:\Windows\SYSTEM32\DBGHELP.DLL
0x00007ffbb88a0000 - 0x00007ffbb88d1000 	C:\Windows\SYSTEM32\dbgcore.DLL
0x00007ffbc8eb0000 - 0x00007ffbc8f2f000 	C:\Windows\System32\bcryptPrimitives.dll
0x00007ffb7cc70000 - 0x00007ffb7cc99000 	C:\Program Files\Android\Android Studio\jre\bin\java.dll
0x00007ffb9d260000 - 0x00007ffb9d26b000 	C:\Program Files\Android\Android Studio\jre\bin\jimage.dll
0x00007ffb7bf90000 - 0x00007ffb7bfa8000 	C:\Program Files\Android\Android Studio\jre\bin\zip.dll
0x00007ffbca000000 - 0x00007ffbca7c5000 	C:\Windows\System32\SHELL32.dll
0x00007ffbc6650000 - 0x00007ffbc6eb4000 	C:\Windows\SYSTEM32\windows.storage.dll
0x00007ffbc92c0000 - 0x00007ffbc9636000 	C:\Windows\System32\combase.dll
0x00007ffbc64e0000 - 0x00007ffbc6647000 	C:\Windows\SYSTEM32\wintypes.dll
0x00007ffbca7d0000 - 0x00007ffbca8ba000 	C:\Windows\System32\SHCORE.dll
0x00007ffbc9c20000 - 0x00007ffbc9c7d000 	C:\Windows\System32\shlwapi.dll
0x00007ffbc84a0000 - 0x00007ffbc84c1000 	C:\Windows\SYSTEM32\profapi.dll
0x00007ffb7b570000 - 0x00007ffb7b58a000 	C:\Program Files\Android\Android Studio\jre\bin\net.dll
0x00007ffbc2f20000 - 0x00007ffbc3032000 	C:\Windows\SYSTEM32\WINHTTP.dll
0x00007ffbc7a90000 - 0x00007ffbc7af7000 	C:\Windows\system32\mswsock.dll
0x00007ffb76d30000 - 0x00007ffb76d44000 	C:\Program Files\Android\Android Studio\jre\bin\nio.dll
0x00007ffbaf700000 - 0x00007ffbaf727000 	C:\Users\nraje\.gradle\native\e1d6ef7f7dcc3fd88c89a11ec53ec762bb8ba0a96d01ffa2cd45eb1d1d8dd5c5\windows-amd64\native-platform.dll
0x00007ffbaee00000 - 0x00007ffbaef44000 	C:\Users\nraje\.gradle\native\5664cfc778a61ccfe75a443a1ab52a65af34e5dc3c78e0209fed803814484fcb\windows-amd64\native-platform-file-events.dll
0x00007ffb9d130000 - 0x00007ffb9d13a000 	C:\Program Files\Android\Android Studio\jre\bin\management.dll
0x00007ffb994d0000 - 0x00007ffb994dd000 	C:\Program Files\Android\Android Studio\jre\bin\management_ext.dll
0x00007ffbc7cf0000 - 0x00007ffbc7d08000 	C:\Windows\SYSTEM32\CRYPTSP.dll
0x00007ffbc7550000 - 0x00007ffbc7585000 	C:\Windows\system32\rsaenh.dll
0x00007ffbc7b90000 - 0x00007ffbc7bb9000 	C:\Windows\SYSTEM32\USERENV.dll
0x00007ffbc7ed0000 - 0x00007ffbc7ef7000 	C:\Windows\SYSTEM32\bcrypt.dll
0x00007ffbc7ce0000 - 0x00007ffbc7cec000 	C:\Windows\SYSTEM32\CRYPTBASE.dll
0x00007ffbc7110000 - 0x00007ffbc713d000 	C:\Windows\SYSTEM32\IPHLPAPI.DLL
0x00007ffbca8d0000 - 0x00007ffbca8d9000 	C:\Windows\System32\NSI.dll
0x00007ffbc2f00000 - 0x00007ffbc2f19000 	C:\Windows\SYSTEM32\dhcpcsvc6.DLL
0x00007ffbc3560000 - 0x00007ffbc357e000 	C:\Windows\SYSTEM32\dhcpcsvc.DLL
0x00007ffbc7140000 - 0x00007ffbc7228000 	C:\Windows\SYSTEM32\DNSAPI.dll

dbghelp: loaded successfully - version: 4.0.5 - missing functions: none
symbol engine: initialized successfully - sym options: 0x614 - pdb path: .;C:\Program Files\Android\Android Studio\jre\bin;C:\Windows\SYSTEM32;C:\Windows\WinSxS\amd64_microsoft.windows.common-controls_6595b64144ccf1df_6.0.22000.120_none_9d947278b86cc467;C:\Program Files\Android\Android Studio\jre\bin\server;C:\Users\nraje\.gradle\native\e1d6ef7f7dcc3fd88c89a11ec53ec762bb8ba0a96d01ffa2cd45eb1d1d8dd5c5\windows-amd64;C:\Users\nraje\.gradle\native\5664cfc778a61ccfe75a443a1ab52a65af34e5dc3c78e0209fed803814484fcb\windows-amd64

VM Arguments:
jvm_args: --add-opens=java.base/java.util=ALL-UNNAMED --add-opens=java.base/java.lang=ALL-UNNAMED --add-opens=java.base/java.lang.invoke=ALL-UNNAMED --add-opens=java.base/java.util=ALL-UNNAMED --add-opens=java.prefs/java.util.prefs=ALL-UNNAMED --add-opens=java.prefs/java.util.prefs=ALL-UNNAMED --add-opens=java.base/java.nio.charset=ALL-UNNAMED --add-opens=java.base/java.net=ALL-UNNAMED --add-opens=java.base/java.util.concurrent.atomic=ALL-UNNAMED -Xmx2048m -Dfile.encoding=windows-1252 -Duser.country=IN -Duser.language=en -Duser.variant 
java_command: org.gradle.launcher.daemon.bootstrap.GradleDaemon 7.2
java_class_path (initial): C:\Users\nraje\.gradle\wrapper\dists\gradle-7.2-all\260hg96vuh6ex27h9vo47iv4d\gradle-7.2\lib\gradle-launcher-7.2.jar
Launcher Type: SUN_STANDARD

[Global flags]
     intx CICompilerCount                          = 4                                         {product} {ergonomic}
     uint ConcGCThreads                            = 3                                         {product} {ergonomic}
     uint G1ConcRefinementThreads                  = 10                                        {product} {ergonomic}
   size_t G1HeapRegionSize                         = 1048576                                   {product} {ergonomic}
    uintx GCDrainStackTargetSize                   = 64                                        {product} {ergonomic}
   size_t InitialHeapSize                          = 98566144                                  {product} {ergonomic}
   size_t MarkStackSize                            = 4194304                                   {product} {ergonomic}
   size_t MaxHeapSize                              = 2147483648                                {product} {command line}
   size_t MaxNewSize                               = 1287651328                                {product} {ergonomic}
   size_t MinHeapDeltaBytes                        = 1048576                                   {product} {ergonomic}
    uintx NonNMethodCodeHeapSize                   = 5836300                                {pd product} {ergonomic}
    uintx NonProfiledCodeHeapSize                  = 122910970                              {pd product} {ergonomic}
    uintx ProfiledCodeHeapSize                     = 122910970                              {pd product} {ergonomic}
    uintx ReservedCodeCacheSize                    = 251658240                              {pd product} {ergonomic}
     bool SegmentedCodeCache                       = true                                      {product} {ergonomic}
     bool UseCompressedClassPointers               = true                                 {lp64_product} {ergonomic}
     bool UseCompressedOops                        = true                                 {lp64_product} {ergonomic}
     bool UseG1GC                                  = true                                      {product} {ergonomic}
     bool UseLargePagesIndividualAllocation        = false                                  {pd product} {ergonomic}

Logging:
Log output configuration:
 #0: stdout all=warning uptime,level,tags
 #1: stderr all=off uptime,level,tags

Environment Variables:
PATH=C:\Program Files\Common Files\Oracle\Java\javapath;C:\Program Files (x86)\Common Files\Oracle\Java\javapath;C:\Windows\system32;C:\Windows;C:\Windows\System32\Wbem;C:\Windows\System32\WindowsPowerShell\v1.0\;C:\Windows\System32\OpenSSH\;C:\Program Files\Git\cmd;C:\Users\nraje\AppData\Local\Microsoft\WindowsApps\python.exe;C:\Users\nraje\AppData\Local\Microsoft\WindowsApps\python.exe;C:\Users\nraje\AppData\Local\Microsoft\WindowsApps\;C:\Users\nraje\AppData\Local\Microsoft\WindowsApps\;C:\Users\nraje\AppData\Local\Microsoft\WindowsApps;;C:\Users\nraje\AppData\Local\Programs\Microsoft VS Code\bin
USERNAME=nraje
OS=Windows_NT
PROCESSOR_IDENTIFIER=AMD64 Family 23 Model 104 Stepping 1, AuthenticAMD



---------------  S Y S T E M  ---------------

OS: Windows 11 , 64 bit Build 22000 (10.0.22000.1761)
OS uptime: 11 days 4:26 hours

CPU:total 12 (initial active 12) (12 cores per cpu, 2 threads per core) family 23 model 104 stepping 1 microcode 0x0, cmov, cx8, fxsr, mmx, sse, sse2, sse3, ssse3, sse4.1, sse4.2, popcnt, avx, avx2, aes, clmul, mmxext, 3dnowpref, lzcnt, sse4a, ht, tsc, tscinvbit, tscinv, bmi1, bmi2, adx, sha, fma

Memory: 4k page, system-wide physical 6005M (199M free)
TotalPageFile size 24437M (AvailPageFile size 270M)
current process WorkingSet (physical memory assigned to process): 261M, peak: 262M
current process commit charge ("private bytes"): 305M, peak: 306M

vm_info: OpenJDK 64-Bit Server VM (11.0.13+0-b1751.21-8125866) for windows-amd64 JRE (11.0.13+0-b1751.21-8125866), built on Feb  2 2022 03:00:22 by "builder" with MS VC++ 14.0 (VS2015)

END.
