#
# There is insufficient memory for the Java Runtime Environment to continue.
# Native memory allocation (malloc) failed to allocate 1053616 bytes for Chunk::new
# Possible reasons:
#   The system is out of physical RAM or swap space
#   The process is running with CompressedOops enabled, and the Java Heap may be blocking the growth of the native heap
# Possible solutions:
#   Reduce memory load on the system
#   Increase physical memory or swap space
#   Check if swap backing store is full
#   Decrease Java heap size (-Xmx/-Xms)
#   Decrease number of Java threads
#   Decrease Java thread stack sizes (-Xss)
#   Set larger code cache with -XX:ReservedCodeCacheSize=
#   JVM is running with Unscaled Compressed Oops mode in which the Java heap is
#     placed in the first 4GB address space. The Java Heap base address is the
#     maximum limit for the native heap growth. Please use -XX:HeapBaseMinAddress
#     to set the Java Heap base and to place the Java Heap above 4GB virtual address.
# This output file may be truncated or incomplete.
#
#  Out of Memory Error (./src/hotspot/share/memory/arena.cpp:197), pid=129264, tid=116308
#
# JRE version: OpenJDK Runtime Environment (11.0.13) (build 11.0.13+0-b1751.21-8125866)
# Java VM: OpenJDK 64-Bit Server VM (11.0.13+0-b1751.21-8125866, mixed mode, tiered, compressed oops, g1 gc, windows-amd64)
# No core dump will be written. Minidumps are not enabled by default on client versions of Windows
#

---------------  S U M M A R Y ------------

Command Line: --add-opens=java.base/java.util=ALL-UNNAMED --add-opens=java.base/java.lang=ALL-UNNAMED --add-opens=java.base/java.lang.invoke=ALL-UNNAMED --add-opens=java.base/java.util=ALL-UNNAMED --add-opens=java.prefs/java.util.prefs=ALL-UNNAMED --add-opens=java.prefs/java.util.prefs=ALL-UNNAMED --add-opens=java.base/java.nio.charset=ALL-UNNAMED --add-opens=java.base/java.net=ALL-UNNAMED --add-opens=java.base/java.util.concurrent.atomic=ALL-UNNAMED -Xmx2048m -Dfile.encoding=windows-1252 -Duser.country=IN -Duser.language=en -Duser.variant org.gradle.launcher.daemon.bootstrap.GradleDaemon 7.2

Host: AMD Ryzen 5 5500U with Radeon Graphics         , 12 cores, 5G,  Windows 11 , 64 bit Build 22000 (10.0.22000.1761)
Time: Fri May 12 01:40:29 2023 India Standard Time elapsed time: 5.623373 seconds (0d 0h 0m 5s)

---------------  T H R E A D  ---------------

Current thread (0x000001421ef5b800):  JavaThread "C2 CompilerThread0" daemon [_thread_in_native, id=116308, stack(0x0000001838600000,0x0000001838700000)]


Current CompileTask:
C2:   5623 2168       4       java.net.URLClassLoader$1::run (5 bytes)

Stack: [0x0000001838600000,0x0000001838700000]
Native frames: (J=compiled Java code, j=interpreted, Vv=VM code, C=native code)
V  [jvm.dll+0x6100fa]
V  [jvm.dll+0x747090]
V  [jvm.dll+0x7486ad]
V  [jvm.dll+0x748d83]
V  [jvm.dll+0x24ab48]
V  [jvm.dll+0xc04dc]
V  [jvm.dll+0xc0a0c]
V  [jvm.dll+0x2bfab4]
V  [jvm.dll+0x524238]
V  [jvm.dll+0x20b193]
V  [jvm.dll+0x204ca0]
V  [jvm.dll+0x2023c2]
V  [jvm.dll+0x188e01]
V  [jvm.dll+0x21106b]
V  [jvm.dll+0x20f8c1]
V  [jvm.dll+0x70de0f]
V  [jvm.dll+0x706a75]
V  [jvm.dll+0x60ed66]
C  [ucrtbase.dll+0x26c0c]
C  [KERNEL32.DLL+0x15590]
C  [ntdll.dll+0x485b]


---------------  P R O C E S S  ---------------

Threads class SMR info:
_java_thread_list=0x000001422132ed30, length=24, elements={
0x0000014203cdd000, 0x000001421e5c0000, 0x000001421e5c9800, 0x000001421ef53800,
0x000001421ef55000, 0x000001421ef56800, 0x000001421ef5b800, 0x000001421ef61000,
0x000001421e5f7000, 0x000001421f097000, 0x0000014220974000, 0x000001421fc3d800,
0x0000014220abb800, 0x0000014221290800, 0x000001422100e800, 0x000001422102c000,
0x00000142210e1000, 0x000001422102e000, 0x0000014221034800, 0x0000014221156800,
0x0000014221157800, 0x0000014221159000, 0x000001422115a000, 0x000001422115a800
}

Java Threads: ( => current thread )
  0x0000014203cdd000 JavaThread "main" [_thread_blocked, id=116232, stack(0x0000001837a00000,0x0000001837b00000)]
  0x000001421e5c0000 JavaThread "Reference Handler" daemon [_thread_blocked, id=122872, stack(0x0000001838100000,0x0000001838200000)]
  0x000001421e5c9800 JavaThread "Finalizer" daemon [_thread_blocked, id=86316, stack(0x0000001838200000,0x0000001838300000)]
  0x000001421ef53800 JavaThread "Signal Dispatcher" daemon [_thread_blocked, id=130800, stack(0x0000001838300000,0x0000001838400000)]
  0x000001421ef55000 JavaThread "Attach Listener" daemon [_thread_blocked, id=120948, stack(0x0000001838400000,0x0000001838500000)]
  0x000001421ef56800 JavaThread "Service Thread" daemon [_thread_blocked, id=129040, stack(0x0000001838500000,0x0000001838600000)]
=>0x000001421ef5b800 JavaThread "C2 CompilerThread0" daemon [_thread_in_native, id=116308, stack(0x0000001838600000,0x0000001838700000)]
  0x000001421ef61000 JavaThread "C1 CompilerThread0" daemon [_thread_blocked, id=107216, stack(0x0000001838700000,0x0000001838800000)]
  0x000001421e5f7000 JavaThread "Sweeper thread" daemon [_thread_blocked, id=51112, stack(0x0000001838800000,0x0000001838900000)]
  0x000001421f097000 JavaThread "Common-Cleaner" daemon [_thread_blocked, id=110332, stack(0x0000001838900000,0x0000001838a00000)]
  0x0000014220974000 JavaThread "Daemon health stats" [_thread_blocked, id=115912, stack(0x0000001838c00000,0x0000001838d00000)]
  0x000001421fc3d800 JavaThread "Incoming local TCP Connector on port 56712" [_thread_in_native, id=127272, stack(0x0000001838d00000,0x0000001838e00000)]
  0x0000014220abb800 JavaThread "Daemon periodic checks" [_thread_blocked, id=128304, stack(0x0000001838e00000,0x0000001838f00000)]
  0x0000014221290800 JavaThread "Daemon" [_thread_blocked, id=126124, stack(0x0000001838f00000,0x0000001839000000)]
  0x000001422100e800 JavaThread "Handler for socket connection from /127.0.0.1:56712 to /127.0.0.1:56713" [_thread_in_native, id=116684, stack(0x0000001839000000,0x0000001839100000)]
  0x000001422102c000 JavaThread "Cancel handler" [_thread_blocked, id=116476, stack(0x0000001839100000,0x0000001839200000)]
  0x00000142210e1000 JavaThread "Daemon worker" [_thread_in_Java, id=87812, stack(0x0000001839200000,0x0000001839300000)]
  0x000001422102e000 JavaThread "Asynchronous log dispatcher for DefaultDaemonConnection: socket connection from /127.0.0.1:56712 to /127.0.0.1:56713" [_thread_blocked, id=116360, stack(0x0000001839300000,0x0000001839400000)]
  0x0000014221034800 JavaThread "Stdin handler" [_thread_blocked, id=106432, stack(0x0000001839400000,0x0000001839500000)]
  0x0000014221156800 JavaThread "Daemon client event forwarder" [_thread_blocked, id=129684, stack(0x0000001839500000,0x0000001839600000)]
  0x0000014221157800 JavaThread "Cache worker for journal cache (C:\Users\nraje\AndroidStudioProjects\app2\NOTED---Notes-Application-for-Android-master\caches\journal-1)" [_thread_blocked, id=131968, stack(0x0000001839e00000,0x0000001839f00000)]
  0x0000014221159000 JavaThread "File lock request listener" [_thread_in_native, id=125440, stack(0x0000001839f00000,0x000000183a000000)]
  0x000001422115a000 JavaThread "Cache worker for file hash cache (C:\Users\nraje\AndroidStudioProjects\app2\NOTED---Notes-Application-for-Android-master\caches\7.2\fileHashes)" [_thread_blocked, id=117924, stack(0x000000183a000000,0x000000183a100000)]
  0x000001422115a800 JavaThread "Cache worker for file hash cache (C:\Users\nraje\AndroidStudioProjects\NOTEIT\.gradle\7.2\fileHashes)" [_thread_blocked, id=131512, stack(0x000000183a300000,0x000000183a400000)]

Other Threads:
  0x000001421e5ba800 VMThread "VM Thread" [stack: 0x0000001838000000,0x0000001838100000] [id=108188]
  0x000001421f0a9000 WatcherThread [stack: 0x0000001838a00000,0x0000001838b00000] [id=127724]
  0x0000014203cf5800 GCTaskThread "GC Thread#0" [stack: 0x0000001837b00000,0x0000001837c00000] [id=129324]
  0x000001421fd1c800 GCTaskThread "GC Thread#1" [stack: 0x0000001838b00000,0x0000001838c00000] [id=107192]
  0x00000142210df000 GCTaskThread "GC Thread#2" [stack: 0x0000001839600000,0x0000001839700000] [id=129520]
  0x00000142210e0000 GCTaskThread "GC Thread#3" [stack: 0x0000001839700000,0x0000001839800000] [id=131840]
  0x00000142210be000 GCTaskThread "GC Thread#4" [stack: 0x0000001839800000,0x0000001839900000] [id=114632]
  0x00000142210bf000 GCTaskThread "GC Thread#5" [stack: 0x0000001839900000,0x0000001839a00000] [id=107264]
  0x000001422123b000 GCTaskThread "GC Thread#6" [stack: 0x0000001839a00000,0x0000001839b00000] [id=125932]
  0x0000014221218800 GCTaskThread "GC Thread#7" [stack: 0x0000001839b00000,0x0000001839c00000] [id=131788]
  0x000001422123c000 GCTaskThread "GC Thread#8" [stack: 0x0000001839c00000,0x0000001839d00000] [id=101600]
  0x000001422130a800 GCTaskThread "GC Thread#9" [stack: 0x0000001839d00000,0x0000001839e00000] [id=131896]
  0x0000014203d29800 ConcurrentGCThread "G1 Main Marker" [stack: 0x0000001837c00000,0x0000001837d00000] [id=127540]
  0x0000014203d2b800 ConcurrentGCThread "G1 Conc#0" [stack: 0x0000001837d00000,0x0000001837e00000] [id=131216]
  0x000001422124c800 ConcurrentGCThread "G1 Conc#1" [stack: 0x000000183a100000,0x000000183a200000] [id=130644]
  0x00000142214bb000 ConcurrentGCThread "G1 Conc#2" [stack: 0x000000183a200000,0x000000183a300000] [id=110092]
  0x0000014203db9800 ConcurrentGCThread "G1 Refine#0" [stack: 0x0000001837e00000,0x0000001837f00000] [id=130272]
  0x0000014203dbc800 ConcurrentGCThread "G1 Young RemSet Sampling" [stack: 0x0000001837f00000,0x0000001838000000] [id=127352]

Threads with active compile tasks:
C2 CompilerThread0   5666 2168       4       java.net.URLClassLoader$1::run (5 bytes)
C1 CompilerThread0   5666 2266       3       org.gradle.api.internal.file.pattern.PatternMatcherFactory::compile (117 bytes)

VM state:not at safepoint (normal execution)

VM Mutex/Monitor currently owned by a thread: None

Heap address: 0x0000000080000000, size: 2048 MB, Compressed Oops mode: 32-bit
Narrow klass base: 0x0000000000000000, Narrow klass shift: 3
Compressed class space size: 1073741824 Address: 0x0000000100000000

Heap:
 garbage-first heap   total 96256K, used 25892K [0x0000000080000000, 0x0000000100000000)
  region size 1024K, 13 young (13312K), 5 survivors (5120K)
 Metaspace       used 25563K, capacity 26140K, committed 26288K, reserved 1073152K
  class space    used 3273K, capacity 3469K, committed 3584K, reserved 1048576K
Heap Regions: E=young(eden), S=young(survivor), O=old, HS=humongous(starts), HC=humongous(continues), CS=collection set, F=free, A=archive, TAMS=top-at-mark-start (previous, next)
|   0|0x0000000080000000, 0x0000000080100000, 0x0000000080100000|100%| O|  |TAMS 0x0000000080100000, 0x0000000080000000| Untracked 
|   1|0x0000000080100000, 0x0000000080200000, 0x0000000080200000|100%| O|  |TAMS 0x0000000080200000, 0x0000000080100000| Untracked 
|   2|0x0000000080200000, 0x0000000080300000, 0x0000000080300000|100%| O|  |TAMS 0x0000000080300000, 0x0000000080200000| Untracked 
|   3|0x0000000080300000, 0x0000000080400000, 0x0000000080400000|100%|HS|  |TAMS 0x0000000080400000, 0x0000000080300000| Complete 
|   4|0x0000000080400000, 0x0000000080500000, 0x0000000080500000|100%|HC|  |TAMS 0x0000000080500000, 0x0000000080400000| Complete 
|   5|0x0000000080500000, 0x0000000080600000, 0x0000000080600000|100%|HC|  |TAMS 0x0000000080600000, 0x0000000080500000| Complete 
|   6|0x0000000080600000, 0x0000000080700000, 0x0000000080700000|100%| O|  |TAMS 0x0000000080700000, 0x0000000080600000| Untracked 
|   7|0x0000000080700000, 0x0000000080800000, 0x0000000080800000|100%| O|  |TAMS 0x0000000080800000, 0x0000000080700000| Untracked 
|   8|0x0000000080800000, 0x0000000080900000, 0x0000000080900000|100%| O|  |TAMS 0x0000000080900000, 0x0000000080800000| Untracked 
|   9|0x0000000080900000, 0x0000000080a00000, 0x0000000080a00000|100%| O|  |TAMS 0x0000000080a00000, 0x0000000080900000| Untracked 
|  10|0x0000000080a00000, 0x0000000080b00000, 0x0000000080b00000|100%| O|  |TAMS 0x0000000080b00000, 0x0000000080a00000| Untracked 
|  11|0x0000000080b00000, 0x0000000080c00000, 0x0000000080c00000|100%| O|  |TAMS 0x0000000080c00000, 0x0000000080b00000| Untracked 
|  12|0x0000000080c00000, 0x0000000080d00000, 0x0000000080d00000|100%| O|  |TAMS 0x0000000080d00000, 0x0000000080c00000| Untracked 
|  13|0x0000000080d00000, 0x0000000080dcb000, 0x0000000080e00000| 79%| O|  |TAMS 0x0000000080dcb000, 0x0000000080d00000| Untracked 
|  14|0x0000000080e00000, 0x0000000080e00000, 0x0000000080f00000|  0%| F|  |TAMS 0x0000000080e00000, 0x0000000080e00000| Untracked 
|  15|0x0000000080f00000, 0x0000000080f00000, 0x0000000081000000|  0%| F|  |TAMS 0x0000000080f00000, 0x0000000080f00000| Untracked 
|  16|0x0000000081000000, 0x0000000081000000, 0x0000000081100000|  0%| F|  |TAMS 0x0000000081000000, 0x0000000081000000| Untracked 
|  17|0x0000000081100000, 0x0000000081100000, 0x0000000081200000|  0%| F|  |TAMS 0x0000000081100000, 0x0000000081100000| Untracked 
|  18|0x0000000081200000, 0x0000000081200000, 0x0000000081300000|  0%| F|  |TAMS 0x0000000081200000, 0x0000000081200000| Untracked 
|  19|0x0000000081300000, 0x0000000081300000, 0x0000000081400000|  0%| F|  |TAMS 0x0000000081300000, 0x0000000081300000| Untracked 
|  20|0x0000000081400000, 0x0000000081400000, 0x0000000081500000|  0%| F|  |TAMS 0x0000000081400000, 0x0000000081400000| Untracked 
|  21|0x0000000081500000, 0x0000000081500000, 0x0000000081600000|  0%| F|  |TAMS 0x0000000081500000, 0x0000000081500000| Untracked 
|  22|0x0000000081600000, 0x0000000081600000, 0x0000000081700000|  0%| F|  |TAMS 0x0000000081600000, 0x0000000081600000| Untracked 
|  23|0x0000000081700000, 0x0000000081700000, 0x0000000081800000|  0%| F|  |TAMS 0x0000000081700000, 0x0000000081700000| Untracked 
|  24|0x0000000081800000, 0x0000000081800000, 0x0000000081900000|  0%| F|  |TAMS 0x0000000081800000, 0x0000000081800000| Untracked 
|  25|0x0000000081900000, 0x0000000081900000, 0x0000000081a00000|  0%| F|  |TAMS 0x0000000081900000, 0x0000000081900000| Untracked 
|  26|0x0000000081a00000, 0x0000000081a00000, 0x0000000081b00000|  0%| F|  |TAMS 0x0000000081a00000, 0x0000000081a00000| Untracked 
|  27|0x0000000081b00000, 0x0000000081b00000, 0x0000000081c00000|  0%| F|  |TAMS 0x0000000081b00000, 0x0000000081b00000| Untracked 
|  28|0x0000000081c00000, 0x0000000081c00000, 0x0000000081d00000|  0%| F|  |TAMS 0x0000000081c00000, 0x0000000081c00000| Untracked 
|  29|0x0000000081d00000, 0x0000000081d00000, 0x0000000081e00000|  0%| F|  |TAMS 0x0000000081d00000, 0x0000000081d00000| Untracked 
|  30|0x0000000081e00000, 0x0000000081e00000, 0x0000000081f00000|  0%| F|  |TAMS 0x0000000081e00000, 0x0000000081e00000| Untracked 
|  31|0x0000000081f00000, 0x0000000081f00000, 0x0000000082000000|  0%| F|  |TAMS 0x0000000081f00000, 0x0000000081f00000| Untracked 
|  32|0x0000000082000000, 0x0000000082000000, 0x0000000082100000|  0%| F|  |TAMS 0x0000000082000000, 0x0000000082000000| Untracked 
|  33|0x0000000082100000, 0x0000000082100000, 0x0000000082200000|  0%| F|  |TAMS 0x0000000082100000, 0x0000000082100000| Untracked 
|  34|0x0000000082200000, 0x0000000082200000, 0x0000000082300000|  0%| F|  |TAMS 0x0000000082200000, 0x0000000082200000| Untracked 
|  35|0x0000000082300000, 0x0000000082300000, 0x0000000082400000|  0%| F|  |TAMS 0x0000000082300000, 0x0000000082300000| Untracked 
|  36|0x0000000082400000, 0x0000000082400000, 0x0000000082500000|  0%| F|  |TAMS 0x0000000082400000, 0x0000000082400000| Untracked 
|  37|0x0000000082500000, 0x0000000082500000, 0x0000000082600000|  0%| F|  |TAMS 0x0000000082500000, 0x0000000082500000| Untracked 
|  38|0x0000000082600000, 0x0000000082600000, 0x0000000082700000|  0%| F|  |TAMS 0x0000000082600000, 0x0000000082600000| Untracked 
|  39|0x0000000082700000, 0x0000000082700000, 0x0000000082800000|  0%| F|  |TAMS 0x0000000082700000, 0x0000000082700000| Untracked 
|  40|0x0000000082800000, 0x0000000082800000, 0x0000000082900000|  0%| F|  |TAMS 0x0000000082800000, 0x0000000082800000| Untracked 
|  41|0x0000000082900000, 0x0000000082900000, 0x0000000082a00000|  0%| F|  |TAMS 0x0000000082900000, 0x0000000082900000| Untracked 
|  42|0x0000000082a00000, 0x0000000082a00000, 0x0000000082b00000|  0%| F|  |TAMS 0x0000000082a00000, 0x0000000082a00000| Untracked 
|  43|0x0000000082b00000, 0x0000000082b00000, 0x0000000082c00000|  0%| F|  |TAMS 0x0000000082b00000, 0x0000000082b00000| Untracked 
|  44|0x0000000082c00000, 0x0000000082c00000, 0x0000000082d00000|  0%| F|  |TAMS 0x0000000082c00000, 0x0000000082c00000| Untracked 
|  45|0x0000000082d00000, 0x0000000082d7e120, 0x0000000082e00000| 49%| S|CS|TAMS 0x0000000082d00000, 0x0000000082d00000| Complete 
|  46|0x0000000082e00000, 0x0000000082f00000, 0x0000000082f00000|100%| S|CS|TAMS 0x0000000082e00000, 0x0000000082e00000| Complete 
|  47|0x0000000082f00000, 0x0000000083000000, 0x0000000083000000|100%| S|CS|TAMS 0x0000000082f00000, 0x0000000082f00000| Complete 
|  48|0x0000000083000000, 0x0000000083100000, 0x0000000083100000|100%| S|CS|TAMS 0x0000000083000000, 0x0000000083000000| Complete 
|  49|0x0000000083100000, 0x0000000083200000, 0x0000000083200000|100%| S|CS|TAMS 0x0000000083100000, 0x0000000083100000| Complete 
|  50|0x0000000083200000, 0x0000000083200000, 0x0000000083300000|  0%| F|  |TAMS 0x0000000083200000, 0x0000000083200000| Untracked 
|  51|0x0000000083300000, 0x0000000083300000, 0x0000000083400000|  0%| F|  |TAMS 0x0000000083300000, 0x0000000083300000| Untracked 
|  52|0x0000000083400000, 0x0000000083400000, 0x0000000083500000|  0%| F|  |TAMS 0x0000000083400000, 0x0000000083400000| Untracked 
|  53|0x0000000083500000, 0x0000000083500000, 0x0000000083600000|  0%| F|  |TAMS 0x0000000083500000, 0x0000000083500000| Untracked 
|  54|0x0000000083600000, 0x0000000083600000, 0x0000000083700000|  0%| F|  |TAMS 0x0000000083600000, 0x0000000083600000| Untracked 
|  55|0x0000000083700000, 0x0000000083700000, 0x0000000083800000|  0%| F|  |TAMS 0x0000000083700000, 0x0000000083700000| Untracked 
|  56|0x0000000083800000, 0x0000000083800000, 0x0000000083900000|  0%| F|  |TAMS 0x0000000083800000, 0x0000000083800000| Untracked 
|  57|0x0000000083900000, 0x0000000083900000, 0x0000000083a00000|  0%| F|  |TAMS 0x0000000083900000, 0x0000000083900000| Untracked 
|  58|0x0000000083a00000, 0x0000000083a00000, 0x0000000083b00000|  0%| F|  |TAMS 0x0000000083a00000, 0x0000000083a00000| Untracked 
|  59|0x0000000083b00000, 0x0000000083b00000, 0x0000000083c00000|  0%| F|  |TAMS 0x0000000083b00000, 0x0000000083b00000| Untracked 
|  60|0x0000000083c00000, 0x0000000083c00000, 0x0000000083d00000|  0%| F|  |TAMS 0x0000000083c00000, 0x0000000083c00000| Untracked 
|  61|0x0000000083d00000, 0x0000000083d00000, 0x0000000083e00000|  0%| F|  |TAMS 0x0000000083d00000, 0x0000000083d00000| Untracked 
|  62|0x0000000083e00000, 0x0000000083e00000, 0x0000000083f00000|  0%| F|  |TAMS 0x0000000083e00000, 0x0000000083e00000| Untracked 
|  63|0x0000000083f00000, 0x0000000083f00000, 0x0000000084000000|  0%| F|  |TAMS 0x0000000083f00000, 0x0000000083f00000| Untracked 
|  64|0x0000000084000000, 0x0000000084000000, 0x0000000084100000|  0%| F|  |TAMS 0x0000000084000000, 0x0000000084000000| Untracked 
|  65|0x0000000084100000, 0x0000000084100000, 0x0000000084200000|  0%| F|  |TAMS 0x0000000084100000, 0x0000000084100000| Untracked 
|  66|0x0000000084200000, 0x0000000084200000, 0x0000000084300000|  0%| F|  |TAMS 0x0000000084200000, 0x0000000084200000| Untracked 
|  67|0x0000000084300000, 0x0000000084300000, 0x0000000084400000|  0%| F|  |TAMS 0x0000000084300000, 0x0000000084300000| Untracked 
|  68|0x0000000084400000, 0x0000000084400000, 0x0000000084500000|  0%| F|  |TAMS 0x0000000084400000, 0x0000000084400000| Untracked 
|  69|0x0000000084500000, 0x0000000084500000, 0x0000000084600000|  0%| F|  |TAMS 0x0000000084500000, 0x0000000084500000| Untracked 
|  70|0x0000000084600000, 0x0000000084600000, 0x0000000084700000|  0%| F|  |TAMS 0x0000000084600000, 0x0000000084600000| Untracked 
|  71|0x0000000084700000, 0x0000000084700000, 0x0000000084800000|  0%| F|  |TAMS 0x0000000084700000, 0x0000000084700000| Untracked 
|  72|0x0000000084800000, 0x0000000084800000, 0x0000000084900000|  0%| F|  |TAMS 0x0000000084800000, 0x0000000084800000| Untracked 
|  73|0x0000000084900000, 0x0000000084900000, 0x0000000084a00000|  0%| F|  |TAMS 0x0000000084900000, 0x0000000084900000| Untracked 
|  74|0x0000000084a00000, 0x0000000084a00000, 0x0000000084b00000|  0%| F|  |TAMS 0x0000000084a00000, 0x0000000084a00000| Untracked 
|  75|0x0000000084b00000, 0x0000000084b00000, 0x0000000084c00000|  0%| F|  |TAMS 0x0000000084b00000, 0x0000000084b00000| Untracked 
|  76|0x0000000084c00000, 0x0000000084c00000, 0x0000000084d00000|  0%| F|  |TAMS 0x0000000084c00000, 0x0000000084c00000| Untracked 
|  77|0x0000000084d00000, 0x0000000084d00000, 0x0000000084e00000|  0%| F|  |TAMS 0x0000000084d00000, 0x0000000084d00000| Untracked 
|  78|0x0000000084e00000, 0x0000000084e00000, 0x0000000084f00000|  0%| F|  |TAMS 0x0000000084e00000, 0x0000000084e00000| Untracked 
|  79|0x0000000084f00000, 0x0000000084f00000, 0x0000000085000000|  0%| F|  |TAMS 0x0000000084f00000, 0x0000000084f00000| Untracked 
|  80|0x0000000085000000, 0x0000000085000000, 0x0000000085100000|  0%| F|  |TAMS 0x0000000085000000, 0x0000000085000000| Untracked 
|  81|0x0000000085100000, 0x0000000085100000, 0x0000000085200000|  0%| F|  |TAMS 0x0000000085100000, 0x0000000085100000| Untracked 
|  82|0x0000000085200000, 0x0000000085200000, 0x0000000085300000|  0%| F|  |TAMS 0x0000000085200000, 0x0000000085200000| Untracked 
|  83|0x0000000085300000, 0x0000000085300000, 0x0000000085400000|  0%| F|  |TAMS 0x0000000085300000, 0x0000000085300000| Untracked 
|  84|0x0000000085400000, 0x0000000085400000, 0x0000000085500000|  0%| F|  |TAMS 0x0000000085400000, 0x0000000085400000| Untracked 
|  85|0x0000000085500000, 0x0000000085500000, 0x0000000085600000|  0%| F|  |TAMS 0x0000000085500000, 0x0000000085500000| Untracked 
|  86|0x0000000085600000, 0x0000000085680800, 0x0000000085700000| 50%| E|  |TAMS 0x0000000085600000, 0x0000000085600000| Complete 
|  87|0x0000000085700000, 0x0000000085800000, 0x0000000085800000|100%| E|CS|TAMS 0x0000000085700000, 0x0000000085700000| Complete 
|  88|0x0000000085800000, 0x0000000085900000, 0x0000000085900000|100%| E|CS|TAMS 0x0000000085800000, 0x0000000085800000| Complete 
|  89|0x0000000085900000, 0x0000000085a00000, 0x0000000085a00000|100%| E|CS|TAMS 0x0000000085900000, 0x0000000085900000| Complete 
|  90|0x0000000085a00000, 0x0000000085b00000, 0x0000000085b00000|100%| E|CS|TAMS 0x0000000085a00000, 0x0000000085a00000| Complete 
|  91|0x0000000085b00000, 0x0000000085c00000, 0x0000000085c00000|100%| E|CS|TAMS 0x0000000085b00000, 0x0000000085b00000| Complete 
|  92|0x0000000085c00000, 0x0000000085d00000, 0x0000000085d00000|100%| E|CS|TAMS 0x0000000085c00000, 0x0000000085c00000| Complete 
|  93|0x0000000085d00000, 0x0000000085e00000, 0x0000000085e00000|100%| E|CS|TAMS 0x0000000085d00000, 0x0000000085d00000| Complete 

Card table byte_map: [0x0000014217160000,0x0000014217560000] _byte_map_base: 0x0000014216d60000

Marking Bits (Prev, Next): (CMBitMap*) 0x0000014203d20c10, (CMBitMap*) 0x0000014203d20bd8
 Prev Bits: [0x0000014219960000, 0x000001421b960000)
 Next Bits: [0x0000014217960000, 0x0000014219960000)

Polling page: 0x0000014201c30000

Metaspace:

Usage:
  Non-class:     22.14 MB capacity,    21.77 MB ( 98%) used,   333.59 KB (  1%) free+waste,    46.13 KB ( <1%) overhead. 
      Class:      3.39 MB capacity,     3.20 MB ( 94%) used,   171.52 KB (  5%) free+waste,    22.94 KB ( <1%) overhead. 
       Both:     25.53 MB capacity,    24.97 MB ( 98%) used,   505.12 KB (  2%) free+waste,    69.06 KB ( <1%) overhead. 

Virtual space:
  Non-class space:       24.00 MB reserved,      22.17 MB ( 92%) committed 
      Class space:        1.00 GB reserved,       3.50 MB ( <1%) committed 
             Both:        1.02 GB reserved,      25.67 MB (  2%) committed 

Chunk freelists:
   Non-Class:  33.00 KB
       Class:  19.00 KB
        Both:  52.00 KB

MaxMetaspaceSize: 17179869184.00 GB
CompressedClassSpaceSize: 1.00 GB
Initial GC threshold: 20.80 MB
Current GC threshold: 35.08 MB
CDS: off

CodeHeap 'non-profiled nmethods': size=120000Kb used=1031Kb max_used=1031Kb free=118968Kb
 bounds [0x000001420f2d0000, 0x000001420f540000, 0x0000014216800000]
CodeHeap 'profiled nmethods': size=120000Kb used=4825Kb max_used=4825Kb free=115174Kb
 bounds [0x0000014207da0000, 0x0000014208260000, 0x000001420f2d0000]
CodeHeap 'non-nmethods': size=5760Kb used=1221Kb max_used=1249Kb free=4538Kb
 bounds [0x0000014207800000, 0x0000014207a70000, 0x0000014207da0000]
 total_blobs=2746 nmethods=2250 adapters=408
 compilation: enabled
              stopped_count=0, restarted_count=0
 full_count=0

Compilation events (20 events):
Event: 5.555 Thread 0x000001421ef61000 2239       3       org.objectweb.asm.Frame::getAbstractTypeFromDescriptor (415 bytes)
Event: 5.556 Thread 0x000001421ef61000 nmethod 2239 0x0000014208249010 code [0x00000142082493a0, 0x000001420824ae38]
Event: 5.567 Thread 0x000001421ef61000 2240       3       jdk.internal.loader.ClassLoaders::platformClassLoader (4 bytes)
Event: 5.567 Thread 0x000001421ef61000 nmethod 2240 0x000001420824b710 code [0x000001420824b8c0, 0x000001420824b9b8]
Event: 5.594 Thread 0x000001421ef61000 2241       3       java.io.DataOutputStream::<init> (19 bytes)
Event: 5.594 Thread 0x000001421ef61000 nmethod 2241 0x000001420824ba10 code [0x000001420824bc00, 0x000001420824c0b8]
Event: 5.595 Thread 0x000001421ef61000 2242       3       java.lang.Class::forName (15 bytes)
Event: 5.595 Thread 0x000001421ef61000 nmethod 2242 0x000001420824c210 code [0x000001420824c3e0, 0x000001420824c5f8]
Event: 5.595 Thread 0x000001421ef61000 2243       3       java.lang.ClassLoader::getClassLoader (11 bytes)
Event: 5.595 Thread 0x000001421ef61000 nmethod 2243 0x000001420824c710 code [0x000001420824c8c0, 0x000001420824ca18]
Event: 5.596 Thread 0x000001421ef61000 2245       3       java.lang.reflect.AccessibleObject::setAccessible0 (7 bytes)
Event: 5.596 Thread 0x000001421ef61000 nmethod 2245 0x000001420824cb10 code [0x000001420824ccc0, 0x000001420824cdd8]
Event: 5.597 Thread 0x000001421ef61000 2246       3       jdk.internal.loader.AbstractClassLoaderValue::<init> (5 bytes)
Event: 5.598 Thread 0x000001421ef61000 nmethod 2246 0x000001420824ce90 code [0x000001420824d040, 0x000001420824d198]
Event: 5.598 Thread 0x000001421ef61000 2247       3       jdk.internal.loader.AbstractClassLoaderValue::sub (10 bytes)
Event: 5.598 Thread 0x000001421ef61000 nmethod 2247 0x000001420824d290 code [0x000001420824d460, 0x000001420824d798]
Event: 5.598 Thread 0x000001421ef61000 2248       3       jdk.internal.loader.AbstractClassLoaderValue$Sub::<init> (15 bytes)
Event: 5.598 Thread 0x000001421ef61000 nmethod 2248 0x000001420824d910 code [0x000001420824dae0, 0x000001420824dd58]
Event: 5.601 Thread 0x000001421ef61000 2249       3       jdk.internal.reflect.NativeMethodAccessorImpl::invoke (104 bytes)
Event: 5.603 Thread 0x000001421ef61000 nmethod 2249 0x000001420824de10 code [0x000001420824e0c0, 0x000001420824ef98]

GC Heap History (10 events):
Event: 1.189 GC heap before
{Heap before GC invocations=0 (full 0):
 garbage-first heap   total 96256K, used 29696K [0x0000000080000000, 0x0000000100000000)
  region size 1024K, 24 young (24576K), 0 survivors (0K)
 Metaspace       used 10026K, capacity 10209K, committed 10368K, reserved 1058816K
  class space    used 1025K, capacity 1108K, committed 1152K, reserved 1048576K
}
Event: 1.200 GC heap after
{Heap after GC invocations=1 (full 0):
 garbage-first heap   total 96256K, used 9040K [0x0000000080000000, 0x0000000100000000)
  region size 1024K, 3 young (3072K), 3 survivors (3072K)
 Metaspace       used 10026K, capacity 10209K, committed 10368K, reserved 1058816K
  class space    used 1025K, capacity 1108K, committed 1152K, reserved 1048576K
}
Event: 2.034 GC heap before
{Heap before GC invocations=1 (full 0):
 garbage-first heap   total 96256K, used 63312K [0x0000000080000000, 0x0000000100000000)
  region size 1024K, 56 young (57344K), 3 survivors (3072K)
 Metaspace       used 11597K, capacity 11894K, committed 12160K, reserved 1060864K
  class space    used 1235K, capacity 1350K, committed 1408K, reserved 1048576K
}
Event: 2.122 GC heap after
{Heap after GC invocations=2 (full 0):
 garbage-first heap   total 96256K, used 13970K [0x0000000080000000, 0x0000000100000000)
  region size 1024K, 7 young (7168K), 7 survivors (7168K)
 Metaspace       used 11597K, capacity 11894K, committed 12160K, reserved 1060864K
  class space    used 1235K, capacity 1350K, committed 1408K, reserved 1048576K
}
Event: 3.797 GC heap before
{Heap before GC invocations=2 (full 0):
 garbage-first heap   total 96256K, used 58002K [0x0000000080000000, 0x0000000100000000)
  region size 1024K, 50 young (51200K), 7 survivors (7168K)
 Metaspace       used 19412K, capacity 19818K, committed 19968K, reserved 1067008K
  class space    used 2334K, capacity 2484K, committed 2560K, reserved 1048576K
}
Event: 3.806 GC heap after
{Heap after GC invocations=3 (full 0):
 garbage-first heap   total 96256K, used 16889K [0x0000000080000000, 0x0000000100000000)
  region size 1024K, 3 young (3072K), 3 survivors (3072K)
 Metaspace       used 19412K, capacity 19818K, committed 19968K, reserved 1067008K
  class space    used 2334K, capacity 2484K, committed 2560K, reserved 1048576K
}
Event: 4.752 GC heap before
{Heap before GC invocations=3 (full 0):
 garbage-first heap   total 96256K, used 26105K [0x0000000080000000, 0x0000000100000000)
  region size 1024K, 14 young (14336K), 3 survivors (3072K)
 Metaspace       used 20752K, capacity 21159K, committed 21296K, reserved 1069056K
  class space    used 2510K, capacity 2633K, committed 2688K, reserved 1048576K
}
Event: 4.757 GC heap after
{Heap after GC invocations=4 (full 0):
 garbage-first heap   total 96256K, used 17297K [0x0000000080000000, 0x0000000100000000)
  region size 1024K, 4 young (4096K), 4 survivors (4096K)
 Metaspace       used 20752K, capacity 21159K, committed 21296K, reserved 1069056K
  class space    used 2510K, capacity 2633K, committed 2688K, reserved 1048576K
}
Event: 5.463 GC heap before
{Heap before GC invocations=5 (full 0):
 garbage-first heap   total 96256K, used 58257K [0x0000000080000000, 0x0000000100000000)
  region size 1024K, 44 young (45056K), 4 survivors (4096K)
 Metaspace       used 24671K, capacity 25232K, committed 25392K, reserved 1071104K
  class space    used 3131K, capacity 3336K, committed 3456K, reserved 1048576K
}
Event: 5.468 GC heap after
{Heap after GC invocations=6 (full 0):
 garbage-first heap   total 96256K, used 18724K [0x0000000080000000, 0x0000000100000000)
  region size 1024K, 5 young (5120K), 5 survivors (5120K)
 Metaspace       used 24671K, capacity 25232K, committed 25392K, reserved 1071104K
  class space    used 3131K, capacity 3336K, committed 3456K, reserved 1048576K
}

Deoptimization events (20 events):
Event: 4.697 Thread 0x00000142210e1000 Uncommon trap: trap_request=0xffffff4d fr.pc=0x000001420f34332c relative=0x00000000000004ec
Event: 4.697 Thread 0x00000142210e1000 Uncommon trap: reason=unstable_if action=reinterpret pc=0x000001420f34332c method=java.lang.String.substring(I)Ljava/lang/String; @ 34 c2
Event: 4.697 Thread 0x00000142210e1000 DEOPT PACKING pc=0x000001420f34332c sp=0x00000018392fb2a0
Event: 4.697 Thread 0x00000142210e1000 DEOPT UNPACKING pc=0x000001420784a1af sp=0x00000018392fb278 mode 2
Event: 4.892 Thread 0x00000142210e1000 Uncommon trap: trap_request=0xffffff4d fr.pc=0x000001420f39feb0 relative=0x00000000000003b0
Event: 4.892 Thread 0x00000142210e1000 Uncommon trap: reason=unstable_if action=reinterpret pc=0x000001420f39feb0 method=jdk.internal.org.objectweb.asm.Type.getArgumentsAndReturnSizes(Ljava/lang/String;)I @ 88 c2
Event: 4.892 Thread 0x00000142210e1000 DEOPT PACKING pc=0x000001420f39feb0 sp=0x00000018392f9870
Event: 4.892 Thread 0x00000142210e1000 DEOPT UNPACKING pc=0x000001420784a1af sp=0x00000018392f97f8 mode 2
Event: 5.040 Thread 0x00000142210e1000 DEOPT PACKING pc=0x0000014208165fd5 sp=0x00000018392f9ce0
Event: 5.040 Thread 0x00000142210e1000 DEOPT UNPACKING pc=0x000001420784a95e sp=0x00000018392f9200 mode 0
Event: 5.199 Thread 0x00000142210e1000 Uncommon trap: trap_request=0xffffff4d fr.pc=0x000001420f3712f4 relative=0x0000000000000234
Event: 5.199 Thread 0x00000142210e1000 Uncommon trap: reason=unstable_if action=reinterpret pc=0x000001420f3712f4 method=java.util.concurrent.ConcurrentHashMap.get(Ljava/lang/Object;)Ljava/lang/Object; @ 76 c2
Event: 5.199 Thread 0x00000142210e1000 DEOPT PACKING pc=0x000001420f3712f4 sp=0x00000018392f98b0
Event: 5.199 Thread 0x00000142210e1000 DEOPT UNPACKING pc=0x000001420784a1af sp=0x00000018392f9818 mode 2
Event: 5.272 Thread 0x00000142210e1000 DEOPT PACKING pc=0x0000014208165ff6 sp=0x00000018392f9610
Event: 5.272 Thread 0x00000142210e1000 DEOPT UNPACKING pc=0x000001420784a95e sp=0x00000018392f8b30 mode 0
Event: 5.280 Thread 0x00000142210e1000 DEOPT PACKING pc=0x0000014208165fd5 sp=0x00000018392fa3d0
Event: 5.280 Thread 0x00000142210e1000 DEOPT UNPACKING pc=0x000001420784a95e sp=0x00000018392f98f0 mode 0
Event: 5.295 Thread 0x00000142210e1000 DEOPT PACKING pc=0x0000014208165ff6 sp=0x00000018392f9b50
Event: 5.295 Thread 0x00000142210e1000 DEOPT UNPACKING pc=0x000001420784a95e sp=0x00000018392f9070 mode 0

Classes redefined (0 events):
No events

Internal exceptions (20 events):
Event: 3.122 Thread 0x0000014203cdd000 Exception <a 'java/io/IOException'{0x0000000084fc5de0}> (0x0000000084fc5de0) thrown at [./src/hotspot/share/prims/jni.cpp, line 616]
Event: 3.420 Thread 0x00000142210e1000 Exception <a 'java/lang/NoSuchMethodError'{0x000000008488ea30}: 'void java.lang.invoke.DirectMethodHandle$Holder.invokeVirtual(java.lang.Object, java.lang.Object, java.lang.Object, java.lang.Object)'> (0x000000008488ea30) thrown at [./src/hotspot/share/interpreter/linkResolver.cpp, line 773]
Event: 3.423 Thread 0x00000142210e1000 Exception <a 'java/lang/NoSuchMethodError'{0x000000008489db18}: 'void java.lang.invoke.DelegatingMethodHandle$Holder.reinvoke_L(java.lang.Object, java.lang.Object, java.lang.Object, java.lang.Object)'> (0x000000008489db18) thrown at [./src/hotspot/share/interpreter/linkResolver.cpp, line 773]
Event: 3.432 Thread 0x00000142210e1000 Exception <a 'java/lang/NoSuchMethodError'{0x00000000848cf7a0}: 'long java.lang.invoke.DirectMethodHandle$Holder.invokeInterface(java.lang.Object, java.lang.Object)'> (0x00000000848cf7a0) thrown at [./src/hotspot/share/interpreter/linkResolver.cpp, line 773]
Event: 3.436 Thread 0x00000142210e1000 Exception <a 'java/lang/NoSuchMethodError'{0x00000000848f3cc8}: 'void java.lang.invoke.DelegatingMethodHandle$Holder.reinvoke_L(java.lang.Object, java.lang.Object, java.lang.Object, java.lang.Object, java.lang.Object, java.lang.Object, java.lang.Object)'> (0x00000000848f3cc8) thrown at [./src/hotspot/share/interpreter/linkResolver.cpp, line 773]
Event: 3.876 Thread 0x00000142210e1000 Exception <a 'java/lang/NoSuchMethodError'{0x000000008595c968}: 'void java.lang.invoke.DirectMethodHandle$Holder.invokeStaticInit(java.lang.Object)'> (0x000000008595c968) thrown at [./src/hotspot/share/interpreter/linkResolver.cpp, line 773]
Event: 3.944 Thread 0x00000142210e1000 Exception <a 'java/lang/NoSuchMethodError'{0x000000008578ffc0}: 'java.lang.Object java.lang.invoke.DirectMethodHandle$Holder.invokeStatic(java.lang.Object, java.lang.Object, java.lang.Object, int)'> (0x000000008578ffc0) thrown at [./src/hotspot/share/interpreter/linkResolver.cpp, line 773]
Event: 3.945 Thread 0x00000142210e1000 Exception <a 'java/lang/NoSuchMethodError'{0x0000000085794430}: 'java.lang.Object java.lang.invoke.DirectMethodHandle$Holder.invokeSpecial(java.lang.Object, java.lang.Object, java.lang.Object, java.lang.Object, int)'> (0x0000000085794430) thrown at [./src/hotspot/share/interpreter/linkResolver.cpp, line 773]
Event: 3.946 Thread 0x00000142210e1000 Exception <a 'java/lang/NoSuchMethodError'{0x00000000857980c0}: 'java.lang.Object java.lang.invoke.Invokers$Holder.linkToTargetMethod(java.lang.Object, java.lang.Object, int, java.lang.Object)'> (0x00000000857980c0) thrown at [./src/hotspot/share/interpreter/linkResolver.cpp, line 773]
Event: 4.791 Thread 0x00000142210e1000 Exception <a 'java/lang/NoSuchMethodError'{0x0000000085df99a0}: 'int java.lang.invoke.DirectMethodHandle$Holder.invokeSpecialIFC(java.lang.Object, java.lang.Object, java.lang.Object, java.lang.Object)'> (0x0000000085df99a0) thrown at [./src/hotspot/share/interpreter/linkResolver.cpp, line 773]
Event: 4.793 Thread 0x00000142210e1000 Exception <a 'java/lang/NoSuchMethodError'{0x0000000085c07df0}: 'java.lang.Object java.lang.invoke.DirectMethodHandle$Holder.invokeInterface(java.lang.Object, java.lang.Object, java.lang.Object)'> (0x0000000085c07df0) thrown at [./src/hotspot/share/interpreter/linkResolver.cpp, line 773]
Event: 4.794 Thread 0x00000142210e1000 Exception <a 'java/lang/IncompatibleClassChangeError'{0x0000000085c0b2c8}: Found class java.lang.Object, but interface was expected> (0x0000000085c0b2c8) thrown at [./src/hotspot/share/interpreter/linkResolver.cpp, line 839]
Event: 4.845 Thread 0x00000142210e1000 Exception <a 'java/lang/NoSuchMethodError'{0x0000000085a18538}: 'void java.lang.invoke.DirectMethodHandle$Holder.invokeStatic(java.lang.Object, java.lang.Object, java.lang.Object, java.lang.Object, java.lang.Object)'> (0x0000000085a18538) thrown at [./src/hotspot/share/interpreter/linkResolver.cpp, line 773]
Event: 4.998 Thread 0x00000142210e1000 Exception <a 'java/lang/NoSuchMethodError'{0x0000000085353630}: 'java.lang.Object java.lang.invoke.DirectMethodHandle$Holder.invokeSpecial(java.lang.Object, java.lang.Object, java.lang.Object, java.lang.Object, java.lang.Object, java.lang.Object, java.lang.Object, java.lang.Object, java.lang.Object)'> (0x0000000085353630) thrown at [./src/hotspot/share/interpreter/linkResolver.cpp, line 773]
Event: 5.104 Thread 0x00000142210e1000 Exception <a 'java/lang/NoSuchMethodError'{0x0000000084563308}: 'java.lang.Object java.lang.invoke.DirectMethodHandle$Holder.invokeVirtual(java.lang.Object, java.lang.Object, java.lang.Object, java.lang.Object)'> (0x0000000084563308) thrown at [./src/hotspot/share/interpreter/linkResolver.cpp, line 773]
Event: 5.240 Thread 0x00000142210e1000 Exception <a 'java/lang/NoSuchMethodError'{0x0000000083e272b8}: 'void java.lang.invoke.DirectMethodHandle$Holder.invokeSpecial(java.lang.Object, java.lang.Object, java.lang.Object, java.lang.Object, java.lang.Object, java.lang.Object)'> (0x0000000083e272b8) thrown at [./src/hotspot/share/interpreter/linkResolver.cpp, line 773]
Event: 5.253 Thread 0x00000142210e1000 Exception <a 'java/lang/NoSuchMethodError'{0x0000000083e97a78}: 'void java.lang.invoke.DirectMethodHandle$Holder.invokeSpecial(java.lang.Object, java.lang.Object, java.lang.Object, java.lang.Object, java.lang.Object, java.lang.Object, java.lang.Object)'> (0x0000000083e97a78) thrown at [./src/hotspot/share/interpreter/linkResolver.cpp, line 773]
Event: 5.254 Thread 0x00000142210e1000 Exception <a 'java/lang/NoSuchMethodError'{0x0000000083e9ff68}: 'java.lang.Object java.lang.invoke.Invokers$Holder.linkToTargetMethod(java.lang.Object, java.lang.Object, java.lang.Object, java.lang.Object, java.lang.Object, java.lang.Object)'> (0x0000000083e9ff68) thrown at [./src/hotspot/share/interpreter/linkResolver.cpp, line 773]
Event: 5.397 Thread 0x00000142210e1000 Exception <a 'java/lang/NoSuchMethodError'{0x0000000083448db8}: 'int java.lang.invoke.DirectMethodHandle$Holder.invokeStaticInit(java.lang.Object, java.lang.Object, java.lang.Object)'> (0x0000000083448db8) thrown at [./src/hotspot/share/interpreter/linkResolver.cpp, line 773]
Event: 5.543 Thread 0x00000142210e1000 Exception <a 'java/lang/NoSuchMethodError'{0x0000000085bdbff0}: 'void java.lang.invoke.DirectMethodHandle$Holder.invokeStaticInit(java.lang.Object, java.lang.Object)'> (0x0000000085bdbff0) thrown at [./src/hotspot/share/interpreter/linkResolver.cpp, line 773]

Events (20 events):
Event: 5.610 loading class org/gradle/internal/buildtree/DefaultBuildTreeLifecycleController
Event: 5.610 loading class org/gradle/internal/buildtree/DefaultBuildTreeLifecycleController done
Event: 5.610 loading class org/gradle/internal/buildtree/BuildTreeLifecycleController
Event: 5.610 loading class org/gradle/internal/buildtree/BuildTreeLifecycleController done
Event: 5.611 loading class org/gradle/internal/build/DefaultBuildWorkGraph
Event: 5.611 loading class org/gradle/internal/build/DefaultBuildWorkGraph done
Event: 5.612 loading class org/gradle/internal/build/ExportedTaskNode
Event: 5.612 loading class org/gradle/internal/build/ExportedTaskNode done
Event: 5.613 loading class org/gradle/execution/plan/ExecutionNodeAccessHierarchy
Event: 5.613 loading class org/gradle/execution/plan/ExecutionNodeAccessHierarchy done
Event: 5.614 loading class org/gradle/execution/plan/ExecutionNodeAccessHierarchy$AbstractNodeAccessVisitor
Event: 5.614 loading class org/gradle/execution/plan/ExecutionNodeAccessHierarchy$AbstractNodeAccessVisitor done
Event: 5.615 loading class org/gradle/execution/plan/ValuedVfsHierarchy$ValueVisitor
Event: 5.615 loading class org/gradle/execution/plan/ValuedVfsHierarchy$ValueVisitor done
Event: 5.616 loading class org/gradle/execution/plan/ExecutionNodeAccessHierarchy$2
Event: 5.616 loading class org/gradle/execution/plan/ExecutionNodeAccessHierarchy$2 done
Event: 5.616 loading class org/gradle/execution/plan/ExecutionNodeAccessHierarchy$1
Event: 5.616 loading class org/gradle/execution/plan/ExecutionNodeAccessHierarchy$1 done
Event: 5.616 loading class org/gradle/execution/plan/ValuedVfsHierarchy
Event: 5.616 loading class org/gradle/execution/plan/ValuedVfsHierarchy done


Dynamic libraries:
0x00007ff7f5740000 - 0x00007ff7f574a000 	C:\Program Files\Android\Android Studio\jre\bin\java.exe
0x00007ffbcb0c0000 - 0x00007ffbcb2c9000 	C:\Windows\SYSTEM32\ntdll.dll
0x00007ffbc9640000 - 0x00007ffbc96fe000 	C:\Windows\System32\KERNEL32.DLL
0x00007ffbc8800000 - 0x00007ffbc8b83000 	C:\Windows\System32\KERNELBASE.dll
0x00007ffbc8570000 - 0x00007ffbc8681000 	C:\Windows\System32\ucrtbase.dll
0x00007ffb98e00000 - 0x00007ffb98e17000 	C:\Program Files\Android\Android Studio\jre\bin\VCRUNTIME140.dll
0x00007ffb8f3f0000 - 0x00007ffb8f409000 	C:\Program Files\Android\Android Studio\jre\bin\jli.dll
0x00007ffbcab60000 - 0x00007ffbcad0d000 	C:\Windows\System32\USER32.dll
0x00007ffbaba20000 - 0x00007ffbabcc5000 	C:\Windows\WinSxS\amd64_microsoft.windows.common-controls_6595b64144ccf1df_6.0.22000.120_none_9d947278b86cc467\COMCTL32.dll
0x00007ffbc8b90000 - 0x00007ffbc8bb6000 	C:\Windows\System32\win32u.dll
0x00007ffbc9b70000 - 0x00007ffbc9c13000 	C:\Windows\System32\msvcrt.dll
0x00007ffbcad10000 - 0x00007ffbcad39000 	C:\Windows\System32\GDI32.dll
0x00007ffbc8bc0000 - 0x00007ffbc8cda000 	C:\Windows\System32\gdi32full.dll
0x00007ffbc8ce0000 - 0x00007ffbc8d7d000 	C:\Windows\System32\msvcp_win.dll
0x00007ffbc8fe0000 - 0x00007ffbc9011000 	C:\Windows\System32\IMM32.DLL
0x00007ffb68380000 - 0x00007ffb6841d000 	C:\Program Files\Android\Android Studio\jre\bin\msvcp140.dll
0x00007ffb387e0000 - 0x00007ffb392e2000 	C:\Program Files\Android\Android Studio\jre\bin\server\jvm.dll
0x00007ffbcad40000 - 0x00007ffbcadee000 	C:\Windows\System32\ADVAPI32.dll
0x00007ffbc9e40000 - 0x00007ffbc9ede000 	C:\Windows\System32\sechost.dll
0x00007ffbca8e0000 - 0x00007ffbcaa01000 	C:\Windows\System32\RPCRT4.dll
0x00007ffbc90d0000 - 0x00007ffbc90d8000 	C:\Windows\System32\PSAPI.DLL
0x00007ffbc2850000 - 0x00007ffbc2883000 	C:\Windows\SYSTEM32\WINMM.dll
0x00007ffbbf870000 - 0x00007ffbbf87a000 	C:\Windows\SYSTEM32\VERSION.dll
0x00007ffbbfaa0000 - 0x00007ffbbfaa9000 	C:\Windows\SYSTEM32\WSOCK32.dll
0x00007ffbc90e0000 - 0x00007ffbc914f000 	C:\Windows\System32\ws2_32.DLL
0x00007ffbc75f0000 - 0x00007ffbc7608000 	C:\Windows\SYSTEM32\kernel.appcore.dll
0x00007ffbaf060000 - 0x00007ffbaf071000 	C:\Program Files\Android\Android Studio\jre\bin\verify.dll
0x00007ffbc6110000 - 0x00007ffbc6331000 	C:\Windows\SYSTEM32\DBGHELP.DLL
0x00007ffbb88a0000 - 0x00007ffbb88d1000 	C:\Windows\SYSTEM32\dbgcore.DLL
0x00007ffbc8eb0000 - 0x00007ffbc8f2f000 	C:\Windows\System32\bcryptPrimitives.dll
0x00007ffba2c10000 - 0x00007ffba2c39000 	C:\Program Files\Android\Android Studio\jre\bin\java.dll
0x00007ffbaf930000 - 0x00007ffbaf93b000 	C:\Program Files\Android\Android Studio\jre\bin\jimage.dll
0x00007ffb9f7b0000 - 0x00007ffb9f7c8000 	C:\Program Files\Android\Android Studio\jre\bin\zip.dll
0x00007ffbca000000 - 0x00007ffbca7c5000 	C:\Windows\System32\SHELL32.dll
0x00007ffbc6650000 - 0x00007ffbc6eb4000 	C:\Windows\SYSTEM32\windows.storage.dll
0x00007ffbc92c0000 - 0x00007ffbc9636000 	C:\Windows\System32\combase.dll
0x00007ffbc64e0000 - 0x00007ffbc6647000 	C:\Windows\SYSTEM32\wintypes.dll
0x00007ffbca7d0000 - 0x00007ffbca8ba000 	C:\Windows\System32\SHCORE.dll
0x00007ffbc9c20000 - 0x00007ffbc9c7d000 	C:\Windows\System32\shlwapi.dll
0x00007ffbc84a0000 - 0x00007ffbc84c1000 	C:\Windows\SYSTEM32\profapi.dll
0x00007ffb9e680000 - 0x00007ffb9e69a000 	C:\Program Files\Android\Android Studio\jre\bin\net.dll
0x00007ffbc2f20000 - 0x00007ffbc3032000 	C:\Windows\SYSTEM32\WINHTTP.dll
0x00007ffbc7a90000 - 0x00007ffbc7af7000 	C:\Windows\system32\mswsock.dll
0x00007ffb9dea0000 - 0x00007ffb9deb4000 	C:\Program Files\Android\Android Studio\jre\bin\nio.dll
0x00007ffbbf8a0000 - 0x00007ffbbf8c7000 	C:\Users\nraje\AndroidStudioProjects\app2\NOTED---Notes-Application-for-Android-master\native\e1d6ef7f7dcc3fd88c89a11ec53ec762bb8ba0a96d01ffa2cd45eb1d1d8dd5c5\windows-amd64\native-platform.dll
0x00007ffb57460000 - 0x00007ffb575a4000 	C:\Users\nraje\AndroidStudioProjects\app2\NOTED---Notes-Application-for-Android-master\native\5664cfc778a61ccfe75a443a1ab52a65af34e5dc3c78e0209fed803814484fcb\windows-amd64\native-platform-file-events.dll
0x00007ffbaf0d0000 - 0x00007ffbaf0da000 	C:\Program Files\Android\Android Studio\jre\bin\management.dll
0x00007ffba7480000 - 0x00007ffba748d000 	C:\Program Files\Android\Android Studio\jre\bin\management_ext.dll
0x00007ffbc7cf0000 - 0x00007ffbc7d08000 	C:\Windows\SYSTEM32\CRYPTSP.dll
0x00007ffbc7550000 - 0x00007ffbc7585000 	C:\Windows\system32\rsaenh.dll
0x00007ffbc7b90000 - 0x00007ffbc7bb9000 	C:\Windows\SYSTEM32\USERENV.dll
0x00007ffbc7ed0000 - 0x00007ffbc7ef7000 	C:\Windows\SYSTEM32\bcrypt.dll
0x00007ffbc7ce0000 - 0x00007ffbc7cec000 	C:\Windows\SYSTEM32\CRYPTBASE.dll
0x00007ffbc7110000 - 0x00007ffbc713d000 	C:\Windows\SYSTEM32\IPHLPAPI.DLL
0x00007ffbca8d0000 - 0x00007ffbca8d9000 	C:\Windows\System32\NSI.dll
0x00007ffbc2f00000 - 0x00007ffbc2f19000 	C:\Windows\SYSTEM32\dhcpcsvc6.DLL
0x00007ffbc3560000 - 0x00007ffbc357e000 	C:\Windows\SYSTEM32\dhcpcsvc.DLL
0x00007ffbc7140000 - 0x00007ffbc7228000 	C:\Windows\SYSTEM32\DNSAPI.dll

dbghelp: loaded successfully - version: 4.0.5 - missing functions: none
symbol engine: initialized successfully - sym options: 0x614 - pdb path: .;C:\Program Files\Android\Android Studio\jre\bin;C:\Windows\SYSTEM32;C:\Windows\WinSxS\amd64_microsoft.windows.common-controls_6595b64144ccf1df_6.0.22000.120_none_9d947278b86cc467;C:\Program Files\Android\Android Studio\jre\bin\server;C:\Users\nraje\AndroidStudioProjects\app2\NOTED---Notes-Application-for-Android-master\native\e1d6ef7f7dcc3fd88c89a11ec53ec762bb8ba0a96d01ffa2cd45eb1d1d8dd5c5\windows-amd64;C:\Users\nraje\AndroidStudioProjects\app2\NOTED---Notes-Application-for-Android-master\native\5664cfc778a61ccfe75a443a1ab52a65af34e5dc3c78e0209fed803814484fcb\windows-amd64

VM Arguments:
jvm_args: --add-opens=java.base/java.util=ALL-UNNAMED --add-opens=java.base/java.lang=ALL-UNNAMED --add-opens=java.base/java.lang.invoke=ALL-UNNAMED --add-opens=java.base/java.util=ALL-UNNAMED --add-opens=java.prefs/java.util.prefs=ALL-UNNAMED --add-opens=java.prefs/java.util.prefs=ALL-UNNAMED --add-opens=java.base/java.nio.charset=ALL-UNNAMED --add-opens=java.base/java.net=ALL-UNNAMED --add-opens=java.base/java.util.concurrent.atomic=ALL-UNNAMED -Xmx2048m -Dfile.encoding=windows-1252 -Duser.country=IN -Duser.language=en -Duser.variant 
java_command: org.gradle.launcher.daemon.bootstrap.GradleDaemon 7.2
java_class_path (initial): C:\Users\nraje\AndroidStudioProjects\app2\NOTED---Notes-Application-for-Android-master\wrapper\dists\gradle-7.2-all\260hg96vuh6ex27h9vo47iv4d\gradle-7.2\lib\gradle-launcher-7.2.jar
Launcher Type: SUN_STANDARD

[Global flags]
     intx CICompilerCount                          = 4                                         {product} {ergonomic}
     uint ConcGCThreads                            = 3                                         {product} {ergonomic}
     uint G1ConcRefinementThreads                  = 10                                        {product} {ergonomic}
   size_t G1HeapRegionSize                         = 1048576                                   {product} {ergonomic}
    uintx GCDrainStackTargetSize                   = 64                                        {product} {ergonomic}
   size_t InitialHeapSize                          = 98566144                                  {product} {ergonomic}
   size_t MarkStackSize                            = 4194304                                   {product} {ergonomic}
   size_t MaxHeapSize                              = 2147483648                                {product} {command line}
   size_t MaxNewSize                               = 1287651328                                {product} {ergonomic}
   size_t MinHeapDeltaBytes                        = 1048576                                   {product} {ergonomic}
    uintx NonNMethodCodeHeapSize                   = 5836300                                {pd product} {ergonomic}
    uintx NonProfiledCodeHeapSize                  = 122910970                              {pd product} {ergonomic}
    uintx ProfiledCodeHeapSize                     = 122910970                              {pd product} {ergonomic}
    uintx ReservedCodeCacheSize                    = 251658240                              {pd product} {ergonomic}
     bool SegmentedCodeCache                       = true                                      {product} {ergonomic}
     bool UseCompressedClassPointers               = true                                 {lp64_product} {ergonomic}
     bool UseCompressedOops                        = true                                 {lp64_product} {ergonomic}
     bool UseG1GC                                  = true                                      {product} {ergonomic}
     bool UseLargePagesIndividualAllocation        = false                                  {pd product} {ergonomic}

Logging:
Log output configuration:
 #0: stdout all=warning uptime,level,tags
 #1: stderr all=off uptime,level,tags

Environment Variables:
PATH=C:\Program Files\Common Files\Oracle\Java\javapath;C:\Program Files (x86)\Common Files\Oracle\Java\javapath;C:\Windows\system32;C:\Windows;C:\Windows\System32\Wbem;C:\Windows\System32\WindowsPowerShell\v1.0\;C:\Windows\System32\OpenSSH\;C:\Program Files\Git\cmd;C:\Users\nraje\AppData\Local\Microsoft\WindowsApps\python.exe;C:\Users\nraje\AppData\Local\Microsoft\WindowsApps\python.exe;C:\Users\nraje\AppData\Local\Microsoft\WindowsApps\;C:\Users\nraje\AppData\Local\Microsoft\WindowsApps\;C:\Users\nraje\AppData\Local\Microsoft\WindowsApps;;C:\Users\nraje\AppData\Local\Programs\Microsoft VS Code\bin
USERNAME=nraje
OS=Windows_NT
PROCESSOR_IDENTIFIER=AMD64 Family 23 Model 104 Stepping 1, AuthenticAMD



---------------  S Y S T E M  ---------------

OS: Windows 11 , 64 bit Build 22000 (10.0.22000.1761)
OS uptime: 11 days 6:43 hours

CPU:total 12 (initial active 12) (12 cores per cpu, 2 threads per core) family 23 model 104 stepping 1 microcode 0x0, cmov, cx8, fxsr, mmx, sse, sse2, sse3, ssse3, sse4.1, sse4.2, popcnt, avx, avx2, aes, clmul, mmxext, 3dnowpref, lzcnt, sse4a, ht, tsc, tscinvbit, tscinv, bmi1, bmi2, adx, sha, fma

Memory: 4k page, system-wide physical 6005M (44M free)
TotalPageFile size 24437M (AvailPageFile size 4M)
current process WorkingSet (physical memory assigned to process): 177M, peak: 178M
current process commit charge ("private bytes"): 236M, peak: 237M

vm_info: OpenJDK 64-Bit Server VM (11.0.13+0-b1751.21-8125866) for windows-amd64 JRE (11.0.13+0-b1751.21-8125866), built on Feb  2 2022 03:00:22 by "builder" with MS VC++ 14.0 (VS2015)

END.
