#
# There is insufficient memory for the Java Runtime Environment to continue.
# Native memory allocation (malloc) failed to allocate 1404336 bytes for Chunk::new
# Possible reasons:
#   The system is out of physical RAM or swap space
#   The process is running with CompressedOops enabled, and the Java Heap may be blocking the growth of the native heap
# Possible solutions:
#   Reduce memory load on the system
#   Increase physical memory or swap space
#   Check if swap backing store is full
#   Decrease Java heap size (-Xmx/-Xms)
#   Decrease number of Java threads
#   Decrease Java thread stack sizes (-Xss)
#   Set larger code cache with -XX:ReservedCodeCacheSize=
#   JVM is running with Unscaled Compressed Oops mode in which the Java heap is
#     placed in the first 4GB address space. The Java Heap base address is the
#     maximum limit for the native heap growth. Please use -XX:HeapBaseMinAddress
#     to set the Java Heap base and to place the Java Heap above 4GB virtual address.
# This output file may be truncated or incomplete.
#
#  Out of Memory Error (./src/hotspot/share/memory/arena.cpp:197), pid=126164, tid=88444
#
# JRE version: OpenJDK Runtime Environment (11.0.13) (build 11.0.13+0-b1751.21-8125866)
# Java VM: OpenJDK 64-Bit Server VM (11.0.13+0-b1751.21-8125866, mixed mode, tiered, compressed oops, g1 gc, windows-amd64)
# No core dump will be written. Minidumps are not enabled by default on client versions of Windows
#

---------------  S U M M A R Y ------------

Command Line: --add-opens=java.base/java.util=ALL-UNNAMED --add-opens=java.base/java.lang=ALL-UNNAMED --add-opens=java.base/java.lang.invoke=ALL-UNNAMED --add-opens=java.base/java.util=ALL-UNNAMED --add-opens=java.prefs/java.util.prefs=ALL-UNNAMED --add-opens=java.prefs/java.util.prefs=ALL-UNNAMED --add-opens=java.base/java.nio.charset=ALL-UNNAMED --add-opens=java.base/java.net=ALL-UNNAMED --add-opens=java.base/java.util.concurrent.atomic=ALL-UNNAMED -Xmx2048m -Dfile.encoding=windows-1252 -Duser.country=IN -Duser.language=en -Duser.variant org.gradle.launcher.daemon.bootstrap.GradleDaemon 7.2

Host: AMD Ryzen 5 5500U with Radeon Graphics         , 12 cores, 5G,  Windows 11 , 64 bit Build 22000 (10.0.22000.1761)
Time: Thu May 11 23:17:49 2023 India Standard Time elapsed time: 9.961717 seconds (0d 0h 0m 9s)

---------------  T H R E A D  ---------------

Current thread (0x000001bcfdac7000):  JavaThread "C2 CompilerThread0" daemon [_thread_in_native, id=88444, stack(0x00000059c7900000,0x00000059c7a00000)]


Current CompileTask:
C2:   9961 5879   !   4       com.google.common.reflect.TypeVisitor::visit (244 bytes)

Stack: [0x00000059c7900000,0x00000059c7a00000]
Native frames: (J=compiled Java code, j=interpreted, Vv=VM code, C=native code)
V  [jvm.dll+0x6100fa]
V  [jvm.dll+0x747090]
V  [jvm.dll+0x7486ad]
V  [jvm.dll+0x748d83]
V  [jvm.dll+0x24ab48]
V  [jvm.dll+0xc04dc]
V  [jvm.dll+0xc0a0c]
V  [jvm.dll+0x35eb5b]
V  [jvm.dll+0x32b833]
V  [jvm.dll+0x32ad2a]
V  [jvm.dll+0x2032b2]
V  [jvm.dll+0x202437]
V  [jvm.dll+0x188e01]
V  [jvm.dll+0x21106b]
V  [jvm.dll+0x20f8c1]
V  [jvm.dll+0x70de0f]
V  [jvm.dll+0x706a75]
V  [jvm.dll+0x60ed66]
C  [ucrtbase.dll+0x26c0c]
C  [KERNEL32.DLL+0x15590]
C  [ntdll.dll+0x485b]


---------------  P R O C E S S  ---------------

Threads class SMR info:
_java_thread_list=0x000001bc92e2abd0, length=165, elements={
0x000001bcef7cd000, 0x000001bcfd134000, 0x000001bcfd13e800, 0x000001bcfdac3800,
0x000001bcfdac4800, 0x000001bcfdac6000, 0x000001bcfdac7000, 0x000001bcfdad1000,
0x000001bcfdad2800, 0x000001bcfdc26800, 0x000001bcfee54000, 0x000001bcff2e9800,
0x000001bcff38f800, 0x000001bcfeb29000, 0x000001bcff384000, 0x000001bcff5dc800,
0x000001bc8f0e7800, 0x000001bc8f184800, 0x000001bc8f185000, 0x000001bc8f0a3800,
0x000001bc8f0a1000, 0x000001bc8f0a7800, 0x000001bc8f0a5000, 0x000001bc8f0a2000,
0x000001bc8f0a2800, 0x000001bc8f0a4800, 0x000001bc8f0a6000, 0x000001bc8f0a6800,
0x000001bc8fa48800, 0x000001bc8fa47000, 0x000001bc8fa46000, 0x000001bc8fa4a000,
0x000001bc8fa47800, 0x000001bc8fa4c000, 0x000001bc8fa4f000, 0x000001bc8fa4d800,
0x000001bc8fa50000, 0x000001bc8fa4e000, 0x000001bc8fa4b000, 0x000001bc8fa51800,
0x000001bc8fa52800, 0x000001bc8fa53000, 0x000001bc8fa54000, 0x000001bc8fa54800,
0x000001bc8f4c4000, 0x000001bc8f4c5000, 0x000001bc8f4c7800, 0x000001bc8f4c8000,
0x000001bc8f4c6800, 0x000001bc8f4c5800, 0x000001bc8f4cc800, 0x000001bc8f4cd000,
0x000001bc8f4ce000, 0x000001bc8f4c9000, 0x000001bc8f4ce800, 0x000001bc8f4cf800,
0x000001bc8f4ca800, 0x000001bc8f4ca000, 0x000001bc8f4d0800, 0x000001bc8f4d1000,
0x000001bc8f4cb800, 0x000001bc8f4d2000, 0x000001bc8f4d3000, 0x000001bc8fcf9800,
0x000001bc8fcf7000, 0x000001bc8fcfa800, 0x000001bc8fcf8000, 0x000001bc8fcfb000,
0x000001bc8fcfc000, 0x000001bc8fcf6000, 0x000001bc8fcfc800, 0x000001bc8fcfd800,
0x000001bc8fcfe800, 0x000001bc8fcf8800, 0x000001bc8fd01800, 0x000001bc8fd01000,
0x000001bc8fd02800, 0x000001bc8fd03800, 0x000001bc8fd00000, 0x000001bc8fcff000,
0x000001bc8fd04000, 0x000001bc8fd05000, 0x000001bc8f5ab000, 0x000001bc8f5a7800,
0x000001bc8f5ab800, 0x000001bc8f5a7000, 0x000001bc8f5ac800, 0x000001bc8f5ad800,
0x000001bc8f5ae000, 0x000001bc8f5a8800, 0x000001bc8f5af000, 0x000001bc8f5a9000,
0x000001bc8f5b0000, 0x000001bc8f5aa000, 0x000001bc8f5b3000, 0x000001bc8f5b1800,
0x000001bc8f5b4000, 0x000001bc8f5b0800, 0x000001bc8f5b5800, 0x000001bc8f5b2000,
0x000001bc8f5b4800, 0x000001bc8f1ec800, 0x000001bc8f1ef000, 0x000001bc8f1ee000,
0x000001bc8f1f0800, 0x000001bc8f1ed000, 0x000001bc8f1f1000, 0x000001bc8f1ef800,
0x000001bc8f1eb800, 0x000001bc8f1f5800, 0x000001bc8f1f6000, 0x000001bc8f1f7000,
0x000001bc8f1f8000, 0x000001bc8f1f3800, 0x000001bc8f1f2000, 0x000001bc8f1f8800,
0x000001bc8f1f3000, 0x000001bc8f1f9800, 0x000001bc8f1fa000, 0x000001bc8f1f4800,
0x000001bc92e38800, 0x000001bc92e3e000, 0x000001bc92e3a000, 0x000001bc92e3c800,
0x000001bc92e3a800, 0x000001bc92e39000, 0x000001bc92e3d000, 0x000001bc92e40800,
0x000001bc92e3f800, 0x000001bc92e3f000, 0x000001bc92e41000, 0x000001bc92e3b800,
0x000001bc92e47000, 0x000001bc92e46000, 0x000001bc92e43800, 0x000001bc92e42000,
0x000001bc92e43000, 0x000001bc92e45800, 0x000001bc92e44800, 0x000001bc91321800,
0x000001bc91326800, 0x000001bc91327800, 0x000001bc91325000, 0x000001bc91322800,
0x000001bc91324000, 0x000001bc91328000, 0x000001bc91329000, 0x000001bc91323000,
0x000001bc9132a000, 0x000001bc91325800, 0x000001bc9132c000, 0x000001bc91330800,
0x000001bc9132e800, 0x000001bc9132e000, 0x000001bc9132a800, 0x000001bc9132d000,
0x000001bc9132f800, 0x000001bc9132b800, 0x000001bc8fcbf800, 0x000001bc8fcbe800,
0x000001bc8fcbc000, 0x000001bc8fcbd800, 0x000001bc8fcba800, 0x000001bc8fcbb000,
0x000001bc8fcb9800
}

Java Threads: ( => current thread )
  0x000001bcef7cd000 JavaThread "main" [_thread_blocked, id=103188, stack(0x00000059c6d00000,0x00000059c6e00000)]
  0x000001bcfd134000 JavaThread "Reference Handler" daemon [_thread_blocked, id=122180, stack(0x00000059c7400000,0x00000059c7500000)]
  0x000001bcfd13e800 JavaThread "Finalizer" daemon [_thread_blocked, id=126052, stack(0x00000059c7500000,0x00000059c7600000)]
  0x000001bcfdac3800 JavaThread "Signal Dispatcher" daemon [_thread_blocked, id=120852, stack(0x00000059c7600000,0x00000059c7700000)]
  0x000001bcfdac4800 JavaThread "Attach Listener" daemon [_thread_blocked, id=111228, stack(0x00000059c7700000,0x00000059c7800000)]
  0x000001bcfdac6000 JavaThread "Service Thread" daemon [_thread_blocked, id=125808, stack(0x00000059c7800000,0x00000059c7900000)]
=>0x000001bcfdac7000 JavaThread "C2 CompilerThread0" daemon [_thread_in_native, id=88444, stack(0x00000059c7900000,0x00000059c7a00000)]
  0x000001bcfdad1000 JavaThread "C1 CompilerThread0" daemon [_thread_in_native, id=130388, stack(0x00000059c7a00000,0x00000059c7b00000)]
  0x000001bcfdad2800 JavaThread "Sweeper thread" daemon [_thread_blocked, id=120872, stack(0x00000059c7b00000,0x00000059c7c00000)]
  0x000001bcfdc26800 JavaThread "Common-Cleaner" daemon [_thread_blocked, id=121024, stack(0x00000059c7c00000,0x00000059c7d00000)]
  0x000001bcfee54000 JavaThread "Daemon health stats" [_thread_blocked, id=108380, stack(0x00000059c7f00000,0x00000059c8000000)]
  0x000001bcff2e9800 JavaThread "Incoming local TCP Connector on port 53001" [_thread_in_native, id=130112, stack(0x00000059c8300000,0x00000059c8400000)]
  0x000001bcff38f800 JavaThread "Daemon periodic checks" [_thread_blocked, id=125724, stack(0x00000059c8400000,0x00000059c8500000)]
  0x000001bcfeb29000 JavaThread "Daemon" [_thread_blocked, id=122032, stack(0x00000059c8500000,0x00000059c8600000)]
  0x000001bcff384000 JavaThread "Handler for socket connection from /127.0.0.1:53001 to /127.0.0.1:53002" [_thread_in_native, id=129792, stack(0x00000059c8600000,0x00000059c8700000)]
  0x000001bcff5dc800 JavaThread "Cancel handler" [_thread_blocked, id=127728, stack(0x00000059c8700000,0x00000059c8800000)]
  0x000001bc8f0e7800 JavaThread "Daemon worker" [_thread_in_Java, id=99440, stack(0x00000059c8800000,0x00000059c8900000)]
  0x000001bc8f184800 JavaThread "Asynchronous log dispatcher for DefaultDaemonConnection: socket connection from /127.0.0.1:53001 to /127.0.0.1:53002" [_thread_blocked, id=128532, stack(0x00000059c8900000,0x00000059c8a00000)]
  0x000001bc8f185000 JavaThread "Stdin handler" [_thread_blocked, id=106348, stack(0x00000059c8a00000,0x00000059c8b00000)]
  0x000001bc8f0a3800 JavaThread "Daemon client event forwarder" [_thread_blocked, id=129572, stack(0x00000059c8b00000,0x00000059c8c00000)]
  0x000001bc8f0a1000 JavaThread "Cache worker for journal cache (C:\Users\nraje\.gradle\caches\journal-1)" [_thread_blocked, id=102520, stack(0x00000059c9200000,0x00000059c9300000)]
  0x000001bc8f0a7800 JavaThread "File lock request listener" [_thread_in_native, id=124208, stack(0x00000059c9300000,0x00000059c9400000)]
  0x000001bc8f0a5000 JavaThread "Cache worker for file hash cache (C:\Users\nraje\.gradle\caches\7.2\fileHashes)" [_thread_blocked, id=120452, stack(0x00000059c9400000,0x00000059c9500000)]
  0x000001bc8f0a2000 JavaThread "Cache worker for file hash cache (C:\Users\nraje\AndroidStudioProjects\NOTEIT\.gradle\7.2\fileHashes)" [_thread_blocked, id=126308, stack(0x00000059c9700000,0x00000059c9800000)]
  0x000001bc8f0a2800 JavaThread "File watcher server" daemon [_thread_in_native, id=121776, stack(0x00000059c9800000,0x00000059c9900000)]
  0x000001bc8f0a4800 JavaThread "File watcher consumer" daemon [_thread_blocked, id=130480, stack(0x00000059c9900000,0x00000059c9a00000)]
  0x000001bc8f0a6000 JavaThread "Cache worker for checksums cache (C:\Users\nraje\AndroidStudioProjects\NOTEIT\.gradle\checksums)" [_thread_blocked, id=128996, stack(0x00000059c9a00000,0x00000059c9b00000)]
  0x000001bc8f0a6800 JavaThread "Cache worker for cache directory md-supplier (C:\Users\nraje\.gradle\caches\7.2\md-supplier)" [_thread_blocked, id=125708, stack(0x00000059c9b00000,0x00000059c9c00000)]
  0x000001bc8fa48800 JavaThread "Cache worker for cache directory md-rule (C:\Users\nraje\.gradle\caches\7.2\md-rule)" [_thread_blocked, id=81992, stack(0x00000059c9c00000,0x00000059c9d00000)]
  0x000001bc8fa47000 JavaThread "Cache worker for execution history cache (C:\Users\nraje\.gradle\caches\7.2\executionHistory)" [_thread_blocked, id=130928, stack(0x00000059c9d00000,0x00000059c9e00000)]
  0x000001bc8fa46000 JavaThread "jar transforms" [_thread_blocked, id=130204, stack(0x00000059c9e00000,0x00000059c9f00000)]
  0x000001bc8fa4a000 JavaThread "jar transforms Thread 2" [_thread_blocked, id=126520, stack(0x00000059c9f00000,0x00000059ca000000)]
  0x000001bc8fa47800 JavaThread "Cache worker for file content cache (C:\Users\nraje\.gradle\caches\7.2\fileContent)" [_thread_blocked, id=102048, stack(0x00000059ca000000,0x00000059ca100000)]
  0x000001bc8fa4c000 JavaThread "Cache worker for dependencies-accessors (C:\Users\nraje\AndroidStudioProjects\NOTEIT\.gradle\7.2\dependencies-accessors)" [_thread_blocked, id=128836, stack(0x00000059ca100000,0x00000059ca200000)]
  0x000001bc8fa4f000 JavaThread "jar transforms Thread 3" [_thread_blocked, id=131056, stack(0x00000059ca200000,0x00000059ca300000)]
  0x000001bc8fa4d800 JavaThread "Cache worker for Build Output Cleanup Cache (C:\Users\nraje\AndroidStudioProjects\NOTEIT\.gradle\buildOutputCleanup)" [_thread_blocked, id=96432, stack(0x00000059ca300000,0x00000059ca400000)]
  0x000001bc8fa50000 JavaThread "Unconstrained build operations" [_thread_blocked, id=129664, stack(0x00000059ca400000,0x00000059ca500000)]
  0x000001bc8fa4e000 JavaThread "Unconstrained build operations Thread 2" [_thread_blocked, id=125292, stack(0x00000059ca500000,0x00000059ca600000)]
  0x000001bc8fa4b000 JavaThread "Unconstrained build operations Thread 3" [_thread_blocked, id=63364, stack(0x00000059ca600000,0x00000059ca700000)]
  0x000001bc8fa51800 JavaThread "Unconstrained build operations Thread 4" [_thread_blocked, id=122232, stack(0x00000059ca700000,0x00000059ca800000)]
  0x000001bc8fa52800 JavaThread "Unconstrained build operations Thread 5" [_thread_blocked, id=82692, stack(0x00000059ca800000,0x00000059ca900000)]
  0x000001bc8fa53000 JavaThread "Unconstrained build operations Thread 6" [_thread_blocked, id=121756, stack(0x00000059ca900000,0x00000059caa00000)]
  0x000001bc8fa54000 JavaThread "Unconstrained build operations Thread 7" [_thread_blocked, id=124024, stack(0x00000059caa00000,0x00000059cab00000)]
  0x000001bc8fa54800 JavaThread "Unconstrained build operations Thread 8" [_thread_blocked, id=123136, stack(0x00000059cab00000,0x00000059cac00000)]
  0x000001bc8f4c4000 JavaThread "Unconstrained build operations Thread 9" [_thread_blocked, id=130372, stack(0x00000059cac00000,0x00000059cad00000)]
  0x000001bc8f4c5000 JavaThread "Unconstrained build operations Thread 10" [_thread_blocked, id=115024, stack(0x00000059cad00000,0x00000059cae00000)]
  0x000001bc8f4c7800 JavaThread "Unconstrained build operations Thread 11" [_thread_blocked, id=101288, stack(0x00000059cae00000,0x00000059caf00000)]
  0x000001bc8f4c8000 JavaThread "Unconstrained build operations Thread 12" [_thread_blocked, id=122136, stack(0x00000059caf00000,0x00000059cb000000)]
  0x000001bc8f4c6800 JavaThread "Unconstrained build operations Thread 13" [_thread_blocked, id=105784, stack(0x00000059cb000000,0x00000059cb100000)]
  0x000001bc8f4c5800 JavaThread "Unconstrained build operations Thread 14" [_thread_blocked, id=106452, stack(0x00000059cb100000,0x00000059cb200000)]
  0x000001bc8f4cc800 JavaThread "Unconstrained build operations Thread 15" [_thread_blocked, id=129624, stack(0x00000059cb200000,0x00000059cb300000)]
  0x000001bc8f4cd000 JavaThread "Unconstrained build operations Thread 16" [_thread_blocked, id=129256, stack(0x00000059cb300000,0x00000059cb400000)]
  0x000001bc8f4ce000 JavaThread "Unconstrained build operations Thread 17" [_thread_blocked, id=118192, stack(0x00000059cb400000,0x00000059cb500000)]
  0x000001bc8f4c9000 JavaThread "Unconstrained build operations Thread 18" [_thread_blocked, id=130744, stack(0x00000059cb500000,0x00000059cb600000)]
  0x000001bc8f4ce800 JavaThread "Unconstrained build operations Thread 19" [_thread_blocked, id=125284, stack(0x00000059cb600000,0x00000059cb700000)]
  0x000001bc8f4cf800 JavaThread "Unconstrained build operations Thread 20" [_thread_blocked, id=130932, stack(0x00000059cb700000,0x00000059cb800000)]
  0x000001bc8f4ca800 JavaThread "Unconstrained build operations Thread 21" [_thread_blocked, id=127848, stack(0x00000059cb800000,0x00000059cb900000)]
  0x000001bc8f4ca000 JavaThread "Unconstrained build operations Thread 22" [_thread_blocked, id=130228, stack(0x00000059cb900000,0x00000059cba00000)]
  0x000001bc8f4d0800 JavaThread "Unconstrained build operations Thread 23" [_thread_blocked, id=100008, stack(0x00000059cba00000,0x00000059cbb00000)]
  0x000001bc8f4d1000 JavaThread "Unconstrained build operations Thread 24" [_thread_blocked, id=128012, stack(0x00000059cbb00000,0x00000059cbc00000)]
  0x000001bc8f4cb800 JavaThread "Unconstrained build operations Thread 25" [_thread_blocked, id=130172, stack(0x00000059cbc00000,0x00000059cbd00000)]
  0x000001bc8f4d2000 JavaThread "Unconstrained build operations Thread 26" [_thread_blocked, id=131064, stack(0x00000059cbd00000,0x00000059cbe00000)]
  0x000001bc8f4d3000 JavaThread "Unconstrained build operations Thread 27" [_thread_blocked, id=125168, stack(0x00000059cbe00000,0x00000059cbf00000)]
  0x000001bc8fcf9800 JavaThread "Unconstrained build operations Thread 28" [_thread_blocked, id=117444, stack(0x00000059cbf00000,0x00000059cc000000)]
  0x000001bc8fcf7000 JavaThread "Unconstrained build operations Thread 29" [_thread_blocked, id=129712, stack(0x00000059cc000000,0x00000059cc100000)]
  0x000001bc8fcfa800 JavaThread "Unconstrained build operations Thread 30" [_thread_blocked, id=54096, stack(0x00000059cc100000,0x00000059cc200000)]
  0x000001bc8fcf8000 JavaThread "Unconstrained build operations Thread 31" [_thread_blocked, id=123152, stack(0x00000059cc200000,0x00000059cc300000)]
  0x000001bc8fcfb000 JavaThread "Unconstrained build operations Thread 32" [_thread_blocked, id=130064, stack(0x00000059cc300000,0x00000059cc400000)]
  0x000001bc8fcfc000 JavaThread "Unconstrained build operations Thread 33" [_thread_blocked, id=99876, stack(0x00000059cc400000,0x00000059cc500000)]
  0x000001bc8fcf6000 JavaThread "Unconstrained build operations Thread 34" [_thread_blocked, id=106100, stack(0x00000059cc500000,0x00000059cc600000)]
  0x000001bc8fcfc800 JavaThread "Unconstrained build operations Thread 35" [_thread_blocked, id=128164, stack(0x00000059cc600000,0x00000059cc700000)]
  0x000001bc8fcfd800 JavaThread "Unconstrained build operations Thread 36" [_thread_blocked, id=126364, stack(0x00000059cc700000,0x00000059cc800000)]
  0x000001bc8fcfe800 JavaThread "Unconstrained build operations Thread 37" [_thread_blocked, id=125268, stack(0x00000059cc800000,0x00000059cc900000)]
  0x000001bc8fcf8800 JavaThread "Unconstrained build operations Thread 38" [_thread_blocked, id=123700, stack(0x00000059cc900000,0x00000059cca00000)]
  0x000001bc8fd01800 JavaThread "Unconstrained build operations Thread 39" [_thread_blocked, id=123076, stack(0x00000059cca00000,0x00000059ccb00000)]
  0x000001bc8fd01000 JavaThread "Unconstrained build operations Thread 40" [_thread_blocked, id=125872, stack(0x00000059ccb00000,0x00000059ccc00000)]
  0x000001bc8fd02800 JavaThread "Unconstrained build operations Thread 41" [_thread_blocked, id=128620, stack(0x00000059ccc00000,0x00000059ccd00000)]
  0x000001bc8fd03800 JavaThread "Unconstrained build operations Thread 42" [_thread_blocked, id=101692, stack(0x00000059ccd00000,0x00000059cce00000)]
  0x000001bc8fd00000 JavaThread "Unconstrained build operations Thread 43" [_thread_blocked, id=106928, stack(0x00000059cce00000,0x00000059ccf00000)]
  0x000001bc8fcff000 JavaThread "Unconstrained build operations Thread 44" [_thread_blocked, id=128624, stack(0x00000059ccf00000,0x00000059cd000000)]
  0x000001bc8fd04000 JavaThread "Unconstrained build operations Thread 45" [_thread_blocked, id=128404, stack(0x00000059cd000000,0x00000059cd100000)]
  0x000001bc8fd05000 JavaThread "Unconstrained build operations Thread 46" [_thread_blocked, id=123044, stack(0x00000059cd100000,0x00000059cd200000)]
  0x000001bc8f5ab000 JavaThread "Unconstrained build operations Thread 47" [_thread_blocked, id=84220, stack(0x00000059cd200000,0x00000059cd300000)]
  0x000001bc8f5a7800 JavaThread "Unconstrained build operations Thread 48" [_thread_blocked, id=115932, stack(0x00000059cd300000,0x00000059cd400000)]
  0x000001bc8f5ab800 JavaThread "Unconstrained build operations Thread 49" [_thread_blocked, id=126608, stack(0x00000059cd400000,0x00000059cd500000)]
  0x000001bc8f5a7000 JavaThread "Unconstrained build operations Thread 50" [_thread_blocked, id=126760, stack(0x00000059cd500000,0x00000059cd600000)]
  0x000001bc8f5ac800 JavaThread "Unconstrained build operations Thread 51" [_thread_blocked, id=118268, stack(0x00000059cd600000,0x00000059cd700000)]
  0x000001bc8f5ad800 JavaThread "Unconstrained build operations Thread 52" [_thread_blocked, id=124244, stack(0x00000059cd700000,0x00000059cd800000)]
  0x000001bc8f5ae000 JavaThread "Unconstrained build operations Thread 53" [_thread_blocked, id=93036, stack(0x00000059cd800000,0x00000059cd900000)]
  0x000001bc8f5a8800 JavaThread "Unconstrained build operations Thread 54" [_thread_blocked, id=116784, stack(0x00000059cd900000,0x00000059cda00000)]
  0x000001bc8f5af000 JavaThread "Unconstrained build operations Thread 55" [_thread_blocked, id=125436, stack(0x00000059cda00000,0x00000059cdb00000)]
  0x000001bc8f5a9000 JavaThread "Unconstrained build operations Thread 56" [_thread_blocked, id=130676, stack(0x00000059cdb00000,0x00000059cdc00000)]
  0x000001bc8f5b0000 JavaThread "Unconstrained build operations Thread 57" [_thread_blocked, id=125604, stack(0x00000059cdc00000,0x00000059cdd00000)]
  0x000001bc8f5aa000 JavaThread "Unconstrained build operations Thread 58" [_thread_blocked, id=105572, stack(0x00000059cdd00000,0x00000059cde00000)]
  0x000001bc8f5b3000 JavaThread "Unconstrained build operations Thread 59" [_thread_blocked, id=125044, stack(0x00000059cde00000,0x00000059cdf00000)]
  0x000001bc8f5b1800 JavaThread "Unconstrained build operations Thread 60" [_thread_blocked, id=113668, stack(0x00000059cdf00000,0x00000059ce000000)]
  0x000001bc8f5b4000 JavaThread "Unconstrained build operations Thread 61" [_thread_blocked, id=130980, stack(0x00000059ce000000,0x00000059ce100000)]
  0x000001bc8f5b0800 JavaThread "Unconstrained build operations Thread 62" [_thread_blocked, id=126356, stack(0x00000059ce100000,0x00000059ce200000)]
  0x000001bc8f5b5800 JavaThread "Unconstrained build operations Thread 63" [_thread_blocked, id=97740, stack(0x00000059ce200000,0x00000059ce300000)]
  0x000001bc8f5b2000 JavaThread "Unconstrained build operations Thread 64" [_thread_blocked, id=130108, stack(0x00000059ce300000,0x00000059ce400000)]
  0x000001bc8f5b4800 JavaThread "Unconstrained build operations Thread 65" [_thread_blocked, id=129312, stack(0x00000059ce400000,0x00000059ce500000)]
  0x000001bc8f1ec800 JavaThread "Unconstrained build operations Thread 66" [_thread_blocked, id=96816, stack(0x00000059ce500000,0x00000059ce600000)]
  0x000001bc8f1ef000 JavaThread "Unconstrained build operations Thread 67" [_thread_blocked, id=111724, stack(0x00000059ce600000,0x00000059ce700000)]
  0x000001bc8f1ee000 JavaThread "Unconstrained build operations Thread 68" [_thread_blocked, id=99500, stack(0x00000059ce700000,0x00000059ce800000)]
  0x000001bc8f1f0800 JavaThread "Unconstrained build operations Thread 69" [_thread_blocked, id=130404, stack(0x00000059ce800000,0x00000059ce900000)]
  0x000001bc8f1ed000 JavaThread "Unconstrained build operations Thread 70" [_thread_blocked, id=126604, stack(0x00000059ce900000,0x00000059cea00000)]
  0x000001bc8f1f1000 JavaThread "Unconstrained build operations Thread 71" [_thread_blocked, id=110064, stack(0x00000059cea00000,0x00000059ceb00000)]
  0x000001bc8f1ef800 JavaThread "Unconstrained build operations Thread 72" [_thread_blocked, id=82904, stack(0x00000059ceb00000,0x00000059cec00000)]
  0x000001bc8f1eb800 JavaThread "Unconstrained build operations Thread 73" [_thread_blocked, id=117616, stack(0x00000059cec00000,0x00000059ced00000)]
  0x000001bc8f1f5800 JavaThread "Unconstrained build operations Thread 74" [_thread_blocked, id=128496, stack(0x00000059ced00000,0x00000059cee00000)]
  0x000001bc8f1f6000 JavaThread "Unconstrained build operations Thread 75" [_thread_blocked, id=126380, stack(0x00000059cee00000,0x00000059cef00000)]
  0x000001bc8f1f7000 JavaThread "Unconstrained build operations Thread 76" [_thread_blocked, id=130876, stack(0x00000059cef00000,0x00000059cf000000)]
  0x000001bc8f1f8000 JavaThread "Unconstrained build operations Thread 77" [_thread_blocked, id=127056, stack(0x00000059cf000000,0x00000059cf100000)]
  0x000001bc8f1f3800 JavaThread "Unconstrained build operations Thread 78" [_thread_blocked, id=119820, stack(0x00000059cf100000,0x00000059cf200000)]
  0x000001bc8f1f2000 JavaThread "Unconstrained build operations Thread 79" [_thread_blocked, id=124404, stack(0x00000059cf200000,0x00000059cf300000)]
  0x000001bc8f1f8800 JavaThread "Unconstrained build operations Thread 80" [_thread_blocked, id=100076, stack(0x00000059cf300000,0x00000059cf400000)]
  0x000001bc8f1f3000 JavaThread "Unconstrained build operations Thread 81" [_thread_blocked, id=126420, stack(0x00000059cf400000,0x00000059cf500000)]
  0x000001bc8f1f9800 JavaThread "Unconstrained build operations Thread 82" [_thread_blocked, id=83844, stack(0x00000059cf500000,0x00000059cf600000)]
  0x000001bc8f1fa000 JavaThread "Unconstrained build operations Thread 83" [_thread_blocked, id=99892, stack(0x00000059cf600000,0x00000059cf700000)]
  0x000001bc8f1f4800 JavaThread "Unconstrained build operations Thread 84" [_thread_blocked, id=122436, stack(0x00000059cf700000,0x00000059cf800000)]
  0x000001bc92e38800 JavaThread "Unconstrained build operations Thread 85" [_thread_blocked, id=130752, stack(0x00000059cf800000,0x00000059cf900000)]
  0x000001bc92e3e000 JavaThread "Unconstrained build operations Thread 86" [_thread_blocked, id=127772, stack(0x00000059cf900000,0x00000059cfa00000)]
  0x000001bc92e3a000 JavaThread "Unconstrained build operations Thread 87" [_thread_blocked, id=102032, stack(0x00000059cfa00000,0x00000059cfb00000)]
  0x000001bc92e3c800 JavaThread "Unconstrained build operations Thread 88" [_thread_blocked, id=110356, stack(0x00000059cfb00000,0x00000059cfc00000)]
  0x000001bc92e3a800 JavaThread "Unconstrained build operations Thread 89" [_thread_blocked, id=127252, stack(0x00000059cfc00000,0x00000059cfd00000)]
  0x000001bc92e39000 JavaThread "Unconstrained build operations Thread 90" [_thread_blocked, id=126852, stack(0x00000059cfd00000,0x00000059cfe00000)]
  0x000001bc92e3d000 JavaThread "Unconstrained build operations Thread 91" [_thread_blocked, id=119908, stack(0x00000059cfe00000,0x00000059cff00000)]
  0x000001bc92e40800 JavaThread "Unconstrained build operations Thread 92" [_thread_blocked, id=128436, stack(0x00000059cff00000,0x00000059d0000000)]
  0x000001bc92e3f800 JavaThread "Unconstrained build operations Thread 93" [_thread_blocked, id=109812, stack(0x00000059d0000000,0x00000059d0100000)]
  0x000001bc92e3f000 JavaThread "Unconstrained build operations Thread 94" [_thread_blocked, id=124332, stack(0x00000059d0100000,0x00000059d0200000)]
  0x000001bc92e41000 JavaThread "Unconstrained build operations Thread 95" [_thread_blocked, id=114592, stack(0x00000059d0200000,0x00000059d0300000)]
  0x000001bc92e3b800 JavaThread "Unconstrained build operations Thread 96" [_thread_blocked, id=130976, stack(0x00000059d0300000,0x00000059d0400000)]
  0x000001bc92e47000 JavaThread "Unconstrained build operations Thread 97" [_thread_blocked, id=117656, stack(0x00000059d0400000,0x00000059d0500000)]
  0x000001bc92e46000 JavaThread "Unconstrained build operations Thread 98" [_thread_blocked, id=121428, stack(0x00000059d0500000,0x00000059d0600000)]
  0x000001bc92e43800 JavaThread "Unconstrained build operations Thread 99" [_thread_blocked, id=119736, stack(0x00000059d0600000,0x00000059d0700000)]
  0x000001bc92e42000 JavaThread "Unconstrained build operations Thread 100" [_thread_blocked, id=129164, stack(0x00000059d0700000,0x00000059d0800000)]
  0x000001bc92e43000 JavaThread "Unconstrained build operations Thread 101" [_thread_blocked, id=103196, stack(0x00000059d0800000,0x00000059d0900000)]
  0x000001bc92e45800 JavaThread "Unconstrained build operations Thread 102" [_thread_blocked, id=128276, stack(0x00000059d0900000,0x00000059d0a00000)]
  0x000001bc92e44800 JavaThread "Unconstrained build operations Thread 103" [_thread_blocked, id=118628, stack(0x00000059d0a00000,0x00000059d0b00000)]
  0x000001bc91321800 JavaThread "Unconstrained build operations Thread 104" [_thread_blocked, id=103308, stack(0x00000059d0b00000,0x00000059d0c00000)]
  0x000001bc91326800 JavaThread "Unconstrained build operations Thread 105" [_thread_blocked, id=115724, stack(0x00000059d0c00000,0x00000059d0d00000)]
  0x000001bc91327800 JavaThread "Unconstrained build operations Thread 106" [_thread_blocked, id=112020, stack(0x00000059d0d00000,0x00000059d0e00000)]
  0x000001bc91325000 JavaThread "Unconstrained build operations Thread 107" [_thread_blocked, id=128084, stack(0x00000059d0e00000,0x00000059d0f00000)]
  0x000001bc91322800 JavaThread "Unconstrained build operations Thread 108" [_thread_blocked, id=121900, stack(0x00000059d0f00000,0x00000059d1000000)]
  0x000001bc91324000 JavaThread "Unconstrained build operations Thread 109" [_thread_blocked, id=120288, stack(0x00000059d1000000,0x00000059d1100000)]
  0x000001bc91328000 JavaThread "Unconstrained build operations Thread 110" [_thread_blocked, id=106992, stack(0x00000059d1100000,0x00000059d1200000)]
  0x000001bc91329000 JavaThread "Unconstrained build operations Thread 111" [_thread_blocked, id=122984, stack(0x00000059d1200000,0x00000059d1300000)]
  0x000001bc91323000 JavaThread "Unconstrained build operations Thread 112" [_thread_blocked, id=109388, stack(0x00000059d1300000,0x00000059d1400000)]
  0x000001bc9132a000 JavaThread "Unconstrained build operations Thread 113" [_thread_blocked, id=80832, stack(0x00000059d1400000,0x00000059d1500000)]
  0x000001bc91325800 JavaThread "Unconstrained build operations Thread 114" [_thread_blocked, id=106120, stack(0x00000059d1500000,0x00000059d1600000)]
  0x000001bc9132c000 JavaThread "Unconstrained build operations Thread 115" [_thread_blocked, id=108744, stack(0x00000059d1600000,0x00000059d1700000)]
  0x000001bc91330800 JavaThread "Unconstrained build operations Thread 116" [_thread_blocked, id=130548, stack(0x00000059d1700000,0x00000059d1800000)]
  0x000001bc9132e800 JavaThread "Unconstrained build operations Thread 117" [_thread_blocked, id=120984, stack(0x00000059d1800000,0x00000059d1900000)]
  0x000001bc9132e000 JavaThread "Unconstrained build operations Thread 118" [_thread_blocked, id=114856, stack(0x00000059d1900000,0x00000059d1a00000)]
  0x000001bc9132a800 JavaThread "Unconstrained build operations Thread 119" [_thread_blocked, id=124104, stack(0x00000059d1a00000,0x00000059d1b00000)]
  0x000001bc9132d000 JavaThread "Unconstrained build operations Thread 120" [_thread_blocked, id=126212, stack(0x00000059d1b00000,0x00000059d1c00000)]
  0x000001bc9132f800 JavaThread "jar transforms Thread 4" [_thread_blocked, id=122264, stack(0x00000059d1c00000,0x00000059d1d00000)]
  0x000001bc9132b800 JavaThread "jar transforms Thread 5" [_thread_blocked, id=119068, stack(0x00000059d1d00000,0x00000059d1e00000)]
  0x000001bc8fcbf800 JavaThread "jar transforms Thread 6" [_thread_blocked, id=126700, stack(0x00000059d1e00000,0x00000059d1f00000)]
  0x000001bc8fcbe800 JavaThread "jar transforms Thread 7" [_thread_blocked, id=129612, stack(0x00000059d1f00000,0x00000059d2000000)]
  0x000001bc8fcbc000 JavaThread "jar transforms Thread 8" [_thread_blocked, id=130996, stack(0x00000059d2000000,0x00000059d2100000)]
  0x000001bc8fcbd800 JavaThread "jar transforms Thread 9" [_thread_blocked, id=123640, stack(0x00000059d2100000,0x00000059d2200000)]
  0x000001bc8fcba800 JavaThread "jar transforms Thread 10" [_thread_blocked, id=111828, stack(0x00000059d2200000,0x00000059d2300000)]
  0x000001bc8fcbb000 JavaThread "jar transforms Thread 11" [_thread_blocked, id=126720, stack(0x00000059d2300000,0x00000059d2400000)]
  0x000001bc8fcb9800 JavaThread "jar transforms Thread 12" [_thread_blocked, id=120256, stack(0x00000059d2400000,0x00000059d2500000)]

Other Threads:
  0x000001bcfd12f000 VMThread "VM Thread" [stack: 0x00000059c7300000,0x00000059c7400000] [id=124956]
  0x000001bcfdc57800 WatcherThread [stack: 0x00000059c7d00000,0x00000059c7e00000] [id=130356]
  0x000001bcf1886800 GCTaskThread "GC Thread#0" [stack: 0x00000059c6e00000,0x00000059c6f00000] [id=114968]
  0x000001bcfe689800 GCTaskThread "GC Thread#1" [stack: 0x00000059c7e00000,0x00000059c7f00000] [id=127072]
  0x000001bcfeee4000 GCTaskThread "GC Thread#2" [stack: 0x00000059c8000000,0x00000059c8100000] [id=125388]
  0x000001bcff030800 GCTaskThread "GC Thread#3" [stack: 0x00000059c8100000,0x00000059c8200000] [id=131036]
  0x000001bcff27f800 GCTaskThread "GC Thread#4" [stack: 0x00000059c8c00000,0x00000059c8d00000] [id=120340]
  0x000001bc8f02f800 GCTaskThread "GC Thread#5" [stack: 0x00000059c8d00000,0x00000059c8e00000] [id=93624]
  0x000001bc8f10b800 GCTaskThread "GC Thread#6" [stack: 0x00000059c8e00000,0x00000059c8f00000] [id=126468]
  0x000001bcff4ba800 GCTaskThread "GC Thread#7" [stack: 0x00000059c8f00000,0x00000059c9000000] [id=106972]
  0x000001bcfed14800 GCTaskThread "GC Thread#8" [stack: 0x00000059c9000000,0x00000059c9100000] [id=129576]
  0x000001bc8f02b800 GCTaskThread "GC Thread#9" [stack: 0x00000059c9100000,0x00000059c9200000] [id=116244]
  0x000001bcf18b9000 ConcurrentGCThread "G1 Main Marker" [stack: 0x00000059c6f00000,0x00000059c7000000] [id=130056]
  0x000001bcf18bb000 ConcurrentGCThread "G1 Conc#0" [stack: 0x00000059c7000000,0x00000059c7100000] [id=114928]
  0x000001bc8f3e2800 ConcurrentGCThread "G1 Conc#1" [stack: 0x00000059c9500000,0x00000059c9600000] [id=130588]
  0x000001bc8f3e3800 ConcurrentGCThread "G1 Conc#2" [stack: 0x00000059c9600000,0x00000059c9700000] [id=109844]
  0x000001bcf194c000 ConcurrentGCThread "G1 Refine#0" [stack: 0x00000059c7100000,0x00000059c7200000] [id=125648]
  0x000001bcfeb87800 ConcurrentGCThread "G1 Refine#1" [stack: 0x00000059c8200000,0x00000059c8300000] [id=127004]
  0x000001bcf194d800 ConcurrentGCThread "G1 Young RemSet Sampling" [stack: 0x00000059c7200000,0x00000059c7300000] [id=111332]

Threads with active compile tasks:
C2 CompilerThread0   9994 5879   !   4       com.google.common.reflect.TypeVisitor::visit (244 bytes)

VM state:not at safepoint (normal execution)

VM Mutex/Monitor currently owned by a thread: None

Heap address: 0x0000000080000000, size: 2048 MB, Compressed Oops mode: 32-bit
Narrow klass base: 0x0000000000000000, Narrow klass shift: 3
Compressed class space size: 1073741824 Address: 0x0000000100000000

Heap:
 garbage-first heap   total 96256K, used 60078K [0x0000000080000000, 0x0000000100000000)
  region size 1024K, 16 young (16384K), 2 survivors (2048K)
 Metaspace       used 58011K, capacity 59485K, committed 59600K, reserved 1101824K
  class space    used 7233K, capacity 7780K, committed 7808K, reserved 1048576K
Heap Regions: E=young(eden), S=young(survivor), O=old, HS=humongous(starts), HC=humongous(continues), CS=collection set, F=free, A=archive, TAMS=top-at-mark-start (previous, next)
|   0|0x0000000080000000, 0x0000000080100000, 0x0000000080100000|100%| O|  |TAMS 0x0000000080100000, 0x0000000080000000| Untracked 
|   1|0x0000000080100000, 0x0000000080200000, 0x0000000080200000|100%| O|  |TAMS 0x0000000080200000, 0x0000000080100000| Untracked 
|   2|0x0000000080200000, 0x0000000080300000, 0x0000000080300000|100%| O|  |TAMS 0x0000000080300000, 0x0000000080200000| Untracked 
|   3|0x0000000080300000, 0x0000000080400000, 0x0000000080400000|100%|HS|  |TAMS 0x0000000080400000, 0x0000000080300000| Complete 
|   4|0x0000000080400000, 0x0000000080500000, 0x0000000080500000|100%|HC|  |TAMS 0x0000000080500000, 0x0000000080400000| Complete 
|   5|0x0000000080500000, 0x0000000080600000, 0x0000000080600000|100%|HC|  |TAMS 0x0000000080600000, 0x0000000080500000| Complete 
|   6|0x0000000080600000, 0x00000000806ffff8, 0x0000000080700000| 99%| O|  |TAMS 0x00000000806ffff8, 0x0000000080600000| Untracked 
|   7|0x0000000080700000, 0x0000000080800000, 0x0000000080800000|100%| O|  |TAMS 0x0000000080800000, 0x0000000080700000| Untracked 
|   8|0x0000000080800000, 0x0000000080900000, 0x0000000080900000|100%| O|  |TAMS 0x0000000080900000, 0x0000000080800000| Untracked 
|   9|0x0000000080900000, 0x0000000080a00000, 0x0000000080a00000|100%| O|  |TAMS 0x0000000080a00000, 0x0000000080900000| Untracked 
|  10|0x0000000080a00000, 0x0000000080b00000, 0x0000000080b00000|100%| O|  |TAMS 0x0000000080b00000, 0x0000000080a00000| Untracked 
|  11|0x0000000080b00000, 0x0000000080c00000, 0x0000000080c00000|100%| O|  |TAMS 0x0000000080c00000, 0x0000000080b00000| Untracked 
|  12|0x0000000080c00000, 0x0000000080d00000, 0x0000000080d00000|100%| O|  |TAMS 0x0000000080d00000, 0x0000000080c00000| Untracked 
|  13|0x0000000080d00000, 0x0000000080e00000, 0x0000000080e00000|100%| O|  |TAMS 0x0000000080e00000, 0x0000000080d00000| Untracked 
|  14|0x0000000080e00000, 0x0000000080f00000, 0x0000000080f00000|100%| O|  |TAMS 0x0000000080f00000, 0x0000000080e00000| Untracked 
|  15|0x0000000080f00000, 0x0000000081000000, 0x0000000081000000|100%| O|  |TAMS 0x0000000081000000, 0x0000000080f00000| Untracked 
|  16|0x0000000081000000, 0x0000000081100000, 0x0000000081100000|100%| O|  |TAMS 0x0000000081100000, 0x0000000081000000| Untracked 
|  17|0x0000000081100000, 0x0000000081200000, 0x0000000081200000|100%| O|  |TAMS 0x0000000081200000, 0x0000000081100000| Untracked 
|  18|0x0000000081200000, 0x0000000081300000, 0x0000000081300000|100%| O|  |TAMS 0x0000000081300000, 0x0000000081200000| Untracked 
|  19|0x0000000081300000, 0x0000000081400000, 0x0000000081400000|100%| O|  |TAMS 0x0000000081400000, 0x0000000081300000| Untracked 
|  20|0x0000000081400000, 0x0000000081500000, 0x0000000081500000|100%| O|  |TAMS 0x0000000081500000, 0x0000000081400000| Untracked 
|  21|0x0000000081500000, 0x0000000081600000, 0x0000000081600000|100%| O|  |TAMS 0x0000000081600000, 0x0000000081500000| Untracked 
|  22|0x0000000081600000, 0x0000000081700000, 0x0000000081700000|100%| O|  |TAMS 0x0000000081700000, 0x0000000081600000| Untracked 
|  23|0x0000000081700000, 0x0000000081800000, 0x0000000081800000|100%| O|  |TAMS 0x0000000081800000, 0x0000000081700000| Untracked 
|  24|0x0000000081800000, 0x0000000081900000, 0x0000000081900000|100%| O|  |TAMS 0x0000000081900000, 0x0000000081800000| Untracked 
|  25|0x0000000081900000, 0x0000000081a00000, 0x0000000081a00000|100%| O|  |TAMS 0x0000000081a00000, 0x0000000081900000| Untracked 
|  26|0x0000000081a00000, 0x0000000081b00000, 0x0000000081b00000|100%| O|  |TAMS 0x0000000081b00000, 0x0000000081a00000| Untracked 
|  27|0x0000000081b00000, 0x0000000081c00000, 0x0000000081c00000|100%| O|  |TAMS 0x0000000081c00000, 0x0000000081b00000| Untracked 
|  28|0x0000000081c00000, 0x0000000081d00000, 0x0000000081d00000|100%|HS|  |TAMS 0x0000000081d00000, 0x0000000081c00000| Complete 
|  29|0x0000000081d00000, 0x0000000081e00000, 0x0000000081e00000|100%|HS|  |TAMS 0x0000000081e00000, 0x0000000081d00000| Complete 
|  30|0x0000000081e00000, 0x0000000081f00000, 0x0000000081f00000|100%|HS|  |TAMS 0x0000000081f00000, 0x0000000081e00000| Complete 
|  31|0x0000000081f00000, 0x0000000082000000, 0x0000000082000000|100%|HS|  |TAMS 0x0000000082000000, 0x0000000081f00000| Complete 
|  32|0x0000000082000000, 0x0000000082100000, 0x0000000082100000|100%|HC|  |TAMS 0x0000000082100000, 0x0000000082000000| Complete 
|  33|0x0000000082100000, 0x0000000082200000, 0x0000000082200000|100%| O|  |TAMS 0x0000000082200000, 0x0000000082100000| Untracked 
|  34|0x0000000082200000, 0x0000000082300000, 0x0000000082300000|100%| O|  |TAMS 0x0000000082300000, 0x0000000082200000| Untracked 
|  35|0x0000000082300000, 0x0000000082400000, 0x0000000082400000|100%| O|  |TAMS 0x0000000082400000, 0x0000000082300000| Untracked 
|  36|0x0000000082400000, 0x0000000082500000, 0x0000000082500000|100%| O|  |TAMS 0x0000000082500000, 0x0000000082400000| Untracked 
|  37|0x0000000082500000, 0x0000000082600000, 0x0000000082600000|100%| O|  |TAMS 0x0000000082600000, 0x0000000082500000| Untracked 
|  38|0x0000000082600000, 0x0000000082700000, 0x0000000082700000|100%| O|  |TAMS 0x0000000082700000, 0x0000000082600000| Untracked 
|  39|0x0000000082700000, 0x0000000082800000, 0x0000000082800000|100%| O|  |TAMS 0x0000000082800000, 0x0000000082700000| Untracked 
|  40|0x0000000082800000, 0x0000000082900000, 0x0000000082900000|100%| O|  |TAMS 0x0000000082900000, 0x0000000082800000| Untracked 
|  41|0x0000000082900000, 0x0000000082a00000, 0x0000000082a00000|100%| O|  |TAMS 0x0000000082a00000, 0x0000000082900000| Untracked 
|  42|0x0000000082a00000, 0x0000000082b00000, 0x0000000082b00000|100%| O|  |TAMS 0x0000000082b00000, 0x0000000082a00000| Untracked 
|  43|0x0000000082b00000, 0x0000000082b00000, 0x0000000082c00000|  0%| F|  |TAMS 0x0000000082b00000, 0x0000000082b00000| Untracked 
|  44|0x0000000082c00000, 0x0000000082c00000, 0x0000000082d00000|  0%| F|  |TAMS 0x0000000082c00000, 0x0000000082c00000| Untracked 
|  45|0x0000000082d00000, 0x0000000082d00000, 0x0000000082e00000|  0%| F|  |TAMS 0x0000000082d00000, 0x0000000082d00000| Untracked 
|  46|0x0000000082e00000, 0x0000000082e00000, 0x0000000082f00000|  0%| F|  |TAMS 0x0000000082e00000, 0x0000000082e00000| Untracked 
|  47|0x0000000082f00000, 0x0000000082f00000, 0x0000000083000000|  0%| F|  |TAMS 0x0000000082f00000, 0x0000000082f00000| Untracked 
|  48|0x0000000083000000, 0x00000000830f8a00, 0x0000000083100000| 97%| O|  |TAMS 0x00000000830f8a00, 0x0000000083000000| Untracked 
|  49|0x0000000083100000, 0x0000000083100000, 0x0000000083200000|  0%| F|  |TAMS 0x0000000083100000, 0x0000000083100000| Untracked 
|  50|0x0000000083200000, 0x0000000083200000, 0x0000000083300000|  0%| F|  |TAMS 0x0000000083200000, 0x0000000083200000| Untracked 
|  51|0x0000000083300000, 0x0000000083300000, 0x0000000083400000|  0%| F|  |TAMS 0x0000000083300000, 0x0000000083300000| Untracked 
|  52|0x0000000083400000, 0x0000000083400000, 0x0000000083500000|  0%| F|  |TAMS 0x0000000083400000, 0x0000000083400000| Untracked 
|  53|0x0000000083500000, 0x0000000083500000, 0x0000000083600000|  0%| F|  |TAMS 0x0000000083500000, 0x0000000083500000| Untracked 
|  54|0x0000000083600000, 0x0000000083600000, 0x0000000083700000|  0%| F|  |TAMS 0x0000000083600000, 0x0000000083600000| Untracked 
|  55|0x0000000083700000, 0x0000000083700000, 0x0000000083800000|  0%| F|  |TAMS 0x0000000083700000, 0x0000000083700000| Untracked 
|  56|0x0000000083800000, 0x0000000083800000, 0x0000000083900000|  0%| F|  |TAMS 0x0000000083800000, 0x0000000083800000| Untracked 
|  57|0x0000000083900000, 0x0000000083900000, 0x0000000083a00000|  0%| F|  |TAMS 0x0000000083900000, 0x0000000083900000| Untracked 
|  58|0x0000000083a00000, 0x0000000083a00000, 0x0000000083b00000|  0%| F|  |TAMS 0x0000000083a00000, 0x0000000083a00000| Untracked 
|  59|0x0000000083b00000, 0x0000000083b00000, 0x0000000083c00000|  0%| F|  |TAMS 0x0000000083b00000, 0x0000000083b00000| Untracked 
|  60|0x0000000083c00000, 0x0000000083c00000, 0x0000000083d00000|  0%| F|  |TAMS 0x0000000083c00000, 0x0000000083c00000| Untracked 
|  61|0x0000000083d00000, 0x0000000083d00000, 0x0000000083e00000|  0%| F|  |TAMS 0x0000000083d00000, 0x0000000083d00000| Untracked 
|  62|0x0000000083e00000, 0x0000000083e00000, 0x0000000083f00000|  0%| F|  |TAMS 0x0000000083e00000, 0x0000000083e00000| Untracked 
|  63|0x0000000083f00000, 0x0000000083f00000, 0x0000000084000000|  0%| F|  |TAMS 0x0000000083f00000, 0x0000000083f00000| Untracked 
|  64|0x0000000084000000, 0x0000000084000000, 0x0000000084100000|  0%| F|  |TAMS 0x0000000084000000, 0x0000000084000000| Untracked 
|  65|0x0000000084100000, 0x0000000084100000, 0x0000000084200000|  0%| F|  |TAMS 0x0000000084100000, 0x0000000084100000| Untracked 
|  66|0x0000000084200000, 0x0000000084200000, 0x0000000084300000|  0%| F|  |TAMS 0x0000000084200000, 0x0000000084200000| Untracked 
|  67|0x0000000084300000, 0x0000000084300000, 0x0000000084400000|  0%| F|  |TAMS 0x0000000084300000, 0x0000000084300000| Untracked 
|  68|0x0000000084400000, 0x0000000084400000, 0x0000000084500000|  0%| F|  |TAMS 0x0000000084400000, 0x0000000084400000| Untracked 
|  69|0x0000000084500000, 0x0000000084500000, 0x0000000084600000|  0%| F|  |TAMS 0x0000000084500000, 0x0000000084500000| Untracked 
|  70|0x0000000084600000, 0x0000000084600000, 0x0000000084700000|  0%| F|  |TAMS 0x0000000084600000, 0x0000000084600000| Untracked 
|  71|0x0000000084700000, 0x0000000084700000, 0x0000000084800000|  0%| F|  |TAMS 0x0000000084700000, 0x0000000084700000| Untracked 
|  72|0x0000000084800000, 0x0000000084800000, 0x0000000084900000|  0%| F|  |TAMS 0x0000000084800000, 0x0000000084800000| Untracked 
|  73|0x0000000084900000, 0x0000000084900000, 0x0000000084a00000|  0%| F|  |TAMS 0x0000000084900000, 0x0000000084900000| Untracked 
|  74|0x0000000084a00000, 0x0000000084a00000, 0x0000000084b00000|  0%| F|  |TAMS 0x0000000084a00000, 0x0000000084a00000| Untracked 
|  75|0x0000000084b00000, 0x0000000084b00000, 0x0000000084c00000|  0%| F|  |TAMS 0x0000000084b00000, 0x0000000084b00000| Untracked 
|  76|0x0000000084c00000, 0x0000000084cb2e10, 0x0000000084d00000| 69%| S|CS|TAMS 0x0000000084c00000, 0x0000000084c00000| Complete 
|  77|0x0000000084d00000, 0x0000000084e00000, 0x0000000084e00000|100%| S|CS|TAMS 0x0000000084d00000, 0x0000000084d00000| Complete 
|  78|0x0000000084e00000, 0x0000000084e00000, 0x0000000084f00000|  0%| F|  |TAMS 0x0000000084e00000, 0x0000000084e00000| Untracked 
|  79|0x0000000084f00000, 0x0000000084f00000, 0x0000000085000000|  0%| F|  |TAMS 0x0000000084f00000, 0x0000000084f00000| Untracked 
|  80|0x0000000085000000, 0x0000000085080800, 0x0000000085100000| 50%| E|  |TAMS 0x0000000085000000, 0x0000000085000000| Complete 
|  81|0x0000000085100000, 0x0000000085200000, 0x0000000085200000|100%| E|CS|TAMS 0x0000000085100000, 0x0000000085100000| Complete 
|  82|0x0000000085200000, 0x0000000085300000, 0x0000000085300000|100%| E|CS|TAMS 0x0000000085200000, 0x0000000085200000| Complete 
|  83|0x0000000085300000, 0x0000000085400000, 0x0000000085400000|100%| E|CS|TAMS 0x0000000085300000, 0x0000000085300000| Complete 
|  84|0x0000000085400000, 0x0000000085500000, 0x0000000085500000|100%| E|CS|TAMS 0x0000000085400000, 0x0000000085400000| Complete 
|  85|0x0000000085500000, 0x0000000085600000, 0x0000000085600000|100%| E|CS|TAMS 0x0000000085500000, 0x0000000085500000| Complete 
|  86|0x0000000085600000, 0x0000000085700000, 0x0000000085700000|100%| E|CS|TAMS 0x0000000085600000, 0x0000000085600000| Complete 
|  87|0x0000000085700000, 0x0000000085800000, 0x0000000085800000|100%| E|CS|TAMS 0x0000000085700000, 0x0000000085700000| Complete 
|  88|0x0000000085800000, 0x0000000085900000, 0x0000000085900000|100%| E|CS|TAMS 0x0000000085800000, 0x0000000085800000| Complete 
|  89|0x0000000085900000, 0x0000000085a00000, 0x0000000085a00000|100%| E|CS|TAMS 0x0000000085900000, 0x0000000085900000| Complete 
|  90|0x0000000085a00000, 0x0000000085b00000, 0x0000000085b00000|100%| E|CS|TAMS 0x0000000085a00000, 0x0000000085a00000| Complete 
|  91|0x0000000085b00000, 0x0000000085c00000, 0x0000000085c00000|100%| E|CS|TAMS 0x0000000085b00000, 0x0000000085b00000| Complete 
|  92|0x0000000085c00000, 0x0000000085d00000, 0x0000000085d00000|100%| E|CS|TAMS 0x0000000085c00000, 0x0000000085c00000| Complete 
|  93|0x0000000085d00000, 0x0000000085e00000, 0x0000000085e00000|100%| E|CS|TAMS 0x0000000085d00000, 0x0000000085d00000| Complete 

Card table byte_map: [0x000001bcf5ce0000,0x000001bcf60e0000] _byte_map_base: 0x000001bcf58e0000

Marking Bits (Prev, Next): (CMBitMap*) 0x000001bcf18b0350, (CMBitMap*) 0x000001bcf18b0318
 Prev Bits: [0x000001bcf84e0000, 0x000001bcfa4e0000)
 Next Bits: [0x000001bcf64e0000, 0x000001bcf84e0000)

Polling page: 0x000001bcef7f0000

Metaspace:

Usage:
  Non-class:     50.50 MB capacity,    49.61 MB ( 98%) used,   760.80 KB (  1%) free+waste,   145.94 KB ( <1%) overhead. 
      Class:      7.60 MB capacity,     7.07 MB ( 93%) used,   475.73 KB (  6%) free+waste,    68.56 KB ( <1%) overhead. 
       Both:     58.10 MB capacity,    56.68 MB ( 98%) used,     1.21 MB (  2%) free+waste,   214.50 KB ( <1%) overhead. 

Virtual space:
  Non-class space:       52.00 MB reserved,      50.58 MB ( 97%) committed 
      Class space:        1.00 GB reserved,       7.63 MB ( <1%) committed 
             Both:        1.05 GB reserved,      58.20 MB (  5%) committed 

Chunk freelists:
   Non-Class:  19.00 KB
       Class:  26.00 KB
        Both:  45.00 KB

MaxMetaspaceSize: 17179869184.00 GB
CompressedClassSpaceSize: 1.00 GB
Initial GC threshold: 20.80 MB
Current GC threshold: 95.13 MB
CDS: off

CodeHeap 'non-profiled nmethods': size=120000Kb used=2826Kb max_used=2826Kb free=117174Kb
 bounds [0x000001bc87ad0000, 0x000001bc87da0000, 0x000001bc8f000000]
CodeHeap 'profiled nmethods': size=120000Kb used=12298Kb max_used=12298Kb free=107701Kb
 bounds [0x000001bc805a0000, 0x000001bc811b0000, 0x000001bc87ad0000]
CodeHeap 'non-nmethods': size=5760Kb used=2312Kb max_used=2337Kb free=3447Kb
 bounds [0x000001bc80000000, 0x000001bc80270000, 0x000001bc805a0000]
 total_blobs=6695 nmethods=5877 adapters=730
 compilation: enabled
              stopped_count=0, restarted_count=0
 full_count=0

Compilation events (20 events):
Event: 9.941 Thread 0x000001bcfdad1000 5896       3       com.google.common.collect.Iterables::isEmpty (37 bytes)
Event: 9.942 Thread 0x000001bcfdad1000 nmethod 5896 0x000001bc8117fd90 code [0x000001bc8117ff80, 0x000001bc81180548]
Event: 9.942 Thread 0x000001bcfdad1000 5897       3       org.gradle.internal.operations.BuildOperationState::setRunning (9 bytes)
Event: 9.942 Thread 0x000001bcfdad1000 nmethod 5897 0x000001bc81180690 code [0x000001bc81180840, 0x000001bc81180a18]
Event: 9.945 Thread 0x000001bcfdad1000 5898       3       org.gradle.internal.operations.CurrentBuildOperationRef::get (11 bytes)
Event: 9.945 Thread 0x000001bcfdad1000 nmethod 5898 0x000001bc81180b10 code [0x000001bc81180ce0, 0x000001bc81180f88]
Event: 9.945 Thread 0x000001bcfdad1000 5899       1       org.gradle.api.internal.collections.AbstractIterationOrderRetainingElementSource$Element::isRealized (5 bytes)
Event: 9.946 Thread 0x000001bcfdad1000 nmethod 5899 0x000001bc87d92510 code [0x000001bc87d926c0, 0x000001bc87d92778]
Event: 9.946 Thread 0x000001bcfdad1000 5900       3       org.gradle.internal.instantiation.generator.AbstractClassGenerator$GeneratedClassImpl::getGeneratedClass (11 bytes)
Event: 9.946 Thread 0x000001bcfdad1000 nmethod 5900 0x000001bc81181090 code [0x000001bc81181240, 0x000001bc81181398]
Event: 9.948 Thread 0x000001bcfdad1000 5901       3       org.gradle.internal.operations.DefaultBuildOperationRunner::assertParentRunning (47 bytes)
Event: 9.949 Thread 0x000001bcfdad1000 nmethod 5901 0x000001bc81181490 code [0x000001bc81181760, 0x000001bc811826a8]
Event: 9.949 Thread 0x000001bcfdad1000 5902       3       org.gradle.internal.operations.BuildOperationState::isRunning (8 bytes)
Event: 9.949 Thread 0x000001bcfdad1000 nmethod 5902 0x000001bc81182b90 code [0x000001bc81182d40, 0x000001bc81182f18]
Event: 9.950 Thread 0x000001bcfdad1000 5903       3       java.lang.invoke.BoundMethodHandle$Species_L::<init> (12 bytes)
Event: 9.950 Thread 0x000001bcfdad1000 nmethod 5903 0x000001bc81183010 code [0x000001bc811831e0, 0x000001bc811833e8]
Event: 9.951 Thread 0x000001bcfdad1000 5904       3       org.gradle.internal.operations.DefaultBuildOperationAncestryTracker::finished (15 bytes)
Event: 9.951 Thread 0x000001bcfdad1000 nmethod 5904 0x000001bc81183510 code [0x000001bc811836e0, 0x000001bc811838c8]
Event: 9.951 Thread 0x000001bcfdad1000 5905       3       org.gradle.tooling.internal.provider.runner.SubtreeFilteringBuildOperationListener::finished (72 bytes)
Event: 9.952 Thread 0x000001bcfdad1000 nmethod 5905 0x000001bc81183990 code [0x000001bc81183c00, 0x000001bc81184688]

GC Heap History (20 events):
Event: 4.574 GC heap before
{Heap before GC invocations=6 (full 0):
 garbage-first heap   total 96256K, used 55958K [0x0000000080000000, 0x0000000100000000)
  region size 1024K, 41 young (41984K), 3 survivors (3072K)
 Metaspace       used 24638K, capacity 25236K, committed 25392K, reserved 1071104K
  class space    used 3128K, capacity 3336K, committed 3456K, reserved 1048576K
}
Event: 4.577 GC heap after
{Heap after GC invocations=7 (full 0):
 garbage-first heap   total 96256K, used 18467K [0x0000000080000000, 0x0000000100000000)
  region size 1024K, 4 young (4096K), 4 survivors (4096K)
 Metaspace       used 24638K, capacity 25236K, committed 25392K, reserved 1071104K
  class space    used 3128K, capacity 3336K, committed 3456K, reserved 1048576K
}
Event: 5.164 GC heap before
{Heap before GC invocations=7 (full 0):
 garbage-first heap   total 96256K, used 59427K [0x0000000080000000, 0x0000000100000000)
  region size 1024K, 44 young (45056K), 4 survivors (4096K)
 Metaspace       used 28564K, capacity 29179K, committed 29360K, reserved 1075200K
  class space    used 3752K, capacity 3997K, committed 4096K, reserved 1048576K
}
Event: 5.168 GC heap after
{Heap after GC invocations=8 (full 0):
 garbage-first heap   total 96256K, used 19656K [0x0000000080000000, 0x0000000100000000)
  region size 1024K, 5 young (5120K), 5 survivors (5120K)
 Metaspace       used 28564K, capacity 29179K, committed 29360K, reserved 1075200K
  class space    used 3752K, capacity 3997K, committed 4096K, reserved 1048576K
}
Event: 5.810 GC heap before
{Heap before GC invocations=8 (full 0):
 garbage-first heap   total 96256K, used 49352K [0x0000000080000000, 0x0000000100000000)
  region size 1024K, 35 young (35840K), 5 survivors (5120K)
 Metaspace       used 35004K, capacity 35798K, committed 35920K, reserved 1081344K
  class space    used 4477K, capacity 4799K, committed 4864K, reserved 1048576K
}
Event: 5.821 GC heap after
{Heap after GC invocations=9 (full 0):
 garbage-first heap   total 96256K, used 22538K [0x0000000080000000, 0x0000000100000000)
  region size 1024K, 6 young (6144K), 6 survivors (6144K)
 Metaspace       used 35004K, capacity 35798K, committed 35920K, reserved 1081344K
  class space    used 4477K, capacity 4799K, committed 4864K, reserved 1048576K
}
Event: 6.404 GC heap before
{Heap before GC invocations=10 (full 0):
 garbage-first heap   total 96256K, used 67594K [0x0000000080000000, 0x0000000100000000)
  region size 1024K, 48 young (49152K), 6 survivors (6144K)
 Metaspace       used 39056K, capacity 39959K, committed 40144K, reserved 1085440K
  class space    used 4910K, capacity 5244K, committed 5248K, reserved 1048576K
}
Event: 6.409 GC heap after
{Heap after GC invocations=11 (full 0):
 garbage-first heap   total 96256K, used 26201K [0x0000000080000000, 0x0000000100000000)
  region size 1024K, 6 young (6144K), 6 survivors (6144K)
 Metaspace       used 39056K, capacity 39959K, committed 40144K, reserved 1085440K
  class space    used 4910K, capacity 5244K, committed 5248K, reserved 1048576K
}
Event: 6.884 GC heap before
{Heap before GC invocations=11 (full 0):
 garbage-first heap   total 96256K, used 68185K [0x0000000080000000, 0x0000000100000000)
  region size 1024K, 47 young (48128K), 6 survivors (6144K)
 Metaspace       used 42786K, capacity 43781K, committed 43984K, reserved 1087488K
  class space    used 5353K, capacity 5719K, committed 5760K, reserved 1048576K
}
Event: 6.889 GC heap after
{Heap after GC invocations=12 (full 0):
 garbage-first heap   total 96256K, used 28418K [0x0000000080000000, 0x0000000100000000)
  region size 1024K, 6 young (6144K), 6 survivors (6144K)
 Metaspace       used 42786K, capacity 43781K, committed 43984K, reserved 1087488K
  class space    used 5353K, capacity 5719K, committed 5760K, reserved 1048576K
}
Event: 7.313 GC heap before
{Heap before GC invocations=12 (full 0):
 garbage-first heap   total 96256K, used 70402K [0x0000000080000000, 0x0000000100000000)
  region size 1024K, 47 young (48128K), 6 survivors (6144K)
 Metaspace       used 45573K, capacity 46751K, committed 46800K, reserved 1089536K
  class space    used 5774K, capacity 6223K, committed 6272K, reserved 1048576K
}
Event: 7.317 GC heap after
{Heap after GC invocations=13 (full 0):
 garbage-first heap   total 96256K, used 29776K [0x0000000080000000, 0x0000000100000000)
  region size 1024K, 4 young (4096K), 4 survivors (4096K)
 Metaspace       used 45573K, capacity 46751K, committed 46800K, reserved 1089536K
  class space    used 5774K, capacity 6223K, committed 6272K, reserved 1048576K
}
Event: 8.015 GC heap before
{Heap before GC invocations=13 (full 0):
 garbage-first heap   total 96256K, used 71760K [0x0000000080000000, 0x0000000100000000)
  region size 1024K, 45 young (46080K), 4 survivors (4096K)
 Metaspace       used 47399K, capacity 48696K, committed 48848K, reserved 1091584K
  class space    used 5980K, capacity 6485K, committed 6528K, reserved 1048576K
}
Event: 8.019 GC heap after
{Heap after GC invocations=14 (full 0):
 garbage-first heap   total 96256K, used 32532K [0x0000000080000000, 0x0000000100000000)
  region size 1024K, 5 young (5120K), 5 survivors (5120K)
 Metaspace       used 47399K, capacity 48696K, committed 48848K, reserved 1091584K
  class space    used 5980K, capacity 6485K, committed 6528K, reserved 1048576K
}
Event: 8.773 GC heap before
{Heap before GC invocations=14 (full 0):
 garbage-first heap   total 96256K, used 77588K [0x0000000080000000, 0x0000000100000000)
  region size 1024K, 45 young (46080K), 5 survivors (5120K)
 Metaspace       used 49705K, capacity 51159K, committed 51280K, reserved 1093632K
  class space    used 6261K, capacity 6821K, committed 6912K, reserved 1048576K
}
Event: 8.782 GC heap after
{Heap after GC invocations=15 (full 0):
 garbage-first heap   total 96256K, used 44797K [0x0000000080000000, 0x0000000100000000)
  region size 1024K, 6 young (6144K), 6 survivors (6144K)
 Metaspace       used 49705K, capacity 51159K, committed 51280K, reserved 1093632K
  class space    used 6261K, capacity 6821K, committed 6912K, reserved 1048576K
}
Event: 9.417 GC heap before
{Heap before GC invocations=15 (full 0):
 garbage-first heap   total 96256K, used 75517K [0x0000000080000000, 0x0000000100000000)
  region size 1024K, 36 young (36864K), 6 survivors (6144K)
 Metaspace       used 53841K, capacity 55335K, committed 55632K, reserved 1097728K
  class space    used 6792K, capacity 7339K, committed 7424K, reserved 1048576K
}
Event: 9.421 GC heap after
{Heap after GC invocations=16 (full 0):
 garbage-first heap   total 96256K, used 46489K [0x0000000080000000, 0x0000000100000000)
  region size 1024K, 2 young (2048K), 2 survivors (2048K)
 Metaspace       used 53841K, capacity 55335K, committed 55632K, reserved 1097728K
  class space    used 6792K, capacity 7339K, committed 7424K, reserved 1048576K
}
Event: 9.742 GC heap before
{Heap before GC invocations=16 (full 0):
 garbage-first heap   total 96256K, used 61849K [0x0000000080000000, 0x0000000100000000)
  region size 1024K, 18 young (18432K), 2 survivors (2048K)
 Metaspace       used 56595K, capacity 58148K, committed 58192K, reserved 1105920K
  class space    used 7055K, capacity 7637K, committed 7680K, reserved 1048576K
}
Event: 9.745 GC heap after
{Heap after GC invocations=17 (full 0):
 garbage-first heap   total 96256K, used 46766K [0x0000000080000000, 0x0000000100000000)
  region size 1024K, 2 young (2048K), 2 survivors (2048K)
 Metaspace       used 56595K, capacity 58148K, committed 58192K, reserved 1105920K
  class space    used 7055K, capacity 7637K, committed 7680K, reserved 1048576K
}

Deoptimization events (20 events):
Event: 8.807 Thread 0x000001bc8f0e7800 Uncommon trap: trap_request=0xffffff4d fr.pc=0x000001bc87c83a9c relative=0x000000000000091c
Event: 8.808 Thread 0x000001bc8f0e7800 Uncommon trap: reason=unstable_if action=reinterpret pc=0x000001bc87c83a9c method=java.io.BufferedInputStream.read([BII)I @ 56 c2
Event: 8.808 Thread 0x000001bc8f0e7800 DEOPT PACKING pc=0x000001bc87c83a9c sp=0x00000059c88f6ee0
Event: 8.808 Thread 0x000001bc8f0e7800 DEOPT UNPACKING pc=0x000001bc8004a1af sp=0x00000059c88f6e98 mode 2
Event: 8.838 Thread 0x000001bc8f0e7800 Uncommon trap: trap_request=0xffffff45 fr.pc=0x000001bc87c6aec8 relative=0x0000000000000da8
Event: 8.838 Thread 0x000001bc8f0e7800 Uncommon trap: reason=unstable_fused_if action=reinterpret pc=0x000001bc87c6aec8 method=org.objectweb.asm.ByteVector.putUTF8(Ljava/lang/String;)Lorg/objectweb/asm/ByteVector; @ 93 c2
Event: 8.838 Thread 0x000001bc8f0e7800 DEOPT PACKING pc=0x000001bc87c6aec8 sp=0x00000059c88f7960
Event: 8.839 Thread 0x000001bc8f0e7800 DEOPT UNPACKING pc=0x000001bc8004a1af sp=0x00000059c88f78b8 mode 2
Event: 8.839 Thread 0x000001bc8f0e7800 Uncommon trap: trap_request=0xffffff4d fr.pc=0x000001bc87ca5300 relative=0x0000000000005c00
Event: 8.839 Thread 0x000001bc8f0e7800 Uncommon trap: reason=unstable_if action=reinterpret pc=0x000001bc87ca5300 method=org.objectweb.asm.Frame.execute(IILorg/objectweb/asm/Symbol;Lorg/objectweb/asm/SymbolTable;)V @ 1 c2
Event: 8.839 Thread 0x000001bc8f0e7800 DEOPT PACKING pc=0x000001bc87ca5300 sp=0x00000059c88f7b40
Event: 8.839 Thread 0x000001bc8f0e7800 DEOPT UNPACKING pc=0x000001bc8004a1af sp=0x00000059c88f7ae8 mode 2
Event: 8.866 Thread 0x000001bc8f0e7800 Uncommon trap: trap_request=0xffffff45 fr.pc=0x000001bc87bf48ec relative=0x000000000000020c
Event: 8.866 Thread 0x000001bc8f0e7800 Uncommon trap: reason=unstable_fused_if action=reinterpret pc=0x000001bc87bf48ec method=org.objectweb.asm.ByteVector.putUTF8(Ljava/lang/String;)Lorg/objectweb/asm/ByteVector; @ 93 c2
Event: 8.866 Thread 0x000001bc8f0e7800 DEOPT PACKING pc=0x000001bc87bf48ec sp=0x00000059c88f7c80
Event: 8.866 Thread 0x000001bc8f0e7800 DEOPT UNPACKING pc=0x000001bc8004a1af sp=0x00000059c88f7c00 mode 2
Event: 9.029 Thread 0x000001bc8f0e7800 Uncommon trap: trap_request=0xffffff4d fr.pc=0x000001bc87d0d06c relative=0x00000000000006cc
Event: 9.029 Thread 0x000001bc8f0e7800 Uncommon trap: reason=unstable_if action=reinterpret pc=0x000001bc87d0d06c method=java.lang.ThreadLocal$ThreadLocalMap.cleanSomeSlots(II)Z @ 36 c2
Event: 9.029 Thread 0x000001bc8f0e7800 DEOPT PACKING pc=0x000001bc87d0d06c sp=0x00000059c88f74c0
Event: 9.029 Thread 0x000001bc8f0e7800 DEOPT UNPACKING pc=0x000001bc8004a1af sp=0x00000059c88f7300 mode 2

Classes redefined (0 events):
No events

Internal exceptions (20 events):
Event: 8.579 Thread 0x000001bc8f0e7800 Exception <a 'java/lang/NoSuchMethodError'{0x000000008415c798}: 'long java.lang.invoke.DirectMethodHandle$Holder.invokeVirtual(java.lang.Object, java.lang.Object)'> (0x000000008415c798) thrown at [./src/hotspot/share/interpreter/linkResolver.cpp, line 773]
Event: 8.582 Thread 0x000001bc8f0a3800 Exception <a 'java/lang/NoSuchMethodError'{0x0000000084007108}: <clinit>> (0x0000000084007108) thrown at [./src/hotspot/share/prims/jni.cpp, line 1366]
Event: 8.586 Thread 0x000001bc8f0a3800 Exception <a 'java/lang/NoSuchMethodError'{0x0000000084026d78}: <clinit>> (0x0000000084026d78) thrown at [./src/hotspot/share/prims/jni.cpp, line 1366]
Event: 8.586 Thread 0x000001bc8f0a3800 Exception <a 'java/lang/NoSuchMethodError'{0x0000000084028128}: <clinit>> (0x0000000084028128) thrown at [./src/hotspot/share/prims/jni.cpp, line 1366]
Event: 8.586 Thread 0x000001bc8f0a3800 Exception <a 'java/lang/NoSuchMethodError'{0x0000000084029430}: <clinit>> (0x0000000084029430) thrown at [./src/hotspot/share/prims/jni.cpp, line 1366]
Event: 8.586 Thread 0x000001bc8f0a3800 Exception <a 'java/lang/NoSuchMethodError'{0x000000008402a690}: <clinit>> (0x000000008402a690) thrown at [./src/hotspot/share/prims/jni.cpp, line 1366]
Event: 8.588 Thread 0x000001bc8f0a3800 Exception <a 'java/lang/NoSuchMethodError'{0x000000008403dd70}: <clinit>> (0x000000008403dd70) thrown at [./src/hotspot/share/prims/jni.cpp, line 1366]
Event: 8.589 Thread 0x000001bc8f0a3800 Exception <a 'java/lang/NoSuchMethodError'{0x0000000084049130}: <clinit>> (0x0000000084049130) thrown at [./src/hotspot/share/prims/jni.cpp, line 1366]
Event: 8.591 Thread 0x000001bc8f0a3800 Exception <a 'java/lang/NoSuchMethodError'{0x000000008405e530}: <clinit>> (0x000000008405e530) thrown at [./src/hotspot/share/prims/jni.cpp, line 1366]
Event: 8.604 Thread 0x000001bc8f0e7800 Exception <a 'java/lang/ClassNotFoundException'{0x00000000840c43d0}: build_2dful60i1ir9ud622o47h7hl3BeanInfo> (0x00000000840c43d0) thrown at [./src/hotspot/share/classfile/systemDictionary.cpp, line 231]
Event: 8.604 Thread 0x000001bc8f0e7800 Exception <a 'java/lang/ClassNotFoundException'{0x00000000840cf388}: build_2dful60i1ir9ud622o47h7hl3Customizer> (0x00000000840cf388) thrown at [./src/hotspot/share/classfile/systemDictionary.cpp, line 231]
Event: 8.608 Thread 0x000001bc8f0e7800 Exception <a 'java/lang/ClassNotFoundException'{0x0000000083f334f0}: org/gradle/api/internal/plugins/DefaultObjectConfigurationActionBeanInfo> (0x0000000083f334f0) thrown at [./src/hotspot/share/classfile/systemDictionary.cpp, line 231]
Event: 8.609 Thread 0x000001bc8f0e7800 Exception <a 'java/lang/ClassNotFoundException'{0x0000000083f66600}: org/gradle/api/internal/plugins/DefaultObjectConfigurationActionCustomizer> (0x0000000083f66600) thrown at [./src/hotspot/share/classfile/systemDictionary.cpp, line 231]
Event: 8.827 Thread 0x000001bc8f0e7800 Exception <a 'java/lang/NoSuchMethodError'{0x0000000085b09b58}: 'java.lang.Object java.lang.invoke.DirectMethodHandle$Holder.invokeStatic(java.lang.Object, java.lang.Object, java.lang.Object, java.lang.Object, int)'> (0x0000000085b09b58) thrown at [./src/hotspot/share/interpreter/linkResolver.cpp, line 773]
Event: 8.827 Thread 0x000001bc8f0e7800 Exception <a 'java/lang/NoSuchMethodError'{0x0000000085b0e550}: 'java.lang.Object java.lang.invoke.DirectMethodHandle$Holder.invokeSpecial(java.lang.Object, java.lang.Object, java.lang.Object, java.lang.Object, java.lang.Object, int)'> (0x0000000085b0e550) thrown at [./src/hotspot/share/interpreter/linkResolver.cpp, line 773]
Event: 8.827 Thread 0x000001bc8f0e7800 Exception <a 'java/lang/NoSuchMethodError'{0x0000000085b12b90}: 'java.lang.Object java.lang.invoke.Invokers$Holder.linkToTargetMethod(java.lang.Object, java.lang.Object, java.lang.Object, int, java.lang.Object)'> (0x0000000085b12b90) thrown at [./src/hotspot/share/interpreter/linkResolver.cpp, line 773]
Event: 9.108 Thread 0x000001bc8f0e7800 Exception <a 'java/lang/NoSuchMethodError'{0x0000000084c550d8}: 'java.lang.Object java.lang.invoke.DirectMethodHandle$Holder.invokeSpecial(java.lang.Object, java.lang.Object, int, int, java.lang.Object, java.lang.Object, java.lang.Object)'> (0x0000000084c550d8) thrown at [./src/hotspot/share/interpreter/linkResolver.cpp, line 773]
Event: 9.108 Thread 0x000001bc8f0e7800 Exception <a 'java/lang/NoSuchMethodError'{0x0000000084c59658}: 'java.lang.Object java.lang.invoke.DelegatingMethodHandle$Holder.reinvoke_L(java.lang.Object, int, int, java.lang.Object, java.lang.Object, java.lang.Object)'> (0x0000000084c59658) thrown at [./src/hotspot/share/interpreter/linkResolver.cpp, line 773]
Event: 9.412 Thread 0x000001bc8f0e7800 Exception <a 'java/lang/NoSuchMethodError'{0x00000000840bf530}: 'int java.lang.invoke.DirectMethodHandle$Holder.invokeInterface(java.lang.Object, java.lang.Object, java.lang.Object, java.lang.Object)'> (0x00000000840bf530) thrown at [./src/hotspot/share/interpreter/linkResolver.cpp, line 773]
Event: 9.903 Thread 0x000001bc8f0e7800 Exception <a 'java/lang/NoSuchMethodError'{0x00000000857564e0}: 'void java.lang.invoke.DirectMethodHandle$Holder.invokeInterface(java.lang.Object, java.lang.Object, java.lang.Object, java.lang.Object)'> (0x00000000857564e0) thrown at [./src/hotspot/share/interpreter/linkResolver.cpp, line 773]

Events (20 events):
Event: 9.950 loading class org/gradle/api/Task
Event: 9.950 loading class org/gradle/api/Task done
Event: 9.950 loading class org/gradle/api/Action
Event: 9.950 loading class org/gradle/api/Action done
Event: 9.951 loading class org/gradle/api/Task
Event: 9.951 loading class org/gradle/api/Task done
Event: 9.951 loading class org/gradle/api/Action
Event: 9.951 loading class org/gradle/api/Action done
Event: 9.951 loading class org/gradle/api/plugins/internal/DefaultBasePluginExtension
Event: 9.951 loading class org/gradle/api/plugins/internal/DefaultBasePluginExtension done
Event: 9.955 loading class org/gradle/api/plugins/internal/DefaultBasePluginConvention
Event: 9.955 loading class org/gradle/api/plugins/internal/DefaultBasePluginConvention done
Event: 9.956 loading class org/gradle/api/plugins/BasePluginConvention
Event: 9.956 loading class org/gradle/api/plugins/BasePluginConvention done
Event: 9.957 loading class org/gradle/api/internal/file/DefaultFilePropertyFactory$PathToDirectoryTransformer
Event: 9.957 loading class org/gradle/api/internal/file/DefaultFilePropertyFactory$PathToDirectoryTransformer done
Event: 9.958 loading class org/gradle/api/internal/plugins/BuildConfigurationRule
Event: 9.958 loading class org/gradle/api/internal/plugins/BuildConfigurationRule done
Event: 9.959 loading class org/gradle/api/internal/plugins/AbstractRule
Event: 9.959 loading class org/gradle/api/internal/plugins/AbstractRule done


Dynamic libraries:
0x00007ff6ad020000 - 0x00007ff6ad02a000 	C:\Program Files\Android\Android Studio\jre\bin\java.exe
0x00007ffbcb0c0000 - 0x00007ffbcb2c9000 	C:\Windows\SYSTEM32\ntdll.dll
0x00007ffbc9640000 - 0x00007ffbc96fe000 	C:\Windows\System32\KERNEL32.DLL
0x00007ffbc8800000 - 0x00007ffbc8b83000 	C:\Windows\System32\KERNELBASE.dll
0x00007ffbc8570000 - 0x00007ffbc8681000 	C:\Windows\System32\ucrtbase.dll
0x00007ffbc47b0000 - 0x00007ffbc47c7000 	C:\Program Files\Android\Android Studio\jre\bin\VCRUNTIME140.dll
0x00007ffbbf8d0000 - 0x00007ffbbf8e9000 	C:\Program Files\Android\Android Studio\jre\bin\jli.dll
0x00007ffbcab60000 - 0x00007ffbcad0d000 	C:\Windows\System32\USER32.dll
0x00007ffbc8b90000 - 0x00007ffbc8bb6000 	C:\Windows\System32\win32u.dll
0x00007ffbcad10000 - 0x00007ffbcad39000 	C:\Windows\System32\GDI32.dll
0x00007ffbc8bc0000 - 0x00007ffbc8cda000 	C:\Windows\System32\gdi32full.dll
0x00007ffbc8ce0000 - 0x00007ffbc8d7d000 	C:\Windows\System32\msvcp_win.dll
0x00007ffbaba20000 - 0x00007ffbabcc5000 	C:\Windows\WinSxS\amd64_microsoft.windows.common-controls_6595b64144ccf1df_6.0.22000.120_none_9d947278b86cc467\COMCTL32.dll
0x00007ffbc9b70000 - 0x00007ffbc9c13000 	C:\Windows\System32\msvcrt.dll
0x00007ffbc8fe0000 - 0x00007ffbc9011000 	C:\Windows\System32\IMM32.DLL
0x00007ffbba820000 - 0x00007ffbba8bd000 	C:\Program Files\Android\Android Studio\jre\bin\msvcp140.dll
0x00007ffb70050000 - 0x00007ffb70b52000 	C:\Program Files\Android\Android Studio\jre\bin\server\jvm.dll
0x00007ffbcad40000 - 0x00007ffbcadee000 	C:\Windows\System32\ADVAPI32.dll
0x00007ffbc9e40000 - 0x00007ffbc9ede000 	C:\Windows\System32\sechost.dll
0x00007ffbca8e0000 - 0x00007ffbcaa01000 	C:\Windows\System32\RPCRT4.dll
0x00007ffbc90d0000 - 0x00007ffbc90d8000 	C:\Windows\System32\PSAPI.DLL
0x00007ffba1790000 - 0x00007ffba1799000 	C:\Windows\SYSTEM32\WSOCK32.dll
0x00007ffbbf870000 - 0x00007ffbbf87a000 	C:\Windows\SYSTEM32\VERSION.dll
0x00007ffbc2850000 - 0x00007ffbc2883000 	C:\Windows\SYSTEM32\WINMM.dll
0x00007ffbc90e0000 - 0x00007ffbc914f000 	C:\Windows\System32\WS2_32.dll
0x00007ffbc75f0000 - 0x00007ffbc7608000 	C:\Windows\SYSTEM32\kernel.appcore.dll
0x00007ffb7f4d0000 - 0x00007ffb7f4e1000 	C:\Program Files\Android\Android Studio\jre\bin\verify.dll
0x00007ffbc6110000 - 0x00007ffbc6331000 	C:\Windows\SYSTEM32\DBGHELP.DLL
0x00007ffbb88a0000 - 0x00007ffbb88d1000 	C:\Windows\SYSTEM32\dbgcore.DLL
0x00007ffbc8eb0000 - 0x00007ffbc8f2f000 	C:\Windows\System32\bcryptPrimitives.dll
0x00007ffb7cc70000 - 0x00007ffb7cc99000 	C:\Program Files\Android\Android Studio\jre\bin\java.dll
0x00007ffb9d260000 - 0x00007ffb9d26b000 	C:\Program Files\Android\Android Studio\jre\bin\jimage.dll
0x00007ffb7bf90000 - 0x00007ffb7bfa8000 	C:\Program Files\Android\Android Studio\jre\bin\zip.dll
0x00007ffbca000000 - 0x00007ffbca7c5000 	C:\Windows\System32\SHELL32.dll
0x00007ffbc6650000 - 0x00007ffbc6eb4000 	C:\Windows\SYSTEM32\windows.storage.dll
0x00007ffbc92c0000 - 0x00007ffbc9636000 	C:\Windows\System32\combase.dll
0x00007ffbc64e0000 - 0x00007ffbc6647000 	C:\Windows\SYSTEM32\wintypes.dll
0x00007ffbca7d0000 - 0x00007ffbca8ba000 	C:\Windows\System32\SHCORE.dll
0x00007ffbc9c20000 - 0x00007ffbc9c7d000 	C:\Windows\System32\shlwapi.dll
0x00007ffbc84a0000 - 0x00007ffbc84c1000 	C:\Windows\SYSTEM32\profapi.dll
0x00007ffb7b570000 - 0x00007ffb7b58a000 	C:\Program Files\Android\Android Studio\jre\bin\net.dll
0x00007ffbc2f20000 - 0x00007ffbc3032000 	C:\Windows\SYSTEM32\WINHTTP.dll
0x00007ffbc7a90000 - 0x00007ffbc7af7000 	C:\Windows\system32\mswsock.dll
0x00007ffb76d30000 - 0x00007ffb76d44000 	C:\Program Files\Android\Android Studio\jre\bin\nio.dll
0x00007ffbaf700000 - 0x00007ffbaf727000 	C:\Users\nraje\.gradle\native\e1d6ef7f7dcc3fd88c89a11ec53ec762bb8ba0a96d01ffa2cd45eb1d1d8dd5c5\windows-amd64\native-platform.dll
0x00007ffba6f00000 - 0x00007ffba7044000 	C:\Users\nraje\.gradle\native\5664cfc778a61ccfe75a443a1ab52a65af34e5dc3c78e0209fed803814484fcb\windows-amd64\native-platform-file-events.dll
0x00007ffb9d130000 - 0x00007ffb9d13a000 	C:\Program Files\Android\Android Studio\jre\bin\management.dll
0x00007ffb994d0000 - 0x00007ffb994dd000 	C:\Program Files\Android\Android Studio\jre\bin\management_ext.dll
0x00007ffbc7cf0000 - 0x00007ffbc7d08000 	C:\Windows\SYSTEM32\CRYPTSP.dll
0x00007ffbc7550000 - 0x00007ffbc7585000 	C:\Windows\system32\rsaenh.dll
0x00007ffbc7b90000 - 0x00007ffbc7bb9000 	C:\Windows\SYSTEM32\USERENV.dll
0x00007ffbc7ed0000 - 0x00007ffbc7ef7000 	C:\Windows\SYSTEM32\bcrypt.dll
0x00007ffbc7ce0000 - 0x00007ffbc7cec000 	C:\Windows\SYSTEM32\CRYPTBASE.dll
0x00007ffbc7110000 - 0x00007ffbc713d000 	C:\Windows\SYSTEM32\IPHLPAPI.DLL
0x00007ffbca8d0000 - 0x00007ffbca8d9000 	C:\Windows\System32\NSI.dll
0x00007ffbc2f00000 - 0x00007ffbc2f19000 	C:\Windows\SYSTEM32\dhcpcsvc6.DLL
0x00007ffbc3560000 - 0x00007ffbc357e000 	C:\Windows\SYSTEM32\dhcpcsvc.DLL
0x00007ffbc7140000 - 0x00007ffbc7228000 	C:\Windows\SYSTEM32\DNSAPI.dll

dbghelp: loaded successfully - version: 4.0.5 - missing functions: none
symbol engine: initialized successfully - sym options: 0x614 - pdb path: .;C:\Program Files\Android\Android Studio\jre\bin;C:\Windows\SYSTEM32;C:\Windows\WinSxS\amd64_microsoft.windows.common-controls_6595b64144ccf1df_6.0.22000.120_none_9d947278b86cc467;C:\Program Files\Android\Android Studio\jre\bin\server;C:\Users\nraje\.gradle\native\e1d6ef7f7dcc3fd88c89a11ec53ec762bb8ba0a96d01ffa2cd45eb1d1d8dd5c5\windows-amd64;C:\Users\nraje\.gradle\native\5664cfc778a61ccfe75a443a1ab52a65af34e5dc3c78e0209fed803814484fcb\windows-amd64

VM Arguments:
jvm_args: --add-opens=java.base/java.util=ALL-UNNAMED --add-opens=java.base/java.lang=ALL-UNNAMED --add-opens=java.base/java.lang.invoke=ALL-UNNAMED --add-opens=java.base/java.util=ALL-UNNAMED --add-opens=java.prefs/java.util.prefs=ALL-UNNAMED --add-opens=java.prefs/java.util.prefs=ALL-UNNAMED --add-opens=java.base/java.nio.charset=ALL-UNNAMED --add-opens=java.base/java.net=ALL-UNNAMED --add-opens=java.base/java.util.concurrent.atomic=ALL-UNNAMED -Xmx2048m -Dfile.encoding=windows-1252 -Duser.country=IN -Duser.language=en -Duser.variant 
java_command: org.gradle.launcher.daemon.bootstrap.GradleDaemon 7.2
java_class_path (initial): C:\Users\nraje\.gradle\wrapper\dists\gradle-7.2-all\260hg96vuh6ex27h9vo47iv4d\gradle-7.2\lib\gradle-launcher-7.2.jar
Launcher Type: SUN_STANDARD

[Global flags]
     intx CICompilerCount                          = 4                                         {product} {ergonomic}
     uint ConcGCThreads                            = 3                                         {product} {ergonomic}
     uint G1ConcRefinementThreads                  = 10                                        {product} {ergonomic}
   size_t G1HeapRegionSize                         = 1048576                                   {product} {ergonomic}
    uintx GCDrainStackTargetSize                   = 64                                        {product} {ergonomic}
   size_t InitialHeapSize                          = 98566144                                  {product} {ergonomic}
   size_t MarkStackSize                            = 4194304                                   {product} {ergonomic}
   size_t MaxHeapSize                              = 2147483648                                {product} {command line}
   size_t MaxNewSize                               = 1287651328                                {product} {ergonomic}
   size_t MinHeapDeltaBytes                        = 1048576                                   {product} {ergonomic}
    uintx NonNMethodCodeHeapSize                   = 5836300                                {pd product} {ergonomic}
    uintx NonProfiledCodeHeapSize                  = 122910970                              {pd product} {ergonomic}
    uintx ProfiledCodeHeapSize                     = 122910970                              {pd product} {ergonomic}
    uintx ReservedCodeCacheSize                    = 251658240                              {pd product} {ergonomic}
     bool SegmentedCodeCache                       = true                                      {product} {ergonomic}
     bool UseCompressedClassPointers               = true                                 {lp64_product} {ergonomic}
     bool UseCompressedOops                        = true                                 {lp64_product} {ergonomic}
     bool UseG1GC                                  = true                                      {product} {ergonomic}
     bool UseLargePagesIndividualAllocation        = false                                  {pd product} {ergonomic}

Logging:
Log output configuration:
 #0: stdout all=warning uptime,level,tags
 #1: stderr all=off uptime,level,tags

Environment Variables:
PATH=C:\Program Files\Common Files\Oracle\Java\javapath;C:\Program Files (x86)\Common Files\Oracle\Java\javapath;C:\Windows\system32;C:\Windows;C:\Windows\System32\Wbem;C:\Windows\System32\WindowsPowerShell\v1.0\;C:\Windows\System32\OpenSSH\;C:\Program Files\Git\cmd;C:\Users\nraje\AppData\Local\Microsoft\WindowsApps\python.exe;C:\Users\nraje\AppData\Local\Microsoft\WindowsApps\python.exe;C:\Users\nraje\AppData\Local\Microsoft\WindowsApps\;C:\Users\nraje\AppData\Local\Microsoft\WindowsApps\;C:\Users\nraje\AppData\Local\Microsoft\WindowsApps;;C:\Users\nraje\AppData\Local\Programs\Microsoft VS Code\bin
USERNAME=nraje
OS=Windows_NT
PROCESSOR_IDENTIFIER=AMD64 Family 23 Model 104 Stepping 1, AuthenticAMD



---------------  S Y S T E M  ---------------

OS: Windows 11 , 64 bit Build 22000 (10.0.22000.1761)
OS uptime: 11 days 4:21 hours

CPU:total 12 (initial active 12) (12 cores per cpu, 2 threads per core) family 23 model 104 stepping 1 microcode 0x0, cmov, cx8, fxsr, mmx, sse, sse2, sse3, ssse3, sse4.1, sse4.2, popcnt, avx, avx2, aes, clmul, mmxext, 3dnowpref, lzcnt, sse4a, ht, tsc, tscinvbit, tscinv, bmi1, bmi2, adx, sha, fma

Memory: 4k page, system-wide physical 6005M (98M free)
TotalPageFile size 24437M (AvailPageFile size 0M)
current process WorkingSet (physical memory assigned to process): 277M, peak: 277M
current process commit charge ("private bytes"): 319M, peak: 321M

vm_info: OpenJDK 64-Bit Server VM (11.0.13+0-b1751.21-8125866) for windows-amd64 JRE (11.0.13+0-b1751.21-8125866), built on Feb  2 2022 03:00:22 by "builder" with MS VC++ 14.0 (VS2015)

END.
