#
# There is insufficient memory for the Java Runtime Environment to continue.
# Native memory allocation (malloc) failed to allocate 872976 bytes for Chunk::new
# Possible reasons:
#   The system is out of physical RAM or swap space
#   The process is running with CompressedOops enabled, and the Java Heap may be blocking the growth of the native heap
# Possible solutions:
#   Reduce memory load on the system
#   Increase physical memory or swap space
#   Check if swap backing store is full
#   Decrease Java heap size (-Xmx/-Xms)
#   Decrease number of Java threads
#   Decrease Java thread stack sizes (-Xss)
#   Set larger code cache with -XX:ReservedCodeCacheSize=
#   JVM is running with Unscaled Compressed Oops mode in which the Java heap is
#     placed in the first 4GB address space. The Java Heap base address is the
#     maximum limit for the native heap growth. Please use -XX:HeapBaseMinAddress
#     to set the Java Heap base and to place the Java Heap above 4GB virtual address.
# This output file may be truncated or incomplete.
#
#  Out of Memory Error (./src/hotspot/share/memory/arena.cpp:197), pid=101864, tid=129268
#
# JRE version: OpenJDK Runtime Environment (11.0.13) (build 11.0.13+0-b1751.21-8125866)
# Java VM: OpenJDK 64-Bit Server VM (11.0.13+0-b1751.21-8125866, mixed mode, tiered, compressed oops, g1 gc, windows-amd64)
# No core dump will be written. Minidumps are not enabled by default on client versions of Windows
#

---------------  S U M M A R Y ------------

Command Line: --add-opens=java.base/java.util=ALL-UNNAMED --add-opens=java.base/java.lang=ALL-UNNAMED --add-opens=java.base/java.lang.invoke=ALL-UNNAMED --add-opens=java.base/java.util=ALL-UNNAMED --add-opens=java.prefs/java.util.prefs=ALL-UNNAMED --add-opens=java.prefs/java.util.prefs=ALL-UNNAMED --add-opens=java.base/java.nio.charset=ALL-UNNAMED --add-opens=java.base/java.net=ALL-UNNAMED --add-opens=java.base/java.util.concurrent.atomic=ALL-UNNAMED -Xmx2048m -Dfile.encoding=windows-1252 -Duser.country=IN -Duser.language=en -Duser.variant org.gradle.launcher.daemon.bootstrap.GradleDaemon 7.2

Host: AMD Ryzen 5 5500U with Radeon Graphics         , 12 cores, 5G,  Windows 11 , 64 bit Build 22000 (10.0.22000.1761)
Time: Fri May 12 11:18:47 2023 India Standard Time elapsed time: 8.892198 seconds (0d 0h 0m 8s)

---------------  T H R E A D  ---------------

Current thread (0x00000178f3f0e000):  JavaThread "C2 CompilerThread0" daemon [_thread_in_native, id=129268, stack(0x00000035bc100000,0x00000035bc200000)]


Current CompileTask:
C2:   8892 5487       4       java.lang.invoke.LambdaForm$Name::replaceNames (174 bytes)

Stack: [0x00000035bc100000,0x00000035bc200000]
Native frames: (J=compiled Java code, j=interpreted, Vv=VM code, C=native code)
V  [jvm.dll+0x6100fa]
V  [jvm.dll+0x747090]
V  [jvm.dll+0x7486ad]
V  [jvm.dll+0x748d83]
V  [jvm.dll+0x24ab48]
V  [jvm.dll+0xc04dc]
V  [jvm.dll+0xc0a0c]
V  [jvm.dll+0x35eb9d]
V  [jvm.dll+0x19d9bc]
V  [jvm.dll+0x2033be]
V  [jvm.dll+0x202437]
V  [jvm.dll+0x188e01]
V  [jvm.dll+0x21106b]
V  [jvm.dll+0x20f8c1]
V  [jvm.dll+0x70de0f]
V  [jvm.dll+0x706a75]
V  [jvm.dll+0x60ed66]
C  [ucrtbase.dll+0x26c0c]
C  [KERNEL32.DLL+0x15590]
C  [ntdll.dll+0x485b]


---------------  P R O C E S S  ---------------

Threads class SMR info:
_java_thread_list=0x00000178f89554f0, length=165, elements={
0x00000178d95ff000, 0x00000178f3ee4800, 0x00000178f3ee6000, 0x00000178f3ee7800,
0x00000178f3ee5800, 0x00000178f3ee8800, 0x00000178f3f0e000, 0x00000178f3f13800,
0x00000178f3f19800, 0x00000178f3ee3000, 0x00000178f3ee7000, 0x00000178f3ee9800,
0x00000178f3ee3800, 0x00000178f63ac800, 0x00000178f63af000, 0x00000178f63af800,
0x00000178f63ae000, 0x00000178f63ad000, 0x00000178f63aa800, 0x00000178f63b1000,
0x00000178f63ab800, 0x00000178f63b4800, 0x00000178f63b3000, 0x00000178f63b6000,
0x00000178f63b0800, 0x00000178f63b7000, 0x00000178f63b2000, 0x00000178f63b7800,
0x00000178f63b8800, 0x00000178f63b5800, 0x00000178f63b3800, 0x00000178f5453800,
0x00000178f5452000, 0x00000178f544f800, 0x00000178f544e800, 0x00000178f5455000,
0x00000178f5451000, 0x00000178f896a800, 0x00000178f8968800, 0x00000178f896c800,
0x00000178f896b800, 0x00000178f896f000, 0x00000178f8969000, 0x00000178f896e000,
0x00000178f896f800, 0x00000178f896d000, 0x00000178f896a000, 0x00000178f8970800,
0x00000178f8976000, 0x00000178f8972000, 0x00000178f8974800, 0x00000178f8971800,
0x00000178f8973000, 0x00000178f8975800, 0x00000178f8973800, 0x00000178f8977000,
0x00000178f4b6b000, 0x00000178f4b69000, 0x00000178f4b68800, 0x00000178f4b6a000,
0x00000178f4b6d800, 0x00000178f4b6b800, 0x00000178f4b67800, 0x00000178f4b72000,
0x00000178f4b6c800, 0x00000178f4b6f000, 0x00000178f4b73000, 0x00000178f4b74000,
0x00000178f4b70800, 0x00000178f4b71800, 0x00000178f4b6e000, 0x00000178f4b75800,
0x00000178f4b74800, 0x00000178f4b70000, 0x00000178f4b76800, 0x00000178f6e98000,
0x00000178f6e9d000, 0x00000178f6e99000, 0x00000178f6e97000, 0x00000178f6e99800,
0x00000178f6e9d800, 0x00000178f6e9f800, 0x00000178f6e9e800, 0x00000178f6ea0000,
0x00000178f6e9a800, 0x00000178f6ea1000, 0x00000178f6e9b800, 0x00000178f6ea2000,
0x00000178f6e9c000, 0x00000178f6ea2800, 0x00000178f6ea3800, 0x00000178f6ea6000,
0x00000178f6ea4800, 0x00000178f6ea5000, 0x00000178fac4e800, 0x00000178fac4d800,
0x00000178fac4b000, 0x00000178fac50000, 0x00000178fac4f000, 0x00000178fac4a800,
0x00000178fac4c000, 0x00000178fac52800, 0x00000178fac51000, 0x00000178fac51800,
0x00000178fac4c800, 0x00000178fac59000, 0x00000178fac54000, 0x00000178fac55800,
0x00000178fac56800, 0x00000178fac57800, 0x00000178fac58000, 0x00000178fac53800,
0x00000178fac55000, 0x00000178fad05800, 0x00000178fad07000, 0x00000178fad07800,
0x00000178fad06000, 0x00000178fad09800, 0x00000178fad08800, 0x00000178fad03800,
0x00000178fad0a000, 0x00000178fad04800, 0x00000178fad0c800, 0x00000178fad0d800,
0x00000178fad0e800, 0x00000178fad0f000, 0x00000178fad0b000, 0x00000178fad10800,
0x00000178fad10000, 0x00000178fad11800, 0x00000178fad0c000, 0x00000178fad12800,
0x00000178f91c1800, 0x00000178f91c0000, 0x00000178f91c0800, 0x00000178f91c2800,
0x00000178f91c3000, 0x00000178f91c4000, 0x00000178f91bf000, 0x00000178f91be000,
0x00000178f91c5800, 0x00000178f91c8000, 0x00000178f91c6800, 0x00000178f91c7000,
0x00000178f91c9000, 0x00000178f91c9800, 0x00000178f91ca800, 0x00000178f91c5000,
0x00000178f91cb800, 0x00000178f91cc000, 0x00000178f91cd000, 0x00000178f93a0000,
0x00000178f939f000, 0x00000178f939e000, 0x00000178f93a1800, 0x00000178f93a0800,
0x00000178f93a2800, 0x00000178f939d800, 0x00000178f939c800, 0x00000178f93a9000,
0x00000178f93a3000, 0x00000178f93a7000, 0x00000178f93a9800, 0x00000178f93a5800,
0x00000178f93a6800
}

Java Threads: ( => current thread )
  0x00000178d95ff000 JavaThread "main" [_thread_blocked, id=97156, stack(0x00000035bb500000,0x00000035bb600000)]
  0x00000178f3ee4800 JavaThread "Reference Handler" daemon [_thread_blocked, id=132824, stack(0x00000035bbc00000,0x00000035bbd00000)]
  0x00000178f3ee6000 JavaThread "Finalizer" daemon [_thread_blocked, id=119576, stack(0x00000035bbd00000,0x00000035bbe00000)]
  0x00000178f3ee7800 JavaThread "Signal Dispatcher" daemon [_thread_blocked, id=133108, stack(0x00000035bbe00000,0x00000035bbf00000)]
  0x00000178f3ee5800 JavaThread "Attach Listener" daemon [_thread_blocked, id=100448, stack(0x00000035bbf00000,0x00000035bc000000)]
  0x00000178f3ee8800 JavaThread "Service Thread" daemon [_thread_blocked, id=128592, stack(0x00000035bc000000,0x00000035bc100000)]
=>0x00000178f3f0e000 JavaThread "C2 CompilerThread0" daemon [_thread_in_native, id=129268, stack(0x00000035bc100000,0x00000035bc200000)]
  0x00000178f3f13800 JavaThread "C1 CompilerThread0" daemon [_thread_in_native, id=119572, stack(0x00000035bc200000,0x00000035bc300000)]
  0x00000178f3f19800 JavaThread "Sweeper thread" daemon [_thread_blocked, id=133564, stack(0x00000035bc300000,0x00000035bc400000)]
  0x00000178f3ee3000 JavaThread "Common-Cleaner" daemon [_thread_blocked, id=128660, stack(0x00000035bc400000,0x00000035bc500000)]
  0x00000178f3ee7000 JavaThread "Daemon health stats" [_thread_blocked, id=86504, stack(0x00000035bc700000,0x00000035bc800000)]
  0x00000178f3ee9800 JavaThread "Incoming local TCP Connector on port 63140" [_thread_in_native, id=88828, stack(0x00000035bc800000,0x00000035bc900000)]
  0x00000178f3ee3800 JavaThread "Daemon periodic checks" [_thread_blocked, id=121012, stack(0x00000035bc900000,0x00000035bca00000)]
  0x00000178f63ac800 JavaThread "Daemon" [_thread_blocked, id=116380, stack(0x00000035bca00000,0x00000035bcb00000)]
  0x00000178f63af000 JavaThread "Handler for socket connection from /127.0.0.1:63140 to /127.0.0.1:63141" [_thread_in_native, id=86820, stack(0x00000035bcb00000,0x00000035bcc00000)]
  0x00000178f63af800 JavaThread "Cancel handler" [_thread_blocked, id=110680, stack(0x00000035bcc00000,0x00000035bcd00000)]
  0x00000178f63ae000 JavaThread "Daemon worker" [_thread_in_Java, id=134952, stack(0x00000035bcd00000,0x00000035bce00000)]
  0x00000178f63ad000 JavaThread "Asynchronous log dispatcher for DefaultDaemonConnection: socket connection from /127.0.0.1:63140 to /127.0.0.1:63141" [_thread_blocked, id=125688, stack(0x00000035bce00000,0x00000035bcf00000)]
  0x00000178f63aa800 JavaThread "Stdin handler" [_thread_blocked, id=134740, stack(0x00000035bcf00000,0x00000035bd000000)]
  0x00000178f63b1000 JavaThread "Daemon client event forwarder" [_thread_blocked, id=127488, stack(0x00000035bd000000,0x00000035bd100000)]
  0x00000178f63ab800 JavaThread "Cache worker for journal cache (C:\Users\nraje\AndroidStudioProjects\app2\NOTED---Notes-Application-for-Android-master\caches\journal-1)" [_thread_blocked, id=134416, stack(0x00000035bd100000,0x00000035bd200000)]
  0x00000178f63b4800 JavaThread "File lock request listener" [_thread_in_native, id=119580, stack(0x00000035bda00000,0x00000035bdb00000)]
  0x00000178f63b3000 JavaThread "Cache worker for file hash cache (C:\Users\nraje\AndroidStudioProjects\app2\NOTED---Notes-Application-for-Android-master\caches\7.2\fileHashes)" [_thread_blocked, id=111012, stack(0x00000035bdb00000,0x00000035bdc00000)]
  0x00000178f63b6000 JavaThread "Cache worker for file hash cache (C:\Users\nraje\AndroidStudioProjects\NOTEIT\.gradle\7.2\fileHashes)" [_thread_blocked, id=115912, stack(0x00000035bde00000,0x00000035bdf00000)]
  0x00000178f63b0800 JavaThread "File watcher server" daemon [_thread_in_native, id=97928, stack(0x00000035bdf00000,0x00000035be000000)]
  0x00000178f63b7000 JavaThread "File watcher consumer" daemon [_thread_blocked, id=130012, stack(0x00000035be000000,0x00000035be100000)]
  0x00000178f63b2000 JavaThread "Cache worker for checksums cache (C:\Users\nraje\AndroidStudioProjects\NOTEIT\.gradle\checksums)" [_thread_blocked, id=124044, stack(0x00000035be100000,0x00000035be200000)]
  0x00000178f63b7800 JavaThread "Cache worker for cache directory md-supplier (C:\Users\nraje\AndroidStudioProjects\app2\NOTED---Notes-Application-for-Android-master\caches\7.2\md-supplier)" [_thread_blocked, id=126260, stack(0x00000035be200000,0x00000035be300000)]
  0x00000178f63b8800 JavaThread "Cache worker for cache directory md-rule (C:\Users\nraje\AndroidStudioProjects\app2\NOTED---Notes-Application-for-Android-master\caches\7.2\md-rule)" [_thread_blocked, id=130380, stack(0x00000035be300000,0x00000035be400000)]
  0x00000178f63b5800 JavaThread "Cache worker for execution history cache (C:\Users\nraje\AndroidStudioProjects\app2\NOTED---Notes-Application-for-Android-master\caches\7.2\executionHistory)" [_thread_blocked, id=90160, stack(0x00000035be400000,0x00000035be500000)]
  0x00000178f63b3800 JavaThread "jar transforms" [_thread_blocked, id=110388, stack(0x00000035be500000,0x00000035be600000)]
  0x00000178f5453800 JavaThread "jar transforms Thread 2" [_thread_blocked, id=133180, stack(0x00000035be600000,0x00000035be700000)]
  0x00000178f5452000 JavaThread "Cache worker for file content cache (C:\Users\nraje\AndroidStudioProjects\app2\NOTED---Notes-Application-for-Android-master\caches\7.2\fileContent)" [_thread_blocked, id=125216, stack(0x00000035be700000,0x00000035be800000)]
  0x00000178f544f800 JavaThread "Cache worker for dependencies-accessors (C:\Users\nraje\AndroidStudioProjects\NOTEIT\.gradle\7.2\dependencies-accessors)" [_thread_blocked, id=128740, stack(0x00000035be800000,0x00000035be900000)]
  0x00000178f544e800 JavaThread "jar transforms Thread 3" [_thread_blocked, id=100428, stack(0x00000035be900000,0x00000035bea00000)]
  0x00000178f5455000 JavaThread "Cache worker for Build Output Cleanup Cache (C:\Users\nraje\AndroidStudioProjects\NOTEIT\.gradle\buildOutputCleanup)" [_thread_blocked, id=112020, stack(0x00000035bea00000,0x00000035beb00000)]
  0x00000178f5451000 JavaThread "Unconstrained build operations" [_thread_blocked, id=135012, stack(0x00000035beb00000,0x00000035bec00000)]
  0x00000178f896a800 JavaThread "Unconstrained build operations Thread 2" [_thread_blocked, id=127440, stack(0x00000035bec00000,0x00000035bed00000)]
  0x00000178f8968800 JavaThread "Unconstrained build operations Thread 3" [_thread_blocked, id=132604, stack(0x00000035bed00000,0x00000035bee00000)]
  0x00000178f896c800 JavaThread "Unconstrained build operations Thread 4" [_thread_blocked, id=110284, stack(0x00000035bee00000,0x00000035bef00000)]
  0x00000178f896b800 JavaThread "Unconstrained build operations Thread 5" [_thread_blocked, id=118456, stack(0x00000035bef00000,0x00000035bf000000)]
  0x00000178f896f000 JavaThread "Unconstrained build operations Thread 6" [_thread_blocked, id=113892, stack(0x00000035bf000000,0x00000035bf100000)]
  0x00000178f8969000 JavaThread "Unconstrained build operations Thread 7" [_thread_blocked, id=119588, stack(0x00000035bf100000,0x00000035bf200000)]
  0x00000178f896e000 JavaThread "Unconstrained build operations Thread 8" [_thread_blocked, id=116716, stack(0x00000035bf200000,0x00000035bf300000)]
  0x00000178f896f800 JavaThread "Unconstrained build operations Thread 9" [_thread_blocked, id=116292, stack(0x00000035bf300000,0x00000035bf400000)]
  0x00000178f896d000 JavaThread "Unconstrained build operations Thread 10" [_thread_blocked, id=135052, stack(0x00000035bf400000,0x00000035bf500000)]
  0x00000178f896a000 JavaThread "Unconstrained build operations Thread 11" [_thread_blocked, id=126612, stack(0x00000035bf500000,0x00000035bf600000)]
  0x00000178f8970800 JavaThread "Unconstrained build operations Thread 12" [_thread_blocked, id=92420, stack(0x00000035bf600000,0x00000035bf700000)]
  0x00000178f8976000 JavaThread "Unconstrained build operations Thread 13" [_thread_blocked, id=98088, stack(0x00000035bf700000,0x00000035bf800000)]
  0x00000178f8972000 JavaThread "Unconstrained build operations Thread 14" [_thread_blocked, id=128728, stack(0x00000035bf800000,0x00000035bf900000)]
  0x00000178f8974800 JavaThread "Unconstrained build operations Thread 15" [_thread_blocked, id=119632, stack(0x00000035bf900000,0x00000035bfa00000)]
  0x00000178f8971800 JavaThread "Unconstrained build operations Thread 16" [_thread_blocked, id=127816, stack(0x00000035bfa00000,0x00000035bfb00000)]
  0x00000178f8973000 JavaThread "Unconstrained build operations Thread 17" [_thread_blocked, id=132592, stack(0x00000035bfb00000,0x00000035bfc00000)]
  0x00000178f8975800 JavaThread "Unconstrained build operations Thread 18" [_thread_blocked, id=116028, stack(0x00000035bfc00000,0x00000035bfd00000)]
  0x00000178f8973800 JavaThread "Unconstrained build operations Thread 19" [_thread_blocked, id=133680, stack(0x00000035bfd00000,0x00000035bfe00000)]
  0x00000178f8977000 JavaThread "Unconstrained build operations Thread 20" [_thread_blocked, id=135108, stack(0x00000035bfe00000,0x00000035bff00000)]
  0x00000178f4b6b000 JavaThread "Unconstrained build operations Thread 21" [_thread_blocked, id=98400, stack(0x00000035bff00000,0x00000035c0000000)]
  0x00000178f4b69000 JavaThread "Unconstrained build operations Thread 22" [_thread_blocked, id=97664, stack(0x00000035c0000000,0x00000035c0100000)]
  0x00000178f4b68800 JavaThread "Unconstrained build operations Thread 23" [_thread_blocked, id=54284, stack(0x00000035c0100000,0x00000035c0200000)]
  0x00000178f4b6a000 JavaThread "Unconstrained build operations Thread 24" [_thread_blocked, id=105296, stack(0x00000035c0200000,0x00000035c0300000)]
  0x00000178f4b6d800 JavaThread "Unconstrained build operations Thread 25" [_thread_blocked, id=123168, stack(0x00000035c0300000,0x00000035c0400000)]
  0x00000178f4b6b800 JavaThread "Unconstrained build operations Thread 26" [_thread_blocked, id=78440, stack(0x00000035c0400000,0x00000035c0500000)]
  0x00000178f4b67800 JavaThread "Unconstrained build operations Thread 27" [_thread_blocked, id=135032, stack(0x00000035c0500000,0x00000035c0600000)]
  0x00000178f4b72000 JavaThread "Unconstrained build operations Thread 28" [_thread_blocked, id=133536, stack(0x00000035c0600000,0x00000035c0700000)]
  0x00000178f4b6c800 JavaThread "Unconstrained build operations Thread 29" [_thread_blocked, id=123284, stack(0x00000035c0700000,0x00000035c0800000)]
  0x00000178f4b6f000 JavaThread "Unconstrained build operations Thread 30" [_thread_blocked, id=107192, stack(0x00000035c0800000,0x00000035c0900000)]
  0x00000178f4b73000 JavaThread "Unconstrained build operations Thread 31" [_thread_blocked, id=134560, stack(0x00000035c0900000,0x00000035c0a00000)]
  0x00000178f4b74000 JavaThread "Unconstrained build operations Thread 32" [_thread_blocked, id=125724, stack(0x00000035c0a00000,0x00000035c0b00000)]
  0x00000178f4b70800 JavaThread "Unconstrained build operations Thread 33" [_thread_blocked, id=126464, stack(0x00000035c0b00000,0x00000035c0c00000)]
  0x00000178f4b71800 JavaThread "Unconstrained build operations Thread 34" [_thread_blocked, id=114484, stack(0x00000035c0c00000,0x00000035c0d00000)]
  0x00000178f4b6e000 JavaThread "Unconstrained build operations Thread 35" [_thread_blocked, id=131716, stack(0x00000035c0d00000,0x00000035c0e00000)]
  0x00000178f4b75800 JavaThread "Unconstrained build operations Thread 36" [_thread_blocked, id=127436, stack(0x00000035c0e00000,0x00000035c0f00000)]
  0x00000178f4b74800 JavaThread "Unconstrained build operations Thread 37" [_thread_blocked, id=126684, stack(0x00000035c0f00000,0x00000035c1000000)]
  0x00000178f4b70000 JavaThread "Unconstrained build operations Thread 38" [_thread_blocked, id=133008, stack(0x00000035c1000000,0x00000035c1100000)]
  0x00000178f4b76800 JavaThread "Unconstrained build operations Thread 39" [_thread_blocked, id=127128, stack(0x00000035c1100000,0x00000035c1200000)]
  0x00000178f6e98000 JavaThread "Unconstrained build operations Thread 40" [_thread_blocked, id=132744, stack(0x00000035c1200000,0x00000035c1300000)]
  0x00000178f6e9d000 JavaThread "Unconstrained build operations Thread 41" [_thread_blocked, id=93164, stack(0x00000035c1300000,0x00000035c1400000)]
  0x00000178f6e99000 JavaThread "Unconstrained build operations Thread 42" [_thread_blocked, id=128432, stack(0x00000035c1400000,0x00000035c1500000)]
  0x00000178f6e97000 JavaThread "Unconstrained build operations Thread 43" [_thread_blocked, id=129000, stack(0x00000035c1500000,0x00000035c1600000)]
  0x00000178f6e99800 JavaThread "Unconstrained build operations Thread 44" [_thread_blocked, id=134612, stack(0x00000035c1600000,0x00000035c1700000)]
  0x00000178f6e9d800 JavaThread "Unconstrained build operations Thread 45" [_thread_blocked, id=132332, stack(0x00000035c1700000,0x00000035c1800000)]
  0x00000178f6e9f800 JavaThread "Unconstrained build operations Thread 46" [_thread_blocked, id=104220, stack(0x00000035c1800000,0x00000035c1900000)]
  0x00000178f6e9e800 JavaThread "Unconstrained build operations Thread 47" [_thread_blocked, id=131184, stack(0x00000035c1900000,0x00000035c1a00000)]
  0x00000178f6ea0000 JavaThread "Unconstrained build operations Thread 48" [_thread_blocked, id=106396, stack(0x00000035c1a00000,0x00000035c1b00000)]
  0x00000178f6e9a800 JavaThread "Unconstrained build operations Thread 49" [_thread_blocked, id=120108, stack(0x00000035c1b00000,0x00000035c1c00000)]
  0x00000178f6ea1000 JavaThread "Unconstrained build operations Thread 50" [_thread_blocked, id=134816, stack(0x00000035c1c00000,0x00000035c1d00000)]
  0x00000178f6e9b800 JavaThread "Unconstrained build operations Thread 51" [_thread_blocked, id=120852, stack(0x00000035c1d00000,0x00000035c1e00000)]
  0x00000178f6ea2000 JavaThread "Unconstrained build operations Thread 52" [_thread_blocked, id=106516, stack(0x00000035c1e00000,0x00000035c1f00000)]
  0x00000178f6e9c000 JavaThread "Unconstrained build operations Thread 53" [_thread_blocked, id=128768, stack(0x00000035c1f00000,0x00000035c2000000)]
  0x00000178f6ea2800 JavaThread "Unconstrained build operations Thread 54" [_thread_blocked, id=101212, stack(0x00000035c2000000,0x00000035c2100000)]
  0x00000178f6ea3800 JavaThread "Unconstrained build operations Thread 55" [_thread_blocked, id=98796, stack(0x00000035c2100000,0x00000035c2200000)]
  0x00000178f6ea6000 JavaThread "Unconstrained build operations Thread 56" [_thread_blocked, id=125432, stack(0x00000035c2200000,0x00000035c2300000)]
  0x00000178f6ea4800 JavaThread "Unconstrained build operations Thread 57" [_thread_blocked, id=111924, stack(0x00000035c2300000,0x00000035c2400000)]
  0x00000178f6ea5000 JavaThread "Unconstrained build operations Thread 58" [_thread_blocked, id=132968, stack(0x00000035c2400000,0x00000035c2500000)]
  0x00000178fac4e800 JavaThread "Unconstrained build operations Thread 59" [_thread_blocked, id=125380, stack(0x00000035c2500000,0x00000035c2600000)]
  0x00000178fac4d800 JavaThread "Unconstrained build operations Thread 60" [_thread_blocked, id=124728, stack(0x00000035c2600000,0x00000035c2700000)]
  0x00000178fac4b000 JavaThread "Unconstrained build operations Thread 61" [_thread_blocked, id=133220, stack(0x00000035c2700000,0x00000035c2800000)]
  0x00000178fac50000 JavaThread "Unconstrained build operations Thread 62" [_thread_blocked, id=133560, stack(0x00000035c2800000,0x00000035c2900000)]
  0x00000178fac4f000 JavaThread "Unconstrained build operations Thread 63" [_thread_blocked, id=129312, stack(0x00000035c2900000,0x00000035c2a00000)]
  0x00000178fac4a800 JavaThread "Unconstrained build operations Thread 64" [_thread_blocked, id=133512, stack(0x00000035c2a00000,0x00000035c2b00000)]
  0x00000178fac4c000 JavaThread "Unconstrained build operations Thread 65" [_thread_blocked, id=116420, stack(0x00000035c2b00000,0x00000035c2c00000)]
  0x00000178fac52800 JavaThread "Unconstrained build operations Thread 66" [_thread_blocked, id=129848, stack(0x00000035c2c00000,0x00000035c2d00000)]
  0x00000178fac51000 JavaThread "Unconstrained build operations Thread 67" [_thread_blocked, id=120804, stack(0x00000035c2d00000,0x00000035c2e00000)]
  0x00000178fac51800 JavaThread "Unconstrained build operations Thread 68" [_thread_blocked, id=129692, stack(0x00000035c2e00000,0x00000035c2f00000)]
  0x00000178fac4c800 JavaThread "Unconstrained build operations Thread 69" [_thread_blocked, id=117992, stack(0x00000035c2f00000,0x00000035c3000000)]
  0x00000178fac59000 JavaThread "Unconstrained build operations Thread 70" [_thread_blocked, id=133252, stack(0x00000035c3000000,0x00000035c3100000)]
  0x00000178fac54000 JavaThread "Unconstrained build operations Thread 71" [_thread_blocked, id=110500, stack(0x00000035c3100000,0x00000035c3200000)]
  0x00000178fac55800 JavaThread "Unconstrained build operations Thread 72" [_thread_blocked, id=131376, stack(0x00000035c3200000,0x00000035c3300000)]
  0x00000178fac56800 JavaThread "Unconstrained build operations Thread 73" [_thread_blocked, id=102688, stack(0x00000035c3300000,0x00000035c3400000)]
  0x00000178fac57800 JavaThread "Unconstrained build operations Thread 74" [_thread_blocked, id=111888, stack(0x00000035c3400000,0x00000035c3500000)]
  0x00000178fac58000 JavaThread "Unconstrained build operations Thread 75" [_thread_blocked, id=125136, stack(0x00000035c3500000,0x00000035c3600000)]
  0x00000178fac53800 JavaThread "Unconstrained build operations Thread 76" [_thread_blocked, id=116408, stack(0x00000035c3600000,0x00000035c3700000)]
  0x00000178fac55000 JavaThread "Unconstrained build operations Thread 77" [_thread_blocked, id=112976, stack(0x00000035c3700000,0x00000035c3800000)]
  0x00000178fad05800 JavaThread "Unconstrained build operations Thread 78" [_thread_blocked, id=131760, stack(0x00000035c3800000,0x00000035c3900000)]
  0x00000178fad07000 JavaThread "Unconstrained build operations Thread 79" [_thread_blocked, id=123528, stack(0x00000035c3900000,0x00000035c3a00000)]
  0x00000178fad07800 JavaThread "Unconstrained build operations Thread 80" [_thread_blocked, id=111852, stack(0x00000035c3a00000,0x00000035c3b00000)]
  0x00000178fad06000 JavaThread "Unconstrained build operations Thread 81" [_thread_blocked, id=111892, stack(0x00000035c3b00000,0x00000035c3c00000)]
  0x00000178fad09800 JavaThread "Unconstrained build operations Thread 82" [_thread_blocked, id=128220, stack(0x00000035c3c00000,0x00000035c3d00000)]
  0x00000178fad08800 JavaThread "Unconstrained build operations Thread 83" [_thread_blocked, id=128964, stack(0x00000035c3d00000,0x00000035c3e00000)]
  0x00000178fad03800 JavaThread "Unconstrained build operations Thread 84" [_thread_blocked, id=131860, stack(0x00000035c3e00000,0x00000035c3f00000)]
  0x00000178fad0a000 JavaThread "Unconstrained build operations Thread 85" [_thread_blocked, id=97160, stack(0x00000035c3f00000,0x00000035c4000000)]
  0x00000178fad04800 JavaThread "Unconstrained build operations Thread 86" [_thread_blocked, id=106100, stack(0x00000035c4000000,0x00000035c4100000)]
  0x00000178fad0c800 JavaThread "Unconstrained build operations Thread 87" [_thread_blocked, id=123184, stack(0x00000035c4100000,0x00000035c4200000)]
  0x00000178fad0d800 JavaThread "Unconstrained build operations Thread 88" [_thread_blocked, id=133660, stack(0x00000035c4200000,0x00000035c4300000)]
  0x00000178fad0e800 JavaThread "Unconstrained build operations Thread 89" [_thread_blocked, id=125052, stack(0x00000035c4300000,0x00000035c4400000)]
  0x00000178fad0f000 JavaThread "Unconstrained build operations Thread 90" [_thread_blocked, id=126972, stack(0x00000035c4400000,0x00000035c4500000)]
  0x00000178fad0b000 JavaThread "Unconstrained build operations Thread 91" [_thread_blocked, id=124696, stack(0x00000035c4500000,0x00000035c4600000)]
  0x00000178fad10800 JavaThread "Unconstrained build operations Thread 92" [_thread_blocked, id=132736, stack(0x00000035c4600000,0x00000035c4700000)]
  0x00000178fad10000 JavaThread "Unconstrained build operations Thread 93" [_thread_blocked, id=121704, stack(0x00000035c4700000,0x00000035c4800000)]
  0x00000178fad11800 JavaThread "Unconstrained build operations Thread 94" [_thread_blocked, id=131556, stack(0x00000035c4800000,0x00000035c4900000)]
  0x00000178fad0c000 JavaThread "Unconstrained build operations Thread 95" [_thread_blocked, id=99232, stack(0x00000035c4900000,0x00000035c4a00000)]
  0x00000178fad12800 JavaThread "Unconstrained build operations Thread 96" [_thread_blocked, id=130168, stack(0x00000035c4a00000,0x00000035c4b00000)]
  0x00000178f91c1800 JavaThread "Unconstrained build operations Thread 97" [_thread_blocked, id=127692, stack(0x00000035c4b00000,0x00000035c4c00000)]
  0x00000178f91c0000 JavaThread "Unconstrained build operations Thread 98" [_thread_blocked, id=131380, stack(0x00000035c4c00000,0x00000035c4d00000)]
  0x00000178f91c0800 JavaThread "Unconstrained build operations Thread 99" [_thread_blocked, id=132764, stack(0x00000035c4d00000,0x00000035c4e00000)]
  0x00000178f91c2800 JavaThread "Unconstrained build operations Thread 100" [_thread_blocked, id=133160, stack(0x00000035c4e00000,0x00000035c4f00000)]
  0x00000178f91c3000 JavaThread "Unconstrained build operations Thread 101" [_thread_blocked, id=121576, stack(0x00000035c4f00000,0x00000035c5000000)]
  0x00000178f91c4000 JavaThread "Unconstrained build operations Thread 102" [_thread_blocked, id=98408, stack(0x00000035c5000000,0x00000035c5100000)]
  0x00000178f91bf000 JavaThread "Unconstrained build operations Thread 103" [_thread_blocked, id=100768, stack(0x00000035c5100000,0x00000035c5200000)]
  0x00000178f91be000 JavaThread "Unconstrained build operations Thread 104" [_thread_blocked, id=132328, stack(0x00000035c5200000,0x00000035c5300000)]
  0x00000178f91c5800 JavaThread "Unconstrained build operations Thread 105" [_thread_blocked, id=128844, stack(0x00000035c5300000,0x00000035c5400000)]
  0x00000178f91c8000 JavaThread "Unconstrained build operations Thread 106" [_thread_blocked, id=130728, stack(0x00000035c5400000,0x00000035c5500000)]
  0x00000178f91c6800 JavaThread "Unconstrained build operations Thread 107" [_thread_blocked, id=109420, stack(0x00000035c5500000,0x00000035c5600000)]
  0x00000178f91c7000 JavaThread "Unconstrained build operations Thread 108" [_thread_blocked, id=134084, stack(0x00000035c5600000,0x00000035c5700000)]
  0x00000178f91c9000 JavaThread "Unconstrained build operations Thread 109" [_thread_blocked, id=108276, stack(0x00000035c5700000,0x00000035c5800000)]
  0x00000178f91c9800 JavaThread "Unconstrained build operations Thread 110" [_thread_blocked, id=134904, stack(0x00000035c5800000,0x00000035c5900000)]
  0x00000178f91ca800 JavaThread "Unconstrained build operations Thread 111" [_thread_blocked, id=133840, stack(0x00000035c5900000,0x00000035c5a00000)]
  0x00000178f91c5000 JavaThread "Unconstrained build operations Thread 112" [_thread_blocked, id=124356, stack(0x00000035c5a00000,0x00000035c5b00000)]
  0x00000178f91cb800 JavaThread "Unconstrained build operations Thread 113" [_thread_blocked, id=106520, stack(0x00000035c5b00000,0x00000035c5c00000)]
  0x00000178f91cc000 JavaThread "Unconstrained build operations Thread 114" [_thread_blocked, id=116652, stack(0x00000035c5c00000,0x00000035c5d00000)]
  0x00000178f91cd000 JavaThread "Unconstrained build operations Thread 115" [_thread_blocked, id=127984, stack(0x00000035c5d00000,0x00000035c5e00000)]
  0x00000178f93a0000 JavaThread "Unconstrained build operations Thread 116" [_thread_blocked, id=119884, stack(0x00000035c5e00000,0x00000035c5f00000)]
  0x00000178f939f000 JavaThread "Unconstrained build operations Thread 117" [_thread_blocked, id=120424, stack(0x00000035c5f00000,0x00000035c6000000)]
  0x00000178f939e000 JavaThread "Unconstrained build operations Thread 118" [_thread_blocked, id=93304, stack(0x00000035c6000000,0x00000035c6100000)]
  0x00000178f93a1800 JavaThread "Unconstrained build operations Thread 119" [_thread_blocked, id=112256, stack(0x00000035c6100000,0x00000035c6200000)]
  0x00000178f93a0800 JavaThread "Unconstrained build operations Thread 120" [_thread_blocked, id=128556, stack(0x00000035c6200000,0x00000035c6300000)]
  0x00000178f93a2800 JavaThread "jar transforms Thread 4" [_thread_blocked, id=134036, stack(0x00000035c6300000,0x00000035c6400000)]
  0x00000178f939d800 JavaThread "jar transforms Thread 5" [_thread_blocked, id=131404, stack(0x00000035c6400000,0x00000035c6500000)]
  0x00000178f939c800 JavaThread "jar transforms Thread 6" [_thread_blocked, id=130164, stack(0x00000035c6500000,0x00000035c6600000)]
  0x00000178f93a9000 JavaThread "jar transforms Thread 7" [_thread_blocked, id=89664, stack(0x00000035c6600000,0x00000035c6700000)]
  0x00000178f93a3000 JavaThread "jar transforms Thread 8" [_thread_blocked, id=121796, stack(0x00000035c6700000,0x00000035c6800000)]
  0x00000178f93a7000 JavaThread "jar transforms Thread 9" [_thread_blocked, id=132760, stack(0x00000035c6800000,0x00000035c6900000)]
  0x00000178f93a9800 JavaThread "jar transforms Thread 10" [_thread_blocked, id=131172, stack(0x00000035c6900000,0x00000035c6a00000)]
  0x00000178f93a5800 JavaThread "jar transforms Thread 11" [_thread_blocked, id=108108, stack(0x00000035c6a00000,0x00000035c6b00000)]
  0x00000178f93a6800 JavaThread "jar transforms Thread 12" [_thread_blocked, id=132864, stack(0x00000035c6b00000,0x00000035c6c00000)]

Other Threads:
  0x00000178f3ede000 VMThread "VM Thread" [stack: 0x00000035bbb00000,0x00000035bbc00000] [id=130356]
  0x00000178f49fc000 WatcherThread [stack: 0x00000035bc500000,0x00000035bc600000] [id=130616]
  0x00000178d9619800 GCTaskThread "GC Thread#0" [stack: 0x00000035bb600000,0x00000035bb700000] [id=116744]
  0x00000178f5237800 GCTaskThread "GC Thread#1" [stack: 0x00000035bc600000,0x00000035bc700000] [id=109108]
  0x00000178f6a9f800 GCTaskThread "GC Thread#2" [stack: 0x00000035bd200000,0x00000035bd300000] [id=134244]
  0x00000178f6aa0800 GCTaskThread "GC Thread#3" [stack: 0x00000035bd300000,0x00000035bd400000] [id=102748]
  0x00000178f6982800 GCTaskThread "GC Thread#4" [stack: 0x00000035bd400000,0x00000035bd500000] [id=128188]
  0x00000178f6983000 GCTaskThread "GC Thread#5" [stack: 0x00000035bd500000,0x00000035bd600000] [id=106864]
  0x00000178f6ab5800 GCTaskThread "GC Thread#6" [stack: 0x00000035bd600000,0x00000035bd700000] [id=108120]
  0x00000178f6b2e800 GCTaskThread "GC Thread#7" [stack: 0x00000035bd700000,0x00000035bd800000] [id=131972]
  0x00000178f6b2f000 GCTaskThread "GC Thread#8" [stack: 0x00000035bd800000,0x00000035bd900000] [id=133104]
  0x00000178f6b30000 GCTaskThread "GC Thread#9" [stack: 0x00000035bd900000,0x00000035bda00000] [id=130224]
  0x00000178d964a800 ConcurrentGCThread "G1 Main Marker" [stack: 0x00000035bb700000,0x00000035bb800000] [id=133168]
  0x00000178d964c800 ConcurrentGCThread "G1 Conc#0" [stack: 0x00000035bb800000,0x00000035bb900000] [id=124616]
  0x00000178f6b19800 ConcurrentGCThread "G1 Conc#1" [stack: 0x00000035bdc00000,0x00000035bdd00000] [id=133060]
  0x00000178f6a1e000 ConcurrentGCThread "G1 Conc#2" [stack: 0x00000035bdd00000,0x00000035bde00000] [id=122508]
  0x00000178d96d9800 ConcurrentGCThread "G1 Refine#0" [stack: 0x00000035bb900000,0x00000035bba00000] [id=123764]
  0x00000178d96dc800 ConcurrentGCThread "G1 Young RemSet Sampling" [stack: 0x00000035bba00000,0x00000035bbb00000] [id=133288]

Threads with active compile tasks:
C2 CompilerThread0   8977 5487       4       java.lang.invoke.LambdaForm$Name::replaceNames (174 bytes)
C1 CompilerThread0   8977 5541       3       org.apache.xerces.dom.DeferredDocumentImpl::ensureCapacity (358 bytes)

VM state:not at safepoint (normal execution)

VM Mutex/Monitor currently owned by a thread: None

Heap address: 0x0000000080000000, size: 2048 MB, Compressed Oops mode: 32-bit
Narrow klass base: 0x0000000000000000, Narrow klass shift: 3
Compressed class space size: 1073741824 Address: 0x0000000100000000

Heap:
 garbage-first heap   total 96256K, used 62288K [0x0000000080000000, 0x0000000100000000)
  region size 1024K, 23 young (23552K), 5 survivors (5120K)
 Metaspace       used 53288K, capacity 54841K, committed 55120K, reserved 1097728K
  class space    used 6730K, capacity 7304K, committed 7424K, reserved 1048576K
Heap Regions: E=young(eden), S=young(survivor), O=old, HS=humongous(starts), HC=humongous(continues), CS=collection set, F=free, A=archive, TAMS=top-at-mark-start (previous, next)
|   0|0x0000000080000000, 0x0000000080100000, 0x0000000080100000|100%| O|  |TAMS 0x0000000080100000, 0x0000000080000000| Untracked 
|   1|0x0000000080100000, 0x0000000080200000, 0x0000000080200000|100%| O|  |TAMS 0x0000000080200000, 0x0000000080100000| Untracked 
|   2|0x0000000080200000, 0x0000000080300000, 0x0000000080300000|100%| O|  |TAMS 0x0000000080300000, 0x0000000080200000| Untracked 
|   3|0x0000000080300000, 0x0000000080400000, 0x0000000080400000|100%|HS|  |TAMS 0x0000000080400000, 0x0000000080300000| Complete 
|   4|0x0000000080400000, 0x0000000080500000, 0x0000000080500000|100%|HC|  |TAMS 0x0000000080500000, 0x0000000080400000| Complete 
|   5|0x0000000080500000, 0x0000000080600000, 0x0000000080600000|100%|HC|  |TAMS 0x0000000080600000, 0x0000000080500000| Complete 
|   6|0x0000000080600000, 0x0000000080700000, 0x0000000080700000|100%| O|  |TAMS 0x0000000080700000, 0x0000000080600000| Untracked 
|   7|0x0000000080700000, 0x0000000080800000, 0x0000000080800000|100%| O|  |TAMS 0x0000000080800000, 0x0000000080700000| Untracked 
|   8|0x0000000080800000, 0x0000000080900000, 0x0000000080900000|100%| O|  |TAMS 0x0000000080900000, 0x0000000080800000| Untracked 
|   9|0x0000000080900000, 0x0000000080a00000, 0x0000000080a00000|100%| O|  |TAMS 0x0000000080a00000, 0x0000000080900000| Untracked 
|  10|0x0000000080a00000, 0x0000000080b00000, 0x0000000080b00000|100%| O|  |TAMS 0x0000000080b00000, 0x0000000080a00000| Untracked 
|  11|0x0000000080b00000, 0x0000000080c00000, 0x0000000080c00000|100%| O|  |TAMS 0x0000000080c00000, 0x0000000080b00000| Untracked 
|  12|0x0000000080c00000, 0x0000000080d00000, 0x0000000080d00000|100%| O|  |TAMS 0x0000000080d00000, 0x0000000080c00000| Untracked 
|  13|0x0000000080d00000, 0x0000000080e00000, 0x0000000080e00000|100%| O|  |TAMS 0x0000000080e00000, 0x0000000080d00000| Untracked 
|  14|0x0000000080e00000, 0x0000000080f00000, 0x0000000080f00000|100%| O|  |TAMS 0x0000000080f00000, 0x0000000080e00000| Untracked 
|  15|0x0000000080f00000, 0x0000000081000000, 0x0000000081000000|100%| O|  |TAMS 0x0000000081000000, 0x0000000080f00000| Untracked 
|  16|0x0000000081000000, 0x0000000081100000, 0x0000000081100000|100%| O|  |TAMS 0x0000000081100000, 0x0000000081000000| Untracked 
|  17|0x0000000081100000, 0x0000000081200000, 0x0000000081200000|100%| O|  |TAMS 0x0000000081200000, 0x0000000081100000| Untracked 
|  18|0x0000000081200000, 0x0000000081300000, 0x0000000081300000|100%| O|  |TAMS 0x0000000081300000, 0x0000000081200000| Untracked 
|  19|0x0000000081300000, 0x0000000081400000, 0x0000000081400000|100%| O|  |TAMS 0x0000000081392000, 0x0000000081300000| Untracked 
|  20|0x0000000081400000, 0x0000000081500000, 0x0000000081500000|100%| O|  |TAMS 0x0000000081400000, 0x0000000081400000| Untracked 
|  21|0x0000000081500000, 0x0000000081600000, 0x0000000081600000|100%| O|  |TAMS 0x0000000081500000, 0x0000000081500000| Untracked 
|  22|0x0000000081600000, 0x0000000081700000, 0x0000000081700000|100%| O|  |TAMS 0x0000000081600000, 0x0000000081600000| Untracked 
|  23|0x0000000081700000, 0x0000000081800000, 0x0000000081800000|100%| O|  |TAMS 0x0000000081700000, 0x0000000081700000| Untracked 
|  24|0x0000000081800000, 0x0000000081900000, 0x0000000081900000|100%| O|  |TAMS 0x0000000081800000, 0x0000000081800000| Untracked 
|  25|0x0000000081900000, 0x0000000081a00000, 0x0000000081a00000|100%|HS|  |TAMS 0x0000000081900000, 0x0000000081900000| Complete 
|  26|0x0000000081a00000, 0x0000000081b00000, 0x0000000081b00000|100%|HS|  |TAMS 0x0000000081a00000, 0x0000000081a00000| Complete 
|  27|0x0000000081b00000, 0x0000000081c00000, 0x0000000081c00000|100%| O|  |TAMS 0x0000000081b00000, 0x0000000081b00000| Untracked 
|  28|0x0000000081c00000, 0x0000000081d00000, 0x0000000081d00000|100%| O|  |TAMS 0x0000000081c00000, 0x0000000081c00000| Untracked 
|  29|0x0000000081d00000, 0x0000000081e00000, 0x0000000081e00000|100%|HS|  |TAMS 0x0000000081d00000, 0x0000000081d00000| Complete 
|  30|0x0000000081e00000, 0x0000000081f00000, 0x0000000081f00000|100%| O|  |TAMS 0x0000000081e00000, 0x0000000081e00000| Untracked 
|  31|0x0000000081f00000, 0x0000000082000000, 0x0000000082000000|100%| O|  |TAMS 0x0000000081f00000, 0x0000000081f00000| Untracked 
|  32|0x0000000082000000, 0x0000000082100000, 0x0000000082100000|100%|HS|  |TAMS 0x0000000082000000, 0x0000000082000000| Complete 
|  33|0x0000000082100000, 0x0000000082200000, 0x0000000082200000|100%|HC|  |TAMS 0x0000000082100000, 0x0000000082100000| Complete 
|  34|0x0000000082200000, 0x0000000082300000, 0x0000000082300000|100%| O|  |TAMS 0x0000000082200000, 0x0000000082200000| Untracked 
|  35|0x0000000082300000, 0x0000000082400000, 0x0000000082400000|100%| O|  |TAMS 0x0000000082300000, 0x0000000082300000| Untracked 
|  36|0x0000000082400000, 0x0000000082500000, 0x0000000082500000|100%| O|  |TAMS 0x0000000082400000, 0x0000000082400000| Untracked 
|  37|0x0000000082500000, 0x0000000082600000, 0x0000000082600000|100%| O|  |TAMS 0x0000000082500000, 0x0000000082500000| Untracked 
|  38|0x0000000082600000, 0x00000000826d4200, 0x0000000082700000| 82%| O|  |TAMS 0x0000000082600000, 0x0000000082600000| Untracked 
|  39|0x0000000082700000, 0x0000000082700000, 0x0000000082800000|  0%| F|  |TAMS 0x0000000082700000, 0x0000000082700000| Untracked 
|  40|0x0000000082800000, 0x0000000082800000, 0x0000000082900000|  0%| F|  |TAMS 0x0000000082800000, 0x0000000082800000| Untracked 
|  41|0x0000000082900000, 0x0000000082900000, 0x0000000082a00000|  0%| F|  |TAMS 0x0000000082900000, 0x0000000082900000| Untracked 
|  42|0x0000000082a00000, 0x0000000082a00000, 0x0000000082b00000|  0%| F|  |TAMS 0x0000000082a00000, 0x0000000082a00000| Untracked 
|  43|0x0000000082b00000, 0x0000000082b00000, 0x0000000082c00000|  0%| F|  |TAMS 0x0000000082b00000, 0x0000000082b00000| Untracked 
|  44|0x0000000082c00000, 0x0000000082c00000, 0x0000000082d00000|  0%| F|  |TAMS 0x0000000082c00000, 0x0000000082c00000| Untracked 
|  45|0x0000000082d00000, 0x0000000082d00000, 0x0000000082e00000|  0%| F|  |TAMS 0x0000000082d00000, 0x0000000082d00000| Untracked 
|  46|0x0000000082e00000, 0x0000000082e00000, 0x0000000082f00000|  0%| F|  |TAMS 0x0000000082e00000, 0x0000000082e00000| Untracked 
|  47|0x0000000082f00000, 0x0000000082f00000, 0x0000000083000000|  0%| F|  |TAMS 0x0000000082f00000, 0x0000000082f00000| Untracked 
|  48|0x0000000083000000, 0x0000000083000000, 0x0000000083100000|  0%| F|  |TAMS 0x0000000083000000, 0x0000000083000000| Untracked 
|  49|0x0000000083100000, 0x0000000083100000, 0x0000000083200000|  0%| F|  |TAMS 0x0000000083100000, 0x0000000083100000| Untracked 
|  50|0x0000000083200000, 0x0000000083300000, 0x0000000083300000|100%| S|CS|TAMS 0x0000000083200000, 0x0000000083200000| Complete 
|  51|0x0000000083300000, 0x0000000083300000, 0x0000000083400000|  0%| F|  |TAMS 0x0000000083300000, 0x0000000083300000| Untracked 
|  52|0x0000000083400000, 0x0000000083400000, 0x0000000083500000|  0%| F|  |TAMS 0x0000000083400000, 0x0000000083400000| Untracked 
|  53|0x0000000083500000, 0x0000000083500000, 0x0000000083600000|  0%| F|  |TAMS 0x0000000083500000, 0x0000000083500000| Untracked 
|  54|0x0000000083600000, 0x0000000083600000, 0x0000000083700000|  0%| F|  |TAMS 0x0000000083600000, 0x0000000083600000| Untracked 
|  55|0x0000000083700000, 0x0000000083800000, 0x0000000083800000|100%| S|CS|TAMS 0x0000000083700000, 0x0000000083700000| Complete 
|  56|0x0000000083800000, 0x0000000083900000, 0x0000000083900000|100%| S|CS|TAMS 0x0000000083800000, 0x0000000083800000| Complete 
|  57|0x0000000083900000, 0x0000000083a00000, 0x0000000083a00000|100%| S|CS|TAMS 0x0000000083900000, 0x0000000083900000| Complete 
|  58|0x0000000083a00000, 0x0000000083b00000, 0x0000000083b00000|100%| S|CS|TAMS 0x0000000083a00000, 0x0000000083a00000| Complete 
|  59|0x0000000083b00000, 0x0000000083b00000, 0x0000000083c00000|  0%| F|  |TAMS 0x0000000083b00000, 0x0000000083b00000| Untracked 
|  60|0x0000000083c00000, 0x0000000083c00000, 0x0000000083d00000|  0%| F|  |TAMS 0x0000000083c00000, 0x0000000083c00000| Untracked 
|  61|0x0000000083d00000, 0x0000000083d00000, 0x0000000083e00000|  0%| F|  |TAMS 0x0000000083d00000, 0x0000000083d00000| Untracked 
|  62|0x0000000083e00000, 0x0000000083e00000, 0x0000000083f00000|  0%| F|  |TAMS 0x0000000083e00000, 0x0000000083e00000| Untracked 
|  63|0x0000000083f00000, 0x0000000083f00000, 0x0000000084000000|  0%| F|  |TAMS 0x0000000083f00000, 0x0000000083f00000| Untracked 
|  64|0x0000000084000000, 0x0000000084000000, 0x0000000084100000|  0%| F|  |TAMS 0x0000000084000000, 0x0000000084000000| Untracked 
|  65|0x0000000084100000, 0x0000000084100000, 0x0000000084200000|  0%| F|  |TAMS 0x0000000084100000, 0x0000000084100000| Untracked 
|  66|0x0000000084200000, 0x0000000084200000, 0x0000000084300000|  0%| F|  |TAMS 0x0000000084200000, 0x0000000084200000| Untracked 
|  67|0x0000000084300000, 0x0000000084300000, 0x0000000084400000|  0%| F|  |TAMS 0x0000000084300000, 0x0000000084300000| Untracked 
|  68|0x0000000084400000, 0x0000000084400000, 0x0000000084500000|  0%| F|  |TAMS 0x0000000084400000, 0x0000000084400000| Untracked 
|  69|0x0000000084500000, 0x0000000084500000, 0x0000000084600000|  0%| F|  |TAMS 0x0000000084500000, 0x0000000084500000| Untracked 
|  70|0x0000000084600000, 0x0000000084600000, 0x0000000084700000|  0%| F|  |TAMS 0x0000000084600000, 0x0000000084600000| Untracked 
|  71|0x0000000084700000, 0x0000000084700000, 0x0000000084800000|  0%| F|  |TAMS 0x0000000084700000, 0x0000000084700000| Untracked 
|  72|0x0000000084800000, 0x0000000084800000, 0x0000000084900000|  0%| F|  |TAMS 0x0000000084800000, 0x0000000084800000| Untracked 
|  73|0x0000000084900000, 0x0000000084900000, 0x0000000084a00000|  0%| F|  |TAMS 0x0000000084900000, 0x0000000084900000| Untracked 
|  74|0x0000000084a00000, 0x0000000084a00000, 0x0000000084b00000|  0%| F|  |TAMS 0x0000000084a00000, 0x0000000084a00000| Untracked 
|  75|0x0000000084b00000, 0x0000000084b00000, 0x0000000084c00000|  0%| F|  |TAMS 0x0000000084b00000, 0x0000000084b00000| Untracked 
|  76|0x0000000084c00000, 0x0000000084d00000, 0x0000000084d00000|100%| E|  |TAMS 0x0000000084c00000, 0x0000000084c00000| Complete 
|  77|0x0000000084d00000, 0x0000000084e00000, 0x0000000084e00000|100%| E|CS|TAMS 0x0000000084d00000, 0x0000000084d00000| Complete 
|  78|0x0000000084e00000, 0x0000000084f00000, 0x0000000084f00000|100%| E|CS|TAMS 0x0000000084e00000, 0x0000000084e00000| Complete 
|  79|0x0000000084f00000, 0x0000000085000000, 0x0000000085000000|100%| E|CS|TAMS 0x0000000084f00000, 0x0000000084f00000| Complete 
|  80|0x0000000085000000, 0x0000000085100000, 0x0000000085100000|100%| E|CS|TAMS 0x0000000085000000, 0x0000000085000000| Complete 
|  81|0x0000000085100000, 0x0000000085200000, 0x0000000085200000|100%| E|CS|TAMS 0x0000000085100000, 0x0000000085100000| Complete 
|  82|0x0000000085200000, 0x0000000085300000, 0x0000000085300000|100%| E|CS|TAMS 0x0000000085200000, 0x0000000085200000| Complete 
|  83|0x0000000085300000, 0x0000000085400000, 0x0000000085400000|100%| E|CS|TAMS 0x0000000085300000, 0x0000000085300000| Complete 
|  84|0x0000000085400000, 0x0000000085500000, 0x0000000085500000|100%| E|CS|TAMS 0x0000000085400000, 0x0000000085400000| Complete 
|  85|0x0000000085500000, 0x0000000085600000, 0x0000000085600000|100%| E|CS|TAMS 0x0000000085500000, 0x0000000085500000| Complete 
|  86|0x0000000085600000, 0x0000000085700000, 0x0000000085700000|100%| E|CS|TAMS 0x0000000085600000, 0x0000000085600000| Complete 
|  87|0x0000000085700000, 0x0000000085800000, 0x0000000085800000|100%| E|CS|TAMS 0x0000000085700000, 0x0000000085700000| Complete 
|  88|0x0000000085800000, 0x0000000085900000, 0x0000000085900000|100%| E|CS|TAMS 0x0000000085800000, 0x0000000085800000| Complete 
|  89|0x0000000085900000, 0x0000000085a00000, 0x0000000085a00000|100%| E|CS|TAMS 0x0000000085900000, 0x0000000085900000| Complete 
|  90|0x0000000085a00000, 0x0000000085b00000, 0x0000000085b00000|100%| E|CS|TAMS 0x0000000085a00000, 0x0000000085a00000| Complete 
|  91|0x0000000085b00000, 0x0000000085c00000, 0x0000000085c00000|100%| E|CS|TAMS 0x0000000085b00000, 0x0000000085b00000| Complete 
|  92|0x0000000085c00000, 0x0000000085d00000, 0x0000000085d00000|100%| E|CS|TAMS 0x0000000085c00000, 0x0000000085c00000| Complete 
|  93|0x0000000085d00000, 0x0000000085e00000, 0x0000000085e00000|100%| E|CS|TAMS 0x0000000085d00000, 0x0000000085d00000| Complete 

Card table byte_map: [0x00000178eca90000,0x00000178ece90000] _byte_map_base: 0x00000178ec690000

Marking Bits (Prev, Next): (CMBitMap*) 0x00000178d9641a68, (CMBitMap*) 0x00000178d9641aa0
 Prev Bits: [0x00000178ed290000, 0x00000178ef290000)
 Next Bits: [0x00000178ef290000, 0x00000178f1290000)

Polling page: 0x00000178d7600000

Metaspace:

Usage:
  Non-class:     46.42 MB capacity,    45.49 MB ( 98%) used,   813.82 KB (  2%) free+waste,   142.44 KB ( <1%) overhead. 
      Class:      7.13 MB capacity,     6.57 MB ( 92%) used,   506.13 KB (  7%) free+waste,    67.75 KB ( <1%) overhead. 
       Both:     53.56 MB capacity,    52.06 MB ( 97%) used,     1.29 MB (  2%) free+waste,   210.19 KB ( <1%) overhead. 

Virtual space:
  Non-class space:       48.00 MB reserved,      46.58 MB ( 97%) committed 
      Class space:        1.00 GB reserved,       7.25 MB ( <1%) committed 
             Both:        1.05 GB reserved,      53.83 MB (  5%) committed 

Chunk freelists:
   Non-Class:  31.00 KB
       Class:  24.00 KB
        Both:  55.00 KB

MaxMetaspaceSize: 17179869184.00 GB
CompressedClassSpaceSize: 1.00 GB
Initial GC threshold: 20.80 MB
Current GC threshold: 58.88 MB
CDS: off

CodeHeap 'non-profiled nmethods': size=120000Kb used=2723Kb max_used=2723Kb free=117277Kb
 bounds [0x00000178e4bf0000, 0x00000178e4ea0000, 0x00000178ec120000]
CodeHeap 'profiled nmethods': size=120000Kb used=11552Kb max_used=11552Kb free=108448Kb
 bounds [0x00000178dd6c0000, 0x00000178de210000, 0x00000178e4bf0000]
CodeHeap 'non-nmethods': size=5760Kb used=2302Kb max_used=2330Kb free=3457Kb
 bounds [0x00000178dd120000, 0x00000178dd390000, 0x00000178dd6c0000]
 total_blobs=6322 nmethods=5516 adapters=718
 compilation: enabled
              stopped_count=0, restarted_count=0
 full_count=0

Compilation events (20 events):
Event: 8.755 Thread 0x00000178f3f13800 5484       3       java.lang.invoke.LambdaFormBuffer::growNames (281 bytes)
Event: 8.755 Thread 0x00000178f3f0e000 nmethod 5486 0x00000178e4e96190 code [0x00000178e4e96320, 0x00000178e4e963f8]
Event: 8.755 Thread 0x00000178f3f0e000 5487       4       java.lang.invoke.LambdaForm$Name::replaceNames (174 bytes)
Event: 8.756 Thread 0x00000178f3f13800 nmethod 5484 0x00000178de1ea890 code [0x00000178de1eab40, 0x00000178de1ebb98]
Event: 8.756 Thread 0x00000178f3f13800 5489       3       java.lang.invoke.LambdaFormBuffer::indexOf (25 bytes)
Event: 8.756 Thread 0x00000178f3f13800 nmethod 5489 0x00000178de1ec110 code [0x00000178de1ec2c0, 0x00000178de1ec4b8]
Event: 8.757 Thread 0x00000178f3f13800 5492       3       jdk.internal.loader.ClassLoaders::bootLoader (4 bytes)
Event: 8.757 Thread 0x00000178f3f13800 nmethod 5492 0x00000178de1ec590 code [0x00000178de1ec740, 0x00000178de1ec838]
Event: 8.758 Thread 0x00000178f3f13800 5493       3       java.lang.invoke.ClassSpecializer$Factory$1Var::nextIndex (18 bytes)
Event: 8.758 Thread 0x00000178f3f13800 nmethod 5493 0x00000178de1ec890 code [0x00000178de1eca60, 0x00000178de1ecd18]
Event: 8.759 Thread 0x00000178f3f13800 5498       3       java.lang.invoke.ClassSpecializer$Factory$1Var::<init> (146 bytes)
Event: 8.761 Thread 0x00000178f3f13800 nmethod 5498 0x00000178de1ece90 code [0x00000178de1ed2a0, 0x00000178de1eeb98]
Event: 8.761 Thread 0x00000178f3f13800 5499       3       java.lang.invoke.ClassSpecializer$Factory$1Var::nextSlotIndex (24 bytes)
Event: 8.761 Thread 0x00000178f3f13800 nmethod 5499 0x00000178de1ef590 code [0x00000178de1ef760, 0x00000178de1ef9f8]
Event: 8.761 Thread 0x00000178f3f13800 5500       3       java.lang.invoke.ClassSpecializer::classBCName (33 bytes)
Event: 8.761 Thread 0x00000178f3f13800 nmethod 5500 0x00000178de1efb10 code [0x00000178de1efcc0, 0x00000178de1efde8]
Event: 8.762 Thread 0x00000178f3f13800 5507       3       java.net.URL::openConnection (9 bytes)
Event: 8.763 Thread 0x00000178f3f13800 nmethod 5507 0x00000178de1efe90 code [0x00000178de1f0040, 0x00000178de1f0208]
Event: 8.767 Thread 0x00000178f3f13800 5508       3       com.google.common.collect.MapMakerInternalMap$Segment::copyEntry (19 bytes)
Event: 8.767 Thread 0x00000178f3f13800 nmethod 5508 0x00000178de1f0310 code [0x00000178de1f04e0, 0x00000178de1f0778]

GC Heap History (20 events):
Event: 3.842 GC heap before
{Heap before GC invocations=5 (full 0):
 garbage-first heap   total 96256K, used 52506K [0x0000000080000000, 0x0000000100000000)
  region size 1024K, 37 young (37888K), 3 survivors (3072K)
 Metaspace       used 24120K, capacity 24619K, committed 24752K, reserved 1071104K
  class space    used 3046K, capacity 3238K, committed 3328K, reserved 1048576K
}
Event: 3.845 GC heap after
{Heap after GC invocations=6 (full 0):
 garbage-first heap   total 96256K, used 18862K [0x0000000080000000, 0x0000000100000000)
  region size 1024K, 2 young (2048K), 2 survivors (2048K)
 Metaspace       used 24120K, capacity 24619K, committed 24752K, reserved 1071104K
  class space    used 3046K, capacity 3238K, committed 3328K, reserved 1048576K
}
Event: 4.406 GC heap before
{Heap before GC invocations=6 (full 0):
 garbage-first heap   total 96256K, used 55726K [0x0000000080000000, 0x0000000100000000)
  region size 1024K, 38 young (38912K), 2 survivors (2048K)
 Metaspace       used 27646K, capacity 28236K, committed 28464K, reserved 1073152K
  class space    used 3609K, capacity 3873K, committed 3968K, reserved 1048576K
}
Event: 4.409 GC heap after
{Heap after GC invocations=7 (full 0):
 garbage-first heap   total 96256K, used 20182K [0x0000000080000000, 0x0000000100000000)
  region size 1024K, 3 young (3072K), 3 survivors (3072K)
 Metaspace       used 27646K, capacity 28236K, committed 28464K, reserved 1073152K
  class space    used 3609K, capacity 3873K, committed 3968K, reserved 1048576K
}
Event: 5.383 GC heap before
{Heap before GC invocations=7 (full 0):
 garbage-first heap   total 96256K, used 59094K [0x0000000080000000, 0x0000000100000000)
  region size 1024K, 41 young (41984K), 3 survivors (3072K)
 Metaspace       used 34821K, capacity 35583K, committed 35760K, reserved 1081344K
  class space    used 4458K, capacity 4793K, committed 4864K, reserved 1048576K
}
Event: 5.387 GC heap after
{Heap after GC invocations=8 (full 0):
 garbage-first heap   total 96256K, used 23124K [0x0000000080000000, 0x0000000100000000)
  region size 1024K, 6 young (6144K), 6 survivors (6144K)
 Metaspace       used 34821K, capacity 35583K, committed 35760K, reserved 1081344K
  class space    used 4458K, capacity 4793K, committed 4864K, reserved 1048576K
}
Event: 5.412 GC heap before
{Heap before GC invocations=8 (full 0):
 garbage-first heap   total 96256K, used 24148K [0x0000000080000000, 0x0000000100000000)
  region size 1024K, 8 young (8192K), 6 survivors (6144K)
 Metaspace       used 35025K, capacity 35794K, committed 35920K, reserved 1081344K
  class space    used 4483K, capacity 4799K, committed 4864K, reserved 1048576K
}
Event: 5.419 GC heap after
{Heap after GC invocations=9 (full 0):
 garbage-first heap   total 96256K, used 23394K [0x0000000080000000, 0x0000000100000000)
  region size 1024K, 4 young (4096K), 4 survivors (4096K)
 Metaspace       used 35025K, capacity 35794K, committed 35920K, reserved 1081344K
  class space    used 4483K, capacity 4799K, committed 4864K, reserved 1048576K
}
Event: 5.773 GC heap before
{Heap before GC invocations=10 (full 0):
 garbage-first heap   total 96256K, used 58210K [0x0000000080000000, 0x0000000100000000)
  region size 1024K, 38 young (38912K), 4 survivors (4096K)
 Metaspace       used 37632K, capacity 38475K, committed 38608K, reserved 1083392K
  class space    used 4801K, capacity 5135K, committed 5248K, reserved 1048576K
}
Event: 5.778 GC heap after
{Heap after GC invocations=11 (full 0):
 garbage-first heap   total 96256K, used 26601K [0x0000000080000000, 0x0000000100000000)
  region size 1024K, 4 young (4096K), 4 survivors (4096K)
 Metaspace       used 37632K, capacity 38475K, committed 38608K, reserved 1083392K
  class space    used 4801K, capacity 5135K, committed 5248K, reserved 1048576K
}
Event: 6.288 GC heap before
{Heap before GC invocations=11 (full 0):
 garbage-first heap   total 96256K, used 65513K [0x0000000080000000, 0x0000000100000000)
  region size 1024K, 39 young (39936K), 4 survivors (4096K)
 Metaspace       used 42130K, capacity 43110K, committed 43344K, reserved 1087488K
  class space    used 5270K, capacity 5626K, committed 5632K, reserved 1048576K
}
Event: 6.292 GC heap after
{Heap after GC invocations=12 (full 0):
 garbage-first heap   total 96256K, used 27416K [0x0000000080000000, 0x0000000100000000)
  region size 1024K, 2 young (2048K), 2 survivors (2048K)
 Metaspace       used 42130K, capacity 43110K, committed 43344K, reserved 1087488K
  class space    used 5270K, capacity 5626K, committed 5632K, reserved 1048576K
}
Event: 6.662 GC heap before
{Heap before GC invocations=12 (full 0):
 garbage-first heap   total 96256K, used 65304K [0x0000000080000000, 0x0000000100000000)
  region size 1024K, 39 young (39936K), 2 survivors (2048K)
 Metaspace       used 44121K, capacity 45217K, committed 45520K, reserved 1089536K
  class space    used 5563K, capacity 5967K, committed 6016K, reserved 1048576K
}
Event: 6.665 GC heap after
{Heap after GC invocations=13 (full 0):
 garbage-first heap   total 96256K, used 29555K [0x0000000080000000, 0x0000000100000000)
  region size 1024K, 4 young (4096K), 4 survivors (4096K)
 Metaspace       used 44121K, capacity 45217K, committed 45520K, reserved 1089536K
  class space    used 5563K, capacity 5967K, committed 6016K, reserved 1048576K
}
Event: 7.341 GC heap before
{Heap before GC invocations=13 (full 0):
 garbage-first heap   total 96256K, used 67443K [0x0000000080000000, 0x0000000100000000)
  region size 1024K, 41 young (41984K), 4 survivors (4096K)
 Metaspace       used 46762K, capacity 47921K, committed 48208K, reserved 1091584K
  class space    used 5894K, capacity 6356K, committed 6400K, reserved 1048576K
}
Event: 7.345 GC heap after
{Heap after GC invocations=14 (full 0):
 garbage-first heap   total 96256K, used 31838K [0x0000000080000000, 0x0000000100000000)
  region size 1024K, 5 young (5120K), 5 survivors (5120K)
 Metaspace       used 46762K, capacity 47921K, committed 48208K, reserved 1091584K
  class space    used 5894K, capacity 6356K, committed 6400K, reserved 1048576K
}
Event: 7.865 GC heap before
{Heap before GC invocations=14 (full 0):
 garbage-first heap   total 96256K, used 71774K [0x0000000080000000, 0x0000000100000000)
  region size 1024K, 42 young (43008K), 5 survivors (5120K)
 Metaspace       used 47725K, capacity 49027K, committed 49104K, reserved 1091584K
  class space    used 6011K, capacity 6507K, committed 6528K, reserved 1048576K
}
Event: 7.868 GC heap after
{Heap after GC invocations=15 (full 0):
 garbage-first heap   total 96256K, used 36929K [0x0000000080000000, 0x0000000100000000)
  region size 1024K, 5 young (5120K), 5 survivors (5120K)
 Metaspace       used 47725K, capacity 49027K, committed 49104K, reserved 1091584K
  class space    used 6011K, capacity 6507K, committed 6528K, reserved 1048576K
}
Event: 8.576 GC heap before
{Heap before GC invocations=15 (full 0):
 garbage-first heap   total 96256K, used 74817K [0x0000000080000000, 0x0000000100000000)
  region size 1024K, 40 young (40960K), 5 survivors (5120K)
 Metaspace       used 50788K, capacity 52216K, committed 52432K, reserved 1095680K
  class space    used 6399K, capacity 6941K, committed 7040K, reserved 1048576K
}
Event: 8.581 GC heap after
{Heap after GC invocations=16 (full 0):
 garbage-first heap   total 96256K, used 44880K [0x0000000080000000, 0x0000000100000000)
  region size 1024K, 5 young (5120K), 5 survivors (5120K)
 Metaspace       used 50788K, capacity 52216K, committed 52432K, reserved 1095680K
  class space    used 6399K, capacity 6941K, committed 7040K, reserved 1048576K
}

Deoptimization events (20 events):
Event: 8.187 Thread 0x00000178f63ae000 DEOPT PACKING pc=0x00000178e4c4f340 sp=0x00000035bcdf7920
Event: 8.187 Thread 0x00000178f63ae000 DEOPT UNPACKING pc=0x00000178dd16a1af sp=0x00000035bcdf78b0 mode 2
Event: 8.389 Thread 0x00000178f63ae000 Uncommon trap: trap_request=0xffffff4d fr.pc=0x00000178e4d930cc relative=0x000000000000074c
Event: 8.390 Thread 0x00000178f63ae000 Uncommon trap: reason=unstable_if action=reinterpret pc=0x00000178e4d930cc method=java.io.BufferedInputStream.read([BII)I @ 56 c2
Event: 8.390 Thread 0x00000178f63ae000 DEOPT PACKING pc=0x00000178e4d930cc sp=0x00000035bcdf6fc0
Event: 8.390 Thread 0x00000178f63ae000 DEOPT UNPACKING pc=0x00000178dd16a1af sp=0x00000035bcdf6f78 mode 2
Event: 8.460 Thread 0x00000178f63ae000 Uncommon trap: trap_request=0xffffff45 fr.pc=0x00000178e4da49c8 relative=0x0000000000000da8
Event: 8.460 Thread 0x00000178f63ae000 Uncommon trap: reason=unstable_fused_if action=reinterpret pc=0x00000178e4da49c8 method=org.objectweb.asm.ByteVector.putUTF8(Ljava/lang/String;)Lorg/objectweb/asm/ByteVector; @ 93 c2
Event: 8.460 Thread 0x00000178f63ae000 DEOPT PACKING pc=0x00000178e4da49c8 sp=0x00000035bcdf7a40
Event: 8.460 Thread 0x00000178f63ae000 DEOPT UNPACKING pc=0x00000178dd16a1af sp=0x00000035bcdf7998 mode 2
Event: 8.461 Thread 0x00000178f63ae000 Uncommon trap: trap_request=0xffffff4d fr.pc=0x00000178e4dc27b4 relative=0x0000000000005bb4
Event: 8.461 Thread 0x00000178f63ae000 Uncommon trap: reason=unstable_if action=reinterpret pc=0x00000178e4dc27b4 method=org.objectweb.asm.Frame.execute(IILorg/objectweb/asm/Symbol;Lorg/objectweb/asm/SymbolTable;)V @ 1 c2
Event: 8.461 Thread 0x00000178f63ae000 DEOPT PACKING pc=0x00000178e4dc27b4 sp=0x00000035bcdf7c20
Event: 8.461 Thread 0x00000178f63ae000 DEOPT UNPACKING pc=0x00000178dd16a1af sp=0x00000035bcdf7bc8 mode 2
Event: 8.496 Thread 0x00000178f63ae000 Uncommon trap: trap_request=0xffffff45 fr.pc=0x00000178e4d1d2ec relative=0x000000000000020c
Event: 8.496 Thread 0x00000178f63ae000 Uncommon trap: reason=unstable_fused_if action=reinterpret pc=0x00000178e4d1d2ec method=org.objectweb.asm.ByteVector.putUTF8(Ljava/lang/String;)Lorg/objectweb/asm/ByteVector; @ 93 c2
Event: 8.496 Thread 0x00000178f63ae000 DEOPT PACKING pc=0x00000178e4d1d2ec sp=0x00000035bcdf7d60
Event: 8.496 Thread 0x00000178f63ae000 DEOPT UNPACKING pc=0x00000178dd16a1af sp=0x00000035bcdf7ce0 mode 2
Event: 8.730 Thread 0x00000178f63ae000 DEOPT PACKING pc=0x00000178ddb83bf9 sp=0x00000035bcdf8100
Event: 8.730 Thread 0x00000178f63ae000 DEOPT UNPACKING pc=0x00000178dd16a95e sp=0x00000035bcdf75d0 mode 0

Classes redefined (0 events):
No events

Internal exceptions (20 events):
Event: 8.130 Thread 0x00000178f63ae000 Exception <a 'java/lang/ClassNotFoundException'{0x000000008501e968}: org/gradle/api/tasks/DeleteCustomizer> (0x000000008501e968) thrown at [./src/hotspot/share/classfile/systemDictionary.cpp, line 231]
Event: 8.131 Thread 0x00000178f63ae000 Exception <a 'java/lang/ClassNotFoundException'{0x000000008505d928}: org/gradle/api/tasks/Delete_DecoratedCustomizer> (0x000000008505d928) thrown at [./src/hotspot/share/classfile/systemDictionary.cpp, line 231]
Event: 8.150 Thread 0x00000178f63ae000 Exception <a 'java/lang/NoSuchMethodError'{0x0000000084f734e8}: 'long java.lang.invoke.DirectMethodHandle$Holder.invokeVirtual(java.lang.Object, java.lang.Object)'> (0x0000000084f734e8) thrown at [./src/hotspot/share/interpreter/linkResolver.cpp, line 773]
Event: 8.153 Thread 0x00000178f63b1000 Exception <a 'java/lang/NoSuchMethodError'{0x0000000084e075a0}: <clinit>> (0x0000000084e075a0) thrown at [./src/hotspot/share/prims/jni.cpp, line 1366]
Event: 8.157 Thread 0x00000178f63b1000 Exception <a 'java/lang/NoSuchMethodError'{0x0000000084e2f718}: <clinit>> (0x0000000084e2f718) thrown at [./src/hotspot/share/prims/jni.cpp, line 1366]
Event: 8.157 Thread 0x00000178f63b1000 Exception <a 'java/lang/NoSuchMethodError'{0x0000000084e30828}: <clinit>> (0x0000000084e30828) thrown at [./src/hotspot/share/prims/jni.cpp, line 1366]
Event: 8.158 Thread 0x00000178f63b1000 Exception <a 'java/lang/NoSuchMethodError'{0x0000000084e31d78}: <clinit>> (0x0000000084e31d78) thrown at [./src/hotspot/share/prims/jni.cpp, line 1366]
Event: 8.158 Thread 0x00000178f63b1000 Exception <a 'java/lang/NoSuchMethodError'{0x0000000084e32ff8}: <clinit>> (0x0000000084e32ff8) thrown at [./src/hotspot/share/prims/jni.cpp, line 1366]
Event: 8.159 Thread 0x00000178f63b1000 Exception <a 'java/lang/NoSuchMethodError'{0x0000000084e46f30}: <clinit>> (0x0000000084e46f30) thrown at [./src/hotspot/share/prims/jni.cpp, line 1366]
Event: 8.159 Thread 0x00000178f63b1000 Exception <a 'java/lang/NoSuchMethodError'{0x0000000084e52318}: <clinit>> (0x0000000084e52318) thrown at [./src/hotspot/share/prims/jni.cpp, line 1366]
Event: 8.161 Thread 0x00000178f63b1000 Exception <a 'java/lang/NoSuchMethodError'{0x0000000084e678d0}: <clinit>> (0x0000000084e678d0) thrown at [./src/hotspot/share/prims/jni.cpp, line 1366]
Event: 8.178 Thread 0x00000178f63ae000 Exception <a 'java/lang/ClassNotFoundException'{0x0000000084eeb4e8}: build_2dful60i1ir9ud622o47h7hl3BeanInfo> (0x0000000084eeb4e8) thrown at [./src/hotspot/share/classfile/systemDictionary.cpp, line 231]
Event: 8.178 Thread 0x00000178f63ae000 Exception <a 'java/lang/ClassNotFoundException'{0x0000000084ef64a0}: build_2dful60i1ir9ud622o47h7hl3Customizer> (0x0000000084ef64a0) thrown at [./src/hotspot/share/classfile/systemDictionary.cpp, line 231]
Event: 8.183 Thread 0x00000178f63ae000 Exception <a 'java/lang/ClassNotFoundException'{0x0000000084d5a268}: org/gradle/api/internal/plugins/DefaultObjectConfigurationActionBeanInfo> (0x0000000084d5a268) thrown at [./src/hotspot/share/classfile/systemDictionary.cpp, line 231]
Event: 8.184 Thread 0x00000178f63ae000 Exception <a 'java/lang/ClassNotFoundException'{0x0000000084d8d680}: org/gradle/api/internal/plugins/DefaultObjectConfigurationActionCustomizer> (0x0000000084d8d680) thrown at [./src/hotspot/share/classfile/systemDictionary.cpp, line 231]
Event: 8.418 Thread 0x00000178f63ae000 Exception <a 'java/lang/NoSuchMethodError'{0x0000000084147448}: 'java.lang.Object java.lang.invoke.DirectMethodHandle$Holder.invokeStatic(java.lang.Object, java.lang.Object, java.lang.Object, java.lang.Object, int)'> (0x0000000084147448) thrown at [./src/hotspot/share/interpreter/linkResolver.cpp, line 773]
Event: 8.419 Thread 0x00000178f63ae000 Exception <a 'java/lang/NoSuchMethodError'{0x000000008414be40}: 'java.lang.Object java.lang.invoke.DirectMethodHandle$Holder.invokeSpecial(java.lang.Object, java.lang.Object, java.lang.Object, java.lang.Object, java.lang.Object, int)'> (0x000000008414be40) thrown at [./src/hotspot/share/interpreter/linkResolver.cpp, line 773]
Event: 8.419 Thread 0x00000178f63ae000 Exception <a 'java/lang/NoSuchMethodError'{0x0000000084150480}: 'java.lang.Object java.lang.invoke.Invokers$Holder.linkToTargetMethod(java.lang.Object, java.lang.Object, java.lang.Object, int, java.lang.Object)'> (0x0000000084150480) thrown at [./src/hotspot/share/interpreter/linkResolver.cpp, line 773]
Event: 8.756 Thread 0x00000178f63ae000 Exception <a 'java/lang/NoSuchMethodError'{0x00000000855b70e8}: 'java.lang.Object java.lang.invoke.DirectMethodHandle$Holder.invokeSpecial(java.lang.Object, java.lang.Object, int, int, java.lang.Object, java.lang.Object, java.lang.Object)'> (0x00000000855b70e8) thrown at [./src/hotspot/share/interpreter/linkResolver.cpp, line 773]
Event: 8.756 Thread 0x00000178f63ae000 Exception <a 'java/lang/NoSuchMethodError'{0x00000000855bb668}: 'java.lang.Object java.lang.invoke.DelegatingMethodHandle$Holder.reinvoke_L(java.lang.Object, int, int, java.lang.Object, java.lang.Object, java.lang.Object)'> (0x00000000855bb668) thrown at [./src/hotspot/share/interpreter/linkResolver.cpp, line 773]

Events (20 events):
Event: 8.854 loading class org/apache/xerces/xni/parser/XMLDTDContentModelFilter
Event: 8.854 loading class org/apache/xerces/xni/parser/XMLDTDContentModelFilter done
Event: 8.856 loading class org/apache/xerces/impl/dtd/XMLEntityDecl
Event: 8.856 loading class org/apache/xerces/impl/dtd/XMLEntityDecl done
Event: 8.856 loading class org/apache/xerces/impl/dv/InvalidDatatypeValueException
Event: 8.856 loading class org/apache/xerces/impl/dv/InvalidDatatypeValueException done
Event: 8.857 loading class org/apache/xerces/impl/dv/DatatypeException
Event: 8.857 loading class org/apache/xerces/impl/dv/DatatypeException done
Event: 8.858 loading class org/apache/xerces/impl/dv/ValidationContext
Event: 8.858 loading class org/apache/xerces/impl/dv/ValidationContext done
Event: 8.860 loading class org/apache/xerces/impl/dtd/DTDGrammar
Event: 8.860 loading class org/apache/xerces/impl/dtd/DTDGrammar done
Event: 8.865 loading class org/apache/xerces/impl/validation/EntityState
Event: 8.865 loading class org/apache/xerces/impl/validation/EntityState done
Event: 8.867 loading class org/apache/xerces/xni/grammars/Grammar
Event: 8.867 loading class org/apache/xerces/xni/grammars/Grammar done
Event: 8.868 loading class org/apache/xerces/impl/dtd/BalancedDTDGrammar
Event: 8.868 loading class org/apache/xerces/impl/dtd/BalancedDTDGrammar done
Event: 8.872 loading class org/apache/xerces/impl/validation/ValidationState
Event: 8.872 loading class org/apache/xerces/impl/validation/ValidationState done


Dynamic libraries:
0x00007ff7a0390000 - 0x00007ff7a039a000 	C:\Program Files\Android\Android Studio\jre\bin\java.exe
0x00007ffbcb0c0000 - 0x00007ffbcb2c9000 	C:\Windows\SYSTEM32\ntdll.dll
0x00007ffbc9640000 - 0x00007ffbc96fe000 	C:\Windows\System32\KERNEL32.DLL
0x00007ffbc8800000 - 0x00007ffbc8b83000 	C:\Windows\System32\KERNELBASE.dll
0x00007ffbc8570000 - 0x00007ffbc8681000 	C:\Windows\System32\ucrtbase.dll
0x00007ffbaf5a0000 - 0x00007ffbaf5b9000 	C:\Program Files\Android\Android Studio\jre\bin\jli.dll
0x00007ffbcab60000 - 0x00007ffbcad0d000 	C:\Windows\System32\USER32.dll
0x00007ffbc8b90000 - 0x00007ffbc8bb6000 	C:\Windows\System32\win32u.dll
0x00007ffbcad10000 - 0x00007ffbcad39000 	C:\Windows\System32\GDI32.dll
0x00007ffbc8bc0000 - 0x00007ffbc8cda000 	C:\Windows\System32\gdi32full.dll
0x00007ffbc8ce0000 - 0x00007ffbc8d7d000 	C:\Windows\System32\msvcp_win.dll
0x00007ffbaf580000 - 0x00007ffbaf597000 	C:\Program Files\Android\Android Studio\jre\bin\VCRUNTIME140.dll
0x00007ffbaba20000 - 0x00007ffbabcc5000 	C:\Windows\WinSxS\amd64_microsoft.windows.common-controls_6595b64144ccf1df_6.0.22000.120_none_9d947278b86cc467\COMCTL32.dll
0x00007ffbc9b70000 - 0x00007ffbc9c13000 	C:\Windows\System32\msvcrt.dll
0x00007ffbc8fe0000 - 0x00007ffbc9011000 	C:\Windows\System32\IMM32.DLL
0x00007ffb8ce40000 - 0x00007ffb8cedd000 	C:\Program Files\Android\Android Studio\jre\bin\msvcp140.dll
0x00007ffb6a3a0000 - 0x00007ffb6aea2000 	C:\Program Files\Android\Android Studio\jre\bin\server\jvm.dll
0x00007ffbcad40000 - 0x00007ffbcadee000 	C:\Windows\System32\ADVAPI32.dll
0x00007ffbc9e40000 - 0x00007ffbc9ede000 	C:\Windows\System32\sechost.dll
0x00007ffbca8e0000 - 0x00007ffbcaa01000 	C:\Windows\System32\RPCRT4.dll
0x00007ffbc90d0000 - 0x00007ffbc90d8000 	C:\Windows\System32\PSAPI.DLL
0x00007ffbc2850000 - 0x00007ffbc2883000 	C:\Windows\SYSTEM32\WINMM.dll
0x00007ffbbf870000 - 0x00007ffbbf87a000 	C:\Windows\SYSTEM32\VERSION.dll
0x00007ffbbfb10000 - 0x00007ffbbfb19000 	C:\Windows\SYSTEM32\WSOCK32.dll
0x00007ffbc90e0000 - 0x00007ffbc914f000 	C:\Windows\System32\WS2_32.dll
0x00007ffbc75f0000 - 0x00007ffbc7608000 	C:\Windows\SYSTEM32\kernel.appcore.dll
0x00007ffbbfaf0000 - 0x00007ffbbfb01000 	C:\Program Files\Android\Android Studio\jre\bin\verify.dll
0x00007ffbc6110000 - 0x00007ffbc6331000 	C:\Windows\SYSTEM32\DBGHELP.DLL
0x00007ffbb88a0000 - 0x00007ffbb88d1000 	C:\Windows\SYSTEM32\dbgcore.DLL
0x00007ffbc8eb0000 - 0x00007ffbc8f2f000 	C:\Windows\System32\bcryptPrimitives.dll
0x00007ffbbd3b0000 - 0x00007ffbbd3d9000 	C:\Program Files\Android\Android Studio\jre\bin\java.dll
0x00007ffbbfae0000 - 0x00007ffbbfaeb000 	C:\Program Files\Android\Android Studio\jre\bin\jimage.dll
0x00007ffbbd390000 - 0x00007ffbbd3a8000 	C:\Program Files\Android\Android Studio\jre\bin\zip.dll
0x00007ffbca000000 - 0x00007ffbca7c5000 	C:\Windows\System32\SHELL32.dll
0x00007ffbc6650000 - 0x00007ffbc6eb4000 	C:\Windows\SYSTEM32\windows.storage.dll
0x00007ffbc92c0000 - 0x00007ffbc9636000 	C:\Windows\System32\combase.dll
0x00007ffbc64e0000 - 0x00007ffbc6647000 	C:\Windows\SYSTEM32\wintypes.dll
0x00007ffbca7d0000 - 0x00007ffbca8ba000 	C:\Windows\System32\SHCORE.dll
0x00007ffbc9c20000 - 0x00007ffbc9c7d000 	C:\Windows\System32\shlwapi.dll
0x00007ffbc84a0000 - 0x00007ffbc84c1000 	C:\Windows\SYSTEM32\profapi.dll
0x00007ffbbd370000 - 0x00007ffbbd38a000 	C:\Program Files\Android\Android Studio\jre\bin\net.dll
0x00007ffbc2f20000 - 0x00007ffbc3032000 	C:\Windows\SYSTEM32\WINHTTP.dll
0x00007ffbc7a90000 - 0x00007ffbc7af7000 	C:\Windows\system32\mswsock.dll
0x00007ffbba000000 - 0x00007ffbba014000 	C:\Program Files\Android\Android Studio\jre\bin\nio.dll
0x00007ffbbf7f0000 - 0x00007ffbbf817000 	C:\Users\nraje\AndroidStudioProjects\app2\NOTED---Notes-Application-for-Android-master\native\e1d6ef7f7dcc3fd88c89a11ec53ec762bb8ba0a96d01ffa2cd45eb1d1d8dd5c5\windows-amd64\native-platform.dll
0x00007ffb69b10000 - 0x00007ffb69c54000 	C:\Users\nraje\AndroidStudioProjects\app2\NOTED---Notes-Application-for-Android-master\native\5664cfc778a61ccfe75a443a1ab52a65af34e5dc3c78e0209fed803814484fcb\windows-amd64\native-platform-file-events.dll
0x00007ffbbfad0000 - 0x00007ffbbfada000 	C:\Program Files\Android\Android Studio\jre\bin\management.dll
0x00007ffbbd360000 - 0x00007ffbbd36d000 	C:\Program Files\Android\Android Studio\jre\bin\management_ext.dll
0x00007ffbc7cf0000 - 0x00007ffbc7d08000 	C:\Windows\SYSTEM32\CRYPTSP.dll
0x00007ffbc7550000 - 0x00007ffbc7585000 	C:\Windows\system32\rsaenh.dll
0x00007ffbc7b90000 - 0x00007ffbc7bb9000 	C:\Windows\SYSTEM32\USERENV.dll
0x00007ffbc7ed0000 - 0x00007ffbc7ef7000 	C:\Windows\SYSTEM32\bcrypt.dll
0x00007ffbc7ce0000 - 0x00007ffbc7cec000 	C:\Windows\SYSTEM32\CRYPTBASE.dll
0x00007ffbc7110000 - 0x00007ffbc713d000 	C:\Windows\SYSTEM32\IPHLPAPI.DLL
0x00007ffbca8d0000 - 0x00007ffbca8d9000 	C:\Windows\System32\NSI.dll
0x00007ffbc2f00000 - 0x00007ffbc2f19000 	C:\Windows\SYSTEM32\dhcpcsvc6.DLL
0x00007ffbc3560000 - 0x00007ffbc357e000 	C:\Windows\SYSTEM32\dhcpcsvc.DLL
0x00007ffbc7140000 - 0x00007ffbc7228000 	C:\Windows\SYSTEM32\DNSAPI.dll

dbghelp: loaded successfully - version: 4.0.5 - missing functions: none
symbol engine: initialized successfully - sym options: 0x614 - pdb path: .;C:\Program Files\Android\Android Studio\jre\bin;C:\Windows\SYSTEM32;C:\Windows\WinSxS\amd64_microsoft.windows.common-controls_6595b64144ccf1df_6.0.22000.120_none_9d947278b86cc467;C:\Program Files\Android\Android Studio\jre\bin\server;C:\Users\nraje\AndroidStudioProjects\app2\NOTED---Notes-Application-for-Android-master\native\e1d6ef7f7dcc3fd88c89a11ec53ec762bb8ba0a96d01ffa2cd45eb1d1d8dd5c5\windows-amd64;C:\Users\nraje\AndroidStudioProjects\app2\NOTED---Notes-Application-for-Android-master\native\5664cfc778a61ccfe75a443a1ab52a65af34e5dc3c78e0209fed803814484fcb\windows-amd64

VM Arguments:
jvm_args: --add-opens=java.base/java.util=ALL-UNNAMED --add-opens=java.base/java.lang=ALL-UNNAMED --add-opens=java.base/java.lang.invoke=ALL-UNNAMED --add-opens=java.base/java.util=ALL-UNNAMED --add-opens=java.prefs/java.util.prefs=ALL-UNNAMED --add-opens=java.prefs/java.util.prefs=ALL-UNNAMED --add-opens=java.base/java.nio.charset=ALL-UNNAMED --add-opens=java.base/java.net=ALL-UNNAMED --add-opens=java.base/java.util.concurrent.atomic=ALL-UNNAMED -Xmx2048m -Dfile.encoding=windows-1252 -Duser.country=IN -Duser.language=en -Duser.variant 
java_command: org.gradle.launcher.daemon.bootstrap.GradleDaemon 7.2
java_class_path (initial): C:\Users\nraje\AndroidStudioProjects\app2\NOTED---Notes-Application-for-Android-master\wrapper\dists\gradle-7.2-all\260hg96vuh6ex27h9vo47iv4d\gradle-7.2\lib\gradle-launcher-7.2.jar
Launcher Type: SUN_STANDARD

[Global flags]
     intx CICompilerCount                          = 4                                         {product} {ergonomic}
     uint ConcGCThreads                            = 3                                         {product} {ergonomic}
     uint G1ConcRefinementThreads                  = 10                                        {product} {ergonomic}
   size_t G1HeapRegionSize                         = 1048576                                   {product} {ergonomic}
    uintx GCDrainStackTargetSize                   = 64                                        {product} {ergonomic}
   size_t InitialHeapSize                          = 98566144                                  {product} {ergonomic}
   size_t MarkStackSize                            = 4194304                                   {product} {ergonomic}
   size_t MaxHeapSize                              = 2147483648                                {product} {command line}
   size_t MaxNewSize                               = 1287651328                                {product} {ergonomic}
   size_t MinHeapDeltaBytes                        = 1048576                                   {product} {ergonomic}
    uintx NonNMethodCodeHeapSize                   = 5836300                                {pd product} {ergonomic}
    uintx NonProfiledCodeHeapSize                  = 122910970                              {pd product} {ergonomic}
    uintx ProfiledCodeHeapSize                     = 122910970                              {pd product} {ergonomic}
    uintx ReservedCodeCacheSize                    = 251658240                              {pd product} {ergonomic}
     bool SegmentedCodeCache                       = true                                      {product} {ergonomic}
     bool UseCompressedClassPointers               = true                                 {lp64_product} {ergonomic}
     bool UseCompressedOops                        = true                                 {lp64_product} {ergonomic}
     bool UseG1GC                                  = true                                      {product} {ergonomic}
     bool UseLargePagesIndividualAllocation        = false                                  {pd product} {ergonomic}

Logging:
Log output configuration:
 #0: stdout all=warning uptime,level,tags
 #1: stderr all=off uptime,level,tags

Environment Variables:
PATH=C:\Program Files\Common Files\Oracle\Java\javapath;C:\Program Files (x86)\Common Files\Oracle\Java\javapath;C:\Windows\system32;C:\Windows;C:\Windows\System32\Wbem;C:\Windows\System32\WindowsPowerShell\v1.0\;C:\Windows\System32\OpenSSH\;C:\Program Files\Git\cmd;C:\Users\nraje\AppData\Local\Microsoft\WindowsApps\python.exe;C:\Users\nraje\AppData\Local\Microsoft\WindowsApps\python.exe;C:\Users\nraje\AppData\Local\Microsoft\WindowsApps\;C:\Users\nraje\AppData\Local\Microsoft\WindowsApps\;C:\Users\nraje\AppData\Local\Microsoft\WindowsApps;;C:\Users\nraje\AppData\Local\Programs\Microsoft VS Code\bin
USERNAME=nraje
OS=Windows_NT
PROCESSOR_IDENTIFIER=AMD64 Family 23 Model 104 Stepping 1, AuthenticAMD



---------------  S Y S T E M  ---------------

OS: Windows 11 , 64 bit Build 22000 (10.0.22000.1761)
OS uptime: 11 days 16:22 hours

CPU:total 12 (initial active 12) (12 cores per cpu, 2 threads per core) family 23 model 104 stepping 1 microcode 0x0, cmov, cx8, fxsr, mmx, sse, sse2, sse3, ssse3, sse4.1, sse4.2, popcnt, avx, avx2, aes, clmul, mmxext, 3dnowpref, lzcnt, sse4a, ht, tsc, tscinvbit, tscinv, bmi1, bmi2, adx, sha, fma

Memory: 4k page, system-wide physical 6005M (127M free)
TotalPageFile size 24437M (AvailPageFile size 0M)
current process WorkingSet (physical memory assigned to process): 255M, peak: 267M
current process commit charge ("private bytes"): 313M, peak: 314M

vm_info: OpenJDK 64-Bit Server VM (11.0.13+0-b1751.21-8125866) for windows-amd64 JRE (11.0.13+0-b1751.21-8125866), built on Feb  2 2022 03:00:22 by "builder" with MS VC++ 14.0 (VS2015)

END.
