#
# There is insufficient memory for the Java Runtime Environment to continue.
# Native memory allocation (malloc) failed to allocate 65552 bytes for Chunk::new
# Possible reasons:
#   The system is out of physical RAM or swap space
#   The process is running with CompressedOops enabled, and the Java Heap may be blocking the growth of the native heap
# Possible solutions:
#   Reduce memory load on the system
#   Increase physical memory or swap space
#   Check if swap backing store is full
#   Decrease Java heap size (-Xmx/-Xms)
#   Decrease number of Java threads
#   Decrease Java thread stack sizes (-Xss)
#   Set larger code cache with -XX:ReservedCodeCacheSize=
#   JVM is running with Unscaled Compressed Oops mode in which the Java heap is
#     placed in the first 4GB address space. The Java Heap base address is the
#     maximum limit for the native heap growth. Please use -XX:HeapBaseMinAddress
#     to set the Java Heap base and to place the Java Heap above 4GB virtual address.
# This output file may be truncated or incomplete.
#
#  Out of Memory Error (./src/hotspot/share/memory/arena.cpp:197), pid=115656, tid=90132
#
# JRE version: OpenJDK Runtime Environment (11.0.13) (build 11.0.13+0-b1751.21-8125866)
# Java VM: OpenJDK 64-Bit Server VM (11.0.13+0-b1751.21-8125866, mixed mode, tiered, compressed oops, g1 gc, windows-amd64)
# No core dump will be written. Minidumps are not enabled by default on client versions of Windows
#

---------------  S U M M A R Y ------------

Command Line: --add-opens=java.base/java.util=ALL-UNNAMED --add-opens=java.base/java.lang=ALL-UNNAMED --add-opens=java.base/java.lang.invoke=ALL-UNNAMED --add-opens=java.base/java.util=ALL-UNNAMED --add-opens=java.prefs/java.util.prefs=ALL-UNNAMED --add-opens=java.prefs/java.util.prefs=ALL-UNNAMED --add-opens=java.base/java.nio.charset=ALL-UNNAMED --add-opens=java.base/java.net=ALL-UNNAMED --add-opens=java.base/java.util.concurrent.atomic=ALL-UNNAMED -Xmx2048m -Dfile.encoding=windows-1252 -Duser.country=IN -Duser.language=en -Duser.variant org.gradle.launcher.daemon.bootstrap.GradleDaemon 7.2

Host: AMD Ryzen 5 5500U with Radeon Graphics         , 12 cores, 5G,  Windows 11 , 64 bit Build 22000 (10.0.22000.1761)
Time: Thu May 11 23:16:08 2023 India Standard Time elapsed time: 5.280543 seconds (0d 0h 0m 5s)

---------------  T H R E A D  ---------------

Current thread (0x000001ec7ef71800):  JavaThread "C2 CompilerThread0" daemon [_thread_in_native, id=90132, stack(0x00000047cab00000,0x00000047cac00000)]


Current CompileTask:
C2:   5280 2553  s!   4       jdk.internal.loader.URLClassPath::getLoader (194 bytes)

Stack: [0x00000047cab00000,0x00000047cac00000]
Native frames: (J=compiled Java code, j=interpreted, Vv=VM code, C=native code)
V  [jvm.dll+0x6100fa]
V  [jvm.dll+0x747090]
V  [jvm.dll+0x7486ad]
V  [jvm.dll+0x748d83]
V  [jvm.dll+0x24ab48]
V  [jvm.dll+0xc04dc]
V  [jvm.dll+0xc0a0c]
V  [jvm.dll+0xc060c]
V  [jvm.dll+0x5eed90]
V  [jvm.dll+0x63abe4]
V  [jvm.dll+0x20440f]
V  [jvm.dll+0x2023c2]
V  [jvm.dll+0x188e01]
V  [jvm.dll+0x21106b]
V  [jvm.dll+0x20f8c1]
V  [jvm.dll+0x70de0f]
V  [jvm.dll+0x706a75]
V  [jvm.dll+0x60ed66]
C  [ucrtbase.dll+0x26c0c]
C  [KERNEL32.DLL+0x15590]
C  [ntdll.dll+0x485b]


---------------  P R O C E S S  ---------------

Threads class SMR info:
_java_thread_list=0x000001ec05acdbc0, length=30, elements={
0x000001ec6666f000, 0x000001ec7ef43000, 0x000001ec7ef4e800, 0x000001ec7ef65000,
0x000001ec7ef66800, 0x000001ec7ef67800, 0x000001ec7ef71800, 0x000001ec7ef7a800,
0x000001ec7ef82000, 0x000001ec7fa2e800, 0x000001ec03452000, 0x000001ec034c4000,
0x000001ec020bc800, 0x000001ec0367e800, 0x000001ec037ac000, 0x000001ec035f9800,
0x000001ec03d94000, 0x000001ec035fd000, 0x000001ec03b49000, 0x000001ec03b42000,
0x000001ec03b3e800, 0x000001ec03b3e000, 0x000001ec03b41000, 0x000001ec03b43000,
0x000001ec03b43800, 0x000001ec03b3f800, 0x000001ec03b44800, 0x000001ec03b40800,
0x000001ec0439c800, 0x000001ec0439b800
}

Java Threads: ( => current thread )
  0x000001ec6666f000 JavaThread "main" [_thread_blocked, id=109812, stack(0x00000047c9f00000,0x00000047ca000000)]
  0x000001ec7ef43000 JavaThread "Reference Handler" daemon [_thread_blocked, id=108508, stack(0x00000047ca600000,0x00000047ca700000)]
  0x000001ec7ef4e800 JavaThread "Finalizer" daemon [_thread_blocked, id=127428, stack(0x00000047ca700000,0x00000047ca800000)]
  0x000001ec7ef65000 JavaThread "Signal Dispatcher" daemon [_thread_blocked, id=130452, stack(0x00000047ca800000,0x00000047ca900000)]
  0x000001ec7ef66800 JavaThread "Attach Listener" daemon [_thread_blocked, id=58636, stack(0x00000047ca900000,0x00000047caa00000)]
  0x000001ec7ef67800 JavaThread "Service Thread" daemon [_thread_blocked, id=15892, stack(0x00000047caa00000,0x00000047cab00000)]
=>0x000001ec7ef71800 JavaThread "C2 CompilerThread0" daemon [_thread_in_native, id=90132, stack(0x00000047cab00000,0x00000047cac00000)]
  0x000001ec7ef7a800 JavaThread "C1 CompilerThread0" daemon [_thread_in_native, id=121676, stack(0x00000047cac00000,0x00000047cad00000)]
  0x000001ec7ef82000 JavaThread "Sweeper thread" daemon [_thread_blocked, id=130704, stack(0x00000047cad00000,0x00000047cae00000)]
  0x000001ec7fa2e800 JavaThread "Common-Cleaner" daemon [_thread_blocked, id=108804, stack(0x00000047cae00000,0x00000047caf00000)]
  0x000001ec03452000 JavaThread "Daemon health stats" [_thread_blocked, id=92632, stack(0x00000047cb100000,0x00000047cb200000)]
  0x000001ec034c4000 JavaThread "Incoming local TCP Connector on port 52908" [_thread_in_native, id=129244, stack(0x00000047cb500000,0x00000047cb600000)]
  0x000001ec020bc800 JavaThread "Daemon periodic checks" [_thread_blocked, id=129804, stack(0x00000047cb600000,0x00000047cb700000)]
  0x000001ec0367e800 JavaThread "Daemon" [_thread_blocked, id=114456, stack(0x00000047cb700000,0x00000047cb800000)]
  0x000001ec037ac000 JavaThread "Handler for socket connection from /127.0.0.1:52908 to /127.0.0.1:52909" [_thread_in_native, id=105408, stack(0x00000047cb800000,0x00000047cb900000)]
  0x000001ec035f9800 JavaThread "Cancel handler" [_thread_blocked, id=104056, stack(0x00000047cb900000,0x00000047cba00000)]
  0x000001ec03d94000 JavaThread "Daemon worker" [_thread_in_vm, id=126880, stack(0x00000047cba00000,0x00000047cbb00000)]
  0x000001ec035fd000 JavaThread "Asynchronous log dispatcher for DefaultDaemonConnection: socket connection from /127.0.0.1:52908 to /127.0.0.1:52909" [_thread_blocked, id=129912, stack(0x00000047cbb00000,0x00000047cbc00000)]
  0x000001ec03b49000 JavaThread "Stdin handler" [_thread_blocked, id=128540, stack(0x00000047cbc00000,0x00000047cbd00000)]
  0x000001ec03b42000 JavaThread "Daemon client event forwarder" [_thread_blocked, id=130432, stack(0x00000047cbd00000,0x00000047cbe00000)]
  0x000001ec03b3e800 JavaThread "Cache worker for journal cache (C:\Users\nraje\.gradle\caches\journal-1)" [_thread_blocked, id=128348, stack(0x00000047cc400000,0x00000047cc500000)]
  0x000001ec03b3e000 JavaThread "File lock request listener" [_thread_in_native, id=90020, stack(0x00000047cc500000,0x00000047cc600000)]
  0x000001ec03b41000 JavaThread "Cache worker for file hash cache (C:\Users\nraje\.gradle\caches\7.2\fileHashes)" [_thread_blocked, id=127628, stack(0x00000047cc600000,0x00000047cc700000)]
  0x000001ec03b43000 JavaThread "Cache worker for file hash cache (C:\Users\nraje\AndroidStudioProjects\NOTEIT\.gradle\7.2\fileHashes)" [_thread_blocked, id=130708, stack(0x00000047cc900000,0x00000047cca00000)]
  0x000001ec03b43800 JavaThread "File watcher server" daemon [_thread_in_native, id=114592, stack(0x00000047cca00000,0x00000047ccb00000)]
  0x000001ec03b3f800 JavaThread "File watcher consumer" daemon [_thread_blocked, id=130072, stack(0x00000047ccb00000,0x00000047ccc00000)]
  0x000001ec03b44800 JavaThread "Cache worker for checksums cache (C:\Users\nraje\AndroidStudioProjects\NOTEIT\.gradle\checksums)" [_thread_blocked, id=106616, stack(0x00000047ccc00000,0x00000047ccd00000)]
  0x000001ec03b40800 JavaThread "Cache worker for cache directory md-supplier (C:\Users\nraje\.gradle\caches\7.2\md-supplier)" [_thread_blocked, id=125232, stack(0x00000047ccd00000,0x00000047cce00000)]
  0x000001ec0439c800 JavaThread "Cache worker for cache directory md-rule (C:\Users\nraje\.gradle\caches\7.2\md-rule)" [_thread_blocked, id=102884, stack(0x00000047cce00000,0x00000047ccf00000)]
  0x000001ec0439b800 JavaThread "Cache worker for execution history cache (C:\Users\nraje\.gradle\caches\7.2\executionHistory)" [_thread_blocked, id=122416, stack(0x00000047ccf00000,0x00000047cd000000)]

Other Threads:
  0x000001ec7ef3e800 VMThread "VM Thread" [stack: 0x00000047ca500000,0x00000047ca600000] [id=99808]
  0x000001ec7fa60000 WatcherThread [stack: 0x00000047caf00000,0x00000047cb000000] [id=125768]
  0x000001ec66688800 GCTaskThread "GC Thread#0" [stack: 0x00000047ca000000,0x00000047ca100000] [id=106972]
  0x000001ec02ca2800 GCTaskThread "GC Thread#1" [stack: 0x00000047cb000000,0x00000047cb100000] [id=99456]
  0x000001ec03521800 GCTaskThread "GC Thread#2" [stack: 0x00000047cb200000,0x00000047cb300000] [id=125724]
  0x000001ec03229000 GCTaskThread "GC Thread#3" [stack: 0x00000047cb300000,0x00000047cb400000] [id=111724]
  0x000001ec03d8f800 GCTaskThread "GC Thread#4" [stack: 0x00000047cbe00000,0x00000047cbf00000] [id=112832]
  0x000001ec03c88000 GCTaskThread "GC Thread#5" [stack: 0x00000047cbf00000,0x00000047cc000000] [id=121680]
  0x000001ec03bad000 GCTaskThread "GC Thread#6" [stack: 0x00000047cc000000,0x00000047cc100000] [id=113244]
  0x000001ec03d8c800 GCTaskThread "GC Thread#7" [stack: 0x00000047cc100000,0x00000047cc200000] [id=121880]
  0x000001ec03bfb800 GCTaskThread "GC Thread#8" [stack: 0x00000047cc200000,0x00000047cc300000] [id=106564]
  0x000001ec03bfd000 GCTaskThread "GC Thread#9" [stack: 0x00000047cc300000,0x00000047cc400000] [id=124304]
  0x000001ec666bb800 ConcurrentGCThread "G1 Main Marker" [stack: 0x00000047ca100000,0x00000047ca200000] [id=118920]
  0x000001ec666bc800 ConcurrentGCThread "G1 Conc#0" [stack: 0x00000047ca200000,0x00000047ca300000] [id=109960]
  0x000001ec03e73000 ConcurrentGCThread "G1 Conc#1" [stack: 0x00000047cc700000,0x00000047cc800000] [id=96816]
  0x000001ec03e76800 ConcurrentGCThread "G1 Conc#2" [stack: 0x00000047cc800000,0x00000047cc900000] [id=123456]
  0x000001ec7eda1800 ConcurrentGCThread "G1 Refine#0" [stack: 0x00000047ca300000,0x00000047ca400000] [id=130112]
  0x000001ec03d2b800 ConcurrentGCThread "G1 Refine#1" [stack: 0x00000047cb400000,0x00000047cb500000] [id=125252]
  0x000001ec6673f800 ConcurrentGCThread "G1 Young RemSet Sampling" [stack: 0x00000047ca400000,0x00000047ca500000] [id=106488]

Threads with active compile tasks:
C2 CompilerThread0   5319 2553  s!   4       jdk.internal.loader.URLClassPath::getLoader (194 bytes)

VM state:not at safepoint (normal execution)

VM Mutex/Monitor currently owned by a thread: None

Heap address: 0x0000000080000000, size: 2048 MB, Compressed Oops mode: 32-bit
Narrow klass base: 0x0000000000000000, Narrow klass shift: 3
Compressed class space size: 1073741824 Address: 0x0000000100000000

Heap:
 garbage-first heap   total 96256K, used 42523K [0x0000000080000000, 0x0000000100000000)
  region size 1024K, 27 young (27648K), 4 survivors (4096K)
 Metaspace       used 31447K, capacity 32134K, committed 32304K, reserved 1079296K
  class space    used 4143K, capacity 4428K, committed 4480K, reserved 1048576K
Heap Regions: E=young(eden), S=young(survivor), O=old, HS=humongous(starts), HC=humongous(continues), CS=collection set, F=free, A=archive, TAMS=top-at-mark-start (previous, next)
|   0|0x0000000080000000, 0x0000000080100000, 0x0000000080100000|100%| O|  |TAMS 0x0000000080100000, 0x0000000080000000| Untracked 
|   1|0x0000000080100000, 0x0000000080200000, 0x0000000080200000|100%| O|  |TAMS 0x0000000080200000, 0x0000000080100000| Untracked 
|   2|0x0000000080200000, 0x0000000080300000, 0x0000000080300000|100%| O|  |TAMS 0x0000000080300000, 0x0000000080200000| Untracked 
|   3|0x0000000080300000, 0x0000000080400000, 0x0000000080400000|100%|HS|  |TAMS 0x0000000080400000, 0x0000000080300000| Complete 
|   4|0x0000000080400000, 0x0000000080500000, 0x0000000080500000|100%|HC|  |TAMS 0x0000000080500000, 0x0000000080400000| Complete 
|   5|0x0000000080500000, 0x0000000080600000, 0x0000000080600000|100%|HC|  |TAMS 0x0000000080600000, 0x0000000080500000| Complete 
|   6|0x0000000080600000, 0x0000000080700000, 0x0000000080700000|100%| O|  |TAMS 0x0000000080700000, 0x0000000080600000| Untracked 
|   7|0x0000000080700000, 0x0000000080800000, 0x0000000080800000|100%| O|  |TAMS 0x0000000080800000, 0x0000000080700000| Untracked 
|   8|0x0000000080800000, 0x0000000080900000, 0x0000000080900000|100%| O|  |TAMS 0x0000000080900000, 0x0000000080800000| Untracked 
|   9|0x0000000080900000, 0x0000000080a00000, 0x0000000080a00000|100%| O|  |TAMS 0x0000000080a00000, 0x0000000080900000| Untracked 
|  10|0x0000000080a00000, 0x0000000080b00000, 0x0000000080b00000|100%| O|  |TAMS 0x0000000080b00000, 0x0000000080a00000| Untracked 
|  11|0x0000000080b00000, 0x0000000080c00000, 0x0000000080c00000|100%| O|  |TAMS 0x0000000080c00000, 0x0000000080b00000| Untracked 
|  12|0x0000000080c00000, 0x0000000080d00000, 0x0000000080d00000|100%| O|  |TAMS 0x0000000080d00000, 0x0000000080c00000| Untracked 
|  13|0x0000000080d00000, 0x0000000080e00000, 0x0000000080e00000|100%| O|  |TAMS 0x0000000080e00000, 0x0000000080d00000| Untracked 
|  14|0x0000000080e00000, 0x0000000080f00000, 0x0000000080f00000|100%| O|  |TAMS 0x0000000080e9d200, 0x0000000080e00000| Untracked 
|  15|0x0000000080f00000, 0x0000000080fe1200, 0x0000000081000000| 87%| O|  |TAMS 0x0000000080f00000, 0x0000000080f00000| Untracked 
|  16|0x0000000081000000, 0x0000000081000000, 0x0000000081100000|  0%| F|  |TAMS 0x0000000081000000, 0x0000000081000000| Untracked 
|  17|0x0000000081100000, 0x0000000081100000, 0x0000000081200000|  0%| F|  |TAMS 0x0000000081100000, 0x0000000081100000| Untracked 
|  18|0x0000000081200000, 0x0000000081200000, 0x0000000081300000|  0%| F|  |TAMS 0x0000000081200000, 0x0000000081200000| Untracked 
|  19|0x0000000081300000, 0x0000000081300000, 0x0000000081400000|  0%| F|  |TAMS 0x0000000081300000, 0x0000000081300000| Untracked 
|  20|0x0000000081400000, 0x0000000081400000, 0x0000000081500000|  0%| F|  |TAMS 0x0000000081400000, 0x0000000081400000| Untracked 
|  21|0x0000000081500000, 0x0000000081500000, 0x0000000081600000|  0%| F|  |TAMS 0x0000000081500000, 0x0000000081500000| Untracked 
|  22|0x0000000081600000, 0x0000000081600000, 0x0000000081700000|  0%| F|  |TAMS 0x0000000081600000, 0x0000000081600000| Untracked 
|  23|0x0000000081700000, 0x0000000081700000, 0x0000000081800000|  0%| F|  |TAMS 0x0000000081700000, 0x0000000081700000| Untracked 
|  24|0x0000000081800000, 0x0000000081800000, 0x0000000081900000|  0%| F|  |TAMS 0x0000000081800000, 0x0000000081800000| Untracked 
|  25|0x0000000081900000, 0x0000000081900000, 0x0000000081a00000|  0%| F|  |TAMS 0x0000000081900000, 0x0000000081900000| Untracked 
|  26|0x0000000081a00000, 0x0000000081a00000, 0x0000000081b00000|  0%| F|  |TAMS 0x0000000081a00000, 0x0000000081a00000| Untracked 
|  27|0x0000000081b00000, 0x0000000081b00000, 0x0000000081c00000|  0%| F|  |TAMS 0x0000000081b00000, 0x0000000081b00000| Untracked 
|  28|0x0000000081c00000, 0x0000000081c00000, 0x0000000081d00000|  0%| F|  |TAMS 0x0000000081c00000, 0x0000000081c00000| Untracked 
|  29|0x0000000081d00000, 0x0000000081d00000, 0x0000000081e00000|  0%| F|  |TAMS 0x0000000081d00000, 0x0000000081d00000| Untracked 
|  30|0x0000000081e00000, 0x0000000081e00000, 0x0000000081f00000|  0%| F|  |TAMS 0x0000000081e00000, 0x0000000081e00000| Untracked 
|  31|0x0000000081f00000, 0x0000000081f00000, 0x0000000082000000|  0%| F|  |TAMS 0x0000000081f00000, 0x0000000081f00000| Untracked 
|  32|0x0000000082000000, 0x0000000082000000, 0x0000000082100000|  0%| F|  |TAMS 0x0000000082000000, 0x0000000082000000| Untracked 
|  33|0x0000000082100000, 0x0000000082100000, 0x0000000082200000|  0%| F|  |TAMS 0x0000000082100000, 0x0000000082100000| Untracked 
|  34|0x0000000082200000, 0x0000000082200000, 0x0000000082300000|  0%| F|  |TAMS 0x0000000082200000, 0x0000000082200000| Untracked 
|  35|0x0000000082300000, 0x0000000082300000, 0x0000000082400000|  0%| F|  |TAMS 0x0000000082300000, 0x0000000082300000| Untracked 
|  36|0x0000000082400000, 0x0000000082400000, 0x0000000082500000|  0%| F|  |TAMS 0x0000000082400000, 0x0000000082400000| Untracked 
|  37|0x0000000082500000, 0x0000000082500000, 0x0000000082600000|  0%| F|  |TAMS 0x0000000082500000, 0x0000000082500000| Untracked 
|  38|0x0000000082600000, 0x0000000082600000, 0x0000000082700000|  0%| F|  |TAMS 0x0000000082600000, 0x0000000082600000| Untracked 
|  39|0x0000000082700000, 0x0000000082700000, 0x0000000082800000|  0%| F|  |TAMS 0x0000000082700000, 0x0000000082700000| Untracked 
|  40|0x0000000082800000, 0x0000000082800000, 0x0000000082900000|  0%| F|  |TAMS 0x0000000082800000, 0x0000000082800000| Untracked 
|  41|0x0000000082900000, 0x0000000082900000, 0x0000000082a00000|  0%| F|  |TAMS 0x0000000082900000, 0x0000000082900000| Untracked 
|  42|0x0000000082a00000, 0x0000000082a00000, 0x0000000082b00000|  0%| F|  |TAMS 0x0000000082a00000, 0x0000000082a00000| Untracked 
|  43|0x0000000082b00000, 0x0000000082b00000, 0x0000000082c00000|  0%| F|  |TAMS 0x0000000082b00000, 0x0000000082b00000| Untracked 
|  44|0x0000000082c00000, 0x0000000082c00000, 0x0000000082d00000|  0%| F|  |TAMS 0x0000000082c00000, 0x0000000082c00000| Untracked 
|  45|0x0000000082d00000, 0x0000000082d00000, 0x0000000082e00000|  0%| F|  |TAMS 0x0000000082d00000, 0x0000000082d00000| Untracked 
|  46|0x0000000082e00000, 0x0000000082ea5b30, 0x0000000082f00000| 64%| S|CS|TAMS 0x0000000082e00000, 0x0000000082e00000| Complete 
|  47|0x0000000082f00000, 0x0000000083000000, 0x0000000083000000|100%| S|CS|TAMS 0x0000000082f00000, 0x0000000082f00000| Complete 
|  48|0x0000000083000000, 0x0000000083100000, 0x0000000083100000|100%| S|CS|TAMS 0x0000000083000000, 0x0000000083000000| Complete 
|  49|0x0000000083100000, 0x0000000083100000, 0x0000000083200000|  0%| F|  |TAMS 0x0000000083100000, 0x0000000083100000| Untracked 
|  50|0x0000000083200000, 0x0000000083200000, 0x0000000083300000|  0%| F|  |TAMS 0x0000000083200000, 0x0000000083200000| Untracked 
|  51|0x0000000083300000, 0x0000000083300000, 0x0000000083400000|  0%| F|  |TAMS 0x0000000083300000, 0x0000000083300000| Untracked 
|  52|0x0000000083400000, 0x0000000083400000, 0x0000000083500000|  0%| F|  |TAMS 0x0000000083400000, 0x0000000083400000| Untracked 
|  53|0x0000000083500000, 0x0000000083600000, 0x0000000083600000|100%| S|CS|TAMS 0x0000000083500000, 0x0000000083500000| Complete 
|  54|0x0000000083600000, 0x0000000083600000, 0x0000000083700000|  0%| F|  |TAMS 0x0000000083600000, 0x0000000083600000| Untracked 
|  55|0x0000000083700000, 0x0000000083700000, 0x0000000083800000|  0%| F|  |TAMS 0x0000000083700000, 0x0000000083700000| Untracked 
|  56|0x0000000083800000, 0x0000000083800000, 0x0000000083900000|  0%| F|  |TAMS 0x0000000083800000, 0x0000000083800000| Untracked 
|  57|0x0000000083900000, 0x0000000083900000, 0x0000000083a00000|  0%| F|  |TAMS 0x0000000083900000, 0x0000000083900000| Untracked 
|  58|0x0000000083a00000, 0x0000000083a00000, 0x0000000083b00000|  0%| F|  |TAMS 0x0000000083a00000, 0x0000000083a00000| Untracked 
|  59|0x0000000083b00000, 0x0000000083b00000, 0x0000000083c00000|  0%| F|  |TAMS 0x0000000083b00000, 0x0000000083b00000| Untracked 
|  60|0x0000000083c00000, 0x0000000083c00000, 0x0000000083d00000|  0%| F|  |TAMS 0x0000000083c00000, 0x0000000083c00000| Untracked 
|  61|0x0000000083d00000, 0x0000000083d00000, 0x0000000083e00000|  0%| F|  |TAMS 0x0000000083d00000, 0x0000000083d00000| Untracked 
|  62|0x0000000083e00000, 0x0000000083e00000, 0x0000000083f00000|  0%| F|  |TAMS 0x0000000083e00000, 0x0000000083e00000| Untracked 
|  63|0x0000000083f00000, 0x0000000083f00000, 0x0000000084000000|  0%| F|  |TAMS 0x0000000083f00000, 0x0000000083f00000| Untracked 
|  64|0x0000000084000000, 0x0000000084000000, 0x0000000084100000|  0%| F|  |TAMS 0x0000000084000000, 0x0000000084000000| Untracked 
|  65|0x0000000084100000, 0x0000000084100000, 0x0000000084200000|  0%| F|  |TAMS 0x0000000084100000, 0x0000000084100000| Untracked 
|  66|0x0000000084200000, 0x0000000084200000, 0x0000000084300000|  0%| F|  |TAMS 0x0000000084200000, 0x0000000084200000| Untracked 
|  67|0x0000000084300000, 0x0000000084300000, 0x0000000084400000|  0%| F|  |TAMS 0x0000000084300000, 0x0000000084300000| Untracked 
|  68|0x0000000084400000, 0x0000000084400000, 0x0000000084500000|  0%| F|  |TAMS 0x0000000084400000, 0x0000000084400000| Untracked 
|  69|0x0000000084500000, 0x0000000084500000, 0x0000000084600000|  0%| F|  |TAMS 0x0000000084500000, 0x0000000084500000| Untracked 
|  70|0x0000000084600000, 0x0000000084600000, 0x0000000084700000|  0%| F|  |TAMS 0x0000000084600000, 0x0000000084600000| Untracked 
|  71|0x0000000084700000, 0x0000000084800000, 0x0000000084800000|100%| E|  |TAMS 0x0000000084700000, 0x0000000084700000| Complete 
|  72|0x0000000084800000, 0x0000000084900000, 0x0000000084900000|100%| E|CS|TAMS 0x0000000084800000, 0x0000000084800000| Complete 
|  73|0x0000000084900000, 0x0000000084a00000, 0x0000000084a00000|100%| E|CS|TAMS 0x0000000084900000, 0x0000000084900000| Complete 
|  74|0x0000000084a00000, 0x0000000084b00000, 0x0000000084b00000|100%| E|CS|TAMS 0x0000000084a00000, 0x0000000084a00000| Complete 
|  75|0x0000000084b00000, 0x0000000084c00000, 0x0000000084c00000|100%| E|CS|TAMS 0x0000000084b00000, 0x0000000084b00000| Complete 
|  76|0x0000000084c00000, 0x0000000084d00000, 0x0000000084d00000|100%| E|CS|TAMS 0x0000000084c00000, 0x0000000084c00000| Complete 
|  77|0x0000000084d00000, 0x0000000084e00000, 0x0000000084e00000|100%| E|CS|TAMS 0x0000000084d00000, 0x0000000084d00000| Complete 
|  78|0x0000000084e00000, 0x0000000084f00000, 0x0000000084f00000|100%| E|CS|TAMS 0x0000000084e00000, 0x0000000084e00000| Complete 
|  79|0x0000000084f00000, 0x0000000085000000, 0x0000000085000000|100%| E|CS|TAMS 0x0000000084f00000, 0x0000000084f00000| Complete 
|  80|0x0000000085000000, 0x0000000085100000, 0x0000000085100000|100%| E|CS|TAMS 0x0000000085000000, 0x0000000085000000| Complete 
|  81|0x0000000085100000, 0x0000000085200000, 0x0000000085200000|100%| E|CS|TAMS 0x0000000085100000, 0x0000000085100000| Complete 
|  82|0x0000000085200000, 0x0000000085300000, 0x0000000085300000|100%| E|CS|TAMS 0x0000000085200000, 0x0000000085200000| Complete 
|  83|0x0000000085300000, 0x0000000085400000, 0x0000000085400000|100%| E|CS|TAMS 0x0000000085300000, 0x0000000085300000| Complete 
|  84|0x0000000085400000, 0x0000000085500000, 0x0000000085500000|100%| E|CS|TAMS 0x0000000085400000, 0x0000000085400000| Complete 
|  85|0x0000000085500000, 0x0000000085600000, 0x0000000085600000|100%| E|CS|TAMS 0x0000000085500000, 0x0000000085500000| Complete 
|  86|0x0000000085600000, 0x0000000085700000, 0x0000000085700000|100%| E|CS|TAMS 0x0000000085600000, 0x0000000085600000| Complete 
|  87|0x0000000085700000, 0x0000000085800000, 0x0000000085800000|100%| E|CS|TAMS 0x0000000085700000, 0x0000000085700000| Complete 
|  88|0x0000000085800000, 0x0000000085900000, 0x0000000085900000|100%| E|CS|TAMS 0x0000000085800000, 0x0000000085800000| Complete 
|  89|0x0000000085900000, 0x0000000085a00000, 0x0000000085a00000|100%| E|CS|TAMS 0x0000000085900000, 0x0000000085900000| Complete 
|  90|0x0000000085a00000, 0x0000000085b00000, 0x0000000085b00000|100%| E|CS|TAMS 0x0000000085a00000, 0x0000000085a00000| Complete 
|  91|0x0000000085b00000, 0x0000000085c00000, 0x0000000085c00000|100%| E|CS|TAMS 0x0000000085b00000, 0x0000000085b00000| Complete 
|  92|0x0000000085c00000, 0x0000000085d00000, 0x0000000085d00000|100%| E|CS|TAMS 0x0000000085c00000, 0x0000000085c00000| Complete 
|  93|0x0000000085d00000, 0x0000000085e00000, 0x0000000085e00000|100%| E|CS|TAMS 0x0000000085d00000, 0x0000000085d00000| Complete 

Card table byte_map: [0x000001ec79af0000,0x000001ec79ef0000] _byte_map_base: 0x000001ec796f0000

Marking Bits (Prev, Next): (CMBitMap*) 0x000001ec666b2c80, (CMBitMap*) 0x000001ec666b2c48
 Prev Bits: [0x000001ec7c2f0000, 0x000001ec7e2f0000)
 Next Bits: [0x000001ec7a2f0000, 0x000001ec7c2f0000)

Polling page: 0x000001ec645e0000

Metaspace:

Usage:
  Non-class:     27.06 MB capacity,    26.67 MB ( 99%) used,   333.34 KB (  1%) free+waste,    65.19 KB ( <1%) overhead. 
      Class:      4.32 MB capacity,     4.05 MB ( 94%) used,   251.71 KB (  6%) free+waste,    32.50 KB ( <1%) overhead. 
       Both:     31.38 MB capacity,    30.72 MB ( 98%) used,   585.05 KB (  2%) free+waste,    97.69 KB ( <1%) overhead. 

Virtual space:
  Non-class space:       30.00 MB reserved,      27.17 MB ( 91%) committed 
      Class space:        1.00 GB reserved,       4.38 MB ( <1%) committed 
             Both:        1.03 GB reserved,      31.55 MB (  3%) committed 

Chunk freelists:
   Non-Class:  0 bytes
       Class:  0 bytes
        Both:  0 bytes

MaxMetaspaceSize: 17179869184.00 GB
CompressedClassSpaceSize: 1.00 GB
Initial GC threshold: 20.80 MB
Current GC threshold: 35.08 MB
CDS: off

CodeHeap 'non-profiled nmethods': size=120000Kb used=1255Kb max_used=1255Kb free=118744Kb
 bounds [0x000001ec71c60000, 0x000001ec71ed0000, 0x000001ec79190000]
CodeHeap 'profiled nmethods': size=120000Kb used=5679Kb max_used=5679Kb free=114320Kb
 bounds [0x000001ec6a730000, 0x000001ec6acc0000, 0x000001ec71c60000]
CodeHeap 'non-nmethods': size=5760Kb used=1230Kb max_used=1269Kb free=4529Kb
 bounds [0x000001ec6a190000, 0x000001ec6a400000, 0x000001ec6a730000]
 total_blobs=3129 nmethods=2621 adapters=420
 compilation: enabled
              stopped_count=0, restarted_count=0
 full_count=0

Compilation events (20 events):
Event: 5.255 Thread 0x000001ec7ef7a800 nmethod 2544 0x000001ec6ac91290 code [0x000001ec6ac91500, 0x000001ec6ac91f88]
Event: 5.255 Thread 0x000001ec7ef7a800 2545       3       org.codehaus.groovy.util.LockableObject::<init> (5 bytes)
Event: 5.256 Thread 0x000001ec7ef7a800 nmethod 2545 0x000001ec6ac92390 code [0x000001ec6ac92560, 0x000001ec6ac92778]
Event: 5.256 Thread 0x000001ec7ef7a800 2546       3       org.codehaus.groovy.util.LazyReference::<init> (17 bytes)
Event: 5.256 Thread 0x000001ec7ef7a800 nmethod 2546 0x000001ec6ac92890 code [0x000001ec6ac92a60, 0x000001ec6ac92d98]
Event: 5.257 Thread 0x000001ec7ef7a800 2547       3       org.codehaus.groovy.util.LazyReference::get (44 bytes)
Event: 5.257 Thread 0x000001ec7ef7a800 nmethod 2547 0x000001ec6ac92f10 code [0x000001ec6ac93100, 0x000001ec6ac934a8]
Event: 5.258 Thread 0x000001ec7ef7a800 2548   !   3       java.lang.invoke.LambdaForm::compileToBytecode (162 bytes)
Event: 5.260 Thread 0x000001ec7ef7a800 nmethod 2548 0x000001ec6ac93610 code [0x000001ec6ac939e0, 0x000001ec6ac95058]
Event: 5.260 Thread 0x000001ec7ef7a800 2550       1       org.codehaus.groovy.util.ReferenceManager::getReferenceQueue (5 bytes)
Event: 5.260 Thread 0x000001ec7ef7a800 nmethod 2550 0x000001ec71d97a10 code [0x000001ec71d97bc0, 0x000001ec71d97c78]
Event: 5.260 Thread 0x000001ec7ef7a800 2549       3       java.lang.invoke.DirectMethodHandle::shouldBeInitialized (123 bytes)
Event: 5.261 Thread 0x000001ec7ef7a800 nmethod 2549 0x000001ec6ac95d10 code [0x000001ec6ac96100, 0x000001ec6ac97758]
Event: 5.261 Thread 0x000001ec7ef7a800 2551       1       org.codehaus.groovy.util.ReferenceBundle::getType (5 bytes)
Event: 5.261 Thread 0x000001ec7ef7a800 nmethod 2551 0x000001ec71d97d10 code [0x000001ec71d97ec0, 0x000001ec71d97f78]
Event: 5.261 Thread 0x000001ec7ef7a800 2552       1       org.codehaus.groovy.util.ReferenceBundle::getManager (5 bytes)
Event: 5.261 Thread 0x000001ec7ef7a800 nmethod 2552 0x000001ec71d98010 code [0x000001ec71d981c0, 0x000001ec71d98278]
Event: 5.263 Thread 0x000001ec7ef71800 2553  s!   4       jdk.internal.loader.URLClassPath::getLoader (194 bytes)
Event: 5.265 Thread 0x000001ec7ef7a800 2554       3       java.lang.invoke.Invokers::checkExactType (17 bytes)
Event: 5.265 Thread 0x000001ec7ef7a800 nmethod 2554 0x000001ec6ac97e10 code [0x000001ec6ac97fc0, 0x000001ec6ac981a8]

GC Heap History (12 events):
Event: 1.359 GC heap before
{Heap before GC invocations=0 (full 0):
 garbage-first heap   total 96256K, used 29696K [0x0000000080000000, 0x0000000100000000)
  region size 1024K, 24 young (24576K), 0 survivors (0K)
 Metaspace       used 10238K, capacity 10507K, committed 10624K, reserved 1058816K
  class space    used 1054K, capacity 1141K, committed 1152K, reserved 1048576K
}
Event: 1.368 GC heap after
{Heap after GC invocations=1 (full 0):
 garbage-first heap   total 96256K, used 9332K [0x0000000080000000, 0x0000000100000000)
  region size 1024K, 3 young (3072K), 3 survivors (3072K)
 Metaspace       used 10238K, capacity 10507K, committed 10624K, reserved 1058816K
  class space    used 1054K, capacity 1141K, committed 1152K, reserved 1048576K
}
Event: 2.186 GC heap before
{Heap before GC invocations=1 (full 0):
 garbage-first heap   total 96256K, used 63604K [0x0000000080000000, 0x0000000100000000)
  region size 1024K, 56 young (57344K), 3 survivors (3072K)
 Metaspace       used 13643K, capacity 14025K, committed 14208K, reserved 1062912K
  class space    used 1483K, capacity 1591K, committed 1664K, reserved 1048576K
}
Event: 2.193 GC heap after
{Heap after GC invocations=2 (full 0):
 garbage-first heap   total 96256K, used 14989K [0x0000000080000000, 0x0000000100000000)
  region size 1024K, 7 young (7168K), 7 survivors (7168K)
 Metaspace       used 13643K, capacity 14025K, committed 14208K, reserved 1062912K
  class space    used 1483K, capacity 1591K, committed 1664K, reserved 1048576K
}
Event: 3.175 GC heap before
{Heap before GC invocations=2 (full 0):
 garbage-first heap   total 96256K, used 37517K [0x0000000080000000, 0x0000000100000000)
  region size 1024K, 29 young (29696K), 7 survivors (7168K)
 Metaspace       used 18152K, capacity 18531K, committed 18688K, reserved 1064960K
  class space    used 2134K, capacity 2287K, committed 2304K, reserved 1048576K
}
Event: 3.181 GC heap after
{Heap after GC invocations=3 (full 0):
 garbage-first heap   total 96256K, used 16579K [0x0000000080000000, 0x0000000100000000)
  region size 1024K, 2 young (2048K), 2 survivors (2048K)
 Metaspace       used 18152K, capacity 18531K, committed 18688K, reserved 1064960K
  class space    used 2134K, capacity 2287K, committed 2304K, reserved 1048576K
}
Event: 3.499 GC heap before
{Heap before GC invocations=3 (full 0):
 garbage-first heap   total 96256K, used 38083K [0x0000000080000000, 0x0000000100000000)
  region size 1024K, 24 young (24576K), 2 survivors (2048K)
 Metaspace       used 20714K, capacity 21167K, committed 21296K, reserved 1069056K
  class space    used 2507K, capacity 2633K, committed 2688K, reserved 1048576K
}
Event: 3.502 GC heap after
{Heap after GC invocations=4 (full 0):
 garbage-first heap   total 96256K, used 17182K [0x0000000080000000, 0x0000000100000000)
  region size 1024K, 3 young (3072K), 3 survivors (3072K)
 Metaspace       used 20714K, capacity 21167K, committed 21296K, reserved 1069056K
  class space    used 2507K, capacity 2633K, committed 2688K, reserved 1048576K
}
Event: 4.036 GC heap before
{Heap before GC invocations=5 (full 0):
 garbage-first heap   total 96256K, used 55070K [0x0000000080000000, 0x0000000100000000)
  region size 1024K, 41 young (41984K), 3 survivors (3072K)
 Metaspace       used 24609K, capacity 25176K, committed 25392K, reserved 1071104K
  class space    used 3127K, capacity 3336K, committed 3456K, reserved 1048576K
}
Event: 4.039 GC heap after
{Heap after GC invocations=6 (full 0):
 garbage-first heap   total 96256K, used 18446K [0x0000000080000000, 0x0000000100000000)
  region size 1024K, 4 young (4096K), 4 survivors (4096K)
 Metaspace       used 24609K, capacity 25176K, committed 25392K, reserved 1071104K
  class space    used 3127K, capacity 3336K, committed 3456K, reserved 1048576K
}
Event: 4.771 GC heap before
{Heap before GC invocations=6 (full 0):
 garbage-first heap   total 96256K, used 59406K [0x0000000080000000, 0x0000000100000000)
  region size 1024K, 44 young (45056K), 4 survivors (4096K)
 Metaspace       used 28263K, capacity 28907K, committed 28976K, reserved 1075200K
  class space    used 3697K, capacity 3945K, committed 3968K, reserved 1048576K
}
Event: 4.775 GC heap after
{Heap after GC invocations=7 (full 0):
 garbage-first heap   total 96256K, used 19995K [0x0000000080000000, 0x0000000100000000)
  region size 1024K, 4 young (4096K), 4 survivors (4096K)
 Metaspace       used 28263K, capacity 28907K, committed 28976K, reserved 1075200K
  class space    used 3697K, capacity 3945K, committed 3968K, reserved 1048576K
}

Deoptimization events (20 events):
Event: 4.243 Thread 0x000001ec03d94000 Uncommon trap: trap_request=0xffffffde fr.pc=0x000001ec71d5fe24 relative=0x00000000000002e4
Event: 4.243 Thread 0x000001ec03d94000 Uncommon trap: reason=class_check action=maybe_recompile pc=0x000001ec71d5fe24 method=java.util.Collections$SetFromMap.remove(Ljava/lang/Object;)Z @ 5 c2
Event: 4.243 Thread 0x000001ec03d94000 DEOPT PACKING pc=0x000001ec71d5fe24 sp=0x00000047cbafc890
Event: 4.243 Thread 0x000001ec03d94000 DEOPT UNPACKING pc=0x000001ec6a1da1af sp=0x00000047cbafc888 mode 2
Event: 4.243 Thread 0x000001ec03d94000 Uncommon trap: trap_request=0xffffffde fr.pc=0x000001ec71d5fe24 relative=0x00000000000002e4
Event: 4.243 Thread 0x000001ec03d94000 Uncommon trap: reason=class_check action=maybe_recompile pc=0x000001ec71d5fe24 method=java.util.Collections$SetFromMap.remove(Ljava/lang/Object;)Z @ 5 c2
Event: 4.243 Thread 0x000001ec03d94000 DEOPT PACKING pc=0x000001ec71d5fe24 sp=0x00000047cbafc820
Event: 4.243 Thread 0x000001ec03d94000 DEOPT UNPACKING pc=0x000001ec6a1da1af sp=0x00000047cbafc818 mode 2
Event: 4.587 Thread 0x000001ec03d94000 Uncommon trap: trap_request=0xffffff4d fr.pc=0x000001ec71d2194c relative=0x000000000000020c
Event: 4.587 Thread 0x000001ec03d94000 Uncommon trap: reason=unstable_if action=reinterpret pc=0x000001ec71d2194c method=java.util.HashMap.hash(Ljava/lang/Object;)I @ 1 c2
Event: 4.587 Thread 0x000001ec03d94000 DEOPT PACKING pc=0x000001ec71d2194c sp=0x00000047cbaf91d0
Event: 4.587 Thread 0x000001ec03d94000 DEOPT UNPACKING pc=0x000001ec6a1da1af sp=0x00000047cbaf9108 mode 2
Event: 4.587 Thread 0x000001ec03d94000 Uncommon trap: trap_request=0xffffff4d fr.pc=0x000001ec71cce02c relative=0x000000000000008c
Event: 4.587 Thread 0x000001ec03d94000 Uncommon trap: reason=unstable_if action=reinterpret pc=0x000001ec71cce02c method=java.util.HashMap.hash(Ljava/lang/Object;)I @ 1 c2
Event: 4.587 Thread 0x000001ec03d94000 DEOPT PACKING pc=0x000001ec71cce02c sp=0x00000047cbaf8f40
Event: 4.587 Thread 0x000001ec03d94000 DEOPT UNPACKING pc=0x000001ec6a1da1af sp=0x00000047cbaf8ed8 mode 2
Event: 5.097 Thread 0x000001ec03d94000 Uncommon trap: trap_request=0xffffff4d fr.pc=0x000001ec71d1fcb0 relative=0x0000000000000230
Event: 5.097 Thread 0x000001ec03d94000 Uncommon trap: reason=unstable_if action=reinterpret pc=0x000001ec71d1fcb0 method=java.util.HashMap.putVal(ILjava/lang/Object;Ljava/lang/Object;ZZ)Ljava/lang/Object; @ 162 c2
Event: 5.097 Thread 0x000001ec03d94000 DEOPT PACKING pc=0x000001ec71d1fcb0 sp=0x00000047cbafaca0
Event: 5.097 Thread 0x000001ec03d94000 DEOPT UNPACKING pc=0x000001ec6a1da1af sp=0x00000047cbafabb0 mode 2

Classes redefined (0 events):
No events

Internal exceptions (20 events):
Event: 3.875 Thread 0x000001ec03d94000 Exception <a 'java/lang/NoSuchMethodError'{0x00000000840d8368}: 'void java.lang.invoke.DirectMethodHandle$Holder.invokeSpecial(java.lang.Object, java.lang.Object, java.lang.Object, java.lang.Object, java.lang.Object, java.lang.Object, java.lang.Object)'> (0x00000000840d8368) thrown at [./src/hotspot/share/interpreter/linkResolver.cpp, line 773]
Event: 3.875 Thread 0x000001ec03d94000 Exception <a 'java/lang/NoSuchMethodError'{0x00000000840e0858}: 'java.lang.Object java.lang.invoke.Invokers$Holder.linkToTargetMethod(java.lang.Object, java.lang.Object, java.lang.Object, java.lang.Object, java.lang.Object, java.lang.Object)'> (0x00000000840e0858) thrown at [./src/hotspot/share/interpreter/linkResolver.cpp, line 773]
Event: 4.000 Thread 0x000001ec03d94000 Exception <a 'java/lang/NoSuchMethodError'{0x00000000836324f8}: 'int java.lang.invoke.DirectMethodHandle$Holder.invokeStaticInit(java.lang.Object, java.lang.Object, java.lang.Object)'> (0x00000000836324f8) thrown at [./src/hotspot/share/interpreter/linkResolver.cpp, line 773]
Event: 4.095 Thread 0x000001ec03d94000 Exception <a 'java/lang/NoSuchMethodError'{0x0000000085a785e8}: 'void java.lang.invoke.DirectMethodHandle$Holder.invokeStaticInit(java.lang.Object, java.lang.Object)'> (0x0000000085a785e8) thrown at [./src/hotspot/share/interpreter/linkResolver.cpp, line 773]
Event: 4.234 Thread 0x000001ec03d94000 Exception <a 'java/lang/NoSuchMethodError'{0x00000000855f8458}: 'void java.lang.invoke.DirectMethodHandle$Holder.invokeStatic(java.lang.Object, java.lang.Object, java.lang.Object, java.lang.Object)'> (0x00000000855f8458) thrown at [./src/hotspot/share/interpreter/linkResolver.cpp, line 773]
Event: 4.236 Thread 0x000001ec03d94000 Exception <a 'java/lang/NoSuchMethodError'{0x000000008540c410}: 'int java.lang.invoke.DirectMethodHandle$Holder.invokeInterface(java.lang.Object, java.lang.Object)'> (0x000000008540c410) thrown at [./src/hotspot/share/interpreter/linkResolver.cpp, line 773]
Event: 4.410 Thread 0x000001ec03d94000 Exception <a 'java/lang/NoSuchMethodError'{0x0000000084ad7a00}: 'java.lang.Object java.lang.invoke.DirectMethodHandle$Holder.invokeSpecialIFC(java.lang.Object, java.lang.Object, java.lang.Object, java.lang.Object)'> (0x0000000084ad7a00) thrown at [./src/hotspot/share/interpreter/linkResolver.cpp, line 773]
Event: 4.421 Thread 0x000001ec03d94000 Exception <a 'java/lang/NoSuchMethodError'{0x00000000849c0510}: 'java.lang.Object java.lang.invoke.DirectMethodHandle$Holder.invokeSpecial(java.lang.Object, java.lang.Object, java.lang.Object, java.lang.Object, java.lang.Object, java.lang.Object, java.lang.Object, java.lang.Object, java.lang.Object, java.lang.Object, java.lang.Object, java.lang.Object, java.lang.Object)'> (0x00000000849c0510) thrown at [./src/hotspot/share/interpreter/linkResolver.cpp, line 773]
Event: 4.423 Thread 0x000001ec03d94000 Exception <a 'java/lang/NoSuchMethodError'{0x00000000849d1370}: 'java.lang.Object java.lang.invoke.DirectMethodHandle$Holder.invokeSpecial(java.lang.Object, java.lang.Object, java.lang.Object, java.lang.Object, java.lang.Object, java.lang.Object, java.lang.Object, java.lang.Object, java.lang.Object, java.lang.Object, java.lang.Object, java.lang.Object)'> (0x00000000849d1370) thrown at [./src/hotspot/share/interpreter/linkResolver.cpp, line 773]
Event: 4.423 Thread 0x000001ec03d94000 Exception <a 'java/lang/NoSuchMethodError'{0x00000000849d6498}: 'java.lang.Object java.lang.invoke.Invokers$Holder.linkToTargetMethod(java.lang.Object, java.lang.Object, java.lang.Object, java.lang.Object, java.lang.Object, java.lang.Object, java.lang.Object, java.lang.Object, java.lang.Object, java.lang.Object, java.lang.Object)'> (0x00000000849d6498) thrown at [./src/hotspot/share/interpreter/linkResolver.cpp, line 773]
Event: 4.440 Thread 0x000001ec03d94000 Exception <a 'java/lang/NoSuchMethodError'{0x000000008472d360}: 'java.lang.Object java.lang.invoke.DirectMethodHandle$Holder.invokeSpecial(java.lang.Object, java.lang.Object, java.lang.Object, java.lang.Object, java.lang.Object, java.lang.Object, java.lang.Object, java.lang.Object, java.lang.Object, java.lang.Object, java.lang.Object, java.lang.Object, java.lang.Object, java.lang.Object)'> (0x000000008472d360) thrown at [./src/hotspot/share/interpreter/linkResolver.cpp, line 773]
Event: 4.440 Thread 0x000001ec03d94000 Exception <a 'java/lang/NoSuchMethodError'{0x000000008473e9d8}: 'java.lang.Object java.lang.invoke.Invokers$Holder.linkToTargetMethod(java.lang.Object, java.lang.Object, java.lang.Object, java.lang.Object, java.lang.Object, java.lang.Object, java.lang.Object, java.lang.Object, java.lang.Object, java.lang.Object, java.lang.Object, java.lang.Object)'> (0x000000008473e9d8) thrown at [./src/hotspot/share/interpreter/linkResolver.cpp, line 773]
Event: 4.450 Thread 0x000001ec03d94000 Exception <a 'java/lang/NoSuchMethodError'{0x00000000847d8d30}: 'java.lang.Object java.lang.invoke.DirectMethodHandle$Holder.invokeStaticInit(java.lang.Object, java.lang.Object, java.lang.Object, java.lang.Object)'> (0x00000000847d8d30) thrown at [./src/hotspot/share/interpreter/linkResolver.cpp, line 773]
Event: 4.587 Thread 0x000001ec03d94000 Implicit null exception at 0x000001ec71d21775 to 0x000001ec71d2193c
Event: 4.587 Thread 0x000001ec03d94000 Implicit null exception at 0x000001ec71ccdfaf to 0x000001ec71cce01d
Event: 4.797 Thread 0x000001ec03d94000 Exception <a 'java/lang/NoSuchMethodError'{0x0000000085c35270}: 'java.lang.Object java.lang.invoke.Invokers$Holder.linkToTargetMethod(java.lang.Object, java.lang.Object, java.lang.Object, java.lang.Object, java.lang.Object, java.lang.Object, java.lang.Object, java.lang.Object)'> (0x0000000085c35270) thrown at [./src/hotspot/share/interpreter/linkResolver.cpp, line 773]
Event: 4.801 Thread 0x000001ec03d94000 Exception <a 'java/lang/NoSuchMethodError'{0x0000000085c69fd8}: 'java.lang.Object java.lang.invoke.DirectMethodHandle$Holder.invokeVirtual(java.lang.Object, java.lang.Object, java.lang.Object)'> (0x0000000085c69fd8) thrown at [./src/hotspot/share/interpreter/linkResolver.cpp, line 773]
Event: 4.829 Thread 0x000001ec03d94000 Exception <a 'java/lang/NoSuchMethodError'{0x0000000085b46f10}: 'java.lang.Object java.lang.invoke.Invokers$Holder.linkToTargetMethod(java.lang.Object, java.lang.Object, java.lang.Object, java.lang.Object, java.lang.Object, java.lang.Object, java.lang.Object)'> (0x0000000085b46f10) thrown at [./src/hotspot/share/interpreter/linkResolver.cpp, line 773]
Event: 4.834 Thread 0x000001ec03d94000 Exception <a 'java/lang/IncompatibleClassChangeError'{0x0000000085b87140}: Found class java.lang.Object, but interface was expected> (0x0000000085b87140) thrown at [./src/hotspot/share/interpreter/linkResolver.cpp, line 839]
Event: 4.901 Thread 0x000001ec03d94000 Exception <a 'java/lang/NoSuchMethodError'{0x000000008572f4e8}: 'int java.lang.invoke.DirectMethodHandle$Holder.invokeVirtual(java.lang.Object, java.lang.Object)'> (0x000000008572f4e8) thrown at [./src/hotspot/share/interpreter/linkResolver.cpp, line 773]

Events (20 events):
Event: 5.266 loading class org/codehaus/groovy/vmplugin/VMPluginFactory
Event: 5.266 loading class org/codehaus/groovy/vmplugin/VMPluginFactory done
Event: 5.267 loading class org/codehaus/groovy/vmplugin/VMPlugin
Event: 5.267 loading class org/codehaus/groovy/vmplugin/VMPlugin done
Event: 5.267 loading class org/codehaus/groovy/vmplugin/VMPlugin
Event: 5.267 loading class org/codehaus/groovy/vmplugin/VMPlugin done
Event: 5.267 loading class org/codehaus/groovy/vmplugin/v9/Java9
Event: 5.268 loading class org/codehaus/groovy/vmplugin/v9/Java9 done
Event: 5.272 loading class org/codehaus/groovy/vmplugin/v8/Java8
Event: 5.272 loading class org/codehaus/groovy/vmplugin/v8/Java8 done
Event: 5.274 loading class org/codehaus/groovy/ast/Parameter
Event: 5.274 loading class org/codehaus/groovy/ast/Parameter done
Event: 5.275 loading class org/codehaus/groovy/ast/Variable
Event: 5.275 loading class org/codehaus/groovy/ast/Variable done
Event: 5.276 loading class org/codehaus/groovy/ast/expr/Expression
Event: 5.276 loading class org/codehaus/groovy/ast/expr/Expression done
Event: 5.277 loading class org/codehaus/groovy/ast/expr/ConstantExpression
Event: 5.277 loading class org/codehaus/groovy/ast/expr/ConstantExpression done
Event: 5.278 loading class org/codehaus/groovy/ast/expr/ClassExpression
Event: 5.278 loading class org/codehaus/groovy/ast/expr/ClassExpression done


Dynamic libraries:
0x00007ff7d5590000 - 0x00007ff7d559a000 	C:\Program Files\Android\Android Studio\jre\bin\java.exe
0x00007ffbcb0c0000 - 0x00007ffbcb2c9000 	C:\Windows\SYSTEM32\ntdll.dll
0x00007ffbc9640000 - 0x00007ffbc96fe000 	C:\Windows\System32\KERNEL32.DLL
0x00007ffbc8800000 - 0x00007ffbc8b83000 	C:\Windows\System32\KERNELBASE.dll
0x00007ffbc8570000 - 0x00007ffbc8681000 	C:\Windows\System32\ucrtbase.dll
0x00007ffbaf6c0000 - 0x00007ffbaf6d7000 	C:\Program Files\Android\Android Studio\jre\bin\VCRUNTIME140.dll
0x00007ffbaf6e0000 - 0x00007ffbaf6f9000 	C:\Program Files\Android\Android Studio\jre\bin\jli.dll
0x00007ffbcab60000 - 0x00007ffbcad0d000 	C:\Windows\System32\USER32.dll
0x00007ffbc8b90000 - 0x00007ffbc8bb6000 	C:\Windows\System32\win32u.dll
0x00007ffbcad10000 - 0x00007ffbcad39000 	C:\Windows\System32\GDI32.dll
0x00007ffbaba20000 - 0x00007ffbabcc5000 	C:\Windows\WinSxS\amd64_microsoft.windows.common-controls_6595b64144ccf1df_6.0.22000.120_none_9d947278b86cc467\COMCTL32.dll
0x00007ffbc8bc0000 - 0x00007ffbc8cda000 	C:\Windows\System32\gdi32full.dll
0x00007ffbc8ce0000 - 0x00007ffbc8d7d000 	C:\Windows\System32\msvcp_win.dll
0x00007ffbc9b70000 - 0x00007ffbc9c13000 	C:\Windows\System32\msvcrt.dll
0x00007ffbc8fe0000 - 0x00007ffbc9011000 	C:\Windows\System32\IMM32.DLL
0x00007ffbaed40000 - 0x00007ffbaeddd000 	C:\Program Files\Android\Android Studio\jre\bin\msvcp140.dll
0x00007ffb70050000 - 0x00007ffb70b52000 	C:\Program Files\Android\Android Studio\jre\bin\server\jvm.dll
0x00007ffbcad40000 - 0x00007ffbcadee000 	C:\Windows\System32\ADVAPI32.dll
0x00007ffbc9e40000 - 0x00007ffbc9ede000 	C:\Windows\System32\sechost.dll
0x00007ffbca8e0000 - 0x00007ffbcaa01000 	C:\Windows\System32\RPCRT4.dll
0x00007ffbc90d0000 - 0x00007ffbc90d8000 	C:\Windows\System32\PSAPI.DLL
0x00007ffbc2850000 - 0x00007ffbc2883000 	C:\Windows\SYSTEM32\WINMM.dll
0x00007ffbbf870000 - 0x00007ffbbf87a000 	C:\Windows\SYSTEM32\VERSION.dll
0x00007ffba1790000 - 0x00007ffba1799000 	C:\Windows\SYSTEM32\WSOCK32.dll
0x00007ffbc90e0000 - 0x00007ffbc914f000 	C:\Windows\System32\ws2_32.DLL
0x00007ffbc75f0000 - 0x00007ffbc7608000 	C:\Windows\SYSTEM32\kernel.appcore.dll
0x00007ffb7f4d0000 - 0x00007ffb7f4e1000 	C:\Program Files\Android\Android Studio\jre\bin\verify.dll
0x00007ffbc6110000 - 0x00007ffbc6331000 	C:\Windows\SYSTEM32\DBGHELP.DLL
0x00007ffbb88a0000 - 0x00007ffbb88d1000 	C:\Windows\SYSTEM32\dbgcore.DLL
0x00007ffbc8eb0000 - 0x00007ffbc8f2f000 	C:\Windows\System32\bcryptPrimitives.dll
0x00007ffb7cc70000 - 0x00007ffb7cc99000 	C:\Program Files\Android\Android Studio\jre\bin\java.dll
0x00007ffb9d260000 - 0x00007ffb9d26b000 	C:\Program Files\Android\Android Studio\jre\bin\jimage.dll
0x00007ffb7bf90000 - 0x00007ffb7bfa8000 	C:\Program Files\Android\Android Studio\jre\bin\zip.dll
0x00007ffbca000000 - 0x00007ffbca7c5000 	C:\Windows\System32\SHELL32.dll
0x00007ffbc6650000 - 0x00007ffbc6eb4000 	C:\Windows\SYSTEM32\windows.storage.dll
0x00007ffbc92c0000 - 0x00007ffbc9636000 	C:\Windows\System32\combase.dll
0x00007ffbc64e0000 - 0x00007ffbc6647000 	C:\Windows\SYSTEM32\wintypes.dll
0x00007ffbca7d0000 - 0x00007ffbca8ba000 	C:\Windows\System32\SHCORE.dll
0x00007ffbc9c20000 - 0x00007ffbc9c7d000 	C:\Windows\System32\shlwapi.dll
0x00007ffbc84a0000 - 0x00007ffbc84c1000 	C:\Windows\SYSTEM32\profapi.dll
0x00007ffb7b570000 - 0x00007ffb7b58a000 	C:\Program Files\Android\Android Studio\jre\bin\net.dll
0x00007ffbc2f20000 - 0x00007ffbc3032000 	C:\Windows\SYSTEM32\WINHTTP.dll
0x00007ffbc7a90000 - 0x00007ffbc7af7000 	C:\Windows\system32\mswsock.dll
0x00007ffb76d30000 - 0x00007ffb76d44000 	C:\Program Files\Android\Android Studio\jre\bin\nio.dll
0x00007ffbaf700000 - 0x00007ffbaf727000 	C:\Users\nraje\.gradle\native\e1d6ef7f7dcc3fd88c89a11ec53ec762bb8ba0a96d01ffa2cd45eb1d1d8dd5c5\windows-amd64\native-platform.dll
0x00007ffba6ce0000 - 0x00007ffba6e24000 	C:\Users\nraje\.gradle\native\5664cfc778a61ccfe75a443a1ab52a65af34e5dc3c78e0209fed803814484fcb\windows-amd64\native-platform-file-events.dll
0x00007ffb9d130000 - 0x00007ffb9d13a000 	C:\Program Files\Android\Android Studio\jre\bin\management.dll
0x00007ffb994d0000 - 0x00007ffb994dd000 	C:\Program Files\Android\Android Studio\jre\bin\management_ext.dll
0x00007ffbc7cf0000 - 0x00007ffbc7d08000 	C:\Windows\SYSTEM32\CRYPTSP.dll
0x00007ffbc7550000 - 0x00007ffbc7585000 	C:\Windows\system32\rsaenh.dll
0x00007ffbc7b90000 - 0x00007ffbc7bb9000 	C:\Windows\SYSTEM32\USERENV.dll
0x00007ffbc7ed0000 - 0x00007ffbc7ef7000 	C:\Windows\SYSTEM32\bcrypt.dll
0x00007ffbc7ce0000 - 0x00007ffbc7cec000 	C:\Windows\SYSTEM32\CRYPTBASE.dll
0x00007ffbc7110000 - 0x00007ffbc713d000 	C:\Windows\SYSTEM32\IPHLPAPI.DLL
0x00007ffbca8d0000 - 0x00007ffbca8d9000 	C:\Windows\System32\NSI.dll
0x00007ffbc2f00000 - 0x00007ffbc2f19000 	C:\Windows\SYSTEM32\dhcpcsvc6.DLL
0x00007ffbc3560000 - 0x00007ffbc357e000 	C:\Windows\SYSTEM32\dhcpcsvc.DLL
0x00007ffbc7140000 - 0x00007ffbc7228000 	C:\Windows\SYSTEM32\DNSAPI.dll

dbghelp: loaded successfully - version: 4.0.5 - missing functions: none
symbol engine: initialized successfully - sym options: 0x614 - pdb path: .;C:\Program Files\Android\Android Studio\jre\bin;C:\Windows\SYSTEM32;C:\Windows\WinSxS\amd64_microsoft.windows.common-controls_6595b64144ccf1df_6.0.22000.120_none_9d947278b86cc467;C:\Program Files\Android\Android Studio\jre\bin\server;C:\Users\nraje\.gradle\native\e1d6ef7f7dcc3fd88c89a11ec53ec762bb8ba0a96d01ffa2cd45eb1d1d8dd5c5\windows-amd64;C:\Users\nraje\.gradle\native\5664cfc778a61ccfe75a443a1ab52a65af34e5dc3c78e0209fed803814484fcb\windows-amd64

VM Arguments:
jvm_args: --add-opens=java.base/java.util=ALL-UNNAMED --add-opens=java.base/java.lang=ALL-UNNAMED --add-opens=java.base/java.lang.invoke=ALL-UNNAMED --add-opens=java.base/java.util=ALL-UNNAMED --add-opens=java.prefs/java.util.prefs=ALL-UNNAMED --add-opens=java.prefs/java.util.prefs=ALL-UNNAMED --add-opens=java.base/java.nio.charset=ALL-UNNAMED --add-opens=java.base/java.net=ALL-UNNAMED --add-opens=java.base/java.util.concurrent.atomic=ALL-UNNAMED -Xmx2048m -Dfile.encoding=windows-1252 -Duser.country=IN -Duser.language=en -Duser.variant 
java_command: org.gradle.launcher.daemon.bootstrap.GradleDaemon 7.2
java_class_path (initial): C:\Users\nraje\.gradle\wrapper\dists\gradle-7.2-all\260hg96vuh6ex27h9vo47iv4d\gradle-7.2\lib\gradle-launcher-7.2.jar
Launcher Type: SUN_STANDARD

[Global flags]
     intx CICompilerCount                          = 4                                         {product} {ergonomic}
     uint ConcGCThreads                            = 3                                         {product} {ergonomic}
     uint G1ConcRefinementThreads                  = 10                                        {product} {ergonomic}
   size_t G1HeapRegionSize                         = 1048576                                   {product} {ergonomic}
    uintx GCDrainStackTargetSize                   = 64                                        {product} {ergonomic}
   size_t InitialHeapSize                          = 98566144                                  {product} {ergonomic}
   size_t MarkStackSize                            = 4194304                                   {product} {ergonomic}
   size_t MaxHeapSize                              = 2147483648                                {product} {command line}
   size_t MaxNewSize                               = 1287651328                                {product} {ergonomic}
   size_t MinHeapDeltaBytes                        = 1048576                                   {product} {ergonomic}
    uintx NonNMethodCodeHeapSize                   = 5836300                                {pd product} {ergonomic}
    uintx NonProfiledCodeHeapSize                  = 122910970                              {pd product} {ergonomic}
    uintx ProfiledCodeHeapSize                     = 122910970                              {pd product} {ergonomic}
    uintx ReservedCodeCacheSize                    = 251658240                              {pd product} {ergonomic}
     bool SegmentedCodeCache                       = true                                      {product} {ergonomic}
     bool UseCompressedClassPointers               = true                                 {lp64_product} {ergonomic}
     bool UseCompressedOops                        = true                                 {lp64_product} {ergonomic}
     bool UseG1GC                                  = true                                      {product} {ergonomic}
     bool UseLargePagesIndividualAllocation        = false                                  {pd product} {ergonomic}

Logging:
Log output configuration:
 #0: stdout all=warning uptime,level,tags
 #1: stderr all=off uptime,level,tags

Environment Variables:
PATH=C:\Program Files\Common Files\Oracle\Java\javapath;C:\Program Files (x86)\Common Files\Oracle\Java\javapath;C:\Windows\system32;C:\Windows;C:\Windows\System32\Wbem;C:\Windows\System32\WindowsPowerShell\v1.0\;C:\Windows\System32\OpenSSH\;C:\Program Files\Git\cmd;C:\Users\nraje\AppData\Local\Microsoft\WindowsApps\python.exe;C:\Users\nraje\AppData\Local\Microsoft\WindowsApps\python.exe;C:\Users\nraje\AppData\Local\Microsoft\WindowsApps\;C:\Users\nraje\AppData\Local\Microsoft\WindowsApps\;C:\Users\nraje\AppData\Local\Microsoft\WindowsApps;;C:\Users\nraje\AppData\Local\Programs\Microsoft VS Code\bin
USERNAME=nraje
OS=Windows_NT
PROCESSOR_IDENTIFIER=AMD64 Family 23 Model 104 Stepping 1, AuthenticAMD



---------------  S Y S T E M  ---------------

OS: Windows 11 , 64 bit Build 22000 (10.0.22000.1761)
OS uptime: 11 days 4:19 hours

CPU:total 12 (initial active 12) (12 cores per cpu, 2 threads per core) family 23 model 104 stepping 1 microcode 0x0, cmov, cx8, fxsr, mmx, sse, sse2, sse3, ssse3, sse4.1, sse4.2, popcnt, avx, avx2, aes, clmul, mmxext, 3dnowpref, lzcnt, sse4a, ht, tsc, tscinvbit, tscinv, bmi1, bmi2, adx, sha, fma

Memory: 4k page, system-wide physical 6005M (15M free)
TotalPageFile size 24437M (AvailPageFile size 0M)
current process WorkingSet (physical memory assigned to process): 196M, peak: 198M
current process commit charge ("private bytes"): 253M, peak: 256M

vm_info: OpenJDK 64-Bit Server VM (11.0.13+0-b1751.21-8125866) for windows-amd64 JRE (11.0.13+0-b1751.21-8125866), built on Feb  2 2022 03:00:22 by "builder" with MS VC++ 14.0 (VS2015)

END.
