#
# There is insufficient memory for the Java Runtime Environment to continue.
# Native memory allocation (malloc) failed to allocate 826496 bytes for Chunk::new
# Possible reasons:
#   The system is out of physical RAM or swap space
#   The process is running with CompressedOops enabled, and the Java Heap may be blocking the growth of the native heap
# Possible solutions:
#   Reduce memory load on the system
#   Increase physical memory or swap space
#   Check if swap backing store is full
#   Decrease Java heap size (-Xmx/-Xms)
#   Decrease number of Java threads
#   Decrease Java thread stack sizes (-Xss)
#   Set larger code cache with -XX:ReservedCodeCacheSize=
#   JVM is running with Unscaled Compressed Oops mode in which the Java heap is
#     placed in the first 4GB address space. The Java Heap base address is the
#     maximum limit for the native heap growth. Please use -XX:HeapBaseMinAddress
#     to set the Java Heap base and to place the Java Heap above 4GB virtual address.
# This output file may be truncated or incomplete.
#
#  Out of Memory Error (./src/hotspot/share/memory/arena.cpp:197), pid=113164, tid=120848
#
# JRE version: OpenJDK Runtime Environment (11.0.13) (build 11.0.13+0-b1751.21-8125866)
# Java VM: OpenJDK 64-Bit Server VM (11.0.13+0-b1751.21-8125866, mixed mode, tiered, compressed oops, g1 gc, windows-amd64)
# No core dump will be written. Minidumps are not enabled by default on client versions of Windows
#

---------------  S U M M A R Y ------------

Command Line: --add-opens=java.base/java.util=ALL-UNNAMED --add-opens=java.base/java.lang=ALL-UNNAMED --add-opens=java.base/java.lang.invoke=ALL-UNNAMED --add-opens=java.base/java.util=ALL-UNNAMED --add-opens=java.prefs/java.util.prefs=ALL-UNNAMED --add-opens=java.prefs/java.util.prefs=ALL-UNNAMED --add-opens=java.base/java.nio.charset=ALL-UNNAMED --add-opens=java.base/java.net=ALL-UNNAMED --add-opens=java.base/java.util.concurrent.atomic=ALL-UNNAMED -Xmx2048m -Dfile.encoding=windows-1252 -Duser.country=IN -Duser.language=en -Duser.variant org.gradle.launcher.daemon.bootstrap.GradleDaemon 7.2

Host: AMD Ryzen 5 5500U with Radeon Graphics         , 12 cores, 5G,  Windows 11 , 64 bit Build 22000 (10.0.22000.1761)
Time: Thu May 11 23:16:46 2023 India Standard Time elapsed time: 6.719164 seconds (0d 0h 0m 6s)

---------------  T H R E A D  ---------------

Current thread (0x000001b31f048800):  JavaThread "C2 CompilerThread0" daemon [_thread_in_native, id=120848, stack(0x0000002398c00000,0x0000002398d00000)]


Current CompileTask:
C2:   6719 3549       4       org.codehaus.groovy.runtime.metaclass.MetaMethodIndex::addMethodToList (131 bytes)

Stack: [0x0000002398c00000,0x0000002398d00000]
Native frames: (J=compiled Java code, j=interpreted, Vv=VM code, C=native code)
V  [jvm.dll+0x6100fa]
V  [jvm.dll+0x747090]
V  [jvm.dll+0x7486ad]
V  [jvm.dll+0x748d83]
V  [jvm.dll+0x24ab48]
V  [jvm.dll+0xc04dc]
V  [jvm.dll+0xc0a0c]
V  [jvm.dll+0x2bfab4]
V  [jvm.dll+0x524238]
V  [jvm.dll+0x2045ac]
V  [jvm.dll+0x2023c2]
V  [jvm.dll+0x188e01]
V  [jvm.dll+0x21106b]
V  [jvm.dll+0x20f8c1]
V  [jvm.dll+0x70de0f]
V  [jvm.dll+0x706a75]
V  [jvm.dll+0x60ed66]
C  [ucrtbase.dll+0x26c0c]
C  [KERNEL32.DLL+0x15590]
C  [ntdll.dll+0x485b]


---------------  P R O C E S S  ---------------

Threads class SMR info:
_java_thread_list=0x000001b3242b91c0, length=35, elements={
0x000001b30474e000, 0x000001b31f024800, 0x000001b31f030000, 0x000001b31f045800,
0x000001b31f046800, 0x000001b31f047800, 0x000001b31f048800, 0x000001b31f04c800,
0x000001b31f052800, 0x000001b31fb01800, 0x000001b321deb000, 0x000001b3219ec000,
0x000001b3213bc000, 0x000001b321ceb000, 0x000001b3214d7000, 0x000001b321af7000,
0x000001b321af7800, 0x000001b321dba000, 0x000001b321c24800, 0x000001b321488800,
0x000001b32148b000, 0x000001b321487000, 0x000001b321489800, 0x000001b32148a000,
0x000001b321487800, 0x000001b321485000, 0x000001b32148b800, 0x000001b321486000,
0x000001b322852800, 0x000001b322850000, 0x000001b322851000, 0x000001b322853800,
0x000001b322852000, 0x000001b32284e800, 0x000001b32284e000
}

Java Threads: ( => current thread )
  0x000001b30474e000 JavaThread "main" [_thread_blocked, id=71916, stack(0x0000002398000000,0x0000002398100000)]
  0x000001b31f024800 JavaThread "Reference Handler" daemon [_thread_blocked, id=116476, stack(0x0000002398700000,0x0000002398800000)]
  0x000001b31f030000 JavaThread "Finalizer" daemon [_thread_blocked, id=93748, stack(0x0000002398800000,0x0000002398900000)]
  0x000001b31f045800 JavaThread "Signal Dispatcher" daemon [_thread_blocked, id=127436, stack(0x0000002398900000,0x0000002398a00000)]
  0x000001b31f046800 JavaThread "Attach Listener" daemon [_thread_blocked, id=96160, stack(0x0000002398a00000,0x0000002398b00000)]
  0x000001b31f047800 JavaThread "Service Thread" daemon [_thread_blocked, id=126480, stack(0x0000002398b00000,0x0000002398c00000)]
=>0x000001b31f048800 JavaThread "C2 CompilerThread0" daemon [_thread_in_native, id=120848, stack(0x0000002398c00000,0x0000002398d00000)]
  0x000001b31f04c800 JavaThread "C1 CompilerThread0" daemon [_thread_blocked, id=64608, stack(0x0000002398d00000,0x0000002398e00000)]
  0x000001b31f052800 JavaThread "Sweeper thread" daemon [_thread_blocked, id=93264, stack(0x0000002398e00000,0x0000002398f00000)]
  0x000001b31fb01800 JavaThread "Common-Cleaner" daemon [_thread_blocked, id=114488, stack(0x0000002398f00000,0x0000002399000000)]
  0x000001b321deb000 JavaThread "Daemon health stats" [_thread_blocked, id=129616, stack(0x0000002399200000,0x0000002399300000)]
  0x000001b3219ec000 JavaThread "Incoming local TCP Connector on port 52935" [_thread_in_native, id=103032, stack(0x0000002399300000,0x0000002399400000)]
  0x000001b3213bc000 JavaThread "Daemon periodic checks" [_thread_blocked, id=99392, stack(0x0000002399400000,0x0000002399500000)]
  0x000001b321ceb000 JavaThread "Daemon" [_thread_blocked, id=129724, stack(0x0000002399500000,0x0000002399600000)]
  0x000001b3214d7000 JavaThread "Handler for socket connection from /127.0.0.1:52935 to /127.0.0.1:52936" [_thread_in_native, id=114492, stack(0x0000002399600000,0x0000002399700000)]
  0x000001b321af7000 JavaThread "Cancel handler" [_thread_blocked, id=103024, stack(0x0000002399700000,0x0000002399800000)]
  0x000001b321af7800 JavaThread "Daemon worker" [_thread_in_vm, id=105296, stack(0x0000002399800000,0x0000002399900000)]
  0x000001b321dba000 JavaThread "Asynchronous log dispatcher for DefaultDaemonConnection: socket connection from /127.0.0.1:52935 to /127.0.0.1:52936" [_thread_blocked, id=125996, stack(0x0000002399900000,0x0000002399a00000)]
  0x000001b321c24800 JavaThread "Stdin handler" [_thread_blocked, id=121012, stack(0x0000002399a00000,0x0000002399b00000)]
  0x000001b321488800 JavaThread "Daemon client event forwarder" [_thread_blocked, id=121764, stack(0x0000002399b00000,0x0000002399c00000)]
  0x000001b32148b000 JavaThread "Cache worker for journal cache (C:\Users\nraje\.gradle\caches\journal-1)" [_thread_blocked, id=130784, stack(0x000000239a400000,0x000000239a500000)]
  0x000001b321487000 JavaThread "File lock request listener" [_thread_in_native, id=116452, stack(0x000000239a500000,0x000000239a600000)]
  0x000001b321489800 JavaThread "Cache worker for file hash cache (C:\Users\nraje\.gradle\caches\7.2\fileHashes)" [_thread_blocked, id=130476, stack(0x000000239a600000,0x000000239a700000)]
  0x000001b32148a000 JavaThread "Cache worker for file hash cache (C:\Users\nraje\AndroidStudioProjects\NOTEIT\.gradle\7.2\fileHashes)" [_thread_blocked, id=60908, stack(0x000000239a900000,0x000000239aa00000)]
  0x000001b321487800 JavaThread "File watcher server" daemon [_thread_in_native, id=129740, stack(0x000000239aa00000,0x000000239ab00000)]
  0x000001b321485000 JavaThread "File watcher consumer" daemon [_thread_blocked, id=115996, stack(0x000000239ab00000,0x000000239ac00000)]
  0x000001b32148b800 JavaThread "Cache worker for checksums cache (C:\Users\nraje\AndroidStudioProjects\NOTEIT\.gradle\checksums)" [_thread_blocked, id=112804, stack(0x000000239ac00000,0x000000239ad00000)]
  0x000001b321486000 JavaThread "Cache worker for cache directory md-supplier (C:\Users\nraje\.gradle\caches\7.2\md-supplier)" [_thread_blocked, id=115236, stack(0x000000239ad00000,0x000000239ae00000)]
  0x000001b322852800 JavaThread "Cache worker for cache directory md-rule (C:\Users\nraje\.gradle\caches\7.2\md-rule)" [_thread_blocked, id=107828, stack(0x000000239ae00000,0x000000239af00000)]
  0x000001b322850000 JavaThread "Cache worker for execution history cache (C:\Users\nraje\.gradle\caches\7.2\executionHistory)" [_thread_blocked, id=116076, stack(0x000000239af00000,0x000000239b000000)]
  0x000001b322851000 JavaThread "jar transforms" [_thread_blocked, id=89788, stack(0x000000239b000000,0x000000239b100000)]
  0x000001b322853800 JavaThread "jar transforms Thread 2" [_thread_blocked, id=129432, stack(0x000000239b100000,0x000000239b200000)]
  0x000001b322852000 JavaThread "Cache worker for file content cache (C:\Users\nraje\.gradle\caches\7.2\fileContent)" [_thread_blocked, id=115416, stack(0x000000239b200000,0x000000239b300000)]
  0x000001b32284e800 JavaThread "Cache worker for dependencies-accessors (C:\Users\nraje\AndroidStudioProjects\NOTEIT\.gradle\7.2\dependencies-accessors)" [_thread_blocked, id=127156, stack(0x000000239b300000,0x000000239b400000)]
  0x000001b32284e000 JavaThread "jar transforms Thread 3" [_thread_blocked, id=128424, stack(0x000000239b400000,0x000000239b500000)]

Other Threads:
  0x000001b31f020000 VMThread "VM Thread" [stack: 0x0000002398600000,0x0000002398700000] [id=110268]
  0x000001b31fb7e800 WatcherThread [stack: 0x0000002399000000,0x0000002399100000] [id=116744]
  0x000001b304768800 GCTaskThread "GC Thread#0" [stack: 0x0000002398100000,0x0000002398200000] [id=127520]
  0x000001b32081f800 GCTaskThread "GC Thread#1" [stack: 0x0000002399100000,0x0000002399200000] [id=115848]
  0x000001b321bd7800 GCTaskThread "GC Thread#2" [stack: 0x0000002399c00000,0x0000002399d00000] [id=126788]
  0x000001b321d51800 GCTaskThread "GC Thread#3" [stack: 0x0000002399d00000,0x0000002399e00000] [id=122668]
  0x000001b3219a6800 GCTaskThread "GC Thread#4" [stack: 0x0000002399e00000,0x0000002399f00000] [id=110980]
  0x000001b321c26800 GCTaskThread "GC Thread#5" [stack: 0x0000002399f00000,0x000000239a000000] [id=128800]
  0x000001b321db9000 GCTaskThread "GC Thread#6" [stack: 0x000000239a000000,0x000000239a100000] [id=131012]
  0x000001b321d56800 GCTaskThread "GC Thread#7" [stack: 0x000000239a100000,0x000000239a200000] [id=122628]
  0x000001b321b50800 GCTaskThread "GC Thread#8" [stack: 0x000000239a200000,0x000000239a300000] [id=130436]
  0x000001b321492000 GCTaskThread "GC Thread#9" [stack: 0x000000239a300000,0x000000239a400000] [id=122900]
  0x000001b30479a800 ConcurrentGCThread "G1 Main Marker" [stack: 0x0000002398200000,0x0000002398300000] [id=110996]
  0x000001b30479b800 ConcurrentGCThread "G1 Conc#0" [stack: 0x0000002398300000,0x0000002398400000] [id=129816]
  0x000001b322025800 ConcurrentGCThread "G1 Conc#1" [stack: 0x000000239a700000,0x000000239a800000] [id=128288]
  0x000001b322026000 ConcurrentGCThread "G1 Conc#2" [stack: 0x000000239a800000,0x000000239a900000] [id=112152]
  0x000001b304829800 ConcurrentGCThread "G1 Refine#0" [stack: 0x0000002398400000,0x0000002398500000] [id=99436]
  0x000001b30482c800 ConcurrentGCThread "G1 Young RemSet Sampling" [stack: 0x0000002398500000,0x0000002398600000] [id=126512]

Threads with active compile tasks:
C2 CompilerThread0   6753 3549       4       org.codehaus.groovy.runtime.metaclass.MetaMethodIndex::addMethodToList (131 bytes)

VM state:not at safepoint (normal execution)

VM Mutex/Monitor currently owned by a thread: None

Heap address: 0x0000000080000000, size: 2048 MB, Compressed Oops mode: 32-bit
Narrow klass base: 0x0000000000000000, Narrow klass shift: 3
Compressed class space size: 1073741824 Address: 0x0000000100000000

Heap:
 garbage-first heap   total 96256K, used 33328K [0x0000000080000000, 0x0000000100000000)
  region size 1024K, 11 young (11264K), 5 survivors (5120K)
 Metaspace       used 42807K, capacity 43850K, committed 43984K, reserved 1087488K
  class space    used 5360K, capacity 5719K, committed 5760K, reserved 1048576K
Heap Regions: E=young(eden), S=young(survivor), O=old, HS=humongous(starts), HC=humongous(continues), CS=collection set, F=free, A=archive, TAMS=top-at-mark-start (previous, next)
|   0|0x0000000080000000, 0x0000000080100000, 0x0000000080100000|100%| O|  |TAMS 0x0000000080100000, 0x0000000080000000| Untracked 
|   1|0x0000000080100000, 0x0000000080200000, 0x0000000080200000|100%| O|  |TAMS 0x0000000080200000, 0x0000000080100000| Untracked 
|   2|0x0000000080200000, 0x0000000080300000, 0x0000000080300000|100%| O|  |TAMS 0x0000000080300000, 0x0000000080200000| Untracked 
|   3|0x0000000080300000, 0x0000000080400000, 0x0000000080400000|100%|HS|  |TAMS 0x0000000080400000, 0x0000000080300000| Complete 
|   4|0x0000000080400000, 0x0000000080500000, 0x0000000080500000|100%|HC|  |TAMS 0x0000000080500000, 0x0000000080400000| Complete 
|   5|0x0000000080500000, 0x0000000080600000, 0x0000000080600000|100%|HC|  |TAMS 0x0000000080600000, 0x0000000080500000| Complete 
|   6|0x0000000080600000, 0x0000000080700000, 0x0000000080700000|100%| O|  |TAMS 0x0000000080700000, 0x0000000080600000| Untracked 
|   7|0x0000000080700000, 0x0000000080800000, 0x0000000080800000|100%| O|  |TAMS 0x0000000080800000, 0x0000000080700000| Untracked 
|   8|0x0000000080800000, 0x0000000080900000, 0x0000000080900000|100%| O|  |TAMS 0x0000000080900000, 0x0000000080800000| Untracked 
|   9|0x0000000080900000, 0x0000000080a00000, 0x0000000080a00000|100%| O|  |TAMS 0x0000000080a00000, 0x0000000080900000| Untracked 
|  10|0x0000000080a00000, 0x0000000080b00000, 0x0000000080b00000|100%| O|  |TAMS 0x0000000080b00000, 0x0000000080a00000| Untracked 
|  11|0x0000000080b00000, 0x0000000080c00000, 0x0000000080c00000|100%| O|  |TAMS 0x0000000080c00000, 0x0000000080b00000| Untracked 
|  12|0x0000000080c00000, 0x0000000080d00000, 0x0000000080d00000|100%| O|  |TAMS 0x0000000080d00000, 0x0000000080c00000| Untracked 
|  13|0x0000000080d00000, 0x0000000080e00000, 0x0000000080e00000|100%| O|  |TAMS 0x0000000080e00000, 0x0000000080d00000| Untracked 
|  14|0x0000000080e00000, 0x0000000080f00000, 0x0000000080f00000|100%| O|  |TAMS 0x0000000080f00000, 0x0000000080e00000| Untracked 
|  15|0x0000000080f00000, 0x0000000081000000, 0x0000000081000000|100%| O|  |TAMS 0x0000000081000000, 0x0000000080f00000| Untracked 
|  16|0x0000000081000000, 0x0000000081100000, 0x0000000081100000|100%| O|  |TAMS 0x0000000081075e00, 0x0000000081000000| Untracked 
|  17|0x0000000081100000, 0x0000000081100000, 0x0000000081200000|  0%| F|  |TAMS 0x0000000081100000, 0x0000000081100000| Untracked 
|  18|0x0000000081200000, 0x0000000081300000, 0x0000000081300000|100%| O|  |TAMS 0x0000000081200000, 0x0000000081200000| Untracked 
|  19|0x0000000081300000, 0x0000000081400000, 0x0000000081400000|100%| O|  |TAMS 0x0000000081300000, 0x0000000081300000| Untracked 
|  20|0x0000000081400000, 0x0000000081500000, 0x0000000081500000|100%| O|  |TAMS 0x0000000081400000, 0x0000000081400000| Untracked 
|  21|0x0000000081500000, 0x0000000081600000, 0x0000000081600000|100%| O|  |TAMS 0x0000000081500000, 0x0000000081500000| Untracked 
|  22|0x0000000081600000, 0x0000000081700000, 0x0000000081700000|100%| O|  |TAMS 0x0000000081600000, 0x0000000081600000| Untracked 
|  23|0x0000000081700000, 0x000000008178c000, 0x0000000081800000| 54%| O|  |TAMS 0x0000000081700000, 0x0000000081700000| Untracked 
|  24|0x0000000081800000, 0x0000000081800000, 0x0000000081900000|  0%| F|  |TAMS 0x0000000081800000, 0x0000000081800000| Untracked 
|  25|0x0000000081900000, 0x0000000081900000, 0x0000000081a00000|  0%| F|  |TAMS 0x0000000081900000, 0x0000000081900000| Untracked 
|  26|0x0000000081a00000, 0x0000000081a00000, 0x0000000081b00000|  0%| F|  |TAMS 0x0000000081a00000, 0x0000000081a00000| Untracked 
|  27|0x0000000081b00000, 0x0000000081b00000, 0x0000000081c00000|  0%| F|  |TAMS 0x0000000081b00000, 0x0000000081b00000| Untracked 
|  28|0x0000000081c00000, 0x0000000081c00000, 0x0000000081d00000|  0%| F|  |TAMS 0x0000000081c00000, 0x0000000081c00000| Untracked 
|  29|0x0000000081d00000, 0x0000000081d00000, 0x0000000081e00000|  0%| F|  |TAMS 0x0000000081d00000, 0x0000000081d00000| Untracked 
|  30|0x0000000081e00000, 0x0000000081e00000, 0x0000000081f00000|  0%| F|  |TAMS 0x0000000081e00000, 0x0000000081e00000| Untracked 
|  31|0x0000000081f00000, 0x0000000081f00000, 0x0000000082000000|  0%| F|  |TAMS 0x0000000081f00000, 0x0000000081f00000| Untracked 
|  32|0x0000000082000000, 0x0000000082000000, 0x0000000082100000|  0%| F|  |TAMS 0x0000000082000000, 0x0000000082000000| Untracked 
|  33|0x0000000082100000, 0x0000000082100000, 0x0000000082200000|  0%| F|  |TAMS 0x0000000082100000, 0x0000000082100000| Untracked 
|  34|0x0000000082200000, 0x0000000082200000, 0x0000000082300000|  0%| F|  |TAMS 0x0000000082200000, 0x0000000082200000| Untracked 
|  35|0x0000000082300000, 0x0000000082300000, 0x0000000082400000|  0%| F|  |TAMS 0x0000000082300000, 0x0000000082300000| Untracked 
|  36|0x0000000082400000, 0x0000000082400000, 0x0000000082500000|  0%| F|  |TAMS 0x0000000082400000, 0x0000000082400000| Untracked 
|  37|0x0000000082500000, 0x0000000082500000, 0x0000000082600000|  0%| F|  |TAMS 0x0000000082500000, 0x0000000082500000| Untracked 
|  38|0x0000000082600000, 0x0000000082600000, 0x0000000082700000|  0%| F|  |TAMS 0x0000000082600000, 0x0000000082600000| Untracked 
|  39|0x0000000082700000, 0x0000000082700000, 0x0000000082800000|  0%| F|  |TAMS 0x0000000082700000, 0x0000000082700000| Untracked 
|  40|0x0000000082800000, 0x0000000082800000, 0x0000000082900000|  0%| F|  |TAMS 0x0000000082800000, 0x0000000082800000| Untracked 
|  41|0x0000000082900000, 0x0000000082900000, 0x0000000082a00000|  0%| F|  |TAMS 0x0000000082900000, 0x0000000082900000| Untracked 
|  42|0x0000000082a00000, 0x0000000082a00000, 0x0000000082b00000|  0%| F|  |TAMS 0x0000000082a00000, 0x0000000082a00000| Untracked 
|  43|0x0000000082b00000, 0x0000000082b00000, 0x0000000082c00000|  0%| F|  |TAMS 0x0000000082b00000, 0x0000000082b00000| Untracked 
|  44|0x0000000082c00000, 0x0000000082c00000, 0x0000000082d00000|  0%| F|  |TAMS 0x0000000082c00000, 0x0000000082c00000| Untracked 
|  45|0x0000000082d00000, 0x0000000082d00000, 0x0000000082e00000|  0%| F|  |TAMS 0x0000000082d00000, 0x0000000082d00000| Untracked 
|  46|0x0000000082e00000, 0x0000000082f00000, 0x0000000082f00000|100%| S|CS|TAMS 0x0000000082e00000, 0x0000000082e00000| Complete 
|  47|0x0000000082f00000, 0x0000000083000000, 0x0000000083000000|100%| S|CS|TAMS 0x0000000082f00000, 0x0000000082f00000| Complete 
|  48|0x0000000083000000, 0x0000000083100000, 0x0000000083100000|100%| S|CS|TAMS 0x0000000083000000, 0x0000000083000000| Complete 
|  49|0x0000000083100000, 0x0000000083100000, 0x0000000083200000|  0%| F|  |TAMS 0x0000000083100000, 0x0000000083100000| Untracked 
|  50|0x0000000083200000, 0x0000000083200000, 0x0000000083300000|  0%| F|  |TAMS 0x0000000083200000, 0x0000000083200000| Untracked 
|  51|0x0000000083300000, 0x0000000083300000, 0x0000000083400000|  0%| F|  |TAMS 0x0000000083300000, 0x0000000083300000| Untracked 
|  52|0x0000000083400000, 0x0000000083400000, 0x0000000083500000|  0%| F|  |TAMS 0x0000000083400000, 0x0000000083400000| Untracked 
|  53|0x0000000083500000, 0x0000000083600000, 0x0000000083600000|100%| S|CS|TAMS 0x0000000083500000, 0x0000000083500000| Complete 
|  54|0x0000000083600000, 0x0000000083700000, 0x0000000083700000|100%| S|CS|TAMS 0x0000000083600000, 0x0000000083600000| Complete 
|  55|0x0000000083700000, 0x0000000083700000, 0x0000000083800000|  0%| F|  |TAMS 0x0000000083700000, 0x0000000083700000| Untracked 
|  56|0x0000000083800000, 0x0000000083800000, 0x0000000083900000|  0%| F|  |TAMS 0x0000000083800000, 0x0000000083800000| Untracked 
|  57|0x0000000083900000, 0x0000000083900000, 0x0000000083a00000|  0%| F|  |TAMS 0x0000000083900000, 0x0000000083900000| Untracked 
|  58|0x0000000083a00000, 0x0000000083a00000, 0x0000000083b00000|  0%| F|  |TAMS 0x0000000083a00000, 0x0000000083a00000| Untracked 
|  59|0x0000000083b00000, 0x0000000083b00000, 0x0000000083c00000|  0%| F|  |TAMS 0x0000000083b00000, 0x0000000083b00000| Untracked 
|  60|0x0000000083c00000, 0x0000000083c00000, 0x0000000083d00000|  0%| F|  |TAMS 0x0000000083c00000, 0x0000000083c00000| Untracked 
|  61|0x0000000083d00000, 0x0000000083d00000, 0x0000000083e00000|  0%| F|  |TAMS 0x0000000083d00000, 0x0000000083d00000| Untracked 
|  62|0x0000000083e00000, 0x0000000083e00000, 0x0000000083f00000|  0%| F|  |TAMS 0x0000000083e00000, 0x0000000083e00000| Untracked 
|  63|0x0000000083f00000, 0x0000000083f00000, 0x0000000084000000|  0%| F|  |TAMS 0x0000000083f00000, 0x0000000083f00000| Untracked 
|  64|0x0000000084000000, 0x0000000084000000, 0x0000000084100000|  0%| F|  |TAMS 0x0000000084000000, 0x0000000084000000| Untracked 
|  65|0x0000000084100000, 0x0000000084100000, 0x0000000084200000|  0%| F|  |TAMS 0x0000000084100000, 0x0000000084100000| Untracked 
|  66|0x0000000084200000, 0x0000000084200000, 0x0000000084300000|  0%| F|  |TAMS 0x0000000084200000, 0x0000000084200000| Untracked 
|  67|0x0000000084300000, 0x0000000084300000, 0x0000000084400000|  0%| F|  |TAMS 0x0000000084300000, 0x0000000084300000| Untracked 
|  68|0x0000000084400000, 0x0000000084400000, 0x0000000084500000|  0%| F|  |TAMS 0x0000000084400000, 0x0000000084400000| Untracked 
|  69|0x0000000084500000, 0x0000000084500000, 0x0000000084600000|  0%| F|  |TAMS 0x0000000084500000, 0x0000000084500000| Untracked 
|  70|0x0000000084600000, 0x0000000084600000, 0x0000000084700000|  0%| F|  |TAMS 0x0000000084600000, 0x0000000084600000| Untracked 
|  71|0x0000000084700000, 0x0000000084700000, 0x0000000084800000|  0%| F|  |TAMS 0x0000000084700000, 0x0000000084700000| Untracked 
|  72|0x0000000084800000, 0x0000000084800000, 0x0000000084900000|  0%| F|  |TAMS 0x0000000084800000, 0x0000000084800000| Untracked 
|  73|0x0000000084900000, 0x0000000084900000, 0x0000000084a00000|  0%| F|  |TAMS 0x0000000084900000, 0x0000000084900000| Untracked 
|  74|0x0000000084a00000, 0x0000000084a00000, 0x0000000084b00000|  0%| F|  |TAMS 0x0000000084a00000, 0x0000000084a00000| Untracked 
|  75|0x0000000084b00000, 0x0000000084b00000, 0x0000000084c00000|  0%| F|  |TAMS 0x0000000084b00000, 0x0000000084b00000| Untracked 
|  76|0x0000000084c00000, 0x0000000084c00000, 0x0000000084d00000|  0%| F|  |TAMS 0x0000000084c00000, 0x0000000084c00000| Untracked 
|  77|0x0000000084d00000, 0x0000000084d00000, 0x0000000084e00000|  0%| F|  |TAMS 0x0000000084d00000, 0x0000000084d00000| Untracked 
|  78|0x0000000084e00000, 0x0000000084e00000, 0x0000000084f00000|  0%| F|  |TAMS 0x0000000084e00000, 0x0000000084e00000| Untracked 
|  79|0x0000000084f00000, 0x0000000084f00000, 0x0000000085000000|  0%| F|  |TAMS 0x0000000084f00000, 0x0000000084f00000| Untracked 
|  80|0x0000000085000000, 0x0000000085000000, 0x0000000085100000|  0%| F|  |TAMS 0x0000000085000000, 0x0000000085000000| Untracked 
|  81|0x0000000085100000, 0x0000000085100000, 0x0000000085200000|  0%| F|  |TAMS 0x0000000085100000, 0x0000000085100000| Untracked 
|  82|0x0000000085200000, 0x0000000085200000, 0x0000000085300000|  0%| F|  |TAMS 0x0000000085200000, 0x0000000085200000| Untracked 
|  83|0x0000000085300000, 0x0000000085300000, 0x0000000085400000|  0%| F|  |TAMS 0x0000000085300000, 0x0000000085300000| Untracked 
|  84|0x0000000085400000, 0x0000000085400000, 0x0000000085500000|  0%| F|  |TAMS 0x0000000085400000, 0x0000000085400000| Untracked 
|  85|0x0000000085500000, 0x0000000085500000, 0x0000000085600000|  0%| F|  |TAMS 0x0000000085500000, 0x0000000085500000| Untracked 
|  86|0x0000000085600000, 0x0000000085600000, 0x0000000085700000|  0%| F|  |TAMS 0x0000000085600000, 0x0000000085600000| Untracked 
|  87|0x0000000085700000, 0x0000000085700000, 0x0000000085800000|  0%| F|  |TAMS 0x0000000085700000, 0x0000000085700000| Untracked 
|  88|0x0000000085800000, 0x0000000085900000, 0x0000000085900000|100%| E|  |TAMS 0x0000000085800000, 0x0000000085800000| Complete 
|  89|0x0000000085900000, 0x0000000085a00000, 0x0000000085a00000|100%| E|CS|TAMS 0x0000000085900000, 0x0000000085900000| Complete 
|  90|0x0000000085a00000, 0x0000000085b00000, 0x0000000085b00000|100%| E|CS|TAMS 0x0000000085a00000, 0x0000000085a00000| Complete 
|  91|0x0000000085b00000, 0x0000000085c00000, 0x0000000085c00000|100%| E|CS|TAMS 0x0000000085b00000, 0x0000000085b00000| Complete 
|  92|0x0000000085c00000, 0x0000000085d00000, 0x0000000085d00000|100%| E|CS|TAMS 0x0000000085c00000, 0x0000000085c00000| Complete 
|  93|0x0000000085d00000, 0x0000000085e00000, 0x0000000085e00000|100%| E|CS|TAMS 0x0000000085d00000, 0x0000000085d00000| Complete 

Card table byte_map: [0x000001b317bc0000,0x000001b317fc0000] _byte_map_base: 0x000001b3177c0000

Marking Bits (Prev, Next): (CMBitMap*) 0x000001b304791988, (CMBitMap*) 0x000001b3047919c0
 Prev Bits: [0x000001b3183c0000, 0x000001b31a3c0000)
 Next Bits: [0x000001b31a3c0000, 0x000001b31c3c0000)

Polling page: 0x000001b3026e0000

Metaspace:

Usage:
  Non-class:     37.24 MB capacity,    36.58 MB ( 98%) used,   578.65 KB (  2%) free+waste,    99.25 KB ( <1%) overhead. 
      Class:      5.58 MB capacity,     5.24 MB ( 94%) used,   309.15 KB (  5%) free+waste,    46.88 KB ( <1%) overhead. 
       Both:     42.82 MB capacity,    41.81 MB ( 98%) used,   887.80 KB (  2%) free+waste,   146.13 KB ( <1%) overhead. 

Virtual space:
  Non-class space:       38.00 MB reserved,      37.33 MB ( 98%) committed 
      Class space:        1.00 GB reserved,       5.63 MB ( <1%) committed 
             Both:        1.04 GB reserved,      42.95 MB (  4%) committed 

Chunk freelists:
   Non-Class:  29.00 KB
       Class:  9.00 KB
        Both:  38.00 KB

MaxMetaspaceSize: 17179869184.00 GB
CompressedClassSpaceSize: 1.00 GB
Initial GC threshold: 20.80 MB
Current GC threshold: 58.88 MB
CDS: off

CodeHeap 'non-profiled nmethods': size=120000Kb used=1679Kb max_used=1679Kb free=118320Kb
 bounds [0x000001b30fd40000, 0x000001b30ffb0000, 0x000001b317270000]
CodeHeap 'profiled nmethods': size=120000Kb used=7833Kb max_used=7833Kb free=112166Kb
 bounds [0x000001b308810000, 0x000001b308fc0000, 0x000001b30fd40000]
CodeHeap 'non-nmethods': size=5760Kb used=2274Kb max_used=2317Kb free=3486Kb
 bounds [0x000001b308270000, 0x000001b3084e0000, 0x000001b308810000]
 total_blobs=4367 nmethods=3602 adapters=677
 compilation: enabled
              stopped_count=0, restarted_count=0
 full_count=0

Compilation events (20 events):
Event: 6.690 Thread 0x000001b31f04c800 nmethod 3558 0x000001b30fee0d10 code [0x000001b30fee0ec0, 0x000001b30fee0f78]
Event: 6.690 Thread 0x000001b31f04c800 3559       1       com.sun.beans.introspect.PropertyInfo::getPropertyType (5 bytes)
Event: 6.690 Thread 0x000001b31f04c800 nmethod 3559 0x000001b30fee1010 code [0x000001b30fee11c0, 0x000001b30fee1278]
Event: 6.690 Thread 0x000001b31f04c800 3560       1       java.beans.PropertyDescriptor::setConstrained (6 bytes)
Event: 6.690 Thread 0x000001b31f04c800 nmethod 3560 0x000001b30fee1310 code [0x000001b30fee14c0, 0x000001b30fee1578]
Event: 6.690 Thread 0x000001b31f04c800 3561       1       java.beans.PropertyDescriptor::setBound (6 bytes)
Event: 6.690 Thread 0x000001b31f04c800 nmethod 3561 0x000001b30fee1610 code [0x000001b30fee17c0, 0x000001b30fee1878]
Event: 6.690 Thread 0x000001b31f04c800 3562       1       java.beans.FeatureDescriptor::setExpert (6 bytes)
Event: 6.690 Thread 0x000001b31f04c800 nmethod 3562 0x000001b30fee1910 code [0x000001b30fee1ac0, 0x000001b30fee1b78]
Event: 6.690 Thread 0x000001b31f04c800 3563       1       java.beans.FeatureDescriptor::setHidden (6 bytes)
Event: 6.690 Thread 0x000001b31f04c800 nmethod 3563 0x000001b30fee1c10 code [0x000001b30fee1dc0, 0x000001b30fee1e78]
Event: 6.690 Thread 0x000001b31f04c800 3564       1       java.beans.FeatureDescriptor::setPreferred (6 bytes)
Event: 6.690 Thread 0x000001b31f04c800 nmethod 3564 0x000001b30fee1f10 code [0x000001b30fee20c0, 0x000001b30fee2178]
Event: 6.708 Thread 0x000001b31f04c800 3567       3       org.codehaus.groovy.reflection.CachedClass::isAssignableFrom (21 bytes)
Event: 6.709 Thread 0x000001b31f04c800 nmethod 3567 0x000001b308f91990 code [0x000001b308f91b60, 0x000001b308f91de8]
Event: 6.711 Thread 0x000001b31f04c800 3568       3       com.google.common.base.Equivalence::hash (12 bytes)
Event: 6.712 Thread 0x000001b31f04c800 nmethod 3568 0x000001b308f91f10 code [0x000001b308f920c0, 0x000001b308f922c8]
Event: 6.714 Thread 0x000001b31f04c800 3569       3       sun.reflect.generics.reflectiveObjects.ParameterizedTypeImpl::validateConstructorArguments (44 bytes)
Event: 6.715 Thread 0x000001b31f04c800 nmethod 3569 0x000001b308f92390 code [0x000001b308f925c0, 0x000001b308f92d78]
Event: 6.717 Thread 0x000001b31f04c800 3571       3       java.beans.MethodDescriptor::<init> (48 bytes)

GC Heap History (18 events):
Event: 1.352 GC heap before
{Heap before GC invocations=0 (full 0):
 garbage-first heap   total 96256K, used 29696K [0x0000000080000000, 0x0000000100000000)
  region size 1024K, 24 young (24576K), 0 survivors (0K)
 Metaspace       used 10243K, capacity 10507K, committed 10624K, reserved 1058816K
  class space    used 1054K, capacity 1141K, committed 1152K, reserved 1048576K
}
Event: 1.360 GC heap after
{Heap after GC invocations=1 (full 0):
 garbage-first heap   total 96256K, used 9300K [0x0000000080000000, 0x0000000100000000)
  region size 1024K, 3 young (3072K), 3 survivors (3072K)
 Metaspace       used 10243K, capacity 10507K, committed 10624K, reserved 1058816K
  class space    used 1054K, capacity 1141K, committed 1152K, reserved 1048576K
}
Event: 2.234 GC heap before
{Heap before GC invocations=1 (full 0):
 garbage-first heap   total 96256K, used 61524K [0x0000000080000000, 0x0000000100000000)
  region size 1024K, 54 young (55296K), 3 survivors (3072K)
 Metaspace       used 12425K, capacity 12679K, committed 12800K, reserved 1060864K
  class space    used 1339K, capacity 1417K, committed 1536K, reserved 1048576K
}
Event: 2.243 GC heap after
{Heap after GC invocations=2 (full 0):
 garbage-first heap   total 96256K, used 14628K [0x0000000080000000, 0x0000000100000000)
  region size 1024K, 7 young (7168K), 7 survivors (7168K)
 Metaspace       used 12425K, capacity 12679K, committed 12800K, reserved 1060864K
  class space    used 1339K, capacity 1417K, committed 1536K, reserved 1048576K
}
Event: 3.477 GC heap before
{Heap before GC invocations=2 (full 0):
 garbage-first heap   total 96256K, used 46372K [0x0000000080000000, 0x0000000100000000)
  region size 1024K, 38 young (38912K), 7 survivors (7168K)
 Metaspace       used 18916K, capacity 19308K, committed 19328K, reserved 1067008K
  class space    used 2260K, capacity 2418K, committed 2432K, reserved 1048576K
}
Event: 3.484 GC heap after
{Heap after GC invocations=3 (full 0):
 garbage-first heap   total 96256K, used 16702K [0x0000000080000000, 0x0000000100000000)
  region size 1024K, 2 young (2048K), 2 survivors (2048K)
 Metaspace       used 18916K, capacity 19308K, committed 19328K, reserved 1067008K
  class space    used 2260K, capacity 2418K, committed 2432K, reserved 1048576K
}
Event: 3.737 GC heap before
{Heap before GC invocations=3 (full 0):
 garbage-first heap   total 96256K, used 31038K [0x0000000080000000, 0x0000000100000000)
  region size 1024K, 17 young (17408K), 2 survivors (2048K)
 Metaspace       used 20778K, capacity 21205K, committed 21296K, reserved 1069056K
  class space    used 2515K, capacity 2671K, committed 2688K, reserved 1048576K
}
Event: 3.741 GC heap after
{Heap after GC invocations=4 (full 0):
 garbage-first heap   total 96256K, used 17060K [0x0000000080000000, 0x0000000100000000)
  region size 1024K, 3 young (3072K), 3 survivors (3072K)
 Metaspace       used 20778K, capacity 21205K, committed 21296K, reserved 1069056K
  class space    used 2515K, capacity 2671K, committed 2688K, reserved 1048576K
}
Event: 4.273 GC heap before
{Heap before GC invocations=5 (full 0):
 garbage-first heap   total 96256K, used 51876K [0x0000000080000000, 0x0000000100000000)
  region size 1024K, 37 young (37888K), 3 survivors (3072K)
 Metaspace       used 24066K, capacity 24563K, committed 24752K, reserved 1071104K
  class space    used 3044K, capacity 3238K, committed 3328K, reserved 1048576K
}
Event: 4.276 GC heap after
{Heap after GC invocations=6 (full 0):
 garbage-first heap   total 96256K, used 18265K [0x0000000080000000, 0x0000000100000000)
  region size 1024K, 4 young (4096K), 4 survivors (4096K)
 Metaspace       used 24066K, capacity 24563K, committed 24752K, reserved 1071104K
  class space    used 3044K, capacity 3238K, committed 3328K, reserved 1048576K
}
Event: 4.801 GC heap before
{Heap before GC invocations=6 (full 0):
 garbage-first heap   total 96256K, used 56153K [0x0000000080000000, 0x0000000100000000)
  region size 1024K, 41 young (41984K), 4 survivors (4096K)
 Metaspace       used 27707K, capacity 28308K, committed 28464K, reserved 1073152K
  class space    used 3618K, capacity 3873K, committed 3968K, reserved 1048576K
}
Event: 4.806 GC heap after
{Heap after GC invocations=7 (full 0):
 garbage-first heap   total 96256K, used 19593K [0x0000000080000000, 0x0000000100000000)
  region size 1024K, 4 young (4096K), 4 survivors (4096K)
 Metaspace       used 27707K, capacity 28308K, committed 28464K, reserved 1073152K
  class space    used 3618K, capacity 3873K, committed 3968K, reserved 1048576K
}
Event: 5.625 GC heap before
{Heap before GC invocations=7 (full 0):
 garbage-first heap   total 96256K, used 58505K [0x0000000080000000, 0x0000000100000000)
  region size 1024K, 43 young (44032K), 4 survivors (4096K)
 Metaspace       used 35094K, capacity 35833K, committed 35920K, reserved 1081344K
  class space    used 4504K, capacity 4831K, committed 4864K, reserved 1048576K
}
Event: 5.636 GC heap after
{Heap after GC invocations=8 (full 0):
 garbage-first heap   total 96256K, used 22725K [0x0000000080000000, 0x0000000100000000)
  region size 1024K, 6 young (6144K), 6 survivors (6144K)
 Metaspace       used 35094K, capacity 35833K, committed 35920K, reserved 1081344K
  class space    used 4504K, capacity 4831K, committed 4864K, reserved 1048576K
}
Event: 6.151 GC heap before
{Heap before GC invocations=9 (full 0):
 garbage-first heap   total 96256K, used 64709K [0x0000000080000000, 0x0000000100000000)
  region size 1024K, 45 young (46080K), 6 survivors (6144K)
 Metaspace       used 38663K, capacity 39592K, committed 39888K, reserved 1083392K
  class space    used 4865K, capacity 5205K, committed 5248K, reserved 1048576K
}
Event: 6.156 GC heap after
{Heap after GC invocations=10 (full 0):
 garbage-first heap   total 96256K, used 26140K [0x0000000080000000, 0x0000000100000000)
  region size 1024K, 6 young (6144K), 6 survivors (6144K)
 Metaspace       used 38663K, capacity 39592K, committed 39888K, reserved 1083392K
  class space    used 4865K, capacity 5205K, committed 5248K, reserved 1048576K
}
Event: 6.702 GC heap before
{Heap before GC invocations=10 (full 0):
 garbage-first heap   total 96256K, used 66076K [0x0000000080000000, 0x0000000100000000)
  region size 1024K, 45 young (46080K), 6 survivors (6144K)
 Metaspace       used 42661K, capacity 43626K, committed 43728K, reserved 1087488K
  class space    used 5332K, capacity 5687K, committed 5760K, reserved 1048576K
}
Event: 6.707 GC heap after
{Heap after GC invocations=11 (full 0):
 garbage-first heap   total 96256K, used 28208K [0x0000000080000000, 0x0000000100000000)
  region size 1024K, 5 young (5120K), 5 survivors (5120K)
 Metaspace       used 42661K, capacity 43626K, committed 43728K, reserved 1087488K
  class space    used 5332K, capacity 5687K, committed 5760K, reserved 1048576K
}

Deoptimization events (20 events):
Event: 6.444 Thread 0x000001b321af7800 Uncommon trap: trap_request=0xffffff4d fr.pc=0x000001b30fd6ee14 relative=0x00000000000000d4
Event: 6.444 Thread 0x000001b321af7800 Uncommon trap: reason=unstable_if action=reinterpret pc=0x000001b30fd6ee14 method=java.util.HashMap.hash(Ljava/lang/Object;)I @ 1 c2
Event: 6.444 Thread 0x000001b321af7800 DEOPT PACKING pc=0x000001b30fd6ee14 sp=0x00000023998f8d10
Event: 6.444 Thread 0x000001b321af7800 DEOPT UNPACKING pc=0x000001b3082ba1af sp=0x00000023998f8c50 mode 2
Event: 6.444 Thread 0x000001b321af7800 Uncommon trap: trap_request=0xffffff4d fr.pc=0x000001b30fe97f44 relative=0x00000000000006c4
Event: 6.444 Thread 0x000001b321af7800 Uncommon trap: reason=unstable_if action=reinterpret pc=0x000001b30fe97f44 method=java.util.HashMap.putVal(ILjava/lang/Object;Ljava/lang/Object;ZZ)Ljava/lang/Object; @ 85 c2
Event: 6.444 Thread 0x000001b321af7800 DEOPT PACKING pc=0x000001b30fe97f44 sp=0x00000023998f8c40
Event: 6.444 Thread 0x000001b321af7800 DEOPT UNPACKING pc=0x000001b3082ba1af sp=0x00000023998f8bf8 mode 2
Event: 6.477 Thread 0x000001b321af7800 Uncommon trap: trap_request=0xffffff4d fr.pc=0x000001b30fe6b608 relative=0x00000000000000e8
Event: 6.477 Thread 0x000001b321af7800 Uncommon trap: reason=unstable_if action=reinterpret pc=0x000001b30fe6b608 method=org.objectweb.asm.ByteVector.putShort(I)Lorg/objectweb/asm/ByteVector; @ 13 c2
Event: 6.477 Thread 0x000001b321af7800 DEOPT PACKING pc=0x000001b30fe6b608 sp=0x00000023998f91b0
Event: 6.477 Thread 0x000001b321af7800 DEOPT UNPACKING pc=0x000001b3082ba1af sp=0x00000023998f9148 mode 2
Event: 6.504 Thread 0x000001b321af7800 Uncommon trap: trap_request=0xffffff4d fr.pc=0x000001b30fe91b34 relative=0x0000000000001ab4
Event: 6.505 Thread 0x000001b321af7800 Uncommon trap: reason=unstable_if action=reinterpret pc=0x000001b30fe91b34 method=java.util.concurrent.ConcurrentHashMap.computeIfAbsent(Ljava/lang/Object;Ljava/util/function/Function;)Ljava/lang/Object; @ 123 c2
Event: 6.505 Thread 0x000001b321af7800 DEOPT PACKING pc=0x000001b30fe91b34 sp=0x00000023998fa6c0
Event: 6.505 Thread 0x000001b321af7800 DEOPT UNPACKING pc=0x000001b3082ba1af sp=0x00000023998fa650 mode 2
Event: 6.589 Thread 0x000001b321af7800 DEOPT PACKING pc=0x000001b308cbde79 sp=0x00000023998fa450
Event: 6.589 Thread 0x000001b321af7800 DEOPT UNPACKING pc=0x000001b3082ba95e sp=0x00000023998f9920 mode 0
Event: 6.634 Thread 0x000001b321af7800 DEOPT PACKING pc=0x000001b308bc7276 sp=0x00000023998f61c0
Event: 6.634 Thread 0x000001b321af7800 DEOPT UNPACKING pc=0x000001b3082ba95e sp=0x00000023998f56e0 mode 0

Classes redefined (0 events):
No events

Internal exceptions (20 events):
Event: 6.621 Thread 0x000001b321af7800 Exception <a 'java/lang/ClassNotFoundException'{0x0000000083e0b2e8}: org/gradle/api/internal/project/ProjectScriptBeanInfo> (0x0000000083e0b2e8) thrown at [./src/hotspot/share/classfile/systemDictionary.cpp, line 231]
Event: 6.622 Thread 0x000001b321af7800 Exception <a 'java/lang/ClassNotFoundException'{0x0000000083e21460}: org/gradle/api/internal/project/ProjectScriptCustomizer> (0x0000000083e21460) thrown at [./src/hotspot/share/classfile/systemDictionary.cpp, line 231]
Event: 6.622 Thread 0x000001b321af7800 Exception <a 'java/lang/ClassNotFoundException'{0x0000000083e3c710}: build_3bdha67alki8nluz5aoize98rCustomizer> (0x0000000083e3c710) thrown at [./src/hotspot/share/classfile/systemDictionary.cpp, line 231]
Event: 6.627 Thread 0x000001b321af7800 Exception <a 'java/lang/ClassNotFoundException'{0x0000000083eac1c0}: groovy/lang/Closure$1BeanInfo> (0x0000000083eac1c0) thrown at [./src/hotspot/share/classfile/systemDictionary.cpp, line 231]
Event: 6.627 Thread 0x000001b321af7800 Exception <a 'java/lang/ClassNotFoundException'{0x0000000083ede6f8}: groovy/lang/ClosureBeanInfo> (0x0000000083ede6f8) thrown at [./src/hotspot/share/classfile/systemDictionary.cpp, line 231]
Event: 6.628 Thread 0x000001b321af7800 Exception <a 'java/lang/ClassNotFoundException'{0x0000000083d111f8}: groovy/lang/ClosureCustomizer> (0x0000000083d111f8) thrown at [./src/hotspot/share/classfile/systemDictionary.cpp, line 231]
Event: 6.630 Thread 0x000001b321af7800 Exception <a 'java/lang/ClassNotFoundException'{0x0000000083d65f78}: groovy/lang/Closure$1Customizer> (0x0000000083d65f78) thrown at [./src/hotspot/share/classfile/systemDictionary.cpp, line 231]
Event: 6.681 Thread 0x000001b321af7800 Exception <a 'java/lang/ClassNotFoundException'{0x0000000083b7bb78}: org/gradle/internal/metaobject/ConfigureDelegateBeanInfo> (0x0000000083b7bb78) thrown at [./src/hotspot/share/classfile/systemDictionary.cpp, line 231]
Event: 6.682 Thread 0x000001b321af7800 Exception <a 'java/lang/ClassNotFoundException'{0x0000000083ba0f80}: org/gradle/internal/metaobject/ConfigureDelegateCustomizer> (0x0000000083ba0f80) thrown at [./src/hotspot/share/classfile/systemDictionary.cpp, line 231]
Event: 6.686 Thread 0x000001b321af7800 Exception <a 'java/lang/ClassNotFoundException'{0x0000000083a05758}: org/gradle/api/internal/initialization/DefaultScriptHandlerBeanInfo> (0x0000000083a05758) thrown at [./src/hotspot/share/classfile/systemDictionary.cpp, line 231]
Event: 6.687 Thread 0x000001b321af7800 Exception <a 'java/lang/ClassNotFoundException'{0x0000000083a2f5f8}: org/gradle/api/internal/initialization/DefaultScriptHandlerCustomizer> (0x0000000083a2f5f8) thrown at [./src/hotspot/share/classfile/systemDictionary.cpp, line 231]
Event: 6.710 Thread 0x000001b321af7800 Exception <a 'java/lang/ClassNotFoundException'{0x0000000085d90518}: org/gradle/api/internal/artifacts/dsl/DefaultRepositoryHandler_DecoratedBeanInfo> (0x0000000085d90518) thrown at [./src/hotspot/share/classfile/systemDictionary.cpp, line 231]
Event: 6.711 Thread 0x000001b321af7800 Exception <a 'java/lang/ClassNotFoundException'{0x0000000085dc9330}: org/gradle/api/internal/artifacts/dsl/DefaultRepositoryHandlerBeanInfo> (0x0000000085dc9330) thrown at [./src/hotspot/share/classfile/systemDictionary.cpp, line 231]
Event: 6.712 Thread 0x000001b321af7800 Exception <a 'java/lang/ClassNotFoundException'{0x0000000085c04c10}: org/gradle/api/internal/artifacts/DefaultArtifactRepositoryContainerBeanInfo> (0x0000000085c04c10) thrown at [./src/hotspot/share/classfile/systemDictionary.cpp, line 231]
Event: 6.712 Thread 0x000001b321af7800 Exception <a 'java/lang/ClassNotFoundException'{0x0000000085c2e380}: org/gradle/api/internal/DefaultNamedDomainObjectListBeanInfo> (0x0000000085c2e380) thrown at [./src/hotspot/share/classfile/systemDictionary.cpp, line 231]
Event: 6.713 Thread 0x000001b321af7800 Exception <a 'java/lang/ClassNotFoundException'{0x0000000085c58db0}: org/gradle/api/internal/DefaultNamedDomainObjectCollectionBeanInfo> (0x0000000085c58db0) thrown at [./src/hotspot/share/classfile/systemDictionary.cpp, line 231]
Event: 6.713 Thread 0x000001b321af7800 Exception <a 'java/lang/ClassNotFoundException'{0x0000000085c89628}: org/gradle/api/internal/DefaultDomainObjectCollectionBeanInfo> (0x0000000085c89628) thrown at [./src/hotspot/share/classfile/systemDictionary.cpp, line 231]
Event: 6.713 Thread 0x000001b321af7800 Exception <a 'java/lang/ClassNotFoundException'{0x0000000085c8f378}: java/util/AbstractCollectionBeanInfo> (0x0000000085c8f378) thrown at [./src/hotspot/share/classfile/systemDictionary.cpp, line 231]
Event: 6.714 Thread 0x000001b321af7800 Exception <a 'java/lang/ClassNotFoundException'{0x0000000085c94d88}: java/util/AbstractCollectionCustomizer> (0x0000000085c94d88) thrown at [./src/hotspot/share/classfile/systemDictionary.cpp, line 231]
Event: 6.716 Thread 0x000001b321af7800 Exception <a 'java/lang/ClassNotFoundException'{0x0000000085cc7c70}: org/gradle/api/internal/DefaultDomainObjectCollectionCustomizer> (0x0000000085cc7c70) thrown at [./src/hotspot/share/classfile/systemDictionary.cpp, line 231]

Events (20 events):
Event: 6.713 loading class java/util/AbstractCollectionBeanInfo
Event: 6.713 loading class java/util/AbstractCollectionBeanInfo done
Event: 6.713 loading class java/util/AbstractCollectionBeanInfo
Event: 6.713 loading class java/util/AbstractCollectionBeanInfo done
Event: 6.713 loading class java/util/AbstractCollectionCustomizer
Event: 6.713 loading class java/util/AbstractCollectionCustomizer done
Event: 6.713 loading class java/util/AbstractCollectionCustomizer
Event: 6.713 loading class java/util/AbstractCollectionCustomizer done
Event: 6.714 loading class sun/reflect/generics/tree/BooleanSignature
Event: 6.714 loading class sun/reflect/generics/tree/BooleanSignature done
Event: 6.714 loading class sun/reflect/generics/reflectiveObjects/GenericArrayTypeImpl
Event: 6.714 loading class sun/reflect/generics/reflectiveObjects/GenericArrayTypeImpl done
Event: 6.714 loading class org/gradle/api/internal/DefaultDomainObjectCollectionCustomizer
Event: 6.714 loading class org/gradle/api/internal/DefaultDomainObjectCollectionCustomizer done
Event: 6.715 loading class org/gradle/api/internal/DefaultDomainObjectCollectionCustomizer
Event: 6.715 loading class org/gradle/api/internal/DefaultDomainObjectCollectionCustomizer done
Event: 6.715 loading class org/gradle/api/internal/DefaultDomainObjectCollectionCustomizer
Event: 6.715 loading class org/gradle/api/internal/DefaultDomainObjectCollectionCustomizer done
Event: 6.716 loading class org/gradle/api/internal/DefaultDomainObjectCollectionCustomizer
Event: 6.716 loading class org/gradle/api/internal/DefaultDomainObjectCollectionCustomizer done


Dynamic libraries:
0x00007ff713620000 - 0x00007ff71362a000 	C:\Program Files\Android\Android Studio\jre\bin\java.exe
0x00007ffbcb0c0000 - 0x00007ffbcb2c9000 	C:\Windows\SYSTEM32\ntdll.dll
0x00007ffbc9640000 - 0x00007ffbc96fe000 	C:\Windows\System32\KERNEL32.DLL
0x00007ffbc8800000 - 0x00007ffbc8b83000 	C:\Windows\System32\KERNELBASE.dll
0x00007ffbc8570000 - 0x00007ffbc8681000 	C:\Windows\System32\ucrtbase.dll
0x00007ffbc47b0000 - 0x00007ffbc47c7000 	C:\Program Files\Android\Android Studio\jre\bin\VCRUNTIME140.dll
0x00007ffbbf8d0000 - 0x00007ffbbf8e9000 	C:\Program Files\Android\Android Studio\jre\bin\jli.dll
0x00007ffbcab60000 - 0x00007ffbcad0d000 	C:\Windows\System32\USER32.dll
0x00007ffbc8b90000 - 0x00007ffbc8bb6000 	C:\Windows\System32\win32u.dll
0x00007ffbcad10000 - 0x00007ffbcad39000 	C:\Windows\System32\GDI32.dll
0x00007ffbc8bc0000 - 0x00007ffbc8cda000 	C:\Windows\System32\gdi32full.dll
0x00007ffbaba20000 - 0x00007ffbabcc5000 	C:\Windows\WinSxS\amd64_microsoft.windows.common-controls_6595b64144ccf1df_6.0.22000.120_none_9d947278b86cc467\COMCTL32.dll
0x00007ffbc8ce0000 - 0x00007ffbc8d7d000 	C:\Windows\System32\msvcp_win.dll
0x00007ffbc9b70000 - 0x00007ffbc9c13000 	C:\Windows\System32\msvcrt.dll
0x00007ffbc8fe0000 - 0x00007ffbc9011000 	C:\Windows\System32\IMM32.DLL
0x00007ffbba820000 - 0x00007ffbba8bd000 	C:\Program Files\Android\Android Studio\jre\bin\msvcp140.dll
0x00007ffb70050000 - 0x00007ffb70b52000 	C:\Program Files\Android\Android Studio\jre\bin\server\jvm.dll
0x00007ffbcad40000 - 0x00007ffbcadee000 	C:\Windows\System32\ADVAPI32.dll
0x00007ffbc9e40000 - 0x00007ffbc9ede000 	C:\Windows\System32\sechost.dll
0x00007ffbca8e0000 - 0x00007ffbcaa01000 	C:\Windows\System32\RPCRT4.dll
0x00007ffbc90d0000 - 0x00007ffbc90d8000 	C:\Windows\System32\PSAPI.DLL
0x00007ffbc2850000 - 0x00007ffbc2883000 	C:\Windows\SYSTEM32\WINMM.dll
0x00007ffbbf870000 - 0x00007ffbbf87a000 	C:\Windows\SYSTEM32\VERSION.dll
0x00007ffba1790000 - 0x00007ffba1799000 	C:\Windows\SYSTEM32\WSOCK32.dll
0x00007ffbc90e0000 - 0x00007ffbc914f000 	C:\Windows\System32\ws2_32.DLL
0x00007ffbc75f0000 - 0x00007ffbc7608000 	C:\Windows\SYSTEM32\kernel.appcore.dll
0x00007ffb7f4d0000 - 0x00007ffb7f4e1000 	C:\Program Files\Android\Android Studio\jre\bin\verify.dll
0x00007ffbc6110000 - 0x00007ffbc6331000 	C:\Windows\SYSTEM32\DBGHELP.DLL
0x00007ffbb88a0000 - 0x00007ffbb88d1000 	C:\Windows\SYSTEM32\dbgcore.DLL
0x00007ffbc8eb0000 - 0x00007ffbc8f2f000 	C:\Windows\System32\bcryptPrimitives.dll
0x00007ffb7cc70000 - 0x00007ffb7cc99000 	C:\Program Files\Android\Android Studio\jre\bin\java.dll
0x00007ffb9d260000 - 0x00007ffb9d26b000 	C:\Program Files\Android\Android Studio\jre\bin\jimage.dll
0x00007ffb7bf90000 - 0x00007ffb7bfa8000 	C:\Program Files\Android\Android Studio\jre\bin\zip.dll
0x00007ffbca000000 - 0x00007ffbca7c5000 	C:\Windows\System32\SHELL32.dll
0x00007ffbc6650000 - 0x00007ffbc6eb4000 	C:\Windows\SYSTEM32\windows.storage.dll
0x00007ffbc92c0000 - 0x00007ffbc9636000 	C:\Windows\System32\combase.dll
0x00007ffbc64e0000 - 0x00007ffbc6647000 	C:\Windows\SYSTEM32\wintypes.dll
0x00007ffbca7d0000 - 0x00007ffbca8ba000 	C:\Windows\System32\SHCORE.dll
0x00007ffbc9c20000 - 0x00007ffbc9c7d000 	C:\Windows\System32\shlwapi.dll
0x00007ffbc84a0000 - 0x00007ffbc84c1000 	C:\Windows\SYSTEM32\profapi.dll
0x00007ffb7b570000 - 0x00007ffb7b58a000 	C:\Program Files\Android\Android Studio\jre\bin\net.dll
0x00007ffbc2f20000 - 0x00007ffbc3032000 	C:\Windows\SYSTEM32\WINHTTP.dll
0x00007ffbc7a90000 - 0x00007ffbc7af7000 	C:\Windows\system32\mswsock.dll
0x00007ffb76d30000 - 0x00007ffb76d44000 	C:\Program Files\Android\Android Studio\jre\bin\nio.dll
0x00007ffbaf700000 - 0x00007ffbaf727000 	C:\Users\nraje\.gradle\native\e1d6ef7f7dcc3fd88c89a11ec53ec762bb8ba0a96d01ffa2cd45eb1d1d8dd5c5\windows-amd64\native-platform.dll
0x00007ffba6f00000 - 0x00007ffba7044000 	C:\Users\nraje\.gradle\native\5664cfc778a61ccfe75a443a1ab52a65af34e5dc3c78e0209fed803814484fcb\windows-amd64\native-platform-file-events.dll
0x00007ffb9d130000 - 0x00007ffb9d13a000 	C:\Program Files\Android\Android Studio\jre\bin\management.dll
0x00007ffb994d0000 - 0x00007ffb994dd000 	C:\Program Files\Android\Android Studio\jre\bin\management_ext.dll
0x00007ffbc7cf0000 - 0x00007ffbc7d08000 	C:\Windows\SYSTEM32\CRYPTSP.dll
0x00007ffbc7550000 - 0x00007ffbc7585000 	C:\Windows\system32\rsaenh.dll
0x00007ffbc7b90000 - 0x00007ffbc7bb9000 	C:\Windows\SYSTEM32\USERENV.dll
0x00007ffbc7ed0000 - 0x00007ffbc7ef7000 	C:\Windows\SYSTEM32\bcrypt.dll
0x00007ffbc7ce0000 - 0x00007ffbc7cec000 	C:\Windows\SYSTEM32\CRYPTBASE.dll
0x00007ffbc7110000 - 0x00007ffbc713d000 	C:\Windows\SYSTEM32\IPHLPAPI.DLL
0x00007ffbca8d0000 - 0x00007ffbca8d9000 	C:\Windows\System32\NSI.dll
0x00007ffbc2f00000 - 0x00007ffbc2f19000 	C:\Windows\SYSTEM32\dhcpcsvc6.DLL
0x00007ffbc3560000 - 0x00007ffbc357e000 	C:\Windows\SYSTEM32\dhcpcsvc.DLL
0x00007ffbc7140000 - 0x00007ffbc7228000 	C:\Windows\SYSTEM32\DNSAPI.dll

dbghelp: loaded successfully - version: 4.0.5 - missing functions: none
symbol engine: initialized successfully - sym options: 0x614 - pdb path: .;C:\Program Files\Android\Android Studio\jre\bin;C:\Windows\SYSTEM32;C:\Windows\WinSxS\amd64_microsoft.windows.common-controls_6595b64144ccf1df_6.0.22000.120_none_9d947278b86cc467;C:\Program Files\Android\Android Studio\jre\bin\server;C:\Users\nraje\.gradle\native\e1d6ef7f7dcc3fd88c89a11ec53ec762bb8ba0a96d01ffa2cd45eb1d1d8dd5c5\windows-amd64;C:\Users\nraje\.gradle\native\5664cfc778a61ccfe75a443a1ab52a65af34e5dc3c78e0209fed803814484fcb\windows-amd64

VM Arguments:
jvm_args: --add-opens=java.base/java.util=ALL-UNNAMED --add-opens=java.base/java.lang=ALL-UNNAMED --add-opens=java.base/java.lang.invoke=ALL-UNNAMED --add-opens=java.base/java.util=ALL-UNNAMED --add-opens=java.prefs/java.util.prefs=ALL-UNNAMED --add-opens=java.prefs/java.util.prefs=ALL-UNNAMED --add-opens=java.base/java.nio.charset=ALL-UNNAMED --add-opens=java.base/java.net=ALL-UNNAMED --add-opens=java.base/java.util.concurrent.atomic=ALL-UNNAMED -Xmx2048m -Dfile.encoding=windows-1252 -Duser.country=IN -Duser.language=en -Duser.variant 
java_command: org.gradle.launcher.daemon.bootstrap.GradleDaemon 7.2
java_class_path (initial): C:\Users\nraje\.gradle\wrapper\dists\gradle-7.2-all\260hg96vuh6ex27h9vo47iv4d\gradle-7.2\lib\gradle-launcher-7.2.jar
Launcher Type: SUN_STANDARD

[Global flags]
     intx CICompilerCount                          = 4                                         {product} {ergonomic}
     uint ConcGCThreads                            = 3                                         {product} {ergonomic}
     uint G1ConcRefinementThreads                  = 10                                        {product} {ergonomic}
   size_t G1HeapRegionSize                         = 1048576                                   {product} {ergonomic}
    uintx GCDrainStackTargetSize                   = 64                                        {product} {ergonomic}
   size_t InitialHeapSize                          = 98566144                                  {product} {ergonomic}
   size_t MarkStackSize                            = 4194304                                   {product} {ergonomic}
   size_t MaxHeapSize                              = 2147483648                                {product} {command line}
   size_t MaxNewSize                               = 1287651328                                {product} {ergonomic}
   size_t MinHeapDeltaBytes                        = 1048576                                   {product} {ergonomic}
    uintx NonNMethodCodeHeapSize                   = 5836300                                {pd product} {ergonomic}
    uintx NonProfiledCodeHeapSize                  = 122910970                              {pd product} {ergonomic}
    uintx ProfiledCodeHeapSize                     = 122910970                              {pd product} {ergonomic}
    uintx ReservedCodeCacheSize                    = 251658240                              {pd product} {ergonomic}
     bool SegmentedCodeCache                       = true                                      {product} {ergonomic}
     bool UseCompressedClassPointers               = true                                 {lp64_product} {ergonomic}
     bool UseCompressedOops                        = true                                 {lp64_product} {ergonomic}
     bool UseG1GC                                  = true                                      {product} {ergonomic}
     bool UseLargePagesIndividualAllocation        = false                                  {pd product} {ergonomic}

Logging:
Log output configuration:
 #0: stdout all=warning uptime,level,tags
 #1: stderr all=off uptime,level,tags

Environment Variables:
PATH=C:\Program Files\Common Files\Oracle\Java\javapath;C:\Program Files (x86)\Common Files\Oracle\Java\javapath;C:\Windows\system32;C:\Windows;C:\Windows\System32\Wbem;C:\Windows\System32\WindowsPowerShell\v1.0\;C:\Windows\System32\OpenSSH\;C:\Program Files\Git\cmd;C:\Users\nraje\AppData\Local\Microsoft\WindowsApps\python.exe;C:\Users\nraje\AppData\Local\Microsoft\WindowsApps\python.exe;C:\Users\nraje\AppData\Local\Microsoft\WindowsApps\;C:\Users\nraje\AppData\Local\Microsoft\WindowsApps\;C:\Users\nraje\AppData\Local\Microsoft\WindowsApps;;C:\Users\nraje\AppData\Local\Programs\Microsoft VS Code\bin
USERNAME=nraje
OS=Windows_NT
PROCESSOR_IDENTIFIER=AMD64 Family 23 Model 104 Stepping 1, AuthenticAMD



---------------  S Y S T E M  ---------------

OS: Windows 11 , 64 bit Build 22000 (10.0.22000.1761)
OS uptime: 11 days 4:20 hours

CPU:total 12 (initial active 12) (12 cores per cpu, 2 threads per core) family 23 model 104 stepping 1 microcode 0x0, cmov, cx8, fxsr, mmx, sse, sse2, sse3, ssse3, sse4.1, sse4.2, popcnt, avx, avx2, aes, clmul, mmxext, 3dnowpref, lzcnt, sse4a, ht, tsc, tscinvbit, tscinv, bmi1, bmi2, adx, sha, fma

Memory: 4k page, system-wide physical 6005M (82M free)
TotalPageFile size 24437M (AvailPageFile size 2M)
current process WorkingSet (physical memory assigned to process): 224M, peak: 226M
current process commit charge ("private bytes"): 273M, peak: 278M

vm_info: OpenJDK 64-Bit Server VM (11.0.13+0-b1751.21-8125866) for windows-amd64 JRE (11.0.13+0-b1751.21-8125866), built on Feb  2 2022 03:00:22 by "builder" with MS VC++ 14.0 (VS2015)

END.
