#
# There is insufficient memory for the Java Runtime Environment to continue.
# Native memory allocation (malloc) failed to allocate 992816 bytes for Chunk::new
# Possible reasons:
#   The system is out of physical RAM or swap space
#   The process is running with CompressedOops enabled, and the Java Heap may be blocking the growth of the native heap
# Possible solutions:
#   Reduce memory load on the system
#   Increase physical memory or swap space
#   Check if swap backing store is full
#   Decrease Java heap size (-Xmx/-Xms)
#   Decrease number of Java threads
#   Decrease Java thread stack sizes (-Xss)
#   Set larger code cache with -XX:ReservedCodeCacheSize=
#   JVM is running with Unscaled Compressed Oops mode in which the Java heap is
#     placed in the first 4GB address space. The Java Heap base address is the
#     maximum limit for the native heap growth. Please use -XX:HeapBaseMinAddress
#     to set the Java Heap base and to place the Java Heap above 4GB virtual address.
# This output file may be truncated or incomplete.
#
#  Out of Memory Error (./src/hotspot/share/memory/arena.cpp:197), pid=133064, tid=93616
#
# JRE version: OpenJDK Runtime Environment (11.0.13) (build 11.0.13+0-b1751.21-8125866)
# Java VM: OpenJDK 64-Bit Server VM (11.0.13+0-b1751.21-8125866, mixed mode, tiered, compressed oops, g1 gc, windows-amd64)
# No core dump will be written. Minidumps are not enabled by default on client versions of Windows
#

---------------  S U M M A R Y ------------

Command Line: --add-opens=java.base/java.util=ALL-UNNAMED --add-opens=java.base/java.lang=ALL-UNNAMED --add-opens=java.base/java.lang.invoke=ALL-UNNAMED --add-opens=java.base/java.util=ALL-UNNAMED --add-opens=java.prefs/java.util.prefs=ALL-UNNAMED --add-opens=java.prefs/java.util.prefs=ALL-UNNAMED --add-opens=java.base/java.nio.charset=ALL-UNNAMED --add-opens=java.base/java.net=ALL-UNNAMED --add-opens=java.base/java.util.concurrent.atomic=ALL-UNNAMED -Xmx2048m -Dfile.encoding=windows-1252 -Duser.country=IN -Duser.language=en -Duser.variant org.gradle.launcher.daemon.bootstrap.GradleDaemon 7.2

Host: AMD Ryzen 5 5500U with Radeon Graphics         , 12 cores, 5G,  Windows 11 , 64 bit Build 22000 (10.0.22000.1761)
Time: Fri May 12 03:11:09 2023 India Standard Time elapsed time: 31.228535 seconds (0d 0h 0m 31s)

---------------  T H R E A D  ---------------

Current thread (0x000001ed5dd3f800):  JavaThread "C2 CompilerThread0" daemon [_thread_in_native, id=93616, stack(0x0000004df6100000,0x0000004df6200000)]


Current CompileTask:
C2:  31229 12760       4       java.lang.reflect.Method::invoke (65 bytes)

Stack: [0x0000004df6100000,0x0000004df6200000]
Native frames: (J=compiled Java code, j=interpreted, Vv=VM code, C=native code)
V  [jvm.dll+0x6100fa]
V  [jvm.dll+0x747090]
V  [jvm.dll+0x7486ad]
V  [jvm.dll+0x748d83]
V  [jvm.dll+0x24ab48]
V  [jvm.dll+0xc04dc]
V  [jvm.dll+0xc0a0c]
V  [jvm.dll+0x2bfab4]
V  [jvm.dll+0x524238]
V  [jvm.dll+0x20b193]
V  [jvm.dll+0x204ca0]
V  [jvm.dll+0x2023c2]
V  [jvm.dll+0x188e01]
V  [jvm.dll+0x21106b]
V  [jvm.dll+0x20f8c1]
V  [jvm.dll+0x70de0f]
V  [jvm.dll+0x706a75]
V  [jvm.dll+0x60ed66]
C  [ucrtbase.dll+0x26c0c]
C  [KERNEL32.DLL+0x15590]
C  [ntdll.dll+0x485b]


---------------  P R O C E S S  ---------------

Threads class SMR info:
_java_thread_list=0x000001ed6714bc80, length=182, elements={
0x000001ed4148d000, 0x000001ed5dd11800, 0x000001ed5dd1a800, 0x000001ed5dd33800,
0x000001ed5dd34800, 0x000001ed5dd35800, 0x000001ed5dd3f800, 0x000001ed5dd46800,
0x000001ed5dd4d800, 0x000001ed5e804000, 0x000001ed5fe8c000, 0x000001ed60151000,
0x000001ed600c0800, 0x000001ed600ff000, 0x000001ed600a9800, 0x000001ed5f72e000,
0x000001ed5f72e800, 0x000001ed60914000, 0x000001ed5f50e000, 0x000001ed60701800,
0x000001ed60702800, 0x000001ed60704000, 0x000001ed606fe000, 0x000001ed60705000,
0x000001ed606ff000, 0x000001ed60700000, 0x000001ed60700800, 0x000001ed60703000,
0x000001ed62329800, 0x000001ed62325800, 0x000001ed62328000, 0x000001ed62326000,
0x000001ed62323800, 0x000001ed6232a800, 0x000001ed62324800, 0x000001ed6232c000,
0x000001ed6232b000, 0x000001ed6232c800, 0x000001ed62327000, 0x000001ed6232d800,
0x000001ed62330000, 0x000001ed62331000, 0x000001ed62331800, 0x000001ed6232e800,
0x000001ed6232f000, 0x000001ed62332800, 0x000001ed64b21000, 0x000001ed64b20000,
0x000001ed64b22800, 0x000001ed64b1f000, 0x000001ed64b26800, 0x000001ed64b21800,
0x000001ed64b27800, 0x000001ed64b25000, 0x000001ed64b29000, 0x000001ed64b28000,
0x000001ed64b25800, 0x000001ed64b23800, 0x000001ed64b2a000, 0x000001ed64b24000,
0x000001ed64b2d000, 0x000001ed64b2a800, 0x000001ed64b2b800, 0x000001ed64b2c000,
0x000001ed64b2e000, 0x000001ed62673800, 0x000001ed62675000, 0x000001ed62678000,
0x000001ed62679000, 0x000001ed6267a000, 0x000001ed62677800, 0x000001ed62674000,
0x000001ed6267b800, 0x000001ed6267a800, 0x000001ed62675800, 0x000001ed6267c800,
0x000001ed62676800, 0x000001ed6267d000, 0x000001ed6267e800, 0x000001ed6267e000,
0x000001ed6267f800, 0x000001ed62681000, 0x000001ed62682000, 0x000001ed62680800,
0x000001ed613bb800, 0x000001ed613ba000, 0x000001ed613ba800, 0x000001ed613bc800,
0x000001ed613b7800, 0x000001ed613b8000, 0x000001ed613b6800, 0x000001ed613bd000,
0x000001ed613be000, 0x000001ed613be800, 0x000001ed613b9000, 0x000001ed613c3800,
0x000001ed613bf800, 0x000001ed613c1000, 0x000001ed613c4800, 0x000001ed613c3000,
0x000001ed613c0800, 0x000001ed613c5000, 0x000001ed613c2000, 0x000001ed6324b000,
0x000001ed63250000, 0x000001ed6324f000, 0x000001ed6324c800, 0x000001ed6324a000,
0x000001ed63251800, 0x000001ed6324e800, 0x000001ed6324c000, 0x000001ed63252800,
0x000001ed63251000, 0x000001ed63253000, 0x000001ed6324d800, 0x000001ed63259000,
0x000001ed63254000, 0x000001ed63255000, 0x000001ed63255800, 0x000001ed63257800,
0x000001ed63256800, 0x000001ed63258000, 0x000001ed62fb4000, 0x000001ed62fb5000,
0x000001ed62fb6800, 0x000001ed62fb9800, 0x000001ed62fb8000, 0x000001ed62fb5800,
0x000001ed62fba800, 0x000001ed62fb9000, 0x000001ed62fbb800, 0x000001ed62fbc000,
0x000001ed62fbd000, 0x000001ed62fb7800, 0x000001ed62fc1000, 0x000001ed62fbf800,
0x000001ed62fbe000, 0x000001ed62fc2000, 0x000001ed62fc2800, 0x000001ed62fbe800,
0x000001ed62fc0800, 0x000001ed6301b800, 0x000001ed63019000, 0x000001ed63017800,
0x000001ed6301a800, 0x000001ed6301a000, 0x000001ed63016000, 0x000001ed6301c800,
0x000001ed63016800, 0x000001ed6301d000, 0x000001ed6301e000, 0x000001ed63018800,
0x000001ed63020800, 0x000001ed63024800, 0x000001ed63022000, 0x000001ed6301f000,
0x000001ed63021000, 0x000001ed6301f800, 0x000001ed63023000, 0x000001ed63023800,
0x000001ed6308b800, 0x000001ed63089000, 0x000001ed63087800, 0x000001ed63088000,
0x000001ed6308a000, 0x000001ed6308a800, 0x000001ed6308c800, 0x000001ed63086800,
0x000001ed6308f800, 0x000001ed63093000, 0x000001ed6308d000, 0x000001ed6308e000,
0x000001ed63091000, 0x000001ed63090800, 0x000001ed63093800, 0x000001ed63094800,
0x000001ed63092000, 0x000001ed6308e800, 0x000001ed63095800, 0x000001ed674cb800,
0x000001ed674ca000, 0x000001ed674c9000
}

Java Threads: ( => current thread )
  0x000001ed4148d000 JavaThread "main" [_thread_blocked, id=115548, stack(0x0000004df5500000,0x0000004df5600000)]
  0x000001ed5dd11800 JavaThread "Reference Handler" daemon [_thread_blocked, id=117064, stack(0x0000004df5c00000,0x0000004df5d00000)]
  0x000001ed5dd1a800 JavaThread "Finalizer" daemon [_thread_blocked, id=112348, stack(0x0000004df5d00000,0x0000004df5e00000)]
  0x000001ed5dd33800 JavaThread "Signal Dispatcher" daemon [_thread_blocked, id=112804, stack(0x0000004df5e00000,0x0000004df5f00000)]
  0x000001ed5dd34800 JavaThread "Attach Listener" daemon [_thread_blocked, id=128656, stack(0x0000004df5f00000,0x0000004df6000000)]
  0x000001ed5dd35800 JavaThread "Service Thread" daemon [_thread_blocked, id=128408, stack(0x0000004df6000000,0x0000004df6100000)]
=>0x000001ed5dd3f800 JavaThread "C2 CompilerThread0" daemon [_thread_in_native, id=93616, stack(0x0000004df6100000,0x0000004df6200000)]
  0x000001ed5dd46800 JavaThread "C1 CompilerThread0" daemon [_thread_in_native, id=123132, stack(0x0000004df6200000,0x0000004df6300000)]
  0x000001ed5dd4d800 JavaThread "Sweeper thread" daemon [_thread_blocked, id=130644, stack(0x0000004df6300000,0x0000004df6400000)]
  0x000001ed5e804000 JavaThread "Common-Cleaner" daemon [_thread_blocked, id=129548, stack(0x0000004df6400000,0x0000004df6500000)]
  0x000001ed5fe8c000 JavaThread "Daemon health stats" [_thread_blocked, id=121452, stack(0x0000004df6700000,0x0000004df6800000)]
  0x000001ed60151000 JavaThread "Incoming local TCP Connector on port 59140" [_thread_in_native, id=125636, stack(0x0000004df6800000,0x0000004df6900000)]
  0x000001ed600c0800 JavaThread "Daemon periodic checks" [_thread_blocked, id=119600, stack(0x0000004df6900000,0x0000004df6a00000)]
  0x000001ed600ff000 JavaThread "Daemon" [_thread_blocked, id=119268, stack(0x0000004df6a00000,0x0000004df6b00000)]
  0x000001ed600a9800 JavaThread "Handler for socket connection from /127.0.0.1:59140 to /127.0.0.1:59141" [_thread_in_native, id=110848, stack(0x0000004df6b00000,0x0000004df6c00000)]
  0x000001ed5f72e000 JavaThread "Cancel handler" [_thread_blocked, id=127608, stack(0x0000004df6c00000,0x0000004df6d00000)]
  0x000001ed5f72e800 JavaThread "Daemon worker" [_thread_blocked, id=126380, stack(0x0000004df6d00000,0x0000004df6e00000)]
  0x000001ed60914000 JavaThread "Asynchronous log dispatcher for DefaultDaemonConnection: socket connection from /127.0.0.1:59140 to /127.0.0.1:59141" [_thread_blocked, id=112668, stack(0x0000004df6e00000,0x0000004df6f00000)]
  0x000001ed5f50e000 JavaThread "Stdin handler" [_thread_blocked, id=124728, stack(0x0000004df6f00000,0x0000004df7000000)]
  0x000001ed60701800 JavaThread "Daemon client event forwarder" [_thread_blocked, id=111988, stack(0x0000004df7000000,0x0000004df7100000)]
  0x000001ed60702800 JavaThread "Cache worker for journal cache (C:\Users\nraje\AndroidStudioProjects\app2\NOTED---Notes-Application-for-Android-master\caches\journal-1)" [_thread_blocked, id=125304, stack(0x0000004df7100000,0x0000004df7200000)]
  0x000001ed60704000 JavaThread "File lock request listener" [_thread_in_native, id=127380, stack(0x0000004df7a00000,0x0000004df7b00000)]
  0x000001ed606fe000 JavaThread "Cache worker for file hash cache (C:\Users\nraje\AndroidStudioProjects\app2\NOTED---Notes-Application-for-Android-master\caches\7.2\fileHashes)" [_thread_blocked, id=131780, stack(0x0000004df7b00000,0x0000004df7c00000)]
  0x000001ed60705000 JavaThread "Cache worker for file hash cache (C:\Users\nraje\AndroidStudioProjects\NOTEIT\.gradle\7.2\fileHashes)" [_thread_blocked, id=110284, stack(0x0000004df7e00000,0x0000004df7f00000)]
  0x000001ed606ff000 JavaThread "File watcher server" daemon [_thread_in_native, id=132840, stack(0x0000004df7f00000,0x0000004df8000000)]
  0x000001ed60700000 JavaThread "File watcher consumer" daemon [_thread_blocked, id=130968, stack(0x0000004df8000000,0x0000004df8100000)]
  0x000001ed60700800 JavaThread "Cache worker for checksums cache (C:\Users\nraje\AndroidStudioProjects\NOTEIT\.gradle\checksums)" [_thread_blocked, id=129456, stack(0x0000004df8100000,0x0000004df8200000)]
  0x000001ed60703000 JavaThread "Cache worker for cache directory md-supplier (C:\Users\nraje\AndroidStudioProjects\app2\NOTED---Notes-Application-for-Android-master\caches\7.2\md-supplier)" [_thread_blocked, id=125344, stack(0x0000004df8200000,0x0000004df8300000)]
  0x000001ed62329800 JavaThread "Cache worker for cache directory md-rule (C:\Users\nraje\AndroidStudioProjects\app2\NOTED---Notes-Application-for-Android-master\caches\7.2\md-rule)" [_thread_blocked, id=119608, stack(0x0000004df8300000,0x0000004df8400000)]
  0x000001ed62325800 JavaThread "Cache worker for execution history cache (C:\Users\nraje\AndroidStudioProjects\app2\NOTED---Notes-Application-for-Android-master\caches\7.2\executionHistory)" [_thread_in_native, id=126720, stack(0x0000004df8400000,0x0000004df8500000)]
  0x000001ed62328000 JavaThread "jar transforms" [_thread_blocked, id=128420, stack(0x0000004df8500000,0x0000004df8600000)]
  0x000001ed62326000 JavaThread "jar transforms Thread 2" [_thread_blocked, id=126212, stack(0x0000004df8600000,0x0000004df8700000)]
  0x000001ed62323800 JavaThread "Cache worker for file content cache (C:\Users\nraje\AndroidStudioProjects\app2\NOTED---Notes-Application-for-Android-master\caches\7.2\fileContent)" [_thread_blocked, id=131792, stack(0x0000004df8700000,0x0000004df8800000)]
  0x000001ed6232a800 JavaThread "Cache worker for dependencies-accessors (C:\Users\nraje\AndroidStudioProjects\NOTEIT\.gradle\7.2\dependencies-accessors)" [_thread_blocked, id=125536, stack(0x0000004df8800000,0x0000004df8900000)]
  0x000001ed62324800 JavaThread "jar transforms Thread 3" [_thread_blocked, id=131092, stack(0x0000004df8900000,0x0000004df8a00000)]
  0x000001ed6232c000 JavaThread "Cache worker for Build Output Cleanup Cache (C:\Users\nraje\AndroidStudioProjects\NOTEIT\.gradle\buildOutputCleanup)" [_thread_blocked, id=132876, stack(0x0000004df8a00000,0x0000004df8b00000)]
  0x000001ed6232b000 JavaThread "Unconstrained build operations" [_thread_blocked, id=107400, stack(0x0000004df8b00000,0x0000004df8c00000)]
  0x000001ed6232c800 JavaThread "Unconstrained build operations Thread 2" [_thread_blocked, id=130572, stack(0x0000004df8c00000,0x0000004df8d00000)]
  0x000001ed62327000 JavaThread "Unconstrained build operations Thread 3" [_thread_blocked, id=132416, stack(0x0000004df8d00000,0x0000004df8e00000)]
  0x000001ed6232d800 JavaThread "Unconstrained build operations Thread 4" [_thread_blocked, id=87168, stack(0x0000004df8e00000,0x0000004df8f00000)]
  0x000001ed62330000 JavaThread "Unconstrained build operations Thread 5" [_thread_blocked, id=130272, stack(0x0000004df8f00000,0x0000004df9000000)]
  0x000001ed62331000 JavaThread "Unconstrained build operations Thread 6" [_thread_blocked, id=112020, stack(0x0000004df9000000,0x0000004df9100000)]
  0x000001ed62331800 JavaThread "Unconstrained build operations Thread 7" [_thread_blocked, id=112280, stack(0x0000004df9100000,0x0000004df9200000)]
  0x000001ed6232e800 JavaThread "Unconstrained build operations Thread 8" [_thread_blocked, id=131648, stack(0x0000004df9200000,0x0000004df9300000)]
  0x000001ed6232f000 JavaThread "Unconstrained build operations Thread 9" [_thread_blocked, id=131892, stack(0x0000004df9300000,0x0000004df9400000)]
  0x000001ed62332800 JavaThread "Unconstrained build operations Thread 10" [_thread_blocked, id=131288, stack(0x0000004df9400000,0x0000004df9500000)]
  0x000001ed64b21000 JavaThread "Unconstrained build operations Thread 11" [_thread_blocked, id=132352, stack(0x0000004df9500000,0x0000004df9600000)]
  0x000001ed64b20000 JavaThread "Unconstrained build operations Thread 12" [_thread_blocked, id=126592, stack(0x0000004df9600000,0x0000004df9700000)]
  0x000001ed64b22800 JavaThread "Unconstrained build operations Thread 13" [_thread_blocked, id=131196, stack(0x0000004df9700000,0x0000004df9800000)]
  0x000001ed64b1f000 JavaThread "Unconstrained build operations Thread 14" [_thread_blocked, id=126544, stack(0x0000004df9800000,0x0000004df9900000)]
  0x000001ed64b26800 JavaThread "Unconstrained build operations Thread 15" [_thread_blocked, id=109124, stack(0x0000004df9900000,0x0000004df9a00000)]
  0x000001ed64b21800 JavaThread "Unconstrained build operations Thread 16" [_thread_blocked, id=124652, stack(0x0000004df9a00000,0x0000004df9b00000)]
  0x000001ed64b27800 JavaThread "Unconstrained build operations Thread 17" [_thread_blocked, id=132140, stack(0x0000004df9b00000,0x0000004df9c00000)]
  0x000001ed64b25000 JavaThread "Unconstrained build operations Thread 18" [_thread_blocked, id=99656, stack(0x0000004df9c00000,0x0000004df9d00000)]
  0x000001ed64b29000 JavaThread "Unconstrained build operations Thread 19" [_thread_blocked, id=110012, stack(0x0000004df9d00000,0x0000004df9e00000)]
  0x000001ed64b28000 JavaThread "Unconstrained build operations Thread 20" [_thread_blocked, id=126368, stack(0x0000004df9e00000,0x0000004df9f00000)]
  0x000001ed64b25800 JavaThread "Unconstrained build operations Thread 21" [_thread_blocked, id=132948, stack(0x0000004df9f00000,0x0000004dfa000000)]
  0x000001ed64b23800 JavaThread "Unconstrained build operations Thread 22" [_thread_blocked, id=107764, stack(0x0000004dfa000000,0x0000004dfa100000)]
  0x000001ed64b2a000 JavaThread "Unconstrained build operations Thread 23" [_thread_blocked, id=118240, stack(0x0000004dfa100000,0x0000004dfa200000)]
  0x000001ed64b24000 JavaThread "Unconstrained build operations Thread 24" [_thread_blocked, id=117052, stack(0x0000004dfa200000,0x0000004dfa300000)]
  0x000001ed64b2d000 JavaThread "Unconstrained build operations Thread 25" [_thread_blocked, id=129676, stack(0x0000004dfa300000,0x0000004dfa400000)]
  0x000001ed64b2a800 JavaThread "Unconstrained build operations Thread 26" [_thread_blocked, id=125268, stack(0x0000004dfa400000,0x0000004dfa500000)]
  0x000001ed64b2b800 JavaThread "Unconstrained build operations Thread 27" [_thread_blocked, id=114804, stack(0x0000004dfa500000,0x0000004dfa600000)]
  0x000001ed64b2c000 JavaThread "Unconstrained build operations Thread 28" [_thread_blocked, id=126080, stack(0x0000004dfa600000,0x0000004dfa700000)]
  0x000001ed64b2e000 JavaThread "Unconstrained build operations Thread 29" [_thread_blocked, id=129636, stack(0x0000004dfa700000,0x0000004dfa800000)]
  0x000001ed62673800 JavaThread "Unconstrained build operations Thread 30" [_thread_blocked, id=125452, stack(0x0000004dfa800000,0x0000004dfa900000)]
  0x000001ed62675000 JavaThread "Unconstrained build operations Thread 31" [_thread_blocked, id=129720, stack(0x0000004dfa900000,0x0000004dfaa00000)]
  0x000001ed62678000 JavaThread "Unconstrained build operations Thread 32" [_thread_blocked, id=123192, stack(0x0000004dfaa00000,0x0000004dfab00000)]
  0x000001ed62679000 JavaThread "Unconstrained build operations Thread 33" [_thread_blocked, id=131844, stack(0x0000004dfab00000,0x0000004dfac00000)]
  0x000001ed6267a000 JavaThread "Unconstrained build operations Thread 34" [_thread_blocked, id=131716, stack(0x0000004dfac00000,0x0000004dfad00000)]
  0x000001ed62677800 JavaThread "Unconstrained build operations Thread 35" [_thread_blocked, id=94608, stack(0x0000004dfad00000,0x0000004dfae00000)]
  0x000001ed62674000 JavaThread "Unconstrained build operations Thread 36" [_thread_blocked, id=127492, stack(0x0000004dfae00000,0x0000004dfaf00000)]
  0x000001ed6267b800 JavaThread "Unconstrained build operations Thread 37" [_thread_blocked, id=119668, stack(0x0000004dfaf00000,0x0000004dfb000000)]
  0x000001ed6267a800 JavaThread "Unconstrained build operations Thread 38" [_thread_blocked, id=120252, stack(0x0000004dfb000000,0x0000004dfb100000)]
  0x000001ed62675800 JavaThread "Unconstrained build operations Thread 39" [_thread_blocked, id=125348, stack(0x0000004dfb100000,0x0000004dfb200000)]
  0x000001ed6267c800 JavaThread "Unconstrained build operations Thread 40" [_thread_blocked, id=124624, stack(0x0000004dfb200000,0x0000004dfb300000)]
  0x000001ed62676800 JavaThread "Unconstrained build operations Thread 41" [_thread_blocked, id=125680, stack(0x0000004dfb300000,0x0000004dfb400000)]
  0x000001ed6267d000 JavaThread "Unconstrained build operations Thread 42" [_thread_blocked, id=132676, stack(0x0000004dfb400000,0x0000004dfb500000)]
  0x000001ed6267e800 JavaThread "Unconstrained build operations Thread 43" [_thread_blocked, id=132784, stack(0x0000004dfb500000,0x0000004dfb600000)]
  0x000001ed6267e000 JavaThread "Unconstrained build operations Thread 44" [_thread_blocked, id=132988, stack(0x0000004dfb600000,0x0000004dfb700000)]
  0x000001ed6267f800 JavaThread "Unconstrained build operations Thread 45" [_thread_blocked, id=130724, stack(0x0000004dfb700000,0x0000004dfb800000)]
  0x000001ed62681000 JavaThread "Unconstrained build operations Thread 46" [_thread_blocked, id=130844, stack(0x0000004dfb800000,0x0000004dfb900000)]
  0x000001ed62682000 JavaThread "Unconstrained build operations Thread 47" [_thread_blocked, id=122064, stack(0x0000004dfb900000,0x0000004dfba00000)]
  0x000001ed62680800 JavaThread "Unconstrained build operations Thread 48" [_thread_blocked, id=128796, stack(0x0000004dfba00000,0x0000004dfbb00000)]
  0x000001ed613bb800 JavaThread "Unconstrained build operations Thread 49" [_thread_blocked, id=111664, stack(0x0000004dfbb00000,0x0000004dfbc00000)]
  0x000001ed613ba000 JavaThread "Unconstrained build operations Thread 50" [_thread_blocked, id=115156, stack(0x0000004dfbc00000,0x0000004dfbd00000)]
  0x000001ed613ba800 JavaThread "Unconstrained build operations Thread 51" [_thread_blocked, id=118912, stack(0x0000004dfbd00000,0x0000004dfbe00000)]
  0x000001ed613bc800 JavaThread "Unconstrained build operations Thread 52" [_thread_blocked, id=126196, stack(0x0000004dfbe00000,0x0000004dfbf00000)]
  0x000001ed613b7800 JavaThread "Unconstrained build operations Thread 53" [_thread_blocked, id=131120, stack(0x0000004dfbf00000,0x0000004dfc000000)]
  0x000001ed613b8000 JavaThread "Unconstrained build operations Thread 54" [_thread_blocked, id=116452, stack(0x0000004dfc000000,0x0000004dfc100000)]
  0x000001ed613b6800 JavaThread "Unconstrained build operations Thread 55" [_thread_blocked, id=116256, stack(0x0000004dfc100000,0x0000004dfc200000)]
  0x000001ed613bd000 JavaThread "Unconstrained build operations Thread 56" [_thread_blocked, id=121060, stack(0x0000004dfc200000,0x0000004dfc300000)]
  0x000001ed613be000 JavaThread "Unconstrained build operations Thread 57" [_thread_blocked, id=107968, stack(0x0000004dfc300000,0x0000004dfc400000)]
  0x000001ed613be800 JavaThread "Unconstrained build operations Thread 58" [_thread_blocked, id=128736, stack(0x0000004dfc400000,0x0000004dfc500000)]
  0x000001ed613b9000 JavaThread "Unconstrained build operations Thread 59" [_thread_blocked, id=121416, stack(0x0000004dfc500000,0x0000004dfc600000)]
  0x000001ed613c3800 JavaThread "Unconstrained build operations Thread 60" [_thread_blocked, id=132568, stack(0x0000004dfc600000,0x0000004dfc700000)]
  0x000001ed613bf800 JavaThread "Unconstrained build operations Thread 61" [_thread_blocked, id=110304, stack(0x0000004dfc700000,0x0000004dfc800000)]
  0x000001ed613c1000 JavaThread "Unconstrained build operations Thread 62" [_thread_blocked, id=128280, stack(0x0000004dfc800000,0x0000004dfc900000)]
  0x000001ed613c4800 JavaThread "Unconstrained build operations Thread 63" [_thread_blocked, id=130504, stack(0x0000004dfc900000,0x0000004dfca00000)]
  0x000001ed613c3000 JavaThread "Unconstrained build operations Thread 64" [_thread_blocked, id=119092, stack(0x0000004dfca00000,0x0000004dfcb00000)]
  0x000001ed613c0800 JavaThread "Unconstrained build operations Thread 65" [_thread_blocked, id=119636, stack(0x0000004dfcb00000,0x0000004dfcc00000)]
  0x000001ed613c5000 JavaThread "Unconstrained build operations Thread 66" [_thread_blocked, id=117092, stack(0x0000004dfcc00000,0x0000004dfcd00000)]
  0x000001ed613c2000 JavaThread "Unconstrained build operations Thread 67" [_thread_blocked, id=74184, stack(0x0000004dfcd00000,0x0000004dfce00000)]
  0x000001ed6324b000 JavaThread "Unconstrained build operations Thread 68" [_thread_blocked, id=130356, stack(0x0000004dfce00000,0x0000004dfcf00000)]
  0x000001ed63250000 JavaThread "Unconstrained build operations Thread 69" [_thread_blocked, id=124304, stack(0x0000004dfcf00000,0x0000004dfd000000)]
  0x000001ed6324f000 JavaThread "Unconstrained build operations Thread 70" [_thread_blocked, id=111724, stack(0x0000004dfd000000,0x0000004dfd100000)]
  0x000001ed6324c800 JavaThread "Unconstrained build operations Thread 71" [_thread_blocked, id=97156, stack(0x0000004dfd100000,0x0000004dfd200000)]
  0x000001ed6324a000 JavaThread "Unconstrained build operations Thread 72" [_thread_blocked, id=128112, stack(0x0000004dfd200000,0x0000004dfd300000)]
  0x000001ed63251800 JavaThread "Unconstrained build operations Thread 73" [_thread_blocked, id=126084, stack(0x0000004dfd300000,0x0000004dfd400000)]
  0x000001ed6324e800 JavaThread "Unconstrained build operations Thread 74" [_thread_blocked, id=119788, stack(0x0000004dfd400000,0x0000004dfd500000)]
  0x000001ed6324c000 JavaThread "Unconstrained build operations Thread 75" [_thread_blocked, id=132196, stack(0x0000004dfd500000,0x0000004dfd600000)]
  0x000001ed63252800 JavaThread "Unconstrained build operations Thread 76" [_thread_blocked, id=103024, stack(0x0000004dfd600000,0x0000004dfd700000)]
  0x000001ed63251000 JavaThread "Unconstrained build operations Thread 77" [_thread_blocked, id=125696, stack(0x0000004dfd700000,0x0000004dfd800000)]
  0x000001ed63253000 JavaThread "Unconstrained build operations Thread 78" [_thread_blocked, id=117916, stack(0x0000004dfd800000,0x0000004dfd900000)]
  0x000001ed6324d800 JavaThread "Unconstrained build operations Thread 79" [_thread_blocked, id=131984, stack(0x0000004dfd900000,0x0000004dfda00000)]
  0x000001ed63259000 JavaThread "Unconstrained build operations Thread 80" [_thread_blocked, id=118612, stack(0x0000004dfda00000,0x0000004dfdb00000)]
  0x000001ed63254000 JavaThread "Unconstrained build operations Thread 81" [_thread_blocked, id=131724, stack(0x0000004dfdb00000,0x0000004dfdc00000)]
  0x000001ed63255000 JavaThread "Unconstrained build operations Thread 82" [_thread_blocked, id=133076, stack(0x0000004dfdc00000,0x0000004dfdd00000)]
  0x000001ed63255800 JavaThread "Unconstrained build operations Thread 83" [_thread_blocked, id=123764, stack(0x0000004dfdd00000,0x0000004dfde00000)]
  0x000001ed63257800 JavaThread "Unconstrained build operations Thread 84" [_thread_blocked, id=133096, stack(0x0000004dfde00000,0x0000004dfdf00000)]
  0x000001ed63256800 JavaThread "Unconstrained build operations Thread 85" [_thread_blocked, id=118232, stack(0x0000004dfdf00000,0x0000004dfe000000)]
  0x000001ed63258000 JavaThread "Unconstrained build operations Thread 86" [_thread_blocked, id=127704, stack(0x0000004dfe000000,0x0000004dfe100000)]
  0x000001ed62fb4000 JavaThread "Unconstrained build operations Thread 87" [_thread_blocked, id=117172, stack(0x0000004dfe100000,0x0000004dfe200000)]
  0x000001ed62fb5000 JavaThread "Unconstrained build operations Thread 88" [_thread_blocked, id=95488, stack(0x0000004dfe200000,0x0000004dfe300000)]
  0x000001ed62fb6800 JavaThread "Unconstrained build operations Thread 89" [_thread_blocked, id=114672, stack(0x0000004dfe300000,0x0000004dfe400000)]
  0x000001ed62fb9800 JavaThread "Unconstrained build operations Thread 90" [_thread_blocked, id=107844, stack(0x0000004dfe400000,0x0000004dfe500000)]
  0x000001ed62fb8000 JavaThread "Unconstrained build operations Thread 91" [_thread_blocked, id=133040, stack(0x0000004dfe500000,0x0000004dfe600000)]
  0x000001ed62fb5800 JavaThread "Unconstrained build operations Thread 92" [_thread_blocked, id=125356, stack(0x0000004dfe600000,0x0000004dfe700000)]
  0x000001ed62fba800 JavaThread "Unconstrained build operations Thread 93" [_thread_blocked, id=131068, stack(0x0000004dfe700000,0x0000004dfe800000)]
  0x000001ed62fb9000 JavaThread "Unconstrained build operations Thread 94" [_thread_blocked, id=88324, stack(0x0000004dfe800000,0x0000004dfe900000)]
  0x000001ed62fbb800 JavaThread "Unconstrained build operations Thread 95" [_thread_blocked, id=132492, stack(0x0000004dfe900000,0x0000004dfea00000)]
  0x000001ed62fbc000 JavaThread "Unconstrained build operations Thread 96" [_thread_blocked, id=131192, stack(0x0000004dfea00000,0x0000004dfeb00000)]
  0x000001ed62fbd000 JavaThread "Unconstrained build operations Thread 97" [_thread_blocked, id=132880, stack(0x0000004dfeb00000,0x0000004dfec00000)]
  0x000001ed62fb7800 JavaThread "Unconstrained build operations Thread 98" [_thread_blocked, id=130208, stack(0x0000004dfec00000,0x0000004dfed00000)]
  0x000001ed62fc1000 JavaThread "Unconstrained build operations Thread 99" [_thread_blocked, id=119972, stack(0x0000004dfed00000,0x0000004dfee00000)]
  0x000001ed62fbf800 JavaThread "Unconstrained build operations Thread 100" [_thread_blocked, id=116084, stack(0x0000004dfee00000,0x0000004dfef00000)]
  0x000001ed62fbe000 JavaThread "Unconstrained build operations Thread 101" [_thread_blocked, id=114840, stack(0x0000004dfef00000,0x0000004dff000000)]
  0x000001ed62fc2000 JavaThread "Unconstrained build operations Thread 102" [_thread_blocked, id=131696, stack(0x0000004dff000000,0x0000004dff100000)]
  0x000001ed62fc2800 JavaThread "Unconstrained build operations Thread 103" [_thread_blocked, id=120008, stack(0x0000004dff100000,0x0000004dff200000)]
  0x000001ed62fbe800 JavaThread "Unconstrained build operations Thread 104" [_thread_blocked, id=130760, stack(0x0000004dff200000,0x0000004dff300000)]
  0x000001ed62fc0800 JavaThread "Unconstrained build operations Thread 105" [_thread_blocked, id=124336, stack(0x0000004dff300000,0x0000004dff400000)]
  0x000001ed6301b800 JavaThread "Unconstrained build operations Thread 106" [_thread_blocked, id=123036, stack(0x0000004dff400000,0x0000004dff500000)]
  0x000001ed63019000 JavaThread "Unconstrained build operations Thread 107" [_thread_in_native, id=99808, stack(0x0000004dff500000,0x0000004dff600000)]
  0x000001ed63017800 JavaThread "Unconstrained build operations Thread 108" [_thread_blocked, id=131960, stack(0x0000004dff600000,0x0000004dff700000)]
  0x000001ed6301a800 JavaThread "Unconstrained build operations Thread 109" [_thread_blocked, id=124420, stack(0x0000004dff700000,0x0000004dff800000)]
  0x000001ed6301a000 JavaThread "Unconstrained build operations Thread 110" [_thread_blocked, id=119588, stack(0x0000004dff800000,0x0000004dff900000)]
  0x000001ed63016000 JavaThread "Unconstrained build operations Thread 111" [_thread_blocked, id=132624, stack(0x0000004dff900000,0x0000004dffa00000)]
  0x000001ed6301c800 JavaThread "Unconstrained build operations Thread 112" [_thread_blocked, id=102048, stack(0x0000004dffa00000,0x0000004dffb00000)]
  0x000001ed63016800 JavaThread "Unconstrained build operations Thread 113" [_thread_blocked, id=131640, stack(0x0000004dffb00000,0x0000004dffc00000)]
  0x000001ed6301d000 JavaThread "Unconstrained build operations Thread 114" [_thread_blocked, id=129880, stack(0x0000004dffc00000,0x0000004dffd00000)]
  0x000001ed6301e000 JavaThread "Unconstrained build operations Thread 115" [_thread_blocked, id=133060, stack(0x0000004dffd00000,0x0000004dffe00000)]
  0x000001ed63018800 JavaThread "Unconstrained build operations Thread 116" [_thread_blocked, id=84412, stack(0x0000004dffe00000,0x0000004dfff00000)]
  0x000001ed63020800 JavaThread "Unconstrained build operations Thread 117" [_thread_blocked, id=122344, stack(0x0000004dfff00000,0x0000004e00000000)]
  0x000001ed63024800 JavaThread "Unconstrained build operations Thread 118" [_thread_blocked, id=115568, stack(0x0000004d80000000,0x0000004d80100000)]
  0x000001ed63022000 JavaThread "Unconstrained build operations Thread 119" [_thread_blocked, id=128292, stack(0x0000004d80100000,0x0000004d80200000)]
  0x000001ed6301f000 JavaThread "Unconstrained build operations Thread 120" [_thread_blocked, id=131056, stack(0x0000004d80200000,0x0000004d80300000)]
  0x000001ed63021000 JavaThread "jar transforms Thread 4" [_thread_blocked, id=123068, stack(0x0000004d80300000,0x0000004d80400000)]
  0x000001ed6301f800 JavaThread "jar transforms Thread 5" [_thread_blocked, id=119176, stack(0x0000004d80400000,0x0000004d80500000)]
  0x000001ed63023000 JavaThread "jar transforms Thread 6" [_thread_blocked, id=112336, stack(0x0000004d80500000,0x0000004d80600000)]
  0x000001ed63023800 JavaThread "jar transforms Thread 7" [_thread_blocked, id=105864, stack(0x0000004d80600000,0x0000004d80700000)]
  0x000001ed6308b800 JavaThread "jar transforms Thread 8" [_thread_blocked, id=132908, stack(0x0000004d80700000,0x0000004d80800000)]
  0x000001ed63089000 JavaThread "jar transforms Thread 9" [_thread_blocked, id=125816, stack(0x0000004d80800000,0x0000004d80900000)]
  0x000001ed63087800 JavaThread "jar transforms Thread 10" [_thread_blocked, id=131320, stack(0x0000004d80900000,0x0000004d80a00000)]
  0x000001ed63088000 JavaThread "jar transforms Thread 11" [_thread_blocked, id=128276, stack(0x0000004d80a00000,0x0000004d80b00000)]
  0x000001ed6308a000 JavaThread "jar transforms Thread 12" [_thread_blocked, id=128908, stack(0x0000004d80b00000,0x0000004d80c00000)]
  0x000001ed6308a800 JavaThread "Memory manager" [_thread_blocked, id=109596, stack(0x0000004d80c00000,0x0000004d80d00000)]
  0x000001ed6308c800 JavaThread "build event listener" [_thread_blocked, id=129976, stack(0x0000004d80d00000,0x0000004d80e00000)]
  0x000001ed63086800 JavaThread "pool-3-thread-1" [_thread_blocked, id=127268, stack(0x0000004d80e00000,0x0000004d80f00000)]
  0x000001ed6308f800 JavaThread "build event listener" [_thread_blocked, id=125184, stack(0x0000004d80f00000,0x0000004d81000000)]
  0x000001ed63093000 JavaThread "Execution worker for ':'" [_thread_blocked, id=120748, stack(0x0000004d81000000,0x0000004d81100000)]
  0x000001ed6308d000 JavaThread "Execution worker for ':' Thread 2" [_thread_blocked, id=111980, stack(0x0000004d81100000,0x0000004d81200000)]
  0x000001ed6308e000 JavaThread "Execution worker for ':' Thread 3" [_thread_blocked, id=121480, stack(0x0000004d81200000,0x0000004d81300000)]
  0x000001ed63091000 JavaThread "Execution worker for ':' Thread 4" [_thread_blocked, id=132300, stack(0x0000004d81300000,0x0000004d81400000)]
  0x000001ed63090800 JavaThread "Execution worker for ':' Thread 5" [_thread_blocked, id=132608, stack(0x0000004d81400000,0x0000004d81500000)]
  0x000001ed63093800 JavaThread "Execution worker for ':' Thread 6" [_thread_blocked, id=114296, stack(0x0000004d81500000,0x0000004d81600000)]
  0x000001ed63094800 JavaThread "Execution worker for ':' Thread 7" [_thread_blocked, id=126200, stack(0x0000004d81600000,0x0000004d81700000)]
  0x000001ed63092000 JavaThread "Execution worker for ':' Thread 8" [_thread_blocked, id=121576, stack(0x0000004d81700000,0x0000004d81800000)]
  0x000001ed6308e800 JavaThread "Execution worker for ':' Thread 9" [_thread_blocked, id=118456, stack(0x0000004d81800000,0x0000004d81900000)]
  0x000001ed63095800 JavaThread "Execution worker for ':' Thread 10" [_thread_blocked, id=132712, stack(0x0000004d81900000,0x0000004d81a00000)]
  0x000001ed674cb800 JavaThread "Execution worker for ':' Thread 11" [_thread_blocked, id=87616, stack(0x0000004d81a00000,0x0000004d81b00000)]
  0x000001ed674ca000 JavaThread "Cache worker for execution history cache (C:\Users\nraje\AndroidStudioProjects\NOTEIT\.gradle\7.2\executionHistory)" [_thread_blocked, id=127160, stack(0x0000004d81b00000,0x0000004d81c00000)]
  0x000001ed674c9000 JavaThread "WorkerExecutor Queue" [_thread_blocked, id=126540, stack(0x0000004d81d00000,0x0000004d81e00000)]

Other Threads:
  0x000001ed5dd0d000 VMThread "VM Thread" [stack: 0x0000004df5b00000,0x0000004df5c00000] [id=129996]
  0x000001ed5e838800 WatcherThread [stack: 0x0000004df6500000,0x0000004df6600000] [id=132116]
  0x000001ed414a7800 GCTaskThread "GC Thread#0" [stack: 0x0000004df5600000,0x0000004df5700000] [id=102176]
  0x000001ed5ebad000 GCTaskThread "GC Thread#1" [stack: 0x0000004df6600000,0x0000004df6700000] [id=92420]
  0x000001ed60a16800 GCTaskThread "GC Thread#2" [stack: 0x0000004df7200000,0x0000004df7300000] [id=108744]
  0x000001ed607b5000 GCTaskThread "GC Thread#3" [stack: 0x0000004df7300000,0x0000004df7400000] [id=99336]
  0x000001ed5f6a6000 GCTaskThread "GC Thread#4" [stack: 0x0000004df7400000,0x0000004df7500000] [id=131720]
  0x000001ed60844800 GCTaskThread "GC Thread#5" [stack: 0x0000004df7500000,0x0000004df7600000] [id=131884]
  0x000001ed608a9800 GCTaskThread "GC Thread#6" [stack: 0x0000004df7600000,0x0000004df7700000] [id=121316]
  0x000001ed60a60800 GCTaskThread "GC Thread#7" [stack: 0x0000004df7700000,0x0000004df7800000] [id=131012]
  0x000001ed6077f000 GCTaskThread "GC Thread#8" [stack: 0x0000004df7800000,0x0000004df7900000] [id=123944]
  0x000001ed60b7b800 GCTaskThread "GC Thread#9" [stack: 0x0000004df7900000,0x0000004df7a00000] [id=113984]
  0x000001ed414d9800 ConcurrentGCThread "G1 Main Marker" [stack: 0x0000004df5700000,0x0000004df5800000] [id=63364]
  0x000001ed414db000 ConcurrentGCThread "G1 Conc#0" [stack: 0x0000004df5800000,0x0000004df5900000] [id=126896]
  0x000001ed60dde800 ConcurrentGCThread "G1 Conc#1" [stack: 0x0000004df7c00000,0x0000004df7d00000] [id=115916]
  0x000001ed60ddf000 ConcurrentGCThread "G1 Conc#2" [stack: 0x0000004df7d00000,0x0000004df7e00000] [id=104420]
  0x000001ed4156c800 ConcurrentGCThread "G1 Refine#0" [stack: 0x0000004df5900000,0x0000004df5a00000] [id=106928]
  0x000001ed4156d800 ConcurrentGCThread "G1 Young RemSet Sampling" [stack: 0x0000004df5a00000,0x0000004df5b00000] [id=60908]

Threads with active compile tasks:
C2 CompilerThread0  31332 12760       4       java.lang.reflect.Method::invoke (65 bytes)

VM state:not at safepoint (normal execution)

VM Mutex/Monitor currently owned by a thread: None

Heap address: 0x0000000080000000, size: 2048 MB, Compressed Oops mode: 32-bit
Narrow klass base: 0x0000000000000000, Narrow klass shift: 3
Compressed class space size: 1073741824 Address: 0x0000000100000000

Heap:
 garbage-first heap   total 139264K, used 92628K [0x0000000080000000, 0x0000000100000000)
  region size 1024K, 11 young (11264K), 4 survivors (4096K)
 Metaspace       used 97481K, capacity 99844K, committed 100308K, reserved 1136640K
  class space    used 12183K, capacity 13074K, committed 13312K, reserved 1048576K
Heap Regions: E=young(eden), S=young(survivor), O=old, HS=humongous(starts), HC=humongous(continues), CS=collection set, F=free, A=archive, TAMS=top-at-mark-start (previous, next)
|   0|0x0000000080000000, 0x0000000080100000, 0x0000000080100000|100%| O|  |TAMS 0x0000000080100000, 0x0000000080000000| Updating 
|   1|0x0000000080100000, 0x0000000080200000, 0x0000000080200000|100%| O|  |TAMS 0x0000000080200000, 0x0000000080100000| Updating 
|   2|0x0000000080200000, 0x0000000080300000, 0x0000000080300000|100%| O|  |TAMS 0x0000000080300000, 0x0000000080200000| Updating 
|   3|0x0000000080300000, 0x0000000080400000, 0x0000000080400000|100%|HS|  |TAMS 0x0000000080400000, 0x0000000080300000| Complete 
|   4|0x0000000080400000, 0x0000000080500000, 0x0000000080500000|100%|HC|  |TAMS 0x0000000080500000, 0x0000000080400000| Complete 
|   5|0x0000000080500000, 0x0000000080600000, 0x0000000080600000|100%|HC|  |TAMS 0x0000000080600000, 0x0000000080500000| Complete 
|   6|0x0000000080600000, 0x0000000080700000, 0x0000000080700000|100%| O|  |TAMS 0x0000000080700000, 0x0000000080600000| Updating 
|   7|0x0000000080700000, 0x0000000080800000, 0x0000000080800000|100%| O|  |TAMS 0x0000000080800000, 0x0000000080700000| Updating 
|   8|0x0000000080800000, 0x0000000080900000, 0x0000000080900000|100%| O|  |TAMS 0x0000000080900000, 0x0000000080800000| Updating 
|   9|0x0000000080900000, 0x0000000080a00000, 0x0000000080a00000|100%| O|  |TAMS 0x0000000080a00000, 0x0000000080900000| Updating 
|  10|0x0000000080a00000, 0x0000000080b00000, 0x0000000080b00000|100%| O|  |TAMS 0x0000000080b00000, 0x0000000080a00000| Updating 
|  11|0x0000000080b00000, 0x0000000080c00000, 0x0000000080c00000|100%| O|  |TAMS 0x0000000080c00000, 0x0000000080b00000| Updating 
|  12|0x0000000080c00000, 0x0000000080d00000, 0x0000000080d00000|100%| O|  |TAMS 0x0000000080d00000, 0x0000000080c00000| Updating 
|  13|0x0000000080d00000, 0x0000000080e00000, 0x0000000080e00000|100%| O|  |TAMS 0x0000000080e00000, 0x0000000080d00000| Updating 
|  14|0x0000000080e00000, 0x0000000080f00000, 0x0000000080f00000|100%| O|  |TAMS 0x0000000080f00000, 0x0000000080e00000| Updating 
|  15|0x0000000080f00000, 0x0000000081000000, 0x0000000081000000|100%| O|  |TAMS 0x0000000081000000, 0x0000000080f00000| Updating 
|  16|0x0000000081000000, 0x0000000081100000, 0x0000000081100000|100%| O|  |TAMS 0x0000000081100000, 0x0000000081000000| Updating 
|  17|0x0000000081100000, 0x0000000081200000, 0x0000000081200000|100%| O|  |TAMS 0x0000000081200000, 0x0000000081100000| Updating 
|  18|0x0000000081200000, 0x0000000081300000, 0x0000000081300000|100%| O|  |TAMS 0x0000000081300000, 0x0000000081200000| Updating 
|  19|0x0000000081300000, 0x0000000081400000, 0x0000000081400000|100%| O|  |TAMS 0x0000000081400000, 0x0000000081300000| Updating 
|  20|0x0000000081400000, 0x0000000081500000, 0x0000000081500000|100%| O|  |TAMS 0x0000000081500000, 0x0000000081400000| Updating 
|  21|0x0000000081500000, 0x0000000081600000, 0x0000000081600000|100%| O|  |TAMS 0x0000000081600000, 0x0000000081500000| Updating 
|  22|0x0000000081600000, 0x0000000081700000, 0x0000000081700000|100%| O|  |TAMS 0x0000000081700000, 0x0000000081600000| Updating 
|  23|0x0000000081700000, 0x0000000081800000, 0x0000000081800000|100%| O|  |TAMS 0x0000000081800000, 0x0000000081700000| Updating 
|  24|0x0000000081800000, 0x0000000081900000, 0x0000000081900000|100%| O|  |TAMS 0x0000000081900000, 0x0000000081800000| Updating 
|  25|0x0000000081900000, 0x0000000081a00000, 0x0000000081a00000|100%| O|  |TAMS 0x0000000081a00000, 0x0000000081900000| Updating 
|  26|0x0000000081a00000, 0x0000000081b00000, 0x0000000081b00000|100%| O|  |TAMS 0x0000000081b00000, 0x0000000081a00000| Updating 
|  27|0x0000000081b00000, 0x0000000081c00000, 0x0000000081c00000|100%| O|  |TAMS 0x0000000081c00000, 0x0000000081b00000| Updating 
|  28|0x0000000081c00000, 0x0000000081d00000, 0x0000000081d00000|100%|HS|  |TAMS 0x0000000081d00000, 0x0000000081c00000| Complete 
|  29|0x0000000081d00000, 0x0000000081e00000, 0x0000000081e00000|100%|HS|  |TAMS 0x0000000081e00000, 0x0000000081d00000| Complete 
|  30|0x0000000081e00000, 0x0000000081f00000, 0x0000000081f00000|100%|HS|  |TAMS 0x0000000081f00000, 0x0000000081e00000| Complete 
|  31|0x0000000081f00000, 0x0000000082000000, 0x0000000082000000|100%|HS|  |TAMS 0x0000000082000000, 0x0000000081f00000| Complete 
|  32|0x0000000082000000, 0x0000000082100000, 0x0000000082100000|100%|HC|  |TAMS 0x0000000082100000, 0x0000000082000000| Complete 
|  33|0x0000000082100000, 0x0000000082200000, 0x0000000082200000|100%| O|  |TAMS 0x0000000082200000, 0x0000000082100000| Updating 
|  34|0x0000000082200000, 0x0000000082300000, 0x0000000082300000|100%| O|  |TAMS 0x0000000082300000, 0x0000000082200000| Updating 
|  35|0x0000000082300000, 0x0000000082400000, 0x0000000082400000|100%| O|  |TAMS 0x0000000082400000, 0x0000000082300000| Updating 
|  36|0x0000000082400000, 0x0000000082500000, 0x0000000082500000|100%| O|  |TAMS 0x0000000082500000, 0x0000000082400000| Updating 
|  37|0x0000000082500000, 0x0000000082600000, 0x0000000082600000|100%| O|  |TAMS 0x0000000082600000, 0x0000000082500000| Updating 
|  38|0x0000000082600000, 0x0000000082700000, 0x0000000082700000|100%| O|  |TAMS 0x0000000082700000, 0x0000000082600000| Updating 
|  39|0x0000000082700000, 0x0000000082800000, 0x0000000082800000|100%| O|  |TAMS 0x0000000082800000, 0x0000000082700000| Updating 
|  40|0x0000000082800000, 0x0000000082900000, 0x0000000082900000|100%| O|  |TAMS 0x0000000082900000, 0x0000000082800000| Updating 
|  41|0x0000000082900000, 0x0000000082a00000, 0x0000000082a00000|100%| O|  |TAMS 0x0000000082a00000, 0x0000000082900000| Updating 
|  42|0x0000000082a00000, 0x0000000082b00000, 0x0000000082b00000|100%| O|  |TAMS 0x0000000082b00000, 0x0000000082a00000| Updating 
|  43|0x0000000082b00000, 0x0000000082c00000, 0x0000000082c00000|100%| O|  |TAMS 0x0000000082c00000, 0x0000000082b00000| Updating 
|  44|0x0000000082c00000, 0x0000000082d00000, 0x0000000082d00000|100%| O|  |TAMS 0x0000000082d00000, 0x0000000082c00000| Updating 
|  45|0x0000000082d00000, 0x0000000082e00000, 0x0000000082e00000|100%| O|  |TAMS 0x0000000082e00000, 0x0000000082d00000| Updating 
|  46|0x0000000082e00000, 0x0000000082f00000, 0x0000000082f00000|100%| O|  |TAMS 0x0000000082f00000, 0x0000000082e00000| Updating 
|  47|0x0000000082f00000, 0x0000000083000000, 0x0000000083000000|100%| O|  |TAMS 0x0000000083000000, 0x0000000082f00000| Updating 
|  48|0x0000000083000000, 0x0000000083100000, 0x0000000083100000|100%| O|  |TAMS 0x0000000083100000, 0x0000000083000000| Updating 
|  49|0x0000000083100000, 0x0000000083200000, 0x0000000083200000|100%| O|  |TAMS 0x0000000083200000, 0x0000000083100000| Updating 
|  50|0x0000000083200000, 0x0000000083300000, 0x0000000083300000|100%| O|  |TAMS 0x0000000083300000, 0x0000000083200000| Updating 
|  51|0x0000000083300000, 0x0000000083400000, 0x0000000083400000|100%| O|  |TAMS 0x0000000083400000, 0x0000000083300000| Updating 
|  52|0x0000000083400000, 0x0000000083500000, 0x0000000083500000|100%| O|  |TAMS 0x0000000083500000, 0x0000000083400000| Updating 
|  53|0x0000000083500000, 0x0000000083600000, 0x0000000083600000|100%| O|  |TAMS 0x0000000083600000, 0x0000000083500000| Updating 
|  54|0x0000000083600000, 0x0000000083700000, 0x0000000083700000|100%| O|  |TAMS 0x0000000083700000, 0x0000000083600000| Updating 
|  55|0x0000000083700000, 0x0000000083800000, 0x0000000083800000|100%| O|  |TAMS 0x0000000083800000, 0x0000000083700000| Updating 
|  56|0x0000000083800000, 0x0000000083900000, 0x0000000083900000|100%| O|  |TAMS 0x0000000083900000, 0x0000000083800000| Updating 
|  57|0x0000000083900000, 0x0000000083a00000, 0x0000000083a00000|100%| O|  |TAMS 0x0000000083a00000, 0x0000000083900000| Updating 
|  58|0x0000000083a00000, 0x0000000083b00000, 0x0000000083b00000|100%| O|  |TAMS 0x0000000083b00000, 0x0000000083a00000| Updating 
|  59|0x0000000083b00000, 0x0000000083c00000, 0x0000000083c00000|100%| O|  |TAMS 0x0000000083c00000, 0x0000000083b00000| Updating 
|  60|0x0000000083c00000, 0x0000000083d00000, 0x0000000083d00000|100%| O|  |TAMS 0x0000000083d00000, 0x0000000083c00000| Updating 
|  61|0x0000000083d00000, 0x0000000083e00000, 0x0000000083e00000|100%| O|  |TAMS 0x0000000083e00000, 0x0000000083d00000| Updating 
|  62|0x0000000083e00000, 0x0000000083f00000, 0x0000000083f00000|100%| O|  |TAMS 0x0000000083f00000, 0x0000000083e00000| Updating 
|  63|0x0000000083f00000, 0x0000000084000000, 0x0000000084000000|100%| O|  |TAMS 0x0000000084000000, 0x0000000083f00000| Updating 
|  64|0x0000000084000000, 0x0000000084100000, 0x0000000084100000|100%| O|  |TAMS 0x0000000084100000, 0x0000000084000000| Updating 
|  65|0x0000000084100000, 0x0000000084200000, 0x0000000084200000|100%| O|  |TAMS 0x0000000084200000, 0x0000000084100000| Updating 
|  66|0x0000000084200000, 0x0000000084300000, 0x0000000084300000|100%| O|  |TAMS 0x0000000084300000, 0x0000000084200000| Updating 
|  67|0x0000000084300000, 0x0000000084400000, 0x0000000084400000|100%| O|  |TAMS 0x0000000084400000, 0x0000000084300000| Updating 
|  68|0x0000000084400000, 0x0000000084500000, 0x0000000084500000|100%| O|  |TAMS 0x0000000084500000, 0x0000000084400000| Updating 
|  69|0x0000000084500000, 0x0000000084600000, 0x0000000084600000|100%| O|  |TAMS 0x0000000084600000, 0x0000000084500000| Updating 
|  70|0x0000000084600000, 0x0000000084700000, 0x0000000084700000|100%| O|  |TAMS 0x0000000084700000, 0x0000000084600000| Updating 
|  71|0x0000000084700000, 0x0000000084800000, 0x0000000084800000|100%| O|  |TAMS 0x0000000084800000, 0x0000000084700000| Updating 
|  72|0x0000000084800000, 0x0000000084900000, 0x0000000084900000|100%| O|  |TAMS 0x0000000084900000, 0x0000000084800000| Updating 
|  73|0x0000000084900000, 0x0000000084a00000, 0x0000000084a00000|100%| O|  |TAMS 0x0000000084a00000, 0x0000000084900000| Updating 
|  74|0x0000000084a00000, 0x0000000084b00000, 0x0000000084b00000|100%| O|  |TAMS 0x0000000084b00000, 0x0000000084a00000| Updating 
|  75|0x0000000084b00000, 0x0000000084c00000, 0x0000000084c00000|100%| O|  |TAMS 0x0000000084c00000, 0x0000000084b00000| Updating 
|  76|0x0000000084c00000, 0x0000000084d00000, 0x0000000084d00000|100%| O|  |TAMS 0x0000000084d00000, 0x0000000084c00000| Updating 
|  77|0x0000000084d00000, 0x0000000084e00000, 0x0000000084e00000|100%| O|  |TAMS 0x0000000084e00000, 0x0000000084d00000| Updating 
|  78|0x0000000084e00000, 0x0000000084f00000, 0x0000000084f00000|100%| O|  |TAMS 0x0000000084f00000, 0x0000000084e00000| Updating 
|  79|0x0000000084f00000, 0x0000000085000000, 0x0000000085000000|100%| O|  |TAMS 0x0000000085000000, 0x0000000084f00000| Updating 
|  80|0x0000000085000000, 0x0000000085100000, 0x0000000085100000|100%| O|  |TAMS 0x0000000085100000, 0x0000000085000000| Updating 
|  81|0x0000000085100000, 0x0000000085200000, 0x0000000085200000|100%| O|  |TAMS 0x0000000085200000, 0x0000000085100000| Updating 
|  82|0x0000000085200000, 0x0000000085200000, 0x0000000085300000|  0%| F|  |TAMS 0x0000000085200000, 0x0000000085200000| Untracked 
|  83|0x0000000085300000, 0x0000000085300000, 0x0000000085400000|  0%| F|  |TAMS 0x0000000085300000, 0x0000000085300000| Untracked 
|  84|0x0000000085400000, 0x0000000085400000, 0x0000000085500000|  0%| F|  |TAMS 0x0000000085400000, 0x0000000085400000| Untracked 
|  85|0x0000000085500000, 0x0000000085500000, 0x0000000085600000|  0%| F|  |TAMS 0x0000000085500000, 0x0000000085500000| Untracked 
|  86|0x0000000085600000, 0x0000000085600000, 0x0000000085700000|  0%| F|  |TAMS 0x0000000085600000, 0x0000000085600000| Untracked 
|  87|0x0000000085700000, 0x0000000085700000, 0x0000000085800000|  0%| F|  |TAMS 0x0000000085700000, 0x0000000085700000| Untracked 
|  88|0x0000000085800000, 0x0000000085800000, 0x0000000085900000|  0%| F|  |TAMS 0x0000000085800000, 0x0000000085800000| Untracked 
|  89|0x0000000085900000, 0x0000000085900000, 0x0000000085a00000|  0%| F|  |TAMS 0x0000000085900000, 0x0000000085900000| Untracked 
|  90|0x0000000085a00000, 0x0000000085a00000, 0x0000000085b00000|  0%| F|  |TAMS 0x0000000085a00000, 0x0000000085a00000| Untracked 
|  91|0x0000000085b00000, 0x0000000085b00000, 0x0000000085c00000|  0%| F|  |TAMS 0x0000000085b00000, 0x0000000085b00000| Untracked 
|  92|0x0000000085c00000, 0x0000000085c00000, 0x0000000085d00000|  0%| F|  |TAMS 0x0000000085c00000, 0x0000000085c00000| Untracked 
|  93|0x0000000085d00000, 0x0000000085d00000, 0x0000000085e00000|  0%| F|  |TAMS 0x0000000085d00000, 0x0000000085d00000| Untracked 
|  94|0x0000000085e00000, 0x0000000085e00000, 0x0000000085f00000|  0%| F|  |TAMS 0x0000000085e00000, 0x0000000085e00000| Untracked 
|  95|0x0000000085f00000, 0x0000000085f00000, 0x0000000086000000|  0%| F|  |TAMS 0x0000000085f00000, 0x0000000085f00000| Untracked 
|  96|0x0000000086000000, 0x0000000086000000, 0x0000000086100000|  0%| F|  |TAMS 0x0000000086000000, 0x0000000086000000| Untracked 
|  97|0x0000000086100000, 0x0000000086100000, 0x0000000086200000|  0%| F|  |TAMS 0x0000000086100000, 0x0000000086100000| Untracked 
|  98|0x0000000086200000, 0x00000000862753a8, 0x0000000086300000| 45%| S|CS|TAMS 0x0000000086200000, 0x0000000086200000| Complete 
|  99|0x0000000086300000, 0x0000000086400000, 0x0000000086400000|100%| S|CS|TAMS 0x0000000086300000, 0x0000000086300000| Complete 
| 100|0x0000000086400000, 0x0000000086500000, 0x0000000086500000|100%| S|CS|TAMS 0x0000000086400000, 0x0000000086400000| Complete 
| 101|0x0000000086500000, 0x0000000086600000, 0x0000000086600000|100%| S|CS|TAMS 0x0000000086500000, 0x0000000086500000| Complete 
| 102|0x0000000086600000, 0x0000000086600000, 0x0000000086700000|  0%| F|  |TAMS 0x0000000086600000, 0x0000000086600000| Untracked 
| 103|0x0000000086700000, 0x0000000086700000, 0x0000000086800000|  0%| F|  |TAMS 0x0000000086700000, 0x0000000086700000| Untracked 
| 104|0x0000000086800000, 0x0000000086800000, 0x0000000086900000|  0%| F|  |TAMS 0x0000000086800000, 0x0000000086800000| Untracked 
| 105|0x0000000086900000, 0x0000000086900000, 0x0000000086a00000|  0%| F|  |TAMS 0x0000000086900000, 0x0000000086900000| Untracked 
| 106|0x0000000086a00000, 0x0000000086a00000, 0x0000000086b00000|  0%| F|  |TAMS 0x0000000086a00000, 0x0000000086a00000| Untracked 
| 107|0x0000000086b00000, 0x0000000086b00000, 0x0000000086c00000|  0%| F|  |TAMS 0x0000000086b00000, 0x0000000086b00000| Untracked 
| 108|0x0000000086c00000, 0x0000000086c00000, 0x0000000086d00000|  0%| F|  |TAMS 0x0000000086c00000, 0x0000000086c00000| Untracked 
| 109|0x0000000086d00000, 0x0000000086d00000, 0x0000000086e00000|  0%| F|  |TAMS 0x0000000086d00000, 0x0000000086d00000| Untracked 
| 110|0x0000000086e00000, 0x0000000086e00000, 0x0000000086f00000|  0%| F|  |TAMS 0x0000000086e00000, 0x0000000086e00000| Untracked 
| 111|0x0000000086f00000, 0x0000000086f00000, 0x0000000087000000|  0%| F|  |TAMS 0x0000000086f00000, 0x0000000086f00000| Untracked 
| 112|0x0000000087000000, 0x0000000087000000, 0x0000000087100000|  0%| F|  |TAMS 0x0000000087000000, 0x0000000087000000| Untracked 
| 113|0x0000000087100000, 0x0000000087100000, 0x0000000087200000|  0%| F|  |TAMS 0x0000000087100000, 0x0000000087100000| Untracked 
| 114|0x0000000087200000, 0x0000000087200000, 0x0000000087300000|  0%| F|  |TAMS 0x0000000087200000, 0x0000000087200000| Untracked 
| 115|0x0000000087300000, 0x0000000087300000, 0x0000000087400000|  0%| F|  |TAMS 0x0000000087300000, 0x0000000087300000| Untracked 
| 116|0x0000000087400000, 0x0000000087400000, 0x0000000087500000|  0%| F|  |TAMS 0x0000000087400000, 0x0000000087400000| Untracked 
| 117|0x0000000087500000, 0x0000000087500000, 0x0000000087600000|  0%| F|  |TAMS 0x0000000087500000, 0x0000000087500000| Untracked 
| 118|0x0000000087600000, 0x0000000087600000, 0x0000000087700000|  0%| F|  |TAMS 0x0000000087600000, 0x0000000087600000| Untracked 
| 119|0x0000000087700000, 0x0000000087700000, 0x0000000087800000|  0%| F|  |TAMS 0x0000000087700000, 0x0000000087700000| Untracked 
| 120|0x0000000087800000, 0x0000000087800000, 0x0000000087900000|  0%| F|  |TAMS 0x0000000087800000, 0x0000000087800000| Untracked 
| 121|0x0000000087900000, 0x0000000087900000, 0x0000000087a00000|  0%| F|  |TAMS 0x0000000087900000, 0x0000000087900000| Untracked 
| 122|0x0000000087a00000, 0x0000000087a00000, 0x0000000087b00000|  0%| F|  |TAMS 0x0000000087a00000, 0x0000000087a00000| Untracked 
| 123|0x0000000087b00000, 0x0000000087b00000, 0x0000000087c00000|  0%| F|  |TAMS 0x0000000087b00000, 0x0000000087b00000| Untracked 
| 124|0x0000000087c00000, 0x0000000087c00000, 0x0000000087d00000|  0%| F|  |TAMS 0x0000000087c00000, 0x0000000087c00000| Untracked 
| 125|0x0000000087d00000, 0x0000000087d00000, 0x0000000087e00000|  0%| F|  |TAMS 0x0000000087d00000, 0x0000000087d00000| Untracked 
| 126|0x0000000087e00000, 0x0000000087e00000, 0x0000000087f00000|  0%| F|  |TAMS 0x0000000087e00000, 0x0000000087e00000| Untracked 
| 127|0x0000000087f00000, 0x0000000087f00000, 0x0000000088000000|  0%| F|  |TAMS 0x0000000087f00000, 0x0000000087f00000| Untracked 
| 128|0x0000000088000000, 0x0000000088000000, 0x0000000088100000|  0%| F|  |TAMS 0x0000000088000000, 0x0000000088000000| Untracked 
| 129|0x0000000088100000, 0x00000000881d83c0, 0x0000000088200000| 84%| E|  |TAMS 0x0000000088100000, 0x0000000088100000| Complete 
| 130|0x0000000088200000, 0x0000000088300000, 0x0000000088300000|100%| E|  |TAMS 0x0000000088200000, 0x0000000088200000| Complete 
| 131|0x0000000088300000, 0x0000000088400000, 0x0000000088400000|100%| E|CS|TAMS 0x0000000088300000, 0x0000000088300000| Complete 
| 132|0x0000000088400000, 0x0000000088500000, 0x0000000088500000|100%| E|CS|TAMS 0x0000000088400000, 0x0000000088400000| Complete 
| 133|0x0000000088500000, 0x0000000088600000, 0x0000000088600000|100%| E|CS|TAMS 0x0000000088500000, 0x0000000088500000| Complete 
| 134|0x0000000088600000, 0x0000000088700000, 0x0000000088700000|100%| E|CS|TAMS 0x0000000088600000, 0x0000000088600000| Complete 
| 135|0x0000000088700000, 0x0000000088800000, 0x0000000088800000|100%| E|CS|TAMS 0x0000000088700000, 0x0000000088700000| Complete 

Card table byte_map: [0x000001ed56830000,0x000001ed56c30000] _byte_map_base: 0x000001ed56430000

Marking Bits (Prev, Next): (CMBitMap*) 0x000001ed414d0eb0, (CMBitMap*) 0x000001ed414d0e78
 Prev Bits: [0x000001ed59030000, 0x000001ed5b030000)
 Next Bits: [0x000001ed57030000, 0x000001ed59030000)

Polling page: 0x000001ed46760000

Metaspace:

Usage:
  Non-class:     84.74 MB capacity,    83.30 MB ( 98%) used,     1.18 MB (  1%) free+waste,   261.63 KB ( <1%) overhead. 
      Class:     12.77 MB capacity,    11.90 MB ( 93%) used,   776.64 KB (  6%) free+waste,   114.25 KB ( <1%) overhead. 
       Both:     97.50 MB capacity,    95.20 MB ( 98%) used,     1.94 MB (  2%) free+waste,   375.88 KB ( <1%) overhead. 

Virtual space:
  Non-class space:       86.00 MB reserved,      84.96 MB ( 99%) committed 
      Class space:        1.00 GB reserved,      13.00 MB (  1%) committed 
             Both:        1.08 GB reserved,      97.96 MB (  9%) committed 

Chunk freelists:
   Non-Class:  226.00 KB
       Class:  174.00 KB
        Both:  400.00 KB

MaxMetaspaceSize: 17179869184.00 GB
CompressedClassSpaceSize: 1.00 GB
Initial GC threshold: 20.80 MB
Current GC threshold: 163.26 MB
CDS: off

CodeHeap 'non-profiled nmethods': size=120000Kb used=6218Kb max_used=6218Kb free=113781Kb
 bounds [0x000001ed4e250000, 0x000001ed4e870000, 0x000001ed55780000]
CodeHeap 'profiled nmethods': size=120000Kb used=27743Kb max_used=27743Kb free=92256Kb
 bounds [0x000001ed46d20000, 0x000001ed48840000, 0x000001ed4e250000]
CodeHeap 'non-nmethods': size=5760Kb used=2391Kb max_used=2435Kb free=3368Kb
 bounds [0x000001ed46780000, 0x000001ed469f0000, 0x000001ed46d20000]
 total_blobs=13677 nmethods=12758 adapters=831
 compilation: enabled
              stopped_count=0, restarted_count=0
 full_count=0

Compilation events (20 events):
Event: 31.133 Thread 0x000001ed5dd46800 12912       3       kotlin.reflect.jvm.internal.impl.name.FqNameUnsafe$1::invoke (5 bytes)
Event: 31.133 Thread 0x000001ed5dd46800 nmethod 12912 0x000001ed48800d90 code [0x000001ed48800fc0, 0x000001ed48801588]
Event: 31.133 Thread 0x000001ed5dd46800 12913       3       java.lang.reflect.Field::get (29 bytes)
Event: 31.134 Thread 0x000001ed5dd46800 nmethod 12913 0x000001ed48801790 code [0x000001ed488019a0, 0x000001ed48801f18]
Event: 31.134 Thread 0x000001ed5dd46800 12914       3       java.lang.reflect.Field::getRoot (5 bytes)
Event: 31.134 Thread 0x000001ed5dd46800 nmethod 12914 0x000001ed48802110 code [0x000001ed488022c0, 0x000001ed488023d8]
Event: 31.134 Thread 0x000001ed5dd46800 12915       3       jdk.internal.reflect.FieldAccessorImpl::<init> (5 bytes)
Event: 31.135 Thread 0x000001ed5dd46800 nmethod 12915 0x000001ed48802490 code [0x000001ed48802640, 0x000001ed488027f8]
Event: 31.135 Thread 0x000001ed5dd46800 12916       3       jdk.internal.reflect.UnsafeFieldAccessorFactory::newFieldAccessor (676 bytes)
Event: 31.137 Thread 0x000001ed5dd46800 nmethod 12916 0x000001ed48802910 code [0x000001ed48803020, 0x000001ed48806358]
Event: 31.147 Thread 0x000001ed5dd46800 12917       3       com.google.gson.internal.Excluder::excludeClassInStrategy (64 bytes)
Event: 31.148 Thread 0x000001ed5dd46800 nmethod 12917 0x000001ed48807390 code [0x000001ed488075a0, 0x000001ed48807b78]
Event: 31.152 Thread 0x000001ed5dd46800 12919       3       com.google.common.collect.Iterators::transform (15 bytes)
Event: 31.153 Thread 0x000001ed5dd46800 nmethod 12919 0x000001ed48807d10 code [0x000001ed48807f20, 0x000001ed488085f8]
Event: 31.154 Thread 0x000001ed5dd46800 12920       1       java.util.HashMap::loadFactor (5 bytes)
Event: 31.154 Thread 0x000001ed5dd46800 nmethod 12920 0x000001ed4e860b10 code [0x000001ed4e860cc0, 0x000001ed4e860d78]
Event: 31.179 Thread 0x000001ed5dd46800 12923       3       org.gradle.api.internal.tasks.properties.annotations.InputFilesPropertyAnnotationHandler::getFilePropertyType (4 bytes)
Event: 31.179 Thread 0x000001ed5dd46800 nmethod 12923 0x000001ed48808810 code [0x000001ed488089c0, 0x000001ed48808ad8]
Event: 31.182 Thread 0x000001ed5dd46800 12924       3       java.lang.reflect.Constructor::getDeclaredAnnotations (5 bytes)
Event: 31.183 Thread 0x000001ed5dd46800 nmethod 12924 0x000001ed48808b90 code [0x000001ed48808d80, 0x000001ed488091e8]

GC Heap History (20 events):
Event: 15.704 GC heap before
{Heap before GC invocations=27 (full 0):
 garbage-first heap   total 115712K, used 94339K [0x0000000080000000, 0x0000000100000000)
  region size 1024K, 28 young (28672K), 3 survivors (3072K)
 Metaspace       used 87394K, capacity 89494K, committed 89556K, reserved 1126400K
  class space    used 11188K, capacity 11993K, committed 12032K, reserved 1048576K
}
Event: 15.710 GC heap after
{Heap after GC invocations=28 (full 0):
 garbage-first heap   total 115712K, used 71916K [0x0000000080000000, 0x0000000100000000)
  region size 1024K, 3 young (3072K), 3 survivors (3072K)
 Metaspace       used 87394K, capacity 89494K, committed 89556K, reserved 1126400K
  class space    used 11188K, capacity 11993K, committed 12032K, reserved 1048576K
}
Event: 20.579 GC heap before
{Heap before GC invocations=29 (full 0):
 garbage-first heap   total 115712K, used 94444K [0x0000000080000000, 0x0000000100000000)
  region size 1024K, 26 young (26624K), 3 survivors (3072K)
 Metaspace       used 89236K, capacity 91353K, committed 91476K, reserved 1128448K
  class space    used 11319K, capacity 12133K, committed 12160K, reserved 1048576K
}
Event: 20.584 GC heap after
{Heap after GC invocations=30 (full 0):
 garbage-first heap   total 139264K, used 73209K [0x0000000080000000, 0x0000000100000000)
  region size 1024K, 4 young (4096K), 4 survivors (4096K)
 Metaspace       used 89236K, capacity 91353K, committed 91476K, reserved 1128448K
  class space    used 11319K, capacity 12133K, committed 12160K, reserved 1048576K
}
Event: 26.788 GC heap before
{Heap before GC invocations=30 (full 0):
 garbage-first heap   total 139264K, used 102905K [0x0000000080000000, 0x0000000100000000)
  region size 1024K, 35 young (35840K), 4 survivors (4096K)
 Metaspace       used 90697K, capacity 93142K, committed 93396K, reserved 1130496K
  class space    used 11536K, capacity 12428K, committed 12544K, reserved 1048576K
}
Event: 26.794 GC heap after
{Heap after GC invocations=31 (full 0):
 garbage-first heap   total 139264K, used 75188K [0x0000000080000000, 0x0000000100000000)
  region size 1024K, 4 young (4096K), 4 survivors (4096K)
 Metaspace       used 90697K, capacity 93142K, committed 93396K, reserved 1130496K
  class space    used 11536K, capacity 12428K, committed 12544K, reserved 1048576K
}
Event: 27.136 GC heap before
{Heap before GC invocations=32 (full 0):
 garbage-first heap   total 139264K, used 110004K [0x0000000080000000, 0x0000000100000000)
  region size 1024K, 38 young (38912K), 4 survivors (4096K)
 Metaspace       used 91318K, capacity 93811K, committed 93908K, reserved 1130496K
  class space    used 11606K, capacity 12537K, committed 12544K, reserved 1048576K
}
Event: 27.142 GC heap after
{Heap after GC invocations=33 (full 0):
 garbage-first heap   total 139264K, used 78180K [0x0000000080000000, 0x0000000100000000)
  region size 1024K, 5 young (5120K), 5 survivors (5120K)
 Metaspace       used 91318K, capacity 93811K, committed 93908K, reserved 1130496K
  class space    used 11606K, capacity 12537K, committed 12544K, reserved 1048576K
}
Event: 27.651 GC heap before
{Heap before GC invocations=33 (full 0):
 garbage-first heap   total 139264K, used 110948K [0x0000000080000000, 0x0000000100000000)
  region size 1024K, 38 young (38912K), 5 survivors (5120K)
 Metaspace       used 91868K, capacity 94270K, committed 94420K, reserved 1132544K
  class space    used 11631K, capacity 12537K, committed 12544K, reserved 1048576K
}
Event: 27.657 GC heap after
{Heap after GC invocations=34 (full 0):
 garbage-first heap   total 139264K, used 79450K [0x0000000080000000, 0x0000000100000000)
  region size 1024K, 2 young (2048K), 2 survivors (2048K)
 Metaspace       used 91868K, capacity 94270K, committed 94420K, reserved 1132544K
  class space    used 11631K, capacity 12537K, committed 12544K, reserved 1048576K
}
Event: 28.432 GC heap before
{Heap before GC invocations=35 (full 0):
 garbage-first heap   total 139264K, used 112218K [0x0000000080000000, 0x0000000100000000)
  region size 1024K, 35 young (35840K), 2 survivors (2048K)
 Metaspace       used 92020K, capacity 94396K, committed 94676K, reserved 1132544K
  class space    used 11608K, capacity 12497K, committed 12544K, reserved 1048576K
}
Event: 28.435 GC heap after
{Heap after GC invocations=36 (full 0):
 garbage-first heap   total 139264K, used 80264K [0x0000000080000000, 0x0000000100000000)
  region size 1024K, 3 young (3072K), 3 survivors (3072K)
 Metaspace       used 92020K, capacity 94396K, committed 94676K, reserved 1132544K
  class space    used 11608K, capacity 12497K, committed 12544K, reserved 1048576K
}
Event: 28.900 GC heap before
{Heap before GC invocations=36 (full 0):
 garbage-first heap   total 139264K, used 113032K [0x0000000080000000, 0x0000000100000000)
  region size 1024K, 36 young (36864K), 3 survivors (3072K)
 Metaspace       used 92324K, capacity 94729K, committed 94932K, reserved 1132544K
  class space    used 11627K, capacity 12511K, committed 12544K, reserved 1048576K
}
Event: 28.905 GC heap after
{Heap after GC invocations=37 (full 0):
 garbage-first heap   total 139264K, used 82266K [0x0000000080000000, 0x0000000100000000)
  region size 1024K, 5 young (5120K), 5 survivors (5120K)
 Metaspace       used 92324K, capacity 94729K, committed 94932K, reserved 1132544K
  class space    used 11627K, capacity 12511K, committed 12544K, reserved 1048576K
}
Event: 29.490 GC heap before
{Heap before GC invocations=38 (full 0):
 garbage-first heap   total 139264K, used 114010K [0x0000000080000000, 0x0000000100000000)
  region size 1024K, 37 young (37888K), 5 survivors (5120K)
 Metaspace       used 92398K, capacity 94623K, committed 95316K, reserved 1132544K
  class space    used 11561K, capacity 12371K, committed 12672K, reserved 1048576K
}
Event: 29.495 GC heap after
{Heap after GC invocations=39 (full 0):
 garbage-first heap   total 139264K, used 84444K [0x0000000080000000, 0x0000000100000000)
  region size 1024K, 5 young (5120K), 5 survivors (5120K)
 Metaspace       used 92398K, capacity 94623K, committed 95316K, reserved 1132544K
  class space    used 11561K, capacity 12371K, committed 12672K, reserved 1048576K
}
Event: 30.141 GC heap before
{Heap before GC invocations=39 (full 0):
 garbage-first heap   total 139264K, used 115164K [0x0000000080000000, 0x0000000100000000)
  region size 1024K, 36 young (36864K), 5 survivors (5120K)
 Metaspace       used 93544K, capacity 95806K, committed 96468K, reserved 1132544K
  class space    used 11684K, capacity 12547K, committed 12800K, reserved 1048576K
}
Event: 30.148 GC heap after
{Heap after GC invocations=40 (full 0):
 garbage-first heap   total 139264K, used 85498K [0x0000000080000000, 0x0000000100000000)
  region size 1024K, 4 young (4096K), 4 survivors (4096K)
 Metaspace       used 93544K, capacity 95806K, committed 96468K, reserved 1132544K
  class space    used 11684K, capacity 12547K, committed 12800K, reserved 1048576K
}
Event: 30.683 GC heap before
{Heap before GC invocations=41 (full 0):
 garbage-first heap   total 139264K, used 115194K [0x0000000080000000, 0x0000000100000000)
  region size 1024K, 34 young (34816K), 4 survivors (4096K)
 Metaspace       used 95218K, capacity 97532K, committed 98260K, reserved 1134592K
  class space    used 11913K, capacity 12777K, committed 13056K, reserved 1048576K
}
Event: 30.687 GC heap after
{Heap after GC invocations=42 (full 0):
 garbage-first heap   total 139264K, used 85830K [0x0000000080000000, 0x0000000100000000)
  region size 1024K, 2 young (2048K), 2 survivors (2048K)
 Metaspace       used 95218K, capacity 97532K, committed 98260K, reserved 1134592K
  class space    used 11913K, capacity 12777K, committed 13056K, reserved 1048576K
}

Deoptimization events (20 events):
Event: 30.253 Thread 0x000001ed674cb800 Uncommon trap: trap_request=0xffffffc6 fr.pc=0x000001ed4e7cf6a8 relative=0x0000000000000908
Event: 30.253 Thread 0x000001ed674cb800 Uncommon trap: reason=bimorphic_or_optimized_type_check action=maybe_recompile pc=0x000001ed4e7cf6a8 method=com.google.common.collect.AbstractMapBasedMultimap$WrappedCollection.refreshIfEmpty()V @ 59 c2
Event: 30.253 Thread 0x000001ed674cb800 DEOPT PACKING pc=0x000001ed4e7cf6a8 sp=0x0000004d81afb5d0
Event: 30.253 Thread 0x000001ed674cb800 DEOPT UNPACKING pc=0x000001ed467ca1af sp=0x0000004d81afb578 mode 2
Event: 30.253 Thread 0x000001ed674cb800 Uncommon trap: trap_request=0xffffffc6 fr.pc=0x000001ed4e7cf6a8 relative=0x0000000000000908
Event: 30.253 Thread 0x000001ed674cb800 Uncommon trap: reason=bimorphic_or_optimized_type_check action=maybe_recompile pc=0x000001ed4e7cf6a8 method=com.google.common.collect.AbstractMapBasedMultimap$WrappedCollection.refreshIfEmpty()V @ 59 c2
Event: 30.253 Thread 0x000001ed674cb800 DEOPT PACKING pc=0x000001ed4e7cf6a8 sp=0x0000004d81afb600
Event: 30.253 Thread 0x000001ed674cb800 DEOPT UNPACKING pc=0x000001ed467ca1af sp=0x0000004d81afb5a8 mode 2
Event: 30.257 Thread 0x000001ed674ca000 Uncommon trap: trap_request=0xffffff7e fr.pc=0x000001ed4e7056c8 relative=0x0000000000000188
Event: 30.257 Thread 0x000001ed674ca000 Uncommon trap: reason=predicate action=maybe_recompile pc=0x000001ed4e7056c8 method=java.util.Collections.indexedBinarySearch(Ljava/util/List;Ljava/lang/Object;)I @ 13 c2
Event: 30.257 Thread 0x000001ed674ca000 DEOPT PACKING pc=0x000001ed4e7056c8 sp=0x0000004d81bfe1d0
Event: 30.257 Thread 0x000001ed674ca000 DEOPT UNPACKING pc=0x000001ed467ca1af sp=0x0000004d81bfe160 mode 2
Event: 30.553 Thread 0x000001ed63095800 Uncommon trap: trap_request=0xffffff4d fr.pc=0x000001ed4e81820c relative=0x000000000000098c
Event: 30.553 Thread 0x000001ed63095800 Uncommon trap: reason=unstable_if action=reinterpret pc=0x000001ed4e81820c method=java.util.jar.JarFile.getVersionedEntry(Ljava/lang/String;Ljava/util/jar/JarEntry;)Ljava/util/jar/JarEntry; @ 7 c2
Event: 30.553 Thread 0x000001ed63095800 DEOPT PACKING pc=0x000001ed4e81820c sp=0x0000004d819f68a0
Event: 30.553 Thread 0x000001ed63095800 DEOPT UNPACKING pc=0x000001ed467ca1af sp=0x0000004d819f6880 mode 2
Event: 31.150 Thread 0x000001ed63095800 Uncommon trap: trap_request=0xffffffc6 fr.pc=0x000001ed4e7cf6a8 relative=0x0000000000000908
Event: 31.150 Thread 0x000001ed63095800 Uncommon trap: reason=bimorphic_or_optimized_type_check action=maybe_recompile pc=0x000001ed4e7cf6a8 method=com.google.common.collect.AbstractMapBasedMultimap$WrappedCollection.refreshIfEmpty()V @ 59 c2
Event: 31.150 Thread 0x000001ed63095800 DEOPT PACKING pc=0x000001ed4e7cf6a8 sp=0x0000004d819fb5e0
Event: 31.150 Thread 0x000001ed63095800 DEOPT UNPACKING pc=0x000001ed467ca1af sp=0x0000004d819fb588 mode 2

Classes redefined (0 events):
No events

Internal exceptions (20 events):
Event: 26.728 Thread 0x000001ed62fbc000 Exception <a 'java/net/SocketTimeoutException'{0x00000000871c5268}: Read timed out> (0x00000000871c5268) thrown at [./src/hotspot/share/prims/jni.cpp, line 637]
Event: 26.728 Thread 0x000001ed6324f000 Exception <a 'java/net/SocketTimeoutException'{0x00000000871eb610}: Read timed out> (0x00000000871eb610) thrown at [./src/hotspot/share/prims/jni.cpp, line 637]
Event: 26.728 Thread 0x000001ed63018800 Exception <a 'java/net/SocketTimeoutException'{0x00000000871f2fc8}: Read timed out> (0x00000000871f2fc8) thrown at [./src/hotspot/share/prims/jni.cpp, line 637]
Event: 26.772 Thread 0x000001ed62fb5000 Exception <a 'java/lang/NoSuchMethodError'{0x0000000086cfd778}: 'void java.lang.invoke.DirectMethodHandle$Holder.invokeVirtual(java.lang.Object, java.lang.Object)'> (0x0000000086cfd778) thrown at [./src/hotspot/share/interpreter/linkResolver.cpp, line 773]
Event: 26.779 Thread 0x000001ed63251000 Exception <a 'java/lang/NoSuchMethodError'{0x0000000086bf62f0}: 'int java.lang.invoke.DirectMethodHandle$Holder.invokeStaticInit(java.lang.Object, java.lang.Object, java.lang.Object, java.lang.Object, java.lang.Object)'> (0x0000000086bf62f0) thrown at [./src/hotspot/share/interpreter/linkResolver.cpp, line 773]
Event: 26.836 Thread 0x000001ed62fb5000 Exception <a 'java/lang/NoSuchMethodError'{0x00000000880767d8}: 'void java.lang.invoke.DirectMethodHandle$Holder.invokeStatic(java.lang.Object, java.lang.Object, java.lang.Object, java.lang.Object, java.lang.Object, java.lang.Object, java.lang.Object)'> (0x00000000880767d8) thrown at [./src/hotspot/share/interpreter/linkResolver.cpp, line 773]
Event: 27.213 Thread 0x000001ed62fbc000 Exception <a 'sun/nio/fs/WindowsException'{0x00000000881ddf78}> (0x00000000881ddf78) thrown at [./src/hotspot/share/prims/jni.cpp, line 616]
Event: 27.266 Thread 0x000001ed6301a000 Exception <a 'java/net/SocketTimeoutException'{0x0000000087d4da28}: Read timed out> (0x0000000087d4da28) thrown at [./src/hotspot/share/prims/jni.cpp, line 637]
Event: 27.341 Thread 0x000001ed64b2a000 Exception <a 'sun/nio/fs/WindowsException'{0x0000000087b8cc08}> (0x0000000087b8cc08) thrown at [./src/hotspot/share/prims/jni.cpp, line 616]
Event: 27.375 Thread 0x000001ed63024800 Exception <a 'sun/nio/fs/WindowsException'{0x0000000087861f50}> (0x0000000087861f50) thrown at [./src/hotspot/share/prims/jni.cpp, line 616]
Event: 27.513 Thread 0x000001ed64b28000 Exception <a 'sun/nio/fs/WindowsException'{0x0000000087007110}> (0x0000000087007110) thrown at [./src/hotspot/share/prims/jni.cpp, line 616]
Event: 27.646 Thread 0x000001ed6324e800 Exception <a 'sun/nio/fs/WindowsException'{0x0000000086788748}> (0x0000000086788748) thrown at [./src/hotspot/share/prims/jni.cpp, line 616]
Event: 27.787 Thread 0x000001ed64b2a800 Exception <a 'sun/nio/fs/WindowsException'{0x00000000883f2b88}> (0x00000000883f2b88) thrown at [./src/hotspot/share/prims/jni.cpp, line 616]
Event: 27.855 Thread 0x000001ed64b24000 Exception <a 'sun/nio/fs/WindowsException'{0x0000000087c3a4b8}> (0x0000000087c3a4b8) thrown at [./src/hotspot/share/prims/jni.cpp, line 616]
Event: 28.089 Thread 0x000001ed62673800 Exception <a 'sun/nio/fs/WindowsException'{0x0000000087455720}> (0x0000000087455720) thrown at [./src/hotspot/share/prims/jni.cpp, line 616]
Event: 28.378 Thread 0x000001ed613bd000 Implicit null exception at 0x000001ed4e79e851 to 0x000001ed4e7a0c48
Event: 28.448 Thread 0x000001ed6324d800 Exception <a 'sun/nio/fs/WindowsException'{0x00000000883a93f8}> (0x00000000883a93f8) thrown at [./src/hotspot/share/prims/jni.cpp, line 616]
Event: 29.345 Thread 0x000001ed64b22800 Implicit null exception at 0x000001ed4e7ddddc to 0x000001ed4e7de7dc
Event: 29.345 Thread 0x000001ed6232d800 Implicit null exception at 0x000001ed4e7ddddc to 0x000001ed4e7de7dc
Event: 30.260 Thread 0x000001ed60701800 Exception <a 'java/lang/NoSuchMethodError'{0x000000008815c398}: <clinit>> (0x000000008815c398) thrown at [./src/hotspot/share/prims/jni.cpp, line 1366]

Events (20 events):
Event: 31.183 loading class org/gradle/workers/internal/DefaultWorkerExecutor$DefaultWorkQueue
Event: 31.183 loading class org/gradle/workers/internal/DefaultWorkerExecutor$DefaultWorkQueue done
Event: 31.186 loading class com/android/build/gradle/tasks/ProcessPackagedManifestTask$WorkItem
Event: 31.186 loading class com/android/build/gradle/tasks/ProcessPackagedManifestTask$WorkItem done
Event: 31.187 loading class com/android/build/gradle/internal/workeractions/WorkActionAdapter
Event: 31.187 loading class com/android/build/gradle/internal/workeractions/WorkActionAdapter done
Event: 31.189 loading class org/gradle/workers/WorkAction
Event: 31.189 loading class org/gradle/workers/WorkAction done
Event: 31.189 loading class com/android/build/gradle/tasks/ProcessPackagedManifestTask$doTaskAction$1
Event: 31.189 loading class com/android/build/gradle/tasks/ProcessPackagedManifestTask$doTaskAction$1 done
Event: 31.191 loading class kotlin/jvm/internal/Ref$ObjectRef
Event: 31.191 loading class kotlin/jvm/internal/Ref$ObjectRef done
Event: 31.191 loading class kotlin/jvm/internal/Ref$ObjectRef
Event: 31.191 loading class kotlin/jvm/internal/Ref$ObjectRef done
Event: 31.192 loading class com/android/build/api/variant/impl/BuiltArtifactTypeAdapter$read$1
Event: 31.192 loading class com/android/build/api/variant/impl/BuiltArtifactTypeAdapter$read$1 done
Event: 31.194 loading class com/android/build/api/variant/impl/BuiltArtifactTypeAdapter$read$2
Event: 31.194 loading class com/android/build/api/variant/impl/BuiltArtifactTypeAdapter$read$2 done
Event: 31.207 loading class com/android/build/api/artifact/impl/ArtifactTransformationRequestImpl$submit$2$1
Event: 31.207 loading class com/android/build/api/artifact/impl/ArtifactTransformationRequestImpl$submit$2$1 done


Dynamic libraries:
0x00007ff6dd630000 - 0x00007ff6dd63a000 	C:\Program Files\Android\Android Studio\jre\bin\java.exe
0x00007ffbcb0c0000 - 0x00007ffbcb2c9000 	C:\Windows\SYSTEM32\ntdll.dll
0x00007ffbc9640000 - 0x00007ffbc96fe000 	C:\Windows\System32\KERNEL32.DLL
0x00007ffbc8800000 - 0x00007ffbc8b83000 	C:\Windows\System32\KERNELBASE.dll
0x00007ffbc8570000 - 0x00007ffbc8681000 	C:\Windows\System32\ucrtbase.dll
0x00007ffbac810000 - 0x00007ffbac827000 	C:\Program Files\Android\Android Studio\jre\bin\VCRUNTIME140.dll
0x00007ffb9dbc0000 - 0x00007ffb9dbd9000 	C:\Program Files\Android\Android Studio\jre\bin\jli.dll
0x00007ffbcab60000 - 0x00007ffbcad0d000 	C:\Windows\System32\USER32.dll
0x00007ffbc8b90000 - 0x00007ffbc8bb6000 	C:\Windows\System32\win32u.dll
0x00007ffbcad10000 - 0x00007ffbcad39000 	C:\Windows\System32\GDI32.dll
0x00007ffbc8bc0000 - 0x00007ffbc8cda000 	C:\Windows\System32\gdi32full.dll
0x00007ffbaba20000 - 0x00007ffbabcc5000 	C:\Windows\WinSxS\amd64_microsoft.windows.common-controls_6595b64144ccf1df_6.0.22000.120_none_9d947278b86cc467\COMCTL32.dll
0x00007ffbc8ce0000 - 0x00007ffbc8d7d000 	C:\Windows\System32\msvcp_win.dll
0x00007ffbc9b70000 - 0x00007ffbc9c13000 	C:\Windows\System32\msvcrt.dll
0x00007ffbc8fe0000 - 0x00007ffbc9011000 	C:\Windows\System32\IMM32.DLL
0x00007ffb66700000 - 0x00007ffb6679d000 	C:\Program Files\Android\Android Studio\jre\bin\msvcp140.dll
0x00007ffb76170000 - 0x00007ffb76c72000 	C:\Program Files\Android\Android Studio\jre\bin\server\jvm.dll
0x00007ffbcad40000 - 0x00007ffbcadee000 	C:\Windows\System32\ADVAPI32.dll
0x00007ffbc9e40000 - 0x00007ffbc9ede000 	C:\Windows\System32\sechost.dll
0x00007ffbca8e0000 - 0x00007ffbcaa01000 	C:\Windows\System32\RPCRT4.dll
0x00007ffbc90d0000 - 0x00007ffbc90d8000 	C:\Windows\System32\PSAPI.DLL
0x00007ffb9db90000 - 0x00007ffb9db99000 	C:\Windows\SYSTEM32\WSOCK32.dll
0x00007ffbc90e0000 - 0x00007ffbc914f000 	C:\Windows\System32\WS2_32.dll
0x00007ffbbf870000 - 0x00007ffbbf87a000 	C:\Windows\SYSTEM32\VERSION.dll
0x00007ffbc2850000 - 0x00007ffbc2883000 	C:\Windows\SYSTEM32\WINMM.dll
0x00007ffbc75f0000 - 0x00007ffbc7608000 	C:\Windows\SYSTEM32\kernel.appcore.dll
0x00007ffb89530000 - 0x00007ffb89541000 	C:\Program Files\Android\Android Studio\jre\bin\verify.dll
0x00007ffbc6110000 - 0x00007ffbc6331000 	C:\Windows\SYSTEM32\DBGHELP.DLL
0x00007ffbb88a0000 - 0x00007ffbb88d1000 	C:\Windows\SYSTEM32\dbgcore.DLL
0x00007ffbc8eb0000 - 0x00007ffbc8f2f000 	C:\Windows\System32\bcryptPrimitives.dll
0x00007ffb83a30000 - 0x00007ffb83a59000 	C:\Program Files\Android\Android Studio\jre\bin\java.dll
0x00007ffb9aa40000 - 0x00007ffb9aa4b000 	C:\Program Files\Android\Android Studio\jre\bin\jimage.dll
0x00007ffb7e120000 - 0x00007ffb7e138000 	C:\Program Files\Android\Android Studio\jre\bin\zip.dll
0x00007ffbca000000 - 0x00007ffbca7c5000 	C:\Windows\System32\SHELL32.dll
0x00007ffbc6650000 - 0x00007ffbc6eb4000 	C:\Windows\SYSTEM32\windows.storage.dll
0x00007ffbc92c0000 - 0x00007ffbc9636000 	C:\Windows\System32\combase.dll
0x00007ffbc64e0000 - 0x00007ffbc6647000 	C:\Windows\SYSTEM32\wintypes.dll
0x00007ffbca7d0000 - 0x00007ffbca8ba000 	C:\Windows\System32\SHCORE.dll
0x00007ffbc9c20000 - 0x00007ffbc9c7d000 	C:\Windows\System32\shlwapi.dll
0x00007ffbc84a0000 - 0x00007ffbc84c1000 	C:\Windows\SYSTEM32\profapi.dll
0x00007ffb7de70000 - 0x00007ffb7de8a000 	C:\Program Files\Android\Android Studio\jre\bin\net.dll
0x00007ffbc2f20000 - 0x00007ffbc3032000 	C:\Windows\SYSTEM32\WINHTTP.dll
0x00007ffbc7a90000 - 0x00007ffbc7af7000 	C:\Windows\system32\mswsock.dll
0x00007ffb7d770000 - 0x00007ffb7d784000 	C:\Program Files\Android\Android Studio\jre\bin\nio.dll
0x00007ffbba4f0000 - 0x00007ffbba517000 	C:\Users\nraje\AndroidStudioProjects\app2\NOTED---Notes-Application-for-Android-master\native\e1d6ef7f7dcc3fd88c89a11ec53ec762bb8ba0a96d01ffa2cd45eb1d1d8dd5c5\windows-amd64\native-platform.dll
0x00007ffb62870000 - 0x00007ffb629b4000 	C:\Users\nraje\AndroidStudioProjects\app2\NOTED---Notes-Application-for-Android-master\native\5664cfc778a61ccfe75a443a1ab52a65af34e5dc3c78e0209fed803814484fcb\windows-amd64\native-platform-file-events.dll
0x00007ffb99840000 - 0x00007ffb9984a000 	C:\Program Files\Android\Android Studio\jre\bin\management.dll
0x00007ffb994d0000 - 0x00007ffb994dd000 	C:\Program Files\Android\Android Studio\jre\bin\management_ext.dll
0x00007ffbc7cf0000 - 0x00007ffbc7d08000 	C:\Windows\SYSTEM32\CRYPTSP.dll
0x00007ffbc7550000 - 0x00007ffbc7585000 	C:\Windows\system32\rsaenh.dll
0x00007ffbc7b90000 - 0x00007ffbc7bb9000 	C:\Windows\SYSTEM32\USERENV.dll
0x00007ffbc7ed0000 - 0x00007ffbc7ef7000 	C:\Windows\SYSTEM32\bcrypt.dll
0x00007ffbc7ce0000 - 0x00007ffbc7cec000 	C:\Windows\SYSTEM32\CRYPTBASE.dll
0x00007ffbc7110000 - 0x00007ffbc713d000 	C:\Windows\SYSTEM32\IPHLPAPI.DLL
0x00007ffbca8d0000 - 0x00007ffbca8d9000 	C:\Windows\System32\NSI.dll
0x00007ffbc2f00000 - 0x00007ffbc2f19000 	C:\Windows\SYSTEM32\dhcpcsvc6.DLL
0x00007ffbc3560000 - 0x00007ffbc357e000 	C:\Windows\SYSTEM32\dhcpcsvc.DLL
0x00007ffbc7140000 - 0x00007ffbc7228000 	C:\Windows\SYSTEM32\DNSAPI.dll
0x00007ffb96cd0000 - 0x00007ffb96cf7000 	C:\Program Files\Android\Android Studio\jre\bin\sunec.dll
0x00007ffbbd970000 - 0x00007ffbbd97a000 	C:\Windows\System32\rasadhlp.dll
0x00007ffbc0be0000 - 0x00007ffbc0c61000 	C:\Windows\System32\fwpuclnt.dll
0x00007ffbc7610000 - 0x00007ffbc7644000 	C:\Windows\SYSTEM32\ntmarta.dll

dbghelp: loaded successfully - version: 4.0.5 - missing functions: none
symbol engine: initialized successfully - sym options: 0x614 - pdb path: .;C:\Program Files\Android\Android Studio\jre\bin;C:\Windows\SYSTEM32;C:\Windows\WinSxS\amd64_microsoft.windows.common-controls_6595b64144ccf1df_6.0.22000.120_none_9d947278b86cc467;C:\Program Files\Android\Android Studio\jre\bin\server;C:\Users\nraje\AndroidStudioProjects\app2\NOTED---Notes-Application-for-Android-master\native\e1d6ef7f7dcc3fd88c89a11ec53ec762bb8ba0a96d01ffa2cd45eb1d1d8dd5c5\windows-amd64;C:\Users\nraje\AndroidStudioProjects\app2\NOTED---Notes-Application-for-Android-master\native\5664cfc778a61ccfe75a443a1ab52a65af34e5dc3c78e0209fed803814484fcb\windows-amd64

VM Arguments:
jvm_args: --add-opens=java.base/java.util=ALL-UNNAMED --add-opens=java.base/java.lang=ALL-UNNAMED --add-opens=java.base/java.lang.invoke=ALL-UNNAMED --add-opens=java.base/java.util=ALL-UNNAMED --add-opens=java.prefs/java.util.prefs=ALL-UNNAMED --add-opens=java.prefs/java.util.prefs=ALL-UNNAMED --add-opens=java.base/java.nio.charset=ALL-UNNAMED --add-opens=java.base/java.net=ALL-UNNAMED --add-opens=java.base/java.util.concurrent.atomic=ALL-UNNAMED -Xmx2048m -Dfile.encoding=windows-1252 -Duser.country=IN -Duser.language=en -Duser.variant 
java_command: org.gradle.launcher.daemon.bootstrap.GradleDaemon 7.2
java_class_path (initial): C:\Users\nraje\AndroidStudioProjects\app2\NOTED---Notes-Application-for-Android-master\wrapper\dists\gradle-7.2-all\260hg96vuh6ex27h9vo47iv4d\gradle-7.2\lib\gradle-launcher-7.2.jar
Launcher Type: SUN_STANDARD

[Global flags]
     intx CICompilerCount                          = 4                                         {product} {ergonomic}
     uint ConcGCThreads                            = 3                                         {product} {ergonomic}
     uint G1ConcRefinementThreads                  = 10                                        {product} {ergonomic}
   size_t G1HeapRegionSize                         = 1048576                                   {product} {ergonomic}
    uintx GCDrainStackTargetSize                   = 64                                        {product} {ergonomic}
   size_t InitialHeapSize                          = 98566144                                  {product} {ergonomic}
   size_t MarkStackSize                            = 4194304                                   {product} {ergonomic}
   size_t MaxHeapSize                              = 2147483648                                {product} {command line}
   size_t MaxNewSize                               = 1287651328                                {product} {ergonomic}
   size_t MinHeapDeltaBytes                        = 1048576                                   {product} {ergonomic}
    uintx NonNMethodCodeHeapSize                   = 5836300                                {pd product} {ergonomic}
    uintx NonProfiledCodeHeapSize                  = 122910970                              {pd product} {ergonomic}
    uintx ProfiledCodeHeapSize                     = 122910970                              {pd product} {ergonomic}
    uintx ReservedCodeCacheSize                    = 251658240                              {pd product} {ergonomic}
     bool SegmentedCodeCache                       = true                                      {product} {ergonomic}
     bool UseCompressedClassPointers               = true                                 {lp64_product} {ergonomic}
     bool UseCompressedOops                        = true                                 {lp64_product} {ergonomic}
     bool UseG1GC                                  = true                                      {product} {ergonomic}
     bool UseLargePagesIndividualAllocation        = false                                  {pd product} {ergonomic}

Logging:
Log output configuration:
 #0: stdout all=warning uptime,level,tags
 #1: stderr all=off uptime,level,tags

Environment Variables:
PATH=C:\Program Files\Common Files\Oracle\Java\javapath;C:\Program Files (x86)\Common Files\Oracle\Java\javapath;C:\Windows\system32;C:\Windows;C:\Windows\System32\Wbem;C:\Windows\System32\WindowsPowerShell\v1.0\;C:\Windows\System32\OpenSSH\;C:\Program Files\Git\cmd;C:\Users\nraje\AppData\Local\Microsoft\WindowsApps\python.exe;C:\Users\nraje\AppData\Local\Microsoft\WindowsApps\python.exe;C:\Users\nraje\AppData\Local\Microsoft\WindowsApps\;C:\Users\nraje\AppData\Local\Microsoft\WindowsApps\;C:\Users\nraje\AppData\Local\Microsoft\WindowsApps;;C:\Users\nraje\AppData\Local\Programs\Microsoft VS Code\bin
USERNAME=nraje
OS=Windows_NT
PROCESSOR_IDENTIFIER=AMD64 Family 23 Model 104 Stepping 1, AuthenticAMD



---------------  S Y S T E M  ---------------

OS: Windows 11 , 64 bit Build 22000 (10.0.22000.1761)
OS uptime: 11 days 8:14 hours

CPU:total 12 (initial active 12) (12 cores per cpu, 2 threads per core) family 23 model 104 stepping 1 microcode 0x0, cmov, cx8, fxsr, mmx, sse, sse2, sse3, ssse3, sse4.1, sse4.2, popcnt, avx, avx2, aes, clmul, mmxext, 3dnowpref, lzcnt, sse4a, ht, tsc, tscinvbit, tscinv, bmi1, bmi2, adx, sha, fma

Memory: 4k page, system-wide physical 6005M (15M free)
TotalPageFile size 24437M (AvailPageFile size 0M)
current process WorkingSet (physical memory assigned to process): 362M, peak: 363M
current process commit charge ("private bytes"): 456M, peak: 458M

vm_info: OpenJDK 64-Bit Server VM (11.0.13+0-b1751.21-8125866) for windows-amd64 JRE (11.0.13+0-b1751.21-8125866), built on Feb  2 2022 03:00:22 by "builder" with MS VC++ 14.0 (VS2015)

END.
