#
# There is insufficient memory for the Java Runtime Environment to continue.
# Native memory allocation (malloc) failed to allocate 1048576 bytes for AllocateHeap
# Possible reasons:
#   The system is out of physical RAM or swap space
#   The process is running with CompressedOops enabled, and the Java Heap may be blocking the growth of the native heap
# Possible solutions:
#   Reduce memory load on the system
#   Increase physical memory or swap space
#   Check if swap backing store is full
#   Decrease Java heap size (-Xmx/-Xms)
#   Decrease number of Java threads
#   Decrease Java thread stack sizes (-Xss)
#   Set larger code cache with -XX:ReservedCodeCacheSize=
#   JVM is running with Unscaled Compressed Oops mode in which the Java heap is
#     placed in the first 4GB address space. The Java Heap base address is the
#     maximum limit for the native heap growth. Please use -XX:HeapBaseMinAddress
#     to set the Java Heap base and to place the Java Heap above 4GB virtual address.
# This output file may be truncated or incomplete.
#
#  Out of Memory Error (./src/hotspot/share/memory/allocation.cpp:46), pid=121352, tid=92492
#
# JRE version: OpenJDK Runtime Environment (11.0.13) (build 11.0.13+0-b1751.21-8125866)
# Java VM: OpenJDK 64-Bit Server VM (11.0.13+0-b1751.21-8125866, mixed mode, tiered, compressed oops, g1 gc, windows-amd64)
# No core dump will be written. Minidumps are not enabled by default on client versions of Windows
#

---------------  S U M M A R Y ------------

Command Line: --add-opens=java.base/java.util=ALL-UNNAMED --add-opens=java.base/java.lang=ALL-UNNAMED --add-opens=java.base/java.lang.invoke=ALL-UNNAMED --add-opens=java.base/java.util=ALL-UNNAMED --add-opens=java.prefs/java.util.prefs=ALL-UNNAMED --add-opens=java.prefs/java.util.prefs=ALL-UNNAMED --add-opens=java.base/java.nio.charset=ALL-UNNAMED --add-opens=java.base/java.net=ALL-UNNAMED --add-opens=java.base/java.util.concurrent.atomic=ALL-UNNAMED -Xmx2048m -Dfile.encoding=windows-1252 -Duser.country=IN -Duser.language=en -Duser.variant org.gradle.launcher.daemon.bootstrap.GradleDaemon 7.2

Host: AMD Ryzen 5 5500U with Radeon Graphics         , 12 cores, 5G,  Windows 11 , 64 bit Build 22000 (10.0.22000.1761)
Time: Thu May 11 23:29:34 2023 India Standard Time elapsed time: 15.993618 seconds (0d 0h 0m 15s)

---------------  T H R E A D  ---------------

Current thread (0x0000028fbd2c3800):  VMThread "VM Thread" [stack: 0x000000b4fab00000,0x000000b4fac00000] [id=92492]

Stack: [0x000000b4fab00000,0x000000b4fac00000]
[error occurred during error reporting (printing stack bounds), id 0xc0000005, EXCEPTION_ACCESS_VIOLATION (0xc0000005) at pc=0x0000028fa652112d]

Native frames: (J=compiled Java code, j=interpreted, Vv=VM code, C=native code)
V  [jvm.dll+0x6100fa]
V  [jvm.dll+0x747090]
V  [jvm.dll+0x7486ad]
V  [jvm.dll+0x748ce5]
V  [jvm.dll+0x748c9b]
V  [jvm.dll+0x60f224]
V  [jvm.dll+0x60f9b8]
C  [ntdll.dll+0xa8aef]
C  [ntdll.dll+0x35b9a]
C  [ntdll.dll+0xa7afe]
C  0x0000028fa652112d

VM_Operation (0x000000b4fc0f3ea0): CollectForMetadataAllocation, mode: safepoint, requested by thread 0x0000028fbf795800


---------------  P R O C E S S  ---------------

Threads class SMR info:
_java_thread_list=0x0000028fc43ac4d0, length=166, elements={
0x0000028fa2a3d000, 0x0000028fbd2c9000, 0x0000028fbd2d2800, 0x0000028fbdc54800,
0x0000028fbdc55800, 0x0000028fbdc57000, 0x0000028fbdc59000, 0x0000028fbdc60000,
0x0000028fbd2ed000, 0x0000028fbddb1800, 0x0000028fbf067800, 0x0000028fbec5e000,
0x0000028fbf182000, 0x0000028fbf7ad000, 0x0000028fbfe5b000, 0x0000028fbfd50000,
0x0000028fbf795800, 0x0000028fbfc5b000, 0x0000028fbfc56000, 0x0000028fbf721800,
0x0000028fbf722800, 0x0000028fbf71c800, 0x0000028fbf71e800, 0x0000028fbf71f000,
0x0000028fbf723000, 0x0000028fbf71d800, 0x0000028fbf720000, 0x0000028fbf720800,
0x0000028fc1873800, 0x0000028fc1871800, 0x0000028fc1872800, 0x0000028fc1874000,
0x0000028fc1875000, 0x0000028fc187c800, 0x0000028fc1879000, 0x0000028fc187b800,
0x0000028fc1876800, 0x0000028fc187d000, 0x0000028fc1877800, 0x0000028fc187e000,
0x0000028fc1878800, 0x0000028fc187a800, 0x0000028fc187f000, 0x0000028fc187a000,
0x0000028fc3b00800, 0x0000028fc3aff800, 0x0000028fc3aff000, 0x0000028fc3afb800,
0x0000028fc3afb000, 0x0000028fc3afe000, 0x0000028fc3b01800, 0x0000028fc3b02000,
0x0000028fc3afc800, 0x0000028fc3afd000, 0x0000028fc3b03000, 0x0000028fc3b08000,
0x0000028fc3b03800, 0x0000028fc3b09800, 0x0000028fc3b04800, 0x0000028fc3b05800,
0x0000028fc3b06000, 0x0000028fc3b07000, 0x0000028fc3b08800, 0x0000028fc089d800,
0x0000028fc089c000, 0x0000028fc0898000, 0x0000028fc089a800, 0x0000028fc089e800,
0x0000028fc0899800, 0x0000028fc089c800, 0x0000028fc089b000, 0x0000028fc0898800,
0x0000028fc08a2800, 0x0000028fc08a1800, 0x0000028fc089f000, 0x0000028fc08a1000,
0x0000028fc08a4000, 0x0000028fc08a3800, 0x0000028fc08a5000, 0x0000028fc08a5800,
0x0000028fc08a0000, 0x0000028fc08a6800, 0x0000028fc0277800, 0x0000028fc0272000,
0x0000028fc0278800, 0x0000028fc0274800, 0x0000028fc0276000, 0x0000028fc0275000,
0x0000028fc0272800, 0x0000028fc0279000, 0x0000028fc0277000, 0x0000028fc0273800,
0x0000028fc027b800, 0x0000028fc027b000, 0x0000028fc027d800, 0x0000028fc027f800,
0x0000028fc027e000, 0x0000028fc027a000, 0x0000028fc027c800, 0x0000028fc027f000,
0x0000028fc0815000, 0x0000028fc0812800, 0x0000028fc0814000, 0x0000028fc0813000,
0x0000028fc0811800, 0x0000028fc0815800, 0x0000028fc0810000, 0x0000028fc0816800,
0x0000028fc0810800, 0x0000028fc081d000, 0x0000028fc081c000, 0x0000028fc0817000,
0x0000028fc081e000, 0x0000028fc081b800, 0x0000028fc0818000, 0x0000028fc081e800,
0x0000028fc0819800, 0x0000028fc0819000, 0x0000028fc081a800, 0x0000028fc0280800,
0x0000028fc084d800, 0x0000028fc0849800, 0x0000028fc084c000, 0x0000028fc084c800,
0x0000028fc084b000, 0x0000028fc084e800, 0x0000028fc084f000, 0x0000028fc084a000,
0x0000028fc0850000, 0x0000028fc0854000, 0x0000028fc0852800, 0x0000028fc0853000,
0x0000028fc0855000, 0x0000028fc0855800, 0x0000028fc0856800, 0x0000028fc0851000,
0x0000028fc0857800, 0x0000028fc0851800, 0x0000028fc0858000, 0x0000028fc277d800,
0x0000028fc277d000, 0x0000028fc277c000, 0x0000028fc277e800, 0x0000028fc277f800,
0x0000028fc2781000, 0x0000028fc277b000, 0x0000028fc2781800, 0x0000028fc2786000,
0x0000028fc2782800, 0x0000028fc2780000, 0x0000028fc2784000, 0x0000028fc2787800,
0x0000028fc2786800, 0x0000028fc2785000, 0x0000028fc2788000, 0x0000028fc2789000,
0x0000028fc2783800, 0x0000028fc278a000, 0x0000028fc412b800, 0x0000028fc412e000,
0x0000028fc4129000, 0x0000028fc412a000, 0x0000028fc4130000, 0x0000028fc412d800,
0x0000028fc4130800, 0x0000028fc412f000
}

Java Threads: ( => current thread )
  0x0000028fa2a3d000 JavaThread "main" [_thread_blocked, id=128340, stack(0x000000b4fa500000,0x000000b4fa600000)]
  0x0000028fbd2c9000 JavaThread "Reference Handler" daemon [_thread_blocked, id=103024, stack(0x000000b4fac00000,0x000000b4fad00000)]
  0x0000028fbd2d2800 JavaThread "Finalizer" daemon [_thread_blocked, id=128376, stack(0x000000b4fad00000,0x000000b4fae00000)]
  0x0000028fbdc54800 JavaThread "Signal Dispatcher" daemon [_thread_blocked, id=126880, stack(0x000000b4fae00000,0x000000b4faf00000)]
  0x0000028fbdc55800 JavaThread "Attach Listener" daemon [_thread_blocked, id=129768, stack(0x000000b4faf00000,0x000000b4fb000000)]
  0x0000028fbdc57000 JavaThread "Service Thread" daemon [_thread_blocked, id=117052, stack(0x000000b4fb000000,0x000000b4fb100000)]
  0x0000028fbdc59000 JavaThread "C2 CompilerThread0" daemon [_thread_blocked, id=129460, stack(0x000000b4fb100000,0x000000b4fb200000)]
  0x0000028fbdc60000 JavaThread "C1 CompilerThread0" daemon [_thread_blocked, id=124744, stack(0x000000b4fb200000,0x000000b4fb300000)]
  0x0000028fbd2ed000 JavaThread "Sweeper thread" daemon [_thread_blocked, id=129788, stack(0x000000b4fb300000,0x000000b4fb400000)]
  0x0000028fbddb1800 JavaThread "Common-Cleaner" daemon [_thread_blocked, id=123772, stack(0x000000b4fb400000,0x000000b4fb500000)]
  0x0000028fbf067800 JavaThread "Daemon health stats" [_thread_blocked, id=126512, stack(0x000000b4fb700000,0x000000b4fb800000)]
  0x0000028fbec5e000 JavaThread "Incoming local TCP Connector on port 53453" [_thread_in_native, id=97228, stack(0x000000b4fbb00000,0x000000b4fbc00000)]
  0x0000028fbf182000 JavaThread "Daemon periodic checks" [_thread_blocked, id=102884, stack(0x000000b4fbc00000,0x000000b4fbd00000)]
  0x0000028fbf7ad000 JavaThread "Daemon" [_thread_blocked, id=127972, stack(0x000000b4fbd00000,0x000000b4fbe00000)]
  0x0000028fbfe5b000 JavaThread "Handler for socket connection from /127.0.0.1:53453 to /127.0.0.1:53454" [_thread_in_native, id=114592, stack(0x000000b4fbe00000,0x000000b4fbf00000)]
  0x0000028fbfd50000 JavaThread "Cancel handler" [_thread_blocked, id=94664, stack(0x000000b4fbf00000,0x000000b4fc000000)]
  0x0000028fbf795800 JavaThread "Daemon worker" [_thread_blocked, id=111236, stack(0x000000b4fc000000,0x000000b4fc100000)]
  0x0000028fbfc5b000 JavaThread "Asynchronous log dispatcher for DefaultDaemonConnection: socket connection from /127.0.0.1:53453 to /127.0.0.1:53454" [_thread_blocked, id=78444, stack(0x000000b4fc100000,0x000000b4fc200000)]
  0x0000028fbfc56000 JavaThread "Stdin handler" [_thread_blocked, id=118404, stack(0x000000b4fc200000,0x000000b4fc300000)]
  0x0000028fbf721800 JavaThread "Daemon client event forwarder" [_thread_blocked, id=120724, stack(0x000000b4fc300000,0x000000b4fc400000)]
  0x0000028fbf722800 JavaThread "Cache worker for journal cache (C:\Users\nraje\.gradle\caches\journal-1)" [_thread_blocked, id=128516, stack(0x000000b4fca00000,0x000000b4fcb00000)]
  0x0000028fbf71c800 JavaThread "File lock request listener" [_thread_in_native, id=65008, stack(0x000000b4fcb00000,0x000000b4fcc00000)]
  0x0000028fbf71e800 JavaThread "Cache worker for file hash cache (C:\Users\nraje\.gradle\caches\7.2\fileHashes)" [_thread_blocked, id=109916, stack(0x000000b4fcc00000,0x000000b4fcd00000)]
  0x0000028fbf71f000 JavaThread "Cache worker for file hash cache (C:\Users\nraje\AndroidStudioProjects\NOTEIT\.gradle\7.2\fileHashes)" [_thread_blocked, id=116420, stack(0x000000b4fcf00000,0x000000b4fd000000)]
  0x0000028fbf723000 JavaThread "File watcher server" daemon [_thread_in_native, id=111632, stack(0x000000b4fd000000,0x000000b4fd100000)]
  0x0000028fbf71d800 JavaThread "File watcher consumer" daemon [_thread_blocked, id=128424, stack(0x000000b4fd100000,0x000000b4fd200000)]
  0x0000028fbf720000 JavaThread "Cache worker for checksums cache (C:\Users\nraje\AndroidStudioProjects\NOTEIT\.gradle\checksums)" [_thread_blocked, id=108276, stack(0x000000b4fd200000,0x000000b4fd300000)]
  0x0000028fbf720800 JavaThread "Cache worker for cache directory md-supplier (C:\Users\nraje\.gradle\caches\7.2\md-supplier)" [_thread_blocked, id=128808, stack(0x000000b4fd300000,0x000000b4fd400000)]
  0x0000028fc1873800 JavaThread "Cache worker for cache directory md-rule (C:\Users\nraje\.gradle\caches\7.2\md-rule)" [_thread_blocked, id=83844, stack(0x000000b4fd400000,0x000000b4fd500000)]
  0x0000028fc1871800 JavaThread "Cache worker for execution history cache (C:\Users\nraje\.gradle\caches\7.2\executionHistory)" [_thread_blocked, id=127948, stack(0x000000b4fd500000,0x000000b4fd600000)]
  0x0000028fc1872800 JavaThread "jar transforms" [_thread_blocked, id=101580, stack(0x000000b4fd600000,0x000000b4fd700000)]
  0x0000028fc1874000 JavaThread "jar transforms Thread 2" [_thread_blocked, id=126044, stack(0x000000b4fd700000,0x000000b4fd800000)]
  0x0000028fc1875000 JavaThread "Cache worker for file content cache (C:\Users\nraje\.gradle\caches\7.2\fileContent)" [_thread_blocked, id=120512, stack(0x000000b4fd800000,0x000000b4fd900000)]
  0x0000028fc187c800 JavaThread "Cache worker for dependencies-accessors (C:\Users\nraje\AndroidStudioProjects\NOTEIT\.gradle\7.2\dependencies-accessors)" [_thread_blocked, id=97172, stack(0x000000b4fd900000,0x000000b4fda00000)]
  0x0000028fc1879000 JavaThread "jar transforms Thread 3" [_thread_blocked, id=93732, stack(0x000000b4fda00000,0x000000b4fdb00000)]
  0x0000028fc187b800 JavaThread "Cache worker for Build Output Cleanup Cache (C:\Users\nraje\AndroidStudioProjects\NOTEIT\.gradle\buildOutputCleanup)" [_thread_blocked, id=103196, stack(0x000000b4fdb00000,0x000000b4fdc00000)]
  0x0000028fc1876800 JavaThread "Unconstrained build operations" [_thread_blocked, id=122900, stack(0x000000b4fdc00000,0x000000b4fdd00000)]
  0x0000028fc187d000 JavaThread "Unconstrained build operations Thread 2" [_thread_blocked, id=105408, stack(0x000000b4fdd00000,0x000000b4fde00000)]
  0x0000028fc1877800 JavaThread "Unconstrained build operations Thread 3" [_thread_blocked, id=126900, stack(0x000000b4fde00000,0x000000b4fdf00000)]
  0x0000028fc187e000 JavaThread "Unconstrained build operations Thread 4" [_thread_blocked, id=130852, stack(0x000000b4fdf00000,0x000000b4fe000000)]
  0x0000028fc1878800 JavaThread "Unconstrained build operations Thread 5" [_thread_blocked, id=112020, stack(0x000000b4fe000000,0x000000b4fe100000)]
  0x0000028fc187a800 JavaThread "Unconstrained build operations Thread 6" [_thread_blocked, id=116752, stack(0x000000b4fe100000,0x000000b4fe200000)]
  0x0000028fc187f000 JavaThread "Unconstrained build operations Thread 7" [_thread_blocked, id=124584, stack(0x000000b4fe200000,0x000000b4fe300000)]
  0x0000028fc187a000 JavaThread "Unconstrained build operations Thread 8" [_thread_blocked, id=130116, stack(0x000000b4fe300000,0x000000b4fe400000)]
  0x0000028fc3b00800 JavaThread "Unconstrained build operations Thread 9" [_thread_blocked, id=129712, stack(0x000000b4fe400000,0x000000b4fe500000)]
  0x0000028fc3aff800 JavaThread "Unconstrained build operations Thread 10" [_thread_blocked, id=122184, stack(0x000000b4fe500000,0x000000b4fe600000)]
  0x0000028fc3aff000 JavaThread "Unconstrained build operations Thread 11" [_thread_blocked, id=120456, stack(0x000000b4fe600000,0x000000b4fe700000)]
  0x0000028fc3afb800 JavaThread "Unconstrained build operations Thread 12" [_thread_blocked, id=129312, stack(0x000000b4fe700000,0x000000b4fe800000)]
  0x0000028fc3afb000 JavaThread "Unconstrained build operations Thread 13" [_thread_blocked, id=114320, stack(0x000000b4fe800000,0x000000b4fe900000)]
  0x0000028fc3afe000 JavaThread "Unconstrained build operations Thread 14" [_thread_blocked, id=122904, stack(0x000000b4fe900000,0x000000b4fea00000)]
  0x0000028fc3b01800 JavaThread "Unconstrained build operations Thread 15" [_thread_blocked, id=121424, stack(0x000000b4fea00000,0x000000b4feb00000)]
  0x0000028fc3b02000 JavaThread "Unconstrained build operations Thread 16" [_thread_blocked, id=106384, stack(0x000000b4feb00000,0x000000b4fec00000)]
  0x0000028fc3afc800 JavaThread "Unconstrained build operations Thread 17" [_thread_blocked, id=60908, stack(0x000000b4fec00000,0x000000b4fed00000)]
  0x0000028fc3afd000 JavaThread "Unconstrained build operations Thread 18" [_thread_blocked, id=126528, stack(0x000000b4fed00000,0x000000b4fee00000)]
  0x0000028fc3b03000 JavaThread "Unconstrained build operations Thread 19" [_thread_blocked, id=100912, stack(0x000000b4fee00000,0x000000b4fef00000)]
  0x0000028fc3b08000 JavaThread "Unconstrained build operations Thread 20" [_thread_blocked, id=109844, stack(0x000000b4fef00000,0x000000b4ff000000)]
  0x0000028fc3b03800 JavaThread "Unconstrained build operations Thread 21" [_thread_blocked, id=125908, stack(0x000000b4ff000000,0x000000b4ff100000)]
  0x0000028fc3b09800 JavaThread "Unconstrained build operations Thread 22" [_thread_blocked, id=121680, stack(0x000000b4ff100000,0x000000b4ff200000)]
  0x0000028fc3b04800 JavaThread "Unconstrained build operations Thread 23" [_thread_blocked, id=129756, stack(0x000000b4ff200000,0x000000b4ff300000)]
  0x0000028fc3b05800 JavaThread "Unconstrained build operations Thread 24" [_thread_blocked, id=130436, stack(0x000000b4ff300000,0x000000b4ff400000)]
  0x0000028fc3b06000 JavaThread "Unconstrained build operations Thread 25" [_thread_blocked, id=126420, stack(0x000000b4ff400000,0x000000b4ff500000)]
  0x0000028fc3b07000 JavaThread "Unconstrained build operations Thread 26" [_thread_blocked, id=106892, stack(0x000000b4ff500000,0x000000b4ff600000)]
  0x0000028fc3b08800 JavaThread "Unconstrained build operations Thread 27" [_thread_blocked, id=107312, stack(0x000000b4ff600000,0x000000b4ff700000)]
  0x0000028fc089d800 JavaThread "Unconstrained build operations Thread 28" [_thread_blocked, id=110644, stack(0x000000b4ff700000,0x000000b4ff800000)]
  0x0000028fc089c000 JavaThread "Unconstrained build operations Thread 29" [_thread_blocked, id=128964, stack(0x000000b4ff800000,0x000000b4ff900000)]
  0x0000028fc0898000 JavaThread "Unconstrained build operations Thread 30" [_thread_blocked, id=89156, stack(0x000000b4ff900000,0x000000b4ffa00000)]
  0x0000028fc089a800 JavaThread "Unconstrained build operations Thread 31" [_thread_blocked, id=95272, stack(0x000000b4ffa00000,0x000000b4ffb00000)]
  0x0000028fc089e800 JavaThread "Unconstrained build operations Thread 32" [_thread_blocked, id=105944, stack(0x000000b4ffb00000,0x000000b4ffc00000)]
  0x0000028fc0899800 JavaThread "Unconstrained build operations Thread 33" [_thread_blocked, id=99892, stack(0x000000b4ffc00000,0x000000b4ffd00000)]
  0x0000028fc089c800 JavaThread "Unconstrained build operations Thread 34" [_thread_blocked, id=128148, stack(0x000000b4ffd00000,0x000000b4ffe00000)]
  0x0000028fc089b000 JavaThread "Unconstrained build operations Thread 35" [_thread_blocked, id=128508, stack(0x000000b4ffe00000,0x000000b4fff00000)]
  0x0000028fc0898800 JavaThread "Unconstrained build operations Thread 36" [_thread_blocked, id=124888, stack(0x000000b4fff00000,0x000000b500000000)]
  0x0000028fc08a2800 JavaThread "Unconstrained build operations Thread 37" [_thread_blocked, id=128272, stack(0x000000b480000000,0x000000b480100000)]
  0x0000028fc08a1800 JavaThread "Unconstrained build operations Thread 38" [_thread_blocked, id=102616, stack(0x000000b480100000,0x000000b480200000)]
  0x0000028fc089f000 JavaThread "Unconstrained build operations Thread 39" [_thread_blocked, id=117172, stack(0x000000b480200000,0x000000b480300000)]
  0x0000028fc08a1000 JavaThread "Unconstrained build operations Thread 40" [_thread_blocked, id=99332, stack(0x000000b480300000,0x000000b480400000)]
  0x0000028fc08a4000 JavaThread "Unconstrained build operations Thread 41" [_thread_blocked, id=123604, stack(0x000000b480400000,0x000000b480500000)]
  0x0000028fc08a3800 JavaThread "Unconstrained build operations Thread 42" [_thread_blocked, id=122968, stack(0x000000b480500000,0x000000b480600000)]
  0x0000028fc08a5000 JavaThread "Unconstrained build operations Thread 43" [_thread_blocked, id=71980, stack(0x000000b480600000,0x000000b480700000)]
  0x0000028fc08a5800 JavaThread "Unconstrained build operations Thread 44" [_thread_blocked, id=106820, stack(0x000000b480700000,0x000000b480800000)]
  0x0000028fc08a0000 JavaThread "Unconstrained build operations Thread 45" [_thread_blocked, id=128116, stack(0x000000b480800000,0x000000b480900000)]
  0x0000028fc08a6800 JavaThread "Unconstrained build operations Thread 46" [_thread_blocked, id=107608, stack(0x000000b480900000,0x000000b480a00000)]
  0x0000028fc0277800 JavaThread "Unconstrained build operations Thread 47" [_thread_blocked, id=123456, stack(0x000000b480a00000,0x000000b480b00000)]
  0x0000028fc0272000 JavaThread "Unconstrained build operations Thread 48" [_thread_blocked, id=129832, stack(0x000000b480b00000,0x000000b480c00000)]
  0x0000028fc0278800 JavaThread "Unconstrained build operations Thread 49" [_thread_blocked, id=115668, stack(0x000000b480c00000,0x000000b480d00000)]
  0x0000028fc0274800 JavaThread "Unconstrained build operations Thread 50" [_thread_blocked, id=126716, stack(0x000000b480d00000,0x000000b480e00000)]
  0x0000028fc0276000 JavaThread "Unconstrained build operations Thread 51" [_thread_blocked, id=125104, stack(0x000000b480e00000,0x000000b480f00000)]
  0x0000028fc0275000 JavaThread "Unconstrained build operations Thread 52" [_thread_blocked, id=127064, stack(0x000000b480f00000,0x000000b481000000)]
  0x0000028fc0272800 JavaThread "Unconstrained build operations Thread 53" [_thread_blocked, id=121404, stack(0x000000b481000000,0x000000b481100000)]
  0x0000028fc0279000 JavaThread "Unconstrained build operations Thread 54" [_thread_blocked, id=123732, stack(0x000000b481100000,0x000000b481200000)]
  0x0000028fc0277000 JavaThread "Unconstrained build operations Thread 55" [_thread_blocked, id=125440, stack(0x000000b481200000,0x000000b481300000)]
  0x0000028fc0273800 JavaThread "Unconstrained build operations Thread 56" [_thread_blocked, id=122008, stack(0x000000b481300000,0x000000b481400000)]
  0x0000028fc027b800 JavaThread "Unconstrained build operations Thread 57" [_thread_blocked, id=103256, stack(0x000000b481400000,0x000000b481500000)]
  0x0000028fc027b000 JavaThread "Unconstrained build operations Thread 58" [_thread_blocked, id=116620, stack(0x000000b481500000,0x000000b481600000)]
  0x0000028fc027d800 JavaThread "Unconstrained build operations Thread 59" [_thread_blocked, id=100768, stack(0x000000b481600000,0x000000b481700000)]
  0x0000028fc027f800 JavaThread "Unconstrained build operations Thread 60" [_thread_blocked, id=109444, stack(0x000000b481700000,0x000000b481800000)]
  0x0000028fc027e000 JavaThread "Unconstrained build operations Thread 61" [_thread_blocked, id=106432, stack(0x000000b481800000,0x000000b481900000)]
  0x0000028fc027a000 JavaThread "Unconstrained build operations Thread 62" [_thread_blocked, id=79852, stack(0x000000b481900000,0x000000b481a00000)]
  0x0000028fc027c800 JavaThread "Unconstrained build operations Thread 63" [_thread_blocked, id=99232, stack(0x000000b481a00000,0x000000b481b00000)]
  0x0000028fc027f000 JavaThread "Unconstrained build operations Thread 64" [_thread_blocked, id=115616, stack(0x000000b481b00000,0x000000b481c00000)]
  0x0000028fc0815000 JavaThread "Unconstrained build operations Thread 65" [_thread_blocked, id=115684, stack(0x000000b481c00000,0x000000b481d00000)]
  0x0000028fc0812800 JavaThread "Unconstrained build operations Thread 66" [_thread_blocked, id=129204, stack(0x000000b481d00000,0x000000b481e00000)]
  0x0000028fc0814000 JavaThread "Unconstrained build operations Thread 67" [_thread_blocked, id=103248, stack(0x000000b481e00000,0x000000b481f00000)]
  0x0000028fc0813000 JavaThread "Unconstrained build operations Thread 68" [_thread_blocked, id=123964, stack(0x000000b481f00000,0x000000b482000000)]
  0x0000028fc0811800 JavaThread "Unconstrained build operations Thread 69" [_thread_blocked, id=130964, stack(0x000000b482000000,0x000000b482100000)]
  0x0000028fc0815800 JavaThread "Unconstrained build operations Thread 70" [_thread_blocked, id=129308, stack(0x000000b482100000,0x000000b482200000)]
  0x0000028fc0810000 JavaThread "Unconstrained build operations Thread 71" [_thread_blocked, id=130272, stack(0x000000b482200000,0x000000b482300000)]
  0x0000028fc0816800 JavaThread "Unconstrained build operations Thread 72" [_thread_blocked, id=96992, stack(0x000000b482300000,0x000000b482400000)]
  0x0000028fc0810800 JavaThread "Unconstrained build operations Thread 73" [_thread_blocked, id=121772, stack(0x000000b482400000,0x000000b482500000)]
  0x0000028fc081d000 JavaThread "Unconstrained build operations Thread 74" [_thread_blocked, id=124332, stack(0x000000b482500000,0x000000b482600000)]
  0x0000028fc081c000 JavaThread "Unconstrained build operations Thread 75" [_thread_blocked, id=123204, stack(0x000000b482600000,0x000000b482700000)]
  0x0000028fc0817000 JavaThread "Unconstrained build operations Thread 76" [_thread_blocked, id=123132, stack(0x000000b482700000,0x000000b482800000)]
  0x0000028fc081e000 JavaThread "Unconstrained build operations Thread 77" [_thread_blocked, id=120384, stack(0x000000b482800000,0x000000b482900000)]
  0x0000028fc081b800 JavaThread "Unconstrained build operations Thread 78" [_thread_blocked, id=101540, stack(0x000000b482900000,0x000000b482a00000)]
  0x0000028fc0818000 JavaThread "Unconstrained build operations Thread 79" [_thread_blocked, id=130900, stack(0x000000b482a00000,0x000000b482b00000)]
  0x0000028fc081e800 JavaThread "Unconstrained build operations Thread 80" [_thread_blocked, id=121880, stack(0x000000b482b00000,0x000000b482c00000)]
  0x0000028fc0819800 JavaThread "Unconstrained build operations Thread 81" [_thread_blocked, id=125716, stack(0x000000b482c00000,0x000000b482d00000)]
  0x0000028fc0819000 JavaThread "Unconstrained build operations Thread 82" [_thread_blocked, id=123888, stack(0x000000b482d00000,0x000000b482e00000)]
  0x0000028fc081a800 JavaThread "Unconstrained build operations Thread 83" [_thread_blocked, id=131028, stack(0x000000b482e00000,0x000000b482f00000)]
  0x0000028fc0280800 JavaThread "Unconstrained build operations Thread 84" [_thread_blocked, id=130168, stack(0x000000b482f00000,0x000000b483000000)]
  0x0000028fc084d800 JavaThread "Unconstrained build operations Thread 85" [_thread_blocked, id=109216, stack(0x000000b483000000,0x000000b483100000)]
  0x0000028fc0849800 JavaThread "Unconstrained build operations Thread 86" [_thread_blocked, id=113508, stack(0x000000b483100000,0x000000b483200000)]
  0x0000028fc084c000 JavaThread "Unconstrained build operations Thread 87" [_thread_blocked, id=123264, stack(0x000000b483200000,0x000000b483300000)]
  0x0000028fc084c800 JavaThread "Unconstrained build operations Thread 88" [_thread_blocked, id=130676, stack(0x000000b483300000,0x000000b483400000)]
  0x0000028fc084b000 JavaThread "Unconstrained build operations Thread 89" [_thread_blocked, id=130552, stack(0x000000b483400000,0x000000b483500000)]
  0x0000028fc084e800 JavaThread "Unconstrained build operations Thread 90" [_thread_blocked, id=124196, stack(0x000000b483500000,0x000000b483600000)]
  0x0000028fc084f000 JavaThread "Unconstrained build operations Thread 91" [_thread_blocked, id=72216, stack(0x000000b483600000,0x000000b483700000)]
  0x0000028fc084a000 JavaThread "Unconstrained build operations Thread 92" [_thread_blocked, id=130728, stack(0x000000b483700000,0x000000b483800000)]
  0x0000028fc0850000 JavaThread "Unconstrained build operations Thread 93" [_thread_blocked, id=109936, stack(0x000000b483800000,0x000000b483900000)]
  0x0000028fc0854000 JavaThread "Unconstrained build operations Thread 94" [_thread_blocked, id=114488, stack(0x000000b483900000,0x000000b483a00000)]
  0x0000028fc0852800 JavaThread "Unconstrained build operations Thread 95" [_thread_blocked, id=121536, stack(0x000000b483a00000,0x000000b483b00000)]
  0x0000028fc0853000 JavaThread "Unconstrained build operations Thread 96" [_thread_blocked, id=114704, stack(0x000000b483b00000,0x000000b483c00000)]
  0x0000028fc0855000 JavaThread "Unconstrained build operations Thread 97" [_thread_blocked, id=129340, stack(0x000000b483c00000,0x000000b483d00000)]
  0x0000028fc0855800 JavaThread "Unconstrained build operations Thread 98" [_thread_blocked, id=130716, stack(0x000000b483d00000,0x000000b483e00000)]
  0x0000028fc0856800 JavaThread "Unconstrained build operations Thread 99" [_thread_blocked, id=122328, stack(0x000000b483e00000,0x000000b483f00000)]
  0x0000028fc0851000 JavaThread "Unconstrained build operations Thread 100" [_thread_blocked, id=113988, stack(0x000000b483f00000,0x000000b484000000)]
  0x0000028fc0857800 JavaThread "Unconstrained build operations Thread 101" [_thread_blocked, id=109776, stack(0x000000b484000000,0x000000b484100000)]
  0x0000028fc0851800 JavaThread "Unconstrained build operations Thread 102" [_thread_blocked, id=128444, stack(0x000000b484100000,0x000000b484200000)]
  0x0000028fc0858000 JavaThread "Unconstrained build operations Thread 103" [_thread_blocked, id=122436, stack(0x000000b484200000,0x000000b484300000)]
  0x0000028fc277d800 JavaThread "Unconstrained build operations Thread 104" [_thread_blocked, id=118560, stack(0x000000b484300000,0x000000b484400000)]
  0x0000028fc277d000 JavaThread "Unconstrained build operations Thread 105" [_thread_blocked, id=103816, stack(0x000000b484400000,0x000000b484500000)]
  0x0000028fc277c000 JavaThread "Unconstrained build operations Thread 106" [_thread_blocked, id=128540, stack(0x000000b484500000,0x000000b484600000)]
  0x0000028fc277e800 JavaThread "Unconstrained build operations Thread 107" [_thread_blocked, id=115416, stack(0x000000b484600000,0x000000b484700000)]
  0x0000028fc277f800 JavaThread "Unconstrained build operations Thread 108" [_thread_blocked, id=122496, stack(0x000000b484700000,0x000000b484800000)]
  0x0000028fc2781000 JavaThread "Unconstrained build operations Thread 109" [_thread_blocked, id=118268, stack(0x000000b484800000,0x000000b484900000)]
  0x0000028fc277b000 JavaThread "Unconstrained build operations Thread 110" [_thread_blocked, id=129480, stack(0x000000b484900000,0x000000b484a00000)]
  0x0000028fc2781800 JavaThread "Unconstrained build operations Thread 111" [_thread_blocked, id=126104, stack(0x000000b484a00000,0x000000b484b00000)]
  0x0000028fc2786000 JavaThread "Unconstrained build operations Thread 112" [_thread_blocked, id=126644, stack(0x000000b484b00000,0x000000b484c00000)]
  0x0000028fc2782800 JavaThread "Unconstrained build operations Thread 113" [_thread_blocked, id=105268, stack(0x000000b484c00000,0x000000b484d00000)]
  0x0000028fc2780000 JavaThread "Unconstrained build operations Thread 114" [_thread_blocked, id=130764, stack(0x000000b484d00000,0x000000b484e00000)]
  0x0000028fc2784000 JavaThread "Unconstrained build operations Thread 115" [_thread_blocked, id=123224, stack(0x000000b484e00000,0x000000b484f00000)]
  0x0000028fc2787800 JavaThread "Unconstrained build operations Thread 116" [_thread_blocked, id=114840, stack(0x000000b484f00000,0x000000b485000000)]
  0x0000028fc2786800 JavaThread "Unconstrained build operations Thread 117" [_thread_blocked, id=126788, stack(0x000000b485000000,0x000000b485100000)]
  0x0000028fc2785000 JavaThread "Unconstrained build operations Thread 118" [_thread_blocked, id=128100, stack(0x000000b485100000,0x000000b485200000)]
  0x0000028fc2788000 JavaThread "Unconstrained build operations Thread 119" [_thread_blocked, id=120468, stack(0x000000b485200000,0x000000b485300000)]
  0x0000028fc2789000 JavaThread "Unconstrained build operations Thread 120" [_thread_blocked, id=130828, stack(0x000000b485300000,0x000000b485400000)]
  0x0000028fc2783800 JavaThread "jar transforms Thread 4" [_thread_blocked, id=98652, stack(0x000000b485400000,0x000000b485500000)]
  0x0000028fc278a000 JavaThread "jar transforms Thread 5" [_thread_blocked, id=110960, stack(0x000000b485500000,0x000000b485600000)]
  0x0000028fc412b800 JavaThread "jar transforms Thread 6" [_thread_blocked, id=113588, stack(0x000000b485600000,0x000000b485700000)]
  0x0000028fc412e000 JavaThread "jar transforms Thread 7" [_thread_blocked, id=127712, stack(0x000000b485700000,0x000000b485800000)]
  0x0000028fc4129000 JavaThread "jar transforms Thread 8" [_thread_blocked, id=125368, stack(0x000000b485800000,0x000000b485900000)]
  0x0000028fc412a000 JavaThread "jar transforms Thread 9" [_thread_blocked, id=130888, stack(0x000000b485900000,0x000000b485a00000)]
  0x0000028fc4130000 JavaThread "jar transforms Thread 10" [_thread_blocked, id=122956, stack(0x000000b485a00000,0x000000b485b00000)]
  0x0000028fc412d800 JavaThread "jar transforms Thread 11" [_thread_blocked, id=115996, stack(0x000000b485b00000,0x000000b485c00000)]
  0x0000028fc4130800 JavaThread "jar transforms Thread 12" [_thread_blocked, id=78200, stack(0x000000b485c00000,0x000000b485d00000)]
  0x0000028fc412f000 JavaThread "Memory manager" [_thread_blocked, id=108828, stack(0x000000b485d00000,0x000000b485e00000)]

Other Threads:
=>0x0000028fbd2c3800 VMThread "VM Thread" [stack: 0x000000b4fab00000,0x000000b4fac00000] [id=92492]
  0x0000028fbdddd000 WatcherThread [stack: 0x000000b4fb500000,0x000000b4fb600000] [id=125436]
  0x0000028fa2a58000 GCTaskThread "GC Thread#0" [stack: 0x000000b4fa600000,0x000000b4fa700000] [id=116732]
  0x0000028fbe649000 GCTaskThread "GC Thread#1" [stack: 0x000000b4fb600000,0x000000b4fb700000] [id=125992]
  0x0000028fbfca2000 GCTaskThread "GC Thread#2" [stack: 0x000000b4fb800000,0x000000b4fb900000] [id=127764]
  0x0000028fbf3e5000 GCTaskThread "GC Thread#3" [stack: 0x000000b4fb900000,0x000000b4fba00000] [id=91360]
  0x0000028fbfc63000 GCTaskThread "GC Thread#4" [stack: 0x000000b4fc400000,0x000000b4fc500000] [id=99904]
  0x0000028fbfe92000 GCTaskThread "GC Thread#5" [stack: 0x000000b4fc500000,0x000000b4fc600000] [id=122160]
  0x0000028fbff10800 GCTaskThread "GC Thread#6" [stack: 0x000000b4fc600000,0x000000b4fc700000] [id=120872]
  0x0000028fbff15800 GCTaskThread "GC Thread#7" [stack: 0x000000b4fc700000,0x000000b4fc800000] [id=129164]
  0x0000028fbff16800 GCTaskThread "GC Thread#8" [stack: 0x000000b4fc800000,0x000000b4fc900000] [id=127916]
  0x0000028fbff31800 GCTaskThread "GC Thread#9" [stack: 0x000000b4fc900000,0x000000b4fca00000] [id=107272]
  0x0000028fa2a7b000 ConcurrentGCThread "G1 Main Marker" [stack: 0x000000b4fa700000,0x000000b4fa800000] [id=83388]
  0x0000028fa2a7c000 ConcurrentGCThread "G1 Conc#0" [stack: 0x000000b4fa800000,0x000000b4fa900000] [id=130444]
  0x0000028fbff9d800 ConcurrentGCThread "G1 Conc#1" [stack: 0x000000b4fcd00000,0x000000b4fce00000] [id=128492]
  0x0000028fbe7f8000 ConcurrentGCThread "G1 Conc#2" [stack: 0x000000b4fce00000,0x000000b4fcf00000] [id=129464]
  0x0000028fbd121800 ConcurrentGCThread "G1 Refine#0" [stack: 0x000000b4fa900000,0x000000b4faa00000] [id=112864]
  0x0000028fbec5d000 ConcurrentGCThread "G1 Refine#1" [stack: 0x000000b4fba00000,0x000000b4fbb00000] [id=127048]
  0x0000028fa2ad3000 ConcurrentGCThread "G1 Young RemSet Sampling" [stack: 0x000000b4faa00000,0x000000b4fab00000] [id=127332]

Threads with active compile tasks:
C2 CompilerThread0  16039 5940       4       java.security.SecureClassLoader::defineClass (16 bytes)

VM state:at safepoint (normal execution)

VM Mutex/Monitor currently owned by a thread:  ([mutex/lock_event])
[0x0000028fa2a37d70] Threads_lock - owner thread: 0x0000028fbd2c3800
[0x0000028fa2a38550] Heap_lock - owner thread: 0x0000028fbf795800

Heap address: 0x0000000080000000, size: 2048 MB, Compressed Oops mode: 32-bit
Narrow klass base: 0x0000000000000000, Narrow klass shift: 3
Compressed class space size: 1073741824 Address: 0x0000000100000000

Heap:
 garbage-first heap   total 96256K, used 51519K [0x0000000080000000, 0x0000000100000000)
  region size 1024K, 3 young (3072K), 3 survivors (3072K)
 Metaspace       used 62695K, capacity 64257K, committed 64336K, reserved 1114112K
  class space    used 7799K, capacity 8384K, committed 8448K, reserved 1048576K
Heap Regions: E=young(eden), S=young(survivor), O=old, HS=humongous(starts), HC=humongous(continues), CS=collection set, F=free, A=archive, TAMS=top-at-mark-start (previous, next)
|   0|0x0000000080000000, 0x0000000080100000, 0x0000000080100000|100%| O|  |TAMS 0x0000000080100000, 0x0000000080100000| Untracked 
|   1|0x0000000080100000, 0x0000000080200000, 0x0000000080200000|100%| O|  |TAMS 0x0000000080200000, 0x0000000080200000| Untracked 
|   2|0x0000000080200000, 0x0000000080300000, 0x0000000080300000|100%| O|  |TAMS 0x0000000080300000, 0x0000000080300000| Untracked 
|   3|0x0000000080300000, 0x0000000080400000, 0x0000000080400000|100%|HS|  |TAMS 0x0000000080400000, 0x0000000080400000| Complete 
|   4|0x0000000080400000, 0x0000000080500000, 0x0000000080500000|100%|HC|  |TAMS 0x0000000080500000, 0x0000000080500000| Complete 
|   5|0x0000000080500000, 0x0000000080600000, 0x0000000080600000|100%|HC|  |TAMS 0x0000000080600000, 0x0000000080600000| Complete 
|   6|0x0000000080600000, 0x0000000080700000, 0x0000000080700000|100%| O|  |TAMS 0x0000000080700000, 0x0000000080700000| Untracked 
|   7|0x0000000080700000, 0x0000000080800000, 0x0000000080800000|100%| O|  |TAMS 0x0000000080800000, 0x0000000080800000| Untracked 
|   8|0x0000000080800000, 0x0000000080900000, 0x0000000080900000|100%| O|  |TAMS 0x0000000080900000, 0x0000000080900000| Untracked 
|   9|0x0000000080900000, 0x0000000080a00000, 0x0000000080a00000|100%| O|  |TAMS 0x0000000080a00000, 0x0000000080a00000| Untracked 
|  10|0x0000000080a00000, 0x0000000080b00000, 0x0000000080b00000|100%| O|  |TAMS 0x0000000080b00000, 0x0000000080b00000| Untracked 
|  11|0x0000000080b00000, 0x0000000080c00000, 0x0000000080c00000|100%| O|  |TAMS 0x0000000080c00000, 0x0000000080c00000| Untracked 
|  12|0x0000000080c00000, 0x0000000080d00000, 0x0000000080d00000|100%| O|  |TAMS 0x0000000080d00000, 0x0000000080d00000| Untracked 
|  13|0x0000000080d00000, 0x0000000080e00000, 0x0000000080e00000|100%| O|  |TAMS 0x0000000080e00000, 0x0000000080e00000| Untracked 
|  14|0x0000000080e00000, 0x0000000080f00000, 0x0000000080f00000|100%| O|  |TAMS 0x0000000080f00000, 0x0000000080f00000| Untracked 
|  15|0x0000000080f00000, 0x0000000081000000, 0x0000000081000000|100%| O|  |TAMS 0x0000000081000000, 0x0000000081000000| Untracked 
|  16|0x0000000081000000, 0x0000000081100000, 0x0000000081100000|100%| O|  |TAMS 0x0000000081100000, 0x0000000081100000| Untracked 
|  17|0x0000000081100000, 0x0000000081200000, 0x0000000081200000|100%| O|  |TAMS 0x0000000081200000, 0x0000000081200000| Untracked 
|  18|0x0000000081200000, 0x0000000081300000, 0x0000000081300000|100%| O|  |TAMS 0x0000000081300000, 0x0000000081300000| Untracked 
|  19|0x0000000081300000, 0x0000000081400000, 0x0000000081400000|100%| O|  |TAMS 0x0000000081400000, 0x0000000081400000| Untracked 
|  20|0x0000000081400000, 0x0000000081500000, 0x0000000081500000|100%| O|  |TAMS 0x0000000081500000, 0x0000000081500000| Untracked 
|  21|0x0000000081500000, 0x0000000081600000, 0x0000000081600000|100%| O|  |TAMS 0x0000000081600000, 0x0000000081600000| Untracked 
|  22|0x0000000081600000, 0x0000000081700000, 0x0000000081700000|100%| O|  |TAMS 0x0000000081700000, 0x0000000081700000| Untracked 
|  23|0x0000000081700000, 0x0000000081800000, 0x0000000081800000|100%| O|  |TAMS 0x0000000081800000, 0x0000000081800000| Untracked 
|  24|0x0000000081800000, 0x0000000081900000, 0x0000000081900000|100%| O|  |TAMS 0x0000000081900000, 0x0000000081900000| Untracked 
|  25|0x0000000081900000, 0x0000000081a00000, 0x0000000081a00000|100%| O|  |TAMS 0x0000000081a00000, 0x0000000081a00000| Untracked 
|  26|0x0000000081a00000, 0x0000000081b00000, 0x0000000081b00000|100%| O|  |TAMS 0x0000000081b00000, 0x0000000081b00000| Untracked 
|  27|0x0000000081b00000, 0x0000000081c00000, 0x0000000081c00000|100%| O|  |TAMS 0x0000000081c00000, 0x0000000081c00000| Untracked 
|  28|0x0000000081c00000, 0x0000000081d00000, 0x0000000081d00000|100%|HS|  |TAMS 0x0000000081d00000, 0x0000000081d00000| Complete 
|  29|0x0000000081d00000, 0x0000000081e00000, 0x0000000081e00000|100%|HS|  |TAMS 0x0000000081e00000, 0x0000000081e00000| Complete 
|  30|0x0000000081e00000, 0x0000000081f00000, 0x0000000081f00000|100%|HS|  |TAMS 0x0000000081f00000, 0x0000000081f00000| Complete 
|  31|0x0000000081f00000, 0x0000000082000000, 0x0000000082000000|100%|HS|  |TAMS 0x0000000082000000, 0x0000000082000000| Complete 
|  32|0x0000000082000000, 0x0000000082100000, 0x0000000082100000|100%|HC|  |TAMS 0x0000000082100000, 0x0000000082100000| Complete 
|  33|0x0000000082100000, 0x0000000082200000, 0x0000000082200000|100%| O|  |TAMS 0x0000000082200000, 0x0000000082200000| Untracked 
|  34|0x0000000082200000, 0x0000000082300000, 0x0000000082300000|100%| O|  |TAMS 0x0000000082300000, 0x0000000082300000| Untracked 
|  35|0x0000000082300000, 0x0000000082400000, 0x0000000082400000|100%| O|  |TAMS 0x0000000082400000, 0x0000000082400000| Untracked 
|  36|0x0000000082400000, 0x0000000082500000, 0x0000000082500000|100%| O|  |TAMS 0x0000000082500000, 0x0000000082500000| Untracked 
|  37|0x0000000082500000, 0x0000000082600000, 0x0000000082600000|100%| O|  |TAMS 0x0000000082600000, 0x0000000082600000| Untracked 
|  38|0x0000000082600000, 0x0000000082700000, 0x0000000082700000|100%| O|  |TAMS 0x0000000082700000, 0x0000000082700000| Untracked 
|  39|0x0000000082700000, 0x0000000082800000, 0x0000000082800000|100%| O|  |TAMS 0x0000000082800000, 0x0000000082800000| Untracked 
|  40|0x0000000082800000, 0x0000000082900000, 0x0000000082900000|100%| O|  |TAMS 0x0000000082900000, 0x0000000082900000| Untracked 
|  41|0x0000000082900000, 0x0000000082a00000, 0x0000000082a00000|100%| O|  |TAMS 0x0000000082a00000, 0x0000000082a00000| Untracked 
|  42|0x0000000082a00000, 0x0000000082b00000, 0x0000000082b00000|100%| O|  |TAMS 0x0000000082b00000, 0x0000000082b00000| Untracked 
|  43|0x0000000082b00000, 0x0000000082c00000, 0x0000000082c00000|100%| O|  |TAMS 0x0000000082c00000, 0x0000000082c00000| Untracked 
|  44|0x0000000082c00000, 0x0000000082d00000, 0x0000000082d00000|100%| O|  |TAMS 0x0000000082c00000, 0x0000000082d00000| Untracked 
|  45|0x0000000082d00000, 0x0000000082e00000, 0x0000000082e00000|100%| O|  |TAMS 0x0000000082d00000, 0x0000000082e00000| Untracked 
|  46|0x0000000082e00000, 0x0000000082ee2200, 0x0000000082f00000| 88%| O|  |TAMS 0x0000000082e00000, 0x0000000082ee2200| Untracked 
|  47|0x0000000082f00000, 0x0000000082f00000, 0x0000000083000000|  0%| F|  |TAMS 0x0000000082f00000, 0x0000000082f00000| Untracked 
|  48|0x0000000083000000, 0x0000000083000000, 0x0000000083100000|  0%| F|  |TAMS 0x0000000083000000, 0x0000000083000000| Untracked 
|  49|0x0000000083100000, 0x0000000083100000, 0x0000000083200000|  0%| F|  |TAMS 0x0000000083100000, 0x0000000083100000| Untracked 
|  50|0x0000000083200000, 0x0000000083300000, 0x0000000083300000|100%| O|  |TAMS 0x0000000083262000, 0x0000000083300000| Untracked 
|  51|0x0000000083300000, 0x0000000083300000, 0x0000000083400000|  0%| F|  |TAMS 0x0000000083300000, 0x0000000083300000| Untracked 
|  52|0x0000000083400000, 0x0000000083400000, 0x0000000083500000|  0%| F|  |TAMS 0x0000000083400000, 0x0000000083400000| Untracked 
|  53|0x0000000083500000, 0x0000000083500000, 0x0000000083600000|  0%| F|  |TAMS 0x0000000083500000, 0x0000000083500000| Untracked 
|  54|0x0000000083600000, 0x0000000083600000, 0x0000000083700000|  0%| F|  |TAMS 0x0000000083600000, 0x0000000083600000| Untracked 
|  55|0x0000000083700000, 0x0000000083700000, 0x0000000083800000|  0%| F|  |TAMS 0x0000000083700000, 0x0000000083700000| Untracked 
|  56|0x0000000083800000, 0x0000000083800000, 0x0000000083900000|  0%| F|  |TAMS 0x0000000083800000, 0x0000000083800000| Untracked 
|  57|0x0000000083900000, 0x0000000083900000, 0x0000000083a00000|  0%| F|  |TAMS 0x0000000083900000, 0x0000000083900000| Untracked 
|  58|0x0000000083a00000, 0x0000000083a00000, 0x0000000083b00000|  0%| F|  |TAMS 0x0000000083a00000, 0x0000000083a00000| Untracked 
|  59|0x0000000083b00000, 0x0000000083b00000, 0x0000000083c00000|  0%| F|  |TAMS 0x0000000083b00000, 0x0000000083b00000| Untracked 
|  60|0x0000000083c00000, 0x0000000083c00000, 0x0000000083d00000|  0%| F|  |TAMS 0x0000000083c00000, 0x0000000083c00000| Untracked 
|  61|0x0000000083d00000, 0x0000000083d00000, 0x0000000083e00000|  0%| F|  |TAMS 0x0000000083d00000, 0x0000000083d00000| Untracked 
|  62|0x0000000083e00000, 0x0000000083e00000, 0x0000000083f00000|  0%| F|  |TAMS 0x0000000083e00000, 0x0000000083e00000| Untracked 
|  63|0x0000000083f00000, 0x0000000083f00000, 0x0000000084000000|  0%| F|  |TAMS 0x0000000083f00000, 0x0000000083f00000| Untracked 
|  64|0x0000000084000000, 0x0000000084000000, 0x0000000084100000|  0%| F|  |TAMS 0x0000000084000000, 0x0000000084000000| Untracked 
|  65|0x0000000084100000, 0x0000000084100000, 0x0000000084200000|  0%| F|  |TAMS 0x0000000084100000, 0x0000000084100000| Untracked 
|  66|0x0000000084200000, 0x0000000084200000, 0x0000000084300000|  0%| F|  |TAMS 0x0000000084200000, 0x0000000084200000| Untracked 
|  67|0x0000000084300000, 0x0000000084300000, 0x0000000084400000|  0%| F|  |TAMS 0x0000000084300000, 0x0000000084300000| Untracked 
|  68|0x0000000084400000, 0x0000000084400000, 0x0000000084500000|  0%| F|  |TAMS 0x0000000084400000, 0x0000000084400000| Untracked 
|  69|0x0000000084500000, 0x0000000084500000, 0x0000000084600000|  0%| F|  |TAMS 0x0000000084500000, 0x0000000084500000| Untracked 
|  70|0x0000000084600000, 0x000000008466dc40, 0x0000000084700000| 42%| S|CS|TAMS 0x0000000084600000, 0x0000000084600000| Complete 
|  71|0x0000000084700000, 0x0000000084800000, 0x0000000084800000|100%| S|CS|TAMS 0x0000000084700000, 0x0000000084700000| Complete 
|  72|0x0000000084800000, 0x0000000084900000, 0x0000000084900000|100%| S|CS|TAMS 0x0000000084800000, 0x0000000084800000| Complete 
|  73|0x0000000084900000, 0x0000000084900000, 0x0000000084a00000|  0%| F|  |TAMS 0x0000000084900000, 0x0000000084900000| Untracked 
|  74|0x0000000084a00000, 0x0000000084a00000, 0x0000000084b00000|  0%| F|  |TAMS 0x0000000084a00000, 0x0000000084a00000| Untracked 
|  75|0x0000000084b00000, 0x0000000084b00000, 0x0000000084c00000|  0%| F|  |TAMS 0x0000000084b00000, 0x0000000084b00000| Untracked 
|  76|0x0000000084c00000, 0x0000000084c00000, 0x0000000084d00000|  0%| F|  |TAMS 0x0000000084c00000, 0x0000000084c00000| Untracked 
|  77|0x0000000084d00000, 0x0000000084d00000, 0x0000000084e00000|  0%| F|  |TAMS 0x0000000084d00000, 0x0000000084d00000| Untracked 
|  78|0x0000000084e00000, 0x0000000084e00000, 0x0000000084f00000|  0%| F|  |TAMS 0x0000000084e00000, 0x0000000084e00000| Untracked 
|  79|0x0000000084f00000, 0x0000000084f00000, 0x0000000085000000|  0%| F|  |TAMS 0x0000000084f00000, 0x0000000084f00000| Untracked 
|  80|0x0000000085000000, 0x0000000085000000, 0x0000000085100000|  0%| F|  |TAMS 0x0000000085000000, 0x0000000085000000| Untracked 
|  81|0x0000000085100000, 0x0000000085100000, 0x0000000085200000|  0%| F|  |TAMS 0x0000000085100000, 0x0000000085100000| Untracked 
|  82|0x0000000085200000, 0x0000000085200000, 0x0000000085300000|  0%| F|  |TAMS 0x0000000085200000, 0x0000000085200000| Untracked 
|  83|0x0000000085300000, 0x0000000085300000, 0x0000000085400000|  0%| F|  |TAMS 0x0000000085300000, 0x0000000085300000| Untracked 
|  84|0x0000000085400000, 0x0000000085400000, 0x0000000085500000|  0%| F|  |TAMS 0x0000000085400000, 0x0000000085400000| Untracked 
|  85|0x0000000085500000, 0x0000000085500000, 0x0000000085600000|  0%| F|  |TAMS 0x0000000085500000, 0x0000000085500000| Untracked 
|  86|0x0000000085600000, 0x0000000085600000, 0x0000000085700000|  0%| F|  |TAMS 0x0000000085600000, 0x0000000085600000| Untracked 
|  87|0x0000000085700000, 0x0000000085700000, 0x0000000085800000|  0%| F|  |TAMS 0x0000000085700000, 0x0000000085700000| Untracked 
|  88|0x0000000085800000, 0x0000000085800000, 0x0000000085900000|  0%| F|  |TAMS 0x0000000085800000, 0x0000000085800000| Untracked 
|  89|0x0000000085900000, 0x0000000085900000, 0x0000000085a00000|  0%| F|  |TAMS 0x0000000085900000, 0x0000000085900000| Untracked 
|  90|0x0000000085a00000, 0x0000000085a00000, 0x0000000085b00000|  0%| F|  |TAMS 0x0000000085a00000, 0x0000000085a00000| Untracked 
|  91|0x0000000085b00000, 0x0000000085b00000, 0x0000000085c00000|  0%| F|  |TAMS 0x0000000085b00000, 0x0000000085b00000| Untracked 
|  92|0x0000000085c00000, 0x0000000085c00000, 0x0000000085d00000|  0%| F|  |TAMS 0x0000000085c00000, 0x0000000085c00000| Untracked 
|  93|0x0000000085d00000, 0x0000000085d00000, 0x0000000085e00000|  0%| F|  |TAMS 0x0000000085d00000, 0x0000000085d00000| Untracked 

Card table byte_map: [0x0000028fb5e70000,0x0000028fb6270000] _byte_map_base: 0x0000028fb5a70000

Marking Bits (Prev, Next): (CMBitMap*) 0x0000028fa2a7a060, (CMBitMap*) 0x0000028fa2a7a028
 Prev Bits: [0x0000028fb8670000, 0x0000028fba670000)
 Next Bits: [0x0000028fb6670000, 0x0000028fb8670000)

Polling page: 0x0000028fa21e0000

Metaspace:

Usage:
  Non-class:     54.56 MB capacity,    53.61 MB ( 98%) used,   820.05 KB (  1%) free+waste,   156.81 KB ( <1%) overhead. 
      Class:      8.19 MB capacity,     7.62 MB ( 93%) used,   511.41 KB (  6%) free+waste,    73.19 KB ( <1%) overhead. 
       Both:     62.75 MB capacity,    61.23 MB ( 98%) used,     1.30 MB (  2%) free+waste,   230.00 KB ( <1%) overhead. 

Virtual space:
  Non-class space:       64.00 MB reserved,      54.58 MB ( 85%) committed 
      Class space:        1.00 GB reserved,       8.25 MB ( <1%) committed 
             Both:        1.06 GB reserved,      62.83 MB (  6%) committed 

Chunk freelists:
   Non-Class:  15.00 KB
       Class:  0 bytes
        Both:  15.00 KB

MaxMetaspaceSize: 17179869184.00 GB
CompressedClassSpaceSize: 1.00 GB
Initial GC threshold: 20.80 MB
Current GC threshold: 95.46 MB
CDS: off

CodeHeap 'non-profiled nmethods': size=120000Kb used=3098Kb max_used=3098Kb free=116901Kb
 bounds [0x0000028fadff0000, 0x0000028fae300000, 0x0000028fb5520000]
CodeHeap 'profiled nmethods': size=120000Kb used=13142Kb max_used=13142Kb free=106857Kb
 bounds [0x0000028fa6ac0000, 0x0000028fa77a0000, 0x0000028fadff0000]
CodeHeap 'non-nmethods': size=5760Kb used=2336Kb max_used=2371Kb free=3423Kb
 bounds [0x0000028fa6520000, 0x0000028fa6790000, 0x0000028fa6ac0000]
 total_blobs=7042 nmethods=6198 adapters=756
 compilation: enabled
              stopped_count=0, restarted_count=0
 full_count=0

Compilation events (20 events):
Event: 15.951 Thread 0x0000028fbdc60000 6240       3       java.util.regex.Matcher::getSubSequence (12 bytes)
Event: 15.951 Thread 0x0000028fbdc60000 nmethod 6240 0x0000028fa7791b10 code [0x0000028fa7791cc0, 0x0000028fa7791e88]
Event: 15.951 Thread 0x0000028fbdc60000 6242       1       org.gradle.api.internal.artifacts.configurations.DefaultConfiguration::getName (5 bytes)
Event: 15.951 Thread 0x0000028fbdc60000 nmethod 6242 0x0000028fae2f6290 code [0x0000028fae2f6440, 0x0000028fae2f64f8]
Event: 15.952 Thread 0x0000028fbdc60000 6243       1       org.gradle.api.internal.DefaultDomainObjectCollection::getStore (5 bytes)
Event: 15.952 Thread 0x0000028fbdc60000 nmethod 6243 0x0000028fae2f6590 code [0x0000028fae2f6740, 0x0000028fae2f67f8]
Event: 15.957 Thread 0x0000028fbdc60000 6244       3       org.gradle.internal.Describables$AbstractDescribable::<init> (5 bytes)
Event: 15.957 Thread 0x0000028fbdc60000 nmethod 6244 0x0000028fa7791f90 code [0x0000028fa7792140, 0x0000028fa77922f8]
Event: 15.957 Thread 0x0000028fbdc60000 6245       3       org.gradle.internal.Describables$AbstractDescribable::<init> (5 bytes)
Event: 15.957 Thread 0x0000028fbdc60000 nmethod 6245 0x0000028fa7792410 code [0x0000028fa77925c0, 0x0000028fa7792718]
Event: 15.957 Thread 0x0000028fbdc60000 6247       3       org.gradle.internal.operations.DefaultBuildOperationAncestryTracker::findClosestExistingAncestor (44 bytes)
Event: 15.958 Thread 0x0000028fbdc60000 nmethod 6247 0x0000028fa7792810 code [0x0000028fa7792a40, 0x0000028fa7793258]
Event: 15.958 Thread 0x0000028fbdc60000 6248       3       org.gradle.internal.operations.DefaultBuildOperationAncestryTracker::findClosestMatchingAncestor (42 bytes)
Event: 15.958 Thread 0x0000028fbdc60000 nmethod 6248 0x0000028fa7793510 code [0x0000028fa7793740, 0x0000028fa7793f38]
Event: 15.958 Thread 0x0000028fbdc60000 6249       3       org.gradle.internal.operations.BuildOperationDescriptor::displayName (10 bytes)
Event: 15.958 Thread 0x0000028fbdc60000 nmethod 6249 0x0000028fa7794210 code [0x0000028fa77943e0, 0x0000028fa7794758]
Event: 15.958 Thread 0x0000028fbdc60000 6246       1       org.gradle.configuration.internal.DefaultUserCodeApplicationContext::access$000 (5 bytes)
Event: 15.958 Thread 0x0000028fbdc60000 nmethod 6246 0x0000028fae2f6890 code [0x0000028fae2f6a40, 0x0000028fae2f6ad8]
Event: 15.971 Thread 0x0000028fbdc60000 6250       3       org.objectweb.asm.Type::appendDescriptor (185 bytes)
Event: 15.972 Thread 0x0000028fbdc60000 nmethod 6250 0x0000028fa7794890 code [0x0000028fa7794b60, 0x0000028fa7795758]

GC Heap History (20 events):
Event: 9.211 GC heap before
{Heap before GC invocations=7 (full 0):
 garbage-first heap   total 96256K, used 52846K [0x0000000080000000, 0x0000000100000000)
  region size 1024K, 37 young (37888K), 4 survivors (4096K)
 Metaspace       used 35021K, capacity 35794K, committed 35920K, reserved 1081344K
  class space    used 4486K, capacity 4799K, committed 4864K, reserved 1048576K
}
Event: 9.219 GC heap after
{Heap after GC invocations=8 (full 0):
 garbage-first heap   total 96256K, used 22988K [0x0000000080000000, 0x0000000100000000)
  region size 1024K, 6 young (6144K), 6 survivors (6144K)
 Metaspace       used 35021K, capacity 35794K, committed 35920K, reserved 1081344K
  class space    used 4486K, capacity 4799K, committed 4864K, reserved 1048576K
}
Event: 9.977 GC heap before
{Heap before GC invocations=9 (full 0):
 garbage-first heap   total 96256K, used 65996K [0x0000000080000000, 0x0000000100000000)
  region size 1024K, 46 young (47104K), 6 survivors (6144K)
 Metaspace       used 38779K, capacity 39654K, committed 39888K, reserved 1083392K
  class space    used 4877K, capacity 5207K, committed 5248K, reserved 1048576K
}
Event: 9.985 GC heap after
{Heap after GC invocations=10 (full 0):
 garbage-first heap   total 96256K, used 26568K [0x0000000080000000, 0x0000000100000000)
  region size 1024K, 6 young (6144K), 6 survivors (6144K)
 Metaspace       used 38779K, capacity 39654K, committed 39888K, reserved 1083392K
  class space    used 4877K, capacity 5207K, committed 5248K, reserved 1048576K
}
Event: 10.836 GC heap before
{Heap before GC invocations=10 (full 0):
 garbage-first heap   total 96256K, used 67528K [0x0000000080000000, 0x0000000100000000)
  region size 1024K, 46 young (47104K), 6 survivors (6144K)
 Metaspace       used 42699K, capacity 43681K, committed 43984K, reserved 1087488K
  class space    used 5335K, capacity 5687K, committed 5760K, reserved 1048576K
}
Event: 10.863 GC heap after
{Heap after GC invocations=11 (full 0):
 garbage-first heap   total 96256K, used 28536K [0x0000000080000000, 0x0000000100000000)
  region size 1024K, 5 young (5120K), 5 survivors (5120K)
 Metaspace       used 42699K, capacity 43681K, committed 43984K, reserved 1087488K
  class space    used 5335K, capacity 5687K, committed 5760K, reserved 1048576K
}
Event: 11.474 GC heap before
{Heap before GC invocations=11 (full 0):
 garbage-first heap   total 96256K, used 69496K [0x0000000080000000, 0x0000000100000000)
  region size 1024K, 45 young (46080K), 5 survivors (5120K)
 Metaspace       used 45260K, capacity 46414K, committed 46544K, reserved 1089536K
  class space    used 5735K, capacity 6176K, committed 6272K, reserved 1048576K
}
Event: 11.481 GC heap after
{Heap after GC invocations=12 (full 0):
 garbage-first heap   total 96256K, used 30633K [0x0000000080000000, 0x0000000100000000)
  region size 1024K, 4 young (4096K), 4 survivors (4096K)
 Metaspace       used 45260K, capacity 46414K, committed 46544K, reserved 1089536K
  class space    used 5735K, capacity 6176K, committed 6272K, reserved 1048576K
}
Event: 12.448 GC heap before
{Heap before GC invocations=12 (full 0):
 garbage-first heap   total 96256K, used 71593K [0x0000000080000000, 0x0000000100000000)
  region size 1024K, 44 young (45056K), 4 survivors (4096K)
 Metaspace       used 47322K, capacity 48686K, committed 48848K, reserved 1091584K
  class space    used 5989K, capacity 6504K, committed 6528K, reserved 1048576K
}
Event: 12.452 GC heap after
{Heap after GC invocations=13 (full 0):
 garbage-first heap   total 96256K, used 32522K [0x0000000080000000, 0x0000000100000000)
  region size 1024K, 4 young (4096K), 4 survivors (4096K)
 Metaspace       used 47322K, capacity 48686K, committed 48848K, reserved 1091584K
  class space    used 5989K, capacity 6504K, committed 6528K, reserved 1048576K
}
Event: 13.700 GC heap before
{Heap before GC invocations=13 (full 0):
 garbage-first heap   total 96256K, used 77578K [0x0000000080000000, 0x0000000100000000)
  region size 1024K, 44 young (45056K), 4 survivors (4096K)
 Metaspace       used 48537K, capacity 50001K, committed 50256K, reserved 1093632K
  class space    used 6126K, capacity 6644K, committed 6656K, reserved 1048576K
}
Event: 13.707 GC heap after
{Heap after GC invocations=14 (full 0):
 garbage-first heap   total 96256K, used 45258K [0x0000000080000000, 0x0000000100000000)
  region size 1024K, 6 young (6144K), 6 survivors (6144K)
 Metaspace       used 48537K, capacity 50001K, committed 50256K, reserved 1093632K
  class space    used 6126K, capacity 6644K, committed 6656K, reserved 1048576K
}
Event: 14.306 GC heap before
{Heap before GC invocations=14 (full 0):
 garbage-first heap   total 96256K, used 72906K [0x0000000080000000, 0x0000000100000000)
  region size 1024K, 34 young (34816K), 6 survivors (6144K)
 Metaspace       used 52317K, capacity 53816K, committed 53840K, reserved 1095680K
  class space    used 6583K, capacity 7152K, committed 7168K, reserved 1048576K
}
Event: 14.310 GC heap after
{Heap after GC invocations=15 (full 0):
 garbage-first heap   total 96256K, used 46588K [0x0000000080000000, 0x0000000100000000)
  region size 1024K, 2 young (2048K), 2 survivors (2048K)
 Metaspace       used 52317K, capacity 53816K, committed 53840K, reserved 1095680K
  class space    used 6583K, capacity 7152K, committed 7168K, reserved 1048576K
}
Event: 14.970 GC heap before
{Heap before GC invocations=15 (full 0):
 garbage-first heap   total 96256K, used 74236K [0x0000000080000000, 0x0000000100000000)
  region size 1024K, 29 young (29696K), 2 survivors (2048K)
 Metaspace       used 56633K, capacity 58180K, committed 58448K, reserved 1099776K
  class space    used 7070K, capacity 7626K, committed 7680K, reserved 1048576K
}
Event: 14.975 GC heap after
{Heap after GC invocations=16 (full 0):
 garbage-first heap   total 96256K, used 47259K [0x0000000080000000, 0x0000000100000000)
  region size 1024K, 2 young (2048K), 2 survivors (2048K)
 Metaspace       used 56633K, capacity 58180K, committed 58448K, reserved 1099776K
  class space    used 7070K, capacity 7626K, committed 7680K, reserved 1048576K
}
Event: 15.579 GC heap before
{Heap before GC invocations=17 (full 0):
 garbage-first heap   total 96256K, used 75931K [0x0000000080000000, 0x0000000100000000)
  region size 1024K, 30 young (30720K), 2 survivors (2048K)
 Metaspace       used 61150K, capacity 62724K, committed 62928K, reserved 1103872K
  class space    used 7615K, capacity 8219K, committed 8320K, reserved 1048576K
}
Event: 15.583 GC heap after
{Heap after GC invocations=18 (full 0):
 garbage-first heap   total 96256K, used 49852K [0x0000000080000000, 0x0000000100000000)
  region size 1024K, 4 young (4096K), 4 survivors (4096K)
 Metaspace       used 61150K, capacity 62724K, committed 62928K, reserved 1103872K
  class space    used 7615K, capacity 8219K, committed 8320K, reserved 1048576K
}
Event: 15.981 GC heap before
{Heap before GC invocations=18 (full 0):
 garbage-first heap   total 96256K, used 69308K [0x0000000080000000, 0x0000000100000000)
  region size 1024K, 25 young (25600K), 4 survivors (4096K)
 Metaspace       used 62695K, capacity 64257K, committed 64336K, reserved 1112064K
  class space    used 7799K, capacity 8384K, committed 8448K, reserved 1048576K
}
Event: 15.987 GC heap after
{Heap after GC invocations=19 (full 0):
 garbage-first heap   total 96256K, used 51519K [0x0000000080000000, 0x0000000100000000)
  region size 1024K, 3 young (3072K), 3 survivors (3072K)
 Metaspace       used 62695K, capacity 64257K, committed 64336K, reserved 1112064K
  class space    used 7799K, capacity 8384K, committed 8448K, reserved 1048576K
}

Deoptimization events (20 events):
Event: 15.576 Thread 0x0000028fbf795800 Uncommon trap: trap_request=0xffffff4d fr.pc=0x0000028fae1ccb80 relative=0x0000000000000060
Event: 15.576 Thread 0x0000028fbf795800 Uncommon trap: reason=unstable_if action=reinterpret pc=0x0000028fae1ccb80 method=java.lang.ClassLoader.compareCerts([Ljava/security/cert/Certificate;[Ljava/security/cert/Certificate;)Z @ 1 c2
Event: 15.576 Thread 0x0000028fbf795800 DEOPT PACKING pc=0x0000028fae1ccb80 sp=0x000000b4fc0f0e60
Event: 15.576 Thread 0x0000028fbf795800 DEOPT UNPACKING pc=0x0000028fa656a1af sp=0x000000b4fc0f0da0 mode 2
Event: 15.622 Thread 0x0000028fbf795800 Uncommon trap: trap_request=0xffffff4d fr.pc=0x0000028fae20a1a8 relative=0x0000000000000268
Event: 15.622 Thread 0x0000028fbf795800 Uncommon trap: reason=unstable_if action=reinterpret pc=0x0000028fae20a1a8 method=java.util.LinkedHashMap.get(Ljava/lang/Object;)Ljava/lang/Object; @ 20 c2
Event: 15.622 Thread 0x0000028fbf795800 DEOPT PACKING pc=0x0000028fae20a1a8 sp=0x000000b4fc0f34b0
Event: 15.622 Thread 0x0000028fbf795800 DEOPT UNPACKING pc=0x0000028fa656a1af sp=0x000000b4fc0f3468 mode 2
Event: 15.627 Thread 0x0000028fbf795800 Uncommon trap: trap_request=0xffffff4d fr.pc=0x0000028fae0c7b3c relative=0x00000000000005dc
Event: 15.627 Thread 0x0000028fbf795800 Uncommon trap: reason=unstable_if action=reinterpret pc=0x0000028fae0c7b3c method=java.lang.StringLatin1.regionMatchesCI([BI[BII)Z @ 66 c2
Event: 15.627 Thread 0x0000028fbf795800 DEOPT PACKING pc=0x0000028fae0c7b3c sp=0x000000b4fc0f32d0
Event: 15.627 Thread 0x0000028fbf795800 DEOPT UNPACKING pc=0x0000028fa656a1af sp=0x000000b4fc0f31a0 mode 2
Event: 15.633 Thread 0x0000028fbf795800 DEOPT PACKING pc=0x0000028fa774c7e3 sp=0x000000b4fc0f3010
Event: 15.633 Thread 0x0000028fbf795800 DEOPT UNPACKING pc=0x0000028fa656a95e sp=0x000000b4fc0f24d0 mode 0
Event: 15.633 Thread 0x0000028fbf795800 DEOPT PACKING pc=0x0000028fa774c050 sp=0x000000b4fc0f2fc0
Event: 15.633 Thread 0x0000028fbf795800 DEOPT UNPACKING pc=0x0000028fa656a95e sp=0x000000b4fc0f2438 mode 0
Event: 15.648 Thread 0x0000028fbf795800 Uncommon trap: trap_request=0xffffff4d fr.pc=0x0000028fae2b5d3c relative=0x000000000000009c
Event: 15.648 Thread 0x0000028fbf795800 Uncommon trap: reason=unstable_if action=reinterpret pc=0x0000028fae2b5d3c method=java.security.CodeSource.matchCerts(Ljava/security/CodeSource;Z)Z @ 11 c2
Event: 15.648 Thread 0x0000028fbf795800 DEOPT PACKING pc=0x0000028fae2b5d3c sp=0x000000b4fc0f0720
Event: 15.648 Thread 0x0000028fbf795800 DEOPT UNPACKING pc=0x0000028fa656a1af sp=0x000000b4fc0f06b8 mode 2

Classes redefined (0 events):
No events

Internal exceptions (20 events):
Event: 13.663 Thread 0x0000028fbf721800 Exception <a 'java/lang/NoSuchMethodError'{0x00000000837296f8}: <clinit>> (0x00000000837296f8) thrown at [./src/hotspot/share/prims/jni.cpp, line 1366]
Event: 13.663 Thread 0x0000028fbf721800 Exception <a 'java/lang/NoSuchMethodError'{0x000000008372a968}: <clinit>> (0x000000008372a968) thrown at [./src/hotspot/share/prims/jni.cpp, line 1366]
Event: 13.665 Thread 0x0000028fbf721800 Exception <a 'java/lang/NoSuchMethodError'{0x000000008373e1b8}: <clinit>> (0x000000008373e1b8) thrown at [./src/hotspot/share/prims/jni.cpp, line 1366]
Event: 13.666 Thread 0x0000028fbf721800 Exception <a 'java/lang/NoSuchMethodError'{0x0000000083749318}: <clinit>> (0x0000000083749318) thrown at [./src/hotspot/share/prims/jni.cpp, line 1366]
Event: 13.669 Thread 0x0000028fbf721800 Exception <a 'java/lang/NoSuchMethodError'{0x000000008375e4c8}: <clinit>> (0x000000008375e4c8) thrown at [./src/hotspot/share/prims/jni.cpp, line 1366]
Event: 13.686 Thread 0x0000028fbf795800 Exception <a 'java/lang/ClassNotFoundException'{0x00000000836016a8}: build_2dful60i1ir9ud622o47h7hl3BeanInfo> (0x00000000836016a8) thrown at [./src/hotspot/share/classfile/systemDictionary.cpp, line 231]
Event: 13.687 Thread 0x0000028fbf795800 Exception <a 'java/lang/ClassNotFoundException'{0x000000008360c660}: build_2dful60i1ir9ud622o47h7hl3Customizer> (0x000000008360c660) thrown at [./src/hotspot/share/classfile/systemDictionary.cpp, line 231]
Event: 13.692 Thread 0x0000028fbf795800 Exception <a 'java/lang/ClassNotFoundException'{0x0000000083670330}: org/gradle/api/internal/plugins/DefaultObjectConfigurationActionBeanInfo> (0x0000000083670330) thrown at [./src/hotspot/share/classfile/systemDictionary.cpp, line 231]
Event: 13.693 Thread 0x0000028fbf795800 Exception <a 'java/lang/ClassNotFoundException'{0x00000000836a3788}: org/gradle/api/internal/plugins/DefaultObjectConfigurationActionCustomizer> (0x00000000836a3788) thrown at [./src/hotspot/share/classfile/systemDictionary.cpp, line 231]
Event: 13.959 Thread 0x0000028fbf795800 Exception <a 'java/lang/NoSuchMethodError'{0x0000000085251830}: 'java.lang.Object java.lang.invoke.DirectMethodHandle$Holder.invokeStatic(java.lang.Object, java.lang.Object, java.lang.Object, java.lang.Object, int)'> (0x0000000085251830) thrown at [./src/hotspot/share/interpreter/linkResolver.cpp, line 773]
Event: 13.959 Thread 0x0000028fbf795800 Exception <a 'java/lang/NoSuchMethodError'{0x0000000085256228}: 'java.lang.Object java.lang.invoke.DirectMethodHandle$Holder.invokeSpecial(java.lang.Object, java.lang.Object, java.lang.Object, java.lang.Object, java.lang.Object, int)'> (0x0000000085256228) thrown at [./src/hotspot/share/interpreter/linkResolver.cpp, line 773]
Event: 13.959 Thread 0x0000028fbf795800 Exception <a 'java/lang/NoSuchMethodError'{0x000000008525a868}: 'java.lang.Object java.lang.invoke.Invokers$Holder.linkToTargetMethod(java.lang.Object, java.lang.Object, java.lang.Object, int, java.lang.Object)'> (0x000000008525a868) thrown at [./src/hotspot/share/interpreter/linkResolver.cpp, line 773]
Event: 14.283 Thread 0x0000028fbf795800 Exception <a 'java/lang/NoSuchMethodError'{0x00000000843a5688}: 'java.lang.Object java.lang.invoke.DirectMethodHandle$Holder.invokeSpecial(java.lang.Object, java.lang.Object, int, int, java.lang.Object, java.lang.Object, java.lang.Object)'> (0x00000000843a5688) thrown at [./src/hotspot/share/interpreter/linkResolver.cpp, line 773]
Event: 14.283 Thread 0x0000028fbf795800 Exception <a 'java/lang/NoSuchMethodError'{0x00000000843a9c08}: 'java.lang.Object java.lang.invoke.DelegatingMethodHandle$Holder.reinvoke_L(java.lang.Object, int, int, java.lang.Object, java.lang.Object, java.lang.Object)'> (0x00000000843a9c08) thrown at [./src/hotspot/share/interpreter/linkResolver.cpp, line 773]
Event: 14.619 Thread 0x0000028fbf795800 Exception <a 'java/lang/NoSuchMethodError'{0x00000000852131d8}: 'int java.lang.invoke.DirectMethodHandle$Holder.invokeInterface(java.lang.Object, java.lang.Object, java.lang.Object, java.lang.Object)'> (0x00000000852131d8) thrown at [./src/hotspot/share/interpreter/linkResolver.cpp, line 773]
Event: 15.131 Thread 0x0000028fbf795800 Exception <a 'java/lang/NoSuchMethodError'{0x00000000857e9978}: 'void java.lang.invoke.DirectMethodHandle$Holder.invokeInterface(java.lang.Object, java.lang.Object, java.lang.Object, java.lang.Object)'> (0x00000000857e9978) thrown at [./src/hotspot/share/interpreter/linkResolver.cpp, line 773]
Event: 15.298 Thread 0x0000028fbf795800 Exception <a 'java/lang/IncompatibleClassChangeError'{0x0000000084e72ce0}: Found class java.lang.Object, but interface was expected> (0x0000000084e72ce0) thrown at [./src/hotspot/share/interpreter/linkResolver.cpp, line 839]
Event: 15.469 Thread 0x0000028fbf795800 Implicit null exception at 0x0000028fae24d0f1 to 0x0000028fae24dd48
Event: 15.528 Thread 0x0000028fbf795800 Implicit null exception at 0x0000028fae14fd2c to 0x0000028fae14feda
Event: 15.699 Thread 0x0000028fbf795800 Exception <a 'sun/nio/fs/WindowsException'{0x000000008532b628}> (0x000000008532b628) thrown at [./src/hotspot/share/prims/jni.cpp, line 616]

Events (20 events):
Event: 15.973 loading class com/android/builder/model/LintOptions done
Event: 15.974 loading class com/android/build/api/dsl/LintOptions
Event: 15.974 loading class com/android/build/api/dsl/LintOptions done
Event: 15.976 loading class com/android/build/gradle/internal/dsl/ExternalNativeBuild
Event: 15.976 loading class com/android/build/gradle/internal/dsl/ExternalNativeBuild done
Event: 15.977 loading class com/android/build/gradle/internal/model/CoreExternalNativeBuild
Event: 15.977 loading class com/android/build/gradle/internal/model/CoreExternalNativeBuild done
Event: 15.978 loading class com/android/build/api/dsl/ExternalNativeBuild
Event: 15.978 loading class com/android/build/api/dsl/ExternalNativeBuild done
Event: 15.978 loading class com/android/build/gradle/internal/dsl/DataBindingOptions
Event: 15.978 loading class com/android/build/gradle/internal/dsl/DataBindingOptions done
Event: 15.979 loading class com/android/builder/model/DataBindingOptions
Event: 15.979 loading class com/android/builder/model/DataBindingOptions done
Event: 15.979 loading class com/android/build/api/dsl/DataBinding
Event: 15.979 loading class com/android/build/api/dsl/DataBinding done
Event: 15.979 loading class com/android/build/api/dsl/AdbOptions
Event: 15.979 loading class com/android/build/api/dsl/AdbOptions done
Event: 15.979 loading class com/android/build/gradle/internal/dsl/AdbOptions
Event: 15.979 loading class com/android/build/gradle/internal/dsl/AdbOptions done
Event: 15.980 Executing VM operation: CollectForMetadataAllocation


Dynamic libraries:
0x00007ff68ab80000 - 0x00007ff68ab8a000 	C:\Program Files\Android\Android Studio\jre\bin\java.exe
0x00007ffbcb0c0000 - 0x00007ffbcb2c9000 	C:\Windows\SYSTEM32\ntdll.dll
0x00007ffbc9640000 - 0x00007ffbc96fe000 	C:\Windows\System32\KERNEL32.DLL
0x00007ffbc8800000 - 0x00007ffbc8b83000 	C:\Windows\System32\KERNELBASE.dll
0x00007ffbc8570000 - 0x00007ffbc8681000 	C:\Windows\System32\ucrtbase.dll
0x00007ffbc47b0000 - 0x00007ffbc47c9000 	C:\Program Files\Android\Android Studio\jre\bin\jli.dll
0x00007ffbbf8d0000 - 0x00007ffbbf8e7000 	C:\Program Files\Android\Android Studio\jre\bin\VCRUNTIME140.dll
0x00007ffbcab60000 - 0x00007ffbcad0d000 	C:\Windows\System32\USER32.dll
0x00007ffbc8b90000 - 0x00007ffbc8bb6000 	C:\Windows\System32\win32u.dll
0x00007ffbcad10000 - 0x00007ffbcad39000 	C:\Windows\System32\GDI32.dll
0x00007ffbc8bc0000 - 0x00007ffbc8cda000 	C:\Windows\System32\gdi32full.dll
0x00007ffbc8ce0000 - 0x00007ffbc8d7d000 	C:\Windows\System32\msvcp_win.dll
0x00007ffbaba20000 - 0x00007ffbabcc5000 	C:\Windows\WinSxS\amd64_microsoft.windows.common-controls_6595b64144ccf1df_6.0.22000.120_none_9d947278b86cc467\COMCTL32.dll
0x00007ffbc9b70000 - 0x00007ffbc9c13000 	C:\Windows\System32\msvcrt.dll
0x00007ffbc8fe0000 - 0x00007ffbc9011000 	C:\Windows\System32\IMM32.DLL
0x00007ffbba820000 - 0x00007ffbba8bd000 	C:\Program Files\Android\Android Studio\jre\bin\msvcp140.dll
0x00007ffb70050000 - 0x00007ffb70b52000 	C:\Program Files\Android\Android Studio\jre\bin\server\jvm.dll
0x00007ffbcad40000 - 0x00007ffbcadee000 	C:\Windows\System32\ADVAPI32.dll
0x00007ffbc9e40000 - 0x00007ffbc9ede000 	C:\Windows\System32\sechost.dll
0x00007ffbca8e0000 - 0x00007ffbcaa01000 	C:\Windows\System32\RPCRT4.dll
0x00007ffbc90d0000 - 0x00007ffbc90d8000 	C:\Windows\System32\PSAPI.DLL
0x00007ffbc2850000 - 0x00007ffbc2883000 	C:\Windows\SYSTEM32\WINMM.dll
0x00007ffba1790000 - 0x00007ffba1799000 	C:\Windows\SYSTEM32\WSOCK32.dll
0x00007ffbbf870000 - 0x00007ffbbf87a000 	C:\Windows\SYSTEM32\VERSION.dll
0x00007ffbc90e0000 - 0x00007ffbc914f000 	C:\Windows\System32\WS2_32.dll
0x00007ffbc75f0000 - 0x00007ffbc7608000 	C:\Windows\SYSTEM32\kernel.appcore.dll
0x00007ffb7f4d0000 - 0x00007ffb7f4e1000 	C:\Program Files\Android\Android Studio\jre\bin\verify.dll
0x00007ffbc6110000 - 0x00007ffbc6331000 	C:\Windows\SYSTEM32\DBGHELP.DLL
0x00007ffbb88a0000 - 0x00007ffbb88d1000 	C:\Windows\SYSTEM32\dbgcore.DLL
0x00007ffbc8eb0000 - 0x00007ffbc8f2f000 	C:\Windows\System32\bcryptPrimitives.dll
0x00007ffb7cc70000 - 0x00007ffb7cc99000 	C:\Program Files\Android\Android Studio\jre\bin\java.dll
0x00007ffb9d260000 - 0x00007ffb9d26b000 	C:\Program Files\Android\Android Studio\jre\bin\jimage.dll
0x00007ffb7bf90000 - 0x00007ffb7bfa8000 	C:\Program Files\Android\Android Studio\jre\bin\zip.dll
0x00007ffbca000000 - 0x00007ffbca7c5000 	C:\Windows\System32\SHELL32.dll
0x00007ffbc6650000 - 0x00007ffbc6eb4000 	C:\Windows\SYSTEM32\windows.storage.dll
0x00007ffbc92c0000 - 0x00007ffbc9636000 	C:\Windows\System32\combase.dll
0x00007ffbc64e0000 - 0x00007ffbc6647000 	C:\Windows\SYSTEM32\wintypes.dll
0x00007ffbca7d0000 - 0x00007ffbca8ba000 	C:\Windows\System32\SHCORE.dll
0x00007ffbc9c20000 - 0x00007ffbc9c7d000 	C:\Windows\System32\shlwapi.dll
0x00007ffbc84a0000 - 0x00007ffbc84c1000 	C:\Windows\SYSTEM32\profapi.dll
0x00007ffb7b570000 - 0x00007ffb7b58a000 	C:\Program Files\Android\Android Studio\jre\bin\net.dll
0x00007ffbc2f20000 - 0x00007ffbc3032000 	C:\Windows\SYSTEM32\WINHTTP.dll
0x00007ffbc7a90000 - 0x00007ffbc7af7000 	C:\Windows\system32\mswsock.dll
0x00007ffb76d30000 - 0x00007ffb76d44000 	C:\Program Files\Android\Android Studio\jre\bin\nio.dll
0x00007ffbaf700000 - 0x00007ffbaf727000 	C:\Users\nraje\.gradle\native\e1d6ef7f7dcc3fd88c89a11ec53ec762bb8ba0a96d01ffa2cd45eb1d1d8dd5c5\windows-amd64\native-platform.dll
0x00007ffb8c9e0000 - 0x00007ffb8cb24000 	C:\Users\nraje\.gradle\native\5664cfc778a61ccfe75a443a1ab52a65af34e5dc3c78e0209fed803814484fcb\windows-amd64\native-platform-file-events.dll
0x00007ffb9d130000 - 0x00007ffb9d13a000 	C:\Program Files\Android\Android Studio\jre\bin\management.dll
0x00007ffb994d0000 - 0x00007ffb994dd000 	C:\Program Files\Android\Android Studio\jre\bin\management_ext.dll
0x00007ffbc7cf0000 - 0x00007ffbc7d08000 	C:\Windows\SYSTEM32\CRYPTSP.dll
0x00007ffbc7550000 - 0x00007ffbc7585000 	C:\Windows\system32\rsaenh.dll
0x00007ffbc7b90000 - 0x00007ffbc7bb9000 	C:\Windows\SYSTEM32\USERENV.dll
0x00007ffbc7ed0000 - 0x00007ffbc7ef7000 	C:\Windows\SYSTEM32\bcrypt.dll
0x00007ffbc7ce0000 - 0x00007ffbc7cec000 	C:\Windows\SYSTEM32\CRYPTBASE.dll
0x00007ffbc7110000 - 0x00007ffbc713d000 	C:\Windows\SYSTEM32\IPHLPAPI.DLL
0x00007ffbca8d0000 - 0x00007ffbca8d9000 	C:\Windows\System32\NSI.dll
0x00007ffbc2f00000 - 0x00007ffbc2f19000 	C:\Windows\SYSTEM32\dhcpcsvc6.DLL
0x00007ffbc3560000 - 0x00007ffbc357e000 	C:\Windows\SYSTEM32\dhcpcsvc.DLL
0x00007ffbc7140000 - 0x00007ffbc7228000 	C:\Windows\SYSTEM32\DNSAPI.dll

dbghelp: loaded successfully - version: 4.0.5 - missing functions: none
symbol engine: initialized successfully - sym options: 0x614 - pdb path: .;C:\Program Files\Android\Android Studio\jre\bin;C:\Windows\SYSTEM32;C:\Windows\WinSxS\amd64_microsoft.windows.common-controls_6595b64144ccf1df_6.0.22000.120_none_9d947278b86cc467;C:\Program Files\Android\Android Studio\jre\bin\server;C:\Users\nraje\.gradle\native\e1d6ef7f7dcc3fd88c89a11ec53ec762bb8ba0a96d01ffa2cd45eb1d1d8dd5c5\windows-amd64;C:\Users\nraje\.gradle\native\5664cfc778a61ccfe75a443a1ab52a65af34e5dc3c78e0209fed803814484fcb\windows-amd64

VM Arguments:
jvm_args: --add-opens=java.base/java.util=ALL-UNNAMED --add-opens=java.base/java.lang=ALL-UNNAMED --add-opens=java.base/java.lang.invoke=ALL-UNNAMED --add-opens=java.base/java.util=ALL-UNNAMED --add-opens=java.prefs/java.util.prefs=ALL-UNNAMED --add-opens=java.prefs/java.util.prefs=ALL-UNNAMED --add-opens=java.base/java.nio.charset=ALL-UNNAMED --add-opens=java.base/java.net=ALL-UNNAMED --add-opens=java.base/java.util.concurrent.atomic=ALL-UNNAMED -Xmx2048m -Dfile.encoding=windows-1252 -Duser.country=IN -Duser.language=en -Duser.variant 
java_command: org.gradle.launcher.daemon.bootstrap.GradleDaemon 7.2
java_class_path (initial): C:\Users\nraje\.gradle\wrapper\dists\gradle-7.2-all\260hg96vuh6ex27h9vo47iv4d\gradle-7.2\lib\gradle-launcher-7.2.jar
Launcher Type: SUN_STANDARD

[Global flags]
     intx CICompilerCount                          = 4                                         {product} {ergonomic}
     uint ConcGCThreads                            = 3                                         {product} {ergonomic}
     uint G1ConcRefinementThreads                  = 10                                        {product} {ergonomic}
   size_t G1HeapRegionSize                         = 1048576                                   {product} {ergonomic}
    uintx GCDrainStackTargetSize                   = 64                                        {product} {ergonomic}
   size_t InitialHeapSize                          = 98566144                                  {product} {ergonomic}
   size_t MarkStackSize                            = 4194304                                   {product} {ergonomic}
   size_t MaxHeapSize                              = 2147483648                                {product} {command line}
   size_t MaxNewSize                               = 1287651328                                {product} {ergonomic}
   size_t MinHeapDeltaBytes                        = 1048576                                   {product} {ergonomic}
    uintx NonNMethodCodeHeapSize                   = 5836300                                {pd product} {ergonomic}
    uintx NonProfiledCodeHeapSize                  = 122910970                              {pd product} {ergonomic}
    uintx ProfiledCodeHeapSize                     = 122910970                              {pd product} {ergonomic}
    uintx ReservedCodeCacheSize                    = 251658240                              {pd product} {ergonomic}
     bool SegmentedCodeCache                       = true                                      {product} {ergonomic}
     bool UseCompressedClassPointers               = true                                 {lp64_product} {ergonomic}
     bool UseCompressedOops                        = true                                 {lp64_product} {ergonomic}
     bool UseG1GC                                  = true                                      {product} {ergonomic}
     bool UseLargePagesIndividualAllocation        = false                                  {pd product} {ergonomic}

Logging:
Log output configuration:
 #0: stdout all=warning uptime,level,tags
 #1: stderr all=off uptime,level,tags

Environment Variables:
PATH=C:\Program Files\Common Files\Oracle\Java\javapath;C:\Program Files (x86)\Common Files\Oracle\Java\javapath;C:\Windows\system32;C:\Windows;C:\Windows\System32\Wbem;C:\Windows\System32\WindowsPowerShell\v1.0\;C:\Windows\System32\OpenSSH\;C:\Program Files\Git\cmd;C:\Users\nraje\AppData\Local\Microsoft\WindowsApps\python.exe;C:\Users\nraje\AppData\Local\Microsoft\WindowsApps\python.exe;C:\Users\nraje\AppData\Local\Microsoft\WindowsApps\;C:\Users\nraje\AppData\Local\Microsoft\WindowsApps\;C:\Users\nraje\AppData\Local\Microsoft\WindowsApps;;C:\Users\nraje\AppData\Local\Programs\Microsoft VS Code\bin
USERNAME=nraje
OS=Windows_NT
PROCESSOR_IDENTIFIER=AMD64 Family 23 Model 104 Stepping 1, AuthenticAMD



---------------  S Y S T E M  ---------------

OS: Windows 11 , 64 bit Build 22000 (10.0.22000.1761)
OS uptime: 11 days 4:32 hours

CPU:total 12 (initial active 12) (12 cores per cpu, 2 threads per core) family 23 model 104 stepping 1 microcode 0x0, cmov, cx8, fxsr, mmx, sse, sse2, sse3, ssse3, sse4.1, sse4.2, popcnt, avx, avx2, aes, clmul, mmxext, 3dnowpref, lzcnt, sse4a, ht, tsc, tscinvbit, tscinv, bmi1, bmi2, adx, sha, fma

Memory: 4k page, system-wide physical 6005M (59M free)
TotalPageFile size 24437M (AvailPageFile size 0M)
current process WorkingSet (physical memory assigned to process): 278M, peak: 281M
current process commit charge ("private bytes"): 327M, peak: 329M

vm_info: OpenJDK 64-Bit Server VM (11.0.13+0-b1751.21-8125866) for windows-amd64 JRE (11.0.13+0-b1751.21-8125866), built on Feb  2 2022 03:00:22 by "builder" with MS VC++ 14.0 (VS2015)

END.
