#
# There is insufficient memory for the Java Runtime Environment to continue.
# Native memory allocation (malloc) failed to allocate 2005456 bytes for Chunk::new
# Possible reasons:
#   The system is out of physical RAM or swap space
#   The process is running with CompressedOops enabled, and the Java Heap may be blocking the growth of the native heap
# Possible solutions:
#   Reduce memory load on the system
#   Increase physical memory or swap space
#   Check if swap backing store is full
#   Decrease Java heap size (-Xmx/-Xms)
#   Decrease number of Java threads
#   Decrease Java thread stack sizes (-Xss)
#   Set larger code cache with -XX:ReservedCodeCacheSize=
#   JVM is running with Unscaled Compressed Oops mode in which the Java heap is
#     placed in the first 4GB address space. The Java Heap base address is the
#     maximum limit for the native heap growth. Please use -XX:HeapBaseMinAddress
#     to set the Java Heap base and to place the Java Heap above 4GB virtual address.
# This output file may be truncated or incomplete.
#
#  Out of Memory Error (./src/hotspot/share/memory/arena.cpp:197), pid=130164, tid=117244
#
# JRE version: OpenJDK Runtime Environment (11.0.13) (build 11.0.13+0-b1751.21-8125866)
# Java VM: OpenJDK 64-Bit Server VM (11.0.13+0-b1751.21-8125866, mixed mode, tiered, compressed oops, g1 gc, windows-amd64)
# No core dump will be written. Minidumps are not enabled by default on client versions of Windows
#

---------------  S U M M A R Y ------------

Command Line: --add-opens=java.base/java.util=ALL-UNNAMED --add-opens=java.base/java.lang=ALL-UNNAMED --add-opens=java.base/java.lang.invoke=ALL-UNNAMED --add-opens=java.base/java.util=ALL-UNNAMED --add-opens=java.prefs/java.util.prefs=ALL-UNNAMED --add-opens=java.prefs/java.util.prefs=ALL-UNNAMED --add-opens=java.base/java.nio.charset=ALL-UNNAMED --add-opens=java.base/java.net=ALL-UNNAMED --add-opens=java.base/java.util.concurrent.atomic=ALL-UNNAMED -Xmx2048m -Dfile.encoding=windows-1252 -Duser.country=IN -Duser.language=en -Duser.variant org.gradle.launcher.daemon.bootstrap.GradleDaemon 7.2

Host: AMD Ryzen 5 5500U with Radeon Graphics         , 12 cores, 5G,  Windows 11 , 64 bit Build 22000 (10.0.22000.1761)
Time: Fri May 12 00:16:34 2023 India Standard Time elapsed time: 13.375716 seconds (0d 0h 0m 13s)

---------------  T H R E A D  ---------------

Current thread (0x000001f4c5f58000):  JavaThread "C2 CompilerThread0" daemon [_thread_in_native, id=117244, stack(0x000000ced7200000,0x000000ced7300000)]


Current CompileTask:
C2:  13375 6852   !   4       com.google.common.reflect.TypeVisitor::visit (244 bytes)

Stack: [0x000000ced7200000,0x000000ced7300000]
Native frames: (J=compiled Java code, j=interpreted, Vv=VM code, C=native code)
V  [jvm.dll+0x6100fa]
V  [jvm.dll+0x747090]
V  [jvm.dll+0x7486ad]
V  [jvm.dll+0x748d83]
V  [jvm.dll+0x24ab48]
V  [jvm.dll+0xc04dc]
V  [jvm.dll+0xc0a0c]
V  [jvm.dll+0x35eb5b]
V  [jvm.dll+0x32b833]
V  [jvm.dll+0x32ad2a]
V  [jvm.dll+0x2032b2]
V  [jvm.dll+0x202437]
V  [jvm.dll+0x188e01]
V  [jvm.dll+0x21106b]
V  [jvm.dll+0x20f8c1]
V  [jvm.dll+0x70de0f]
V  [jvm.dll+0x706a75]
V  [jvm.dll+0x60ed66]
C  [ucrtbase.dll+0x26c0c]
C  [KERNEL32.DLL+0x15590]
C  [ntdll.dll+0x485b]


---------------  P R O C E S S  ---------------

Threads class SMR info:
_java_thread_list=0x000001f4c8904870, length=166, elements={
0x000001f4aacbd000, 0x000001f4c55c5800, 0x000001f4c55cf000, 0x000001f4c5f53800,
0x000001f4c5f55000, 0x000001f4c5f56000, 0x000001f4c5f58000, 0x000001f4c5f61000,
0x000001f4c55f3800, 0x000001f4c60a8800, 0x000001f4c7f84800, 0x000001f4c85ed000,
0x000001f4c85ef800, 0x000001f4c85f1000, 0x000001f4c85f0000, 0x000001f4c85ec000,
0x000001f4c85f2000, 0x000001f4c85f2800, 0x000001f4c85ee800, 0x000001f4c85ee000,
0x000001f4c8547000, 0x000001f4c8541000, 0x000001f4c8546000, 0x000001f4c8545800,
0x000001f4c8544800, 0x000001f4c8543000, 0x000001f4c8543800, 0x000001f4c8547800,
0x000001f4c8542000, 0x000001f4c854b000, 0x000001f4c854d800, 0x000001f4c854a000,
0x000001f4c854c800, 0x000001f4c8548800, 0x000001f4c854e800, 0x000001f4c854f000,
0x000001f4c8549800, 0x000001f4c8550000, 0x000001f4ca561800, 0x000001f4ca562800,
0x000001f4ca563000, 0x000001f4ca560000, 0x000001f4ca566800, 0x000001f4ca564000,
0x000001f4ca564800, 0x000001f4ca560800, 0x000001f4ca568000, 0x000001f4ca56b800,
0x000001f4ca569800, 0x000001f4ca56a800, 0x000001f4ca565800, 0x000001f4ca569000,
0x000001f4ca567000, 0x000001f4ca56c000, 0x000001f4ca56d000, 0x000001f4ca56d800,
0x000001f4ca56e800, 0x000001f4ca6b6000, 0x000001f4ca6b9000, 0x000001f4ca6ba800,
0x000001f4ca6b6800, 0x000001f4ca6b8800, 0x000001f4ca6b7800, 0x000001f4ca6ba000,
0x000001f4ca6b5000, 0x000001f4ca6c1000, 0x000001f4ca6bb800, 0x000001f4ca6bf800,
0x000001f4ca6c2000, 0x000001f4ca6c0800, 0x000001f4ca6bc800, 0x000001f4ca6bd000,
0x000001f4ca6c3000, 0x000001f4ca6c3800, 0x000001f4ca6be000, 0x000001f4ca6bf000,
0x000001f4cc091800, 0x000001f4cc092800, 0x000001f4cc08f000, 0x000001f4cc093000,
0x000001f4cc090800, 0x000001f4cc094000, 0x000001f4cc08e800, 0x000001f4cc095000,
0x000001f4cc095800, 0x000001f4cc090000, 0x000001f4cc099000, 0x000001f4cc096800,
0x000001f4cc09a800, 0x000001f4cc099800, 0x000001f4cc09d000, 0x000001f4cc09c000,
0x000001f4cc097800, 0x000001f4cc09b800, 0x000001f4cc098000, 0x000001f4ca92b000,
0x000001f4ca92a000, 0x000001f4ca92b800, 0x000001f4ca927000, 0x000001f4ca92c800,
0x000001f4ca92d800, 0x000001f4ca927800, 0x000001f4ca92e000, 0x000001f4ca928800,
0x000001f4ca929800, 0x000001f4ca934800, 0x000001f4ca933000, 0x000001f4ca92f000,
0x000001f4ca935800, 0x000001f4ca930000, 0x000001f4ca932800, 0x000001f4ca934000,
0x000001f4ca930800, 0x000001f4ca931800, 0x000001f4cc0cd000, 0x000001f4cc0cf800,
0x000001f4cc0cc800, 0x000001f4cc0ce000, 0x000001f4cc0ca000, 0x000001f4cc0cf000,
0x000001f4cc0d0800, 0x000001f4cc0cb000, 0x000001f4cc0cb800, 0x000001f4cc0d5800,
0x000001f4cc0d6000, 0x000001f4cc0d7000, 0x000001f4cc0d1800, 0x000001f4cc0d3800,
0x000001f4cc0d4800, 0x000001f4cc0d2000, 0x000001f4cc0d8800, 0x000001f4cc0d8000,
0x000001f4cc0d3000, 0x000001f4cc124800, 0x000001f4cc123000, 0x000001f4cc121800,
0x000001f4cc120800, 0x000001f4cc124000, 0x000001f4cc11f000, 0x000001f4cc125800,
0x000001f4cc120000, 0x000001f4cc128000, 0x000001f4cc126800, 0x000001f4cc127000,
0x000001f4cc122000, 0x000001f4cc12b000, 0x000001f4cc12d800, 0x000001f4cc12c000,
0x000001f4cc12d000, 0x000001f4cc129000, 0x000001f4cc129800, 0x000001f4cc12a800,
0x000001f4cc15b800, 0x000001f4cc15a000, 0x000001f4cc157800, 0x000001f4cc156000,
0x000001f4cc15c800, 0x000001f4cc156800, 0x000001f4cc158800, 0x000001f4cc15a800,
0x000001f4cc15d000, 0x000001f4cc15e000, 0x000001f4cc159000, 0x000001f4cc15f000,
0x000001f4cc161800, 0x000001f4cc163000
}

Java Threads: ( => current thread )
  0x000001f4aacbd000 JavaThread "main" [_thread_blocked, id=103900, stack(0x000000ced6600000,0x000000ced6700000)]
  0x000001f4c55c5800 JavaThread "Reference Handler" daemon [_thread_blocked, id=124356, stack(0x000000ced6d00000,0x000000ced6e00000)]
  0x000001f4c55cf000 JavaThread "Finalizer" daemon [_thread_blocked, id=131908, stack(0x000000ced6e00000,0x000000ced6f00000)]
  0x000001f4c5f53800 JavaThread "Signal Dispatcher" daemon [_thread_blocked, id=128412, stack(0x000000ced6f00000,0x000000ced7000000)]
  0x000001f4c5f55000 JavaThread "Attach Listener" daemon [_thread_blocked, id=121984, stack(0x000000ced7000000,0x000000ced7100000)]
  0x000001f4c5f56000 JavaThread "Service Thread" daemon [_thread_blocked, id=130560, stack(0x000000ced7100000,0x000000ced7200000)]
=>0x000001f4c5f58000 JavaThread "C2 CompilerThread0" daemon [_thread_in_native, id=117244, stack(0x000000ced7200000,0x000000ced7300000)]
  0x000001f4c5f61000 JavaThread "C1 CompilerThread0" daemon [_thread_blocked, id=130168, stack(0x000000ced7300000,0x000000ced7400000)]
  0x000001f4c55f3800 JavaThread "Sweeper thread" daemon [_thread_blocked, id=126892, stack(0x000000ced7400000,0x000000ced7500000)]
  0x000001f4c60a8800 JavaThread "Common-Cleaner" daemon [_thread_blocked, id=131436, stack(0x000000ced7500000,0x000000ced7600000)]
  0x000001f4c7f84800 JavaThread "Daemon health stats" [_thread_blocked, id=130320, stack(0x000000ced7800000,0x000000ced7900000)]
  0x000001f4c85ed000 JavaThread "Incoming local TCP Connector on port 54436" [_thread_in_native, id=119568, stack(0x000000ced7b00000,0x000000ced7c00000)]
  0x000001f4c85ef800 JavaThread "Daemon periodic checks" [_thread_blocked, id=130748, stack(0x000000ced7c00000,0x000000ced7d00000)]
  0x000001f4c85f1000 JavaThread "Daemon" [_thread_blocked, id=126244, stack(0x000000ced7d00000,0x000000ced7e00000)]
  0x000001f4c85f0000 JavaThread "Handler for socket connection from /127.0.0.1:54436 to /127.0.0.1:54437" [_thread_in_native, id=83456, stack(0x000000ced7e00000,0x000000ced7f00000)]
  0x000001f4c85ec000 JavaThread "Cancel handler" [_thread_blocked, id=126264, stack(0x000000ced7f00000,0x000000ced8000000)]
  0x000001f4c85f2000 JavaThread "Daemon worker" [_thread_in_vm, id=130844, stack(0x000000ced8000000,0x000000ced8100000)]
  0x000001f4c85f2800 JavaThread "Asynchronous log dispatcher for DefaultDaemonConnection: socket connection from /127.0.0.1:54436 to /127.0.0.1:54437" [_thread_blocked, id=100096, stack(0x000000ced8100000,0x000000ced8200000)]
  0x000001f4c85ee800 JavaThread "Stdin handler" [_thread_blocked, id=131600, stack(0x000000ced8200000,0x000000ced8300000)]
  0x000001f4c85ee000 JavaThread "Daemon client event forwarder" [_thread_blocked, id=121972, stack(0x000000ced8900000,0x000000ced8a00000)]
  0x000001f4c8547000 JavaThread "Cache worker for journal cache (C:\Users\nraje\.gradle\caches\journal-1)" [_thread_blocked, id=131224, stack(0x000000ced8a00000,0x000000ced8b00000)]
  0x000001f4c8541000 JavaThread "File lock request listener" [_thread_in_native, id=131548, stack(0x000000ced8b00000,0x000000ced8c00000)]
  0x000001f4c8546000 JavaThread "Cache worker for file hash cache (C:\Users\nraje\.gradle\caches\7.2\fileHashes)" [_thread_blocked, id=119876, stack(0x000000ced8c00000,0x000000ced8d00000)]
  0x000001f4c8545800 JavaThread "Cache worker for file hash cache (C:\Users\nraje\AndroidStudioProjects\NOTEIT\.gradle\7.2\fileHashes)" [_thread_blocked, id=126616, stack(0x000000ced8f00000,0x000000ced9000000)]
  0x000001f4c8544800 JavaThread "File watcher server" daemon [_thread_in_native, id=130540, stack(0x000000ced9000000,0x000000ced9100000)]
  0x000001f4c8543000 JavaThread "File watcher consumer" daemon [_thread_blocked, id=128280, stack(0x000000ced9100000,0x000000ced9200000)]
  0x000001f4c8543800 JavaThread "Cache worker for checksums cache (C:\Users\nraje\AndroidStudioProjects\NOTEIT\.gradle\checksums)" [_thread_blocked, id=131972, stack(0x000000ced9200000,0x000000ced9300000)]
  0x000001f4c8547800 JavaThread "Cache worker for cache directory md-supplier (C:\Users\nraje\.gradle\caches\7.2\md-supplier)" [_thread_blocked, id=112316, stack(0x000000ced9300000,0x000000ced9400000)]
  0x000001f4c8542000 JavaThread "Cache worker for cache directory md-rule (C:\Users\nraje\.gradle\caches\7.2\md-rule)" [_thread_blocked, id=116652, stack(0x000000ced9400000,0x000000ced9500000)]
  0x000001f4c854b000 JavaThread "Cache worker for execution history cache (C:\Users\nraje\.gradle\caches\7.2\executionHistory)" [_thread_blocked, id=94932, stack(0x000000ced9500000,0x000000ced9600000)]
  0x000001f4c854d800 JavaThread "jar transforms" [_thread_blocked, id=129796, stack(0x000000ced9600000,0x000000ced9700000)]
  0x000001f4c854a000 JavaThread "jar transforms Thread 2" [_thread_blocked, id=44448, stack(0x000000ced9700000,0x000000ced9800000)]
  0x000001f4c854c800 JavaThread "Cache worker for file content cache (C:\Users\nraje\.gradle\caches\7.2\fileContent)" [_thread_blocked, id=122344, stack(0x000000ced9800000,0x000000ced9900000)]
  0x000001f4c8548800 JavaThread "Cache worker for dependencies-accessors (C:\Users\nraje\AndroidStudioProjects\NOTEIT\.gradle\7.2\dependencies-accessors)" [_thread_blocked, id=124808, stack(0x000000ced9900000,0x000000ced9a00000)]
  0x000001f4c854e800 JavaThread "jar transforms Thread 3" [_thread_blocked, id=107744, stack(0x000000ced9a00000,0x000000ced9b00000)]
  0x000001f4c854f000 JavaThread "Cache worker for Build Output Cleanup Cache (C:\Users\nraje\AndroidStudioProjects\NOTEIT\.gradle\buildOutputCleanup)" [_thread_blocked, id=123428, stack(0x000000ced9b00000,0x000000ced9c00000)]
  0x000001f4c8549800 JavaThread "Unconstrained build operations" [_thread_blocked, id=124728, stack(0x000000ced9c00000,0x000000ced9d00000)]
  0x000001f4c8550000 JavaThread "Unconstrained build operations Thread 2" [_thread_blocked, id=127700, stack(0x000000ced9d00000,0x000000ced9e00000)]
  0x000001f4ca561800 JavaThread "Unconstrained build operations Thread 3" [_thread_blocked, id=131068, stack(0x000000ced9e00000,0x000000ced9f00000)]
  0x000001f4ca562800 JavaThread "Unconstrained build operations Thread 4" [_thread_blocked, id=125028, stack(0x000000ced9f00000,0x000000ceda000000)]
  0x000001f4ca563000 JavaThread "Unconstrained build operations Thread 5" [_thread_blocked, id=108936, stack(0x000000ceda000000,0x000000ceda100000)]
  0x000001f4ca560000 JavaThread "Unconstrained build operations Thread 6" [_thread_blocked, id=106432, stack(0x000000ceda100000,0x000000ceda200000)]
  0x000001f4ca566800 JavaThread "Unconstrained build operations Thread 7" [_thread_blocked, id=111476, stack(0x000000ceda200000,0x000000ceda300000)]
  0x000001f4ca564000 JavaThread "Unconstrained build operations Thread 8" [_thread_blocked, id=118464, stack(0x000000ceda300000,0x000000ceda400000)]
  0x000001f4ca564800 JavaThread "Unconstrained build operations Thread 9" [_thread_blocked, id=116028, stack(0x000000ceda400000,0x000000ceda500000)]
  0x000001f4ca560800 JavaThread "Unconstrained build operations Thread 10" [_thread_blocked, id=123752, stack(0x000000ceda500000,0x000000ceda600000)]
  0x000001f4ca568000 JavaThread "Unconstrained build operations Thread 11" [_thread_blocked, id=126664, stack(0x000000ceda600000,0x000000ceda700000)]
  0x000001f4ca56b800 JavaThread "Unconstrained build operations Thread 12" [_thread_blocked, id=109260, stack(0x000000ceda700000,0x000000ceda800000)]
  0x000001f4ca569800 JavaThread "Unconstrained build operations Thread 13" [_thread_blocked, id=93624, stack(0x000000ceda800000,0x000000ceda900000)]
  0x000001f4ca56a800 JavaThread "Unconstrained build operations Thread 14" [_thread_blocked, id=86408, stack(0x000000ceda900000,0x000000cedaa00000)]
  0x000001f4ca565800 JavaThread "Unconstrained build operations Thread 15" [_thread_blocked, id=88100, stack(0x000000cedaa00000,0x000000cedab00000)]
  0x000001f4ca569000 JavaThread "Unconstrained build operations Thread 16" [_thread_blocked, id=108436, stack(0x000000cedab00000,0x000000cedac00000)]
  0x000001f4ca567000 JavaThread "Unconstrained build operations Thread 17" [_thread_blocked, id=129792, stack(0x000000cedac00000,0x000000cedad00000)]
  0x000001f4ca56c000 JavaThread "Unconstrained build operations Thread 18" [_thread_blocked, id=114756, stack(0x000000cedad00000,0x000000cedae00000)]
  0x000001f4ca56d000 JavaThread "Unconstrained build operations Thread 19" [_thread_blocked, id=131984, stack(0x000000cedae00000,0x000000cedaf00000)]
  0x000001f4ca56d800 JavaThread "Unconstrained build operations Thread 20" [_thread_blocked, id=119792, stack(0x000000cedaf00000,0x000000cedb000000)]
  0x000001f4ca56e800 JavaThread "Unconstrained build operations Thread 21" [_thread_blocked, id=80796, stack(0x000000cedb000000,0x000000cedb100000)]
  0x000001f4ca6b6000 JavaThread "Unconstrained build operations Thread 22" [_thread_blocked, id=127656, stack(0x000000cedb100000,0x000000cedb200000)]
  0x000001f4ca6b9000 JavaThread "Unconstrained build operations Thread 23" [_thread_blocked, id=126176, stack(0x000000cedb200000,0x000000cedb300000)]
  0x000001f4ca6ba800 JavaThread "Unconstrained build operations Thread 24" [_thread_blocked, id=129604, stack(0x000000cedb300000,0x000000cedb400000)]
  0x000001f4ca6b6800 JavaThread "Unconstrained build operations Thread 25" [_thread_blocked, id=80832, stack(0x000000cedb400000,0x000000cedb500000)]
  0x000001f4ca6b8800 JavaThread "Unconstrained build operations Thread 26" [_thread_blocked, id=120720, stack(0x000000cedb500000,0x000000cedb600000)]
  0x000001f4ca6b7800 JavaThread "Unconstrained build operations Thread 27" [_thread_blocked, id=131476, stack(0x000000cedb600000,0x000000cedb700000)]
  0x000001f4ca6ba000 JavaThread "Unconstrained build operations Thread 28" [_thread_blocked, id=128756, stack(0x000000cedb700000,0x000000cedb800000)]
  0x000001f4ca6b5000 JavaThread "Unconstrained build operations Thread 29" [_thread_blocked, id=131104, stack(0x000000cedb800000,0x000000cedb900000)]
  0x000001f4ca6c1000 JavaThread "Unconstrained build operations Thread 30" [_thread_blocked, id=123008, stack(0x000000cedb900000,0x000000cedba00000)]
  0x000001f4ca6bb800 JavaThread "Unconstrained build operations Thread 31" [_thread_blocked, id=116912, stack(0x000000cedba00000,0x000000cedbb00000)]
  0x000001f4ca6bf800 JavaThread "Unconstrained build operations Thread 32" [_thread_blocked, id=125192, stack(0x000000cedbb00000,0x000000cedbc00000)]
  0x000001f4ca6c2000 JavaThread "Unconstrained build operations Thread 33" [_thread_blocked, id=90160, stack(0x000000cedbc00000,0x000000cedbd00000)]
  0x000001f4ca6c0800 JavaThread "Unconstrained build operations Thread 34" [_thread_blocked, id=127740, stack(0x000000cedbd00000,0x000000cedbe00000)]
  0x000001f4ca6bc800 JavaThread "Unconstrained build operations Thread 35" [_thread_blocked, id=82328, stack(0x000000cedbe00000,0x000000cedbf00000)]
  0x000001f4ca6bd000 JavaThread "Unconstrained build operations Thread 36" [_thread_blocked, id=131520, stack(0x000000cedbf00000,0x000000cedc000000)]
  0x000001f4ca6c3000 JavaThread "Unconstrained build operations Thread 37" [_thread_blocked, id=128764, stack(0x000000cedc000000,0x000000cedc100000)]
  0x000001f4ca6c3800 JavaThread "Unconstrained build operations Thread 38" [_thread_blocked, id=101692, stack(0x000000cedc100000,0x000000cedc200000)]
  0x000001f4ca6be000 JavaThread "Unconstrained build operations Thread 39" [_thread_blocked, id=121768, stack(0x000000cedc200000,0x000000cedc300000)]
  0x000001f4ca6bf000 JavaThread "Unconstrained build operations Thread 40" [_thread_blocked, id=126508, stack(0x000000cedc300000,0x000000cedc400000)]
  0x000001f4cc091800 JavaThread "Unconstrained build operations Thread 41" [_thread_blocked, id=113016, stack(0x000000cedc400000,0x000000cedc500000)]
  0x000001f4cc092800 JavaThread "Unconstrained build operations Thread 42" [_thread_blocked, id=125232, stack(0x000000cedc500000,0x000000cedc600000)]
  0x000001f4cc08f000 JavaThread "Unconstrained build operations Thread 43" [_thread_blocked, id=123080, stack(0x000000cedc600000,0x000000cedc700000)]
  0x000001f4cc093000 JavaThread "Unconstrained build operations Thread 44" [_thread_blocked, id=127528, stack(0x000000cedc700000,0x000000cedc800000)]
  0x000001f4cc090800 JavaThread "Unconstrained build operations Thread 45" [_thread_blocked, id=131828, stack(0x000000cedc800000,0x000000cedc900000)]
  0x000001f4cc094000 JavaThread "Unconstrained build operations Thread 46" [_thread_blocked, id=120244, stack(0x000000cedc900000,0x000000cedca00000)]
  0x000001f4cc08e800 JavaThread "Unconstrained build operations Thread 47" [_thread_blocked, id=119172, stack(0x000000cedca00000,0x000000cedcb00000)]
  0x000001f4cc095000 JavaThread "Unconstrained build operations Thread 48" [_thread_blocked, id=109404, stack(0x000000cedcb00000,0x000000cedcc00000)]
  0x000001f4cc095800 JavaThread "Unconstrained build operations Thread 49" [_thread_blocked, id=128164, stack(0x000000cedcc00000,0x000000cedcd00000)]
  0x000001f4cc090000 JavaThread "Unconstrained build operations Thread 50" [_thread_blocked, id=124932, stack(0x000000cedcd00000,0x000000cedce00000)]
  0x000001f4cc099000 JavaThread "Unconstrained build operations Thread 51" [_thread_blocked, id=129460, stack(0x000000cedce00000,0x000000cedcf00000)]
  0x000001f4cc096800 JavaThread "Unconstrained build operations Thread 52" [_thread_blocked, id=121424, stack(0x000000cedcf00000,0x000000cedd000000)]
  0x000001f4cc09a800 JavaThread "Unconstrained build operations Thread 53" [_thread_blocked, id=130116, stack(0x000000cedd000000,0x000000cedd100000)]
  0x000001f4cc099800 JavaThread "Unconstrained build operations Thread 54" [_thread_blocked, id=114116, stack(0x000000cedd100000,0x000000cedd200000)]
  0x000001f4cc09d000 JavaThread "Unconstrained build operations Thread 55" [_thread_blocked, id=125048, stack(0x000000cedd200000,0x000000cedd300000)]
  0x000001f4cc09c000 JavaThread "Unconstrained build operations Thread 56" [_thread_blocked, id=125516, stack(0x000000cedd300000,0x000000cedd400000)]
  0x000001f4cc097800 JavaThread "Unconstrained build operations Thread 57" [_thread_blocked, id=116888, stack(0x000000cedd400000,0x000000cedd500000)]
  0x000001f4cc09b800 JavaThread "Unconstrained build operations Thread 58" [_thread_blocked, id=110860, stack(0x000000cedd500000,0x000000cedd600000)]
  0x000001f4cc098000 JavaThread "Unconstrained build operations Thread 59" [_thread_blocked, id=108072, stack(0x000000cedd600000,0x000000cedd700000)]
  0x000001f4ca92b000 JavaThread "Unconstrained build operations Thread 60" [_thread_blocked, id=126740, stack(0x000000cedd700000,0x000000cedd800000)]
  0x000001f4ca92a000 JavaThread "Unconstrained build operations Thread 61" [_thread_blocked, id=112968, stack(0x000000cedd800000,0x000000cedd900000)]
  0x000001f4ca92b800 JavaThread "Unconstrained build operations Thread 62" [_thread_blocked, id=126760, stack(0x000000cedd900000,0x000000cedda00000)]
  0x000001f4ca927000 JavaThread "Unconstrained build operations Thread 63" [_thread_blocked, id=99232, stack(0x000000cedda00000,0x000000ceddb00000)]
  0x000001f4ca92c800 JavaThread "Unconstrained build operations Thread 64" [_thread_blocked, id=123108, stack(0x000000ceddb00000,0x000000ceddc00000)]
  0x000001f4ca92d800 JavaThread "Unconstrained build operations Thread 65" [_thread_blocked, id=119896, stack(0x000000ceddc00000,0x000000ceddd00000)]
  0x000001f4ca927800 JavaThread "Unconstrained build operations Thread 66" [_thread_blocked, id=126536, stack(0x000000ceddd00000,0x000000cedde00000)]
  0x000001f4ca92e000 JavaThread "Unconstrained build operations Thread 67" [_thread_blocked, id=109540, stack(0x000000cedde00000,0x000000ceddf00000)]
  0x000001f4ca928800 JavaThread "Unconstrained build operations Thread 68" [_thread_blocked, id=122336, stack(0x000000ceddf00000,0x000000cede000000)]
  0x000001f4ca929800 JavaThread "Unconstrained build operations Thread 69" [_thread_blocked, id=126592, stack(0x000000cede000000,0x000000cede100000)]
  0x000001f4ca934800 JavaThread "Unconstrained build operations Thread 70" [_thread_blocked, id=122824, stack(0x000000cede100000,0x000000cede200000)]
  0x000001f4ca933000 JavaThread "Unconstrained build operations Thread 71" [_thread_blocked, id=126524, stack(0x000000cede200000,0x000000cede300000)]
  0x000001f4ca92f000 JavaThread "Unconstrained build operations Thread 72" [_thread_blocked, id=128432, stack(0x000000cede300000,0x000000cede400000)]
  0x000001f4ca935800 JavaThread "Unconstrained build operations Thread 73" [_thread_blocked, id=131284, stack(0x000000cede400000,0x000000cede500000)]
  0x000001f4ca930000 JavaThread "Unconstrained build operations Thread 74" [_thread_blocked, id=118520, stack(0x000000cede500000,0x000000cede600000)]
  0x000001f4ca932800 JavaThread "Unconstrained build operations Thread 75" [_thread_blocked, id=108744, stack(0x000000cede600000,0x000000cede700000)]
  0x000001f4ca934000 JavaThread "Unconstrained build operations Thread 76" [_thread_blocked, id=131668, stack(0x000000cede700000,0x000000cede800000)]
  0x000001f4ca930800 JavaThread "Unconstrained build operations Thread 77" [_thread_blocked, id=100732, stack(0x000000cede800000,0x000000cede900000)]
  0x000001f4ca931800 JavaThread "Unconstrained build operations Thread 78" [_thread_blocked, id=128240, stack(0x000000cede900000,0x000000cedea00000)]
  0x000001f4cc0cd000 JavaThread "Unconstrained build operations Thread 79" [_thread_blocked, id=116164, stack(0x000000cedea00000,0x000000cedeb00000)]
  0x000001f4cc0cf800 JavaThread "Unconstrained build operations Thread 80" [_thread_blocked, id=110300, stack(0x000000cedeb00000,0x000000cedec00000)]
  0x000001f4cc0cc800 JavaThread "Unconstrained build operations Thread 81" [_thread_blocked, id=126020, stack(0x000000cedec00000,0x000000ceded00000)]
  0x000001f4cc0ce000 JavaThread "Unconstrained build operations Thread 82" [_thread_blocked, id=131588, stack(0x000000ceded00000,0x000000cedee00000)]
  0x000001f4cc0ca000 JavaThread "Unconstrained build operations Thread 83" [_thread_blocked, id=99292, stack(0x000000cedee00000,0x000000cedef00000)]
  0x000001f4cc0cf000 JavaThread "Unconstrained build operations Thread 84" [_thread_blocked, id=131656, stack(0x000000cedef00000,0x000000cedf000000)]
  0x000001f4cc0d0800 JavaThread "Unconstrained build operations Thread 85" [_thread_blocked, id=110788, stack(0x000000cedf000000,0x000000cedf100000)]
  0x000001f4cc0cb000 JavaThread "Unconstrained build operations Thread 86" [_thread_blocked, id=112552, stack(0x000000cedf100000,0x000000cedf200000)]
  0x000001f4cc0cb800 JavaThread "Unconstrained build operations Thread 87" [_thread_blocked, id=113464, stack(0x000000cedf200000,0x000000cedf300000)]
  0x000001f4cc0d5800 JavaThread "Unconstrained build operations Thread 88" [_thread_blocked, id=104108, stack(0x000000cedf300000,0x000000cedf400000)]
  0x000001f4cc0d6000 JavaThread "Unconstrained build operations Thread 89" [_thread_blocked, id=131332, stack(0x000000cedf400000,0x000000cedf500000)]
  0x000001f4cc0d7000 JavaThread "Unconstrained build operations Thread 90" [_thread_blocked, id=128540, stack(0x000000cedf500000,0x000000cedf600000)]
  0x000001f4cc0d1800 JavaThread "Unconstrained build operations Thread 91" [_thread_blocked, id=127552, stack(0x000000cedf600000,0x000000cedf700000)]
  0x000001f4cc0d3800 JavaThread "Unconstrained build operations Thread 92" [_thread_blocked, id=128792, stack(0x000000cedf700000,0x000000cedf800000)]
  0x000001f4cc0d4800 JavaThread "Unconstrained build operations Thread 93" [_thread_blocked, id=113668, stack(0x000000cedf800000,0x000000cedf900000)]
  0x000001f4cc0d2000 JavaThread "Unconstrained build operations Thread 94" [_thread_blocked, id=123832, stack(0x000000cedf900000,0x000000cedfa00000)]
  0x000001f4cc0d8800 JavaThread "Unconstrained build operations Thread 95" [_thread_blocked, id=92632, stack(0x000000cedfa00000,0x000000cedfb00000)]
  0x000001f4cc0d8000 JavaThread "Unconstrained build operations Thread 96" [_thread_blocked, id=107372, stack(0x000000cedfb00000,0x000000cedfc00000)]
  0x000001f4cc0d3000 JavaThread "Unconstrained build operations Thread 97" [_thread_blocked, id=116660, stack(0x000000cedfc00000,0x000000cedfd00000)]
  0x000001f4cc124800 JavaThread "Unconstrained build operations Thread 98" [_thread_blocked, id=126352, stack(0x000000cedfd00000,0x000000cedfe00000)]
  0x000001f4cc123000 JavaThread "Unconstrained build operations Thread 99" [_thread_blocked, id=115332, stack(0x000000cedfe00000,0x000000cedff00000)]
  0x000001f4cc121800 JavaThread "Unconstrained build operations Thread 100" [_thread_blocked, id=125004, stack(0x000000cedff00000,0x000000cee0000000)]
  0x000001f4cc120800 JavaThread "Unconstrained build operations Thread 101" [_thread_blocked, id=126876, stack(0x000000cee0000000,0x000000cee0100000)]
  0x000001f4cc124000 JavaThread "Unconstrained build operations Thread 102" [_thread_blocked, id=127184, stack(0x000000cee0100000,0x000000cee0200000)]
  0x000001f4cc11f000 JavaThread "Unconstrained build operations Thread 103" [_thread_blocked, id=131856, stack(0x000000cee0200000,0x000000cee0300000)]
  0x000001f4cc125800 JavaThread "Unconstrained build operations Thread 104" [_thread_blocked, id=99512, stack(0x000000cee0300000,0x000000cee0400000)]
  0x000001f4cc120000 JavaThread "Unconstrained build operations Thread 105" [_thread_blocked, id=112752, stack(0x000000cee0400000,0x000000cee0500000)]
  0x000001f4cc128000 JavaThread "Unconstrained build operations Thread 106" [_thread_blocked, id=121848, stack(0x000000cee0500000,0x000000cee0600000)]
  0x000001f4cc126800 JavaThread "Unconstrained build operations Thread 107" [_thread_blocked, id=127444, stack(0x000000cee0600000,0x000000cee0700000)]
  0x000001f4cc127000 JavaThread "Unconstrained build operations Thread 108" [_thread_blocked, id=8836, stack(0x000000cee0700000,0x000000cee0800000)]
  0x000001f4cc122000 JavaThread "Unconstrained build operations Thread 109" [_thread_blocked, id=117372, stack(0x000000cee0800000,0x000000cee0900000)]
  0x000001f4cc12b000 JavaThread "Unconstrained build operations Thread 110" [_thread_blocked, id=86388, stack(0x000000cee0900000,0x000000cee0a00000)]
  0x000001f4cc12d800 JavaThread "Unconstrained build operations Thread 111" [_thread_blocked, id=93912, stack(0x000000cee0a00000,0x000000cee0b00000)]
  0x000001f4cc12c000 JavaThread "Unconstrained build operations Thread 112" [_thread_blocked, id=130152, stack(0x000000cee0b00000,0x000000cee0c00000)]
  0x000001f4cc12d000 JavaThread "Unconstrained build operations Thread 113" [_thread_blocked, id=123972, stack(0x000000cee0c00000,0x000000cee0d00000)]
  0x000001f4cc129000 JavaThread "Unconstrained build operations Thread 114" [_thread_blocked, id=107768, stack(0x000000cee0d00000,0x000000cee0e00000)]
  0x000001f4cc129800 JavaThread "Unconstrained build operations Thread 115" [_thread_blocked, id=112444, stack(0x000000cee0e00000,0x000000cee0f00000)]
  0x000001f4cc12a800 JavaThread "Unconstrained build operations Thread 116" [_thread_blocked, id=106780, stack(0x000000cee0f00000,0x000000cee1000000)]
  0x000001f4cc15b800 JavaThread "Unconstrained build operations Thread 117" [_thread_blocked, id=97160, stack(0x000000cee1000000,0x000000cee1100000)]
  0x000001f4cc15a000 JavaThread "Unconstrained build operations Thread 118" [_thread_blocked, id=107956, stack(0x000000cee1100000,0x000000cee1200000)]
  0x000001f4cc157800 JavaThread "Unconstrained build operations Thread 119" [_thread_blocked, id=120452, stack(0x000000cee1200000,0x000000cee1300000)]
  0x000001f4cc156000 JavaThread "Unconstrained build operations Thread 120" [_thread_blocked, id=123728, stack(0x000000cee1300000,0x000000cee1400000)]
  0x000001f4cc15c800 JavaThread "jar transforms Thread 4" [_thread_blocked, id=131784, stack(0x000000cee1400000,0x000000cee1500000)]
  0x000001f4cc156800 JavaThread "jar transforms Thread 5" [_thread_blocked, id=130920, stack(0x000000cee1500000,0x000000cee1600000)]
  0x000001f4cc158800 JavaThread "jar transforms Thread 6" [_thread_blocked, id=122204, stack(0x000000cee1600000,0x000000cee1700000)]
  0x000001f4cc15a800 JavaThread "jar transforms Thread 7" [_thread_blocked, id=116516, stack(0x000000cee1700000,0x000000cee1800000)]
  0x000001f4cc15d000 JavaThread "jar transforms Thread 8" [_thread_blocked, id=103204, stack(0x000000cee1800000,0x000000cee1900000)]
  0x000001f4cc15e000 JavaThread "jar transforms Thread 9" [_thread_blocked, id=127596, stack(0x000000cee1900000,0x000000cee1a00000)]
  0x000001f4cc159000 JavaThread "jar transforms Thread 10" [_thread_blocked, id=117656, stack(0x000000cee1a00000,0x000000cee1b00000)]
  0x000001f4cc15f000 JavaThread "jar transforms Thread 11" [_thread_blocked, id=130184, stack(0x000000cee1b00000,0x000000cee1c00000)]
  0x000001f4cc161800 JavaThread "jar transforms Thread 12" [_thread_blocked, id=129392, stack(0x000000cee1c00000,0x000000cee1d00000)]
  0x000001f4cc163000 JavaThread "Memory manager" [_thread_blocked, id=105148, stack(0x000000cee1d00000,0x000000cee1e00000)]

Other Threads:
  0x000001f4c55c1000 VMThread "VM Thread" [stack: 0x000000ced6c00000,0x000000ced6d00000] [id=86820]
  0x000001f4c60bd800 WatcherThread [stack: 0x000000ced7600000,0x000000ced7700000] [id=125056]
  0x000001f4aacd7800 GCTaskThread "GC Thread#0" [stack: 0x000000ced6700000,0x000000ced6800000] [id=99768]
  0x000001f4c6afc000 GCTaskThread "GC Thread#1" [stack: 0x000000ced7700000,0x000000ced7800000] [id=117128]
  0x000001f4c8593800 GCTaskThread "GC Thread#2" [stack: 0x000000ced7900000,0x000000ced7a00000] [id=130960]
  0x000001f4c8076000 GCTaskThread "GC Thread#3" [stack: 0x000000ced7a00000,0x000000ced7b00000] [id=127724]
  0x000001f4c834b000 GCTaskThread "GC Thread#4" [stack: 0x000000ced8300000,0x000000ced8400000] [id=127612]
  0x000001f4c83f0000 GCTaskThread "GC Thread#5" [stack: 0x000000ced8400000,0x000000ced8500000] [id=125000]
  0x000001f4c83f5000 GCTaskThread "GC Thread#6" [stack: 0x000000ced8500000,0x000000ced8600000] [id=121480]
  0x000001f4c83f5800 GCTaskThread "GC Thread#7" [stack: 0x000000ced8600000,0x000000ced8700000] [id=130328]
  0x000001f4c83f6000 GCTaskThread "GC Thread#8" [stack: 0x000000ced8700000,0x000000ced8800000] [id=124740]
  0x000001f4c8376800 GCTaskThread "GC Thread#9" [stack: 0x000000ced8800000,0x000000ced8900000] [id=129912]
  0x000001f4aad08800 ConcurrentGCThread "G1 Main Marker" [stack: 0x000000ced6800000,0x000000ced6900000] [id=126256]
  0x000001f4aad0b000 ConcurrentGCThread "G1 Conc#0" [stack: 0x000000ced6900000,0x000000ced6a00000] [id=131036]
  0x000001f4c855e800 ConcurrentGCThread "G1 Conc#1" [stack: 0x000000ced8d00000,0x000000ced8e00000] [id=121464]
  0x000001f4c86fb800 ConcurrentGCThread "G1 Conc#2" [stack: 0x000000ced8e00000,0x000000ced8f00000] [id=120880]
  0x000001f4aad98800 ConcurrentGCThread "G1 Refine#0" [stack: 0x000000ced6a00000,0x000000ced6b00000] [id=131596]
  0x000001f4aad9b800 ConcurrentGCThread "G1 Young RemSet Sampling" [stack: 0x000000ced6b00000,0x000000ced6c00000] [id=87812]

Threads with active compile tasks:
C2 CompilerThread0  13415 6852   !   4       com.google.common.reflect.TypeVisitor::visit (244 bytes)

VM state:not at safepoint (normal execution)

VM Mutex/Monitor currently owned by a thread: None

Heap address: 0x0000000080000000, size: 2048 MB, Compressed Oops mode: 32-bit
Narrow klass base: 0x0000000000000000, Narrow klass shift: 3
Compressed class space size: 1073741824 Address: 0x0000000100000000

Heap:
 garbage-first heap   total 96256K, used 68498K [0x0000000080000000, 0x0000000100000000)
  region size 1024K, 13 young (13312K), 3 survivors (3072K)
 Metaspace       used 72337K, capacity 74035K, committed 74320K, reserved 1114112K
  class space    used 9238K, capacity 9918K, committed 9984K, reserved 1048576K
Heap Regions: E=young(eden), S=young(survivor), O=old, HS=humongous(starts), HC=humongous(continues), CS=collection set, F=free, A=archive, TAMS=top-at-mark-start (previous, next)
|   0|0x0000000080000000, 0x0000000080100000, 0x0000000080100000|100%| O|  |TAMS 0x0000000080100000, 0x0000000080000000| Untracked 
|   1|0x0000000080100000, 0x0000000080200000, 0x0000000080200000|100%| O|  |TAMS 0x0000000080200000, 0x0000000080100000| Untracked 
|   2|0x0000000080200000, 0x0000000080300000, 0x0000000080300000|100%| O|  |TAMS 0x0000000080300000, 0x0000000080200000| Untracked 
|   3|0x0000000080300000, 0x0000000080400000, 0x0000000080400000|100%|HS|  |TAMS 0x0000000080400000, 0x0000000080300000| Complete 
|   4|0x0000000080400000, 0x0000000080500000, 0x0000000080500000|100%|HC|  |TAMS 0x0000000080500000, 0x0000000080400000| Complete 
|   5|0x0000000080500000, 0x0000000080600000, 0x0000000080600000|100%|HC|  |TAMS 0x0000000080600000, 0x0000000080500000| Complete 
|   6|0x0000000080600000, 0x0000000080700000, 0x0000000080700000|100%| O|  |TAMS 0x0000000080700000, 0x0000000080600000| Untracked 
|   7|0x0000000080700000, 0x0000000080800000, 0x0000000080800000|100%| O|  |TAMS 0x0000000080800000, 0x0000000080700000| Untracked 
|   8|0x0000000080800000, 0x0000000080900000, 0x0000000080900000|100%| O|  |TAMS 0x0000000080900000, 0x0000000080800000| Untracked 
|   9|0x0000000080900000, 0x0000000080a00000, 0x0000000080a00000|100%| O|  |TAMS 0x0000000080a00000, 0x0000000080900000| Untracked 
|  10|0x0000000080a00000, 0x0000000080b00000, 0x0000000080b00000|100%| O|  |TAMS 0x0000000080b00000, 0x0000000080a00000| Untracked 
|  11|0x0000000080b00000, 0x0000000080c00000, 0x0000000080c00000|100%| O|  |TAMS 0x0000000080c00000, 0x0000000080b00000| Untracked 
|  12|0x0000000080c00000, 0x0000000080d00000, 0x0000000080d00000|100%| O|  |TAMS 0x0000000080d00000, 0x0000000080c00000| Untracked 
|  13|0x0000000080d00000, 0x0000000080e00000, 0x0000000080e00000|100%| O|  |TAMS 0x0000000080e00000, 0x0000000080d00000| Untracked 
|  14|0x0000000080e00000, 0x0000000080f00000, 0x0000000080f00000|100%| O|  |TAMS 0x0000000080f00000, 0x0000000080e00000| Untracked 
|  15|0x0000000080f00000, 0x0000000081000000, 0x0000000081000000|100%| O|  |TAMS 0x0000000081000000, 0x0000000080f00000| Untracked 
|  16|0x0000000081000000, 0x0000000081100000, 0x0000000081100000|100%| O|  |TAMS 0x0000000081100000, 0x0000000081000000| Untracked 
|  17|0x0000000081100000, 0x0000000081200000, 0x0000000081200000|100%| O|  |TAMS 0x0000000081200000, 0x0000000081100000| Untracked 
|  18|0x0000000081200000, 0x0000000081300000, 0x0000000081300000|100%| O|  |TAMS 0x0000000081300000, 0x0000000081200000| Untracked 
|  19|0x0000000081300000, 0x0000000081400000, 0x0000000081400000|100%| O|  |TAMS 0x0000000081400000, 0x0000000081300000| Untracked 
|  20|0x0000000081400000, 0x0000000081500000, 0x0000000081500000|100%| O|  |TAMS 0x0000000081500000, 0x0000000081400000| Untracked 
|  21|0x0000000081500000, 0x0000000081600000, 0x0000000081600000|100%| O|  |TAMS 0x0000000081600000, 0x0000000081500000| Untracked 
|  22|0x0000000081600000, 0x0000000081700000, 0x0000000081700000|100%| O|  |TAMS 0x0000000081700000, 0x0000000081600000| Untracked 
|  23|0x0000000081700000, 0x0000000081800000, 0x0000000081800000|100%| O|  |TAMS 0x0000000081800000, 0x0000000081700000| Untracked 
|  24|0x0000000081800000, 0x0000000081900000, 0x0000000081900000|100%| O|  |TAMS 0x0000000081900000, 0x0000000081800000| Untracked 
|  25|0x0000000081900000, 0x0000000081a00000, 0x0000000081a00000|100%| O|  |TAMS 0x0000000081a00000, 0x0000000081900000| Untracked 
|  26|0x0000000081a00000, 0x0000000081b00000, 0x0000000081b00000|100%| O|  |TAMS 0x0000000081b00000, 0x0000000081a00000| Untracked 
|  27|0x0000000081b00000, 0x0000000081c00000, 0x0000000081c00000|100%| O|  |TAMS 0x0000000081c00000, 0x0000000081b00000| Untracked 
|  28|0x0000000081c00000, 0x0000000081d00000, 0x0000000081d00000|100%|HS|  |TAMS 0x0000000081d00000, 0x0000000081c00000| Complete 
|  29|0x0000000081d00000, 0x0000000081e00000, 0x0000000081e00000|100%|HS|  |TAMS 0x0000000081e00000, 0x0000000081d00000| Complete 
|  30|0x0000000081e00000, 0x0000000081f00000, 0x0000000081f00000|100%|HS|  |TAMS 0x0000000081f00000, 0x0000000081e00000| Complete 
|  31|0x0000000081f00000, 0x0000000082000000, 0x0000000082000000|100%|HS|  |TAMS 0x0000000082000000, 0x0000000081f00000| Complete 
|  32|0x0000000082000000, 0x0000000082100000, 0x0000000082100000|100%|HC|  |TAMS 0x0000000082100000, 0x0000000082000000| Complete 
|  33|0x0000000082100000, 0x0000000082200000, 0x0000000082200000|100%| O|  |TAMS 0x0000000082200000, 0x0000000082100000| Untracked 
|  34|0x0000000082200000, 0x0000000082300000, 0x0000000082300000|100%| O|  |TAMS 0x0000000082300000, 0x0000000082200000| Untracked 
|  35|0x0000000082300000, 0x0000000082400000, 0x0000000082400000|100%| O|  |TAMS 0x0000000082400000, 0x0000000082300000| Untracked 
|  36|0x0000000082400000, 0x0000000082500000, 0x0000000082500000|100%| O|  |TAMS 0x0000000082500000, 0x0000000082400000| Untracked 
|  37|0x0000000082500000, 0x0000000082600000, 0x0000000082600000|100%| O|  |TAMS 0x0000000082600000, 0x0000000082500000| Untracked 
|  38|0x0000000082600000, 0x0000000082700000, 0x0000000082700000|100%| O|  |TAMS 0x0000000082700000, 0x0000000082600000| Untracked 
|  39|0x0000000082700000, 0x0000000082800000, 0x0000000082800000|100%| O|  |TAMS 0x0000000082800000, 0x0000000082700000| Untracked 
|  40|0x0000000082800000, 0x0000000082900000, 0x0000000082900000|100%| O|  |TAMS 0x0000000082900000, 0x0000000082800000| Untracked 
|  41|0x0000000082900000, 0x0000000082a00000, 0x0000000082a00000|100%| O|  |TAMS 0x0000000082a00000, 0x0000000082900000| Untracked 
|  42|0x0000000082a00000, 0x0000000082b00000, 0x0000000082b00000|100%| O|  |TAMS 0x0000000082b00000, 0x0000000082a00000| Untracked 
|  43|0x0000000082b00000, 0x0000000082c00000, 0x0000000082c00000|100%| O|  |TAMS 0x0000000082c00000, 0x0000000082b00000| Untracked 
|  44|0x0000000082c00000, 0x0000000082d00000, 0x0000000082d00000|100%| O|  |TAMS 0x0000000082d00000, 0x0000000082c00000| Untracked 
|  45|0x0000000082d00000, 0x0000000082e00000, 0x0000000082e00000|100%| O|  |TAMS 0x0000000082e00000, 0x0000000082d00000| Untracked 
|  46|0x0000000082e00000, 0x0000000082f00000, 0x0000000082f00000|100%| O|  |TAMS 0x0000000082f00000, 0x0000000082e00000| Untracked 
|  47|0x0000000082f00000, 0x0000000083000000, 0x0000000083000000|100%| O|  |TAMS 0x0000000083000000, 0x0000000082f00000| Untracked 
|  48|0x0000000083000000, 0x0000000083100000, 0x0000000083100000|100%| O|  |TAMS 0x0000000083100000, 0x0000000083000000| Untracked 
|  49|0x0000000083100000, 0x0000000083200000, 0x0000000083200000|100%| O|  |TAMS 0x0000000083200000, 0x0000000083100000| Untracked 
|  50|0x0000000083200000, 0x0000000083300000, 0x0000000083300000|100%| O|  |TAMS 0x0000000083300000, 0x0000000083200000| Untracked 
|  51|0x0000000083300000, 0x0000000083400000, 0x0000000083400000|100%| O|  |TAMS 0x0000000083400000, 0x0000000083300000| Untracked 
|  52|0x0000000083400000, 0x0000000083500000, 0x0000000083500000|100%| O|  |TAMS 0x0000000083500000, 0x0000000083400000| Untracked 
|  53|0x0000000083500000, 0x0000000083600000, 0x0000000083600000|100%| O|  |TAMS 0x0000000083600000, 0x0000000083500000| Untracked 
|  54|0x0000000083600000, 0x0000000083700000, 0x0000000083700000|100%| O|  |TAMS 0x0000000083693c00, 0x0000000083600000| Untracked 
|  55|0x0000000083700000, 0x0000000083753a00, 0x0000000083800000| 32%| O|  |TAMS 0x0000000083700000, 0x0000000083700000| Untracked 
|  56|0x0000000083800000, 0x0000000083800000, 0x0000000083900000|  0%| F|  |TAMS 0x0000000083800000, 0x0000000083800000| Untracked 
|  57|0x0000000083900000, 0x0000000083900000, 0x0000000083a00000|  0%| F|  |TAMS 0x0000000083900000, 0x0000000083900000| Untracked 
|  58|0x0000000083a00000, 0x0000000083a00000, 0x0000000083b00000|  0%| F|  |TAMS 0x0000000083a00000, 0x0000000083a00000| Untracked 
|  59|0x0000000083b00000, 0x0000000083b00000, 0x0000000083c00000|  0%| F|  |TAMS 0x0000000083b00000, 0x0000000083b00000| Untracked 
|  60|0x0000000083c00000, 0x0000000083c00000, 0x0000000083d00000|  0%| F|  |TAMS 0x0000000083c00000, 0x0000000083c00000| Untracked 
|  61|0x0000000083d00000, 0x0000000083d00000, 0x0000000083e00000|  0%| F|  |TAMS 0x0000000083d00000, 0x0000000083d00000| Untracked 
|  62|0x0000000083e00000, 0x0000000083e00000, 0x0000000083f00000|  0%| F|  |TAMS 0x0000000083e00000, 0x0000000083e00000| Untracked 
|  63|0x0000000083f00000, 0x0000000083f00000, 0x0000000084000000|  0%| F|  |TAMS 0x0000000083f00000, 0x0000000083f00000| Untracked 
|  64|0x0000000084000000, 0x0000000084000000, 0x0000000084100000|  0%| F|  |TAMS 0x0000000084000000, 0x0000000084000000| Untracked 
|  65|0x0000000084100000, 0x0000000084100000, 0x0000000084200000|  0%| F|  |TAMS 0x0000000084100000, 0x0000000084100000| Untracked 
|  66|0x0000000084200000, 0x0000000084200000, 0x0000000084300000|  0%| F|  |TAMS 0x0000000084200000, 0x0000000084200000| Untracked 
|  67|0x0000000084300000, 0x0000000084300000, 0x0000000084400000|  0%| F|  |TAMS 0x0000000084300000, 0x0000000084300000| Untracked 
|  68|0x0000000084400000, 0x0000000084400000, 0x0000000084500000|  0%| F|  |TAMS 0x0000000084400000, 0x0000000084400000| Untracked 
|  69|0x0000000084500000, 0x0000000084591018, 0x0000000084600000| 56%| S|CS|TAMS 0x0000000084500000, 0x0000000084500000| Complete 
|  70|0x0000000084600000, 0x0000000084700000, 0x0000000084700000|100%| S|CS|TAMS 0x0000000084600000, 0x0000000084600000| Complete 
|  71|0x0000000084700000, 0x0000000084800000, 0x0000000084800000|100%| S|CS|TAMS 0x0000000084700000, 0x0000000084700000| Complete 
|  72|0x0000000084800000, 0x0000000084800000, 0x0000000084900000|  0%| F|  |TAMS 0x0000000084800000, 0x0000000084800000| Untracked 
|  73|0x0000000084900000, 0x0000000084900000, 0x0000000084a00000|  0%| F|  |TAMS 0x0000000084900000, 0x0000000084900000| Untracked 
|  74|0x0000000084a00000, 0x0000000084a00000, 0x0000000084b00000|  0%| F|  |TAMS 0x0000000084a00000, 0x0000000084a00000| Untracked 
|  75|0x0000000084b00000, 0x0000000084b00000, 0x0000000084c00000|  0%| F|  |TAMS 0x0000000084b00000, 0x0000000084b00000| Untracked 
|  76|0x0000000084c00000, 0x0000000084c00000, 0x0000000084d00000|  0%| F|  |TAMS 0x0000000084c00000, 0x0000000084c00000| Untracked 
|  77|0x0000000084d00000, 0x0000000084d00000, 0x0000000084e00000|  0%| F|  |TAMS 0x0000000084d00000, 0x0000000084d00000| Untracked 
|  78|0x0000000084e00000, 0x0000000084e00000, 0x0000000084f00000|  0%| F|  |TAMS 0x0000000084e00000, 0x0000000084e00000| Untracked 
|  79|0x0000000084f00000, 0x0000000084f00000, 0x0000000085000000|  0%| F|  |TAMS 0x0000000084f00000, 0x0000000084f00000| Untracked 
|  80|0x0000000085000000, 0x0000000085000000, 0x0000000085100000|  0%| F|  |TAMS 0x0000000085000000, 0x0000000085000000| Untracked 
|  81|0x0000000085100000, 0x0000000085100000, 0x0000000085200000|  0%| F|  |TAMS 0x0000000085100000, 0x0000000085100000| Untracked 
|  82|0x0000000085200000, 0x0000000085200000, 0x0000000085300000|  0%| F|  |TAMS 0x0000000085200000, 0x0000000085200000| Untracked 
|  83|0x0000000085300000, 0x0000000085300000, 0x0000000085400000|  0%| F|  |TAMS 0x0000000085300000, 0x0000000085300000| Untracked 
|  84|0x0000000085400000, 0x00000000854c0090, 0x0000000085500000| 75%| E|  |TAMS 0x0000000085400000, 0x0000000085400000| Complete 
|  85|0x0000000085500000, 0x0000000085600000, 0x0000000085600000|100%| E|CS|TAMS 0x0000000085500000, 0x0000000085500000| Complete 
|  86|0x0000000085600000, 0x0000000085700000, 0x0000000085700000|100%| E|CS|TAMS 0x0000000085600000, 0x0000000085600000| Complete 
|  87|0x0000000085700000, 0x0000000085800000, 0x0000000085800000|100%| E|CS|TAMS 0x0000000085700000, 0x0000000085700000| Complete 
|  88|0x0000000085800000, 0x0000000085900000, 0x0000000085900000|100%| E|CS|TAMS 0x0000000085800000, 0x0000000085800000| Complete 
|  89|0x0000000085900000, 0x0000000085a00000, 0x0000000085a00000|100%| E|CS|TAMS 0x0000000085900000, 0x0000000085900000| Complete 
|  90|0x0000000085a00000, 0x0000000085b00000, 0x0000000085b00000|100%| E|CS|TAMS 0x0000000085a00000, 0x0000000085a00000| Complete 
|  91|0x0000000085b00000, 0x0000000085c00000, 0x0000000085c00000|100%| E|CS|TAMS 0x0000000085b00000, 0x0000000085b00000| Complete 
|  92|0x0000000085c00000, 0x0000000085d00000, 0x0000000085d00000|100%| E|CS|TAMS 0x0000000085c00000, 0x0000000085c00000| Complete 
|  93|0x0000000085d00000, 0x0000000085e00000, 0x0000000085e00000|100%| E|CS|TAMS 0x0000000085d00000, 0x0000000085d00000| Complete 

Card table byte_map: [0x000001f4be130000,0x000001f4be530000] _byte_map_base: 0x000001f4bdd30000

Marking Bits (Prev, Next): (CMBitMap*) 0x000001f4aacffdd0, (CMBitMap*) 0x000001f4aacffd98
 Prev Bits: [0x000001f4c0930000, 0x000001f4c2930000)
 Next Bits: [0x000001f4be930000, 0x000001f4c0930000)

Polling page: 0x000001f4aa4a0000

Metaspace:

Usage:
  Non-class:     62.68 MB capacity,    61.63 MB ( 98%) used,   902.90 KB (  1%) free+waste,   176.25 KB ( <1%) overhead. 
      Class:      9.69 MB capacity,     9.02 MB ( 93%) used,   598.23 KB (  6%) free+waste,    81.81 KB ( <1%) overhead. 
       Both:     72.37 MB capacity,    70.65 MB ( 98%) used,     1.47 MB (  2%) free+waste,   258.06 KB ( <1%) overhead. 

Virtual space:
  Non-class space:       64.00 MB reserved,      62.83 MB ( 98%) committed 
      Class space:        1.00 GB reserved,       9.75 MB ( <1%) committed 
             Both:        1.06 GB reserved,      72.58 MB (  7%) committed 

Chunk freelists:
   Non-Class:  23.00 KB
       Class:  0 bytes
        Both:  23.00 KB

MaxMetaspaceSize: 17179869184.00 GB
CompressedClassSpaceSize: 1.00 GB
Initial GC threshold: 20.80 MB
Current GC threshold: 116.17 MB
CDS: off

CodeHeap 'non-profiled nmethods': size=120000Kb used=3597Kb max_used=3597Kb free=116402Kb
 bounds [0x000001f4b62b0000, 0x000001f4b6640000, 0x000001f4bd7e0000]
CodeHeap 'profiled nmethods': size=120000Kb used=15204Kb max_used=15204Kb free=104795Kb
 bounds [0x000001f4aed80000, 0x000001f4afc60000, 0x000001f4b62b0000]
CodeHeap 'non-nmethods': size=5760Kb used=2346Kb max_used=2395Kb free=3413Kb
 bounds [0x000001f4ae7e0000, 0x000001f4aea50000, 0x000001f4aed80000]
 total_blobs=7854 nmethods=6993 adapters=773
 compilation: enabled
              stopped_count=0, restarted_count=0
 full_count=0

Compilation events (20 events):
Event: 13.322 Thread 0x000001f4c5f61000 7012       3       org.gradle.util.Path::toString (5 bytes)
Event: 13.322 Thread 0x000001f4c5f61000 nmethod 7012 0x000001f4afc2b090 code [0x000001f4afc2b260, 0x000001f4afc2b4a8]
Event: 13.328 Thread 0x000001f4c5f61000 7013       3       org.apache.commons.lang.StringUtils::containsAny (128 bytes)
Event: 13.329 Thread 0x000001f4c5f61000 nmethod 7013 0x000001f4afc2b590 code [0x000001f4afc2b8a0, 0x000001f4afc2cbe8]
Event: 13.347 Thread 0x000001f4c5f61000 7014       3       java.lang.reflect.ProxyGenerator$ProxyMethod::generateMethod (733 bytes)
Event: 13.356 Thread 0x000001f4c5f61000 nmethod 7014 0x000001f4afc2d410 code [0x000001f4afc2e180, 0x000001f4afc36ce8]
Event: 13.356 Thread 0x000001f4c5f61000 7018       3       java.lang.reflect.ProxyGenerator::computeUniqueCatchList (163 bytes)
Event: 13.358 Thread 0x000001f4c5f61000 nmethod 7018 0x000001f4afc3a410 code [0x000001f4afc3a820, 0x000001f4afc3c4b8]
Event: 13.358 Thread 0x000001f4c5f61000 7019       3       java.lang.reflect.ProxyGenerator$FieldInfo::write (50 bytes)
Event: 13.359 Thread 0x000001f4c5f61000 nmethod 7019 0x000001f4afc3d110 code [0x000001f4afc3d400, 0x000001f4afc3e338]
Event: 13.359 Thread 0x000001f4c5f61000 7015       3       java.lang.reflect.ProxyGenerator::getMethodDescriptor (37 bytes)
Event: 13.359 Thread 0x000001f4c5f61000 nmethod 7015 0x000001f4afc3e890 code [0x000001f4afc3eb00, 0x000001f4afc3f308]
Event: 13.360 Thread 0x000001f4c5f61000 7016       3       java.lang.reflect.ProxyGenerator$ConstantPool::getInterfaceMethodRef (33 bytes)
Event: 13.360 Thread 0x000001f4c5f61000 nmethod 7016 0x000001f4afc3f610 code [0x000001f4afc3f8e0, 0x000001f4afc40528]
Event: 13.360 Thread 0x000001f4c5f61000 7017       3       java.lang.reflect.ProxyGenerator$PrimitiveTypeInfo::get (13 bytes)
Event: 13.360 Thread 0x000001f4c5f61000 nmethod 7017 0x000001f4afc40a90 code [0x000001f4afc40c60, 0x000001f4afc40f08]
Event: 13.364 Thread 0x000001f4c5f61000 7020       3       org.gradle.api.internal.provider.DefaultProviderFactory::provider (23 bytes)
Event: 13.364 Thread 0x000001f4c5f61000 nmethod 7020 0x000001f4afc41010 code [0x000001f4afc41200, 0x000001f4afc415c8]
Event: 13.364 Thread 0x000001f4c5f61000 7021       3       org.gradle.api.internal.provider.DefaultProvider::<init> (10 bytes)
Event: 13.364 Thread 0x000001f4c5f61000 nmethod 7021 0x000001f4afc41710 code [0x000001f4afc418c0, 0x000001f4afc41ad8]

GC Heap History (20 events):
Event: 10.427 GC heap before
{Heap before GC invocations=15 (full 0):
 garbage-first heap   total 96256K, used 73899K [0x0000000080000000, 0x0000000100000000)
  region size 1024K, 35 young (35840K), 6 survivors (6144K)
 Metaspace       used 53576K, capacity 55042K, committed 55376K, reserved 1097728K
  class space    used 6754K, capacity 7303K, committed 7424K, reserved 1048576K
}
Event: 10.431 GC heap after
{Heap after GC invocations=16 (full 0):
 garbage-first heap   total 96256K, used 46799K [0x0000000080000000, 0x0000000100000000)
  region size 1024K, 2 young (2048K), 2 survivors (2048K)
 Metaspace       used 53576K, capacity 55042K, committed 55376K, reserved 1097728K
  class space    used 6754K, capacity 7303K, committed 7424K, reserved 1048576K
}
Event: 10.873 GC heap before
{Heap before GC invocations=16 (full 0):
 garbage-first heap   total 96256K, used 75471K [0x0000000080000000, 0x0000000100000000)
  region size 1024K, 30 young (30720K), 2 survivors (2048K)
 Metaspace       used 57979K, capacity 59549K, committed 59600K, reserved 1101824K
  class space    used 7225K, capacity 7799K, committed 7808K, reserved 1048576K
}
Event: 10.877 GC heap after
{Heap after GC invocations=17 (full 0):
 garbage-first heap   total 96256K, used 47500K [0x0000000080000000, 0x0000000100000000)
  region size 1024K, 3 young (3072K), 3 survivors (3072K)
 Metaspace       used 57979K, capacity 59549K, committed 59600K, reserved 1101824K
  class space    used 7225K, capacity 7799K, committed 7808K, reserved 1048576K
}
Event: 11.277 GC heap before
{Heap before GC invocations=18 (full 0):
 garbage-first heap   total 96256K, used 75148K [0x0000000080000000, 0x0000000100000000)
  region size 1024K, 31 young (31744K), 3 survivors (3072K)
 Metaspace       used 61266K, capacity 62858K, committed 63184K, reserved 1103872K
  class space    used 7618K, capacity 8219K, committed 8320K, reserved 1048576K
}
Event: 11.280 GC heap after
{Heap after GC invocations=19 (full 0):
 garbage-first heap   total 96256K, used 50315K [0x0000000080000000, 0x0000000100000000)
  region size 1024K, 4 young (4096K), 4 survivors (4096K)
 Metaspace       used 61266K, capacity 62858K, committed 63184K, reserved 1103872K
  class space    used 7618K, capacity 8219K, committed 8320K, reserved 1048576K
}
Event: 11.610 GC heap before
{Heap before GC invocations=19 (full 0):
 garbage-first heap   total 96256K, used 75915K [0x0000000080000000, 0x0000000100000000)
  region size 1024K, 30 young (30720K), 4 survivors (4096K)
 Metaspace       used 63873K, capacity 65453K, committed 65744K, reserved 1105920K
  class space    used 7935K, capacity 8524K, committed 8576K, reserved 1048576K
}
Event: 11.615 GC heap after
{Heap after GC invocations=20 (full 0):
 garbage-first heap   total 96256K, used 52371K [0x0000000080000000, 0x0000000100000000)
  region size 1024K, 2 young (2048K), 2 survivors (2048K)
 Metaspace       used 63873K, capacity 65453K, committed 65744K, reserved 1105920K
  class space    used 7935K, capacity 8524K, committed 8576K, reserved 1048576K
}
Event: 11.749 GC heap before
{Heap before GC invocations=21 (full 0):
 garbage-first heap   total 96256K, used 59539K [0x0000000080000000, 0x0000000100000000)
  region size 1024K, 11 young (11264K), 2 survivors (2048K)
 Metaspace       used 64590K, capacity 66266K, committed 66384K, reserved 1107968K
  class space    used 8041K, capacity 8687K, committed 8704K, reserved 1048576K
}
Event: 11.752 GC heap after
{Heap after GC invocations=22 (full 0):
 garbage-first heap   total 96256K, used 52973K [0x0000000080000000, 0x0000000100000000)
  region size 1024K, 3 young (3072K), 3 survivors (3072K)
 Metaspace       used 64590K, capacity 66266K, committed 66384K, reserved 1107968K
  class space    used 8041K, capacity 8687K, committed 8704K, reserved 1048576K
}
Event: 11.984 GC heap before
{Heap before GC invocations=23 (full 0):
 garbage-first heap   total 96256K, used 74477K [0x0000000080000000, 0x0000000100000000)
  region size 1024K, 23 young (23552K), 3 survivors (3072K)
 Metaspace       used 65388K, capacity 67109K, committed 67280K, reserved 1107968K
  class space    used 8167K, capacity 8794K, committed 8832K, reserved 1048576K
}
Event: 11.988 GC heap after
{Heap after GC invocations=24 (full 0):
 garbage-first heap   total 96256K, used 54141K [0x0000000080000000, 0x0000000100000000)
  region size 1024K, 3 young (3072K), 3 survivors (3072K)
 Metaspace       used 65388K, capacity 67109K, committed 67280K, reserved 1107968K
  class space    used 8167K, capacity 8794K, committed 8832K, reserved 1048576K
}
Event: 12.096 GC heap before
{Heap before GC invocations=24 (full 0):
 garbage-first heap   total 96256K, used 74621K [0x0000000080000000, 0x0000000100000000)
  region size 1024K, 23 young (23552K), 3 survivors (3072K)
 Metaspace       used 65476K, capacity 67205K, committed 67280K, reserved 1107968K
  class space    used 8179K, capacity 8826K, committed 8832K, reserved 1048576K
}
Event: 12.100 GC heap after
{Heap after GC invocations=25 (full 0):
 garbage-first heap   total 96256K, used 55900K [0x0000000080000000, 0x0000000100000000)
  region size 1024K, 3 young (3072K), 3 survivors (3072K)
 Metaspace       used 65476K, capacity 67205K, committed 67280K, reserved 1107968K
  class space    used 8179K, capacity 8826K, committed 8832K, reserved 1048576K
}
Event: 12.372 GC heap before
{Heap before GC invocations=26 (full 0):
 garbage-first heap   total 96256K, used 76380K [0x0000000080000000, 0x0000000100000000)
  region size 1024K, 23 young (23552K), 3 survivors (3072K)
 Metaspace       used 66750K, capacity 68435K, committed 68688K, reserved 1110016K
  class space    used 8322K, capacity 8957K, committed 8960K, reserved 1048576K
}
Event: 12.376 GC heap after
{Heap after GC invocations=27 (full 0):
 garbage-first heap   total 96256K, used 56808K [0x0000000080000000, 0x0000000100000000)
  region size 1024K, 1 young (1024K), 1 survivors (1024K)
 Metaspace       used 66750K, capacity 68435K, committed 68688K, reserved 1110016K
  class space    used 8322K, capacity 8957K, committed 8960K, reserved 1048576K
}
Event: 12.814 GC heap before
{Heap before GC invocations=27 (full 0):
 garbage-first heap   total 96256K, used 77288K [0x0000000080000000, 0x0000000100000000)
  region size 1024K, 21 young (21504K), 1 survivors (1024K)
 Metaspace       used 69351K, capacity 70982K, committed 71248K, reserved 1112064K
  class space    used 8795K, capacity 9445K, committed 9472K, reserved 1048576K
}
Event: 12.816 GC heap after
{Heap after GC invocations=28 (full 0):
 garbage-first heap   total 96256K, used 57811K [0x0000000080000000, 0x0000000100000000)
  region size 1024K, 2 young (2048K), 2 survivors (2048K)
 Metaspace       used 69351K, capacity 70982K, committed 71248K, reserved 1112064K
  class space    used 8795K, capacity 9445K, committed 9472K, reserved 1048576K
}
Event: 13.170 GC heap before
{Heap before GC invocations=29 (full 0):
 garbage-first heap   total 96256K, used 78291K [0x0000000080000000, 0x0000000100000000)
  region size 1024K, 22 young (22528K), 2 survivors (2048K)
 Metaspace       used 71371K, capacity 73068K, committed 73296K, reserved 1114112K
  class space    used 9088K, capacity 9728K, committed 9728K, reserved 1048576K
}
Event: 13.174 GC heap after
{Heap after GC invocations=30 (full 0):
 garbage-first heap   total 96256K, used 59282K [0x0000000080000000, 0x0000000100000000)
  region size 1024K, 3 young (3072K), 3 survivors (3072K)
 Metaspace       used 71371K, capacity 73068K, committed 73296K, reserved 1114112K
  class space    used 9088K, capacity 9728K, committed 9728K, reserved 1048576K
}

Deoptimization events (20 events):
Event: 12.065 Thread 0x000001f4c85f2000 Uncommon trap: trap_request=0xffffff4d fr.pc=0x000001f4b65371dc relative=0x000000000000381c
Event: 12.065 Thread 0x000001f4c85f2000 Uncommon trap: reason=unstable_if action=reinterpret pc=0x000001f4b65371dc method=org.codehaus.groovy.runtime.metaclass.MetaMethodIndex.isOverridden(Lgroovy/lang/MetaMethod;Lgroovy/lang/MetaMethod;)Z @ 33 c2
Event: 12.065 Thread 0x000001f4c85f2000 DEOPT PACKING pc=0x000001f4b65371dc sp=0x000000ced80f4ac0
Event: 12.065 Thread 0x000001f4c85f2000 DEOPT UNPACKING pc=0x000001f4ae82a1af sp=0x000000ced80f4a78 mode 2
Event: 12.969 Thread 0x000001f4c85f2000 Uncommon trap: trap_request=0xffffffdc fr.pc=0x000001f4b6619ae8 relative=0x00000000000002a8
Event: 12.969 Thread 0x000001f4c85f2000 Uncommon trap: reason=class_check action=make_not_entrant pc=0x000001f4b6619ae8 method=java.util.ArrayList.toArray([Ljava/lang/Object;)[Ljava/lang/Object; @ 21 c2
Event: 12.969 Thread 0x000001f4c85f2000 DEOPT PACKING pc=0x000001f4b6619ae8 sp=0x000000ced80f9550
Event: 12.969 Thread 0x000001f4c85f2000 DEOPT UNPACKING pc=0x000001f4ae82a1af sp=0x000000ced80f9520 mode 2
Event: 13.102 Thread 0x000001f4c85f2000 Uncommon trap: trap_request=0xffffffde fr.pc=0x000001f4b65be57c relative=0x0000000000000edc
Event: 13.102 Thread 0x000001f4c85f2000 Uncommon trap: reason=class_check action=maybe_recompile pc=0x000001f4b65be57c method=org.gradle.internal.instantiation.generator.AbstractClassGenerator$InjectionAnnotationValidator.validateMethod(Ljava/lang/reflect/Method;Lorg/gradle/internal/reflect/Pro
Event: 13.102 Thread 0x000001f4c85f2000 DEOPT PACKING pc=0x000001f4b65be57c sp=0x000000ced80f87e0
Event: 13.102 Thread 0x000001f4c85f2000 DEOPT UNPACKING pc=0x000001f4ae82a1af sp=0x000000ced80f8798 mode 2
Event: 13.228 Thread 0x000001f4c85f2000 Uncommon trap: trap_request=0xffffff4d fr.pc=0x000001f4b64bcdfc relative=0x0000000000000c5c
Event: 13.228 Thread 0x000001f4c85f2000 Uncommon trap: reason=unstable_if action=reinterpret pc=0x000001f4b64bcdfc method=com.esotericsoftware.kryo.io.Input.readString()Ljava/lang/String; @ 28 c2
Event: 13.228 Thread 0x000001f4c85f2000 DEOPT PACKING pc=0x000001f4b64bcdfc sp=0x000000ced80f8ff0
Event: 13.228 Thread 0x000001f4c85f2000 DEOPT UNPACKING pc=0x000001f4ae82a1af sp=0x000000ced80f8fc8 mode 2
Event: 13.228 Thread 0x000001f4c85f2000 Uncommon trap: trap_request=0xffffff4d fr.pc=0x000001f4b64b827c relative=0x00000000000001bc
Event: 13.228 Thread 0x000001f4c85f2000 Uncommon trap: reason=unstable_if action=reinterpret pc=0x000001f4b64b827c method=com.esotericsoftware.kryo.io.Input.require(I)I @ 65 c2
Event: 13.228 Thread 0x000001f4c85f2000 DEOPT PACKING pc=0x000001f4b64b827c sp=0x000000ced80f8e90
Event: 13.228 Thread 0x000001f4c85f2000 DEOPT UNPACKING pc=0x000001f4ae82a1af sp=0x000000ced80f8e50 mode 2

Classes redefined (0 events):
No events

Internal exceptions (20 events):
Event: 12.106 Thread 0x000001f4c85f2000 Exception <a 'java/lang/ClassNotFoundException'{0x0000000085c43ea0}: org/gradle/api/internal/file/CompositeFileTreeBeanInfo> (0x0000000085c43ea0) thrown at [./src/hotspot/share/classfile/systemDictionary.cpp, line 231]
Event: 12.106 Thread 0x000001f4c85f2000 Exception <a 'java/lang/ClassNotFoundException'{0x0000000085c76ff0}: org/gradle/api/internal/file/CompositeFileCollectionBeanInfo> (0x0000000085c76ff0) thrown at [./src/hotspot/share/classfile/systemDictionary.cpp, line 231]
Event: 12.107 Thread 0x000001f4c85f2000 Exception <a 'java/lang/ClassNotFoundException'{0x0000000085ca9ec8}: org/gradle/api/internal/file/AbstractFileCollectionBeanInfo> (0x0000000085ca9ec8) thrown at [./src/hotspot/share/classfile/systemDictionary.cpp, line 231]
Event: 12.108 Thread 0x000001f4c85f2000 Exception <a 'java/lang/ClassNotFoundException'{0x0000000085cdd148}: org/gradle/api/internal/file/AbstractFileCollectionCustomizer> (0x0000000085cdd148) thrown at [./src/hotspot/share/classfile/systemDictionary.cpp, line 231]
Event: 12.109 Thread 0x000001f4c85f2000 Exception <a 'java/lang/ClassNotFoundException'{0x0000000085b226a0}: org/gradle/api/internal/file/CompositeFileCollectionCustomizer> (0x0000000085b226a0) thrown at [./src/hotspot/share/classfile/systemDictionary.cpp, line 231]
Event: 12.110 Thread 0x000001f4c85f2000 Exception <a 'java/lang/ClassNotFoundException'{0x0000000085b5b6e0}: org/gradle/api/internal/file/CompositeFileTreeCustomizer> (0x0000000085b5b6e0) thrown at [./src/hotspot/share/classfile/systemDictionary.cpp, line 231]
Event: 12.111 Thread 0x000001f4c85f2000 Exception <a 'java/lang/ClassNotFoundException'{0x0000000085b9fd18}: org/gradle/api/internal/file/collections/DefaultConfigurableFileTreeCustomizer> (0x0000000085b9fd18) thrown at [./src/hotspot/share/classfile/systemDictionary.cpp, line 231]
Event: 12.117 Thread 0x000001f4c85f2000 Exception <a 'java/lang/ClassNotFoundException'{0x0000000085a8b6f0}: groovy/lang/GString$1BeanInfo> (0x0000000085a8b6f0) thrown at [./src/hotspot/share/classfile/systemDictionary.cpp, line 231]
Event: 12.119 Thread 0x000001f4c85f2000 Exception <a 'java/lang/ClassNotFoundException'{0x0000000085ac63a0}: groovy/lang/GStringBeanInfo> (0x0000000085ac63a0) thrown at [./src/hotspot/share/classfile/systemDictionary.cpp, line 231]
Event: 12.120 Thread 0x000001f4c85f2000 Exception <a 'java/lang/ClassNotFoundException'{0x0000000085901948}: groovy/lang/GStringCustomizer> (0x0000000085901948) thrown at [./src/hotspot/share/classfile/systemDictionary.cpp, line 231]
Event: 12.122 Thread 0x000001f4c85f2000 Exception <a 'java/lang/ClassNotFoundException'{0x00000000859466e8}: groovy/lang/GString$1Customizer> (0x00000000859466e8) thrown at [./src/hotspot/share/classfile/systemDictionary.cpp, line 231]
Event: 12.140 Thread 0x000001f4c85f2000 Exception <a 'java/lang/ClassNotFoundException'{0x00000000856fbd80}: org/codehaus/groovy/runtime/GStringImplBeanInfo> (0x00000000856fbd80) thrown at [./src/hotspot/share/classfile/systemDictionary.cpp, line 231]
Event: 12.147 Thread 0x000001f4c85f2000 Exception <a 'java/lang/ClassNotFoundException'{0x00000000853b4c78}: org/codehaus/groovy/runtime/GStringImplCustomizer> (0x00000000853b4c78) thrown at [./src/hotspot/share/classfile/systemDictionary.cpp, line 231]
Event: 13.160 Thread 0x000001f4c85f2000 Exception <a 'java/lang/ClassNotFoundException'{0x0000000084b1fdc8}: com/android/build/gradle/internal/api/ApkVariantOutputImpl_DecoratedBeanInfo> (0x0000000084b1fdc8) thrown at [./src/hotspot/share/classfile/systemDictionary.cpp, line 231]
Event: 13.161 Thread 0x000001f4c85f2000 Exception <a 'java/lang/ClassNotFoundException'{0x0000000084b3a5f8}: com/android/build/gradle/internal/api/ApkVariantOutputImplBeanInfo> (0x0000000084b3a5f8) thrown at [./src/hotspot/share/classfile/systemDictionary.cpp, line 231]
Event: 13.161 Thread 0x000001f4c85f2000 Exception <a 'java/lang/ClassNotFoundException'{0x0000000084b55668}: com/android/build/gradle/internal/api/BaseVariantOutputImplBeanInfo> (0x0000000084b55668) thrown at [./src/hotspot/share/classfile/systemDictionary.cpp, line 231]
Event: 13.161 Thread 0x000001f4c85f2000 Exception <a 'java/lang/ClassNotFoundException'{0x0000000084b70a30}: com/android/build/gradle/internal/api/BaseVariantOutputImplCustomizer> (0x0000000084b70a30) thrown at [./src/hotspot/share/classfile/systemDictionary.cpp, line 231]
Event: 13.162 Thread 0x000001f4c85f2000 Exception <a 'java/lang/ClassNotFoundException'{0x0000000084b9e1a0}: com/android/build/gradle/internal/api/ApkVariantOutputImplCustomizer> (0x0000000084b9e1a0) thrown at [./src/hotspot/share/classfile/systemDictionary.cpp, line 231]
Event: 13.163 Thread 0x000001f4c85f2000 Exception <a 'java/lang/ClassNotFoundException'{0x0000000084bc7e38}: com/android/build/gradle/internal/api/ApkVariantOutputImpl_DecoratedCustomizer> (0x0000000084bc7e38) thrown at [./src/hotspot/share/classfile/systemDictionary.cpp, line 231]
Event: 13.184 Thread 0x000001f4c85f2000 Exception <a 'java/lang/NoClassDefFoundError'{0x0000000085d64e48}: org/jetbrains/kotlin/gradle/plugin/KotlinBasePluginWrapper> (0x0000000085d64e48) thrown at [./src/hotspot/share/classfile/systemDictionary.cpp, line 220]

Events (20 events):
Event: 13.363 loading class com/android/build/api/variant/impl/JniLibsPackagingImpl$keepDebugSymbols$1
Event: 13.363 loading class com/android/build/api/variant/impl/JniLibsPackagingImpl$keepDebugSymbols$1 done
Event: 13.364 loading class com/android/build/api/variant/impl/ResourcesPackagingImpl
Event: 13.364 loading class com/android/build/api/variant/impl/ResourcesPackagingImpl done
Event: 13.365 loading class com/android/build/api/variant/ResourcesPackaging
Event: 13.365 loading class com/android/build/api/variant/ResourcesPackaging done
Event: 13.366 loading class com/android/build/api/variant/impl/ResourcesPackagingImpl$excludes$1
Event: 13.366 loading class com/android/build/api/variant/impl/ResourcesPackagingImpl$excludes$1 done
Event: 13.367 loading class com/android/build/api/variant/impl/ResourcesPackagingImpl$pickFirsts$1
Event: 13.367 loading class com/android/build/api/variant/impl/ResourcesPackagingImpl$pickFirsts$1 done
Event: 13.368 loading class com/android/build/api/variant/impl/ResourcesPackagingImpl$merges$1
Event: 13.368 loading class com/android/build/api/variant/impl/ResourcesPackagingImpl$merges$1 done
Event: 13.369 loading class com/android/build/api/variant/impl/DexPackagingOptionsImpl
Event: 13.369 loading class com/android/build/api/variant/impl/DexPackagingOptionsImpl done
Event: 13.370 loading class com/android/build/api/variant/DexPackagingOptions
Event: 13.370 loading class com/android/build/api/variant/DexPackagingOptions done
Event: 13.370 loading class com/android/build/api/variant/impl/JniLibsApkPackagingImpl
Event: 13.370 loading class com/android/build/api/variant/impl/JniLibsApkPackagingImpl done
Event: 13.371 loading class com/android/build/api/variant/JniLibsApkPackaging
Event: 13.371 loading class com/android/build/api/variant/JniLibsApkPackaging done


Dynamic libraries:
0x00007ff783b60000 - 0x00007ff783b6a000 	C:\Program Files\Android\Android Studio\jre\bin\java.exe
0x00007ffbcb0c0000 - 0x00007ffbcb2c9000 	C:\Windows\SYSTEM32\ntdll.dll
0x00007ffbc9640000 - 0x00007ffbc96fe000 	C:\Windows\System32\KERNEL32.DLL
0x00007ffbc8800000 - 0x00007ffbc8b83000 	C:\Windows\System32\KERNELBASE.dll
0x00007ffbc8570000 - 0x00007ffbc8681000 	C:\Windows\System32\ucrtbase.dll
0x00007ffbaf9f0000 - 0x00007ffbafa09000 	C:\Program Files\Android\Android Studio\jre\bin\jli.dll
0x00007ffbaf9d0000 - 0x00007ffbaf9e7000 	C:\Program Files\Android\Android Studio\jre\bin\VCRUNTIME140.dll
0x00007ffbcab60000 - 0x00007ffbcad0d000 	C:\Windows\System32\USER32.dll
0x00007ffbc8b90000 - 0x00007ffbc8bb6000 	C:\Windows\System32\win32u.dll
0x00007ffbaba20000 - 0x00007ffbabcc5000 	C:\Windows\WinSxS\amd64_microsoft.windows.common-controls_6595b64144ccf1df_6.0.22000.120_none_9d947278b86cc467\COMCTL32.dll
0x00007ffbcad10000 - 0x00007ffbcad39000 	C:\Windows\System32\GDI32.dll
0x00007ffbc8bc0000 - 0x00007ffbc8cda000 	C:\Windows\System32\gdi32full.dll
0x00007ffbc9b70000 - 0x00007ffbc9c13000 	C:\Windows\System32\msvcrt.dll
0x00007ffbc8ce0000 - 0x00007ffbc8d7d000 	C:\Windows\System32\msvcp_win.dll
0x00007ffbc8fe0000 - 0x00007ffbc9011000 	C:\Windows\System32\IMM32.DLL
0x00007ffb6a020000 - 0x00007ffb6a0bd000 	C:\Program Files\Android\Android Studio\jre\bin\msvcp140.dll
0x00007ffb68270000 - 0x00007ffb68d72000 	C:\Program Files\Android\Android Studio\jre\bin\server\jvm.dll
0x00007ffbcad40000 - 0x00007ffbcadee000 	C:\Windows\System32\ADVAPI32.dll
0x00007ffbc9e40000 - 0x00007ffbc9ede000 	C:\Windows\System32\sechost.dll
0x00007ffbca8e0000 - 0x00007ffbcaa01000 	C:\Windows\System32\RPCRT4.dll
0x00007ffbc90d0000 - 0x00007ffbc90d8000 	C:\Windows\System32\PSAPI.DLL
0x00007ffbc2850000 - 0x00007ffbc2883000 	C:\Windows\SYSTEM32\WINMM.dll
0x00007ffbbfaa0000 - 0x00007ffbbfaa9000 	C:\Windows\SYSTEM32\WSOCK32.dll
0x00007ffbbf870000 - 0x00007ffbbf87a000 	C:\Windows\SYSTEM32\VERSION.dll
0x00007ffbc90e0000 - 0x00007ffbc914f000 	C:\Windows\System32\WS2_32.dll
0x00007ffbc75f0000 - 0x00007ffbc7608000 	C:\Windows\SYSTEM32\kernel.appcore.dll
0x00007ffbc23d0000 - 0x00007ffbc23e1000 	C:\Program Files\Android\Android Studio\jre\bin\verify.dll
0x00007ffbc6110000 - 0x00007ffbc6331000 	C:\Windows\SYSTEM32\DBGHELP.DLL
0x00007ffbb88a0000 - 0x00007ffbb88d1000 	C:\Windows\SYSTEM32\dbgcore.DLL
0x00007ffbc8eb0000 - 0x00007ffbc8f2f000 	C:\Windows\System32\bcryptPrimitives.dll
0x00007ffbc23a0000 - 0x00007ffbc23c9000 	C:\Program Files\Android\Android Studio\jre\bin\java.dll
0x00007ffbc2390000 - 0x00007ffbc239b000 	C:\Program Files\Android\Android Studio\jre\bin\jimage.dll
0x00007ffbc2370000 - 0x00007ffbc2388000 	C:\Program Files\Android\Android Studio\jre\bin\zip.dll
0x00007ffbca000000 - 0x00007ffbca7c5000 	C:\Windows\System32\SHELL32.dll
0x00007ffbc6650000 - 0x00007ffbc6eb4000 	C:\Windows\SYSTEM32\windows.storage.dll
0x00007ffbc92c0000 - 0x00007ffbc9636000 	C:\Windows\System32\combase.dll
0x00007ffbc64e0000 - 0x00007ffbc6647000 	C:\Windows\SYSTEM32\wintypes.dll
0x00007ffbca7d0000 - 0x00007ffbca8ba000 	C:\Windows\System32\SHCORE.dll
0x00007ffbc9c20000 - 0x00007ffbc9c7d000 	C:\Windows\System32\shlwapi.dll
0x00007ffbc84a0000 - 0x00007ffbc84c1000 	C:\Windows\SYSTEM32\profapi.dll
0x00007ffbb2ef0000 - 0x00007ffbb2f0a000 	C:\Program Files\Android\Android Studio\jre\bin\net.dll
0x00007ffbc2f20000 - 0x00007ffbc3032000 	C:\Windows\SYSTEM32\WINHTTP.dll
0x00007ffbc7a90000 - 0x00007ffbc7af7000 	C:\Windows\system32\mswsock.dll
0x00007ffb9cbd0000 - 0x00007ffb9cbe4000 	C:\Program Files\Android\Android Studio\jre\bin\nio.dll
0x00007ffb63500000 - 0x00007ffb63527000 	C:\Users\nraje\.gradle\native\e1d6ef7f7dcc3fd88c89a11ec53ec762bb8ba0a96d01ffa2cd45eb1d1d8dd5c5\windows-amd64\native-platform.dll
0x00007ffb67f70000 - 0x00007ffb680b4000 	C:\Users\nraje\.gradle\native\5664cfc778a61ccfe75a443a1ab52a65af34e5dc3c78e0209fed803814484fcb\windows-amd64\native-platform-file-events.dll
0x00007ffb9cbc0000 - 0x00007ffb9cbca000 	C:\Program Files\Android\Android Studio\jre\bin\management.dll
0x00007ffb9cbb0000 - 0x00007ffb9cbbd000 	C:\Program Files\Android\Android Studio\jre\bin\management_ext.dll
0x00007ffbc7cf0000 - 0x00007ffbc7d08000 	C:\Windows\SYSTEM32\CRYPTSP.dll
0x00007ffbc7550000 - 0x00007ffbc7585000 	C:\Windows\system32\rsaenh.dll
0x00007ffbc7b90000 - 0x00007ffbc7bb9000 	C:\Windows\SYSTEM32\USERENV.dll
0x00007ffbc7ed0000 - 0x00007ffbc7ef7000 	C:\Windows\SYSTEM32\bcrypt.dll
0x00007ffbc7ce0000 - 0x00007ffbc7cec000 	C:\Windows\SYSTEM32\CRYPTBASE.dll
0x00007ffbc7110000 - 0x00007ffbc713d000 	C:\Windows\SYSTEM32\IPHLPAPI.DLL
0x00007ffbca8d0000 - 0x00007ffbca8d9000 	C:\Windows\System32\NSI.dll
0x00007ffbc2f00000 - 0x00007ffbc2f19000 	C:\Windows\SYSTEM32\dhcpcsvc6.DLL
0x00007ffbc3560000 - 0x00007ffbc357e000 	C:\Windows\SYSTEM32\dhcpcsvc.DLL
0x00007ffbc7140000 - 0x00007ffbc7228000 	C:\Windows\SYSTEM32\DNSAPI.dll

dbghelp: loaded successfully - version: 4.0.5 - missing functions: none
symbol engine: initialized successfully - sym options: 0x614 - pdb path: .;C:\Program Files\Android\Android Studio\jre\bin;C:\Windows\SYSTEM32;C:\Windows\WinSxS\amd64_microsoft.windows.common-controls_6595b64144ccf1df_6.0.22000.120_none_9d947278b86cc467;C:\Program Files\Android\Android Studio\jre\bin\server;C:\Users\nraje\.gradle\native\e1d6ef7f7dcc3fd88c89a11ec53ec762bb8ba0a96d01ffa2cd45eb1d1d8dd5c5\windows-amd64;C:\Users\nraje\.gradle\native\5664cfc778a61ccfe75a443a1ab52a65af34e5dc3c78e0209fed803814484fcb\windows-amd64

VM Arguments:
jvm_args: --add-opens=java.base/java.util=ALL-UNNAMED --add-opens=java.base/java.lang=ALL-UNNAMED --add-opens=java.base/java.lang.invoke=ALL-UNNAMED --add-opens=java.base/java.util=ALL-UNNAMED --add-opens=java.prefs/java.util.prefs=ALL-UNNAMED --add-opens=java.prefs/java.util.prefs=ALL-UNNAMED --add-opens=java.base/java.nio.charset=ALL-UNNAMED --add-opens=java.base/java.net=ALL-UNNAMED --add-opens=java.base/java.util.concurrent.atomic=ALL-UNNAMED -Xmx2048m -Dfile.encoding=windows-1252 -Duser.country=IN -Duser.language=en -Duser.variant 
java_command: org.gradle.launcher.daemon.bootstrap.GradleDaemon 7.2
java_class_path (initial): C:\Users\nraje\.gradle\wrapper\dists\gradle-7.2-all\260hg96vuh6ex27h9vo47iv4d\gradle-7.2\lib\gradle-launcher-7.2.jar
Launcher Type: SUN_STANDARD

[Global flags]
     intx CICompilerCount                          = 4                                         {product} {ergonomic}
     uint ConcGCThreads                            = 3                                         {product} {ergonomic}
     uint G1ConcRefinementThreads                  = 10                                        {product} {ergonomic}
   size_t G1HeapRegionSize                         = 1048576                                   {product} {ergonomic}
    uintx GCDrainStackTargetSize                   = 64                                        {product} {ergonomic}
   size_t InitialHeapSize                          = 98566144                                  {product} {ergonomic}
   size_t MarkStackSize                            = 4194304                                   {product} {ergonomic}
   size_t MaxHeapSize                              = 2147483648                                {product} {command line}
   size_t MaxNewSize                               = 1287651328                                {product} {ergonomic}
   size_t MinHeapDeltaBytes                        = 1048576                                   {product} {ergonomic}
    uintx NonNMethodCodeHeapSize                   = 5836300                                {pd product} {ergonomic}
    uintx NonProfiledCodeHeapSize                  = 122910970                              {pd product} {ergonomic}
    uintx ProfiledCodeHeapSize                     = 122910970                              {pd product} {ergonomic}
    uintx ReservedCodeCacheSize                    = 251658240                              {pd product} {ergonomic}
     bool SegmentedCodeCache                       = true                                      {product} {ergonomic}
     bool UseCompressedClassPointers               = true                                 {lp64_product} {ergonomic}
     bool UseCompressedOops                        = true                                 {lp64_product} {ergonomic}
     bool UseG1GC                                  = true                                      {product} {ergonomic}
     bool UseLargePagesIndividualAllocation        = false                                  {pd product} {ergonomic}

Logging:
Log output configuration:
 #0: stdout all=warning uptime,level,tags
 #1: stderr all=off uptime,level,tags

Environment Variables:
PATH=C:\Program Files\Common Files\Oracle\Java\javapath;C:\Program Files (x86)\Common Files\Oracle\Java\javapath;C:\Windows\system32;C:\Windows;C:\Windows\System32\Wbem;C:\Windows\System32\WindowsPowerShell\v1.0\;C:\Windows\System32\OpenSSH\;C:\Program Files\Git\cmd;C:\Users\nraje\AppData\Local\Microsoft\WindowsApps\python.exe;C:\Users\nraje\AppData\Local\Microsoft\WindowsApps\python.exe;C:\Users\nraje\AppData\Local\Microsoft\WindowsApps\;C:\Users\nraje\AppData\Local\Microsoft\WindowsApps\;C:\Users\nraje\AppData\Local\Microsoft\WindowsApps;;C:\Users\nraje\AppData\Local\Programs\Microsoft VS Code\bin
USERNAME=nraje
OS=Windows_NT
PROCESSOR_IDENTIFIER=AMD64 Family 23 Model 104 Stepping 1, AuthenticAMD



---------------  S Y S T E M  ---------------

OS: Windows 11 , 64 bit Build 22000 (10.0.22000.1761)
OS uptime: 11 days 5:19 hours

CPU:total 12 (initial active 12) (12 cores per cpu, 2 threads per core) family 23 model 104 stepping 1 microcode 0x0, cmov, cx8, fxsr, mmx, sse, sse2, sse3, ssse3, sse4.1, sse4.2, popcnt, avx, avx2, aes, clmul, mmxext, 3dnowpref, lzcnt, sse4a, ht, tsc, tscinvbit, tscinv, bmi1, bmi2, adx, sha, fma

Memory: 4k page, system-wide physical 6005M (61M free)
TotalPageFile size 24437M (AvailPageFile size 0M)
current process WorkingSet (physical memory assigned to process): 313M, peak: 313M
current process commit charge ("private bytes"): 368M, peak: 369M

vm_info: OpenJDK 64-Bit Server VM (11.0.13+0-b1751.21-8125866) for windows-amd64 JRE (11.0.13+0-b1751.21-8125866), built on Feb  2 2022 03:00:22 by "builder" with MS VC++ 14.0 (VS2015)

END.
