#
# There is insufficient memory for the Java Runtime Environment to continue.
# Native memory allocation (malloc) failed to allocate 409136 bytes for Chunk::new
# Possible reasons:
#   The system is out of physical RAM or swap space
#   The process is running with CompressedOops enabled, and the Java Heap may be blocking the growth of the native heap
# Possible solutions:
#   Reduce memory load on the system
#   Increase physical memory or swap space
#   Check if swap backing store is full
#   Decrease Java heap size (-Xmx/-Xms)
#   Decrease number of Java threads
#   Decrease Java thread stack sizes (-Xss)
#   Set larger code cache with -XX:ReservedCodeCacheSize=
#   JVM is running with Unscaled Compressed Oops mode in which the Java heap is
#     placed in the first 4GB address space. The Java Heap base address is the
#     maximum limit for the native heap growth. Please use -XX:HeapBaseMinAddress
#     to set the Java Heap base and to place the Java Heap above 4GB virtual address.
# This output file may be truncated or incomplete.
#
#  Out of Memory Error (./src/hotspot/share/memory/arena.cpp:197), pid=7340, tid=109096
#
# JRE version: OpenJDK Runtime Environment (11.0.13) (build 11.0.13+0-b1751.21-8125866)
# Java VM: OpenJDK 64-Bit Server VM (11.0.13+0-b1751.21-8125866, mixed mode, tiered, compressed oops, g1 gc, windows-amd64)
# No core dump will be written. Minidumps are not enabled by default on client versions of Windows
#

---------------  S U M M A R Y ------------

Command Line: --add-opens=java.base/java.util=ALL-UNNAMED --add-opens=java.base/java.lang=ALL-UNNAMED --add-opens=java.base/java.lang.invoke=ALL-UNNAMED --add-opens=java.base/java.util=ALL-UNNAMED --add-opens=java.prefs/java.util.prefs=ALL-UNNAMED --add-opens=java.prefs/java.util.prefs=ALL-UNNAMED --add-opens=java.base/java.nio.charset=ALL-UNNAMED --add-opens=java.base/java.net=ALL-UNNAMED --add-opens=java.base/java.util.concurrent.atomic=ALL-UNNAMED -Xmx2048m -Dfile.encoding=windows-1252 -Duser.country=IN -Duser.language=en -Duser.variant org.gradle.launcher.daemon.bootstrap.GradleDaemon 7.2

Host: AMD Ryzen 5 5500U with Radeon Graphics         , 12 cores, 5G,  Windows 11 , 64 bit Build 22000 (10.0.22000.1761)
Time: Thu May 11 23:54:22 2023 India Standard Time elapsed time: 3.572477 seconds (0d 0h 0m 3s)

---------------  T H R E A D  ---------------

Current thread (0x000001f1863f7800):  JavaThread "C2 CompilerThread0" daemon [_thread_in_native, id=109096, stack(0x000000a06da00000,0x000000a06db00000)]


Current CompileTask:
C2:   3572 1924   !   4       java.util.zip.InflaterInputStream::read (138 bytes)

Stack: [0x000000a06da00000,0x000000a06db00000]
Native frames: (J=compiled Java code, j=interpreted, Vv=VM code, C=native code)
V  [jvm.dll+0x6100fa]
V  [jvm.dll+0x747090]
V  [jvm.dll+0x7486ad]
V  [jvm.dll+0x748d83]
V  [jvm.dll+0x24ab48]
V  [jvm.dll+0xc04dc]
V  [jvm.dll+0xc0a0c]
V  [jvm.dll+0x35eb9d]
V  [jvm.dll+0x19d9bc]
V  [jvm.dll+0x2033be]
V  [jvm.dll+0x202437]
V  [jvm.dll+0x188e01]
V  [jvm.dll+0x21106b]
V  [jvm.dll+0x20f8c1]
V  [jvm.dll+0x70de0f]
V  [jvm.dll+0x706a75]
V  [jvm.dll+0x60ed66]
C  [ucrtbase.dll+0x26c0c]
C  [KERNEL32.DLL+0x15590]
C  [ntdll.dll+0x485b]


---------------  P R O C E S S  ---------------

Threads class SMR info:
_java_thread_list=0x000001f1891492b0, length=23, elements={
0x000001f1eba2e000, 0x000001f1863d4800, 0x000001f1863de000, 0x000001f1863f3800,
0x000001f1863f4800, 0x000001f1863f5000, 0x000001f1863f7800, 0x000001f186400800,
0x000001f18640e000, 0x000001f186ed4800, 0x000001f187dab800, 0x000001f188eb6800,
0x000001f18884c800, 0x000001f188f8b000, 0x000001f1888e8800, 0x000001f1888e9800,
0x000001f188f5e800, 0x000001f18816b000, 0x000001f188705800, 0x000001f1892d8800,
0x000001f1892d9000, 0x000001f1892da000, 0x000001f1892d6000
}

Java Threads: ( => current thread )
  0x000001f1eba2e000 JavaThread "main" [_thread_blocked, id=130968, stack(0x000000a06ce00000,0x000000a06cf00000)]
  0x000001f1863d4800 JavaThread "Reference Handler" daemon [_thread_blocked, id=100396, stack(0x000000a06d500000,0x000000a06d600000)]
  0x000001f1863de000 JavaThread "Finalizer" daemon [_thread_blocked, id=120300, stack(0x000000a06d600000,0x000000a06d700000)]
  0x000001f1863f3800 JavaThread "Signal Dispatcher" daemon [_thread_blocked, id=111052, stack(0x000000a06d700000,0x000000a06d800000)]
  0x000001f1863f4800 JavaThread "Attach Listener" daemon [_thread_blocked, id=127388, stack(0x000000a06d800000,0x000000a06d900000)]
  0x000001f1863f5000 JavaThread "Service Thread" daemon [_thread_blocked, id=121596, stack(0x000000a06d900000,0x000000a06da00000)]
=>0x000001f1863f7800 JavaThread "C2 CompilerThread0" daemon [_thread_in_native, id=109096, stack(0x000000a06da00000,0x000000a06db00000)]
  0x000001f186400800 JavaThread "C1 CompilerThread0" daemon [_thread_blocked, id=103248, stack(0x000000a06db00000,0x000000a06dc00000)]
  0x000001f18640e000 JavaThread "Sweeper thread" daemon [_thread_blocked, id=128332, stack(0x000000a06dc00000,0x000000a06dd00000)]
  0x000001f186ed4800 JavaThread "Common-Cleaner" daemon [_thread_blocked, id=128864, stack(0x000000a06dd00000,0x000000a06de00000)]
  0x000001f187dab800 JavaThread "Daemon health stats" [_thread_blocked, id=120576, stack(0x000000a06e000000,0x000000a06e100000)]
  0x000001f188eb6800 JavaThread "Incoming local TCP Connector on port 53893" [_thread_in_native, id=96196, stack(0x000000a06e300000,0x000000a06e400000)]
  0x000001f18884c800 JavaThread "Daemon periodic checks" [_thread_blocked, id=64608, stack(0x000000a06e400000,0x000000a06e500000)]
  0x000001f188f8b000 JavaThread "Daemon" [_thread_blocked, id=129920, stack(0x000000a06e500000,0x000000a06e600000)]
  0x000001f1888e8800 JavaThread "Handler for socket connection from /127.0.0.1:53893 to /127.0.0.1:53894" [_thread_in_native, id=130664, stack(0x000000a06e600000,0x000000a06e700000)]
  0x000001f1888e9800 JavaThread "Cancel handler" [_thread_blocked, id=119460, stack(0x000000a06e700000,0x000000a06e800000)]
  0x000001f188f5e800 JavaThread "Daemon worker" [_thread_in_vm, id=120384, stack(0x000000a06e800000,0x000000a06e900000)]
  0x000001f18816b000 JavaThread "Asynchronous log dispatcher for DefaultDaemonConnection: socket connection from /127.0.0.1:53893 to /127.0.0.1:53894" [_thread_blocked, id=115244, stack(0x000000a06e900000,0x000000a06ea00000)]
  0x000001f188705800 JavaThread "Stdin handler" [_thread_blocked, id=103024, stack(0x000000a06ea00000,0x000000a06eb00000)]
  0x000001f1892d8800 JavaThread "Daemon client event forwarder" [_thread_blocked, id=108288, stack(0x000000a06eb00000,0x000000a06ec00000)]
  0x000001f1892d9000 JavaThread "Cache worker for journal cache (C:\Users\nraje\.gradle\caches\journal-1)" [_thread_blocked, id=115220, stack(0x000000a06f200000,0x000000a06f300000)]
  0x000001f1892da000 JavaThread "File lock request listener" [_thread_in_native, id=127652, stack(0x000000a06f300000,0x000000a06f400000)]
  0x000001f1892d6000 JavaThread "Cache worker for file hash cache (C:\Users\nraje\.gradle\caches\7.2\fileHashes)" [_thread_blocked, id=107660, stack(0x000000a06f400000,0x000000a06f500000)]

Other Threads:
  0x000001f1863d0000 VMThread "VM Thread" [stack: 0x000000a06d400000,0x000000a06d500000] [id=128052]
  0x000001f186ee7800 WatcherThread [stack: 0x000000a06de00000,0x000000a06df00000] [id=119820]
  0x000001f1eba49000 GCTaskThread "GC Thread#0" [stack: 0x000000a06cf00000,0x000000a06d000000] [id=131060]
  0x000001f18767e800 GCTaskThread "GC Thread#1" [stack: 0x000000a06df00000,0x000000a06e000000] [id=125768]
  0x000001f188890800 GCTaskThread "GC Thread#2" [stack: 0x000000a06e100000,0x000000a06e200000] [id=129768]
  0x000001f188ebf800 GCTaskThread "GC Thread#3" [stack: 0x000000a06e200000,0x000000a06e300000] [id=110372]
  0x000001f188ea9800 GCTaskThread "GC Thread#4" [stack: 0x000000a06ec00000,0x000000a06ed00000] [id=123688]
  0x000001f1892bc800 GCTaskThread "GC Thread#5" [stack: 0x000000a06ed00000,0x000000a06ee00000] [id=103548]
  0x000001f187d9d800 GCTaskThread "GC Thread#6" [stack: 0x000000a06ee00000,0x000000a06ef00000] [id=130620]
  0x000001f187d9e800 GCTaskThread "GC Thread#7" [stack: 0x000000a06ef00000,0x000000a06f000000] [id=121232]
  0x000001f188d86800 GCTaskThread "GC Thread#8" [stack: 0x000000a06f000000,0x000000a06f100000] [id=128304]
  0x000001f188d87000 GCTaskThread "GC Thread#9" [stack: 0x000000a06f100000,0x000000a06f200000] [id=130756]
  0x000001f1eba7a000 ConcurrentGCThread "G1 Main Marker" [stack: 0x000000a06d000000,0x000000a06d100000] [id=124932]
  0x000001f1eba7b000 ConcurrentGCThread "G1 Conc#0" [stack: 0x000000a06d100000,0x000000a06d200000] [id=129316]
  0x000001f188fea800 ConcurrentGCThread "G1 Conc#1" [stack: 0x000000a06f500000,0x000000a06f600000] [id=130356]
  0x000001f189365800 ConcurrentGCThread "G1 Conc#2" [stack: 0x000000a06f600000,0x000000a06f700000] [id=106972]
  0x000001f1ebb0b000 ConcurrentGCThread "G1 Refine#0" [stack: 0x000000a06d200000,0x000000a06d300000] [id=98652]
  0x000001f1ebb0e800 ConcurrentGCThread "G1 Young RemSet Sampling" [stack: 0x000000a06d300000,0x000000a06d400000] [id=125284]

Threads with active compile tasks:
C2 CompilerThread0   3610 1924   !   4       java.util.zip.InflaterInputStream::read (138 bytes)

VM state:not at safepoint (normal execution)

VM Mutex/Monitor currently owned by a thread: None

Heap address: 0x0000000080000000, size: 2048 MB, Compressed Oops mode: 32-bit
Narrow klass base: 0x0000000000000000, Narrow klass shift: 3
Compressed class space size: 1073741824 Address: 0x0000000100000000

Heap:
 garbage-first heap   total 96256K, used 16949K [0x0000000080000000, 0x0000000100000000)
  region size 1024K, 4 young (4096K), 3 survivors (3072K)
 Metaspace       used 20891K, capacity 21471K, committed 21680K, reserved 1069056K
  class space    used 2543K, capacity 2743K, committed 2816K, reserved 1048576K
Heap Regions: E=young(eden), S=young(survivor), O=old, HS=humongous(starts), HC=humongous(continues), CS=collection set, F=free, A=archive, TAMS=top-at-mark-start (previous, next)
|   0|0x0000000080000000, 0x0000000080100000, 0x0000000080100000|100%| O|  |TAMS 0x0000000080100000, 0x0000000080000000| Untracked 
|   1|0x0000000080100000, 0x0000000080200000, 0x0000000080200000|100%| O|  |TAMS 0x0000000080200000, 0x0000000080100000| Untracked 
|   2|0x0000000080200000, 0x0000000080300000, 0x0000000080300000|100%| O|  |TAMS 0x0000000080300000, 0x0000000080200000| Untracked 
|   3|0x0000000080300000, 0x0000000080400000, 0x0000000080400000|100%|HS|  |TAMS 0x0000000080400000, 0x0000000080300000| Complete 
|   4|0x0000000080400000, 0x0000000080500000, 0x0000000080500000|100%|HC|  |TAMS 0x0000000080500000, 0x0000000080400000| Complete 
|   5|0x0000000080500000, 0x0000000080600000, 0x0000000080600000|100%|HC|  |TAMS 0x0000000080600000, 0x0000000080500000| Complete 
|   6|0x0000000080600000, 0x0000000080700000, 0x0000000080700000|100%| O|  |TAMS 0x0000000080700000, 0x0000000080600000| Untracked 
|   7|0x0000000080700000, 0x0000000080800000, 0x0000000080800000|100%| O|  |TAMS 0x0000000080800000, 0x0000000080700000| Untracked 
|   8|0x0000000080800000, 0x0000000080900000, 0x0000000080900000|100%| O|  |TAMS 0x0000000080900000, 0x0000000080800000| Untracked 
|   9|0x0000000080900000, 0x0000000080a00000, 0x0000000080a00000|100%| O|  |TAMS 0x0000000080a00000, 0x0000000080900000| Untracked 
|  10|0x0000000080a00000, 0x0000000080b00000, 0x0000000080b00000|100%| O|  |TAMS 0x0000000080b00000, 0x0000000080a00000| Untracked 
|  11|0x0000000080b00000, 0x0000000080c00000, 0x0000000080c00000|100%| O|  |TAMS 0x0000000080c00000, 0x0000000080b00000| Untracked 
|  12|0x0000000080c00000, 0x0000000080d00000, 0x0000000080d00000|100%| O|  |TAMS 0x0000000080d00000, 0x0000000080c00000| Untracked 
|  13|0x0000000080d00000, 0x0000000080e00000, 0x0000000080e00000|100%| O|  |TAMS 0x0000000080e00000, 0x0000000080d00000| Untracked 
|  14|0x0000000080e00000, 0x0000000080e58c00, 0x0000000080f00000| 34%| O|  |TAMS 0x0000000080e58c00, 0x0000000080e00000| Untracked 
|  15|0x0000000080f00000, 0x0000000080f00000, 0x0000000081000000|  0%| F|  |TAMS 0x0000000080f00000, 0x0000000080f00000| Untracked 
|  16|0x0000000081000000, 0x0000000081000000, 0x0000000081100000|  0%| F|  |TAMS 0x0000000081000000, 0x0000000081000000| Untracked 
|  17|0x0000000081100000, 0x0000000081100000, 0x0000000081200000|  0%| F|  |TAMS 0x0000000081100000, 0x0000000081100000| Untracked 
|  18|0x0000000081200000, 0x0000000081200000, 0x0000000081300000|  0%| F|  |TAMS 0x0000000081200000, 0x0000000081200000| Untracked 
|  19|0x0000000081300000, 0x0000000081300000, 0x0000000081400000|  0%| F|  |TAMS 0x0000000081300000, 0x0000000081300000| Untracked 
|  20|0x0000000081400000, 0x0000000081400000, 0x0000000081500000|  0%| F|  |TAMS 0x0000000081400000, 0x0000000081400000| Untracked 
|  21|0x0000000081500000, 0x0000000081500000, 0x0000000081600000|  0%| F|  |TAMS 0x0000000081500000, 0x0000000081500000| Untracked 
|  22|0x0000000081600000, 0x0000000081600000, 0x0000000081700000|  0%| F|  |TAMS 0x0000000081600000, 0x0000000081600000| Untracked 
|  23|0x0000000081700000, 0x0000000081700000, 0x0000000081800000|  0%| F|  |TAMS 0x0000000081700000, 0x0000000081700000| Untracked 
|  24|0x0000000081800000, 0x0000000081800000, 0x0000000081900000|  0%| F|  |TAMS 0x0000000081800000, 0x0000000081800000| Untracked 
|  25|0x0000000081900000, 0x0000000081900000, 0x0000000081a00000|  0%| F|  |TAMS 0x0000000081900000, 0x0000000081900000| Untracked 
|  26|0x0000000081a00000, 0x0000000081a00000, 0x0000000081b00000|  0%| F|  |TAMS 0x0000000081a00000, 0x0000000081a00000| Untracked 
|  27|0x0000000081b00000, 0x0000000081b00000, 0x0000000081c00000|  0%| F|  |TAMS 0x0000000081b00000, 0x0000000081b00000| Untracked 
|  28|0x0000000081c00000, 0x0000000081c00000, 0x0000000081d00000|  0%| F|  |TAMS 0x0000000081c00000, 0x0000000081c00000| Untracked 
|  29|0x0000000081d00000, 0x0000000081d00000, 0x0000000081e00000|  0%| F|  |TAMS 0x0000000081d00000, 0x0000000081d00000| Untracked 
|  30|0x0000000081e00000, 0x0000000081e00000, 0x0000000081f00000|  0%| F|  |TAMS 0x0000000081e00000, 0x0000000081e00000| Untracked 
|  31|0x0000000081f00000, 0x0000000081f00000, 0x0000000082000000|  0%| F|  |TAMS 0x0000000081f00000, 0x0000000081f00000| Untracked 
|  32|0x0000000082000000, 0x0000000082000000, 0x0000000082100000|  0%| F|  |TAMS 0x0000000082000000, 0x0000000082000000| Untracked 
|  33|0x0000000082100000, 0x0000000082100000, 0x0000000082200000|  0%| F|  |TAMS 0x0000000082100000, 0x0000000082100000| Untracked 
|  34|0x0000000082200000, 0x0000000082200000, 0x0000000082300000|  0%| F|  |TAMS 0x0000000082200000, 0x0000000082200000| Untracked 
|  35|0x0000000082300000, 0x0000000082300000, 0x0000000082400000|  0%| F|  |TAMS 0x0000000082300000, 0x0000000082300000| Untracked 
|  36|0x0000000082400000, 0x0000000082400000, 0x0000000082500000|  0%| F|  |TAMS 0x0000000082400000, 0x0000000082400000| Untracked 
|  37|0x0000000082500000, 0x0000000082500000, 0x0000000082600000|  0%| F|  |TAMS 0x0000000082500000, 0x0000000082500000| Untracked 
|  38|0x0000000082600000, 0x0000000082600000, 0x0000000082700000|  0%| F|  |TAMS 0x0000000082600000, 0x0000000082600000| Untracked 
|  39|0x0000000082700000, 0x0000000082700000, 0x0000000082800000|  0%| F|  |TAMS 0x0000000082700000, 0x0000000082700000| Untracked 
|  40|0x0000000082800000, 0x0000000082800000, 0x0000000082900000|  0%| F|  |TAMS 0x0000000082800000, 0x0000000082800000| Untracked 
|  41|0x0000000082900000, 0x0000000082900000, 0x0000000082a00000|  0%| F|  |TAMS 0x0000000082900000, 0x0000000082900000| Untracked 
|  42|0x0000000082a00000, 0x0000000082a00000, 0x0000000082b00000|  0%| F|  |TAMS 0x0000000082a00000, 0x0000000082a00000| Untracked 
|  43|0x0000000082b00000, 0x0000000082b00000, 0x0000000082c00000|  0%| F|  |TAMS 0x0000000082b00000, 0x0000000082b00000| Untracked 
|  44|0x0000000082c00000, 0x0000000082c00000, 0x0000000082d00000|  0%| F|  |TAMS 0x0000000082c00000, 0x0000000082c00000| Untracked 
|  45|0x0000000082d00000, 0x0000000082d00000, 0x0000000082e00000|  0%| F|  |TAMS 0x0000000082d00000, 0x0000000082d00000| Untracked 
|  46|0x0000000082e00000, 0x0000000082e00000, 0x0000000082f00000|  0%| F|  |TAMS 0x0000000082e00000, 0x0000000082e00000| Untracked 
|  47|0x0000000082f00000, 0x0000000082f00000, 0x0000000083000000|  0%| F|  |TAMS 0x0000000082f00000, 0x0000000082f00000| Untracked 
|  48|0x0000000083000000, 0x0000000083000000, 0x0000000083100000|  0%| F|  |TAMS 0x0000000083000000, 0x0000000083000000| Untracked 
|  49|0x0000000083100000, 0x0000000083100000, 0x0000000083200000|  0%| F|  |TAMS 0x0000000083100000, 0x0000000083100000| Untracked 
|  50|0x0000000083200000, 0x0000000083200000, 0x0000000083300000|  0%| F|  |TAMS 0x0000000083200000, 0x0000000083200000| Untracked 
|  51|0x0000000083300000, 0x0000000083300000, 0x0000000083400000|  0%| F|  |TAMS 0x0000000083300000, 0x0000000083300000| Untracked 
|  52|0x0000000083400000, 0x0000000083400000, 0x0000000083500000|  0%| F|  |TAMS 0x0000000083400000, 0x0000000083400000| Untracked 
|  53|0x0000000083500000, 0x0000000083500000, 0x0000000083600000|  0%| F|  |TAMS 0x0000000083500000, 0x0000000083500000| Untracked 
|  54|0x0000000083600000, 0x0000000083600000, 0x0000000083700000|  0%| F|  |TAMS 0x0000000083600000, 0x0000000083600000| Untracked 
|  55|0x0000000083700000, 0x0000000083700000, 0x0000000083800000|  0%| F|  |TAMS 0x0000000083700000, 0x0000000083700000| Untracked 
|  56|0x0000000083800000, 0x0000000083800000, 0x0000000083900000|  0%| F|  |TAMS 0x0000000083800000, 0x0000000083800000| Untracked 
|  57|0x0000000083900000, 0x0000000083900000, 0x0000000083a00000|  0%| F|  |TAMS 0x0000000083900000, 0x0000000083900000| Untracked 
|  58|0x0000000083a00000, 0x0000000083a00000, 0x0000000083b00000|  0%| F|  |TAMS 0x0000000083a00000, 0x0000000083a00000| Untracked 
|  59|0x0000000083b00000, 0x0000000083b00000, 0x0000000083c00000|  0%| F|  |TAMS 0x0000000083b00000, 0x0000000083b00000| Untracked 
|  60|0x0000000083c00000, 0x0000000083c00000, 0x0000000083d00000|  0%| F|  |TAMS 0x0000000083c00000, 0x0000000083c00000| Untracked 
|  61|0x0000000083d00000, 0x0000000083d00000, 0x0000000083e00000|  0%| F|  |TAMS 0x0000000083d00000, 0x0000000083d00000| Untracked 
|  62|0x0000000083e00000, 0x0000000083e00000, 0x0000000083f00000|  0%| F|  |TAMS 0x0000000083e00000, 0x0000000083e00000| Untracked 
|  63|0x0000000083f00000, 0x0000000083f00000, 0x0000000084000000|  0%| F|  |TAMS 0x0000000083f00000, 0x0000000083f00000| Untracked 
|  64|0x0000000084000000, 0x0000000084000000, 0x0000000084100000|  0%| F|  |TAMS 0x0000000084000000, 0x0000000084000000| Untracked 
|  65|0x0000000084100000, 0x0000000084100000, 0x0000000084200000|  0%| F|  |TAMS 0x0000000084100000, 0x0000000084100000| Untracked 
|  66|0x0000000084200000, 0x0000000084200000, 0x0000000084300000|  0%| F|  |TAMS 0x0000000084200000, 0x0000000084200000| Untracked 
|  67|0x0000000084300000, 0x0000000084300000, 0x0000000084400000|  0%| F|  |TAMS 0x0000000084300000, 0x0000000084300000| Untracked 
|  68|0x0000000084400000, 0x0000000084400000, 0x0000000084500000|  0%| F|  |TAMS 0x0000000084400000, 0x0000000084400000| Untracked 
|  69|0x0000000084500000, 0x0000000084500000, 0x0000000084600000|  0%| F|  |TAMS 0x0000000084500000, 0x0000000084500000| Untracked 
|  70|0x0000000084600000, 0x0000000084600000, 0x0000000084700000|  0%| F|  |TAMS 0x0000000084600000, 0x0000000084600000| Untracked 
|  71|0x0000000084700000, 0x0000000084700000, 0x0000000084800000|  0%| F|  |TAMS 0x0000000084700000, 0x0000000084700000| Untracked 
|  72|0x0000000084800000, 0x0000000084800000, 0x0000000084900000|  0%| F|  |TAMS 0x0000000084800000, 0x0000000084800000| Untracked 
|  73|0x0000000084900000, 0x0000000084934ac0, 0x0000000084a00000| 20%| S|CS|TAMS 0x0000000084900000, 0x0000000084900000| Complete 
|  74|0x0000000084a00000, 0x0000000084b00000, 0x0000000084b00000|100%| S|CS|TAMS 0x0000000084a00000, 0x0000000084a00000| Complete 
|  75|0x0000000084b00000, 0x0000000084c00000, 0x0000000084c00000|100%| S|CS|TAMS 0x0000000084b00000, 0x0000000084b00000| Complete 
|  76|0x0000000084c00000, 0x0000000084c00000, 0x0000000084d00000|  0%| F|  |TAMS 0x0000000084c00000, 0x0000000084c00000| Untracked 
|  77|0x0000000084d00000, 0x0000000084d00000, 0x0000000084e00000|  0%| F|  |TAMS 0x0000000084d00000, 0x0000000084d00000| Untracked 
|  78|0x0000000084e00000, 0x0000000084e00000, 0x0000000084f00000|  0%| F|  |TAMS 0x0000000084e00000, 0x0000000084e00000| Untracked 
|  79|0x0000000084f00000, 0x0000000084f00000, 0x0000000085000000|  0%| F|  |TAMS 0x0000000084f00000, 0x0000000084f00000| Untracked 
|  80|0x0000000085000000, 0x0000000085000000, 0x0000000085100000|  0%| F|  |TAMS 0x0000000085000000, 0x0000000085000000| Untracked 
|  81|0x0000000085100000, 0x0000000085100000, 0x0000000085200000|  0%| F|  |TAMS 0x0000000085100000, 0x0000000085100000| Untracked 
|  82|0x0000000085200000, 0x0000000085200000, 0x0000000085300000|  0%| F|  |TAMS 0x0000000085200000, 0x0000000085200000| Untracked 
|  83|0x0000000085300000, 0x0000000085300000, 0x0000000085400000|  0%| F|  |TAMS 0x0000000085300000, 0x0000000085300000| Untracked 
|  84|0x0000000085400000, 0x0000000085400000, 0x0000000085500000|  0%| F|  |TAMS 0x0000000085400000, 0x0000000085400000| Untracked 
|  85|0x0000000085500000, 0x0000000085500000, 0x0000000085600000|  0%| F|  |TAMS 0x0000000085500000, 0x0000000085500000| Untracked 
|  86|0x0000000085600000, 0x0000000085600000, 0x0000000085700000|  0%| F|  |TAMS 0x0000000085600000, 0x0000000085600000| Untracked 
|  87|0x0000000085700000, 0x0000000085700000, 0x0000000085800000|  0%| F|  |TAMS 0x0000000085700000, 0x0000000085700000| Untracked 
|  88|0x0000000085800000, 0x0000000085800000, 0x0000000085900000|  0%| F|  |TAMS 0x0000000085800000, 0x0000000085800000| Untracked 
|  89|0x0000000085900000, 0x0000000085900000, 0x0000000085a00000|  0%| F|  |TAMS 0x0000000085900000, 0x0000000085900000| Untracked 
|  90|0x0000000085a00000, 0x0000000085a00000, 0x0000000085b00000|  0%| F|  |TAMS 0x0000000085a00000, 0x0000000085a00000| Untracked 
|  91|0x0000000085b00000, 0x0000000085b00000, 0x0000000085c00000|  0%| F|  |TAMS 0x0000000085b00000, 0x0000000085b00000| Untracked 
|  92|0x0000000085c00000, 0x0000000085c66598, 0x0000000085d00000| 39%| E|  |TAMS 0x0000000085c00000, 0x0000000085c00000| Complete 
|  93|0x0000000085d00000, 0x0000000085e00000, 0x0000000085e00000|100%| E|CS|TAMS 0x0000000085d00000, 0x0000000085d00000| Complete 

Card table byte_map: [0x000001f1feea0000,0x000001f1ff2a0000] _byte_map_base: 0x000001f1feaa0000

Marking Bits (Prev, Next): (CMBitMap*) 0x000001f1eba71150, (CMBitMap*) 0x000001f1eba71118
 Prev Bits: [0x000001f182000000, 0x000001f184000000)
 Next Bits: [0x000001f180000000, 0x000001f182000000)

Polling page: 0x000001f1e9980000

Metaspace:

Usage:
  Non-class:     18.29 MB capacity,    17.94 MB ( 98%) used,   322.24 KB (  2%) free+waste,    36.69 KB ( <1%) overhead. 
      Class:      2.68 MB capacity,     2.49 MB ( 93%) used,   178.55 KB (  7%) free+waste,    18.25 KB ( <1%) overhead. 
       Both:     20.97 MB capacity,    20.43 MB ( 97%) used,   500.80 KB (  2%) free+waste,    54.94 KB ( <1%) overhead. 

Virtual space:
  Non-class space:       20.00 MB reserved,      18.42 MB ( 92%) committed 
      Class space:        1.00 GB reserved,       2.75 MB ( <1%) committed 
             Both:        1.02 GB reserved,      21.17 MB (  2%) committed 

Chunk freelists:
   Non-Class:  24.00 KB
       Class:  9.00 KB
        Both:  33.00 KB

MaxMetaspaceSize: 17179869184.00 GB
CompressedClassSpaceSize: 1.00 GB
Initial GC threshold: 20.80 MB
Current GC threshold: 35.08 MB
CDS: off

CodeHeap 'non-profiled nmethods': size=120000Kb used=838Kb max_used=838Kb free=119161Kb
 bounds [0x000001f1f7020000, 0x000001f1f7290000, 0x000001f1fe550000]
CodeHeap 'profiled nmethods': size=120000Kb used=4065Kb max_used=4065Kb free=115934Kb
 bounds [0x000001f1efaf0000, 0x000001f1efef0000, 0x000001f1f7020000]
CodeHeap 'non-nmethods': size=5760Kb used=1201Kb max_used=1211Kb free=4558Kb
 bounds [0x000001f1ef550000, 0x000001f1ef7c0000, 0x000001f1efaf0000]
 total_blobs=2406 nmethods=1929 adapters=390
 compilation: enabled
              stopped_count=0, restarted_count=0
 full_count=0

Compilation events (20 events):
Event: 3.525 Thread 0x000001f186400800 nmethod 1923 0x000001f1f70f0c90 code [0x000001f1f70f0e40, 0x000001f1f70f0f38]
Event: 3.527 Thread 0x000001f1863f7800 1924   !   4       java.util.zip.InflaterInputStream::read (138 bytes)
Event: 3.530 Thread 0x000001f186400800 1925       3       org.gradle.internal.file.FilePathUtil::sizeOfCommonPrefix (142 bytes)
Event: 3.532 Thread 0x000001f186400800 nmethod 1925 0x000001f1efedc210 code [0x000001f1efedc660, 0x000001f1efede838]
Event: 3.532 Thread 0x000001f186400800 1926       3       com.google.common.collect.AbstractIndexedListIterator::next (31 bytes)
Event: 3.532 Thread 0x000001f186400800 nmethod 1926 0x000001f1efedf590 code [0x000001f1efedf780, 0x000001f1efedfaf8]
Event: 3.532 Thread 0x000001f186400800 1928       3       org.gradle.internal.file.DefaultFileHierarchySet$Node::sizeOfCommonPrefix (10 bytes)
Event: 3.533 Thread 0x000001f186400800 nmethod 1928 0x000001f1efedfc10 code [0x000001f1efedfde0, 0x000001f1efedff68]
Event: 3.533 Thread 0x000001f186400800 1929       3       org.gradle.internal.file.FilePathUtil::sizeOfCommonPrefix (10 bytes)
Event: 3.533 Thread 0x000001f186400800 nmethod 1929 0x000001f1efee0090 code [0x000001f1efee0240, 0x000001f1efee0348]
Event: 3.533 Thread 0x000001f186400800 1927       3       com.google.common.collect.Iterators$ArrayItr::get (12 bytes)
Event: 3.533 Thread 0x000001f186400800 nmethod 1927 0x000001f1efee0410 code [0x000001f1efee05c0, 0x000001f1efee06f8]
Event: 3.535 Thread 0x000001f186400800 1930       3       java.lang.invoke.VarHandleGuards::guard_LL_V (103 bytes)
Event: 3.538 Thread 0x000001f186400800 nmethod 1930 0x000001f1efee0810 code [0x000001f1efee0b80, 0x000001f1efee2628]
Event: 3.538 Thread 0x000001f186400800 1931       3       java.lang.invoke.VarHandleObjects$FieldInstanceReadWrite::set (30 bytes)
Event: 3.539 Thread 0x000001f186400800 nmethod 1931 0x000001f1efee2f10 code [0x000001f1efee3140, 0x000001f1efee3848]
Event: 3.552 Thread 0x000001f186400800 1932       3       java.lang.invoke.VarHandleObjects$FieldInstanceReadWrite::compareAndSet (38 bytes)
Event: 3.552 Thread 0x000001f186400800 nmethod 1932 0x000001f1efee3b10 code [0x000001f1efee3d80, 0x000001f1efee46e8]
Event: 3.559 Thread 0x000001f186400800 1934       3       java.lang.String::substring (68 bytes)
Event: 3.559 Thread 0x000001f186400800 nmethod 1934 0x000001f1efee4a90 code [0x000001f1efee4ce0, 0x000001f1efee5418]

GC Heap History (6 events):
Event: 1.121 GC heap before
{Heap before GC invocations=0 (full 0):
 garbage-first heap   total 96256K, used 29696K [0x0000000080000000, 0x0000000100000000)
  region size 1024K, 24 young (24576K), 0 survivors (0K)
 Metaspace       used 10250K, capacity 10495K, committed 10624K, reserved 1058816K
  class space    used 1054K, capacity 1141K, committed 1152K, reserved 1048576K
}
Event: 1.129 GC heap after
{Heap after GC invocations=1 (full 0):
 garbage-first heap   total 96256K, used 9186K [0x0000000080000000, 0x0000000100000000)
  region size 1024K, 3 young (3072K), 3 survivors (3072K)
 Metaspace       used 10250K, capacity 10495K, committed 10624K, reserved 1058816K
  class space    used 1054K, capacity 1141K, committed 1152K, reserved 1048576K
}
Event: 2.044 GC heap before
{Heap before GC invocations=1 (full 0):
 garbage-first heap   total 96256K, used 63458K [0x0000000080000000, 0x0000000100000000)
  region size 1024K, 56 young (57344K), 3 survivors (3072K)
 Metaspace       used 13637K, capacity 14013K, committed 14208K, reserved 1062912K
  class space    used 1486K, capacity 1591K, committed 1664K, reserved 1048576K
}
Event: 2.052 GC heap after
{Heap after GC invocations=2 (full 0):
 garbage-first heap   total 96256K, used 14858K [0x0000000080000000, 0x0000000100000000)
  region size 1024K, 7 young (7168K), 7 survivors (7168K)
 Metaspace       used 13637K, capacity 14013K, committed 14208K, reserved 1062912K
  class space    used 1486K, capacity 1591K, committed 1664K, reserved 1048576K
}
Event: 3.269 GC heap before
{Heap before GC invocations=2 (full 0):
 garbage-first heap   total 96256K, used 41482K [0x0000000080000000, 0x0000000100000000)
  region size 1024K, 33 young (33792K), 7 survivors (7168K)
 Metaspace       used 18746K, capacity 19135K, committed 19328K, reserved 1067008K
  class space    used 2225K, capacity 2386K, committed 2432K, reserved 1048576K
}
Event: 3.306 GC heap after
{Heap after GC invocations=3 (full 0):
 garbage-first heap   total 96256K, used 16495K [0x0000000080000000, 0x0000000100000000)
  region size 1024K, 2 young (2048K), 2 survivors (2048K)
 Metaspace       used 18746K, capacity 19135K, committed 19328K, reserved 1067008K
  class space    used 2225K, capacity 2386K, committed 2432K, reserved 1048576K
}

Deoptimization events (20 events):
Event: 3.535 Thread 0x000001f188f5e800 Uncommon trap: trap_request=0xffffff4d fr.pc=0x000001f1f703c1e0 relative=0x0000000000000a40
Event: 3.535 Thread 0x000001f188f5e800 Uncommon trap: reason=unstable_if action=reinterpret pc=0x000001f1f703c1e0 method=java.io.WinNTFileSystem.resolve(Ljava/lang/String;Ljava/lang/String;)Ljava/lang/String; @ 19 c2
Event: 3.535 Thread 0x000001f188f5e800 DEOPT PACKING pc=0x000001f1f703c1e0 sp=0x000000a06e8fb4a0
Event: 3.535 Thread 0x000001f188f5e800 DEOPT UNPACKING pc=0x000001f1ef59a1af sp=0x000000a06e8fb438 mode 2
Event: 3.536 Thread 0x000001f188f5e800 Uncommon trap: trap_request=0xffffffc6 fr.pc=0x000001f1f70936a4 relative=0x0000000000000084
Event: 3.536 Thread 0x000001f188f5e800 Uncommon trap: reason=bimorphic_or_optimized_type_check action=maybe_recompile pc=0x000001f1f70936a4 method=java.util.AbstractList$Itr.hasNext()Z @ 8 c2
Event: 3.536 Thread 0x000001f188f5e800 DEOPT PACKING pc=0x000001f1f70936a4 sp=0x000000a06e8faa60
Event: 3.536 Thread 0x000001f188f5e800 DEOPT UNPACKING pc=0x000001f1ef59a1af sp=0x000000a06e8fa9f8 mode 2
Event: 3.536 Thread 0x000001f188f5e800 Uncommon trap: trap_request=0xffffffc6 fr.pc=0x000001f1f7093a74 relative=0x0000000000000134
Event: 3.536 Thread 0x000001f188f5e800 Uncommon trap: reason=bimorphic_or_optimized_type_check action=maybe_recompile pc=0x000001f1f7093a74 method=java.util.AbstractList$Itr.next()Ljava/lang/Object; @ 14 c2
Event: 3.536 Thread 0x000001f188f5e800 DEOPT PACKING pc=0x000001f1f7093a74 sp=0x000000a06e8faa50
Event: 3.536 Thread 0x000001f188f5e800 DEOPT UNPACKING pc=0x000001f1ef59a1af sp=0x000000a06e8fa9e8 mode 2
Event: 3.536 Thread 0x000001f188f5e800 Uncommon trap: trap_request=0xffffff4d fr.pc=0x000001f1f7090e7c relative=0x000000000000063c
Event: 3.536 Thread 0x000001f188f5e800 Uncommon trap: reason=unstable_if action=reinterpret pc=0x000001f1f7090e7c method=java.io.File.getName()Ljava/lang/String; @ 16 c2
Event: 3.537 Thread 0x000001f188f5e800 DEOPT PACKING pc=0x000001f1f7090e7c sp=0x000000a06e8fb430
Event: 3.537 Thread 0x000001f188f5e800 DEOPT UNPACKING pc=0x000001f1ef59a1af sp=0x000000a06e8fb400 mode 2
Event: 3.537 Thread 0x000001f188f5e800 Uncommon trap: trap_request=0xffffff4d fr.pc=0x000001f1f708cbac relative=0x00000000000004ec
Event: 3.537 Thread 0x000001f188f5e800 Uncommon trap: reason=unstable_if action=reinterpret pc=0x000001f1f708cbac method=java.lang.String.substring(I)Ljava/lang/String; @ 34 c2
Event: 3.537 Thread 0x000001f188f5e800 DEOPT PACKING pc=0x000001f1f708cbac sp=0x000000a06e8fb3b0
Event: 3.537 Thread 0x000001f188f5e800 DEOPT UNPACKING pc=0x000001f1ef59a1af sp=0x000000a06e8fb388 mode 2

Classes redefined (0 events):
No events

Internal exceptions (20 events):
Event: 0.336 Thread 0x000001f1eba2e000 Exception <a 'java/lang/NoSuchMethodError'{0x0000000085beafb0}: 'int java.lang.invoke.DirectMethodHandle$Holder.invokeSpecial(java.lang.Object, java.lang.Object, java.lang.Object, java.lang.Object)'> (0x0000000085beafb0) thrown at [./src/hotspot/share/interpreter/linkResolver.cpp, line 773]
Event: 0.345 Thread 0x000001f1eba2e000 Exception <a 'java/lang/NoSuchMethodError'{0x0000000085a224b0}: 'int java.lang.invoke.DirectMethodHandle$Holder.invokeSpecialIFC(java.lang.Object, java.lang.Object, int)'> (0x0000000085a224b0) thrown at [./src/hotspot/share/interpreter/linkResolver.cpp, line 773]
Event: 0.748 Thread 0x000001f1eba2e000 Exception <a 'java/lang/NoClassDefFoundError'{0x00000000850fafa0}: org/slf4j/impl/StaticMarkerBinder> (0x00000000850fafa0) thrown at [./src/hotspot/share/classfile/systemDictionary.cpp, line 220]
Event: 0.848 Thread 0x000001f1eba2e000 Exception <a 'java/lang/NoSuchMethodError'{0x0000000084c908a0}: 'java.lang.Object java.lang.invoke.DirectMethodHandle$Holder.invokeVirtual(java.lang.Object, java.lang.Object, java.lang.Object, java.lang.Object, java.lang.Object, java.lang.Object, java.lang.Object)'> (0x0000000084c908a0) thrown at [./src/hotspot/share/interpreter/linkResolver.cpp, line 773]
Event: 0.853 Thread 0x000001f1eba2e000 Exception <a 'java/lang/NoSuchMethodError'{0x0000000084ca5358}: 'java.lang.Object java.lang.invoke.Invokers$Holder.invoker(java.lang.Object, java.lang.Object, java.lang.Object)'> (0x0000000084ca5358) thrown at [./src/hotspot/share/interpreter/linkResolver.cpp, line 773]
Event: 0.857 Thread 0x000001f1eba2e000 Exception <a 'java/lang/NoSuchMethodError'{0x0000000084cb63d0}: 'void java.lang.invoke.DelegatingMethodHandle$Holder.delegate(java.lang.Object, java.lang.Object, int, java.lang.Object)'> (0x0000000084cb63d0) thrown at [./src/hotspot/share/interpreter/linkResolver.cpp, line 773]
Event: 1.703 Thread 0x000001f1eba2e000 Exception <a 'java/security/PrivilegedActionException'{0x00000000838549a0}> (0x00000000838549a0) thrown at [./src/hotspot/share/prims/jvm.cpp, line 1306]
Event: 1.703 Thread 0x000001f1eba2e000 Exception <a 'java/security/PrivilegedActionException'{0x0000000083854f18}> (0x0000000083854f18) thrown at [./src/hotspot/share/prims/jvm.cpp, line 1306]
Event: 1.978 Thread 0x000001f1eba2e000 Exception <a 'java/lang/NoSuchMethodError'{0x000000008272e8b8}: 'java.lang.Object java.lang.invoke.DirectMethodHandle$Holder.invokeStaticInit(java.lang.Object, java.lang.Object, java.lang.Object)'> (0x000000008272e8b8) thrown at [./src/hotspot/share/interpreter/linkResolver.cpp, line 773]
Event: 2.183 Thread 0x000001f1eba2e000 Exception <a 'java/lang/NoSuchMethodError'{0x00000000859dbb68}: 'java.lang.Object java.lang.invoke.DirectMethodHandle$Holder.invokeStaticInit(java.lang.Object, int, int, int, int)'> (0x00000000859dbb68) thrown at [./src/hotspot/share/interpreter/linkResolver.cpp, line 773]
Event: 2.466 Thread 0x000001f1eba2e000 Exception <a 'java/lang/NoSuchMethodError'{0x000000008589daf0}: 'java.lang.Object java.lang.invoke.DirectMethodHandle$Holder.invokeStaticInit(java.lang.Object, java.lang.Object, int, int, int, int)'> (0x000000008589daf0) thrown at [./src/hotspot/share/interpreter/linkResolver.cpp, line 773]
Event: 2.902 Thread 0x000001f1eba2e000 Exception <a 'java/io/IOException'{0x00000000856a5c08}> (0x00000000856a5c08) thrown at [./src/hotspot/share/prims/jni.cpp, line 616]
Event: 3.055 Thread 0x000001f188f5e800 Exception <a 'java/lang/NoSuchMethodError'{0x00000000851a21d8}: 'void java.lang.invoke.DirectMethodHandle$Holder.invokeVirtual(java.lang.Object, java.lang.Object, java.lang.Object, java.lang.Object)'> (0x00000000851a21d8) thrown at [./src/hotspot/share/interpreter/linkResolver.cpp, line 773]
Event: 3.058 Thread 0x000001f188f5e800 Exception <a 'java/lang/NoSuchMethodError'{0x00000000851b1300}: 'void java.lang.invoke.DelegatingMethodHandle$Holder.reinvoke_L(java.lang.Object, java.lang.Object, java.lang.Object, java.lang.Object)'> (0x00000000851b1300) thrown at [./src/hotspot/share/interpreter/linkResolver.cpp, line 773]
Event: 3.065 Thread 0x000001f188f5e800 Exception <a 'java/lang/NoSuchMethodError'{0x00000000851e24c0}: 'long java.lang.invoke.DirectMethodHandle$Holder.invokeInterface(java.lang.Object, java.lang.Object)'> (0x00000000851e24c0) thrown at [./src/hotspot/share/interpreter/linkResolver.cpp, line 773]
Event: 3.069 Thread 0x000001f188f5e800 Exception <a 'java/lang/NoSuchMethodError'{0x0000000085006170}: 'void java.lang.invoke.DelegatingMethodHandle$Holder.reinvoke_L(java.lang.Object, java.lang.Object, java.lang.Object, java.lang.Object, java.lang.Object, java.lang.Object, java.lang.Object)'> (0x0000000085006170) thrown at [./src/hotspot/share/interpreter/linkResolver.cpp, line 773]
Event: 3.440 Thread 0x000001f188f5e800 Exception <a 'java/lang/NoSuchMethodError'{0x00000000853fd790}: 'void java.lang.invoke.DirectMethodHandle$Holder.invokeStaticInit(java.lang.Object)'> (0x00000000853fd790) thrown at [./src/hotspot/share/interpreter/linkResolver.cpp, line 773]
Event: 3.487 Thread 0x000001f188f5e800 Exception <a 'java/lang/NoSuchMethodError'{0x0000000085020390}: 'java.lang.Object java.lang.invoke.DirectMethodHandle$Holder.invokeStatic(java.lang.Object, java.lang.Object, java.lang.Object, int)'> (0x0000000085020390) thrown at [./src/hotspot/share/interpreter/linkResolver.cpp, line 773]
Event: 3.487 Thread 0x000001f188f5e800 Exception <a 'java/lang/NoSuchMethodError'{0x0000000085024800}: 'java.lang.Object java.lang.invoke.DirectMethodHandle$Holder.invokeSpecial(java.lang.Object, java.lang.Object, java.lang.Object, java.lang.Object, int)'> (0x0000000085024800) thrown at [./src/hotspot/share/interpreter/linkResolver.cpp, line 773]
Event: 3.487 Thread 0x000001f188f5e800 Exception <a 'java/lang/NoSuchMethodError'{0x0000000085028490}: 'java.lang.Object java.lang.invoke.Invokers$Holder.linkToTargetMethod(java.lang.Object, java.lang.Object, int, java.lang.Object)'> (0x0000000085028490) thrown at [./src/hotspot/share/interpreter/linkResolver.cpp, line 773]

Events (20 events):
Event: 3.565 loading class org/gradle/internal/vfs/impl/VfsRootReference
Event: 3.565 loading class org/gradle/internal/vfs/impl/VfsRootReference done
Event: 3.565 loading class org/gradle/internal/watch/vfs/impl/WatchingVirtualFileSystem
Event: 3.565 loading class org/gradle/internal/watch/vfs/impl/WatchingVirtualFileSystem done
Event: 3.566 loading class org/gradle/internal/vfs/impl/AbstractVirtualFileSystem
Event: 3.566 loading class org/gradle/internal/vfs/impl/AbstractVirtualFileSystem done
Event: 3.567 loading class org/gradle/internal/snapshot/MetadataSnapshot
Event: 3.567 loading class org/gradle/internal/snapshot/MetadataSnapshot done
Event: 3.568 loading class org/gradle/internal/snapshot/SnapshotHierarchy$NodeDiffListener
Event: 3.568 loading class org/gradle/internal/snapshot/SnapshotHierarchy$NodeDiffListener done
Event: 3.568 loading class org/gradle/internal/watch/registry/FileWatcherRegistry$ChangeHandler
Event: 3.568 loading class org/gradle/internal/watch/registry/FileWatcherRegistry$ChangeHandler done
Event: 3.568 loading class org/gradle/api/internal/DocumentationRegistry
Event: 3.568 loading class org/gradle/api/internal/DocumentationRegistry done
Event: 3.568 loading class org/gradle/api/internal/DocumentationRegistry
Event: 3.568 loading class org/gradle/api/internal/DocumentationRegistry done
Event: 3.568 loading class org/gradle/internal/watch/registry/impl/DaemonDocumentationIndex
Event: 3.568 loading class org/gradle/internal/watch/registry/impl/DaemonDocumentationIndex done
Event: 3.570 loading class org/gradle/internal/watch/vfs/impl/WatchingNotSupportedVirtualFileSystem
Event: 3.570 loading class org/gradle/internal/watch/vfs/impl/WatchingNotSupportedVirtualFileSystem done


Dynamic libraries:
0x00007ff6b7510000 - 0x00007ff6b751a000 	C:\Program Files\Android\Android Studio\jre\bin\java.exe
0x00007ffbcb0c0000 - 0x00007ffbcb2c9000 	C:\Windows\SYSTEM32\ntdll.dll
0x00007ffbc9640000 - 0x00007ffbc96fe000 	C:\Windows\System32\KERNEL32.DLL
0x00007ffbc8800000 - 0x00007ffbc8b83000 	C:\Windows\System32\KERNELBASE.dll
0x00007ffbc8570000 - 0x00007ffbc8681000 	C:\Windows\System32\ucrtbase.dll
0x00007ffbbfc60000 - 0x00007ffbbfc77000 	C:\Program Files\Android\Android Studio\jre\bin\VCRUNTIME140.dll
0x00007ffbbfb00000 - 0x00007ffbbfb19000 	C:\Program Files\Android\Android Studio\jre\bin\jli.dll
0x00007ffbcab60000 - 0x00007ffbcad0d000 	C:\Windows\System32\USER32.dll
0x00007ffbc8b90000 - 0x00007ffbc8bb6000 	C:\Windows\System32\win32u.dll
0x00007ffbaba20000 - 0x00007ffbabcc5000 	C:\Windows\WinSxS\amd64_microsoft.windows.common-controls_6595b64144ccf1df_6.0.22000.120_none_9d947278b86cc467\COMCTL32.dll
0x00007ffbcad10000 - 0x00007ffbcad39000 	C:\Windows\System32\GDI32.dll
0x00007ffbc9b70000 - 0x00007ffbc9c13000 	C:\Windows\System32\msvcrt.dll
0x00007ffbc8bc0000 - 0x00007ffbc8cda000 	C:\Windows\System32\gdi32full.dll
0x00007ffbc8ce0000 - 0x00007ffbc8d7d000 	C:\Windows\System32\msvcp_win.dll
0x00007ffbc8fe0000 - 0x00007ffbc9011000 	C:\Windows\System32\IMM32.DLL
0x00007ffbba820000 - 0x00007ffbba8bd000 	C:\Program Files\Android\Android Studio\jre\bin\msvcp140.dll
0x00007ffb70050000 - 0x00007ffb70b52000 	C:\Program Files\Android\Android Studio\jre\bin\server\jvm.dll
0x00007ffbcad40000 - 0x00007ffbcadee000 	C:\Windows\System32\ADVAPI32.dll
0x00007ffbc9e40000 - 0x00007ffbc9ede000 	C:\Windows\System32\sechost.dll
0x00007ffbca8e0000 - 0x00007ffbcaa01000 	C:\Windows\System32\RPCRT4.dll
0x00007ffbc90d0000 - 0x00007ffbc90d8000 	C:\Windows\System32\PSAPI.DLL
0x00007ffbbf870000 - 0x00007ffbbf87a000 	C:\Windows\SYSTEM32\VERSION.dll
0x00007ffbc2850000 - 0x00007ffbc2883000 	C:\Windows\SYSTEM32\WINMM.dll
0x00007ffba1790000 - 0x00007ffba1799000 	C:\Windows\SYSTEM32\WSOCK32.dll
0x00007ffbc90e0000 - 0x00007ffbc914f000 	C:\Windows\System32\WS2_32.dll
0x00007ffbc75f0000 - 0x00007ffbc7608000 	C:\Windows\SYSTEM32\kernel.appcore.dll
0x00007ffb7f4d0000 - 0x00007ffb7f4e1000 	C:\Program Files\Android\Android Studio\jre\bin\verify.dll
0x00007ffbc6110000 - 0x00007ffbc6331000 	C:\Windows\SYSTEM32\DBGHELP.DLL
0x00007ffbb88a0000 - 0x00007ffbb88d1000 	C:\Windows\SYSTEM32\dbgcore.DLL
0x00007ffbc8eb0000 - 0x00007ffbc8f2f000 	C:\Windows\System32\bcryptPrimitives.dll
0x00007ffb7cc70000 - 0x00007ffb7cc99000 	C:\Program Files\Android\Android Studio\jre\bin\java.dll
0x00007ffb9d260000 - 0x00007ffb9d26b000 	C:\Program Files\Android\Android Studio\jre\bin\jimage.dll
0x00007ffb7bf90000 - 0x00007ffb7bfa8000 	C:\Program Files\Android\Android Studio\jre\bin\zip.dll
0x00007ffbca000000 - 0x00007ffbca7c5000 	C:\Windows\System32\SHELL32.dll
0x00007ffbc6650000 - 0x00007ffbc6eb4000 	C:\Windows\SYSTEM32\windows.storage.dll
0x00007ffbc92c0000 - 0x00007ffbc9636000 	C:\Windows\System32\combase.dll
0x00007ffbc64e0000 - 0x00007ffbc6647000 	C:\Windows\SYSTEM32\wintypes.dll
0x00007ffbca7d0000 - 0x00007ffbca8ba000 	C:\Windows\System32\SHCORE.dll
0x00007ffbc9c20000 - 0x00007ffbc9c7d000 	C:\Windows\System32\shlwapi.dll
0x00007ffbc84a0000 - 0x00007ffbc84c1000 	C:\Windows\SYSTEM32\profapi.dll
0x00007ffb7b570000 - 0x00007ffb7b58a000 	C:\Program Files\Android\Android Studio\jre\bin\net.dll
0x00007ffbc2f20000 - 0x00007ffbc3032000 	C:\Windows\SYSTEM32\WINHTTP.dll
0x00007ffbc7a90000 - 0x00007ffbc7af7000 	C:\Windows\system32\mswsock.dll
0x00007ffb76d30000 - 0x00007ffb76d44000 	C:\Program Files\Android\Android Studio\jre\bin\nio.dll
0x00007ffbaf700000 - 0x00007ffbaf727000 	C:\Users\nraje\.gradle\native\e1d6ef7f7dcc3fd88c89a11ec53ec762bb8ba0a96d01ffa2cd45eb1d1d8dd5c5\windows-amd64\native-platform.dll
0x00007ffb93720000 - 0x00007ffb93864000 	C:\Users\nraje\.gradle\native\5664cfc778a61ccfe75a443a1ab52a65af34e5dc3c78e0209fed803814484fcb\windows-amd64\native-platform-file-events.dll
0x00007ffb9d130000 - 0x00007ffb9d13a000 	C:\Program Files\Android\Android Studio\jre\bin\management.dll
0x00007ffb994d0000 - 0x00007ffb994dd000 	C:\Program Files\Android\Android Studio\jre\bin\management_ext.dll
0x00007ffbc7cf0000 - 0x00007ffbc7d08000 	C:\Windows\SYSTEM32\CRYPTSP.dll
0x00007ffbc7550000 - 0x00007ffbc7585000 	C:\Windows\system32\rsaenh.dll
0x00007ffbc7b90000 - 0x00007ffbc7bb9000 	C:\Windows\SYSTEM32\USERENV.dll
0x00007ffbc7ed0000 - 0x00007ffbc7ef7000 	C:\Windows\SYSTEM32\bcrypt.dll
0x00007ffbc7ce0000 - 0x00007ffbc7cec000 	C:\Windows\SYSTEM32\CRYPTBASE.dll
0x00007ffbc7110000 - 0x00007ffbc713d000 	C:\Windows\SYSTEM32\IPHLPAPI.DLL
0x00007ffbca8d0000 - 0x00007ffbca8d9000 	C:\Windows\System32\NSI.dll
0x00007ffbc2f00000 - 0x00007ffbc2f19000 	C:\Windows\SYSTEM32\dhcpcsvc6.DLL
0x00007ffbc3560000 - 0x00007ffbc357e000 	C:\Windows\SYSTEM32\dhcpcsvc.DLL
0x00007ffbc7140000 - 0x00007ffbc7228000 	C:\Windows\SYSTEM32\DNSAPI.dll

dbghelp: loaded successfully - version: 4.0.5 - missing functions: none
symbol engine: initialized successfully - sym options: 0x614 - pdb path: .;C:\Program Files\Android\Android Studio\jre\bin;C:\Windows\SYSTEM32;C:\Windows\WinSxS\amd64_microsoft.windows.common-controls_6595b64144ccf1df_6.0.22000.120_none_9d947278b86cc467;C:\Program Files\Android\Android Studio\jre\bin\server;C:\Users\nraje\.gradle\native\e1d6ef7f7dcc3fd88c89a11ec53ec762bb8ba0a96d01ffa2cd45eb1d1d8dd5c5\windows-amd64;C:\Users\nraje\.gradle\native\5664cfc778a61ccfe75a443a1ab52a65af34e5dc3c78e0209fed803814484fcb\windows-amd64

VM Arguments:
jvm_args: --add-opens=java.base/java.util=ALL-UNNAMED --add-opens=java.base/java.lang=ALL-UNNAMED --add-opens=java.base/java.lang.invoke=ALL-UNNAMED --add-opens=java.base/java.util=ALL-UNNAMED --add-opens=java.prefs/java.util.prefs=ALL-UNNAMED --add-opens=java.prefs/java.util.prefs=ALL-UNNAMED --add-opens=java.base/java.nio.charset=ALL-UNNAMED --add-opens=java.base/java.net=ALL-UNNAMED --add-opens=java.base/java.util.concurrent.atomic=ALL-UNNAMED -Xmx2048m -Dfile.encoding=windows-1252 -Duser.country=IN -Duser.language=en -Duser.variant 
java_command: org.gradle.launcher.daemon.bootstrap.GradleDaemon 7.2
java_class_path (initial): C:\Users\nraje\.gradle\wrapper\dists\gradle-7.2-all\260hg96vuh6ex27h9vo47iv4d\gradle-7.2\lib\gradle-launcher-7.2.jar
Launcher Type: SUN_STANDARD

[Global flags]
     intx CICompilerCount                          = 4                                         {product} {ergonomic}
     uint ConcGCThreads                            = 3                                         {product} {ergonomic}
     uint G1ConcRefinementThreads                  = 10                                        {product} {ergonomic}
   size_t G1HeapRegionSize                         = 1048576                                   {product} {ergonomic}
    uintx GCDrainStackTargetSize                   = 64                                        {product} {ergonomic}
   size_t InitialHeapSize                          = 98566144                                  {product} {ergonomic}
   size_t MarkStackSize                            = 4194304                                   {product} {ergonomic}
   size_t MaxHeapSize                              = 2147483648                                {product} {command line}
   size_t MaxNewSize                               = 1287651328                                {product} {ergonomic}
   size_t MinHeapDeltaBytes                        = 1048576                                   {product} {ergonomic}
    uintx NonNMethodCodeHeapSize                   = 5836300                                {pd product} {ergonomic}
    uintx NonProfiledCodeHeapSize                  = 122910970                              {pd product} {ergonomic}
    uintx ProfiledCodeHeapSize                     = 122910970                              {pd product} {ergonomic}
    uintx ReservedCodeCacheSize                    = 251658240                              {pd product} {ergonomic}
     bool SegmentedCodeCache                       = true                                      {product} {ergonomic}
     bool UseCompressedClassPointers               = true                                 {lp64_product} {ergonomic}
     bool UseCompressedOops                        = true                                 {lp64_product} {ergonomic}
     bool UseG1GC                                  = true                                      {product} {ergonomic}
     bool UseLargePagesIndividualAllocation        = false                                  {pd product} {ergonomic}

Logging:
Log output configuration:
 #0: stdout all=warning uptime,level,tags
 #1: stderr all=off uptime,level,tags

Environment Variables:
PATH=C:\Program Files\Common Files\Oracle\Java\javapath;C:\Program Files (x86)\Common Files\Oracle\Java\javapath;C:\Windows\system32;C:\Windows;C:\Windows\System32\Wbem;C:\Windows\System32\WindowsPowerShell\v1.0\;C:\Windows\System32\OpenSSH\;C:\Program Files\Git\cmd;C:\Users\nraje\AppData\Local\Microsoft\WindowsApps\python.exe;C:\Users\nraje\AppData\Local\Microsoft\WindowsApps\python.exe;C:\Users\nraje\AppData\Local\Microsoft\WindowsApps\;C:\Users\nraje\AppData\Local\Microsoft\WindowsApps\;C:\Users\nraje\AppData\Local\Microsoft\WindowsApps;;C:\Users\nraje\AppData\Local\Programs\Microsoft VS Code\bin
USERNAME=nraje
OS=Windows_NT
PROCESSOR_IDENTIFIER=AMD64 Family 23 Model 104 Stepping 1, AuthenticAMD



---------------  S Y S T E M  ---------------

OS: Windows 11 , 64 bit Build 22000 (10.0.22000.1761)
OS uptime: 11 days 4:57 hours

CPU:total 12 (initial active 12) (12 cores per cpu, 2 threads per core) family 23 model 104 stepping 1 microcode 0x0, cmov, cx8, fxsr, mmx, sse, sse2, sse3, ssse3, sse4.1, sse4.2, popcnt, avx, avx2, aes, clmul, mmxext, 3dnowpref, lzcnt, sse4a, ht, tsc, tscinvbit, tscinv, bmi1, bmi2, adx, sha, fma

Memory: 4k page, system-wide physical 6005M (109M free)
TotalPageFile size 24437M (AvailPageFile size 2M)
current process WorkingSet (physical memory assigned to process): 165M, peak: 165M
current process commit charge ("private bytes"): 225M, peak: 225M

vm_info: OpenJDK 64-Bit Server VM (11.0.13+0-b1751.21-8125866) for windows-amd64 JRE (11.0.13+0-b1751.21-8125866), built on Feb  2 2022 03:00:22 by "builder" with MS VC++ 14.0 (VS2015)

END.
