#
# There is insufficient memory for the Java Runtime Environment to continue.
# Native memory allocation (mmap) failed to map 66060288 bytes for Failed to commit area from 0x000000008c500000 to 0x0000000090400000 of length 66060288.
# Possible reasons:
#   The system is out of physical RAM or swap space
#   The process is running with CompressedOops enabled, and the Java Heap may be blocking the growth of the native heap
# Possible solutions:
#   Reduce memory load on the system
#   Increase physical memory or swap space
#   Check if swap backing store is full
#   Decrease Java heap size (-Xmx/-Xms)
#   Decrease number of Java threads
#   Decrease Java thread stack sizes (-Xss)
#   Set larger code cache with -XX:ReservedCodeCacheSize=
#   JVM is running with Unscaled Compressed Oops mode in which the Java heap is
#     placed in the first 4GB address space. The Java Heap base address is the
#     maximum limit for the native heap growth. Please use -XX:HeapBaseMinAddress
#     to set the Java Heap base and to place the Java Heap above 4GB virtual address.
# This output file may be truncated or incomplete.
#
#  Out of Memory Error (./src/hotspot/os/windows/os_windows.cpp:3619), pid=129204, tid=132032
#
# JRE version: OpenJDK Runtime Environment (11.0.13) (build 11.0.13+0-b1751.21-8125866)
# Java VM: OpenJDK 64-Bit Server VM (11.0.13+0-b1751.21-8125866, mixed mode, tiered, compressed oops, g1 gc, windows-amd64)
# No core dump will be written. Minidumps are not enabled by default on client versions of Windows
#

---------------  S U M M A R Y ------------

Command Line: --add-opens=java.base/java.util=ALL-UNNAMED --add-opens=java.base/java.lang=ALL-UNNAMED --add-opens=java.base/java.lang.invoke=ALL-UNNAMED --add-opens=java.base/java.util=ALL-UNNAMED --add-opens=java.prefs/java.util.prefs=ALL-UNNAMED --add-opens=java.prefs/java.util.prefs=ALL-UNNAMED --add-opens=java.base/java.nio.charset=ALL-UNNAMED --add-opens=java.base/java.net=ALL-UNNAMED --add-opens=java.base/java.util.concurrent.atomic=ALL-UNNAMED -Xmx2048m -Dfile.encoding=windows-1252 -Duser.country=IN -Duser.language=en -Duser.variant org.gradle.launcher.daemon.bootstrap.GradleDaemon 7.2

Host: AMD Ryzen 5 5500U with Radeon Graphics         , 12 cores, 5G,  Windows 11 , 64 bit Build 22000 (10.0.22000.1761)
Time: Fri May 12 00:59:36 2023 India Standard Time elapsed time: 18.457217 seconds (0d 0h 0m 18s)

---------------  T H R E A D  ---------------

Current thread (0x000001995b623000):  VMThread "VM Thread" [stack: 0x00000052b9700000,0x00000052b9800000] [id=132032]

Stack: [0x00000052b9700000,0x00000052b9800000]
[error occurred during error reporting (printing stack bounds), id 0xc0000005, EXCEPTION_ACCESS_VIOLATION (0xc0000005) at pc=0x000001994488112d]

Native frames: (J=compiled Java code, j=interpreted, Vv=VM code, C=native code)
V  [jvm.dll+0x6100fa]
V  [jvm.dll+0x747090]
V  [jvm.dll+0x7486ad]
V  [jvm.dll+0x748ce5]
V  [jvm.dll+0x748c9b]
V  [jvm.dll+0x60f224]
V  [jvm.dll+0x60f9b8]
C  [ntdll.dll+0xa8aef]
C  [ntdll.dll+0x35b9a]
C  [ntdll.dll+0xa7afe]
C  0x000001994488112d

VM_Operation (0x00000052bd0f8be0): G1CollectForAllocation, mode: safepoint, requested by thread 0x000001995ff0c000


---------------  P R O C E S S  ---------------

Threads class SMR info:
_java_thread_list=0x000001995cdbf840, length=182, elements={
0x0000019940d61000, 0x000001995b628000, 0x000001995b631000, 0x000001995bfb5000,
0x000001995bfb6000, 0x000001995bfb7000, 0x000001995bfbd800, 0x000001995bfbe800,
0x000001995b655800, 0x000001995c111000, 0x000001995db3e000, 0x000001995dfbe000,
0x000001995cca7000, 0x000001995e57f800, 0x000001995dfb7800, 0x000001995e0a2000,
0x000001995e0b6000, 0x000001995e0b3800, 0x000001995e0b5000, 0x000001995d1b4000,
0x000001995d1b3800, 0x000001995d1b2800, 0x000001995d1b1800, 0x000001995e5ab800,
0x000001995e5ad000, 0x000001995e5a8000, 0x000001995e5aa000, 0x000001995e5aa800,
0x000001995e5a9000, 0x000001995e5b1000, 0x000001995e5ae800, 0x000001995e5af800,
0x000001995e5b2000, 0x000001995e5b6000, 0x000001995e5b7000, 0x000001995e5b5800,
0x000001995e5b3800, 0x000001995e5b4800, 0x000001995e5b3000, 0x000001995ff09800,
0x000001995ff0a800, 0x000001995ff0b000, 0x000001995ff05800, 0x000001995ff08800,
0x000001995ff0c000, 0x000001995ff06000, 0x000001995ff0c800, 0x000001995ff07000,
0x000001995ff0d800, 0x000001995ff08000, 0x000001995ff11000, 0x000001995ff13000,
0x000001995ff14000, 0x000001995ff10000, 0x000001995ff11800, 0x000001995ff12800,
0x000001995ff0e800, 0x000001995ff0f000, 0x000001995fee7000, 0x000001995fee8000,
0x000001995fee8800, 0x000001995fee9800, 0x000001995feea800, 0x000001995feeb000,
0x000001995feec000, 0x000001995fee6800, 0x000001995fef1000, 0x000001995feed800,
0x000001995fef2800, 0x000001995feed000, 0x000001995feef800, 0x000001995fef0000,
0x000001995feee800, 0x000001995fef1800, 0x000001995fef5000, 0x000001995fef3800,
0x000001995fef4000, 0x000001996044f000, 0x000001996044f800, 0x0000019960456800,
0x0000019960454800, 0x0000019960451800, 0x0000019960452000, 0x0000019960455800,
0x0000019960450800, 0x0000019960457000, 0x0000019960454000, 0x0000019960453000,
0x0000019960458000, 0x000001996045c000, 0x000001996045d800, 0x0000019960458800,
0x0000019960459800, 0x000001996045d000, 0x000001996045a800, 0x000001996045b000,
0x0000019960586800, 0x0000019960585000, 0x0000019960581800, 0x0000019960582800,
0x0000019960581000, 0x0000019960583800, 0x0000019960584000, 0x000001996058a800,
0x000001996058a000, 0x000001996058b800, 0x0000019960585800, 0x0000019960587800,
0x000001996058c000, 0x000001996058d000, 0x0000019960589000, 0x000001996058e000,
0x0000019960588000, 0x000001996058e800, 0x000001996058f800, 0x0000019960306800,
0x0000019960307800, 0x0000019960304000, 0x0000019960308000, 0x0000019960309000,
0x0000019960303800, 0x000001996030a800, 0x0000019960305000, 0x000001996030a000,
0x000001996030b800, 0x0000019960305800, 0x0000019960310800, 0x000001996030d000,
0x0000019960311000, 0x000001996030e000, 0x000001996030f800, 0x000001996030c000,
0x0000019960312000, 0x000001996030e800, 0x0000019960b57800, 0x0000019960b56000,
0x0000019960b55000, 0x0000019960b53800, 0x0000019960b52000, 0x0000019960b54000,
0x0000019960b52800, 0x0000019960b5c800, 0x0000019960b58800, 0x0000019960b56800,
0x0000019960b5f000, 0x0000019960b5e000, 0x0000019960b5b800, 0x0000019960b59000,
0x0000019960b5f800, 0x0000019960b5b000, 0x0000019960b5a000, 0x0000019960b60800,
0x0000019960b5d000, 0x00000199605f7000, 0x00000199605fc800, 0x00000199605fc000,
0x00000199605f8800, 0x00000199605fa000, 0x00000199605f9800, 0x00000199605fb000,
0x00000199605fd800, 0x00000199605f8000, 0x0000019960604000, 0x0000019960602800,
0x0000019960603000, 0x00000199605ff000, 0x00000199605fe800, 0x0000019960605000,
0x0000019960605800, 0x0000019960600000, 0x0000019960600800, 0x0000019960601800,
0x00000199666ea000, 0x00000199666ed000, 0x00000199666e9000, 0x00000199666ea800,
0x00000199666eb800, 0x00000199666ec800, 0x00000199666ee000, 0x00000199666e8000,
0x00000199666f3000, 0x00000199666f1000
}

Java Threads: ( => current thread )
  0x0000019940d61000 JavaThread "main" [_thread_blocked, id=130656, stack(0x00000052b9100000,0x00000052b9200000)]
  0x000001995b628000 JavaThread "Reference Handler" daemon [_thread_blocked, id=126536, stack(0x00000052b9800000,0x00000052b9900000)]
  0x000001995b631000 JavaThread "Finalizer" daemon [_thread_blocked, id=128924, stack(0x00000052b9900000,0x00000052b9a00000)]
  0x000001995bfb5000 JavaThread "Signal Dispatcher" daemon [_thread_blocked, id=106780, stack(0x00000052b9a00000,0x00000052b9b00000)]
  0x000001995bfb6000 JavaThread "Attach Listener" daemon [_thread_blocked, id=79168, stack(0x00000052b9b00000,0x00000052b9c00000)]
  0x000001995bfb7000 JavaThread "Service Thread" daemon [_thread_blocked, id=131620, stack(0x00000052b9c00000,0x00000052b9d00000)]
  0x000001995bfbd800 JavaThread "C2 CompilerThread0" daemon [_thread_blocked, id=116244, stack(0x00000052b9d00000,0x00000052b9e00000)]
  0x000001995bfbe800 JavaThread "C1 CompilerThread0" daemon [_thread_blocked, id=123348, stack(0x00000052b9e00000,0x00000052b9f00000)]
  0x000001995b655800 JavaThread "Sweeper thread" daemon [_thread_blocked, id=126072, stack(0x00000052b9f00000,0x00000052ba000000)]
  0x000001995c111000 JavaThread "Common-Cleaner" daemon [_thread_blocked, id=71916, stack(0x00000052ba000000,0x00000052ba100000)]
  0x000001995db3e000 JavaThread "Daemon health stats" [_thread_blocked, id=122772, stack(0x00000052ba300000,0x00000052ba400000)]
  0x000001995dfbe000 JavaThread "Incoming local TCP Connector on port 55535" [_thread_in_native, id=131628, stack(0x00000052ba700000,0x00000052ba800000)]
  0x000001995cca7000 JavaThread "Daemon periodic checks" [_thread_blocked, id=111352, stack(0x00000052ba800000,0x00000052ba900000)]
  0x000001995e57f800 JavaThread "Daemon" [_thread_blocked, id=94196, stack(0x00000052ba900000,0x00000052baa00000)]
  0x000001995dfb7800 JavaThread "Handler for socket connection from /127.0.0.1:55535 to /127.0.0.1:55536" [_thread_in_native, id=118936, stack(0x00000052baa00000,0x00000052bab00000)]
  0x000001995e0a2000 JavaThread "Cancel handler" [_thread_blocked, id=131640, stack(0x00000052bab00000,0x00000052bac00000)]
  0x000001995e0b6000 JavaThread "Daemon worker" [_thread_blocked, id=124532, stack(0x00000052bac00000,0x00000052bad00000)]
  0x000001995e0b3800 JavaThread "Asynchronous log dispatcher for DefaultDaemonConnection: socket connection from /127.0.0.1:55535 to /127.0.0.1:55536" [_thread_blocked, id=128908, stack(0x00000052bad00000,0x00000052bae00000)]
  0x000001995e0b5000 JavaThread "Stdin handler" [_thread_blocked, id=98852, stack(0x00000052bae00000,0x00000052baf00000)]
  0x000001995d1b4000 JavaThread "Daemon client event forwarder" [_thread_blocked, id=125624, stack(0x00000052baf00000,0x00000052bb000000)]
  0x000001995d1b3800 JavaThread "Cache worker for journal cache (C:\Users\nraje\.gradle\caches\journal-1)" [_thread_blocked, id=130068, stack(0x00000052bb600000,0x00000052bb700000)]
  0x000001995d1b2800 JavaThread "File lock request listener" [_thread_in_native, id=114212, stack(0x00000052bb700000,0x00000052bb800000)]
  0x000001995d1b1800 JavaThread "Cache worker for file hash cache (C:\Users\nraje\.gradle\caches\7.2\fileHashes)" [_thread_blocked, id=129648, stack(0x00000052bb800000,0x00000052bb900000)]
  0x000001995e5ab800 JavaThread "Cache worker for file hash cache (C:\Users\nraje\AndroidStudioProjects\NOTEIT\.gradle\7.2\fileHashes)" [_thread_blocked, id=119272, stack(0x00000052bbb00000,0x00000052bbc00000)]
  0x000001995e5ad000 JavaThread "File watcher server" daemon [_thread_blocked, id=108228, stack(0x00000052bbc00000,0x00000052bbd00000)]
  0x000001995e5a8000 JavaThread "File watcher consumer" daemon [_thread_blocked, id=131496, stack(0x00000052bbd00000,0x00000052bbe00000)]
  0x000001995e5aa000 JavaThread "Cache worker for checksums cache (C:\Users\nraje\AndroidStudioProjects\NOTEIT\.gradle\checksums)" [_thread_blocked, id=127180, stack(0x00000052bbe00000,0x00000052bbf00000)]
  0x000001995e5aa800 JavaThread "Cache worker for cache directory md-supplier (C:\Users\nraje\.gradle\caches\7.2\md-supplier)" [_thread_blocked, id=131436, stack(0x00000052bbf00000,0x00000052bc000000)]
  0x000001995e5a9000 JavaThread "Cache worker for cache directory md-rule (C:\Users\nraje\.gradle\caches\7.2\md-rule)" [_thread_blocked, id=130344, stack(0x00000052bc000000,0x00000052bc100000)]
  0x000001995e5b1000 JavaThread "Cache worker for execution history cache (C:\Users\nraje\.gradle\caches\7.2\executionHistory)" [_thread_blocked, id=124412, stack(0x00000052bc100000,0x00000052bc200000)]
  0x000001995e5ae800 JavaThread "jar transforms" [_thread_blocked, id=131460, stack(0x00000052bc200000,0x00000052bc300000)]
  0x000001995e5af800 JavaThread "jar transforms Thread 2" [_thread_blocked, id=95272, stack(0x00000052bc300000,0x00000052bc400000)]
  0x000001995e5b2000 JavaThread "Cache worker for file content cache (C:\Users\nraje\.gradle\caches\7.2\fileContent)" [_thread_blocked, id=129332, stack(0x00000052bc400000,0x00000052bc500000)]
  0x000001995e5b6000 JavaThread "Cache worker for dependencies-accessors (C:\Users\nraje\AndroidStudioProjects\NOTEIT\.gradle\7.2\dependencies-accessors)" [_thread_blocked, id=121520, stack(0x00000052bc500000,0x00000052bc600000)]
  0x000001995e5b7000 JavaThread "jar transforms Thread 3" [_thread_blocked, id=117676, stack(0x00000052bc600000,0x00000052bc700000)]
  0x000001995e5b5800 JavaThread "Cache worker for Build Output Cleanup Cache (C:\Users\nraje\AndroidStudioProjects\NOTEIT\.gradle\buildOutputCleanup)" [_thread_blocked, id=116548, stack(0x00000052bc700000,0x00000052bc800000)]
  0x000001995e5b3800 JavaThread "Unconstrained build operations" [_thread_blocked, id=131960, stack(0x00000052bc800000,0x00000052bc900000)]
  0x000001995e5b4800 JavaThread "Unconstrained build operations Thread 2" [_thread_blocked, id=131164, stack(0x00000052bc900000,0x00000052bca00000)]
  0x000001995e5b3000 JavaThread "Unconstrained build operations Thread 3" [_thread_blocked, id=129832, stack(0x00000052bca00000,0x00000052bcb00000)]
  0x000001995ff09800 JavaThread "Unconstrained build operations Thread 4" [_thread_blocked, id=102936, stack(0x00000052bcb00000,0x00000052bcc00000)]
  0x000001995ff0a800 JavaThread "Unconstrained build operations Thread 5" [_thread_blocked, id=102660, stack(0x00000052bcc00000,0x00000052bcd00000)]
  0x000001995ff0b000 JavaThread "Unconstrained build operations Thread 6" [_thread_blocked, id=109540, stack(0x00000052bcd00000,0x00000052bce00000)]
  0x000001995ff05800 JavaThread "Unconstrained build operations Thread 7" [_thread_blocked, id=127652, stack(0x00000052bce00000,0x00000052bcf00000)]
  0x000001995ff08800 JavaThread "Unconstrained build operations Thread 8" [_thread_blocked, id=121760, stack(0x00000052bcf00000,0x00000052bd000000)]
  0x000001995ff0c000 JavaThread "Unconstrained build operations Thread 9" [_thread_blocked, id=131160, stack(0x00000052bd000000,0x00000052bd100000)]
  0x000001995ff06000 JavaThread "Unconstrained build operations Thread 10" [_thread_blocked, id=128776, stack(0x00000052bd100000,0x00000052bd200000)]
  0x000001995ff0c800 JavaThread "Unconstrained build operations Thread 11" [_thread_blocked, id=131696, stack(0x00000052bd200000,0x00000052bd300000)]
  0x000001995ff07000 JavaThread "Unconstrained build operations Thread 12" [_thread_blocked, id=131428, stack(0x00000052bd300000,0x00000052bd400000)]
  0x000001995ff0d800 JavaThread "Unconstrained build operations Thread 13" [_thread_blocked, id=130980, stack(0x00000052bd400000,0x00000052bd500000)]
  0x000001995ff08000 JavaThread "Unconstrained build operations Thread 14" [_thread_blocked, id=119736, stack(0x00000052bd500000,0x00000052bd600000)]
  0x000001995ff11000 JavaThread "Unconstrained build operations Thread 15" [_thread_blocked, id=120984, stack(0x00000052bd600000,0x00000052bd700000)]
  0x000001995ff13000 JavaThread "Unconstrained build operations Thread 16" [_thread_blocked, id=130008, stack(0x00000052bd700000,0x00000052bd800000)]
  0x000001995ff14000 JavaThread "Unconstrained build operations Thread 17" [_thread_blocked, id=125128, stack(0x00000052bd800000,0x00000052bd900000)]
  0x000001995ff10000 JavaThread "Unconstrained build operations Thread 18" [_thread_blocked, id=90628, stack(0x00000052bd900000,0x00000052bda00000)]
  0x000001995ff11800 JavaThread "Unconstrained build operations Thread 19" [_thread_blocked, id=124924, stack(0x00000052bda00000,0x00000052bdb00000)]
  0x000001995ff12800 JavaThread "Unconstrained build operations Thread 20" [_thread_blocked, id=116456, stack(0x00000052bdb00000,0x00000052bdc00000)]
  0x000001995ff0e800 JavaThread "Unconstrained build operations Thread 21" [_thread_blocked, id=114596, stack(0x00000052bdc00000,0x00000052bdd00000)]
  0x000001995ff0f000 JavaThread "Unconstrained build operations Thread 22" [_thread_blocked, id=122720, stack(0x00000052bdd00000,0x00000052bde00000)]
  0x000001995fee7000 JavaThread "Unconstrained build operations Thread 23" [_thread_blocked, id=123376, stack(0x00000052bde00000,0x00000052bdf00000)]
  0x000001995fee8000 JavaThread "Unconstrained build operations Thread 24" [_thread_blocked, id=131872, stack(0x00000052bdf00000,0x00000052be000000)]
  0x000001995fee8800 JavaThread "Unconstrained build operations Thread 25" [_thread_blocked, id=123764, stack(0x00000052be000000,0x00000052be100000)]
  0x000001995fee9800 JavaThread "Unconstrained build operations Thread 26" [_thread_blocked, id=129152, stack(0x00000052be100000,0x00000052be200000)]
  0x000001995feea800 JavaThread "Unconstrained build operations Thread 27" [_thread_blocked, id=119576, stack(0x00000052be200000,0x00000052be300000)]
  0x000001995feeb000 JavaThread "Unconstrained build operations Thread 28" [_thread_blocked, id=116528, stack(0x00000052be300000,0x00000052be400000)]
  0x000001995feec000 JavaThread "Unconstrained build operations Thread 29" [_thread_blocked, id=132064, stack(0x00000052be400000,0x00000052be500000)]
  0x000001995fee6800 JavaThread "Unconstrained build operations Thread 30" [_thread_blocked, id=128700, stack(0x00000052be500000,0x00000052be600000)]
  0x000001995fef1000 JavaThread "Unconstrained build operations Thread 31" [_thread_blocked, id=106624, stack(0x00000052be600000,0x00000052be700000)]
  0x000001995feed800 JavaThread "Unconstrained build operations Thread 32" [_thread_blocked, id=108188, stack(0x00000052be700000,0x00000052be800000)]
  0x000001995fef2800 JavaThread "Unconstrained build operations Thread 33" [_thread_blocked, id=129580, stack(0x00000052be800000,0x00000052be900000)]
  0x000001995feed000 JavaThread "Unconstrained build operations Thread 34" [_thread_blocked, id=122508, stack(0x00000052be900000,0x00000052bea00000)]
  0x000001995feef800 JavaThread "Unconstrained build operations Thread 35" [_thread_blocked, id=120924, stack(0x00000052bea00000,0x00000052beb00000)]
  0x000001995fef0000 JavaThread "Unconstrained build operations Thread 36" [_thread_blocked, id=131736, stack(0x00000052beb00000,0x00000052bec00000)]
  0x000001995feee800 JavaThread "Unconstrained build operations Thread 37" [_thread_blocked, id=129912, stack(0x00000052bec00000,0x00000052bed00000)]
  0x000001995fef1800 JavaThread "Unconstrained build operations Thread 38" [_thread_blocked, id=110788, stack(0x00000052bed00000,0x00000052bee00000)]
  0x000001995fef5000 JavaThread "Unconstrained build operations Thread 39" [_thread_blocked, id=116016, stack(0x00000052bee00000,0x00000052bef00000)]
  0x000001995fef3800 JavaThread "Unconstrained build operations Thread 40" [_thread_blocked, id=116924, stack(0x00000052bef00000,0x00000052bf000000)]
  0x000001995fef4000 JavaThread "Unconstrained build operations Thread 41" [_thread_blocked, id=113448, stack(0x00000052bf000000,0x00000052bf100000)]
  0x000001996044f000 JavaThread "Unconstrained build operations Thread 42" [_thread_blocked, id=124044, stack(0x00000052bf100000,0x00000052bf200000)]
  0x000001996044f800 JavaThread "Unconstrained build operations Thread 43" [_thread_blocked, id=101940, stack(0x00000052bf200000,0x00000052bf300000)]
  0x0000019960456800 JavaThread "Unconstrained build operations Thread 44" [_thread_blocked, id=103024, stack(0x00000052bf300000,0x00000052bf400000)]
  0x0000019960454800 JavaThread "Unconstrained build operations Thread 45" [_thread_blocked, id=126508, stack(0x00000052bf400000,0x00000052bf500000)]
  0x0000019960451800 JavaThread "Unconstrained build operations Thread 46" [_thread_blocked, id=131828, stack(0x00000052bf500000,0x00000052bf600000)]
  0x0000019960452000 JavaThread "Unconstrained build operations Thread 47" [_thread_blocked, id=98984, stack(0x00000052bf600000,0x00000052bf700000)]
  0x0000019960455800 JavaThread "Unconstrained build operations Thread 48" [_thread_blocked, id=130308, stack(0x00000052bf700000,0x00000052bf800000)]
  0x0000019960450800 JavaThread "Unconstrained build operations Thread 49" [_thread_blocked, id=118396, stack(0x00000052bf800000,0x00000052bf900000)]
  0x0000019960457000 JavaThread "Unconstrained build operations Thread 50" [_thread_blocked, id=116516, stack(0x00000052bf900000,0x00000052bfa00000)]
  0x0000019960454000 JavaThread "Unconstrained build operations Thread 51" [_thread_blocked, id=70736, stack(0x00000052bfa00000,0x00000052bfb00000)]
  0x0000019960453000 JavaThread "Unconstrained build operations Thread 52" [_thread_blocked, id=99232, stack(0x00000052bfb00000,0x00000052bfc00000)]
  0x0000019960458000 JavaThread "Unconstrained build operations Thread 53" [_thread_blocked, id=130580, stack(0x00000052bfc00000,0x00000052bfd00000)]
  0x000001996045c000 JavaThread "Unconstrained build operations Thread 54" [_thread_blocked, id=126896, stack(0x00000052bfd00000,0x00000052bfe00000)]
  0x000001996045d800 JavaThread "Unconstrained build operations Thread 55" [_thread_blocked, id=116536, stack(0x00000052bfe00000,0x00000052bff00000)]
  0x0000019960458800 JavaThread "Unconstrained build operations Thread 56" [_thread_blocked, id=130000, stack(0x00000052bff00000,0x00000052c0000000)]
  0x0000019960459800 JavaThread "Unconstrained build operations Thread 57" [_thread_blocked, id=131272, stack(0x00000052c0000000,0x00000052c0100000)]
  0x000001996045d000 JavaThread "Unconstrained build operations Thread 58" [_thread_blocked, id=102288, stack(0x00000052c0100000,0x00000052c0200000)]
  0x000001996045a800 JavaThread "Unconstrained build operations Thread 59" [_thread_blocked, id=116804, stack(0x00000052c0200000,0x00000052c0300000)]
  0x000001996045b000 JavaThread "Unconstrained build operations Thread 60" [_thread_blocked, id=128756, stack(0x00000052c0300000,0x00000052c0400000)]
  0x0000019960586800 JavaThread "Unconstrained build operations Thread 61" [_thread_blocked, id=131916, stack(0x00000052c0400000,0x00000052c0500000)]
  0x0000019960585000 JavaThread "Unconstrained build operations Thread 62" [_thread_blocked, id=123508, stack(0x00000052c0500000,0x00000052c0600000)]
  0x0000019960581800 JavaThread "Unconstrained build operations Thread 63" [_thread_blocked, id=127988, stack(0x00000052c0600000,0x00000052c0700000)]
  0x0000019960582800 JavaThread "Unconstrained build operations Thread 64" [_thread_blocked, id=122548, stack(0x00000052c0700000,0x00000052c0800000)]
  0x0000019960581000 JavaThread "Unconstrained build operations Thread 65" [_thread_blocked, id=92292, stack(0x00000052c0800000,0x00000052c0900000)]
  0x0000019960583800 JavaThread "Unconstrained build operations Thread 66" [_thread_blocked, id=131704, stack(0x00000052c0900000,0x00000052c0a00000)]
  0x0000019960584000 JavaThread "Unconstrained build operations Thread 67" [_thread_blocked, id=131664, stack(0x00000052c0a00000,0x00000052c0b00000)]
  0x000001996058a800 JavaThread "Unconstrained build operations Thread 68" [_thread_blocked, id=130988, stack(0x00000052c0b00000,0x00000052c0c00000)]
  0x000001996058a000 JavaThread "Unconstrained build operations Thread 69" [_thread_blocked, id=120388, stack(0x00000052c0c00000,0x00000052c0d00000)]
  0x000001996058b800 JavaThread "Unconstrained build operations Thread 70" [_thread_blocked, id=122336, stack(0x00000052c0d00000,0x00000052c0e00000)]
  0x0000019960585800 JavaThread "Unconstrained build operations Thread 71" [_thread_blocked, id=121232, stack(0x00000052c0e00000,0x00000052c0f00000)]
  0x0000019960587800 JavaThread "Unconstrained build operations Thread 72" [_thread_blocked, id=126280, stack(0x00000052c0f00000,0x00000052c1000000)]
  0x000001996058c000 JavaThread "Unconstrained build operations Thread 73" [_thread_blocked, id=110284, stack(0x00000052c1000000,0x00000052c1100000)]
  0x000001996058d000 JavaThread "Unconstrained build operations Thread 74" [_thread_blocked, id=131700, stack(0x00000052c1100000,0x00000052c1200000)]
  0x0000019960589000 JavaThread "Unconstrained build operations Thread 75" [_thread_blocked, id=123916, stack(0x00000052c1200000,0x00000052c1300000)]
  0x000001996058e000 JavaThread "Unconstrained build operations Thread 76" [_thread_blocked, id=131520, stack(0x00000052c1300000,0x00000052c1400000)]
  0x0000019960588000 JavaThread "Unconstrained build operations Thread 77" [_thread_blocked, id=127768, stack(0x00000052c1400000,0x00000052c1500000)]
  0x000001996058e800 JavaThread "Unconstrained build operations Thread 78" [_thread_blocked, id=128752, stack(0x00000052c1500000,0x00000052c1600000)]
  0x000001996058f800 JavaThread "Unconstrained build operations Thread 79" [_thread_blocked, id=128188, stack(0x00000052c1600000,0x00000052c1700000)]
  0x0000019960306800 JavaThread "Unconstrained build operations Thread 80" [_thread_blocked, id=129636, stack(0x00000052c1700000,0x00000052c1800000)]
  0x0000019960307800 JavaThread "Unconstrained build operations Thread 81" [_thread_blocked, id=132044, stack(0x00000052c1800000,0x00000052c1900000)]
  0x0000019960304000 JavaThread "Unconstrained build operations Thread 82" [_thread_blocked, id=126944, stack(0x00000052c1900000,0x00000052c1a00000)]
  0x0000019960308000 JavaThread "Unconstrained build operations Thread 83" [_thread_blocked, id=124196, stack(0x00000052c1a00000,0x00000052c1b00000)]
  0x0000019960309000 JavaThread "Unconstrained build operations Thread 84" [_thread_blocked, id=108072, stack(0x00000052c1b00000,0x00000052c1c00000)]
  0x0000019960303800 JavaThread "Unconstrained build operations Thread 85" [_thread_blocked, id=128036, stack(0x00000052c1c00000,0x00000052c1d00000)]
  0x000001996030a800 JavaThread "Unconstrained build operations Thread 86" [_thread_blocked, id=122436, stack(0x00000052c1d00000,0x00000052c1e00000)]
  0x0000019960305000 JavaThread "Unconstrained build operations Thread 87" [_thread_blocked, id=125932, stack(0x00000052c1e00000,0x00000052c1f00000)]
  0x000001996030a000 JavaThread "Unconstrained build operations Thread 88" [_thread_blocked, id=111892, stack(0x00000052c1f00000,0x00000052c2000000)]
  0x000001996030b800 JavaThread "Unconstrained build operations Thread 89" [_thread_blocked, id=123392, stack(0x00000052c2000000,0x00000052c2100000)]
  0x0000019960305800 JavaThread "Unconstrained build operations Thread 90" [_thread_blocked, id=129808, stack(0x00000052c2100000,0x00000052c2200000)]
  0x0000019960310800 JavaThread "Unconstrained build operations Thread 91" [_thread_blocked, id=111664, stack(0x00000052c2200000,0x00000052c2300000)]
  0x000001996030d000 JavaThread "Unconstrained build operations Thread 92" [_thread_blocked, id=113700, stack(0x00000052c2300000,0x00000052c2400000)]
  0x0000019960311000 JavaThread "Unconstrained build operations Thread 93" [_thread_blocked, id=115156, stack(0x00000052c2400000,0x00000052c2500000)]
  0x000001996030e000 JavaThread "Unconstrained build operations Thread 94" [_thread_blocked, id=115036, stack(0x00000052c2500000,0x00000052c2600000)]
  0x000001996030f800 JavaThread "Unconstrained build operations Thread 95" [_thread_blocked, id=130960, stack(0x00000052c2600000,0x00000052c2700000)]
  0x000001996030c000 JavaThread "Unconstrained build operations Thread 96" [_thread_blocked, id=51404, stack(0x00000052c2700000,0x00000052c2800000)]
  0x0000019960312000 JavaThread "Unconstrained build operations Thread 97" [_thread_blocked, id=105380, stack(0x00000052c2800000,0x00000052c2900000)]
  0x000001996030e800 JavaThread "Unconstrained build operations Thread 98" [_thread_blocked, id=77380, stack(0x00000052c2900000,0x00000052c2a00000)]
  0x0000019960b57800 JavaThread "Unconstrained build operations Thread 99" [_thread_blocked, id=107676, stack(0x00000052c2a00000,0x00000052c2b00000)]
  0x0000019960b56000 JavaThread "Unconstrained build operations Thread 100" [_thread_blocked, id=120840, stack(0x00000052c2b00000,0x00000052c2c00000)]
  0x0000019960b55000 JavaThread "Unconstrained build operations Thread 101" [_thread_blocked, id=118612, stack(0x00000052c2c00000,0x00000052c2d00000)]
  0x0000019960b53800 JavaThread "Unconstrained build operations Thread 102" [_thread_blocked, id=131740, stack(0x00000052c2d00000,0x00000052c2e00000)]
  0x0000019960b52000 JavaThread "Unconstrained build operations Thread 103" [_thread_blocked, id=79852, stack(0x00000052c2e00000,0x00000052c2f00000)]
  0x0000019960b54000 JavaThread "Unconstrained build operations Thread 104" [_thread_blocked, id=125372, stack(0x00000052c2f00000,0x00000052c3000000)]
  0x0000019960b52800 JavaThread "Unconstrained build operations Thread 105" [_thread_blocked, id=129088, stack(0x00000052c3000000,0x00000052c3100000)]
  0x0000019960b5c800 JavaThread "Unconstrained build operations Thread 106" [_thread_blocked, id=128684, stack(0x00000052c3100000,0x00000052c3200000)]
  0x0000019960b58800 JavaThread "Unconstrained build operations Thread 107" [_thread_blocked, id=127700, stack(0x00000052c3200000,0x00000052c3300000)]
  0x0000019960b56800 JavaThread "Unconstrained build operations Thread 108" [_thread_blocked, id=90800, stack(0x00000052c3300000,0x00000052c3400000)]
  0x0000019960b5f000 JavaThread "Unconstrained build operations Thread 109" [_thread_blocked, id=117056, stack(0x00000052c3400000,0x00000052c3500000)]
  0x0000019960b5e000 JavaThread "Unconstrained build operations Thread 110" [_thread_blocked, id=124956, stack(0x00000052c3500000,0x00000052c3600000)]
  0x0000019960b5b800 JavaThread "Unconstrained build operations Thread 111" [_thread_blocked, id=110976, stack(0x00000052c3600000,0x00000052c3700000)]
  0x0000019960b59000 JavaThread "Unconstrained build operations Thread 112" [_thread_blocked, id=125160, stack(0x00000052c3700000,0x00000052c3800000)]
  0x0000019960b5f800 JavaThread "Unconstrained build operations Thread 113" [_thread_blocked, id=116164, stack(0x00000052c3800000,0x00000052c3900000)]
  0x0000019960b5b000 JavaThread "Unconstrained build operations Thread 114" [_thread_blocked, id=126312, stack(0x00000052c3900000,0x00000052c3a00000)]
  0x0000019960b5a000 JavaThread "Unconstrained build operations Thread 115" [_thread_blocked, id=130012, stack(0x00000052c3a00000,0x00000052c3b00000)]
  0x0000019960b60800 JavaThread "Unconstrained build operations Thread 116" [_thread_blocked, id=129232, stack(0x00000052c3b00000,0x00000052c3c00000)]
  0x0000019960b5d000 JavaThread "Unconstrained build operations Thread 117" [_thread_blocked, id=130140, stack(0x00000052c3c00000,0x00000052c3d00000)]
  0x00000199605f7000 JavaThread "Unconstrained build operations Thread 118" [_thread_blocked, id=91004, stack(0x00000052c3d00000,0x00000052c3e00000)]
  0x00000199605fc800 JavaThread "Unconstrained build operations Thread 119" [_thread_blocked, id=95300, stack(0x00000052c3e00000,0x00000052c3f00000)]
  0x00000199605fc000 JavaThread "Unconstrained build operations Thread 120" [_thread_blocked, id=103220, stack(0x00000052c3f00000,0x00000052c4000000)]
  0x00000199605f8800 JavaThread "jar transforms Thread 4" [_thread_blocked, id=116360, stack(0x00000052c4000000,0x00000052c4100000)]
  0x00000199605fa000 JavaThread "jar transforms Thread 5" [_thread_blocked, id=102456, stack(0x00000052c4100000,0x00000052c4200000)]
  0x00000199605f9800 JavaThread "jar transforms Thread 6" [_thread_blocked, id=122964, stack(0x00000052c4200000,0x00000052c4300000)]
  0x00000199605fb000 JavaThread "jar transforms Thread 7" [_thread_blocked, id=131336, stack(0x00000052c4300000,0x00000052c4400000)]
  0x00000199605fd800 JavaThread "jar transforms Thread 8" [_thread_blocked, id=88196, stack(0x00000052c4400000,0x00000052c4500000)]
  0x00000199605f8000 JavaThread "jar transforms Thread 9" [_thread_blocked, id=117932, stack(0x00000052c4500000,0x00000052c4600000)]
  0x0000019960604000 JavaThread "jar transforms Thread 10" [_thread_blocked, id=122180, stack(0x00000052c4600000,0x00000052c4700000)]
  0x0000019960602800 JavaThread "jar transforms Thread 11" [_thread_blocked, id=125972, stack(0x00000052c4700000,0x00000052c4800000)]
  0x0000019960603000 JavaThread "jar transforms Thread 12" [_thread_blocked, id=121180, stack(0x00000052c4800000,0x00000052c4900000)]
  0x00000199605ff000 JavaThread "Memory manager" [_thread_blocked, id=122228, stack(0x00000052c4900000,0x00000052c4a00000)]
  0x00000199605fe800 JavaThread "build event listener" [_thread_blocked, id=129228, stack(0x00000052c4a00000,0x00000052c4b00000)]
  0x0000019960605000 JavaThread "pool-3-thread-1" [_thread_blocked, id=124604, stack(0x00000052c4b00000,0x00000052c4c00000)]
  0x0000019960605800 JavaThread "build event listener" [_thread_blocked, id=126020, stack(0x00000052c4c00000,0x00000052c4d00000)]
  0x0000019960600000 JavaThread "Execution worker for ':'" [_thread_blocked, id=111332, stack(0x00000052c4d00000,0x00000052c4e00000)]
  0x0000019960600800 JavaThread "Execution worker for ':' Thread 2" [_thread_blocked, id=131404, stack(0x00000052c4e00000,0x00000052c4f00000)]
  0x0000019960601800 JavaThread "Execution worker for ':' Thread 3" [_thread_blocked, id=119984, stack(0x00000052c4f00000,0x00000052c5000000)]
  0x00000199666ea000 JavaThread "Execution worker for ':' Thread 4" [_thread_blocked, id=130648, stack(0x00000052c5000000,0x00000052c5100000)]
  0x00000199666ed000 JavaThread "Execution worker for ':' Thread 5" [_thread_blocked, id=126872, stack(0x00000052c5100000,0x00000052c5200000)]
  0x00000199666e9000 JavaThread "Execution worker for ':' Thread 6" [_thread_blocked, id=128136, stack(0x00000052c5200000,0x00000052c5300000)]
  0x00000199666ea800 JavaThread "Execution worker for ':' Thread 7" [_thread_blocked, id=125244, stack(0x00000052c5300000,0x00000052c5400000)]
  0x00000199666eb800 JavaThread "Execution worker for ':' Thread 8" [_thread_blocked, id=128108, stack(0x00000052c5400000,0x00000052c5500000)]
  0x00000199666ec800 JavaThread "Execution worker for ':' Thread 9" [_thread_blocked, id=117316, stack(0x00000052c5500000,0x00000052c5600000)]
  0x00000199666ee000 JavaThread "Execution worker for ':' Thread 10" [_thread_blocked, id=107824, stack(0x00000052c5600000,0x00000052c5700000)]
  0x00000199666e8000 JavaThread "Execution worker for ':' Thread 11" [_thread_blocked, id=122032, stack(0x00000052c5700000,0x00000052c5800000)]
  0x00000199666f3000 JavaThread "Cache worker for execution history cache (C:\Users\nraje\AndroidStudioProjects\NOTEIT\.gradle\7.2\executionHistory)" [_thread_blocked, id=113736, stack(0x00000052c5800000,0x00000052c5900000)]
  0x00000199666f1000 JavaThread "WorkerExecutor Queue" [_thread_blocked, id=101592, stack(0x00000052c5900000,0x00000052c5a00000)]

Other Threads:
=>0x000001995b623000 VMThread "VM Thread" [stack: 0x00000052b9700000,0x00000052b9800000] [id=132032]
  0x000001995c158800 WatcherThread [stack: 0x00000052ba100000,0x00000052ba200000] [id=116272]
  0x0000019940d7c000 GCTaskThread "GC Thread#0" [stack: 0x00000052b9200000,0x00000052b9300000] [id=127688]
  0x000001995cc9c000 GCTaskThread "GC Thread#1" [stack: 0x00000052ba200000,0x00000052ba300000] [id=86388]
  0x000001995e3e2000 GCTaskThread "GC Thread#2" [stack: 0x00000052ba400000,0x00000052ba500000] [id=132036]
  0x000001995d7a7000 GCTaskThread "GC Thread#3" [stack: 0x00000052ba500000,0x00000052ba600000] [id=125028]
  0x000001995e0ae000 GCTaskThread "GC Thread#4" [stack: 0x00000052bb000000,0x00000052bb100000] [id=131332]
  0x000001995e0af000 GCTaskThread "GC Thread#5" [stack: 0x00000052bb100000,0x00000052bb200000] [id=126588]
  0x000001995e0d4800 GCTaskThread "GC Thread#6" [stack: 0x00000052bb200000,0x00000052bb300000] [id=118480]
  0x000001995e0d9000 GCTaskThread "GC Thread#7" [stack: 0x00000052bb300000,0x00000052bb400000] [id=131820]
  0x000001995e0d9800 GCTaskThread "GC Thread#8" [stack: 0x00000052bb400000,0x00000052bb500000] [id=82108]
  0x000001995e0da800 GCTaskThread "GC Thread#9" [stack: 0x00000052bb500000,0x00000052bb600000] [id=131276]
  0x0000019940dae800 ConcurrentGCThread "G1 Main Marker" [stack: 0x00000052b9300000,0x00000052b9400000] [id=121800]
  0x0000019940db0800 ConcurrentGCThread "G1 Conc#0" [stack: 0x00000052b9400000,0x00000052b9500000] [id=105232]
  0x000001995e72a800 ConcurrentGCThread "G1 Conc#1" [stack: 0x00000052bb900000,0x00000052bba00000] [id=106184]
  0x000001995e5c7800 ConcurrentGCThread "G1 Conc#2" [stack: 0x00000052bba00000,0x00000052bbb00000] [id=128624]
  0x000001995b480800 ConcurrentGCThread "G1 Refine#0" [stack: 0x00000052b9500000,0x00000052b9600000] [id=123504]
  0x000001995cc28000 ConcurrentGCThread "G1 Refine#1" [stack: 0x00000052ba600000,0x00000052ba700000] [id=129796]
  0x000001995b481800 ConcurrentGCThread "G1 Young RemSet Sampling" [stack: 0x00000052b9600000,0x00000052b9700000] [id=120940]

Threads with active compile tasks:
C2 CompilerThread0  18490 11145   !   4       com.android.tools.r8.graph.W0::R (89 bytes)
C1 CompilerThread0  18490 11315 %     3       com.android.tools.r8.internal.mH0::a @ 2572 (6068 bytes)

VM state:at safepoint (normal execution)

VM Mutex/Monitor currently owned by a thread:  ([mutex/lock_event])
[0x0000019940d5c150] Threads_lock - owner thread: 0x000001995b623000
[0x0000019940d5d470] Heap_lock - owner thread: 0x000001995ff0c000

Heap address: 0x0000000080000000, size: 2048 MB, Compressed Oops mode: 32-bit
Narrow klass base: 0x0000000000000000, Narrow klass shift: 3
Compressed class space size: 1073741824 Address: 0x0000000100000000

Heap:
 garbage-first heap   total 266240K, used 141659K [0x0000000080000000, 0x0000000100000000)
  region size 1024K, 5 young (5120K), 5 survivors (5120K)
 Metaspace       used 95441K, capacity 98206K, committed 98256K, reserved 1134592K
  class space    used 12289K, capacity 13405K, committed 13440K, reserved 1048576K
Heap Regions: E=young(eden), S=young(survivor), O=old, HS=humongous(starts), HC=humongous(continues), CS=collection set, F=free, A=archive, TAMS=top-at-mark-start (previous, next)
|   0|0x0000000080000000, 0x0000000080100000, 0x0000000080100000|100%| O|  |TAMS 0x0000000080100000, 0x0000000080100000| Untracked 
|   1|0x0000000080100000, 0x0000000080200000, 0x0000000080200000|100%| O|  |TAMS 0x0000000080200000, 0x0000000080200000| Untracked 
|   2|0x0000000080200000, 0x0000000080300000, 0x0000000080300000|100%| O|  |TAMS 0x0000000080300000, 0x0000000080300000| Untracked 
|   3|0x0000000080300000, 0x0000000080400000, 0x0000000080400000|100%|HS|  |TAMS 0x0000000080400000, 0x0000000080400000| Complete 
|   4|0x0000000080400000, 0x0000000080500000, 0x0000000080500000|100%|HC|  |TAMS 0x0000000080500000, 0x0000000080500000| Complete 
|   5|0x0000000080500000, 0x0000000080600000, 0x0000000080600000|100%|HC|  |TAMS 0x0000000080600000, 0x0000000080600000| Complete 
|   6|0x0000000080600000, 0x0000000080700000, 0x0000000080700000|100%| O|  |TAMS 0x0000000080700000, 0x0000000080700000| Untracked 
|   7|0x0000000080700000, 0x0000000080800000, 0x0000000080800000|100%| O|  |TAMS 0x0000000080800000, 0x0000000080800000| Untracked 
|   8|0x0000000080800000, 0x0000000080900000, 0x0000000080900000|100%| O|  |TAMS 0x0000000080900000, 0x0000000080900000| Untracked 
|   9|0x0000000080900000, 0x0000000080a00000, 0x0000000080a00000|100%| O|  |TAMS 0x0000000080a00000, 0x0000000080a00000| Untracked 
|  10|0x0000000080a00000, 0x0000000080b00000, 0x0000000080b00000|100%| O|  |TAMS 0x0000000080b00000, 0x0000000080b00000| Untracked 
|  11|0x0000000080b00000, 0x0000000080c00000, 0x0000000080c00000|100%| O|  |TAMS 0x0000000080c00000, 0x0000000080c00000| Untracked 
|  12|0x0000000080c00000, 0x0000000080d00000, 0x0000000080d00000|100%| O|  |TAMS 0x0000000080d00000, 0x0000000080d00000| Untracked 
|  13|0x0000000080d00000, 0x0000000080e00000, 0x0000000080e00000|100%| O|  |TAMS 0x0000000080e00000, 0x0000000080e00000| Untracked 
|  14|0x0000000080e00000, 0x0000000080f00000, 0x0000000080f00000|100%| O|  |TAMS 0x0000000080f00000, 0x0000000080f00000| Untracked 
|  15|0x0000000080f00000, 0x0000000081000000, 0x0000000081000000|100%| O|  |TAMS 0x0000000081000000, 0x0000000081000000| Untracked 
|  16|0x0000000081000000, 0x0000000081100000, 0x0000000081100000|100%| O|  |TAMS 0x0000000081100000, 0x0000000081100000| Untracked 
|  17|0x0000000081100000, 0x0000000081200000, 0x0000000081200000|100%| O|  |TAMS 0x0000000081200000, 0x0000000081200000| Untracked 
|  18|0x0000000081200000, 0x0000000081300000, 0x0000000081300000|100%| O|  |TAMS 0x0000000081300000, 0x0000000081300000| Untracked 
|  19|0x0000000081300000, 0x0000000081400000, 0x0000000081400000|100%| O|  |TAMS 0x0000000081400000, 0x0000000081400000| Untracked 
|  20|0x0000000081400000, 0x0000000081500000, 0x0000000081500000|100%| O|  |TAMS 0x0000000081500000, 0x0000000081500000| Untracked 
|  21|0x0000000081500000, 0x0000000081600000, 0x0000000081600000|100%| O|  |TAMS 0x0000000081600000, 0x0000000081600000| Untracked 
|  22|0x0000000081600000, 0x0000000081700000, 0x0000000081700000|100%| O|  |TAMS 0x0000000081700000, 0x0000000081700000| Untracked 
|  23|0x0000000081700000, 0x0000000081800000, 0x0000000081800000|100%| O|  |TAMS 0x0000000081800000, 0x0000000081800000| Untracked 
|  24|0x0000000081800000, 0x0000000081900000, 0x0000000081900000|100%| O|  |TAMS 0x0000000081900000, 0x0000000081900000| Untracked 
|  25|0x0000000081900000, 0x0000000081a00000, 0x0000000081a00000|100%| O|  |TAMS 0x0000000081a00000, 0x0000000081a00000| Untracked 
|  26|0x0000000081a00000, 0x0000000081b00000, 0x0000000081b00000|100%| O|  |TAMS 0x0000000081b00000, 0x0000000081b00000| Untracked 
|  27|0x0000000081b00000, 0x0000000081c00000, 0x0000000081c00000|100%|HS|  |TAMS 0x0000000081c00000, 0x0000000081c00000| Complete 
|  28|0x0000000081c00000, 0x0000000081d00000, 0x0000000081d00000|100%|HS|  |TAMS 0x0000000081d00000, 0x0000000081d00000| Complete 
|  29|0x0000000081d00000, 0x0000000081e00000, 0x0000000081e00000|100%|HS|  |TAMS 0x0000000081e00000, 0x0000000081e00000| Complete 
|  30|0x0000000081e00000, 0x0000000081f00000, 0x0000000081f00000|100%|HS|  |TAMS 0x0000000081f00000, 0x0000000081f00000| Complete 
|  31|0x0000000081f00000, 0x0000000082000000, 0x0000000082000000|100%|HC|  |TAMS 0x0000000082000000, 0x0000000082000000| Complete 
|  32|0x0000000082000000, 0x0000000082100000, 0x0000000082100000|100%| O|  |TAMS 0x0000000082100000, 0x0000000082100000| Untracked 
|  33|0x0000000082100000, 0x0000000082200000, 0x0000000082200000|100%| O|  |TAMS 0x0000000082200000, 0x0000000082200000| Untracked 
|  34|0x0000000082200000, 0x0000000082300000, 0x0000000082300000|100%| O|  |TAMS 0x0000000082300000, 0x0000000082300000| Untracked 
|  35|0x0000000082300000, 0x0000000082400000, 0x0000000082400000|100%| O|  |TAMS 0x0000000082400000, 0x0000000082400000| Untracked 
|  36|0x0000000082400000, 0x0000000082500000, 0x0000000082500000|100%| O|  |TAMS 0x0000000082500000, 0x0000000082500000| Untracked 
|  37|0x0000000082500000, 0x0000000082600000, 0x0000000082600000|100%| O|  |TAMS 0x0000000082600000, 0x0000000082600000| Untracked 
|  38|0x0000000082600000, 0x0000000082700000, 0x0000000082700000|100%| O|  |TAMS 0x0000000082700000, 0x0000000082700000| Untracked 
|  39|0x0000000082700000, 0x0000000082800000, 0x0000000082800000|100%| O|  |TAMS 0x0000000082800000, 0x0000000082800000| Untracked 
|  40|0x0000000082800000, 0x0000000082900000, 0x0000000082900000|100%| O|  |TAMS 0x0000000082900000, 0x0000000082900000| Untracked 
|  41|0x0000000082900000, 0x0000000082a00000, 0x0000000082a00000|100%| O|  |TAMS 0x0000000082a00000, 0x0000000082a00000| Untracked 
|  42|0x0000000082a00000, 0x0000000082b00000, 0x0000000082b00000|100%| O|  |TAMS 0x0000000082b00000, 0x0000000082b00000| Untracked 
|  43|0x0000000082b00000, 0x0000000082c00000, 0x0000000082c00000|100%| O|  |TAMS 0x0000000082c00000, 0x0000000082c00000| Untracked 
|  44|0x0000000082c00000, 0x0000000082d00000, 0x0000000082d00000|100%| O|  |TAMS 0x0000000082d00000, 0x0000000082d00000| Untracked 
|  45|0x0000000082d00000, 0x0000000082e00000, 0x0000000082e00000|100%| O|  |TAMS 0x0000000082e00000, 0x0000000082e00000| Untracked 
|  46|0x0000000082e00000, 0x0000000082f00000, 0x0000000082f00000|100%| O|  |TAMS 0x0000000082f00000, 0x0000000082f00000| Untracked 
|  47|0x0000000082f00000, 0x0000000083000000, 0x0000000083000000|100%| O|  |TAMS 0x0000000083000000, 0x0000000083000000| Untracked 
|  48|0x0000000083000000, 0x0000000083100000, 0x0000000083100000|100%| O|  |TAMS 0x0000000083100000, 0x0000000083100000| Untracked 
|  49|0x0000000083100000, 0x0000000083200000, 0x0000000083200000|100%| O|  |TAMS 0x0000000083200000, 0x0000000083200000| Untracked 
|  50|0x0000000083200000, 0x0000000083300000, 0x0000000083300000|100%| O|  |TAMS 0x0000000083300000, 0x0000000083300000| Untracked 
|  51|0x0000000083300000, 0x0000000083400000, 0x0000000083400000|100%| O|  |TAMS 0x0000000083400000, 0x0000000083400000| Untracked 
|  52|0x0000000083400000, 0x0000000083500000, 0x0000000083500000|100%| O|  |TAMS 0x0000000083500000, 0x0000000083500000| Untracked 
|  53|0x0000000083500000, 0x0000000083600000, 0x0000000083600000|100%| O|  |TAMS 0x0000000083600000, 0x0000000083600000| Untracked 
|  54|0x0000000083600000, 0x0000000083700000, 0x0000000083700000|100%| O|  |TAMS 0x0000000083700000, 0x0000000083700000| Untracked 
|  55|0x0000000083700000, 0x0000000083800000, 0x0000000083800000|100%| O|  |TAMS 0x0000000083800000, 0x0000000083800000| Untracked 
|  56|0x0000000083800000, 0x0000000083900000, 0x0000000083900000|100%| O|  |TAMS 0x0000000083900000, 0x0000000083900000| Untracked 
|  57|0x0000000083900000, 0x0000000083a00000, 0x0000000083a00000|100%| O|  |TAMS 0x0000000083a00000, 0x0000000083a00000| Untracked 
|  58|0x0000000083a00000, 0x0000000083b00000, 0x0000000083b00000|100%| O|  |TAMS 0x0000000083b00000, 0x0000000083b00000| Untracked 
|  59|0x0000000083b00000, 0x0000000083c00000, 0x0000000083c00000|100%| O|  |TAMS 0x0000000083c00000, 0x0000000083c00000| Untracked 
|  60|0x0000000083c00000, 0x0000000083d00000, 0x0000000083d00000|100%| O|  |TAMS 0x0000000083d00000, 0x0000000083d00000| Untracked 
|  61|0x0000000083d00000, 0x0000000083e00000, 0x0000000083e00000|100%| O|  |TAMS 0x0000000083e00000, 0x0000000083e00000| Untracked 
|  62|0x0000000083e00000, 0x0000000083f00000, 0x0000000083f00000|100%| O|  |TAMS 0x0000000083f00000, 0x0000000083f00000| Untracked 
|  63|0x0000000083f00000, 0x0000000084000000, 0x0000000084000000|100%| O|  |TAMS 0x0000000084000000, 0x0000000084000000| Untracked 
|  64|0x0000000084000000, 0x0000000084100000, 0x0000000084100000|100%| O|  |TAMS 0x0000000084100000, 0x0000000084100000| Untracked 
|  65|0x0000000084100000, 0x0000000084200000, 0x0000000084200000|100%| O|  |TAMS 0x0000000084200000, 0x0000000084200000| Untracked 
|  66|0x0000000084200000, 0x0000000084300000, 0x0000000084300000|100%| O|  |TAMS 0x0000000084300000, 0x0000000084300000| Untracked 
|  67|0x0000000084300000, 0x0000000084400000, 0x0000000084400000|100%| O|  |TAMS 0x0000000084400000, 0x0000000084400000| Untracked 
|  68|0x0000000084400000, 0x0000000084500000, 0x0000000084500000|100%| O|  |TAMS 0x0000000084500000, 0x0000000084500000| Untracked 
|  69|0x0000000084500000, 0x0000000084600000, 0x0000000084600000|100%| O|  |TAMS 0x0000000084600000, 0x0000000084600000| Untracked 
|  70|0x0000000084600000, 0x0000000084700000, 0x0000000084700000|100%| O|  |TAMS 0x0000000084700000, 0x0000000084700000| Untracked 
|  71|0x0000000084700000, 0x0000000084800000, 0x0000000084800000|100%| O|  |TAMS 0x0000000084800000, 0x0000000084800000| Untracked 
|  72|0x0000000084800000, 0x0000000084900000, 0x0000000084900000|100%| O|  |TAMS 0x0000000084900000, 0x0000000084900000| Untracked 
|  73|0x0000000084900000, 0x0000000084a00000, 0x0000000084a00000|100%| O|  |TAMS 0x0000000084a00000, 0x0000000084a00000| Untracked 
|  74|0x0000000084a00000, 0x0000000084b00000, 0x0000000084b00000|100%| O|  |TAMS 0x0000000084b00000, 0x0000000084b00000| Untracked 
|  75|0x0000000084b00000, 0x0000000084c00000, 0x0000000084c00000|100%| O|  |TAMS 0x0000000084c00000, 0x0000000084c00000| Untracked 
|  76|0x0000000084c00000, 0x0000000084d00000, 0x0000000084d00000|100%| O|  |TAMS 0x0000000084d00000, 0x0000000084d00000| Untracked 
|  77|0x0000000084d00000, 0x0000000084e00000, 0x0000000084e00000|100%| O|  |TAMS 0x0000000084e00000, 0x0000000084e00000| Untracked 
|  78|0x0000000084e00000, 0x0000000084f00000, 0x0000000084f00000|100%| O|  |TAMS 0x0000000084f00000, 0x0000000084f00000| Untracked 
|  79|0x0000000084f00000, 0x0000000085000000, 0x0000000085000000|100%| O|  |TAMS 0x0000000085000000, 0x0000000085000000| Untracked 
|  80|0x0000000085000000, 0x0000000085100000, 0x0000000085100000|100%| O|  |TAMS 0x0000000085100000, 0x0000000085100000| Untracked 
|  81|0x0000000085100000, 0x0000000085200000, 0x0000000085200000|100%| O|  |TAMS 0x0000000085200000, 0x0000000085200000| Untracked 
|  82|0x0000000085200000, 0x0000000085300000, 0x0000000085300000|100%| O|  |TAMS 0x0000000085300000, 0x0000000085300000| Untracked 
|  83|0x0000000085300000, 0x0000000085400000, 0x0000000085400000|100%| O|  |TAMS 0x0000000085400000, 0x0000000085400000| Untracked 
|  84|0x0000000085400000, 0x0000000085500000, 0x0000000085500000|100%| O|  |TAMS 0x0000000085500000, 0x0000000085500000| Untracked 
|  85|0x0000000085500000, 0x0000000085600000, 0x0000000085600000|100%| O|  |TAMS 0x0000000085600000, 0x0000000085600000| Untracked 
|  86|0x0000000085600000, 0x0000000085700000, 0x0000000085700000|100%| O|  |TAMS 0x0000000085700000, 0x0000000085700000| Untracked 
|  87|0x0000000085700000, 0x0000000085800000, 0x0000000085800000|100%| O|  |TAMS 0x0000000085800000, 0x0000000085800000| Untracked 
|  88|0x0000000085800000, 0x0000000085900000, 0x0000000085900000|100%|HS|  |TAMS 0x0000000085900000, 0x0000000085900000| Complete 
|  89|0x0000000085900000, 0x0000000085a00000, 0x0000000085a00000|100%| O|  |TAMS 0x0000000085a00000, 0x0000000085a00000| Untracked 
|  90|0x0000000085a00000, 0x0000000085b00000, 0x0000000085b00000|100%| O|  |TAMS 0x0000000085b00000, 0x0000000085b00000| Untracked 
|  91|0x0000000085b00000, 0x0000000085c00000, 0x0000000085c00000|100%| O|  |TAMS 0x0000000085c00000, 0x0000000085c00000| Untracked 
|  92|0x0000000085c00000, 0x0000000085d00000, 0x0000000085d00000|100%| O|  |TAMS 0x0000000085d00000, 0x0000000085d00000| Untracked 
|  93|0x0000000085d00000, 0x0000000085e00000, 0x0000000085e00000|100%| O|  |TAMS 0x0000000085e00000, 0x0000000085e00000| Untracked 
|  94|0x0000000085e00000, 0x0000000085f00000, 0x0000000085f00000|100%| O|  |TAMS 0x0000000085f00000, 0x0000000085f00000| Untracked 
|  95|0x0000000085f00000, 0x0000000086000000, 0x0000000086000000|100%| O|  |TAMS 0x0000000086000000, 0x0000000086000000| Untracked 
|  96|0x0000000086000000, 0x0000000086100000, 0x0000000086100000|100%| O|  |TAMS 0x0000000086100000, 0x0000000086100000| Untracked 
|  97|0x0000000086100000, 0x0000000086200000, 0x0000000086200000|100%| O|  |TAMS 0x0000000086200000, 0x0000000086200000| Untracked 
|  98|0x0000000086200000, 0x0000000086300000, 0x0000000086300000|100%| O|  |TAMS 0x0000000086300000, 0x0000000086300000| Untracked 
|  99|0x0000000086300000, 0x0000000086400000, 0x0000000086400000|100%| O|  |TAMS 0x0000000086400000, 0x0000000086400000| Untracked 
| 100|0x0000000086400000, 0x0000000086500000, 0x0000000086500000|100%| O|  |TAMS 0x0000000086500000, 0x0000000086500000| Untracked 
| 101|0x0000000086500000, 0x0000000086600000, 0x0000000086600000|100%| O|  |TAMS 0x0000000086600000, 0x0000000086600000| Untracked 
| 102|0x0000000086600000, 0x0000000086700000, 0x0000000086700000|100%| O|  |TAMS 0x0000000086700000, 0x0000000086700000| Untracked 
| 103|0x0000000086700000, 0x0000000086800000, 0x0000000086800000|100%| O|  |TAMS 0x0000000086800000, 0x0000000086800000| Untracked 
| 104|0x0000000086800000, 0x0000000086900000, 0x0000000086900000|100%| O|  |TAMS 0x0000000086900000, 0x0000000086900000| Untracked 
| 105|0x0000000086900000, 0x0000000086a00000, 0x0000000086a00000|100%| O|  |TAMS 0x0000000086a00000, 0x0000000086a00000| Untracked 
| 106|0x0000000086a00000, 0x0000000086b00000, 0x0000000086b00000|100%| O|  |TAMS 0x0000000086b00000, 0x0000000086b00000| Untracked 
| 107|0x0000000086b00000, 0x0000000086c00000, 0x0000000086c00000|100%| O|  |TAMS 0x0000000086c00000, 0x0000000086c00000| Untracked 
| 108|0x0000000086c00000, 0x0000000086d00000, 0x0000000086d00000|100%| O|  |TAMS 0x0000000086d00000, 0x0000000086d00000| Untracked 
| 109|0x0000000086d00000, 0x0000000086e00000, 0x0000000086e00000|100%| O|  |TAMS 0x0000000086e00000, 0x0000000086e00000| Untracked 
| 110|0x0000000086e00000, 0x0000000086f00000, 0x0000000086f00000|100%| O|  |TAMS 0x0000000086f00000, 0x0000000086f00000| Untracked 
| 111|0x0000000086f00000, 0x0000000087000000, 0x0000000087000000|100%| O|  |TAMS 0x0000000087000000, 0x0000000087000000| Untracked 
| 112|0x0000000087000000, 0x0000000087100000, 0x0000000087100000|100%| O|  |TAMS 0x00000000870a2000, 0x0000000087100000| Untracked 
| 113|0x0000000087100000, 0x0000000087200000, 0x0000000087200000|100%| O|  |TAMS 0x0000000087100000, 0x0000000087200000| Untracked 
| 114|0x0000000087200000, 0x0000000087300000, 0x0000000087300000|100%| O|  |TAMS 0x0000000087200000, 0x0000000087300000| Untracked 
| 115|0x0000000087300000, 0x0000000087400000, 0x0000000087400000|100%| O|  |TAMS 0x0000000087300000, 0x0000000087400000| Untracked 
| 116|0x0000000087400000, 0x0000000087500000, 0x0000000087500000|100%| O|  |TAMS 0x0000000087400000, 0x0000000087500000| Untracked 
| 117|0x0000000087500000, 0x0000000087600000, 0x0000000087600000|100%| O|  |TAMS 0x0000000087500000, 0x0000000087600000| Untracked 
| 118|0x0000000087600000, 0x0000000087700000, 0x0000000087700000|100%| O|  |TAMS 0x0000000087600000, 0x0000000087700000| Untracked 
| 119|0x0000000087700000, 0x0000000087800000, 0x0000000087800000|100%| O|  |TAMS 0x0000000087700000, 0x0000000087800000| Untracked 
| 120|0x0000000087800000, 0x0000000087900000, 0x0000000087900000|100%| O|  |TAMS 0x0000000087800000, 0x0000000087900000| Untracked 
| 121|0x0000000087900000, 0x0000000087a00000, 0x0000000087a00000|100%| O|  |TAMS 0x0000000087900000, 0x0000000087a00000| Untracked 
| 122|0x0000000087a00000, 0x0000000087b00000, 0x0000000087b00000|100%| O|  |TAMS 0x0000000087a00000, 0x0000000087b00000| Untracked 
| 123|0x0000000087b00000, 0x0000000087c00000, 0x0000000087c00000|100%| O|  |TAMS 0x0000000087b00000, 0x0000000087c00000| Untracked 
| 124|0x0000000087c00000, 0x0000000087d00000, 0x0000000087d00000|100%| O|  |TAMS 0x0000000087c00000, 0x0000000087d00000| Untracked 
| 125|0x0000000087d00000, 0x0000000087e00000, 0x0000000087e00000|100%| O|  |TAMS 0x0000000087d00000, 0x0000000087e00000| Untracked 
| 126|0x0000000087e00000, 0x0000000087f00000, 0x0000000087f00000|100%| O|  |TAMS 0x0000000087e00000, 0x0000000087f00000| Untracked 
| 127|0x0000000087f00000, 0x0000000088000000, 0x0000000088000000|100%| O|  |TAMS 0x0000000087f00000, 0x0000000088000000| Untracked 
| 128|0x0000000088000000, 0x0000000088100000, 0x0000000088100000|100%| O|  |TAMS 0x0000000088000000, 0x0000000088100000| Untracked 
| 129|0x0000000088100000, 0x0000000088200000, 0x0000000088200000|100%| O|  |TAMS 0x0000000088100000, 0x0000000088200000| Untracked 
| 130|0x0000000088200000, 0x0000000088300000, 0x0000000088300000|100%| O|  |TAMS 0x0000000088200000, 0x0000000088300000| Untracked 
| 131|0x0000000088300000, 0x0000000088400000, 0x0000000088400000|100%| O|  |TAMS 0x0000000088300000, 0x0000000088400000| Untracked 
| 132|0x0000000088400000, 0x0000000088500000, 0x0000000088500000|100%| O|  |TAMS 0x0000000088400000, 0x0000000088500000| Untracked 
| 133|0x0000000088500000, 0x0000000088556c00, 0x0000000088600000| 33%| O|  |TAMS 0x0000000088500000, 0x0000000088556c00| Untracked 
| 134|0x0000000088600000, 0x0000000088600000, 0x0000000088700000|  0%| F|  |TAMS 0x0000000088600000, 0x0000000088600000| Untracked 
| 135|0x0000000088700000, 0x0000000088700000, 0x0000000088800000|  0%| F|  |TAMS 0x0000000088700000, 0x0000000088700000| Untracked 
| 136|0x0000000088800000, 0x0000000088800000, 0x0000000088900000|  0%| F|  |TAMS 0x0000000088800000, 0x0000000088800000| Untracked 
| 137|0x0000000088900000, 0x0000000088900000, 0x0000000088a00000|  0%| F|  |TAMS 0x0000000088900000, 0x0000000088900000| Untracked 
| 138|0x0000000088a00000, 0x0000000088a00000, 0x0000000088b00000|  0%| F|  |TAMS 0x0000000088a00000, 0x0000000088a00000| Untracked 
| 139|0x0000000088b00000, 0x0000000088b00000, 0x0000000088c00000|  0%| F|  |TAMS 0x0000000088b00000, 0x0000000088b00000| Untracked 
| 140|0x0000000088c00000, 0x0000000088c00000, 0x0000000088d00000|  0%| F|  |TAMS 0x0000000088c00000, 0x0000000088c00000| Untracked 
| 141|0x0000000088d00000, 0x0000000088d00000, 0x0000000088e00000|  0%| F|  |TAMS 0x0000000088d00000, 0x0000000088d00000| Untracked 
| 142|0x0000000088e00000, 0x0000000088e00000, 0x0000000088f00000|  0%| F|  |TAMS 0x0000000088e00000, 0x0000000088e00000| Untracked 
| 143|0x0000000088f00000, 0x0000000088f00000, 0x0000000089000000|  0%| F|  |TAMS 0x0000000088f00000, 0x0000000088f00000| Untracked 
| 144|0x0000000089000000, 0x0000000089000000, 0x0000000089100000|  0%| F|  |TAMS 0x0000000089000000, 0x0000000089000000| Untracked 
| 145|0x0000000089100000, 0x0000000089100000, 0x0000000089200000|  0%| F|  |TAMS 0x0000000089100000, 0x0000000089100000| Untracked 
| 146|0x0000000089200000, 0x0000000089200000, 0x0000000089300000|  0%| F|  |TAMS 0x0000000089200000, 0x0000000089200000| Untracked 
| 147|0x0000000089300000, 0x0000000089300000, 0x0000000089400000|  0%| F|  |TAMS 0x0000000089300000, 0x0000000089300000| Untracked 
| 148|0x0000000089400000, 0x0000000089400000, 0x0000000089500000|  0%| F|  |TAMS 0x0000000089400000, 0x0000000089400000| Untracked 
| 149|0x0000000089500000, 0x0000000089500000, 0x0000000089600000|  0%| F|  |TAMS 0x0000000089500000, 0x0000000089500000| Untracked 
| 150|0x0000000089600000, 0x0000000089600000, 0x0000000089700000|  0%| F|  |TAMS 0x0000000089600000, 0x0000000089600000| Untracked 
| 151|0x0000000089700000, 0x0000000089700000, 0x0000000089800000|  0%| F|  |TAMS 0x0000000089700000, 0x0000000089700000| Untracked 
| 152|0x0000000089800000, 0x0000000089800000, 0x0000000089900000|  0%| F|  |TAMS 0x0000000089800000, 0x0000000089800000| Untracked 
| 153|0x0000000089900000, 0x0000000089900000, 0x0000000089a00000|  0%| F|  |TAMS 0x0000000089900000, 0x0000000089900000| Untracked 
| 154|0x0000000089a00000, 0x0000000089a00000, 0x0000000089b00000|  0%| F|  |TAMS 0x0000000089a00000, 0x0000000089a00000| Untracked 
| 155|0x0000000089b00000, 0x0000000089b00000, 0x0000000089c00000|  0%| F|  |TAMS 0x0000000089b00000, 0x0000000089b00000| Untracked 
| 156|0x0000000089c00000, 0x0000000089c00000, 0x0000000089d00000|  0%| F|  |TAMS 0x0000000089c00000, 0x0000000089c00000| Untracked 
| 157|0x0000000089d00000, 0x0000000089d00000, 0x0000000089e00000|  0%| F|  |TAMS 0x0000000089d00000, 0x0000000089d00000| Untracked 
| 158|0x0000000089e00000, 0x0000000089e00000, 0x0000000089f00000|  0%| F|  |TAMS 0x0000000089e00000, 0x0000000089e00000| Untracked 
| 159|0x0000000089f00000, 0x0000000089f00000, 0x000000008a000000|  0%| F|  |TAMS 0x0000000089f00000, 0x0000000089f00000| Untracked 
| 160|0x000000008a000000, 0x000000008a100000, 0x000000008a100000|100%| S|CS|TAMS 0x000000008a000000, 0x000000008a000000| Complete 
| 161|0x000000008a100000, 0x000000008a200000, 0x000000008a200000|100%| S|CS|TAMS 0x000000008a100000, 0x000000008a100000| Complete 
| 162|0x000000008a200000, 0x000000008a300000, 0x000000008a300000|100%| S|CS|TAMS 0x000000008a200000, 0x000000008a200000| Complete 
| 163|0x000000008a300000, 0x000000008a300000, 0x000000008a400000|  0%| F|  |TAMS 0x000000008a300000, 0x000000008a300000| Untracked 
| 164|0x000000008a400000, 0x000000008a400000, 0x000000008a500000|  0%| F|  |TAMS 0x000000008a400000, 0x000000008a400000| Untracked 
| 165|0x000000008a500000, 0x000000008a500000, 0x000000008a600000|  0%| F|  |TAMS 0x000000008a500000, 0x000000008a500000| Untracked 
| 166|0x000000008a600000, 0x000000008a700000, 0x000000008a700000|100%| S|CS|TAMS 0x000000008a600000, 0x000000008a600000| Complete 
| 167|0x000000008a700000, 0x000000008a800000, 0x000000008a800000|100%| S|CS|TAMS 0x000000008a700000, 0x000000008a700000| Complete 
| 168|0x000000008a800000, 0x000000008a800000, 0x000000008a900000|  0%| F|  |TAMS 0x000000008a800000, 0x000000008a800000| Untracked 
| 169|0x000000008a900000, 0x000000008a900000, 0x000000008aa00000|  0%| F|  |TAMS 0x000000008a900000, 0x000000008a900000| Untracked 
| 170|0x000000008aa00000, 0x000000008aa00000, 0x000000008ab00000|  0%| F|  |TAMS 0x000000008aa00000, 0x000000008aa00000| Untracked 
| 171|0x000000008ab00000, 0x000000008ab00000, 0x000000008ac00000|  0%| F|  |TAMS 0x000000008ab00000, 0x000000008ab00000| Untracked 
| 172|0x000000008ac00000, 0x000000008ac00000, 0x000000008ad00000|  0%| F|  |TAMS 0x000000008ac00000, 0x000000008ac00000| Untracked 
| 173|0x000000008ad00000, 0x000000008ad00000, 0x000000008ae00000|  0%| F|  |TAMS 0x000000008ad00000, 0x000000008ad00000| Untracked 
| 174|0x000000008ae00000, 0x000000008ae00000, 0x000000008af00000|  0%| F|  |TAMS 0x000000008ae00000, 0x000000008ae00000| Untracked 
| 175|0x000000008af00000, 0x000000008af00000, 0x000000008b000000|  0%| F|  |TAMS 0x000000008af00000, 0x000000008af00000| Untracked 
| 176|0x000000008b000000, 0x000000008b000000, 0x000000008b100000|  0%| F|  |TAMS 0x000000008b000000, 0x000000008b000000| Untracked 
| 177|0x000000008b100000, 0x000000008b100000, 0x000000008b200000|  0%| F|  |TAMS 0x000000008b100000, 0x000000008b100000| Untracked 
| 178|0x000000008b200000, 0x000000008b200000, 0x000000008b300000|  0%| F|  |TAMS 0x000000008b200000, 0x000000008b200000| Untracked 
| 179|0x000000008b300000, 0x000000008b300000, 0x000000008b400000|  0%| F|  |TAMS 0x000000008b300000, 0x000000008b300000| Untracked 
| 180|0x000000008b400000, 0x000000008b400000, 0x000000008b500000|  0%| F|  |TAMS 0x000000008b400000, 0x000000008b400000| Untracked 
| 181|0x000000008b500000, 0x000000008b500000, 0x000000008b600000|  0%| F|  |TAMS 0x000000008b500000, 0x000000008b500000| Untracked 
| 182|0x000000008b600000, 0x000000008b600000, 0x000000008b700000|  0%| F|  |TAMS 0x000000008b600000, 0x000000008b600000| Untracked 
| 183|0x000000008b700000, 0x000000008b700000, 0x000000008b800000|  0%| F|  |TAMS 0x000000008b700000, 0x000000008b700000| Untracked 
| 184|0x000000008b800000, 0x000000008b800000, 0x000000008b900000|  0%| F|  |TAMS 0x000000008b800000, 0x000000008b800000| Untracked 
| 185|0x000000008b900000, 0x000000008b900000, 0x000000008ba00000|  0%| F|  |TAMS 0x000000008b900000, 0x000000008b900000| Untracked 
| 186|0x000000008ba00000, 0x000000008ba00000, 0x000000008bb00000|  0%| F|  |TAMS 0x000000008ba00000, 0x000000008ba00000| Untracked 
| 187|0x000000008bb00000, 0x000000008bb00000, 0x000000008bc00000|  0%| F|  |TAMS 0x000000008bb00000, 0x000000008bb00000| Untracked 
| 188|0x000000008bc00000, 0x000000008bc00000, 0x000000008bd00000|  0%| F|  |TAMS 0x000000008bc00000, 0x000000008bc00000| Untracked 
| 189|0x000000008bd00000, 0x000000008bd00000, 0x000000008be00000|  0%| F|  |TAMS 0x000000008bd00000, 0x000000008bd00000| Untracked 
| 190|0x000000008be00000, 0x000000008be00000, 0x000000008bf00000|  0%| F|  |TAMS 0x000000008be00000, 0x000000008be00000| Untracked 
| 191|0x000000008bf00000, 0x000000008bf00000, 0x000000008c000000|  0%| F|  |TAMS 0x000000008bf00000, 0x000000008bf00000| Untracked 
| 192|0x000000008c000000, 0x000000008c000000, 0x000000008c100000|  0%| F|  |TAMS 0x000000008c000000, 0x000000008c000000| Untracked 
| 193|0x000000008c100000, 0x000000008c100000, 0x000000008c200000|  0%| F|  |TAMS 0x000000008c100000, 0x000000008c100000| Untracked 
| 194|0x000000008c200000, 0x000000008c200000, 0x000000008c300000|  0%| F|  |TAMS 0x000000008c200000, 0x000000008c200000| Untracked 
| 195|0x000000008c300000, 0x000000008c300000, 0x000000008c400000|  0%| F|  |TAMS 0x000000008c300000, 0x000000008c300000| Untracked 
| 196|0x000000008c400000, 0x000000008c400000, 0x000000008c500000|  0%| F|  |TAMS 0x000000008c400000, 0x000000008c400000| Untracked 

Card table byte_map: [0x00000199541d0000,0x00000199545d0000] _byte_map_base: 0x0000019953dd0000

Marking Bits (Prev, Next): (CMBitMap*) 0x0000019940da5c40, (CMBitMap*) 0x0000019940da5c08
 Prev Bits: [0x00000199569d0000, 0x00000199589d0000)
 Next Bits: [0x00000199549d0000, 0x00000199569d0000)

Polling page: 0x000001993ed60000

Metaspace:

Usage:
  Non-class:     82.81 MB capacity,    81.20 MB ( 98%) used,     1.31 MB (  2%) free+waste,   305.06 KB ( <1%) overhead. 
      Class:     13.09 MB capacity,    12.00 MB ( 92%) used,   970.70 KB (  7%) free+waste,   144.63 KB (  1%) overhead. 
       Both:     95.90 MB capacity,    93.20 MB ( 97%) used,     2.26 MB (  2%) free+waste,   449.69 KB ( <1%) overhead. 

Virtual space:
  Non-class space:       84.00 MB reserved,      82.83 MB ( 99%) committed 
      Class space:        1.00 GB reserved,      13.13 MB (  1%) committed 
             Both:        1.08 GB reserved,      95.95 MB (  9%) committed 

Chunk freelists:
   Non-Class:  0 bytes
       Class:  3.00 KB
        Both:  3.00 KB

MaxMetaspaceSize: 17179869184.00 GB
CompressedClassSpaceSize: 1.00 GB
Initial GC threshold: 20.80 MB
Current GC threshold: 157.42 MB
CDS: off

CodeHeap 'non-profiled nmethods': size=120000Kb used=4867Kb max_used=4867Kb free=115132Kb
 bounds [0x000001994c350000, 0x000001994c820000, 0x0000019953880000]
CodeHeap 'profiled nmethods': size=120000Kb used=22343Kb max_used=22343Kb free=97657Kb
 bounds [0x0000019944e20000, 0x0000019946400000, 0x000001994c350000]
CodeHeap 'non-nmethods': size=5760Kb used=2383Kb max_used=2421Kb free=3376Kb
 bounds [0x0000019944880000, 0x0000019944af0000, 0x0000019944e20000]
 total_blobs=11973 nmethods=11071 adapters=814
 compilation: enabled
              stopped_count=0, restarted_count=0
 full_count=0

Compilation events (20 events):
Event: 18.373 Thread 0x000001995bfbe800 nmethod 11303 0x00000199463eb990 code [0x00000199463ebb60, 0x00000199463ebd58]
Event: 18.373 Thread 0x000001995bfbe800 11304       2       com.android.tools.r8.graph.n2::<init> (57 bytes)
Event: 18.373 Thread 0x000001995bfbe800 nmethod 11304 0x00000199463ebe90 code [0x00000199463ec060, 0x00000199463ec4e8]
Event: 18.375 Thread 0x000001995bfbe800 11305       2       com.android.tools.r8.graph.n2::c (53 bytes)
Event: 18.375 Thread 0x000001995bfbe800 nmethod 11305 0x00000199463ec690 code [0x00000199463ec840, 0x00000199463ec938]
Event: 18.375 Thread 0x000001995bfbe800 11306       2       com.android.tools.r8.graph.n2::c (156 bytes)
Event: 18.376 Thread 0x000001995bfbe800 nmethod 11306 0x00000199463eca10 code [0x00000199463ecc20, 0x00000199463ecf68]
Event: 18.376 Thread 0x000001995bfbe800 11308       2       com.android.tools.r8.internal.AH0::a (23 bytes)
Event: 18.377 Thread 0x000001995bfbe800 nmethod 11308 0x00000199463ed210 code [0x00000199463ed3c0, 0x00000199463ed508]
Event: 18.377 Thread 0x000001995bfbe800 11311       2       com.android.tools.r8.internal.TE0::<init> (10 bytes)
Event: 18.379 Thread 0x000001995bfbd800 nmethod 11234 0x000001994c80e210 code [0x000001994c80e3c0, 0x000001994c80f058]
Event: 18.379 Thread 0x000001995bfbe800 nmethod 11311 0x00000199463ed610 code [0x00000199463ed7c0, 0x00000199463ed8f8]
Event: 18.379 Thread 0x000001995bfbd800 11307       4       java.lang.StringUTF16::compress (50 bytes)
Event: 18.380 Thread 0x000001995bfbe800 11312 %     3       com.android.tools.r8.internal.AV0::a @ 85 (990 bytes)
Event: 18.388 Thread 0x000001995bfbe800 nmethod 11312% 0x00000199463ed990 code [0x00000199463ede20, 0x00000199463f10a8]
Event: 18.388 Thread 0x000001995bfbe800 11315 %     3       com.android.tools.r8.internal.mH0::a @ 2572 (6068 bytes)
Event: 18.399 Thread 0x000001995bfbd800 nmethod 11307 0x000001994c80f390 code [0x000001994c80f520, 0x000001994c80f838]
Event: 18.399 Thread 0x000001995bfbd800 11035   !   4       com.android.tools.r8.graph.W0::S (91 bytes)
Event: 18.436 Thread 0x000001995bfbd800 nmethod 11035 0x000001994c80f990 code [0x000001994c80fb60, 0x000001994c8107b8]
Event: 18.436 Thread 0x000001995bfbd800 11145   !   4       com.android.tools.r8.graph.W0::R (89 bytes)

GC Heap History (20 events):
Event: 16.464 GC heap after
{Heap after GC invocations=41 (full 0):
 garbage-first heap   total 139264K, used 77822K [0x0000000080000000, 0x0000000100000000)
  region size 1024K, 3 young (3072K), 3 survivors (3072K)
 Metaspace       used 87054K, capacity 89305K, committed 90192K, reserved 1128448K
  class space    used 11081K, capacity 11952K, committed 12288K, reserved 1048576K
}
Event: 16.768 GC heap before
{Heap before GC invocations=41 (full 0):
 garbage-first heap   total 139264K, used 112638K [0x0000000080000000, 0x0000000100000000)
  region size 1024K, 38 young (38912K), 3 survivors (3072K)
 Metaspace       used 88421K, capacity 90590K, committed 91472K, reserved 1128448K
  class space    used 11212K, capacity 12053K, committed 12288K, reserved 1048576K
}
Event: 16.773 GC heap after
{Heap after GC invocations=42 (full 0):
 garbage-first heap   total 139264K, used 80896K [0x0000000080000000, 0x0000000100000000)
  region size 1024K, 5 young (5120K), 5 survivors (5120K)
 Metaspace       used 88421K, capacity 90590K, committed 91472K, reserved 1128448K
  class space    used 11212K, capacity 12053K, committed 12288K, reserved 1048576K
}
Event: 17.009 GC heap before
{Heap before GC invocations=43 (full 0):
 garbage-first heap   total 139264K, used 113664K [0x0000000080000000, 0x0000000100000000)
  region size 1024K, 38 young (38912K), 5 survivors (5120K)
 Metaspace       used 88662K, capacity 90852K, committed 91472K, reserved 1128448K
  class space    used 11248K, capacity 12096K, committed 12288K, reserved 1048576K
}
Event: 17.016 GC heap after
{Heap after GC invocations=44 (full 0):
 garbage-first heap   total 167936K, used 83312K [0x0000000080000000, 0x0000000100000000)
  region size 1024K, 3 young (3072K), 3 survivors (3072K)
 Metaspace       used 88662K, capacity 90852K, committed 91472K, reserved 1128448K
  class space    used 11248K, capacity 12096K, committed 12288K, reserved 1048576K
}
Event: 17.224 GC heap before
{Heap before GC invocations=44 (full 0):
 garbage-first heap   total 167936K, used 125296K [0x0000000080000000, 0x0000000100000000)
  region size 1024K, 45 young (46080K), 3 survivors (3072K)
 Metaspace       used 89742K, capacity 92095K, committed 92368K, reserved 1130496K
  class space    used 11428K, capacity 12318K, committed 12416K, reserved 1048576K
}
Event: 17.234 GC heap after
{Heap after GC invocations=45 (full 0):
 garbage-first heap   total 167936K, used 94434K [0x0000000080000000, 0x0000000100000000)
  region size 1024K, 6 young (6144K), 6 survivors (6144K)
 Metaspace       used 89742K, capacity 92095K, committed 92368K, reserved 1130496K
  class space    used 11428K, capacity 12318K, committed 12416K, reserved 1048576K
}
Event: 17.430 GC heap before
{Heap before GC invocations=46 (full 0):
 garbage-first heap   total 167936K, used 132322K [0x0000000080000000, 0x0000000100000000)
  region size 1024K, 42 young (43008K), 6 survivors (6144K)
 Metaspace       used 90301K, capacity 92671K, committed 93008K, reserved 1130496K
  class space    used 11495K, capacity 12382K, committed 12544K, reserved 1048576K
}
Event: 17.435 GC heap after
{Heap after GC invocations=47 (full 0):
 garbage-first heap   total 167936K, used 103831K [0x0000000080000000, 0x0000000100000000)
  region size 1024K, 6 young (6144K), 6 survivors (6144K)
 Metaspace       used 90301K, capacity 92671K, committed 93008K, reserved 1130496K
  class space    used 11495K, capacity 12382K, committed 12544K, reserved 1048576K
}
Event: 17.553 GC heap before
{Heap before GC invocations=47 (full 0):
 garbage-first heap   total 167936K, used 133527K [0x0000000080000000, 0x0000000100000000)
  region size 1024K, 36 young (36864K), 6 survivors (6144K)
 Metaspace       used 90600K, capacity 92958K, committed 93264K, reserved 1130496K
  class space    used 11551K, capacity 12458K, committed 12544K, reserved 1048576K
}
Event: 17.558 GC heap after
{Heap after GC invocations=48 (full 0):
 garbage-first heap   total 167936K, used 109441K [0x0000000080000000, 0x0000000100000000)
  region size 1024K, 5 young (5120K), 5 survivors (5120K)
 Metaspace       used 90600K, capacity 92958K, committed 93264K, reserved 1130496K
  class space    used 11551K, capacity 12458K, committed 12544K, reserved 1048576K
}
Event: 17.877 GC heap before
{Heap before GC invocations=49 (full 0):
 garbage-first heap   total 167936K, used 135041K [0x0000000080000000, 0x0000000100000000)
  region size 1024K, 31 young (31744K), 5 survivors (5120K)
 Metaspace       used 92586K, capacity 95138K, committed 95440K, reserved 1132544K
  class space    used 11857K, capacity 12835K, committed 12928K, reserved 1048576K
}
Event: 17.884 GC heap after
{Heap after GC invocations=50 (full 0):
 garbage-first heap   total 201728K, used 113511K [0x0000000080000000, 0x0000000100000000)
  region size 1024K, 4 young (4096K), 4 survivors (4096K)
 Metaspace       used 92586K, capacity 95138K, committed 95440K, reserved 1132544K
  class space    used 11857K, capacity 12835K, committed 12928K, reserved 1048576K
}
Event: 18.048 GC heap before
{Heap before GC invocations=50 (full 0):
 garbage-first heap   total 201728K, used 150375K [0x0000000080000000, 0x0000000100000000)
  region size 1024K, 41 young (41984K), 4 survivors (4096K)
 Metaspace       used 93444K, capacity 96101K, committed 96336K, reserved 1132544K
  class space    used 11991K, capacity 13003K, committed 13056K, reserved 1048576K
}
Event: 18.061 GC heap after
{Heap after GC invocations=51 (full 0):
 garbage-first heap   total 201728K, used 121480K [0x0000000080000000, 0x0000000100000000)
  region size 1024K, 6 young (6144K), 6 survivors (6144K)
 Metaspace       used 93444K, capacity 96101K, committed 96336K, reserved 1132544K
  class space    used 11991K, capacity 13003K, committed 13056K, reserved 1048576K
}
Event: 18.165 GC heap before
{Heap before GC invocations=51 (full 0):
 garbage-first heap   total 201728K, used 155272K [0x0000000080000000, 0x0000000100000000)
  region size 1024K, 40 young (40960K), 6 survivors (6144K)
 Metaspace       used 93844K, capacity 96546K, committed 96720K, reserved 1132544K
  class space    used 12050K, capacity 13086K, committed 13184K, reserved 1048576K
}
Event: 18.176 GC heap after
{Heap after GC invocations=52 (full 0):
 garbage-first heap   total 201728K, used 128998K [0x0000000080000000, 0x0000000100000000)
  region size 1024K, 5 young (5120K), 5 survivors (5120K)
 Metaspace       used 93844K, capacity 96546K, committed 96720K, reserved 1132544K
  class space    used 12050K, capacity 13086K, committed 13184K, reserved 1048576K
}
Event: 18.389 GC heap before
{Heap before GC invocations=53 (full 0):
 garbage-first heap   total 201728K, used 159718K [0x0000000080000000, 0x0000000100000000)
  region size 1024K, 36 young (36864K), 5 survivors (5120K)
 Metaspace       used 95278K, capacity 97992K, committed 98128K, reserved 1134592K
  class space    used 12236K, capacity 13288K, committed 13312K, reserved 1048576K
}
Event: 18.399 GC heap after
{Heap after GC invocations=54 (full 0):
 garbage-first heap   total 201728K, used 135168K [0x0000000080000000, 0x0000000100000000)
  region size 1024K, 5 young (5120K), 5 survivors (5120K)
 Metaspace       used 95278K, capacity 97992K, committed 98128K, reserved 1134592K
  class space    used 12236K, capacity 13288K, committed 13312K, reserved 1048576K
}
Event: 18.437 GC heap before
{Heap before GC invocations=54 (full 0):
 garbage-first heap   total 201728K, used 164864K [0x0000000080000000, 0x0000000100000000)
  region size 1024K, 34 young (34816K), 5 survivors (5120K)
 Metaspace       used 95441K, capacity 98206K, committed 98256K, reserved 1134592K
  class space    used 12289K, capacity 13405K, committed 13440K, reserved 1048576K
}

Deoptimization events (20 events):
Event: 18.388 Thread 0x0000019960451800 DEOPT PACKING pc=0x00000199463e719b sp=0x00000052bf5f9330
Event: 18.388 Thread 0x0000019960451800 DEOPT UNPACKING pc=0x00000199448ca95e sp=0x00000052bf5f87a0 mode 0
Event: 18.388 Thread 0x000001995ff06000 DEOPT PACKING pc=0x00000199463e719b sp=0x00000052bd1f91e0
Event: 18.388 Thread 0x000001995ff13000 DEOPT PACKING pc=0x00000199463b0624 sp=0x00000052bd7f9390
Event: 18.388 Thread 0x000001995ff13000 DEOPT UNPACKING pc=0x00000199448ca95e sp=0x00000052bd7f8898 mode 0
Event: 18.388 Thread 0x000001995ff06000 DEOPT UNPACKING pc=0x00000199448ca95e sp=0x00000052bd1f8650 mode 0
Event: 18.388 Thread 0x0000019960b5d000 DEOPT PACKING pc=0x00000199463e719b sp=0x00000052c3cf91b0
Event: 18.388 Thread 0x0000019960b54000 DEOPT PACKING pc=0x00000199463e719b sp=0x00000052c2ff9bb0
Event: 18.388 Thread 0x0000019960b57800 DEOPT PACKING pc=0x00000199463e719b sp=0x00000052c2af9040
Event: 18.388 Thread 0x0000019960b5d000 DEOPT UNPACKING pc=0x00000199448ca95e sp=0x00000052c3cf8620 mode 0
Event: 18.388 Thread 0x0000019960b54000 DEOPT UNPACKING pc=0x00000199448ca95e sp=0x00000052c2ff9020 mode 0
Event: 18.388 Thread 0x000001996058f800 DEOPT PACKING pc=0x00000199463e719b sp=0x00000052c16f9da0
Event: 18.388 Thread 0x0000019960b57800 DEOPT UNPACKING pc=0x00000199448ca95e sp=0x00000052c2af84b0 mode 0
Event: 18.388 Thread 0x0000019960b56000 DEOPT PACKING pc=0x00000199463e719b sp=0x00000052c2bfa220
Event: 18.388 Thread 0x000001996058f800 DEOPT UNPACKING pc=0x00000199448ca95e sp=0x00000052c16f9210 mode 0
Event: 18.388 Thread 0x0000019960b56000 DEOPT UNPACKING pc=0x00000199448ca95e sp=0x00000052c2bf9690 mode 0
Event: 18.389 Thread 0x0000019960b57800 DEOPT PACKING pc=0x00000199463e719b sp=0x00000052c2af9350
Event: 18.389 Thread 0x0000019960b57800 DEOPT UNPACKING pc=0x00000199448ca95e sp=0x00000052c2af87c0 mode 0
Event: 18.399 Thread 0x000001995ff0c000 DEOPT PACKING pc=0x00000199463e719b sp=0x00000052bd0f9470
Event: 18.399 Thread 0x000001995ff0c000 DEOPT UNPACKING pc=0x00000199448ca95e sp=0x00000052bd0f88e0 mode 0

Classes redefined (0 events):
No events

Internal exceptions (20 events):
Event: 17.773 Thread 0x000001995ff0d800 Exception <a 'java/lang/NoSuchMethodError'{0x00000000892153f0}: 'java.lang.Object java.lang.invoke.DirectMethodHandle$Holder.invokeStatic(java.lang.Object, long)'> (0x00000000892153f0) thrown at [./src/hotspot/share/interpreter/linkResolver.cpp, line 773]
Event: 17.774 Thread 0x000001995ff06000 Exception <a 'java/lang/NoSuchMethodError'{0x00000000893eb4c8}: 'java.lang.Object java.lang.invoke.DirectMethodHandle$Holder.invokeSpecial(java.lang.Object, java.lang.Object, long)'> (0x00000000893eb4c8) thrown at [./src/hotspot/share/interpreter/linkResolver.cpp, line 773]
Event: 17.774 Thread 0x0000019960b5d000 Exception <a 'java/lang/NoSuchMethodError'{0x0000000089208168}: 'java.lang.Object java.lang.invoke.DirectMethodHandle$Holder.invokeSpecial(java.lang.Object, java.lang.Object, long)'> (0x0000000089208168) thrown at [./src/hotspot/share/interpreter/linkResolver.cpp, line 773]
Event: 17.774 Thread 0x00000199605fc800 Exception <a 'java/lang/NoSuchMethodError'{0x0000000089240b98}: 'java.lang.Object java.lang.invoke.Invokers$Holder.linkToTargetMethod(long, java.lang.Object)'> (0x0000000089240b98) thrown at [./src/hotspot/share/interpreter/linkResolver.cpp, line 773]
Event: 17.774 Thread 0x000001996058f800 Exception <a 'java/lang/NoSuchMethodError'{0x0000000089329690}: 'java.lang.Object java.lang.invoke.DirectMethodHandle$Holder.invokeSpecial(java.lang.Object, java.lang.Object, long)'> (0x0000000089329690) thrown at [./src/hotspot/share/interpreter/linkResolver.cpp, line 773]
Event: 17.774 Thread 0x0000019960b57800 Exception <a 'java/lang/NoSuchMethodError'{0x0000000089230cc8}: 'java.lang.Object java.lang.invoke.Invokers$Holder.linkToTargetMethod(long, java.lang.Object)'> (0x0000000089230cc8) thrown at [./src/hotspot/share/interpreter/linkResolver.cpp, line 773]
Event: 17.774 Thread 0x0000019960b5d000 Exception <a 'java/lang/NoSuchMethodError'{0x0000000089260a10}: 'java.lang.Object java.lang.invoke.Invokers$Holder.linkToTargetMethod(long, java.lang.Object)'> (0x0000000089260a10) thrown at [./src/hotspot/share/interpreter/linkResolver.cpp, line 773]
Event: 17.774 Thread 0x000001996058f800 Exception <a 'java/lang/NoSuchMethodError'{0x000000008932ce48}: 'java.lang.Object java.lang.invoke.Invokers$Holder.linkToTargetMethod(long, java.lang.Object)'> (0x000000008932ce48) thrown at [./src/hotspot/share/interpreter/linkResolver.cpp, line 773]
Event: 17.774 Thread 0x000001995ff06000 Exception <a 'java/lang/NoSuchMethodError'{0x00000000893eec80}: 'java.lang.Object java.lang.invoke.Invokers$Holder.linkToTargetMethod(long, java.lang.Object)'> (0x00000000893eec80) thrown at [./src/hotspot/share/interpreter/linkResolver.cpp, line 773]
Event: 17.978 Thread 0x000001995ff0d800 Exception <a 'java/lang/NoSuchMethodError'{0x000000008b69ea08}: 'int java.lang.invoke.DirectMethodHandle$Holder.invokeVirtual(java.lang.Object, java.lang.Object, java.lang.Object, java.lang.Object)'> (0x000000008b69ea08) thrown at [./src/hotspot/share/interpreter/linkResolver.cpp, line 773]
Event: 17.978 Thread 0x000001995ff13000 Exception <a 'java/lang/NoSuchMethodError'{0x000000008b6b90a0}: 'int java.lang.invoke.DirectMethodHandle$Holder.invokeVirtual(java.lang.Object, java.lang.Object, java.lang.Object, java.lang.Object)'> (0x000000008b6b90a0) thrown at [./src/hotspot/share/interpreter/linkResolver.cpp, line 773]
Event: 17.978 Thread 0x00000199605fc800 Exception <a 'java/lang/NoSuchMethodError'{0x000000008b699960}: 'int java.lang.invoke.DirectMethodHandle$Holder.invokeVirtual(java.lang.Object, java.lang.Object, java.lang.Object, java.lang.Object)'> (0x000000008b699960) thrown at [./src/hotspot/share/interpreter/linkResolver.cpp, line 773]
Event: 18.046 Thread 0x0000019960b57800 Exception <a 'java/lang/IncompatibleClassChangeError'{0x000000008a1f6e88}: Found class java.lang.Object, but interface was expected> (0x000000008a1f6e88) thrown at [./src/hotspot/share/interpreter/linkResolver.cpp, line 839]
Event: 18.046 Thread 0x000001995feeb000 Exception <a 'java/lang/IncompatibleClassChangeError'{0x000000008a02a140}: Found class java.lang.Object, but interface was expected> (0x000000008a02a140) thrown at [./src/hotspot/share/interpreter/linkResolver.cpp, line 839]
Event: 18.046 Thread 0x00000199605fc800 Exception <a 'java/lang/IncompatibleClassChangeError'{0x000000008a162200}: Found class java.lang.Object, but interface was expected> (0x000000008a162200) thrown at [./src/hotspot/share/interpreter/linkResolver.cpp, line 839]
Event: 18.046 Thread 0x000001995ff13000 Exception <a 'java/lang/IncompatibleClassChangeError'{0x000000008a023e38}: Found class java.lang.Object, but interface was expected> (0x000000008a023e38) thrown at [./src/hotspot/share/interpreter/linkResolver.cpp, line 839]
Event: 18.106 Thread 0x000001995ff0c000 Exception <a 'java/lang/NoSuchMethodError'{0x000000008b76d150}: 'int java.lang.invoke.DirectMethodHandle$Holder.invokeVirtual(java.lang.Object, java.lang.Object, java.lang.Object)'> (0x000000008b76d150) thrown at [./src/hotspot/share/interpreter/linkResolver.cpp, line 773]
Event: 18.107 Thread 0x000001995ff13000 Exception <a 'java/lang/NoSuchMethodError'{0x000000008bd26200}: 'int java.lang.invoke.DirectMethodHandle$Holder.invokeVirtual(java.lang.Object, java.lang.Object, java.lang.Object)'> (0x000000008bd26200) thrown at [./src/hotspot/share/interpreter/linkResolver.cpp, line 773]
Event: 18.377 Thread 0x00000199605fc800 Exception <a 'java/lang/NoSuchMethodError'{0x000000008ad76580}: 'java.lang.Object java.lang.invoke.DirectMethodHandle$Holder.invokeStatic(java.lang.Object, int, java.lang.Object, java.lang.Object)'> (0x000000008ad76580) thrown at [./src/hotspot/share/interpreter/linkResolver.cpp, line 773]
Event: 18.377 Thread 0x000001995ff0d800 Exception <a 'java/lang/NoSuchMethodError'{0x000000008ad78ca8}: 'java.lang.Object java.lang.invoke.DirectMethodHandle$Holder.invokeStatic(java.lang.Object, int, java.lang.Object, java.lang.Object)'> (0x000000008ad78ca8) thrown at [./src/hotspot/share/interpreter/linkResolver.cpp, line 773]

Events (20 events):
Event: 18.430 loading class com/android/tools/r8/internal/QA0 done
Event: 18.430 loading class com/android/tools/r8/internal/DX0
Event: 18.430 loading class com/android/tools/r8/internal/DX0 done
Event: 18.430 loading class com/android/tools/r8/internal/QA0
Event: 18.430 loading class com/android/tools/r8/internal/QA0 done
Event: 18.430 loading class com/android/tools/r8/internal/QA0
Event: 18.430 loading class com/android/tools/r8/internal/QA0 done
Event: 18.430 loading class com/android/tools/r8/internal/QA0
Event: 18.430 loading class com/android/tools/r8/internal/QA0 done
Event: 18.431 loading class com/android/tools/r8/internal/BX0
Event: 18.431 loading class com/android/tools/r8/internal/BX0 done
Event: 18.432 loading class com/android/tools/r8/internal/d41
Event: 18.432 loading class com/android/tools/r8/internal/d41 done
Event: 18.433 loading class com/android/tools/r8/internal/DJ0
Event: 18.433 loading class com/android/tools/r8/internal/DJ0 done
Event: 18.434 loading class com/android/tools/r8/internal/hY0
Event: 18.434 loading class com/android/tools/r8/internal/hY0 done
Event: 18.435 loading class com/android/tools/r8/internal/lY0
Event: 18.435 loading class com/android/tools/r8/internal/lY0 done
Event: 18.436 Executing VM operation: G1CollectForAllocation


Dynamic libraries:
0x00007ff74af20000 - 0x00007ff74af2a000 	C:\Program Files\Android\Android Studio\jre\bin\java.exe
0x00007ffbcb0c0000 - 0x00007ffbcb2c9000 	C:\Windows\SYSTEM32\ntdll.dll
0x00007ffbc9640000 - 0x00007ffbc96fe000 	C:\Windows\System32\KERNEL32.DLL
0x00007ffbc8800000 - 0x00007ffbc8b83000 	C:\Windows\System32\KERNELBASE.dll
0x00007ffbc8570000 - 0x00007ffbc8681000 	C:\Windows\System32\ucrtbase.dll
0x00007ffb9f890000 - 0x00007ffb9f8a9000 	C:\Program Files\Android\Android Studio\jre\bin\jli.dll
0x00007ffb9f870000 - 0x00007ffb9f887000 	C:\Program Files\Android\Android Studio\jre\bin\VCRUNTIME140.dll
0x00007ffbcab60000 - 0x00007ffbcad0d000 	C:\Windows\System32\USER32.dll
0x00007ffbc8b90000 - 0x00007ffbc8bb6000 	C:\Windows\System32\win32u.dll
0x00007ffbcad10000 - 0x00007ffbcad39000 	C:\Windows\System32\GDI32.dll
0x00007ffbaba20000 - 0x00007ffbabcc5000 	C:\Windows\WinSxS\amd64_microsoft.windows.common-controls_6595b64144ccf1df_6.0.22000.120_none_9d947278b86cc467\COMCTL32.dll
0x00007ffbc8bc0000 - 0x00007ffbc8cda000 	C:\Windows\System32\gdi32full.dll
0x00007ffbc8ce0000 - 0x00007ffbc8d7d000 	C:\Windows\System32\msvcp_win.dll
0x00007ffbc9b70000 - 0x00007ffbc9c13000 	C:\Windows\System32\msvcrt.dll
0x00007ffbc8fe0000 - 0x00007ffbc9011000 	C:\Windows\System32\IMM32.DLL
0x00007ffb6a020000 - 0x00007ffb6a0bd000 	C:\Program Files\Android\Android Studio\jre\bin\msvcp140.dll
0x00007ffb387e0000 - 0x00007ffb392e2000 	C:\Program Files\Android\Android Studio\jre\bin\server\jvm.dll
0x00007ffbcad40000 - 0x00007ffbcadee000 	C:\Windows\System32\ADVAPI32.dll
0x00007ffbc9e40000 - 0x00007ffbc9ede000 	C:\Windows\System32\sechost.dll
0x00007ffbca8e0000 - 0x00007ffbcaa01000 	C:\Windows\System32\RPCRT4.dll
0x00007ffbc90d0000 - 0x00007ffbc90d8000 	C:\Windows\System32\PSAPI.DLL
0x00007ffbc2850000 - 0x00007ffbc2883000 	C:\Windows\SYSTEM32\WINMM.dll
0x00007ffbbf870000 - 0x00007ffbbf87a000 	C:\Windows\SYSTEM32\VERSION.dll
0x00007ffbbfaa0000 - 0x00007ffbbfaa9000 	C:\Windows\SYSTEM32\WSOCK32.dll
0x00007ffbc90e0000 - 0x00007ffbc914f000 	C:\Windows\System32\WS2_32.dll
0x00007ffbc75f0000 - 0x00007ffbc7608000 	C:\Windows\SYSTEM32\kernel.appcore.dll
0x00007ffbaf060000 - 0x00007ffbaf071000 	C:\Program Files\Android\Android Studio\jre\bin\verify.dll
0x00007ffbc6110000 - 0x00007ffbc6331000 	C:\Windows\SYSTEM32\DBGHELP.DLL
0x00007ffbb88a0000 - 0x00007ffbb88d1000 	C:\Windows\SYSTEM32\dbgcore.DLL
0x00007ffbc8eb0000 - 0x00007ffbc8f2f000 	C:\Windows\System32\bcryptPrimitives.dll
0x00007ffba2c10000 - 0x00007ffba2c39000 	C:\Program Files\Android\Android Studio\jre\bin\java.dll
0x00007ffbaf930000 - 0x00007ffbaf93b000 	C:\Program Files\Android\Android Studio\jre\bin\jimage.dll
0x00007ffb9f7b0000 - 0x00007ffb9f7c8000 	C:\Program Files\Android\Android Studio\jre\bin\zip.dll
0x00007ffbca000000 - 0x00007ffbca7c5000 	C:\Windows\System32\SHELL32.dll
0x00007ffbc6650000 - 0x00007ffbc6eb4000 	C:\Windows\SYSTEM32\windows.storage.dll
0x00007ffbc92c0000 - 0x00007ffbc9636000 	C:\Windows\System32\combase.dll
0x00007ffbc64e0000 - 0x00007ffbc6647000 	C:\Windows\SYSTEM32\wintypes.dll
0x00007ffbca7d0000 - 0x00007ffbca8ba000 	C:\Windows\System32\SHCORE.dll
0x00007ffbc9c20000 - 0x00007ffbc9c7d000 	C:\Windows\System32\shlwapi.dll
0x00007ffbc84a0000 - 0x00007ffbc84c1000 	C:\Windows\SYSTEM32\profapi.dll
0x00007ffb9e680000 - 0x00007ffb9e69a000 	C:\Program Files\Android\Android Studio\jre\bin\net.dll
0x00007ffbc2f20000 - 0x00007ffbc3032000 	C:\Windows\SYSTEM32\WINHTTP.dll
0x00007ffbc7a90000 - 0x00007ffbc7af7000 	C:\Windows\system32\mswsock.dll
0x00007ffb9dea0000 - 0x00007ffb9deb4000 	C:\Program Files\Android\Android Studio\jre\bin\nio.dll
0x00007ffb7cc70000 - 0x00007ffb7cc97000 	C:\Users\nraje\.gradle\native\e1d6ef7f7dcc3fd88c89a11ec53ec762bb8ba0a96d01ffa2cd45eb1d1d8dd5c5\windows-amd64\native-platform.dll
0x00007ffb67ee0000 - 0x00007ffb68024000 	C:\Users\nraje\.gradle\native\5664cfc778a61ccfe75a443a1ab52a65af34e5dc3c78e0209fed803814484fcb\windows-amd64\native-platform-file-events.dll
0x00007ffbaf0d0000 - 0x00007ffbaf0da000 	C:\Program Files\Android\Android Studio\jre\bin\management.dll
0x00007ffba7480000 - 0x00007ffba748d000 	C:\Program Files\Android\Android Studio\jre\bin\management_ext.dll
0x00007ffbc7cf0000 - 0x00007ffbc7d08000 	C:\Windows\SYSTEM32\CRYPTSP.dll
0x00007ffbc7550000 - 0x00007ffbc7585000 	C:\Windows\system32\rsaenh.dll
0x00007ffbc7b90000 - 0x00007ffbc7bb9000 	C:\Windows\SYSTEM32\USERENV.dll
0x00007ffbc7ed0000 - 0x00007ffbc7ef7000 	C:\Windows\SYSTEM32\bcrypt.dll
0x00007ffbc7ce0000 - 0x00007ffbc7cec000 	C:\Windows\SYSTEM32\CRYPTBASE.dll
0x00007ffbc7110000 - 0x00007ffbc713d000 	C:\Windows\SYSTEM32\IPHLPAPI.DLL
0x00007ffbca8d0000 - 0x00007ffbca8d9000 	C:\Windows\System32\NSI.dll
0x00007ffbc2f00000 - 0x00007ffbc2f19000 	C:\Windows\SYSTEM32\dhcpcsvc6.DLL
0x00007ffbc3560000 - 0x00007ffbc357e000 	C:\Windows\SYSTEM32\dhcpcsvc.DLL
0x00007ffbc7140000 - 0x00007ffbc7228000 	C:\Windows\SYSTEM32\DNSAPI.dll

dbghelp: loaded successfully - version: 4.0.5 - missing functions: none
symbol engine: initialized successfully - sym options: 0x614 - pdb path: .;C:\Program Files\Android\Android Studio\jre\bin;C:\Windows\SYSTEM32;C:\Windows\WinSxS\amd64_microsoft.windows.common-controls_6595b64144ccf1df_6.0.22000.120_none_9d947278b86cc467;C:\Program Files\Android\Android Studio\jre\bin\server;C:\Users\nraje\.gradle\native\e1d6ef7f7dcc3fd88c89a11ec53ec762bb8ba0a96d01ffa2cd45eb1d1d8dd5c5\windows-amd64;C:\Users\nraje\.gradle\native\5664cfc778a61ccfe75a443a1ab52a65af34e5dc3c78e0209fed803814484fcb\windows-amd64

VM Arguments:
jvm_args: --add-opens=java.base/java.util=ALL-UNNAMED --add-opens=java.base/java.lang=ALL-UNNAMED --add-opens=java.base/java.lang.invoke=ALL-UNNAMED --add-opens=java.base/java.util=ALL-UNNAMED --add-opens=java.prefs/java.util.prefs=ALL-UNNAMED --add-opens=java.prefs/java.util.prefs=ALL-UNNAMED --add-opens=java.base/java.nio.charset=ALL-UNNAMED --add-opens=java.base/java.net=ALL-UNNAMED --add-opens=java.base/java.util.concurrent.atomic=ALL-UNNAMED -Xmx2048m -Dfile.encoding=windows-1252 -Duser.country=IN -Duser.language=en -Duser.variant 
java_command: org.gradle.launcher.daemon.bootstrap.GradleDaemon 7.2
java_class_path (initial): C:\Users\nraje\.gradle\wrapper\dists\gradle-7.2-all\260hg96vuh6ex27h9vo47iv4d\gradle-7.2\lib\gradle-launcher-7.2.jar
Launcher Type: SUN_STANDARD

[Global flags]
     intx CICompilerCount                          = 4                                         {product} {ergonomic}
     uint ConcGCThreads                            = 3                                         {product} {ergonomic}
     uint G1ConcRefinementThreads                  = 10                                        {product} {ergonomic}
   size_t G1HeapRegionSize                         = 1048576                                   {product} {ergonomic}
    uintx GCDrainStackTargetSize                   = 64                                        {product} {ergonomic}
   size_t InitialHeapSize                          = 98566144                                  {product} {ergonomic}
   size_t MarkStackSize                            = 4194304                                   {product} {ergonomic}
   size_t MaxHeapSize                              = 2147483648                                {product} {command line}
   size_t MaxNewSize                               = 1287651328                                {product} {ergonomic}
   size_t MinHeapDeltaBytes                        = 1048576                                   {product} {ergonomic}
    uintx NonNMethodCodeHeapSize                   = 5836300                                {pd product} {ergonomic}
    uintx NonProfiledCodeHeapSize                  = 122910970                              {pd product} {ergonomic}
    uintx ProfiledCodeHeapSize                     = 122910970                              {pd product} {ergonomic}
    uintx ReservedCodeCacheSize                    = 251658240                              {pd product} {ergonomic}
     bool SegmentedCodeCache                       = true                                      {product} {ergonomic}
     bool UseCompressedClassPointers               = true                                 {lp64_product} {ergonomic}
     bool UseCompressedOops                        = true                                 {lp64_product} {ergonomic}
     bool UseG1GC                                  = true                                      {product} {ergonomic}
     bool UseLargePagesIndividualAllocation        = false                                  {pd product} {ergonomic}

Logging:
Log output configuration:
 #0: stdout all=warning uptime,level,tags
 #1: stderr all=off uptime,level,tags

Environment Variables:
PATH=C:\Program Files\Common Files\Oracle\Java\javapath;C:\Program Files (x86)\Common Files\Oracle\Java\javapath;C:\Windows\system32;C:\Windows;C:\Windows\System32\Wbem;C:\Windows\System32\WindowsPowerShell\v1.0\;C:\Windows\System32\OpenSSH\;C:\Program Files\Git\cmd;C:\Users\nraje\AppData\Local\Microsoft\WindowsApps\python.exe;C:\Users\nraje\AppData\Local\Microsoft\WindowsApps\python.exe;C:\Users\nraje\AppData\Local\Microsoft\WindowsApps\;C:\Users\nraje\AppData\Local\Microsoft\WindowsApps\;C:\Users\nraje\AppData\Local\Microsoft\WindowsApps;;C:\Users\nraje\AppData\Local\Programs\Microsoft VS Code\bin
USERNAME=nraje
OS=Windows_NT
PROCESSOR_IDENTIFIER=AMD64 Family 23 Model 104 Stepping 1, AuthenticAMD



---------------  S Y S T E M  ---------------

OS: Windows 11 , 64 bit Build 22000 (10.0.22000.1761)
OS uptime: 11 days 6:02 hours

CPU:total 12 (initial active 12) (12 cores per cpu, 2 threads per core) family 23 model 104 stepping 1 microcode 0x0, cmov, cx8, fxsr, mmx, sse, sse2, sse3, ssse3, sse4.1, sse4.2, popcnt, avx, avx2, aes, clmul, mmxext, 3dnowpref, lzcnt, sse4a, ht, tsc, tscinvbit, tscinv, bmi1, bmi2, adx, sha, fma

Memory: 4k page, system-wide physical 6005M (117M free)
TotalPageFile size 24437M (AvailPageFile size 23M)
current process WorkingSet (physical memory assigned to process): 484M, peak: 484M
current process commit charge ("private bytes"): 598M, peak: 661M

vm_info: OpenJDK 64-Bit Server VM (11.0.13+0-b1751.21-8125866) for windows-amd64 JRE (11.0.13+0-b1751.21-8125866), built on Feb  2 2022 03:00:22 by "builder" with MS VC++ 14.0 (VS2015)

END.
