#
# There is insufficient memory for the Java Runtime Environment to continue.
# Native memory allocation (mmap) failed to map 34603008 bytes for Failed to commit area from 0x000000008a400000 to 0x000000008c500000 of length 34603008.
# Possible reasons:
#   The system is out of physical RAM or swap space
#   The process is running with CompressedOops enabled, and the Java Heap may be blocking the growth of the native heap
# Possible solutions:
#   Reduce memory load on the system
#   Increase physical memory or swap space
#   Check if swap backing store is full
#   Decrease Java heap size (-Xmx/-Xms)
#   Decrease number of Java threads
#   Decrease Java thread stack sizes (-Xss)
#   Set larger code cache with -XX:ReservedCodeCacheSize=
#   JVM is running with Unscaled Compressed Oops mode in which the Java heap is
#     placed in the first 4GB address space. The Java Heap base address is the
#     maximum limit for the native heap growth. Please use -XX:HeapBaseMinAddress
#     to set the Java Heap base and to place the Java Heap above 4GB virtual address.
# This output file may be truncated or incomplete.
#
#  Out of Memory Error (./src/hotspot/os/windows/os_windows.cpp:3619), pid=130672, tid=114840
#
# JRE version: OpenJDK Runtime Environment (11.0.13) (build 11.0.13+0-b1751.21-8125866)
# Java VM: OpenJDK 64-Bit Server VM (11.0.13+0-b1751.21-8125866, mixed mode, tiered, compressed oops, g1 gc, windows-amd64)
# No core dump will be written. Minidumps are not enabled by default on client versions of Windows
#

---------------  S U M M A R Y ------------

Command Line: --add-opens=java.base/java.util=ALL-UNNAMED --add-opens=java.base/java.lang=ALL-UNNAMED --add-opens=java.base/java.lang.invoke=ALL-UNNAMED --add-opens=java.base/java.util=ALL-UNNAMED --add-opens=java.prefs/java.util.prefs=ALL-UNNAMED --add-opens=java.prefs/java.util.prefs=ALL-UNNAMED --add-opens=java.base/java.nio.charset=ALL-UNNAMED --add-opens=java.base/java.net=ALL-UNNAMED --add-opens=java.base/java.util.concurrent.atomic=ALL-UNNAMED -Xmx2048m -Dfile.encoding=windows-1252 -Duser.country=IN -Duser.language=en -Duser.variant org.gradle.launcher.daemon.bootstrap.GradleDaemon 7.2

Host: AMD Ryzen 5 5500U with Radeon Graphics         , 12 cores, 5G,  Windows 11 , 64 bit Build 22000 (10.0.22000.1761)
Time: Thu May 11 23:17:22 2023 India Standard Time elapsed time: 19.072648 seconds (0d 0h 0m 19s)

---------------  T H R E A D  ---------------

Current thread (0x000002319d390800):  VMThread "VM Thread" [stack: 0x0000008fe3200000,0x0000008fe3300000] [id=114840]

Stack: [0x0000008fe3200000,0x0000008fe3300000]
[error occurred during error reporting (printing stack bounds), id 0xc0000005, EXCEPTION_ACCESS_VIOLATION (0xc0000005) at pc=0x00000231865e112d]

Native frames: (J=compiled Java code, j=interpreted, Vv=VM code, C=native code)
V  [jvm.dll+0x6100fa]
V  [jvm.dll+0x747090]
V  [jvm.dll+0x7486ad]
V  [jvm.dll+0x748ce5]
V  [jvm.dll+0x748c9b]
V  [jvm.dll+0x60f224]
V  [jvm.dll+0x60f9b8]
C  [ntdll.dll+0xa8aef]
C  [ntdll.dll+0x35b9a]
C  [ntdll.dll+0xa7afe]
C  0x00000231865e112d

VM_Operation (0x0000008fef1f8be0): G1CollectForAllocation, mode: safepoint, requested by thread 0x00000231a8cd2000


---------------  P R O C E S S  ---------------

Threads class SMR info:
_java_thread_list=0x00000231a064a540, length=181, elements={
0x0000023182ac2800, 0x000002319d395000, 0x000002319d39e000, 0x000002319dd24000,
0x000002319dd25000, 0x000002319dd26000, 0x000002319dd2f800, 0x000002319d3b6800,
0x000002319d3bb800, 0x000002319de68000, 0x000002319ef09800, 0x000002319f815800,
0x000002319f402000, 0x000002319ee46800, 0x000002319e9c6000, 0x000002319f7af000,
0x000002319f207800, 0x000002319f209000, 0x000002319f77b800, 0x000002319fe5e800,
0x000002319fe5f000, 0x000002319fe61000, 0x000002319fe63800, 0x000002319fe60000,
0x000002319fe61800, 0x000002319fe5d800, 0x000002319fe62800, 0x000002319fe64000,
0x00000231a1f3c000, 0x00000231a1f3b800, 0x00000231a1f38000, 0x00000231a1f3a800,
0x00000231a1f3d000, 0x00000231a1f3f800, 0x00000231a1f3e000, 0x00000231a1f3a000,
0x00000231a1f43800, 0x00000231a1f46000, 0x00000231a1f41000, 0x00000231a1f44800,
0x00000231a1f40800, 0x00000231a1f45000, 0x00000231a1f47000, 0x00000231a1f42000,
0x00000231a1f42800, 0x00000231a208f000, 0x00000231a2093800, 0x00000231a2096000,
0x00000231a2091800, 0x00000231a2090000, 0x00000231a2095000, 0x00000231a2092800,
0x00000231a2096800, 0x00000231a2094000, 0x00000231a2091000, 0x00000231a2098000,
0x00000231a209d000, 0x00000231a209a800, 0x00000231a2099000, 0x00000231a209b800,
0x00000231a209c800, 0x00000231a2097800, 0x00000231a209e000, 0x00000231a209a000,
0x00000231a1f79000, 0x00000231a1f7b800, 0x00000231a1f7a000, 0x00000231a1f7b000,
0x00000231a1f76800, 0x00000231a1f77800, 0x00000231a1f7e000, 0x00000231a1f7c800,
0x00000231a1f7d000, 0x00000231a1f78800, 0x00000231a1f80800, 0x00000231a1f83000,
0x00000231a1f84800, 0x00000231a1f81800, 0x00000231a1f7f000, 0x00000231a1f85800,
0x00000231a1f82000, 0x00000231a1f7f800, 0x00000231a1f83800, 0x00000231a23c9000,
0x00000231a23cb800, 0x00000231a23cc800, 0x00000231a23ce000, 0x00000231a23cd000,
0x00000231a23c8000, 0x00000231a23ca000, 0x00000231a23cf800, 0x00000231a23cf000,
0x00000231a23d0800, 0x00000231a23ca800, 0x00000231a23d2000, 0x00000231a23d4800,
0x00000231a23d7000, 0x00000231a23d5800, 0x00000231a23d6000, 0x00000231a23d1000,
0x00000231a23d3000, 0x00000231a23d3800, 0x00000231a3fc3800, 0x00000231a3fbe800,
0x00000231a3fc1800, 0x00000231a3fbf000, 0x00000231a3fbd800, 0x00000231a3fc0000,
0x00000231a3fc2800, 0x00000231a3fc1000, 0x00000231a3fc7800, 0x00000231a3fc5000,
0x00000231a3fc4000, 0x00000231a3fca800, 0x00000231a3fc5800, 0x00000231a3fc8000,
0x00000231a3fc6800, 0x00000231a3fca000, 0x00000231a3fc9000, 0x00000231a3fcb800,
0x00000231a3fcc800, 0x00000231a2233000, 0x00000231a2237000, 0x00000231a2234800,
0x00000231a2233800, 0x00000231a2236000, 0x00000231a2235800, 0x00000231a2231000,
0x00000231a2232000, 0x00000231a2239800, 0x00000231a223d800, 0x00000231a2237800,
0x00000231a223e800, 0x00000231a223c000, 0x00000231a2238800, 0x00000231a223b000,
0x00000231a223c800, 0x00000231a223f000, 0x00000231a2240000, 0x00000231a223a000,
0x00000231a22ac800, 0x00000231a22aa000, 0x00000231a22ae000, 0x00000231a22ad800,
0x00000231a22af000, 0x00000231a22ac000, 0x00000231a22ab000, 0x00000231a22a9800,
0x00000231a22b1800, 0x00000231a22b2800, 0x00000231a22b5000, 0x00000231a22b3000,
0x00000231a22b0000, 0x00000231a22b4000, 0x00000231a22b0800, 0x00000231a22b6800,
0x00000231a22b5800, 0x00000231a22b7000, 0x00000231a22b8000, 0x00000231a42b5800,
0x00000231a42b3000, 0x00000231a42b9800, 0x00000231a42b4800, 0x00000231a42b3800,
0x00000231a42bb000, 0x00000231a42b8000, 0x00000231a42b6000, 0x00000231a42bc800,
0x00000231a42bc000, 0x00000231a42ba000, 0x00000231a42b7000, 0x00000231a42bd800,
0x00000231a42be800, 0x00000231a42c1800, 0x00000231a42bf000, 0x00000231a42c0000,
0x00000231a42c1000, 0x00000231a8cd1000, 0x00000231a8cd3800, 0x00000231a8cd2000,
0x00000231a8cd2800
}

Java Threads: ( => current thread )
  0x0000023182ac2800 JavaThread "main" [_thread_blocked, id=102268, stack(0x0000008fe2c00000,0x0000008fe2d00000)]
  0x000002319d395000 JavaThread "Reference Handler" daemon [_thread_blocked, id=122264, stack(0x0000008fe3300000,0x0000008fe3400000)]
  0x000002319d39e000 JavaThread "Finalizer" daemon [_thread_blocked, id=119068, stack(0x0000008fe3400000,0x0000008fe3500000)]
  0x000002319dd24000 JavaThread "Signal Dispatcher" daemon [_thread_blocked, id=126700, stack(0x0000008fe3500000,0x0000008fe3600000)]
  0x000002319dd25000 JavaThread "Attach Listener" daemon [_thread_blocked, id=129612, stack(0x0000008fe3600000,0x0000008fe3700000)]
  0x000002319dd26000 JavaThread "Service Thread" daemon [_thread_blocked, id=130996, stack(0x0000008fe3700000,0x0000008fe3800000)]
  0x000002319dd2f800 JavaThread "C2 CompilerThread0" daemon [_thread_blocked, id=123640, stack(0x0000008fe3800000,0x0000008fe3900000)]
  0x000002319d3b6800 JavaThread "C1 CompilerThread0" daemon [_thread_blocked, id=111828, stack(0x0000008fe3900000,0x0000008fe3a00000)]
  0x000002319d3bb800 JavaThread "Sweeper thread" daemon [_thread_blocked, id=126720, stack(0x0000008fe3a00000,0x0000008fe3b00000)]
  0x000002319de68000 JavaThread "Common-Cleaner" daemon [_thread_blocked, id=120256, stack(0x0000008fe3b00000,0x0000008fe3c00000)]
  0x000002319ef09800 JavaThread "Daemon health stats" [_thread_blocked, id=130100, stack(0x0000008fe3e00000,0x0000008fe3f00000)]
  0x000002319f815800 JavaThread "Incoming local TCP Connector on port 52976" [_thread_in_native, id=120992, stack(0x0000008fe4100000,0x0000008fe4200000)]
  0x000002319f402000 JavaThread "Daemon periodic checks" [_thread_blocked, id=127612, stack(0x0000008fe4200000,0x0000008fe4300000)]
  0x000002319ee46800 JavaThread "Daemon" [_thread_blocked, id=117172, stack(0x0000008fe4300000,0x0000008fe4400000)]
  0x000002319e9c6000 JavaThread "Handler for socket connection from /127.0.0.1:52976 to /127.0.0.1:52977" [_thread_in_native, id=120552, stack(0x0000008fe4400000,0x0000008fe4500000)]
  0x000002319f7af000 JavaThread "Cancel handler" [_thread_blocked, id=115776, stack(0x0000008fe4500000,0x0000008fe4600000)]
  0x000002319f207800 JavaThread "Daemon worker" [_thread_blocked, id=129264, stack(0x0000008fe4600000,0x0000008fe4700000)]
  0x000002319f209000 JavaThread "Asynchronous log dispatcher for DefaultDaemonConnection: socket connection from /127.0.0.1:52976 to /127.0.0.1:52977" [_thread_blocked, id=122612, stack(0x0000008fe4700000,0x0000008fe4800000)]
  0x000002319f77b800 JavaThread "Stdin handler" [_thread_blocked, id=109456, stack(0x0000008fe4800000,0x0000008fe4900000)]
  0x000002319fe5e800 JavaThread "Daemon client event forwarder" [_thread_blocked, id=95300, stack(0x0000008fe4900000,0x0000008fe4a00000)]
  0x000002319fe5f000 JavaThread "Cache worker for journal cache (C:\Users\nraje\.gradle\caches\journal-1)" [_thread_blocked, id=107164, stack(0x0000008fe4a00000,0x0000008fe4b00000)]
  0x000002319fe61000 JavaThread "File lock request listener" [_thread_in_native, id=127628, stack(0x0000008fe4b00000,0x0000008fe4c00000)]
  0x000002319fe63800 JavaThread "Cache worker for file hash cache (C:\Users\nraje\.gradle\caches\7.2\fileHashes)" [_thread_blocked, id=119004, stack(0x0000008fe4c00000,0x0000008fe4d00000)]
  0x000002319fe60000 JavaThread "Cache worker for file hash cache (C:\Users\nraje\AndroidStudioProjects\NOTEIT\.gradle\7.2\fileHashes)" [_thread_blocked, id=130888, stack(0x0000008fe5500000,0x0000008fe5600000)]
  0x000002319fe61800 JavaThread "File watcher server" daemon [_thread_blocked, id=128516, stack(0x0000008fe5600000,0x0000008fe5700000)]
  0x000002319fe5d800 JavaThread "File watcher consumer" daemon [_thread_blocked, id=111656, stack(0x0000008fe5700000,0x0000008fe5800000)]
  0x000002319fe62800 JavaThread "Cache worker for checksums cache (C:\Users\nraje\AndroidStudioProjects\NOTEIT\.gradle\checksums)" [_thread_blocked, id=130708, stack(0x0000008fe5800000,0x0000008fe5900000)]
  0x000002319fe64000 JavaThread "Cache worker for cache directory md-supplier (C:\Users\nraje\.gradle\caches\7.2\md-supplier)" [_thread_blocked, id=80204, stack(0x0000008fe5900000,0x0000008fe5a00000)]
  0x00000231a1f3c000 JavaThread "Cache worker for cache directory md-rule (C:\Users\nraje\.gradle\caches\7.2\md-rule)" [_thread_blocked, id=127084, stack(0x0000008fe5a00000,0x0000008fe5b00000)]
  0x00000231a1f3b800 JavaThread "Cache worker for execution history cache (C:\Users\nraje\.gradle\caches\7.2\executionHistory)" [_thread_blocked, id=96992, stack(0x0000008fe5b00000,0x0000008fe5c00000)]
  0x00000231a1f38000 JavaThread "jar transforms" [_thread_blocked, id=124328, stack(0x0000008fe5c00000,0x0000008fe5d00000)]
  0x00000231a1f3a800 JavaThread "jar transforms Thread 2" [_thread_blocked, id=125184, stack(0x0000008fe5d00000,0x0000008fe5e00000)]
  0x00000231a1f3d000 JavaThread "Cache worker for file content cache (C:\Users\nraje\.gradle\caches\7.2\fileContent)" [_thread_blocked, id=111328, stack(0x0000008fe5e00000,0x0000008fe5f00000)]
  0x00000231a1f3f800 JavaThread "Cache worker for dependencies-accessors (C:\Users\nraje\AndroidStudioProjects\NOTEIT\.gradle\7.2\dependencies-accessors)" [_thread_blocked, id=129948, stack(0x0000008fe5f00000,0x0000008fe6000000)]
  0x00000231a1f3e000 JavaThread "jar transforms Thread 3" [_thread_blocked, id=88996, stack(0x0000008fe6000000,0x0000008fe6100000)]
  0x00000231a1f3a000 JavaThread "Cache worker for Build Output Cleanup Cache (C:\Users\nraje\AndroidStudioProjects\NOTEIT\.gradle\buildOutputCleanup)" [_thread_blocked, id=112072, stack(0x0000008fe6100000,0x0000008fe6200000)]
  0x00000231a1f43800 JavaThread "Unconstrained build operations" [_thread_blocked, id=125344, stack(0x0000008fe6200000,0x0000008fe6300000)]
  0x00000231a1f46000 JavaThread "Unconstrained build operations Thread 2" [_thread_blocked, id=128660, stack(0x0000008fe6300000,0x0000008fe6400000)]
  0x00000231a1f41000 JavaThread "Unconstrained build operations Thread 3" [_thread_blocked, id=109776, stack(0x0000008fe6400000,0x0000008fe6500000)]
  0x00000231a1f44800 JavaThread "Unconstrained build operations Thread 4" [_thread_blocked, id=127024, stack(0x0000008fe6500000,0x0000008fe6600000)]
  0x00000231a1f40800 JavaThread "Unconstrained build operations Thread 5" [_thread_blocked, id=109916, stack(0x0000008fe6600000,0x0000008fe6700000)]
  0x00000231a1f45000 JavaThread "Unconstrained build operations Thread 6" [_thread_blocked, id=126860, stack(0x0000008fe6700000,0x0000008fe6800000)]
  0x00000231a1f47000 JavaThread "Unconstrained build operations Thread 7" [_thread_blocked, id=119836, stack(0x0000008fe6800000,0x0000008fe6900000)]
  0x00000231a1f42000 JavaThread "Unconstrained build operations Thread 8" [_thread_blocked, id=117388, stack(0x0000008fe6900000,0x0000008fe6a00000)]
  0x00000231a1f42800 JavaThread "Unconstrained build operations Thread 9" [_thread_blocked, id=128492, stack(0x0000008fe6a00000,0x0000008fe6b00000)]
  0x00000231a208f000 JavaThread "Unconstrained build operations Thread 10" [_thread_blocked, id=114884, stack(0x0000008fe6b00000,0x0000008fe6c00000)]
  0x00000231a2093800 JavaThread "Unconstrained build operations Thread 11" [_thread_blocked, id=112968, stack(0x0000008fe6c00000,0x0000008fe6d00000)]
  0x00000231a2096000 JavaThread "Unconstrained build operations Thread 12" [_thread_blocked, id=112444, stack(0x0000008fe6d00000,0x0000008fe6e00000)]
  0x00000231a2091800 JavaThread "Unconstrained build operations Thread 13" [_thread_blocked, id=85220, stack(0x0000008fe6e00000,0x0000008fe6f00000)]
  0x00000231a2090000 JavaThread "Unconstrained build operations Thread 14" [_thread_blocked, id=120368, stack(0x0000008fe6f00000,0x0000008fe7000000)]
  0x00000231a2095000 JavaThread "Unconstrained build operations Thread 15" [_thread_blocked, id=130244, stack(0x0000008fe7000000,0x0000008fe7100000)]
  0x00000231a2092800 JavaThread "Unconstrained build operations Thread 16" [_thread_blocked, id=97780, stack(0x0000008fe7100000,0x0000008fe7200000)]
  0x00000231a2096800 JavaThread "Unconstrained build operations Thread 17" [_thread_blocked, id=126704, stack(0x0000008fe7200000,0x0000008fe7300000)]
  0x00000231a2094000 JavaThread "Unconstrained build operations Thread 18" [_thread_blocked, id=95272, stack(0x0000008fe7300000,0x0000008fe7400000)]
  0x00000231a2091000 JavaThread "Unconstrained build operations Thread 19" [_thread_blocked, id=96660, stack(0x0000008fe7400000,0x0000008fe7500000)]
  0x00000231a2098000 JavaThread "Unconstrained build operations Thread 20" [_thread_blocked, id=101484, stack(0x0000008fe7500000,0x0000008fe7600000)]
  0x00000231a209d000 JavaThread "Unconstrained build operations Thread 21" [_thread_blocked, id=116360, stack(0x0000008fe7600000,0x0000008fe7700000)]
  0x00000231a209a800 JavaThread "Unconstrained build operations Thread 22" [_thread_blocked, id=124044, stack(0x0000008fe7700000,0x0000008fe7800000)]
  0x00000231a2099000 JavaThread "Unconstrained build operations Thread 23" [_thread_blocked, id=130572, stack(0x0000008fe7800000,0x0000008fe7900000)]
  0x00000231a209b800 JavaThread "Unconstrained build operations Thread 24" [_thread_blocked, id=112876, stack(0x0000008fe7900000,0x0000008fe7a00000)]
  0x00000231a209c800 JavaThread "Unconstrained build operations Thread 25" [_thread_blocked, id=112916, stack(0x0000008fe7a00000,0x0000008fe7b00000)]
  0x00000231a2097800 JavaThread "Unconstrained build operations Thread 26" [_thread_blocked, id=98316, stack(0x0000008fe7b00000,0x0000008fe7c00000)]
  0x00000231a209e000 JavaThread "Unconstrained build operations Thread 27" [_thread_blocked, id=127588, stack(0x0000008fe7c00000,0x0000008fe7d00000)]
  0x00000231a209a000 JavaThread "Unconstrained build operations Thread 28" [_thread_blocked, id=128048, stack(0x0000008fe7d00000,0x0000008fe7e00000)]
  0x00000231a1f79000 JavaThread "Unconstrained build operations Thread 29" [_thread_blocked, id=106692, stack(0x0000008fe7e00000,0x0000008fe7f00000)]
  0x00000231a1f7b800 JavaThread "Unconstrained build operations Thread 30" [_thread_blocked, id=110644, stack(0x0000008fe7f00000,0x0000008fe8000000)]
  0x00000231a1f7a000 JavaThread "Unconstrained build operations Thread 31" [_thread_blocked, id=89672, stack(0x0000008fe8000000,0x0000008fe8100000)]
  0x00000231a1f7b000 JavaThread "Unconstrained build operations Thread 32" [_thread_blocked, id=128212, stack(0x0000008fe8100000,0x0000008fe8200000)]
  0x00000231a1f76800 JavaThread "Unconstrained build operations Thread 33" [_thread_blocked, id=104124, stack(0x0000008fe8200000,0x0000008fe8300000)]
  0x00000231a1f77800 JavaThread "Unconstrained build operations Thread 34" [_thread_blocked, id=99808, stack(0x0000008fe8300000,0x0000008fe8400000)]
  0x00000231a1f7e000 JavaThread "Unconstrained build operations Thread 35" [_thread_blocked, id=126540, stack(0x0000008fe8400000,0x0000008fe8500000)]
  0x00000231a1f7c800 JavaThread "Unconstrained build operations Thread 36" [_thread_blocked, id=120000, stack(0x0000008fe8500000,0x0000008fe8600000)]
  0x00000231a1f7d000 JavaThread "Unconstrained build operations Thread 37" [_thread_blocked, id=127520, stack(0x0000008fe8600000,0x0000008fe8700000)]
  0x00000231a1f78800 JavaThread "Unconstrained build operations Thread 38" [_thread_blocked, id=110996, stack(0x0000008fe8700000,0x0000008fe8800000)]
  0x00000231a1f80800 JavaThread "Unconstrained build operations Thread 39" [_thread_blocked, id=129816, stack(0x0000008fe8800000,0x0000008fe8900000)]
  0x00000231a1f83000 JavaThread "Unconstrained build operations Thread 40" [_thread_blocked, id=99436, stack(0x0000008fe8900000,0x0000008fe8a00000)]
  0x00000231a1f84800 JavaThread "Unconstrained build operations Thread 41" [_thread_blocked, id=126512, stack(0x0000008fe8a00000,0x0000008fe8b00000)]
  0x00000231a1f81800 JavaThread "Unconstrained build operations Thread 42" [_thread_blocked, id=110268, stack(0x0000008fe8b00000,0x0000008fe8c00000)]
  0x00000231a1f7f000 JavaThread "Unconstrained build operations Thread 43" [_thread_blocked, id=116476, stack(0x0000008fe8c00000,0x0000008fe8d00000)]
  0x00000231a1f85800 JavaThread "Unconstrained build operations Thread 44" [_thread_blocked, id=93748, stack(0x0000008fe8d00000,0x0000008fe8e00000)]
  0x00000231a1f82000 JavaThread "Unconstrained build operations Thread 45" [_thread_blocked, id=127436, stack(0x0000008fe8e00000,0x0000008fe8f00000)]
  0x00000231a1f7f800 JavaThread "Unconstrained build operations Thread 46" [_thread_blocked, id=96160, stack(0x0000008fe8f00000,0x0000008fe9000000)]
  0x00000231a1f83800 JavaThread "Unconstrained build operations Thread 47" [_thread_blocked, id=126480, stack(0x0000008fe9000000,0x0000008fe9100000)]
  0x00000231a23c9000 JavaThread "Unconstrained build operations Thread 48" [_thread_blocked, id=64608, stack(0x0000008fe9100000,0x0000008fe9200000)]
  0x00000231a23cb800 JavaThread "Unconstrained build operations Thread 49" [_thread_blocked, id=93264, stack(0x0000008fe9200000,0x0000008fe9300000)]
  0x00000231a23cc800 JavaThread "Unconstrained build operations Thread 50" [_thread_blocked, id=114488, stack(0x0000008fe9300000,0x0000008fe9400000)]
  0x00000231a23ce000 JavaThread "Unconstrained build operations Thread 51" [_thread_blocked, id=116744, stack(0x0000008fe9400000,0x0000008fe9500000)]
  0x00000231a23cd000 JavaThread "Unconstrained build operations Thread 52" [_thread_blocked, id=124148, stack(0x0000008fe9500000,0x0000008fe9600000)]
  0x00000231a23c8000 JavaThread "Unconstrained build operations Thread 53" [_thread_blocked, id=127864, stack(0x0000008fe9600000,0x0000008fe9700000)]
  0x00000231a23ca000 JavaThread "Unconstrained build operations Thread 54" [_thread_blocked, id=121424, stack(0x0000008fe9700000,0x0000008fe9800000)]
  0x00000231a23cf800 JavaThread "Unconstrained build operations Thread 55" [_thread_blocked, id=115848, stack(0x0000008fe9800000,0x0000008fe9900000)]
  0x00000231a23cf000 JavaThread "Unconstrained build operations Thread 56" [_thread_blocked, id=129616, stack(0x0000008fe9900000,0x0000008fe9a00000)]
  0x00000231a23d0800 JavaThread "Unconstrained build operations Thread 57" [_thread_blocked, id=99392, stack(0x0000008fe9a00000,0x0000008fe9b00000)]
  0x00000231a23ca800 JavaThread "Unconstrained build operations Thread 58" [_thread_blocked, id=71916, stack(0x0000008fe9b00000,0x0000008fe9c00000)]
  0x00000231a23d2000 JavaThread "Unconstrained build operations Thread 59" [_thread_blocked, id=103032, stack(0x0000008fe9c00000,0x0000008fe9d00000)]
  0x00000231a23d4800 JavaThread "Unconstrained build operations Thread 60" [_thread_blocked, id=129724, stack(0x0000008fe9d00000,0x0000008fe9e00000)]
  0x00000231a23d7000 JavaThread "Unconstrained build operations Thread 61" [_thread_blocked, id=114492, stack(0x0000008fe9e00000,0x0000008fe9f00000)]
  0x00000231a23d5800 JavaThread "Unconstrained build operations Thread 62" [_thread_blocked, id=103024, stack(0x0000008fe9f00000,0x0000008fea000000)]
  0x00000231a23d6000 JavaThread "Unconstrained build operations Thread 63" [_thread_blocked, id=105296, stack(0x0000008fea000000,0x0000008fea100000)]
  0x00000231a23d1000 JavaThread "Unconstrained build operations Thread 64" [_thread_blocked, id=121012, stack(0x0000008fea100000,0x0000008fea200000)]
  0x00000231a23d3000 JavaThread "Unconstrained build operations Thread 65" [_thread_blocked, id=126788, stack(0x0000008fea200000,0x0000008fea300000)]
  0x00000231a23d3800 JavaThread "Unconstrained build operations Thread 66" [_thread_blocked, id=122668, stack(0x0000008fea300000,0x0000008fea400000)]
  0x00000231a3fc3800 JavaThread "Unconstrained build operations Thread 67" [_thread_blocked, id=110980, stack(0x0000008fea400000,0x0000008fea500000)]
  0x00000231a3fbe800 JavaThread "Unconstrained build operations Thread 68" [_thread_blocked, id=128800, stack(0x0000008fea500000,0x0000008fea600000)]
  0x00000231a3fc1800 JavaThread "Unconstrained build operations Thread 69" [_thread_blocked, id=131012, stack(0x0000008fea600000,0x0000008fea700000)]
  0x00000231a3fbf000 JavaThread "Unconstrained build operations Thread 70" [_thread_blocked, id=122628, stack(0x0000008fea700000,0x0000008fea800000)]
  0x00000231a3fbd800 JavaThread "Unconstrained build operations Thread 71" [_thread_blocked, id=130436, stack(0x0000008fea800000,0x0000008fea900000)]
  0x00000231a3fc0000 JavaThread "Unconstrained build operations Thread 72" [_thread_blocked, id=122900, stack(0x0000008fea900000,0x0000008feaa00000)]
  0x00000231a3fc2800 JavaThread "Unconstrained build operations Thread 73" [_thread_blocked, id=125996, stack(0x0000008feaa00000,0x0000008feab00000)]
  0x00000231a3fc1000 JavaThread "Unconstrained build operations Thread 74" [_thread_blocked, id=130784, stack(0x0000008feab00000,0x0000008feac00000)]
  0x00000231a3fc7800 JavaThread "Unconstrained build operations Thread 75" [_thread_blocked, id=116452, stack(0x0000008feac00000,0x0000008fead00000)]
  0x00000231a3fc5000 JavaThread "Unconstrained build operations Thread 76" [_thread_blocked, id=130476, stack(0x0000008fead00000,0x0000008feae00000)]
  0x00000231a3fc4000 JavaThread "Unconstrained build operations Thread 77" [_thread_blocked, id=128288, stack(0x0000008feae00000,0x0000008feaf00000)]
  0x00000231a3fca800 JavaThread "Unconstrained build operations Thread 78" [_thread_blocked, id=112152, stack(0x0000008feaf00000,0x0000008feb000000)]
  0x00000231a3fc5800 JavaThread "Unconstrained build operations Thread 79" [_thread_blocked, id=60908, stack(0x0000008feb000000,0x0000008feb100000)]
  0x00000231a3fc8000 JavaThread "Unconstrained build operations Thread 80" [_thread_blocked, id=129740, stack(0x0000008feb100000,0x0000008feb200000)]
  0x00000231a3fc6800 JavaThread "Unconstrained build operations Thread 81" [_thread_blocked, id=115996, stack(0x0000008feb200000,0x0000008feb300000)]
  0x00000231a3fca000 JavaThread "Unconstrained build operations Thread 82" [_thread_blocked, id=112804, stack(0x0000008feb300000,0x0000008feb400000)]
  0x00000231a3fc9000 JavaThread "Unconstrained build operations Thread 83" [_thread_blocked, id=115236, stack(0x0000008feb400000,0x0000008feb500000)]
  0x00000231a3fcb800 JavaThread "Unconstrained build operations Thread 84" [_thread_blocked, id=107828, stack(0x0000008feb500000,0x0000008feb600000)]
  0x00000231a3fcc800 JavaThread "Unconstrained build operations Thread 85" [_thread_blocked, id=116076, stack(0x0000008feb600000,0x0000008feb700000)]
  0x00000231a2233000 JavaThread "Unconstrained build operations Thread 86" [_thread_blocked, id=89788, stack(0x0000008feb700000,0x0000008feb800000)]
  0x00000231a2237000 JavaThread "Unconstrained build operations Thread 87" [_thread_blocked, id=129432, stack(0x0000008feb800000,0x0000008feb900000)]
  0x00000231a2234800 JavaThread "Unconstrained build operations Thread 88" [_thread_blocked, id=115416, stack(0x0000008feb900000,0x0000008feba00000)]
  0x00000231a2233800 JavaThread "Unconstrained build operations Thread 89" [_thread_blocked, id=127156, stack(0x0000008feba00000,0x0000008febb00000)]
  0x00000231a2236000 JavaThread "Unconstrained build operations Thread 90" [_thread_blocked, id=121764, stack(0x0000008febb00000,0x0000008febc00000)]
  0x00000231a2235800 JavaThread "Unconstrained build operations Thread 91" [_thread_blocked, id=128424, stack(0x0000008febc00000,0x0000008febd00000)]
  0x00000231a2231000 JavaThread "Unconstrained build operations Thread 92" [_thread_blocked, id=120848, stack(0x0000008febd00000,0x0000008febe00000)]
  0x00000231a2232000 JavaThread "Unconstrained build operations Thread 93" [_thread_blocked, id=115320, stack(0x0000008febe00000,0x0000008febf00000)]
  0x00000231a2239800 JavaThread "Unconstrained build operations Thread 94" [_thread_blocked, id=113892, stack(0x0000008febf00000,0x0000008fec000000)]
  0x00000231a223d800 JavaThread "Unconstrained build operations Thread 95" [_thread_blocked, id=112256, stack(0x0000008fec000000,0x0000008fec100000)]
  0x00000231a2237800 JavaThread "Unconstrained build operations Thread 96" [_thread_blocked, id=130800, stack(0x0000008fec100000,0x0000008fec200000)]
  0x00000231a223e800 JavaThread "Unconstrained build operations Thread 97" [_thread_blocked, id=129756, stack(0x0000008fec200000,0x0000008fec300000)]
  0x00000231a223c000 JavaThread "Unconstrained build operations Thread 98" [_thread_blocked, id=126472, stack(0x0000008fec300000,0x0000008fec400000)]
  0x00000231a2238800 JavaThread "Unconstrained build operations Thread 99" [_thread_blocked, id=130788, stack(0x0000008fec400000,0x0000008fec500000)]
  0x00000231a223b000 JavaThread "Unconstrained build operations Thread 100" [_thread_blocked, id=128908, stack(0x0000008fec500000,0x0000008fec600000)]
  0x00000231a223c800 JavaThread "Unconstrained build operations Thread 101" [_thread_blocked, id=122968, stack(0x0000008fec600000,0x0000008fec700000)]
  0x00000231a223f000 JavaThread "Unconstrained build operations Thread 102" [_thread_blocked, id=107956, stack(0x0000008fec700000,0x0000008fec800000)]
  0x00000231a2240000 JavaThread "Unconstrained build operations Thread 103" [_thread_blocked, id=130804, stack(0x0000008fec800000,0x0000008fec900000)]
  0x00000231a223a000 JavaThread "Unconstrained build operations Thread 104" [_thread_blocked, id=130256, stack(0x0000008fec900000,0x0000008feca00000)]
  0x00000231a22ac800 JavaThread "Unconstrained build operations Thread 105" [_thread_blocked, id=124388, stack(0x0000008feca00000,0x0000008fecb00000)]
  0x00000231a22aa000 JavaThread "Unconstrained build operations Thread 106" [_thread_blocked, id=96688, stack(0x0000008fecb00000,0x0000008fecc00000)]
  0x00000231a22ae000 JavaThread "Unconstrained build operations Thread 107" [_thread_blocked, id=125200, stack(0x0000008fecc00000,0x0000008fecd00000)]
  0x00000231a22ad800 JavaThread "Unconstrained build operations Thread 108" [_thread_blocked, id=125776, stack(0x0000008fecd00000,0x0000008fece00000)]
  0x00000231a22af000 JavaThread "Unconstrained build operations Thread 109" [_thread_blocked, id=121404, stack(0x0000008fece00000,0x0000008fecf00000)]
  0x00000231a22ac000 JavaThread "Unconstrained build operations Thread 110" [_thread_blocked, id=114756, stack(0x0000008fecf00000,0x0000008fed000000)]
  0x00000231a22ab000 JavaThread "Unconstrained build operations Thread 111" [_thread_blocked, id=121820, stack(0x0000008fed000000,0x0000008fed100000)]
  0x00000231a22a9800 JavaThread "Unconstrained build operations Thread 112" [_thread_blocked, id=125000, stack(0x0000008fed100000,0x0000008fed200000)]
  0x00000231a22b1800 JavaThread "Unconstrained build operations Thread 113" [_thread_blocked, id=129308, stack(0x0000008fed200000,0x0000008fed300000)]
  0x00000231a22b2800 JavaThread "Unconstrained build operations Thread 114" [_thread_blocked, id=79852, stack(0x0000008fed300000,0x0000008fed400000)]
  0x00000231a22b5000 JavaThread "Unconstrained build operations Thread 115" [_thread_blocked, id=128844, stack(0x0000008fed400000,0x0000008fed500000)]
  0x00000231a22b3000 JavaThread "Unconstrained build operations Thread 116" [_thread_blocked, id=126684, stack(0x0000008fed500000,0x0000008fed600000)]
  0x00000231a22b0000 JavaThread "Unconstrained build operations Thread 117" [_thread_blocked, id=109096, stack(0x0000008fed600000,0x0000008fed700000)]
  0x00000231a22b4000 JavaThread "Unconstrained build operations Thread 118" [_thread_blocked, id=120772, stack(0x0000008fed700000,0x0000008fed800000)]
  0x00000231a22b0800 JavaThread "Unconstrained build operations Thread 119" [_thread_blocked, id=121632, stack(0x0000008fed800000,0x0000008fed900000)]
  0x00000231a22b6800 JavaThread "Unconstrained build operations Thread 120" [_thread_blocked, id=95748, stack(0x0000008fed900000,0x0000008feda00000)]
  0x00000231a22b5800 JavaThread "jar transforms Thread 4" [_thread_blocked, id=121108, stack(0x0000008feda00000,0x0000008fedb00000)]
  0x00000231a22b7000 JavaThread "jar transforms Thread 5" [_thread_blocked, id=105464, stack(0x0000008fedb00000,0x0000008fedc00000)]
  0x00000231a22b8000 JavaThread "jar transforms Thread 6" [_thread_blocked, id=112772, stack(0x0000008fedc00000,0x0000008fedd00000)]
  0x00000231a42b5800 JavaThread "jar transforms Thread 7" [_thread_blocked, id=120568, stack(0x0000008fedd00000,0x0000008fede00000)]
  0x00000231a42b3000 JavaThread "jar transforms Thread 8" [_thread_blocked, id=130060, stack(0x0000008fede00000,0x0000008fedf00000)]
  0x00000231a42b9800 JavaThread "jar transforms Thread 9" [_thread_blocked, id=126768, stack(0x0000008fedf00000,0x0000008fee000000)]
  0x00000231a42b4800 JavaThread "jar transforms Thread 10" [_thread_blocked, id=99064, stack(0x0000008fee000000,0x0000008fee100000)]
  0x00000231a42b3800 JavaThread "jar transforms Thread 11" [_thread_blocked, id=109788, stack(0x0000008fee100000,0x0000008fee200000)]
  0x00000231a42bb000 JavaThread "jar transforms Thread 12" [_thread_blocked, id=127296, stack(0x0000008fee200000,0x0000008fee300000)]
  0x00000231a42b8000 JavaThread "Memory manager" [_thread_blocked, id=116100, stack(0x0000008fee300000,0x0000008fee400000)]
  0x00000231a42b6000 JavaThread "build event listener" [_thread_blocked, id=115220, stack(0x0000008fee400000,0x0000008fee500000)]
  0x00000231a42bc800 JavaThread "pool-3-thread-1" [_thread_blocked, id=128796, stack(0x0000008fee500000,0x0000008fee600000)]
  0x00000231a42bc000 JavaThread "build event listener" [_thread_blocked, id=125960, stack(0x0000008fee600000,0x0000008fee700000)]
  0x00000231a42ba000 JavaThread "Execution worker for ':'" [_thread_blocked, id=105596, stack(0x0000008fee700000,0x0000008fee800000)]
  0x00000231a42b7000 JavaThread "Execution worker for ':' Thread 2" [_thread_blocked, id=90132, stack(0x0000008fee800000,0x0000008fee900000)]
  0x00000231a42bd800 JavaThread "Execution worker for ':' Thread 3" [_thread_blocked, id=123084, stack(0x0000008fee900000,0x0000008feea00000)]
  0x00000231a42be800 JavaThread "Execution worker for ':' Thread 4" [_thread_blocked, id=126284, stack(0x0000008feea00000,0x0000008feeb00000)]
  0x00000231a42c1800 JavaThread "Execution worker for ':' Thread 5" [_thread_blocked, id=130908, stack(0x0000008feeb00000,0x0000008feec00000)]
  0x00000231a42bf000 JavaThread "Execution worker for ':' Thread 6" [_thread_blocked, id=113236, stack(0x0000008feec00000,0x0000008feed00000)]
  0x00000231a42c0000 JavaThread "Execution worker for ':' Thread 7" [_thread_blocked, id=114268, stack(0x0000008feed00000,0x0000008feee00000)]
  0x00000231a42c1000 JavaThread "Execution worker for ':' Thread 8" [_thread_blocked, id=106736, stack(0x0000008feee00000,0x0000008feef00000)]
  0x00000231a8cd1000 JavaThread "Execution worker for ':' Thread 9" [_thread_blocked, id=105932, stack(0x0000008feef00000,0x0000008fef000000)]
  0x00000231a8cd3800 JavaThread "Execution worker for ':' Thread 10" [_thread_blocked, id=127404, stack(0x0000008fef000000,0x0000008fef100000)]
  0x00000231a8cd2000 JavaThread "Execution worker for ':' Thread 11" [_thread_blocked, id=123488, stack(0x0000008fef100000,0x0000008fef200000)]
  0x00000231a8cd2800 JavaThread "Cache worker for execution history cache (C:\Users\nraje\AndroidStudioProjects\NOTEIT\.gradle\7.2\executionHistory)" [_thread_blocked, id=111016, stack(0x0000008fef200000,0x0000008fef300000)]

Other Threads:
=>0x000002319d390800 VMThread "VM Thread" [stack: 0x0000008fe3200000,0x0000008fe3300000] [id=114840]
  0x000002319debb800 WatcherThread [stack: 0x0000008fe3c00000,0x0000008fe3d00000] [id=70736]
  0x00000231808fe000 GCTaskThread "GC Thread#0" [stack: 0x0000008fe2d00000,0x0000008fe2e00000] [id=130548]
  0x000002319e67a800 GCTaskThread "GC Thread#1" [stack: 0x0000008fe3d00000,0x0000008fe3e00000] [id=114744]
  0x000002319f63a800 GCTaskThread "GC Thread#2" [stack: 0x0000008fe3f00000,0x0000008fe4000000] [id=95420]
  0x000002319ff90800 GCTaskThread "GC Thread#3" [stack: 0x0000008fe4000000,0x0000008fe4100000] [id=82108]
  0x000002319fee6800 GCTaskThread "GC Thread#4" [stack: 0x0000008fe4d00000,0x0000008fe4e00000] [id=90020]
  0x000002319ff8e800 GCTaskThread "GC Thread#5" [stack: 0x0000008fe4e00000,0x0000008fe4f00000] [id=108424]
  0x000002319ff8f800 GCTaskThread "GC Thread#6" [stack: 0x0000008fe4f00000,0x0000008fe5000000] [id=119148]
  0x00000231a01ed800 GCTaskThread "GC Thread#7" [stack: 0x0000008fe5000000,0x0000008fe5100000] [id=130964]
  0x00000231a01ee800 GCTaskThread "GC Thread#8" [stack: 0x0000008fe5100000,0x0000008fe5200000] [id=113556]
  0x000002319ff73800 GCTaskThread "GC Thread#9" [stack: 0x0000008fe5200000,0x0000008fe5300000] [id=120036]
  0x0000023182b0a800 ConcurrentGCThread "G1 Main Marker" [stack: 0x0000008fe2e00000,0x0000008fe2f00000] [id=120984]
  0x0000023182b0c000 ConcurrentGCThread "G1 Conc#0" [stack: 0x0000008fe2f00000,0x0000008fe3000000] [id=114856]
  0x000002319ff1a800 ConcurrentGCThread "G1 Conc#1" [stack: 0x0000008fe5300000,0x0000008fe5400000] [id=123088]
  0x000002319ff1c000 ConcurrentGCThread "G1 Conc#2" [stack: 0x0000008fe5400000,0x0000008fe5500000] [id=104344]
  0x0000023182b9d000 ConcurrentGCThread "G1 Refine#0" [stack: 0x0000008fe3000000,0x0000008fe3100000] [id=124104]
  0x0000023182b9e000 ConcurrentGCThread "G1 Young RemSet Sampling" [stack: 0x0000008fe3100000,0x0000008fe3200000] [id=126212]

Threads with active compile tasks:
C2 CompilerThread0  19100 10968       4       org.apache.xerces.impl.XMLNSDocumentScannerImpl::scanStartElement (873 bytes)

VM state:at safepoint (normal execution)

VM Mutex/Monitor currently owned by a thread:  ([mutex/lock_event])
[0x0000023182abfd20] Threads_lock - owner thread: 0x000002319d390800
[0x0000023182abea90] Heap_lock - owner thread: 0x00000231a8cd2000

Heap address: 0x0000000080000000, size: 2048 MB, Compressed Oops mode: 32-bit
Narrow klass base: 0x0000000000000000, Narrow klass shift: 3
Compressed class space size: 1073741824 Address: 0x0000000100000000

Heap:
 garbage-first heap   total 201728K, used 128370K [0x0000000080000000, 0x0000000100000000)
  region size 1024K, 2 young (2048K), 2 survivors (2048K)
 Metaspace       used 86194K, capacity 88471K, committed 89936K, reserved 1126400K
  class space    used 10893K, capacity 11761K, committed 12288K, reserved 1048576K
Heap Regions: E=young(eden), S=young(survivor), O=old, HS=humongous(starts), HC=humongous(continues), CS=collection set, F=free, A=archive, TAMS=top-at-mark-start (previous, next)
|   0|0x0000000080000000, 0x0000000080100000, 0x0000000080100000|100%| O|  |TAMS 0x0000000080100000, 0x0000000080100000| Untracked 
|   1|0x0000000080100000, 0x0000000080200000, 0x0000000080200000|100%| O|  |TAMS 0x0000000080200000, 0x0000000080200000| Untracked 
|   2|0x0000000080200000, 0x0000000080300000, 0x0000000080300000|100%| O|  |TAMS 0x0000000080300000, 0x0000000080300000| Untracked 
|   3|0x0000000080300000, 0x0000000080400000, 0x0000000080400000|100%|HS|  |TAMS 0x0000000080400000, 0x0000000080400000| Complete 
|   4|0x0000000080400000, 0x0000000080500000, 0x0000000080500000|100%|HC|  |TAMS 0x0000000080500000, 0x0000000080500000| Complete 
|   5|0x0000000080500000, 0x0000000080600000, 0x0000000080600000|100%|HC|  |TAMS 0x0000000080600000, 0x0000000080600000| Complete 
|   6|0x0000000080600000, 0x0000000080700000, 0x0000000080700000|100%| O|  |TAMS 0x0000000080700000, 0x0000000080700000| Untracked 
|   7|0x0000000080700000, 0x0000000080800000, 0x0000000080800000|100%| O|  |TAMS 0x0000000080800000, 0x0000000080800000| Untracked 
|   8|0x0000000080800000, 0x0000000080900000, 0x0000000080900000|100%| O|  |TAMS 0x0000000080900000, 0x0000000080900000| Untracked 
|   9|0x0000000080900000, 0x0000000080a00000, 0x0000000080a00000|100%| O|  |TAMS 0x0000000080a00000, 0x0000000080a00000| Untracked 
|  10|0x0000000080a00000, 0x0000000080b00000, 0x0000000080b00000|100%| O|  |TAMS 0x0000000080b00000, 0x0000000080b00000| Untracked 
|  11|0x0000000080b00000, 0x0000000080c00000, 0x0000000080c00000|100%| O|  |TAMS 0x0000000080c00000, 0x0000000080c00000| Untracked 
|  12|0x0000000080c00000, 0x0000000080d00000, 0x0000000080d00000|100%| O|  |TAMS 0x0000000080d00000, 0x0000000080d00000| Untracked 
|  13|0x0000000080d00000, 0x0000000080e00000, 0x0000000080e00000|100%| O|  |TAMS 0x0000000080e00000, 0x0000000080e00000| Untracked 
|  14|0x0000000080e00000, 0x0000000080f00000, 0x0000000080f00000|100%| O|  |TAMS 0x0000000080f00000, 0x0000000080f00000| Untracked 
|  15|0x0000000080f00000, 0x0000000081000000, 0x0000000081000000|100%| O|  |TAMS 0x0000000081000000, 0x0000000081000000| Untracked 
|  16|0x0000000081000000, 0x0000000081100000, 0x0000000081100000|100%| O|  |TAMS 0x0000000081100000, 0x0000000081100000| Untracked 
|  17|0x0000000081100000, 0x0000000081200000, 0x0000000081200000|100%| O|  |TAMS 0x0000000081200000, 0x0000000081200000| Untracked 
|  18|0x0000000081200000, 0x0000000081300000, 0x0000000081300000|100%| O|  |TAMS 0x0000000081300000, 0x0000000081300000| Untracked 
|  19|0x0000000081300000, 0x0000000081400000, 0x0000000081400000|100%| O|  |TAMS 0x0000000081400000, 0x0000000081400000| Untracked 
|  20|0x0000000081400000, 0x0000000081500000, 0x0000000081500000|100%| O|  |TAMS 0x0000000081500000, 0x0000000081500000| Untracked 
|  21|0x0000000081500000, 0x0000000081600000, 0x0000000081600000|100%| O|  |TAMS 0x0000000081600000, 0x0000000081600000| Untracked 
|  22|0x0000000081600000, 0x0000000081700000, 0x0000000081700000|100%| O|  |TAMS 0x0000000081700000, 0x0000000081700000| Untracked 
|  23|0x0000000081700000, 0x0000000081800000, 0x0000000081800000|100%| O|  |TAMS 0x0000000081800000, 0x0000000081800000| Untracked 
|  24|0x0000000081800000, 0x0000000081900000, 0x0000000081900000|100%| O|  |TAMS 0x0000000081900000, 0x0000000081900000| Untracked 
|  25|0x0000000081900000, 0x0000000081a00000, 0x0000000081a00000|100%| O|  |TAMS 0x0000000081a00000, 0x0000000081a00000| Untracked 
|  26|0x0000000081a00000, 0x0000000081b00000, 0x0000000081b00000|100%| O|  |TAMS 0x0000000081b00000, 0x0000000081b00000| Untracked 
|  27|0x0000000081b00000, 0x0000000081c00000, 0x0000000081c00000|100%| O|  |TAMS 0x0000000081c00000, 0x0000000081c00000| Untracked 
|  28|0x0000000081c00000, 0x0000000081d00000, 0x0000000081d00000|100%|HS|  |TAMS 0x0000000081d00000, 0x0000000081d00000| Complete 
|  29|0x0000000081d00000, 0x0000000081e00000, 0x0000000081e00000|100%|HS|  |TAMS 0x0000000081e00000, 0x0000000081e00000| Complete 
|  30|0x0000000081e00000, 0x0000000081f00000, 0x0000000081f00000|100%|HS|  |TAMS 0x0000000081f00000, 0x0000000081f00000| Complete 
|  31|0x0000000081f00000, 0x0000000082000000, 0x0000000082000000|100%|HS|  |TAMS 0x0000000082000000, 0x0000000082000000| Complete 
|  32|0x0000000082000000, 0x0000000082100000, 0x0000000082100000|100%|HC|  |TAMS 0x0000000082100000, 0x0000000082100000| Complete 
|  33|0x0000000082100000, 0x0000000082200000, 0x0000000082200000|100%| O|  |TAMS 0x0000000082200000, 0x0000000082200000| Untracked 
|  34|0x0000000082200000, 0x0000000082300000, 0x0000000082300000|100%| O|  |TAMS 0x0000000082300000, 0x0000000082300000| Untracked 
|  35|0x0000000082300000, 0x0000000082400000, 0x0000000082400000|100%| O|  |TAMS 0x0000000082400000, 0x0000000082400000| Untracked 
|  36|0x0000000082400000, 0x0000000082500000, 0x0000000082500000|100%| O|  |TAMS 0x0000000082500000, 0x0000000082500000| Untracked 
|  37|0x0000000082500000, 0x0000000082600000, 0x0000000082600000|100%| O|  |TAMS 0x0000000082600000, 0x0000000082600000| Untracked 
|  38|0x0000000082600000, 0x0000000082700000, 0x0000000082700000|100%| O|  |TAMS 0x0000000082700000, 0x0000000082700000| Untracked 
|  39|0x0000000082700000, 0x0000000082800000, 0x0000000082800000|100%| O|  |TAMS 0x0000000082800000, 0x0000000082800000| Untracked 
|  40|0x0000000082800000, 0x0000000082900000, 0x0000000082900000|100%| O|  |TAMS 0x0000000082900000, 0x0000000082900000| Untracked 
|  41|0x0000000082900000, 0x0000000082a00000, 0x0000000082a00000|100%| O|  |TAMS 0x0000000082a00000, 0x0000000082a00000| Untracked 
|  42|0x0000000082a00000, 0x0000000082b00000, 0x0000000082b00000|100%| O|  |TAMS 0x0000000082b00000, 0x0000000082b00000| Untracked 
|  43|0x0000000082b00000, 0x0000000082c00000, 0x0000000082c00000|100%| O|  |TAMS 0x0000000082c00000, 0x0000000082c00000| Untracked 
|  44|0x0000000082c00000, 0x0000000082d00000, 0x0000000082d00000|100%| O|  |TAMS 0x0000000082d00000, 0x0000000082d00000| Untracked 
|  45|0x0000000082d00000, 0x0000000082e00000, 0x0000000082e00000|100%| O|  |TAMS 0x0000000082e00000, 0x0000000082e00000| Untracked 
|  46|0x0000000082e00000, 0x0000000082f00000, 0x0000000082f00000|100%| O|  |TAMS 0x0000000082f00000, 0x0000000082f00000| Untracked 
|  47|0x0000000082f00000, 0x0000000083000000, 0x0000000083000000|100%| O|  |TAMS 0x0000000083000000, 0x0000000083000000| Untracked 
|  48|0x0000000083000000, 0x0000000083100000, 0x0000000083100000|100%| O|  |TAMS 0x0000000083100000, 0x0000000083100000| Untracked 
|  49|0x0000000083100000, 0x0000000083200000, 0x0000000083200000|100%| O|  |TAMS 0x0000000083200000, 0x0000000083200000| Untracked 
|  50|0x0000000083200000, 0x0000000083300000, 0x0000000083300000|100%| O|  |TAMS 0x0000000083300000, 0x0000000083300000| Untracked 
|  51|0x0000000083300000, 0x0000000083400000, 0x0000000083400000|100%| O|  |TAMS 0x0000000083400000, 0x0000000083400000| Untracked 
|  52|0x0000000083400000, 0x0000000083500000, 0x0000000083500000|100%| O|  |TAMS 0x0000000083500000, 0x0000000083500000| Untracked 
|  53|0x0000000083500000, 0x0000000083600000, 0x0000000083600000|100%| O|  |TAMS 0x0000000083600000, 0x0000000083600000| Untracked 
|  54|0x0000000083600000, 0x0000000083700000, 0x0000000083700000|100%| O|  |TAMS 0x0000000083700000, 0x0000000083700000| Untracked 
|  55|0x0000000083700000, 0x0000000083800000, 0x0000000083800000|100%| O|  |TAMS 0x0000000083800000, 0x0000000083800000| Untracked 
|  56|0x0000000083800000, 0x0000000083900000, 0x0000000083900000|100%| O|  |TAMS 0x0000000083900000, 0x0000000083900000| Untracked 
|  57|0x0000000083900000, 0x0000000083a00000, 0x0000000083a00000|100%| O|  |TAMS 0x0000000083a00000, 0x0000000083a00000| Untracked 
|  58|0x0000000083a00000, 0x0000000083b00000, 0x0000000083b00000|100%| O|  |TAMS 0x0000000083b00000, 0x0000000083b00000| Untracked 
|  59|0x0000000083b00000, 0x0000000083c00000, 0x0000000083c00000|100%| O|  |TAMS 0x0000000083c00000, 0x0000000083c00000| Untracked 
|  60|0x0000000083c00000, 0x0000000083d00000, 0x0000000083d00000|100%| O|  |TAMS 0x0000000083d00000, 0x0000000083d00000| Untracked 
|  61|0x0000000083d00000, 0x0000000083e00000, 0x0000000083e00000|100%| O|  |TAMS 0x0000000083e00000, 0x0000000083e00000| Untracked 
|  62|0x0000000083e00000, 0x0000000083f00000, 0x0000000083f00000|100%| O|  |TAMS 0x0000000083f00000, 0x0000000083f00000| Untracked 
|  63|0x0000000083f00000, 0x0000000084000000, 0x0000000084000000|100%| O|  |TAMS 0x0000000084000000, 0x0000000084000000| Untracked 
|  64|0x0000000084000000, 0x0000000084100000, 0x0000000084100000|100%| O|  |TAMS 0x0000000084100000, 0x0000000084100000| Untracked 
|  65|0x0000000084100000, 0x0000000084200000, 0x0000000084200000|100%| O|  |TAMS 0x0000000084200000, 0x0000000084200000| Untracked 
|  66|0x0000000084200000, 0x0000000084300000, 0x0000000084300000|100%| O|  |TAMS 0x0000000084300000, 0x0000000084300000| Untracked 
|  67|0x0000000084300000, 0x0000000084400000, 0x0000000084400000|100%| O|  |TAMS 0x0000000084400000, 0x0000000084400000| Untracked 
|  68|0x0000000084400000, 0x0000000084500000, 0x0000000084500000|100%| O|  |TAMS 0x0000000084500000, 0x0000000084500000| Untracked 
|  69|0x0000000084500000, 0x0000000084600000, 0x0000000084600000|100%| O|  |TAMS 0x0000000084600000, 0x0000000084600000| Untracked 
|  70|0x0000000084600000, 0x0000000084700000, 0x0000000084700000|100%| O|  |TAMS 0x0000000084700000, 0x0000000084700000| Untracked 
|  71|0x0000000084700000, 0x0000000084800000, 0x0000000084800000|100%| O|  |TAMS 0x0000000084800000, 0x0000000084800000| Untracked 
|  72|0x0000000084800000, 0x0000000084900000, 0x0000000084900000|100%| O|  |TAMS 0x0000000084900000, 0x0000000084900000| Untracked 
|  73|0x0000000084900000, 0x0000000084a00000, 0x0000000084a00000|100%| O|  |TAMS 0x0000000084a00000, 0x0000000084a00000| Untracked 
|  74|0x0000000084a00000, 0x0000000084b00000, 0x0000000084b00000|100%| O|  |TAMS 0x0000000084b00000, 0x0000000084b00000| Untracked 
|  75|0x0000000084b00000, 0x0000000084c00000, 0x0000000084c00000|100%| O|  |TAMS 0x0000000084c00000, 0x0000000084c00000| Untracked 
|  76|0x0000000084c00000, 0x0000000084d00000, 0x0000000084d00000|100%| O|  |TAMS 0x0000000084d00000, 0x0000000084d00000| Untracked 
|  77|0x0000000084d00000, 0x0000000084e00000, 0x0000000084e00000|100%| O|  |TAMS 0x0000000084e00000, 0x0000000084e00000| Untracked 
|  78|0x0000000084e00000, 0x0000000084f00000, 0x0000000084f00000|100%| O|  |TAMS 0x0000000084f00000, 0x0000000084f00000| Untracked 
|  79|0x0000000084f00000, 0x0000000085000000, 0x0000000085000000|100%| O|  |TAMS 0x0000000085000000, 0x0000000085000000| Untracked 
|  80|0x0000000085000000, 0x0000000085100000, 0x0000000085100000|100%| O|  |TAMS 0x0000000085100000, 0x0000000085100000| Untracked 
|  81|0x0000000085100000, 0x0000000085200000, 0x0000000085200000|100%| O|  |TAMS 0x0000000085200000, 0x0000000085200000| Untracked 
|  82|0x0000000085200000, 0x0000000085300000, 0x0000000085300000|100%| O|  |TAMS 0x0000000085300000, 0x0000000085300000| Untracked 
|  83|0x0000000085300000, 0x0000000085400000, 0x0000000085400000|100%| O|  |TAMS 0x0000000085400000, 0x0000000085400000| Untracked 
|  84|0x0000000085400000, 0x0000000085500000, 0x0000000085500000|100%| O|  |TAMS 0x0000000085500000, 0x0000000085500000| Untracked 
|  85|0x0000000085500000, 0x0000000085600000, 0x0000000085600000|100%| O|  |TAMS 0x0000000085600000, 0x0000000085600000| Untracked 
|  86|0x0000000085600000, 0x0000000085700000, 0x0000000085700000|100%| O|  |TAMS 0x0000000085700000, 0x0000000085700000| Untracked 
|  87|0x0000000085700000, 0x0000000085800000, 0x0000000085800000|100%| O|  |TAMS 0x0000000085800000, 0x0000000085800000| Untracked 
|  88|0x0000000085800000, 0x0000000085900000, 0x0000000085900000|100%| O|  |TAMS 0x0000000085900000, 0x0000000085900000| Untracked 
|  89|0x0000000085900000, 0x0000000085a00000, 0x0000000085a00000|100%| O|  |TAMS 0x0000000085a00000, 0x0000000085a00000| Untracked 
|  90|0x0000000085a00000, 0x0000000085b00000, 0x0000000085b00000|100%| O|  |TAMS 0x0000000085b00000, 0x0000000085b00000| Untracked 
|  91|0x0000000085b00000, 0x0000000085c00000, 0x0000000085c00000|100%| O|  |TAMS 0x0000000085c00000, 0x0000000085c00000| Untracked 
|  92|0x0000000085c00000, 0x0000000085d00000, 0x0000000085d00000|100%| O|  |TAMS 0x0000000085d00000, 0x0000000085d00000| Untracked 
|  93|0x0000000085d00000, 0x0000000085e00000, 0x0000000085e00000|100%| O|  |TAMS 0x0000000085e00000, 0x0000000085e00000| Untracked 
|  94|0x0000000085e00000, 0x0000000085f00000, 0x0000000085f00000|100%| O|  |TAMS 0x0000000085f00000, 0x0000000085f00000| Untracked 
|  95|0x0000000085f00000, 0x0000000086000000, 0x0000000086000000|100%| O|  |TAMS 0x0000000086000000, 0x0000000086000000| Untracked 
|  96|0x0000000086000000, 0x0000000086100000, 0x0000000086100000|100%| O|  |TAMS 0x0000000086100000, 0x0000000086100000| Untracked 
|  97|0x0000000086100000, 0x0000000086200000, 0x0000000086200000|100%| O|  |TAMS 0x0000000086200000, 0x0000000086200000| Untracked 
|  98|0x0000000086200000, 0x0000000086300000, 0x0000000086300000|100%| O|  |TAMS 0x0000000086200000, 0x0000000086300000| Untracked 
|  99|0x0000000086300000, 0x0000000086400000, 0x0000000086400000|100%| O|  |TAMS 0x0000000086400000, 0x0000000086400000| Untracked 
| 100|0x0000000086400000, 0x0000000086500000, 0x0000000086500000|100%| O|  |TAMS 0x0000000086500000, 0x0000000086500000| Untracked 
| 101|0x0000000086500000, 0x0000000086600000, 0x0000000086600000|100%| O|  |TAMS 0x0000000086600000, 0x0000000086600000| Untracked 
| 102|0x0000000086600000, 0x0000000086700000, 0x0000000086700000|100%| O|  |TAMS 0x0000000086700000, 0x0000000086700000| Untracked 
| 103|0x0000000086700000, 0x0000000086800000, 0x0000000086800000|100%| O|  |TAMS 0x0000000086800000, 0x0000000086800000| Untracked 
| 104|0x0000000086800000, 0x0000000086900000, 0x0000000086900000|100%| O|  |TAMS 0x0000000086900000, 0x0000000086900000| Untracked 
| 105|0x0000000086900000, 0x0000000086a00000, 0x0000000086a00000|100%| O|  |TAMS 0x0000000086a00000, 0x0000000086a00000| Untracked 
| 106|0x0000000086a00000, 0x0000000086b00000, 0x0000000086b00000|100%| O|  |TAMS 0x0000000086b00000, 0x0000000086b00000| Untracked 
| 107|0x0000000086b00000, 0x0000000086c00000, 0x0000000086c00000|100%| O|  |TAMS 0x0000000086c00000, 0x0000000086c00000| Untracked 
| 108|0x0000000086c00000, 0x0000000086d00000, 0x0000000086d00000|100%| O|  |TAMS 0x0000000086d00000, 0x0000000086d00000| Untracked 
| 109|0x0000000086d00000, 0x0000000086e00000, 0x0000000086e00000|100%| O|  |TAMS 0x0000000086e00000, 0x0000000086e00000| Untracked 
| 110|0x0000000086e00000, 0x0000000086f00000, 0x0000000086f00000|100%| O|  |TAMS 0x0000000086f00000, 0x0000000086f00000| Untracked 
| 111|0x0000000086f00000, 0x0000000087000000, 0x0000000087000000|100%| O|  |TAMS 0x0000000087000000, 0x0000000087000000| Untracked 
| 112|0x0000000087000000, 0x0000000087100000, 0x0000000087100000|100%| O|  |TAMS 0x0000000087100000, 0x0000000087100000| Untracked 
| 113|0x0000000087100000, 0x0000000087200000, 0x0000000087200000|100%| O|  |TAMS 0x0000000087200000, 0x0000000087200000| Untracked 
| 114|0x0000000087200000, 0x0000000087300000, 0x0000000087300000|100%| O|  |TAMS 0x0000000087200000, 0x0000000087300000| Untracked 
| 115|0x0000000087300000, 0x0000000087400000, 0x0000000087400000|100%| O|  |TAMS 0x0000000087300000, 0x0000000087400000| Untracked 
| 116|0x0000000087400000, 0x0000000087500000, 0x0000000087500000|100%| O|  |TAMS 0x0000000087400000, 0x0000000087500000| Untracked 
| 117|0x0000000087500000, 0x0000000087600000, 0x0000000087600000|100%| O|  |TAMS 0x0000000087500000, 0x0000000087600000| Untracked 
| 118|0x0000000087600000, 0x0000000087700000, 0x0000000087700000|100%| O|  |TAMS 0x0000000087600000, 0x0000000087700000| Untracked 
| 119|0x0000000087700000, 0x0000000087800000, 0x0000000087800000|100%| O|  |TAMS 0x0000000087700000, 0x0000000087800000| Untracked 
| 120|0x0000000087800000, 0x0000000087900000, 0x0000000087900000|100%| O|  |TAMS 0x0000000087800000, 0x0000000087900000| Untracked 
| 121|0x0000000087900000, 0x0000000087a00000, 0x0000000087a00000|100%| O|  |TAMS 0x0000000087900000, 0x0000000087a00000| Untracked 
| 122|0x0000000087a00000, 0x0000000087b00000, 0x0000000087b00000|100%| O|  |TAMS 0x0000000087a00000, 0x0000000087b00000| Untracked 
| 123|0x0000000087b00000, 0x0000000087b5ca00, 0x0000000087c00000| 36%| O|  |TAMS 0x0000000087b00000, 0x0000000087b5ca00| Untracked 
| 124|0x0000000087c00000, 0x0000000087c00000, 0x0000000087d00000|  0%| F|  |TAMS 0x0000000087c00000, 0x0000000087c00000| Untracked 
| 125|0x0000000087d00000, 0x0000000087d00000, 0x0000000087e00000|  0%| F|  |TAMS 0x0000000087d00000, 0x0000000087d00000| Untracked 
| 126|0x0000000087e00000, 0x0000000087e00000, 0x0000000087f00000|  0%| F|  |TAMS 0x0000000087e00000, 0x0000000087e00000| Untracked 
| 127|0x0000000087f00000, 0x0000000087f00000, 0x0000000088000000|  0%| F|  |TAMS 0x0000000087f00000, 0x0000000087f00000| Untracked 
| 128|0x0000000088000000, 0x0000000088000000, 0x0000000088100000|  0%| F|  |TAMS 0x0000000088000000, 0x0000000088000000| Untracked 
| 129|0x0000000088100000, 0x0000000088100000, 0x0000000088200000|  0%| F|  |TAMS 0x0000000088100000, 0x0000000088100000| Untracked 
| 130|0x0000000088200000, 0x0000000088200000, 0x0000000088300000|  0%| F|  |TAMS 0x0000000088200000, 0x0000000088200000| Untracked 
| 131|0x0000000088300000, 0x0000000088300000, 0x0000000088400000|  0%| F|  |TAMS 0x0000000088300000, 0x0000000088300000| Untracked 
| 132|0x0000000088400000, 0x0000000088400000, 0x0000000088500000|  0%| F|  |TAMS 0x0000000088400000, 0x0000000088400000| Untracked 
| 133|0x0000000088500000, 0x0000000088500000, 0x0000000088600000|  0%| F|  |TAMS 0x0000000088500000, 0x0000000088500000| Untracked 
| 134|0x0000000088600000, 0x0000000088600000, 0x0000000088700000|  0%| F|  |TAMS 0x0000000088600000, 0x0000000088600000| Untracked 
| 135|0x0000000088700000, 0x0000000088700000, 0x0000000088800000|  0%| F|  |TAMS 0x0000000088700000, 0x0000000088700000| Untracked 
| 136|0x0000000088800000, 0x0000000088800000, 0x0000000088900000|  0%| F|  |TAMS 0x0000000088800000, 0x0000000088800000| Untracked 
| 137|0x0000000088900000, 0x0000000088900000, 0x0000000088a00000|  0%| F|  |TAMS 0x0000000088900000, 0x0000000088900000| Untracked 
| 138|0x0000000088a00000, 0x0000000088a00000, 0x0000000088b00000|  0%| F|  |TAMS 0x0000000088a00000, 0x0000000088a00000| Untracked 
| 139|0x0000000088b00000, 0x0000000088b00000, 0x0000000088c00000|  0%| F|  |TAMS 0x0000000088b00000, 0x0000000088b00000| Untracked 
| 140|0x0000000088c00000, 0x0000000088c00000, 0x0000000088d00000|  0%| F|  |TAMS 0x0000000088c00000, 0x0000000088c00000| Untracked 
| 141|0x0000000088d00000, 0x0000000088d00000, 0x0000000088e00000|  0%| F|  |TAMS 0x0000000088d00000, 0x0000000088d00000| Untracked 
| 142|0x0000000088e00000, 0x0000000088e00000, 0x0000000088f00000|  0%| F|  |TAMS 0x0000000088e00000, 0x0000000088e00000| Untracked 
| 143|0x0000000088f00000, 0x0000000088f00000, 0x0000000089000000|  0%| F|  |TAMS 0x0000000088f00000, 0x0000000088f00000| Untracked 
| 144|0x0000000089000000, 0x0000000089000000, 0x0000000089100000|  0%| F|  |TAMS 0x0000000089000000, 0x0000000089000000| Untracked 
| 145|0x0000000089100000, 0x0000000089100000, 0x0000000089200000|  0%| F|  |TAMS 0x0000000089100000, 0x0000000089100000| Untracked 
| 146|0x0000000089200000, 0x0000000089200000, 0x0000000089300000|  0%| F|  |TAMS 0x0000000089200000, 0x0000000089200000| Untracked 
| 147|0x0000000089300000, 0x0000000089300000, 0x0000000089400000|  0%| F|  |TAMS 0x0000000089300000, 0x0000000089300000| Untracked 
| 148|0x0000000089400000, 0x0000000089400000, 0x0000000089500000|  0%| F|  |TAMS 0x0000000089400000, 0x0000000089400000| Untracked 
| 149|0x0000000089500000, 0x0000000089500000, 0x0000000089600000|  0%| F|  |TAMS 0x0000000089500000, 0x0000000089500000| Untracked 
| 150|0x0000000089600000, 0x0000000089600000, 0x0000000089700000|  0%| F|  |TAMS 0x0000000089600000, 0x0000000089600000| Untracked 
| 151|0x0000000089700000, 0x0000000089800000, 0x0000000089800000|100%| S|CS|TAMS 0x0000000089700000, 0x0000000089700000| Complete 
| 152|0x0000000089800000, 0x0000000089900000, 0x0000000089900000|100%| S|CS|TAMS 0x0000000089800000, 0x0000000089800000| Complete 
| 153|0x0000000089900000, 0x0000000089900000, 0x0000000089a00000|  0%| F|  |TAMS 0x0000000089900000, 0x0000000089900000| Untracked 
| 154|0x0000000089a00000, 0x0000000089a00000, 0x0000000089b00000|  0%| F|  |TAMS 0x0000000089a00000, 0x0000000089a00000| Untracked 
| 155|0x0000000089b00000, 0x0000000089b00000, 0x0000000089c00000|  0%| F|  |TAMS 0x0000000089b00000, 0x0000000089b00000| Untracked 
| 156|0x0000000089c00000, 0x0000000089c00000, 0x0000000089d00000|  0%| F|  |TAMS 0x0000000089c00000, 0x0000000089c00000| Untracked 
| 157|0x0000000089d00000, 0x0000000089d00000, 0x0000000089e00000|  0%| F|  |TAMS 0x0000000089d00000, 0x0000000089d00000| Untracked 
| 158|0x0000000089e00000, 0x0000000089e00000, 0x0000000089f00000|  0%| F|  |TAMS 0x0000000089e00000, 0x0000000089e00000| Untracked 
| 159|0x0000000089f00000, 0x0000000089f00000, 0x000000008a000000|  0%| F|  |TAMS 0x0000000089f00000, 0x0000000089f00000| Untracked 
| 160|0x000000008a000000, 0x000000008a000000, 0x000000008a100000|  0%| F|  |TAMS 0x000000008a000000, 0x000000008a000000| Untracked 
| 161|0x000000008a100000, 0x000000008a100000, 0x000000008a200000|  0%| F|  |TAMS 0x000000008a100000, 0x000000008a100000| Untracked 
| 162|0x000000008a200000, 0x000000008a200000, 0x000000008a300000|  0%| F|  |TAMS 0x000000008a200000, 0x000000008a200000| Untracked 
| 163|0x000000008a300000, 0x000000008a300000, 0x000000008a400000|  0%| F|  |TAMS 0x000000008a300000, 0x000000008a300000| Untracked 

Card table byte_map: [0x0000023195f40000,0x0000023196340000] _byte_map_base: 0x0000023195b40000

Marking Bits (Prev, Next): (CMBitMap*) 0x0000023182b01e90, (CMBitMap*) 0x0000023182b01e58
 Prev Bits: [0x0000023198740000, 0x000002319a740000)
 Next Bits: [0x0000023196740000, 0x0000023198740000)

Polling page: 0x0000023180a50000

Metaspace:

Usage:
  Non-class:     74.91 MB capacity,    73.54 MB ( 98%) used,     1.14 MB (  2%) free+waste,   240.38 KB ( <1%) overhead. 
      Class:     11.49 MB capacity,    10.64 MB ( 93%) used,   759.39 KB (  6%) free+waste,   107.75 KB ( <1%) overhead. 
       Both:     86.40 MB capacity,    84.17 MB ( 97%) used,     1.88 MB (  2%) free+waste,   348.13 KB ( <1%) overhead. 

Virtual space:
  Non-class space:       76.00 MB reserved,      75.83 MB (>99%) committed 
      Class space:        1.00 GB reserved,      12.00 MB (  1%) committed 
             Both:        1.07 GB reserved,      87.83 MB (  8%) committed 

Chunk freelists:
   Non-Class:  810.00 KB
       Class:  431.00 KB
        Both:  1.21 MB

MaxMetaspaceSize: 17179869184.00 GB
CompressedClassSpaceSize: 1.00 GB
Initial GC threshold: 20.80 MB
Current GC threshold: 145.96 MB
CDS: off

CodeHeap 'non-profiled nmethods': size=120000Kb used=4946Kb max_used=4946Kb free=115053Kb
 bounds [0x000002318e0b0000, 0x000002318e590000, 0x00000231955e0000]
CodeHeap 'profiled nmethods': size=120000Kb used=21551Kb max_used=21551Kb free=98448Kb
 bounds [0x0000023186b80000, 0x0000023188090000, 0x000002318e0b0000]
CodeHeap 'non-nmethods': size=5760Kb used=2362Kb max_used=2413Kb free=3397Kb
 bounds [0x00000231865e0000, 0x0000023186850000, 0x0000023186b80000]
 total_blobs=11679 nmethods=10800 adapters=791
 compilation: enabled
              stopped_count=0, restarted_count=0
 full_count=0

Compilation events (20 events):
Event: 19.004 Thread 0x000002319d3b6800 11010       2       com.android.ide.common.resources.DataFile::init (6 bytes)
Event: 19.004 Thread 0x000002319d3b6800 nmethod 11010 0x000002318807d910 code [0x000002318807dac0, 0x000002318807dbc8]
Event: 19.004 Thread 0x000002319d3b6800 11008       2       org.apache.xerces.impl.XMLDocumentScannerImpl$ContentDispatcher::elementDepthIsZeroHook (25 bytes)
Event: 19.004 Thread 0x000002319d3b6800 nmethod 11008 0x000002318807dc90 code [0x000002318807de40, 0x000002318807df98]
Event: 19.005 Thread 0x000002319d3b6800 11011       2       com.android.utils.XmlUtils::createSaxParser (55 bytes)
Event: 19.006 Thread 0x000002319d3b6800 nmethod 11011 0x000002318807e090 code [0x000002318807e2a0, 0x000002318807e4b8]
Event: 19.006 Thread 0x000002319d3b6800 11012       2       org.apache.xerces.impl.XMLVersionDetector::fixupCurrentEntity (203 bytes)
Event: 19.006 Thread 0x000002319d3b6800 nmethod 11012 0x000002318807e610 code [0x000002318807e800, 0x000002318807ed48]
Event: 19.006 Thread 0x000002319d3b6800 11014       2       org.apache.xerces.impl.XMLScanner::scanXMLDeclOrTextDecl (611 bytes)
Event: 19.009 Thread 0x000002319d3b6800 nmethod 11014 0x000002318807ef90 code [0x000002318807f480, 0x0000023188081158]
Event: 19.009 Thread 0x000002319d3b6800 11015  s    2       java.util.Vector::elementAt (48 bytes)
Event: 19.010 Thread 0x000002319d3b6800 nmethod 11015 0x0000023188082510 code [0x0000023188082740, 0x0000023188082d48]
Event: 19.010 Thread 0x000002319d3b6800 11016       2       com.android.ide.common.resources.ResourceFile::<init> (11 bytes)
Event: 19.010 Thread 0x000002319d3b6800 nmethod 11016 0x0000023188083010 code [0x00000231880831e0, 0x0000023188083398]
Event: 19.010 Thread 0x000002319d3b6800 11013       2       org.xml.sax.helpers.DefaultHandler::startDocument (1 bytes)
Event: 19.010 Thread 0x000002319d3b6800 nmethod 11013 0x0000023188083490 code [0x0000023188083640, 0x0000023188083738]
Event: 19.013 Thread 0x000002319d3b6800 11017   !   2       org.apache.xerces.parsers.XML11Configuration::<init> (1065 bytes)
Event: 19.019 Thread 0x000002319d3b6800 nmethod 11017 0x0000023188083810 code [0x0000023188084160, 0x0000023188089698]
Event: 19.037 Thread 0x000002319d3b6800 11020   !   2       com.android.ide.common.resources.ValueResourceParser2::parseDocument (42 bytes)
Event: 19.038 Thread 0x000002319d3b6800 nmethod 11020 0x000002318808b410 code [0x000002318808b660, 0x000002318808ba68]

GC Heap History (20 events):
Event: 15.170 GC heap after
{Heap after GC invocations=33 (full 0):
 garbage-first heap   total 115712K, used 71394K [0x0000000080000000, 0x0000000100000000)
  region size 1024K, 2 young (2048K), 2 survivors (2048K)
 Metaspace       used 84053K, capacity 86591K, committed 86736K, reserved 1124352K
  class space    used 10853K, capacity 11794K, committed 11904K, reserved 1048576K
}
Event: 15.375 GC heap before
{Heap before GC invocations=34 (full 0):
 garbage-first heap   total 115712K, used 94946K [0x0000000080000000, 0x0000000100000000)
  region size 1024K, 26 young (26624K), 2 survivors (2048K)
 Metaspace       used 84499K, capacity 87034K, committed 87248K, reserved 1124352K
  class space    used 10929K, capacity 11878K, committed 11904K, reserved 1048576K
}
Event: 15.380 GC heap after
{Heap after GC invocations=35 (full 0):
 garbage-first heap   total 139264K, used 72313K [0x0000000080000000, 0x0000000100000000)
  region size 1024K, 3 young (3072K), 3 survivors (3072K)
 Metaspace       used 84499K, capacity 87034K, committed 87248K, reserved 1124352K
  class space    used 10929K, capacity 11878K, committed 11904K, reserved 1048576K
}
Event: 15.876 GC heap before
{Heap before GC invocations=35 (full 0):
 garbage-first heap   total 139264K, used 104057K [0x0000000080000000, 0x0000000100000000)
  region size 1024K, 35 young (35840K), 3 survivors (3072K)
 Metaspace       used 84800K, capacity 87388K, committed 87632K, reserved 1124352K
  class space    used 10941K, capacity 11923K, committed 12032K, reserved 1048576K
}
Event: 15.881 GC heap after
{Heap after GC invocations=36 (full 0):
 garbage-first heap   total 139264K, used 73831K [0x0000000080000000, 0x0000000100000000)
  region size 1024K, 3 young (3072K), 3 survivors (3072K)
 Metaspace       used 84800K, capacity 87388K, committed 87632K, reserved 1124352K
  class space    used 10941K, capacity 11923K, committed 12032K, reserved 1048576K
}
Event: 16.838 GC heap before
{Heap before GC invocations=37 (full 0):
 garbage-first heap   total 139264K, used 105575K [0x0000000080000000, 0x0000000100000000)
  region size 1024K, 35 young (35840K), 3 survivors (3072K)
 Metaspace       used 85167K, capacity 87846K, committed 88144K, reserved 1126400K
  class space    used 10952K, capacity 11957K, committed 12032K, reserved 1048576K
}
Event: 16.844 GC heap after
{Heap after GC invocations=38 (full 0):
 garbage-first heap   total 139264K, used 75992K [0x0000000080000000, 0x0000000100000000)
  region size 1024K, 4 young (4096K), 4 survivors (4096K)
 Metaspace       used 85167K, capacity 87846K, committed 88144K, reserved 1126400K
  class space    used 10952K, capacity 11957K, committed 12032K, reserved 1048576K
}
Event: 17.097 GC heap before
{Heap before GC invocations=38 (full 0):
 garbage-first heap   total 139264K, used 88280K [0x0000000080000000, 0x0000000100000000)
  region size 1024K, 18 young (18432K), 4 survivors (4096K)
 Metaspace       used 85626K, capacity 88302K, committed 88528K, reserved 1126400K
  class space    used 11026K, capacity 12042K, committed 12160K, reserved 1048576K
}
Event: 17.104 GC heap after
{Heap after GC invocations=39 (full 0):
 garbage-first heap   total 139264K, used 76651K [0x0000000080000000, 0x0000000100000000)
  region size 1024K, 3 young (3072K), 3 survivors (3072K)
 Metaspace       used 85626K, capacity 88302K, committed 88528K, reserved 1126400K
  class space    used 11026K, capacity 12042K, committed 12160K, reserved 1048576K
}
Event: 17.443 GC heap before
{Heap before GC invocations=40 (full 0):
 garbage-first heap   total 139264K, used 108395K [0x0000000080000000, 0x0000000100000000)
  region size 1024K, 32 young (32768K), 3 survivors (3072K)
 Metaspace       used 85453K, capacity 87618K, committed 89040K, reserved 1126400K
  class space    used 10844K, capacity 11691K, committed 12160K, reserved 1048576K
}
Event: 17.453 GC heap after
{Heap after GC invocations=41 (full 0):
 garbage-first heap   total 139264K, used 97195K [0x0000000080000000, 0x0000000100000000)
  region size 1024K, 4 young (4096K), 4 survivors (4096K)
 Metaspace       used 85453K, capacity 87618K, committed 89040K, reserved 1126400K
  class space    used 10844K, capacity 11691K, committed 12160K, reserved 1048576K
}
Event: 17.553 GC heap before
{Heap before GC invocations=41 (full 0):
 garbage-first heap   total 139264K, used 111531K [0x0000000080000000, 0x0000000100000000)
  region size 1024K, 18 young (18432K), 4 survivors (4096K)
 Metaspace       used 85606K, capacity 87780K, committed 89040K, reserved 1126400K
  class space    used 10864K, capacity 11724K, committed 12160K, reserved 1048576K
}
Event: 17.566 GC heap after
{Heap after GC invocations=42 (full 0):
 garbage-first heap   total 167936K, used 104972K [0x0000000080000000, 0x0000000100000000)
  region size 1024K, 3 young (3072K), 3 survivors (3072K)
 Metaspace       used 85606K, capacity 87780K, committed 89040K, reserved 1126400K
  class space    used 10864K, capacity 11724K, committed 12160K, reserved 1048576K
}
Event: 18.494 GC heap before
{Heap before GC invocations=43 (full 0):
 garbage-first heap   total 167936K, used 125452K [0x0000000080000000, 0x0000000100000000)
  region size 1024K, 23 young (23552K), 3 survivors (3072K)
 Metaspace       used 86070K, capacity 88343K, committed 89680K, reserved 1126400K
  class space    used 10893K, capacity 11761K, committed 12288K, reserved 1048576K
}
Event: 18.503 GC heap after
{Heap after GC invocations=44 (full 0):
 garbage-first heap   total 167936K, used 107524K [0x0000000080000000, 0x0000000100000000)
  region size 1024K, 3 young (3072K), 3 survivors (3072K)
 Metaspace       used 86070K, capacity 88343K, committed 89680K, reserved 1126400K
  class space    used 10893K, capacity 11761K, committed 12288K, reserved 1048576K
}
Event: 18.692 GC heap before
{Heap before GC invocations=44 (full 0):
 garbage-first heap   total 167936K, used 126980K [0x0000000080000000, 0x0000000100000000)
  region size 1024K, 23 young (23552K), 3 survivors (3072K)
 Metaspace       used 86083K, capacity 88343K, committed 89680K, reserved 1126400K
  class space    used 10893K, capacity 11761K, committed 12288K, reserved 1048576K
}
Event: 18.702 GC heap after
{Heap after GC invocations=45 (full 0):
 garbage-first heap   total 167936K, used 119808K [0x0000000080000000, 0x0000000100000000)
  region size 1024K, 3 young (3072K), 3 survivors (3072K)
 Metaspace       used 86083K, capacity 88343K, committed 89680K, reserved 1126400K
  class space    used 10893K, capacity 11761K, committed 12288K, reserved 1048576K
}
Event: 18.876 GC heap before
{Heap before GC invocations=46 (full 0):
 garbage-first heap   total 167936K, used 132096K [0x0000000080000000, 0x0000000100000000)
  region size 1024K, 17 young (17408K), 3 survivors (3072K)
 Metaspace       used 86113K, capacity 88343K, committed 89680K, reserved 1126400K
  class space    used 10893K, capacity 11761K, committed 12288K, reserved 1048576K
}
Event: 18.881 GC heap after
{Heap after GC invocations=47 (full 0):
 garbage-first heap   total 167936K, used 125113K [0x0000000080000000, 0x0000000100000000)
  region size 1024K, 3 young (3072K), 3 survivors (3072K)
 Metaspace       used 86113K, capacity 88343K, committed 89680K, reserved 1126400K
  class space    used 10893K, capacity 11761K, committed 12288K, reserved 1048576K
}
Event: 19.061 GC heap before
{Heap before GC invocations=47 (full 0):
 garbage-first heap   total 167936K, used 135353K [0x0000000080000000, 0x0000000100000000)
  region size 1024K, 14 young (14336K), 3 survivors (3072K)
 Metaspace       used 86194K, capacity 88471K, committed 89936K, reserved 1126400K
  class space    used 10893K, capacity 11761K, committed 12288K, reserved 1048576K
}

Deoptimization events (20 events):
Event: 18.804 Thread 0x00000231a8cd2000 DEOPT PACKING pc=0x000002318804b5b9 sp=0x0000008fef1f96f0
Event: 18.804 Thread 0x00000231a8cd2000 DEOPT UNPACKING pc=0x000002318662a95e sp=0x0000008fef1f8b50 mode 0
Event: 18.805 Thread 0x00000231a8cd2000 Uncommon trap: trap_request=0xffffff4d fr.pc=0x000002318e276534 relative=0x0000000000000474
Event: 18.805 Thread 0x00000231a8cd2000 Uncommon trap: reason=unstable_if action=reinterpret pc=0x000002318e276534 method=java.lang.StringUTF16.compress([CII)[B @ 13 c2
Event: 18.805 Thread 0x00000231a8cd2000 DEOPT PACKING pc=0x000002318e276534 sp=0x0000008fef1f96d0
Event: 18.805 Thread 0x00000231a8cd2000 DEOPT UNPACKING pc=0x000002318662a1af sp=0x0000008fef1f95b8 mode 2
Event: 18.825 Thread 0x00000231a8cd2000 DEOPT PACKING pc=0x000002318804dd13 sp=0x0000008fef1f9260
Event: 18.825 Thread 0x00000231a8cd2000 DEOPT UNPACKING pc=0x000002318662a95e sp=0x0000008fef1f8738 mode 0
Event: 18.834 Thread 0x00000231a8cd2000 DEOPT PACKING pc=0x000002318804dd13 sp=0x0000008fef1f9260
Event: 18.834 Thread 0x00000231a8cd2000 DEOPT UNPACKING pc=0x000002318662a95e sp=0x0000008fef1f8738 mode 0
Event: 18.836 Thread 0x00000231a8cd2000 DEOPT PACKING pc=0x00000231880456ea sp=0x0000008fef1f99a0
Event: 18.836 Thread 0x00000231a8cd2000 DEOPT UNPACKING pc=0x000002318662a95e sp=0x0000008fef1f8ec0 mode 0
Event: 18.843 Thread 0x00000231a8cd2000 DEOPT PACKING pc=0x00000231880456ea sp=0x0000008fef1f99a0
Event: 18.843 Thread 0x00000231a8cd2000 DEOPT UNPACKING pc=0x000002318662a95e sp=0x0000008fef1f8ec0 mode 0
Event: 18.851 Thread 0x00000231a8cd2000 DEOPT PACKING pc=0x00000231880456ea sp=0x0000008fef1f99a0
Event: 18.851 Thread 0x00000231a8cd2000 DEOPT UNPACKING pc=0x000002318662a95e sp=0x0000008fef1f8ec0 mode 0
Event: 18.864 Thread 0x00000231a8cd2000 DEOPT PACKING pc=0x0000023188045806 sp=0x0000008fef1f99a0
Event: 18.864 Thread 0x00000231a8cd2000 DEOPT UNPACKING pc=0x000002318662a95e sp=0x0000008fef1f8ec0 mode 0
Event: 18.893 Thread 0x00000231a8cd2000 DEOPT PACKING pc=0x000002318803040e sp=0x0000008fef1fa090
Event: 18.893 Thread 0x00000231a8cd2000 DEOPT UNPACKING pc=0x000002318662a95e sp=0x0000008fef1f9608 mode 0

Classes redefined (0 events):
No events

Internal exceptions (20 events):
Event: 14.982 Thread 0x00000231a1f46000 Exception <a 'java/lang/NoSuchMethodError'{0x000000008682fb80}: 'java.lang.Object java.lang.invoke.DirectMethodHandle$Holder.invokeSpecialIFC(java.lang.Object, java.lang.Object, java.lang.Object)'> (0x000000008682fb80) thrown at [./src/hotspot/share/interpreter/linkResolver.cpp, line 773]
Event: 14.982 Thread 0x00000231a1f41000 Exception <a 'java/lang/NoSuchMethodError'{0x0000000086848600}: 'java.lang.Object java.lang.invoke.DirectMethodHandle$Holder.invokeSpecialIFC(java.lang.Object, java.lang.Object, java.lang.Object)'> (0x0000000086848600) thrown at [./src/hotspot/share/interpreter/linkResolver.cpp, line 773]
Event: 14.982 Thread 0x00000231a1f7f000 Exception <a 'java/lang/NoSuchMethodError'{0x0000000086814b48}: 'java.lang.Object java.lang.invoke.DirectMethodHandle$Holder.invokeSpecialIFC(java.lang.Object, java.lang.Object, java.lang.Object)'> (0x0000000086814b48) thrown at [./src/hotspot/share/interpreter/linkResolver.cpp, line 773]
Event: 14.982 Thread 0x00000231a2091800 Exception <a 'java/lang/NoSuchMethodError'{0x00000000869f2a60}: 'java.lang.Object java.lang.invoke.DirectMethodHandle$Holder.invokeSpecialIFC(java.lang.Object, java.lang.Object, java.lang.Object)'> (0x00000000869f2a60) thrown at [./src/hotspot/share/interpreter/linkResolver.cpp, line 773]
Event: 14.982 Thread 0x00000231a1f42800 Exception <a 'java/lang/NoSuchMethodError'{0x0000000086826770}: 'java.lang.Object java.lang.invoke.DirectMethodHandle$Holder.invokeSpecialIFC(java.lang.Object, java.lang.Object, java.lang.Object)'> (0x0000000086826770) thrown at [./src/hotspot/share/interpreter/linkResolver.cpp, line 773]
Event: 14.982 Thread 0x00000231a2096000 Exception <a 'java/lang/NoSuchMethodError'{0x00000000869f9160}: 'java.lang.Object java.lang.invoke.DirectMethodHandle$Holder.invokeSpecialIFC(java.lang.Object, java.lang.Object, java.lang.Object)'> (0x00000000869f9160) thrown at [./src/hotspot/share/interpreter/linkResolver.cpp, line 773]
Event: 14.982 Thread 0x00000231a1f40800 Exception <a 'java/lang/NoSuchMethodError'{0x000000008681df60}: 'java.lang.Object java.lang.invoke.DirectMethodHandle$Holder.invokeSpecialIFC(java.lang.Object, java.lang.Object, java.lang.Object)'> (0x000000008681df60) thrown at [./src/hotspot/share/interpreter/linkResolver.cpp, line 773]
Event: 14.982 Thread 0x00000231a1f47000 Exception <a 'java/lang/NoSuchMethodError'{0x00000000869ea500}: 'java.lang.Object java.lang.invoke.DirectMethodHandle$Holder.invokeSpecialIFC(java.lang.Object, java.lang.Object, java.lang.Object)'> (0x00000000869ea500) thrown at [./src/hotspot/share/interpreter/linkResolver.cpp, line 773]
Event: 15.039 Thread 0x00000231a1f7f000 Exception <a 'java/lang/NoSuchMethodError'{0x000000008632d238}: 'int java.lang.invoke.DirectMethodHandle$Holder.invokeStaticInit(java.lang.Object, java.lang.Object, java.lang.Object, java.lang.Object, java.lang.Object)'> (0x000000008632d238) thrown at [./src/hotspot/share/interpreter/linkResolver.cpp, line 773]
Event: 15.151 Thread 0x00000231a2093800 Exception <a 'java/lang/NoSuchMethodError'{0x0000000085a61998}: 'void java.lang.invoke.DirectMethodHandle$Holder.invokeVirtual(java.lang.Object, java.lang.Object)'> (0x0000000085a61998) thrown at [./src/hotspot/share/interpreter/linkResolver.cpp, line 773]
Event: 15.151 Thread 0x00000231a2096000 Exception <a 'java/lang/NoSuchMethodError'{0x0000000085ddd008}: 'void java.lang.invoke.DirectMethodHandle$Holder.invokeVirtual(java.lang.Object, java.lang.Object)'> (0x0000000085ddd008) thrown at [./src/hotspot/share/interpreter/linkResolver.cpp, line 773]
Event: 15.209 Thread 0x00000231a2093800 Exception <a 'java/lang/NoSuchMethodError'{0x0000000086b3eb30}: 'void java.lang.invoke.DirectMethodHandle$Holder.invokeStatic(java.lang.Object, java.lang.Object, java.lang.Object, java.lang.Object, java.lang.Object, java.lang.Object, java.lang.Object)'> (0x0000000086b3eb30) thrown at [./src/hotspot/share/interpreter/linkResolver.cpp, line 773]
Event: 15.209 Thread 0x00000231a1f7f000 Exception <a 'java/lang/NoSuchMethodError'{0x0000000086b58368}: 'void java.lang.invoke.DirectMethodHandle$Holder.invokeStatic(java.lang.Object, java.lang.Object, java.lang.Object, java.lang.Object, java.lang.Object, java.lang.Object, java.lang.Object)'> (0x0000000086b58368) thrown at [./src/hotspot/share/interpreter/linkResolver.cpp, line 773]
Event: 15.209 Thread 0x00000231a2091800 Exception <a 'java/lang/NoSuchMethodError'{0x0000000086b47d80}: 'void java.lang.invoke.DirectMethodHandle$Holder.invokeStatic(java.lang.Object, java.lang.Object, java.lang.Object, java.lang.Object, java.lang.Object, java.lang.Object, java.lang.Object)'> (0x0000000086b47d80) thrown at [./src/hotspot/share/interpreter/linkResolver.cpp, line 773]
Event: 15.209 Thread 0x00000231a1f42000 Exception <a 'java/lang/NoSuchMethodError'{0x0000000086b66c00}: 'void java.lang.invoke.DirectMethodHandle$Holder.invokeStatic(java.lang.Object, java.lang.Object, java.lang.Object, java.lang.Object, java.lang.Object, java.lang.Object, java.lang.Object)'> (0x0000000086b66c00) thrown at [./src/hotspot/share/interpreter/linkResolver.cpp, line 773]
Event: 15.209 Thread 0x00000231a1f47000 Exception <a 'java/lang/NoSuchMethodError'{0x0000000086b2d540}: 'void java.lang.invoke.DirectMethodHandle$Holder.invokeStatic(java.lang.Object, java.lang.Object, java.lang.Object, java.lang.Object, java.lang.Object, java.lang.Object, java.lang.Object)'> (0x0000000086b2d540) thrown at [./src/hotspot/share/interpreter/linkResolver.cpp, line 773]
Event: 15.209 Thread 0x00000231a2096000 Exception <a 'java/lang/NoSuchMethodError'{0x0000000086b60688}: 'void java.lang.invoke.DirectMethodHandle$Holder.invokeStatic(java.lang.Object, java.lang.Object, java.lang.Object, java.lang.Object, java.lang.Object, java.lang.Object, java.lang.Object)'> (0x0000000086b60688) thrown at [./src/hotspot/share/interpreter/linkResolver.cpp, line 773]
Event: 15.210 Thread 0x00000231a1f42800 Exception <a 'java/lang/NoSuchMethodError'{0x0000000086b774d8}: 'void java.lang.invoke.DirectMethodHandle$Holder.invokeStatic(java.lang.Object, java.lang.Object, java.lang.Object, java.lang.Object, java.lang.Object, java.lang.Object, java.lang.Object)'> (0x0000000086b774d8) thrown at [./src/hotspot/share/interpreter/linkResolver.cpp, line 773]
Event: 17.287 Thread 0x00000231a8cd2000 Implicit null exception at 0x000002318e351984 to 0x000002318e351b7c
Event: 18.400 Thread 0x00000231a8cd2000 Implicit null exception at 0x000002318e549f35 to 0x000002318e54a658

Events (20 events):
Event: 18.084 loading class org/apache/xerces/impl/ExternalSubsetResolver done
Event: 18.085 loading class org/apache/xerces/util/ErrorHandlerWrapper
Event: 18.085 loading class org/apache/xerces/util/ErrorHandlerWrapper done
Event: 18.086 loading class org/apache/xerces/parsers/AbstractSAXParser$LocatorProxy
Event: 18.086 loading class org/apache/xerces/parsers/AbstractSAXParser$LocatorProxy done
Event: 18.087 loading class com/android/utils/PositionXmlParser$Position
Event: 18.087 loading class com/android/utils/PositionXmlParser$Position done
Event: 18.487 Executing VM operation: ICBufferFull
Event: 18.487 Executing VM operation: ICBufferFull done
Event: 18.494 Executing VM operation: G1CollectForAllocation
Event: 18.503 Executing VM operation: G1CollectForAllocation done
Event: 18.692 Executing VM operation: G1CollectForAllocation
Event: 18.703 Executing VM operation: G1CollectForAllocation done
Event: 18.785 Executing VM operation: CGC_Operation
Event: 18.793 Executing VM operation: CGC_Operation done
Event: 18.829 Executing VM operation: CGC_Operation
Event: 18.829 Executing VM operation: CGC_Operation done
Event: 18.875 Executing VM operation: G1CollectForAllocation
Event: 18.881 Executing VM operation: G1CollectForAllocation done
Event: 19.061 Executing VM operation: G1CollectForAllocation


Dynamic libraries:
0x00007ff7c05a0000 - 0x00007ff7c05aa000 	C:\Program Files\Android\Android Studio\jre\bin\java.exe
0x00007ffbcb0c0000 - 0x00007ffbcb2c9000 	C:\Windows\SYSTEM32\ntdll.dll
0x00007ffbc9640000 - 0x00007ffbc96fe000 	C:\Windows\System32\KERNEL32.DLL
0x00007ffbc8800000 - 0x00007ffbc8b83000 	C:\Windows\System32\KERNELBASE.dll
0x00007ffbc8570000 - 0x00007ffbc8681000 	C:\Windows\System32\ucrtbase.dll
0x00007ffbc47b0000 - 0x00007ffbc47c9000 	C:\Program Files\Android\Android Studio\jre\bin\jli.dll
0x00007ffbbf8d0000 - 0x00007ffbbf8e7000 	C:\Program Files\Android\Android Studio\jre\bin\VCRUNTIME140.dll
0x00007ffbcab60000 - 0x00007ffbcad0d000 	C:\Windows\System32\USER32.dll
0x00007ffbc8b90000 - 0x00007ffbc8bb6000 	C:\Windows\System32\win32u.dll
0x00007ffbaba20000 - 0x00007ffbabcc5000 	C:\Windows\WinSxS\amd64_microsoft.windows.common-controls_6595b64144ccf1df_6.0.22000.120_none_9d947278b86cc467\COMCTL32.dll
0x00007ffbcad10000 - 0x00007ffbcad39000 	C:\Windows\System32\GDI32.dll
0x00007ffbc8bc0000 - 0x00007ffbc8cda000 	C:\Windows\System32\gdi32full.dll
0x00007ffbc8ce0000 - 0x00007ffbc8d7d000 	C:\Windows\System32\msvcp_win.dll
0x00007ffbc9b70000 - 0x00007ffbc9c13000 	C:\Windows\System32\msvcrt.dll
0x00007ffbc8fe0000 - 0x00007ffbc9011000 	C:\Windows\System32\IMM32.DLL
0x00007ffbba820000 - 0x00007ffbba8bd000 	C:\Program Files\Android\Android Studio\jre\bin\msvcp140.dll
0x00007ffb70050000 - 0x00007ffb70b52000 	C:\Program Files\Android\Android Studio\jre\bin\server\jvm.dll
0x00007ffbcad40000 - 0x00007ffbcadee000 	C:\Windows\System32\ADVAPI32.dll
0x00007ffbc9e40000 - 0x00007ffbc9ede000 	C:\Windows\System32\sechost.dll
0x00007ffbca8e0000 - 0x00007ffbcaa01000 	C:\Windows\System32\RPCRT4.dll
0x00007ffbc90d0000 - 0x00007ffbc90d8000 	C:\Windows\System32\PSAPI.DLL
0x00007ffbbf870000 - 0x00007ffbbf87a000 	C:\Windows\SYSTEM32\VERSION.dll
0x00007ffbc2850000 - 0x00007ffbc2883000 	C:\Windows\SYSTEM32\WINMM.dll
0x00007ffba1790000 - 0x00007ffba1799000 	C:\Windows\SYSTEM32\WSOCK32.dll
0x00007ffbc90e0000 - 0x00007ffbc914f000 	C:\Windows\System32\ws2_32.DLL
0x00007ffbc75f0000 - 0x00007ffbc7608000 	C:\Windows\SYSTEM32\kernel.appcore.dll
0x00007ffb7f4d0000 - 0x00007ffb7f4e1000 	C:\Program Files\Android\Android Studio\jre\bin\verify.dll
0x00007ffbc6110000 - 0x00007ffbc6331000 	C:\Windows\SYSTEM32\DBGHELP.DLL
0x00007ffbb88a0000 - 0x00007ffbb88d1000 	C:\Windows\SYSTEM32\dbgcore.DLL
0x00007ffbc8eb0000 - 0x00007ffbc8f2f000 	C:\Windows\System32\bcryptPrimitives.dll
0x00007ffb7cc70000 - 0x00007ffb7cc99000 	C:\Program Files\Android\Android Studio\jre\bin\java.dll
0x00007ffb9d260000 - 0x00007ffb9d26b000 	C:\Program Files\Android\Android Studio\jre\bin\jimage.dll
0x00007ffb7bf90000 - 0x00007ffb7bfa8000 	C:\Program Files\Android\Android Studio\jre\bin\zip.dll
0x00007ffbca000000 - 0x00007ffbca7c5000 	C:\Windows\System32\SHELL32.dll
0x00007ffbc6650000 - 0x00007ffbc6eb4000 	C:\Windows\SYSTEM32\windows.storage.dll
0x00007ffbc92c0000 - 0x00007ffbc9636000 	C:\Windows\System32\combase.dll
0x00007ffbc64e0000 - 0x00007ffbc6647000 	C:\Windows\SYSTEM32\wintypes.dll
0x00007ffbca7d0000 - 0x00007ffbca8ba000 	C:\Windows\System32\SHCORE.dll
0x00007ffbc9c20000 - 0x00007ffbc9c7d000 	C:\Windows\System32\shlwapi.dll
0x00007ffbc84a0000 - 0x00007ffbc84c1000 	C:\Windows\SYSTEM32\profapi.dll
0x00007ffb7b570000 - 0x00007ffb7b58a000 	C:\Program Files\Android\Android Studio\jre\bin\net.dll
0x00007ffbc2f20000 - 0x00007ffbc3032000 	C:\Windows\SYSTEM32\WINHTTP.dll
0x00007ffbc7a90000 - 0x00007ffbc7af7000 	C:\Windows\system32\mswsock.dll
0x00007ffb76d30000 - 0x00007ffb76d44000 	C:\Program Files\Android\Android Studio\jre\bin\nio.dll
0x00007ffbaf700000 - 0x00007ffbaf727000 	C:\Users\nraje\.gradle\native\e1d6ef7f7dcc3fd88c89a11ec53ec762bb8ba0a96d01ffa2cd45eb1d1d8dd5c5\windows-amd64\native-platform.dll
0x00007ffba6f00000 - 0x00007ffba7044000 	C:\Users\nraje\.gradle\native\5664cfc778a61ccfe75a443a1ab52a65af34e5dc3c78e0209fed803814484fcb\windows-amd64\native-platform-file-events.dll
0x00007ffb9d130000 - 0x00007ffb9d13a000 	C:\Program Files\Android\Android Studio\jre\bin\management.dll
0x00007ffb994d0000 - 0x00007ffb994dd000 	C:\Program Files\Android\Android Studio\jre\bin\management_ext.dll
0x00007ffbc7cf0000 - 0x00007ffbc7d08000 	C:\Windows\SYSTEM32\CRYPTSP.dll
0x00007ffbc7550000 - 0x00007ffbc7585000 	C:\Windows\system32\rsaenh.dll
0x00007ffbc7b90000 - 0x00007ffbc7bb9000 	C:\Windows\SYSTEM32\USERENV.dll
0x00007ffbc7ed0000 - 0x00007ffbc7ef7000 	C:\Windows\SYSTEM32\bcrypt.dll
0x00007ffbc7ce0000 - 0x00007ffbc7cec000 	C:\Windows\SYSTEM32\CRYPTBASE.dll
0x00007ffbc7110000 - 0x00007ffbc713d000 	C:\Windows\SYSTEM32\IPHLPAPI.DLL
0x00007ffbca8d0000 - 0x00007ffbca8d9000 	C:\Windows\System32\NSI.dll
0x00007ffbc2f00000 - 0x00007ffbc2f19000 	C:\Windows\SYSTEM32\dhcpcsvc6.DLL
0x00007ffbc3560000 - 0x00007ffbc357e000 	C:\Windows\SYSTEM32\dhcpcsvc.DLL
0x00007ffbc7140000 - 0x00007ffbc7228000 	C:\Windows\SYSTEM32\DNSAPI.dll

dbghelp: loaded successfully - version: 4.0.5 - missing functions: none
symbol engine: initialized successfully - sym options: 0x614 - pdb path: .;C:\Program Files\Android\Android Studio\jre\bin;C:\Windows\SYSTEM32;C:\Windows\WinSxS\amd64_microsoft.windows.common-controls_6595b64144ccf1df_6.0.22000.120_none_9d947278b86cc467;C:\Program Files\Android\Android Studio\jre\bin\server;C:\Users\nraje\.gradle\native\e1d6ef7f7dcc3fd88c89a11ec53ec762bb8ba0a96d01ffa2cd45eb1d1d8dd5c5\windows-amd64;C:\Users\nraje\.gradle\native\5664cfc778a61ccfe75a443a1ab52a65af34e5dc3c78e0209fed803814484fcb\windows-amd64

VM Arguments:
jvm_args: --add-opens=java.base/java.util=ALL-UNNAMED --add-opens=java.base/java.lang=ALL-UNNAMED --add-opens=java.base/java.lang.invoke=ALL-UNNAMED --add-opens=java.base/java.util=ALL-UNNAMED --add-opens=java.prefs/java.util.prefs=ALL-UNNAMED --add-opens=java.prefs/java.util.prefs=ALL-UNNAMED --add-opens=java.base/java.nio.charset=ALL-UNNAMED --add-opens=java.base/java.net=ALL-UNNAMED --add-opens=java.base/java.util.concurrent.atomic=ALL-UNNAMED -Xmx2048m -Dfile.encoding=windows-1252 -Duser.country=IN -Duser.language=en -Duser.variant 
java_command: org.gradle.launcher.daemon.bootstrap.GradleDaemon 7.2
java_class_path (initial): C:\Users\nraje\.gradle\wrapper\dists\gradle-7.2-all\260hg96vuh6ex27h9vo47iv4d\gradle-7.2\lib\gradle-launcher-7.2.jar
Launcher Type: SUN_STANDARD

[Global flags]
     intx CICompilerCount                          = 4                                         {product} {ergonomic}
     uint ConcGCThreads                            = 3                                         {product} {ergonomic}
     uint G1ConcRefinementThreads                  = 10                                        {product} {ergonomic}
   size_t G1HeapRegionSize                         = 1048576                                   {product} {ergonomic}
    uintx GCDrainStackTargetSize                   = 64                                        {product} {ergonomic}
   size_t InitialHeapSize                          = 98566144                                  {product} {ergonomic}
   size_t MarkStackSize                            = 4194304                                   {product} {ergonomic}
   size_t MaxHeapSize                              = 2147483648                                {product} {command line}
   size_t MaxNewSize                               = 1287651328                                {product} {ergonomic}
   size_t MinHeapDeltaBytes                        = 1048576                                   {product} {ergonomic}
    uintx NonNMethodCodeHeapSize                   = 5836300                                {pd product} {ergonomic}
    uintx NonProfiledCodeHeapSize                  = 122910970                              {pd product} {ergonomic}
    uintx ProfiledCodeHeapSize                     = 122910970                              {pd product} {ergonomic}
    uintx ReservedCodeCacheSize                    = 251658240                              {pd product} {ergonomic}
     bool SegmentedCodeCache                       = true                                      {product} {ergonomic}
     bool UseCompressedClassPointers               = true                                 {lp64_product} {ergonomic}
     bool UseCompressedOops                        = true                                 {lp64_product} {ergonomic}
     bool UseG1GC                                  = true                                      {product} {ergonomic}
     bool UseLargePagesIndividualAllocation        = false                                  {pd product} {ergonomic}

Logging:
Log output configuration:
 #0: stdout all=warning uptime,level,tags
 #1: stderr all=off uptime,level,tags

Environment Variables:
PATH=C:\Program Files\Common Files\Oracle\Java\javapath;C:\Program Files (x86)\Common Files\Oracle\Java\javapath;C:\Windows\system32;C:\Windows;C:\Windows\System32\Wbem;C:\Windows\System32\WindowsPowerShell\v1.0\;C:\Windows\System32\OpenSSH\;C:\Program Files\Git\cmd;C:\Users\nraje\AppData\Local\Microsoft\WindowsApps\python.exe;C:\Users\nraje\AppData\Local\Microsoft\WindowsApps\python.exe;C:\Users\nraje\AppData\Local\Microsoft\WindowsApps\;C:\Users\nraje\AppData\Local\Microsoft\WindowsApps\;C:\Users\nraje\AppData\Local\Microsoft\WindowsApps;;C:\Users\nraje\AppData\Local\Programs\Microsoft VS Code\bin
USERNAME=nraje
OS=Windows_NT
PROCESSOR_IDENTIFIER=AMD64 Family 23 Model 104 Stepping 1, AuthenticAMD



---------------  S Y S T E M  ---------------

OS: Windows 11 , 64 bit Build 22000 (10.0.22000.1761)
OS uptime: 11 days 4:20 hours

CPU:total 12 (initial active 12) (12 cores per cpu, 2 threads per core) family 23 model 104 stepping 1 microcode 0x0, cmov, cx8, fxsr, mmx, sse, sse2, sse3, ssse3, sse4.1, sse4.2, popcnt, avx, avx2, aes, clmul, mmxext, 3dnowpref, lzcnt, sse4a, ht, tsc, tscinvbit, tscinv, bmi1, bmi2, adx, sha, fma

Memory: 4k page, system-wide physical 6005M (133M free)
TotalPageFile size 24437M (AvailPageFile size 14M)
current process WorkingSet (physical memory assigned to process): 372M, peak: 372M
current process commit charge ("private bytes"): 461M, peak: 494M

vm_info: OpenJDK 64-Bit Server VM (11.0.13+0-b1751.21-8125866) for windows-amd64 JRE (11.0.13+0-b1751.21-8125866), built on Feb  2 2022 03:00:22 by "builder" with MS VC++ 14.0 (VS2015)

END.
